<?xml version="1.0" encoding="UTF-8"?>
<testsuite xmlns:xsi="http://www.w3.org/2001/XMLSchema-instance" xsi:noNamespaceSchemaLocation="https://maven.apache.org/surefire/maven-surefire-plugin/xsd/surefire-test-report-3.0.xsd" version="3.0" name="TestSuite" time="88.939" tests="8" errors="0" skipped="0" failures="0">
  <properties>
    <property name="sun.desktop" value="windows"/>
    <property name="awt.toolkit" value="sun.awt.windows.WToolkit"/>
    <property name="surefire.suiteXmlFiles" value="src/test/resources/test-suites/RegressionTest.xml"/>
    <property name="file.encoding.pkg" value="sun.io"/>
    <property name="java.specification.version" value="1.8"/>
    <property name="sun.cpu.isalist" value="amd64"/>
    <property name="sun.jnu.encoding" value="Cp1252"/>
    <property name="java.class.path" value="F:\Java-Mobile-Automation\FirstAppiumProject\target\test-classes;F:\Java-Mobile-Automation\FirstAppiumProject\target\classes;C:\Users\tungh\.m2\repository\io\appium\java-client\7.6.0\java-client-7.6.0.jar;C:\Users\tungh\.m2\repository\org\seleniumhq\selenium\selenium-java\3.141.59\selenium-java-3.141.59.jar;C:\Users\tungh\.m2\repository\org\seleniumhq\selenium\selenium-chrome-driver\3.141.59\selenium-chrome-driver-3.141.59.jar;C:\Users\tungh\.m2\repository\org\seleniumhq\selenium\selenium-edge-driver\3.141.59\selenium-edge-driver-3.141.59.jar;C:\Users\tungh\.m2\repository\org\seleniumhq\selenium\selenium-firefox-driver\3.141.59\selenium-firefox-driver-3.141.59.jar;C:\Users\tungh\.m2\repository\org\seleniumhq\selenium\selenium-ie-driver\3.141.59\selenium-ie-driver-3.141.59.jar;C:\Users\tungh\.m2\repository\org\seleniumhq\selenium\selenium-opera-driver\3.141.59\selenium-opera-driver-3.141.59.jar;C:\Users\tungh\.m2\repository\org\seleniumhq\selenium\selenium-remote-driver\3.141.59\selenium-remote-driver-3.141.59.jar;C:\Users\tungh\.m2\repository\org\seleniumhq\selenium\selenium-safari-driver\3.141.59\selenium-safari-driver-3.141.59.jar;C:\Users\tungh\.m2\repository\net\bytebuddy\byte-buddy\1.8.15\byte-buddy-1.8.15.jar;C:\Users\tungh\.m2\repository\org\apache\commons\commons-exec\1.3\commons-exec-1.3.jar;C:\Users\tungh\.m2\repository\com\google\guava\guava\25.0-jre\guava-25.0-jre.jar;C:\Users\tungh\.m2\repository\com\google\code\findbugs\jsr305\1.3.9\jsr305-1.3.9.jar;C:\Users\tungh\.m2\repository\org\checkerframework\checker-compat-qual\2.0.0\checker-compat-qual-2.0.0.jar;C:\Users\tungh\.m2\repository\com\google\errorprone\error_prone_annotations\2.1.3\error_prone_annotations-2.1.3.jar;C:\Users\tungh\.m2\repository\com\google\j2objc\j2objc-annotations\1.1\j2objc-annotations-1.1.jar;C:\Users\tungh\.m2\repository\org\codehaus\mojo\animal-sniffer-annotations\1.14\animal-sniffer-annotations-1.14.jar;C:\Users\tungh\.m2\repository\com\squareup\okhttp3\okhttp\3.11.0\okhttp-3.11.0.jar;C:\Users\tungh\.m2\repository\com\squareup\okio\okio\1.14.0\okio-1.14.0.jar;C:\Users\tungh\.m2\repository\org\seleniumhq\selenium\selenium-support\3.141.59\selenium-support-3.141.59.jar;C:\Users\tungh\.m2\repository\org\seleniumhq\selenium\selenium-api\3.141.59\selenium-api-3.141.59.jar;C:\Users\tungh\.m2\repository\org\apache\httpcomponents\httpclient\4.5.13\httpclient-4.5.13.jar;C:\Users\tungh\.m2\repository\org\apache\httpcomponents\httpcore\4.4.13\httpcore-4.4.13.jar;C:\Users\tungh\.m2\repository\commons-logging\commons-logging\1.2\commons-logging-1.2.jar;C:\Users\tungh\.m2\repository\commons-codec\commons-codec\1.11\commons-codec-1.11.jar;C:\Users\tungh\.m2\repository\cglib\cglib\3.3.0\cglib-3.3.0.jar;C:\Users\tungh\.m2\repository\org\ow2\asm\asm\7.1\asm-7.1.jar;C:\Users\tungh\.m2\repository\commons-validator\commons-validator\1.7\commons-validator-1.7.jar;C:\Users\tungh\.m2\repository\commons-beanutils\commons-beanutils\1.9.4\commons-beanutils-1.9.4.jar;C:\Users\tungh\.m2\repository\commons-digester\commons-digester\2.1\commons-digester-2.1.jar;C:\Users\tungh\.m2\repository\commons-collections\commons-collections\3.2.2\commons-collections-3.2.2.jar;C:\Users\tungh\.m2\repository\org\apache\commons\commons-lang3\3.12.0\commons-lang3-3.12.0.jar;C:\Users\tungh\.m2\repository\org\springframework\spring-context\5.3.10\spring-context-5.3.10.jar;C:\Users\tungh\.m2\repository\org\springframework\spring-aop\5.3.10\spring-aop-5.3.10.jar;C:\Users\tungh\.m2\repository\org\springframework\spring-beans\5.3.10\spring-beans-5.3.10.jar;C:\Users\tungh\.m2\repository\org\springframework\spring-core\5.3.10\spring-core-5.3.10.jar;C:\Users\tungh\.m2\repository\org\springframework\spring-jcl\5.3.10\spring-jcl-5.3.10.jar;C:\Users\tungh\.m2\repository\org\springframework\spring-expression\5.3.10\spring-expression-5.3.10.jar;C:\Users\tungh\.m2\repository\org\slf4j\slf4j-api\1.7.32\slf4j-api-1.7.32.jar;C:\Users\tungh\.m2\repository\org\testng\testng\7.4.0\testng-7.4.0.jar;C:\Users\tungh\.m2\repository\com\beust\jcommander\1.78\jcommander-1.78.jar;C:\Users\tungh\.m2\repository\org\webjars\jquery\3.5.1\jquery-3.5.1.jar;C:\Users\tungh\.m2\repository\org\json\json\20210307\json-20210307.jar;C:\Users\tungh\.m2\repository\com\google\code\gson\gson\2.8.9\gson-2.8.9.jar;C:\Users\tungh\.m2\repository\commons-io\commons-io\2.11.0\commons-io-2.11.0.jar;C:\Users\tungh\.m2\repository\io\qameta\allure\allure-testng\2.17.0\allure-testng-2.17.0.jar;C:\Users\tungh\.m2\repository\io\qameta\allure\allure-java-commons\2.17.0\allure-java-commons-2.17.0.jar;C:\Users\tungh\.m2\repository\io\qameta\allure\allure-model\2.17.0\allure-model-2.17.0.jar;C:\Users\tungh\.m2\repository\io\qameta\allure\allure-test-filter\2.17.0\allure-test-filter-2.17.0.jar;C:\Users\tungh\.m2\repository\org\aspectj\aspectjweaver\1.9.6\aspectjweaver-1.9.6.jar;"/>
    <property name="java.vm.vendor" value="Oracle Corporation"/>
    <property name="sun.arch.data.model" value="64"/>
    <property name="user.variant" value=""/>
    <property name="java.vendor.url" value="http://java.oracle.com/"/>
    <property name="user.timezone" value="Asia/Bangkok"/>
    <property name="java.vm.specification.version" value="1.8"/>
    <property name="os.name" value="Windows 10"/>
    <property name="user.country" value="US"/>
    <property name="sun.java.launcher" value="SUN_STANDARD"/>
    <property name="sun.boot.library.path" value="C:\Program Files\Java\jdk1.8.0_181\jre\bin"/>
    <property name="sun.java.command" value="C:\Users\tungh\AppData\Local\Temp\surefire3025212475208883325\surefirebooter8773577839302436500.jar C:\Users\tungh\AppData\Local\Temp\surefire3025212475208883325 2021-12-07T03-32-43_081-jvmRun1 surefire4373656278804191738tmp surefire_06486814392509333906tmp"/>
    <property name="surefire.test.class.path" value="F:\Java-Mobile-Automation\FirstAppiumProject\target\test-classes;F:\Java-Mobile-Automation\FirstAppiumProject\target\classes;C:\Users\tungh\.m2\repository\io\appium\java-client\7.6.0\java-client-7.6.0.jar;C:\Users\tungh\.m2\repository\org\seleniumhq\selenium\selenium-java\3.141.59\selenium-java-3.141.59.jar;C:\Users\tungh\.m2\repository\org\seleniumhq\selenium\selenium-chrome-driver\3.141.59\selenium-chrome-driver-3.141.59.jar;C:\Users\tungh\.m2\repository\org\seleniumhq\selenium\selenium-edge-driver\3.141.59\selenium-edge-driver-3.141.59.jar;C:\Users\tungh\.m2\repository\org\seleniumhq\selenium\selenium-firefox-driver\3.141.59\selenium-firefox-driver-3.141.59.jar;C:\Users\tungh\.m2\repository\org\seleniumhq\selenium\selenium-ie-driver\3.141.59\selenium-ie-driver-3.141.59.jar;C:\Users\tungh\.m2\repository\org\seleniumhq\selenium\selenium-opera-driver\3.141.59\selenium-opera-driver-3.141.59.jar;C:\Users\tungh\.m2\repository\org\seleniumhq\selenium\selenium-remote-driver\3.141.59\selenium-remote-driver-3.141.59.jar;C:\Users\tungh\.m2\repository\org\seleniumhq\selenium\selenium-safari-driver\3.141.59\selenium-safari-driver-3.141.59.jar;C:\Users\tungh\.m2\repository\net\bytebuddy\byte-buddy\1.8.15\byte-buddy-1.8.15.jar;C:\Users\tungh\.m2\repository\org\apache\commons\commons-exec\1.3\commons-exec-1.3.jar;C:\Users\tungh\.m2\repository\com\google\guava\guava\25.0-jre\guava-25.0-jre.jar;C:\Users\tungh\.m2\repository\com\google\code\findbugs\jsr305\1.3.9\jsr305-1.3.9.jar;C:\Users\tungh\.m2\repository\org\checkerframework\checker-compat-qual\2.0.0\checker-compat-qual-2.0.0.jar;C:\Users\tungh\.m2\repository\com\google\errorprone\error_prone_annotations\2.1.3\error_prone_annotations-2.1.3.jar;C:\Users\tungh\.m2\repository\com\google\j2objc\j2objc-annotations\1.1\j2objc-annotations-1.1.jar;C:\Users\tungh\.m2\repository\org\codehaus\mojo\animal-sniffer-annotations\1.14\animal-sniffer-annotations-1.14.jar;C:\Users\tungh\.m2\repository\com\squareup\okhttp3\okhttp\3.11.0\okhttp-3.11.0.jar;C:\Users\tungh\.m2\repository\com\squareup\okio\okio\1.14.0\okio-1.14.0.jar;C:\Users\tungh\.m2\repository\org\seleniumhq\selenium\selenium-support\3.141.59\selenium-support-3.141.59.jar;C:\Users\tungh\.m2\repository\org\seleniumhq\selenium\selenium-api\3.141.59\selenium-api-3.141.59.jar;C:\Users\tungh\.m2\repository\org\apache\httpcomponents\httpclient\4.5.13\httpclient-4.5.13.jar;C:\Users\tungh\.m2\repository\org\apache\httpcomponents\httpcore\4.4.13\httpcore-4.4.13.jar;C:\Users\tungh\.m2\repository\commons-logging\commons-logging\1.2\commons-logging-1.2.jar;C:\Users\tungh\.m2\repository\commons-codec\commons-codec\1.11\commons-codec-1.11.jar;C:\Users\tungh\.m2\repository\cglib\cglib\3.3.0\cglib-3.3.0.jar;C:\Users\tungh\.m2\repository\org\ow2\asm\asm\7.1\asm-7.1.jar;C:\Users\tungh\.m2\repository\commons-validator\commons-validator\1.7\commons-validator-1.7.jar;C:\Users\tungh\.m2\repository\commons-beanutils\commons-beanutils\1.9.4\commons-beanutils-1.9.4.jar;C:\Users\tungh\.m2\repository\commons-digester\commons-digester\2.1\commons-digester-2.1.jar;C:\Users\tungh\.m2\repository\commons-collections\commons-collections\3.2.2\commons-collections-3.2.2.jar;C:\Users\tungh\.m2\repository\org\apache\commons\commons-lang3\3.12.0\commons-lang3-3.12.0.jar;C:\Users\tungh\.m2\repository\org\springframework\spring-context\5.3.10\spring-context-5.3.10.jar;C:\Users\tungh\.m2\repository\org\springframework\spring-aop\5.3.10\spring-aop-5.3.10.jar;C:\Users\tungh\.m2\repository\org\springframework\spring-beans\5.3.10\spring-beans-5.3.10.jar;C:\Users\tungh\.m2\repository\org\springframework\spring-core\5.3.10\spring-core-5.3.10.jar;C:\Users\tungh\.m2\repository\org\springframework\spring-jcl\5.3.10\spring-jcl-5.3.10.jar;C:\Users\tungh\.m2\repository\org\springframework\spring-expression\5.3.10\spring-expression-5.3.10.jar;C:\Users\tungh\.m2\repository\org\slf4j\slf4j-api\1.7.32\slf4j-api-1.7.32.jar;C:\Users\tungh\.m2\repository\org\testng\testng\7.4.0\testng-7.4.0.jar;C:\Users\tungh\.m2\repository\com\beust\jcommander\1.78\jcommander-1.78.jar;C:\Users\tungh\.m2\repository\org\webjars\jquery\3.5.1\jquery-3.5.1.jar;C:\Users\tungh\.m2\repository\org\json\json\20210307\json-20210307.jar;C:\Users\tungh\.m2\repository\com\google\code\gson\gson\2.8.9\gson-2.8.9.jar;C:\Users\tungh\.m2\repository\commons-io\commons-io\2.11.0\commons-io-2.11.0.jar;C:\Users\tungh\.m2\repository\io\qameta\allure\allure-testng\2.17.0\allure-testng-2.17.0.jar;C:\Users\tungh\.m2\repository\io\qameta\allure\allure-java-commons\2.17.0\allure-java-commons-2.17.0.jar;C:\Users\tungh\.m2\repository\io\qameta\allure\allure-model\2.17.0\allure-model-2.17.0.jar;C:\Users\tungh\.m2\repository\io\qameta\allure\allure-test-filter\2.17.0\allure-test-filter-2.17.0.jar;C:\Users\tungh\.m2\repository\org\aspectj\aspectjweaver\1.9.6\aspectjweaver-1.9.6.jar;"/>
    <property name="sun.cpu.endian" value="little"/>
    <property name="user.home" value="C:\Users\tungh"/>
    <property name="user.language" value="en"/>
    <property name="java.specification.vendor" value="Oracle Corporation"/>
    <property name="java.home" value="C:\Program Files\Java\jdk1.8.0_181\jre"/>
    <property name="basedir" value="F:\Java-Mobile-Automation\FirstAppiumProject"/>
    <property name="file.separator" value="\"/>
    <property name="line.separator" value="&#10;"/>
    <property name="java.vm.specification.vendor" value="Oracle Corporation"/>
    <property name="java.specification.name" value="Java Platform API Specification"/>
    <property name="java.awt.graphicsenv" value="sun.awt.Win32GraphicsEnvironment"/>
    <property name="surefire.real.class.path" value="C:\Users\tungh\AppData\Local\Temp\surefire3025212475208883325\surefirebooter8773577839302436500.jar;C:\Users\tungh\.m2\repository/org/aspectj/aspectjweaver/1.9.6/aspectjweaver-1.9.6.jar"/>
    <property name="sun.boot.class.path" value="C:\Program Files\Java\jdk1.8.0_181\jre\lib\resources.jar;C:\Program Files\Java\jdk1.8.0_181\jre\lib\rt.jar;C:\Program Files\Java\jdk1.8.0_181\jre\lib\sunrsasign.jar;C:\Program Files\Java\jdk1.8.0_181\jre\lib\jsse.jar;C:\Program Files\Java\jdk1.8.0_181\jre\lib\jce.jar;C:\Program Files\Java\jdk1.8.0_181\jre\lib\charsets.jar;C:\Program Files\Java\jdk1.8.0_181\jre\lib\jfr.jar;C:\Program Files\Java\jdk1.8.0_181\jre\classes"/>
    <property name="user.script" value=""/>
    <property name="sun.management.compiler" value="HotSpot 64-Bit Tiered Compilers"/>
    <property name="java.runtime.version" value="1.8.0_181-b13"/>
    <property name="user.name" value="tungh"/>
    <property name="path.separator" value=";"/>
    <property name="os.version" value="10.0"/>
    <property name="java.endorsed.dirs" value="C:\Program Files\Java\jdk1.8.0_181\jre\lib\endorsed"/>
    <property name="java.runtime.name" value="Java(TM) SE Runtime Environment"/>
    <property name="file.encoding" value="Cp1252"/>
    <property name="java.vm.name" value="Java HotSpot(TM) 64-Bit Server VM"/>
    <property name="localRepository" value="C:\Users\tungh\.m2\repository"/>
    <property name="java.vendor.url.bug" value="http://bugreport.sun.com/bugreport/"/>
    <property name="java.io.tmpdir" value="C:\Users\tungh\AppData\Local\Temp\"/>
    <property name="java.version" value="1.8.0_181"/>
    <property name="user.dir" value="F:\Java-Mobile-Automation\FirstAppiumProject"/>
    <property name="os.arch" value="amd64"/>
    <property name="java.vm.specification.name" value="Java Virtual Machine Specification"/>
    <property name="java.awt.printerjob" value="sun.awt.windows.WPrinterJob"/>
    <property name="sun.os.patch.level" value=""/>
    <property name="java.library.path" value="C:\Program Files\Java\jdk1.8.0_181\jre\bin;C:\WINDOWS\Sun\Java\bin;C:\WINDOWS\system32;C:\WINDOWS;C:\Users\tungh\bin;C:\Program Files\Git\mingw64\bin;C:\Program Files\Git\usr\local\bin;C:\Program Files\Git\usr\bin;C:\Program Files\Git\usr\bin;C:\Program Files\Git\mingw64\bin;C:\Program Files\Git\usr\bin;C:\Users\tungh\bin;C:\Program Files (x86)\VMware\VMware Workstation\bin;C:\Python310\Scripts;C:\Python310;C:\Program Files (x86)\Common Files\Oracle\Java\javapath;C:\Program Files (x86)\Razer Chroma SDK\bin;C:\Program Files\Razer Chroma SDK\bin;C:\apache-maven-3.8.1\bin;C:\Program Files\Python;C:\Program Files\Python\Scripts;C:\Windows\system32;C:\Users\tungh\AppData\Roaming\Python\Python39\Scripts;C:\Windows;C:\Windows\System32\Wbem;C:\Windows\System32\WindowsPowerShell\v1.0;C:\Windows\System32\OpenSSH;C:\Program Files (x86)\NVIDIA Corporation\PhysX\Common;C:\Program Files\NVIDIA Corporation\NVIDIA NvDLISR;C:\Program Files\Microsoft SQL Server\130\Tools\Binn;C:\Program Files\Microsoft SQL Server\Client SDK\ODBC\170\Tools\Binn;C:\Windows\system32\config\systemprofile\AppData\Local\Microsoft\WindowsApps;C:\Program Files (x86)\Razer\ChromaBroadcast\bin;C:\Program Files\Razer\ChromaBroadcast\bin;C:\Users\tungh\AppData\Local\Microsoft\WindowsApps;C:\Users\tungh\AppData\Local\Programs\Microsoft VS Code\bin;C:\Users\tungh\.dotnet\tools;C:\Program Files\JetBrains\PyCharm Community Edition 2021.1\bin;C:\Program Files\dotnet;C:\Program Files (x86)\dotnet;C:\Program Files\Java\jdk1.8.0_181\bin;C:\Program Files\Java\scripts;C:\WINDOWS\system32;C:\WINDOWS;C:\WINDOWS\System32\Wbem;C:\WINDOWS\System32\WindowsPowerShell\v1.0;C:\WINDOWS\System32\OpenSSH;C:\Gradle\gradle-7.2\bin;C:\Android\sdk\cmdline-tools\tools\bin;C:\Android\sdk\tools\bin;C:\Android\sdk\platform-tools;C:\Android\sdk\emulator;C:\Program Files\nodejs;C:\ProgramData\chocolatey\bin;C:\apache-maven-3.8.3\bin;automation-user;RWoH31Pw6Max;2FVB3DuheKTSjhzSr4zo;C:\Program Files\Git\cmd;C:\Users\tungh\AppData\Local\Programs\Python\Python39-32\Scripts;C:\Users\tungh\AppData\Local\Programs\Python\Python39-32;C:\Users\tungh\AppData\Local\Microsoft\WindowsApps;C:\Users\tungh\AppData\Local\Programs\Microsoft VS Code\bin;C:\Program Files\JetBrains\PyCharm Community Edition 2021.1.3\bin;C:\Users\tungh\.dotnet\tools;C:\Program Files\JetBrains\PhpStorm 2021.2.1\bin;C:\Program Files\heroku\bin;C:\Users\tungh\AppData\Roaming\npm;C:\Program Files\TestProject Agent;C:\Program Files\Git\usr\bin\vendor_perl;C:\Program Files\Git\usr\bin\core_perl;."/>
    <property name="java.vm.info" value="mixed mode"/>
    <property name="java.vendor" value="Oracle Corporation"/>
    <property name="java.vm.version" value="25.181-b13"/>
    <property name="java.ext.dirs" value="C:\Program Files\Java\jdk1.8.0_181\jre\lib\ext;C:\WINDOWS\Sun\Java\lib\ext"/>
    <property name="sun.io.unicode.encoding" value="UnicodeLittle"/>
    <property name="java.class.version" value="52.0"/>
  </properties>
  <testcase name="loginWithInvalidCreds[LoginCreds{username=&apos;Tunghuynh@gmail.com&apos;, password=&apos;1234&apos;}](1)" classname="TestNG.TestLoginPage.LoginTest" time="22.797">
    <system-out><![CDATA[[Configuration] [WARN] Detected a static method [TestNG.BaseTestEx.beforeSuite()]. Static configuration methods can cause  unexpected behavior.
[Configuration] [WARN] Detected a static method [TestNG.BaseTestEx.afterSuite()]. Static configuration methods can cause  unexpected behavior.
[Configuration] [WARN] Detected a static method [TestNG.BaseTestEx.beforeSuite()]. Static configuration methods can cause  unexpected behavior.
[Configuration] [WARN] Detected a static method [TestNG.BaseTestEx.afterSuite()]. Static configuration methods can cause  unexpected behavior.
&amp#27;[35m[Appium]&amp#27;[39m Welcome to Appium v1.22.0
&amp#27;[35m[Appium]&amp#27;[39m Non-default server args:
&amp#27;[35m[Appium]&amp#27;[39m   address: 127.0.0.1
&amp#27;[35m[Appium]&amp#27;[39m   port: 41500
&amp#27;[35m[Appium]&amp#27;[39m   allowInsecure: {
&amp#27;[35m[Appium]&amp#27;[39m     0: chromedriver_autodownload
&amp#27;[35m[Appium]&amp#27;[39m   }
&amp#27;[35m[Appium]&amp#27;[39m Appium REST http interface listener started on 127.0.0.1:41500
&amp#27;[35m[HTTP]&amp#27;[39m &amp#27;[37m-->&amp#27;[39m &amp#27;[37mGET&amp#27;[39m &amp#27;[37m/wd/hub/status&amp#27;[39m
&amp#27;[35m[HTTP]&amp#27;[39m &amp#27;[90m{}&amp#27;[39m
[debug] &amp#27;[35m[GENERIC]&amp#27;[39m Calling AppiumDriver.getStatus() with args: []
[debug] &amp#27;[35m[GENERIC]&amp#27;[39m Responding to client with driver.getStatus() result: {"build":{"version":"1.22.0"}}
&amp#27;[35m[HTTP]&amp#27;[39m &amp#27;[37m<-- GET /wd/hub/status &amp#27;[39m&amp#27;[32m200&amp#27;[39m &amp#27;[90m4 ms - 68&amp#27;[39m
&amp#27;[35m[HTTP]&amp#27;[39m &amp#27;[90m&amp#27;[39m
[debug] &amp#27;[35m[HTTP]&amp#27;[39m Request idempotency key: 7df767b2-1dd7-460a-a00c-6a911d84f072
&amp#27;[35m[HTTP]&amp#27;[39m &amp#27;[37m-->&amp#27;[39m &amp#27;[37mPOST&amp#27;[39m &amp#27;[37m/wd/hub/session&amp#27;[39m
&amp#27;[35m[HTTP]&amp#27;[39m &amp#27;[90m{"desiredCapabilities":{"appActivity":"com.wdiodemoapp.MainActivity","appPackage":"com.wdiodemoapp","avdLaunchTimeout":120000,"newCommandTimeout":120,"automationName":"UiAutomator2","platformName":"Android","udid":"CB5A2BZKHF","deviceName":"Z5 Prem"},"capabilities":{"firstMatch":[{"appium:appActivity":"com.wdiodemoapp.MainActivity","appium:appPackage":"com.wdiodemoapp","appium:automationName":"UiAutomator2","appium:avdLaunchTimeout":120000,"appium:deviceName":"Z5 Prem","appium:newCommandTimeout":120,"platformName":"android","appium:udid":"CB5A2BZKHF"}]}}&amp#27;[39m
[debug] &amp#27;[35m[W3C]&amp#27;[39m Calling AppiumDriver.createSession() with args: [{"appActivity":"com.wdiodemoapp.MainActivity","appPackage":"com.wdiodemoapp","avdLaunchTimeout":120000,"newCommandTimeout":120,"automationName":"UiAutomator2","platformName":"Android","udid":"CB5A2BZKHF","deviceName":"Z5 Prem"},null,{"firstMatch":[{"appium:appActivity":"com.wdiodemoapp.MainActivity","appium:appPackage":"com.wdiodemoapp","appium:automationName":"UiAutomator2","appium:avdLaunchTimeout":120000,"appium:deviceName":"Z5 Prem","appium:newCommandTimeout":120,"platformName":"android","appium:udid":"CB5A2BZKHF"}]}]
[debug] &amp#27;[35m[BaseDriver]&amp#27;[39m Event 'newSessionRequested' logged at 1638822772323 (03:32:52 GMT+0700 (Indochina Time))
&amp#27;[35m[Appium]&amp#27;[39m Appium v1.22.0 creating new AndroidUiautomator2Driver (v1.69.0) session
&amp#27;[35m[Appium]&amp#27;[39m Explicitly enabling use of insecure features:
&amp#27;[35m[Appium]&amp#27;[39m     chromedriver_autodownload
[debug] &amp#27;[35m[BaseDriver]&amp#27;[39m W3C capabilities and MJSONWP desired capabilities were provided
[debug] &amp#27;[35m[BaseDriver]&amp#27;[39m Creating session with W3C capabilities: {
[debug] &amp#27;[35m[BaseDriver]&amp#27;[39m   "alwaysMatch": {
[debug] &amp#27;[35m[BaseDriver]&amp#27;[39m     "platformName": "android",
[debug] &amp#27;[35m[BaseDriver]&amp#27;[39m     "appium:appActivity": "com.wdiodemoapp.MainActivity",
[debug] &amp#27;[35m[BaseDriver]&amp#27;[39m     "appium:appPackage": "com.wdiodemoapp",
[debug] &amp#27;[35m[BaseDriver]&amp#27;[39m     "appium:automationName": "UiAutomator2",
[debug] &amp#27;[35m[BaseDriver]&amp#27;[39m     "appium:avdLaunchTimeout": 120000,
[debug] &amp#27;[35m[BaseDriver]&amp#27;[39m     "appium:deviceName": "Z5 Prem",
[debug] &amp#27;[35m[BaseDriver]&amp#27;[39m     "appium:newCommandTimeout": 120,
[debug] &amp#27;[35m[BaseDriver]&amp#27;[39m     "appium:udid": "CB5A2BZKHF"
[debug] &amp#27;[35m[BaseDriver]&amp#27;[39m   },
[debug] &amp#27;[35m[BaseDriver]&amp#27;[39m   "firstMatch": [
[debug] &amp#27;[35m[BaseDriver]&amp#27;[39m     {}
[debug] &amp#27;[35m[BaseDriver]&amp#27;[39m   ]
[debug] &amp#27;[35m[BaseDriver]&amp#27;[39m }
&amp#27;[35m[BaseDriver]&amp#27;[39m Session created with session id: 8bc46446-73b9-46f3-8673-a9e1e5431af5
&amp#27;[35m[UiAutomator2]&amp#27;[39m Starting 'com.wdiodemoapp' directly on the device
&amp#27;[35m[ADB]&amp#27;[39m Found 1 'build-tools' folders under 'C:\Android\sdk' (newest first):
&amp#27;[35m[ADB]&amp#27;[39m     C:/Android/sdk/build-tools/31.0.0
&amp#27;[35m[ADB]&amp#27;[39m Using 'adb.exe' from 'C:\Android\sdk\platform-tools\adb.exe'
[debug] &amp#27;[35m[ADB]&amp#27;[39m Running 'C:\Android\sdk\platform-tools\adb.exe -P 5037 start-server'
&amp#27;[35m[AndroidDriver]&amp#27;[39m Retrieving device list
[debug] &amp#27;[35m[ADB]&amp#27;[39m Trying to find a connected android device
[debug] &amp#27;[35m[ADB]&amp#27;[39m Getting connected devices
[debug] &amp#27;[35m[ADB]&amp#27;[39m Connected devices: [{"udid":"CB5A2BZKHF","state":"device"}]
&amp#27;[35m[AndroidDriver]&amp#27;[39m Using device: CB5A2BZKHF
&amp#27;[35m[ADB]&amp#27;[39m Using 'adb.exe' from 'C:\Android\sdk\platform-tools\adb.exe'
[debug] &amp#27;[35m[ADB]&amp#27;[39m Running 'C:\Android\sdk\platform-tools\adb.exe -P 5037 start-server'
[debug] &amp#27;[35m[ADB]&amp#27;[39m Setting device id to CB5A2BZKHF
[debug] &amp#27;[35m[ADB]&amp#27;[39m Running 'C:\Android\sdk\platform-tools\adb.exe -P 5037 -s CB5A2BZKHF shell getprop ro.build.version.sdk'
[debug] &amp#27;[35m[ADB]&amp#27;[39m Current device property 'ro.build.version.sdk': 25
[debug] &amp#27;[35m[ADB]&amp#27;[39m Device API level: 25
&amp#27;[35m[AndroidDriver]&amp#27;[39m No app sent in, not parsing package/activity
[debug] &amp#27;[35m[ADB]&amp#27;[39m Running 'C:\Android\sdk\platform-tools\adb.exe -P 5037 -s CB5A2BZKHF wait-for-device'
[debug] &amp#27;[35m[ADB]&amp#27;[39m Running 'C:\Android\sdk\platform-tools\adb.exe -P 5037 -s CB5A2BZKHF shell echo ping'
[debug] &amp#27;[35m[AndroidDriver]&amp#27;[39m Pushing settings apk to device...
[debug] &amp#27;[35m[ADB]&amp#27;[39m Getting install status for io.appium.settings
[debug] &amp#27;[35m[ADB]&amp#27;[39m Running 'C:\Android\sdk\platform-tools\adb.exe -P 5037 -s CB5A2BZKHF shell dumpsys package io.appium.settings'
[debug] &amp#27;[35m[ADB]&amp#27;[39m 'io.appium.settings' is installed
[debug] &amp#27;[35m[ADB]&amp#27;[39m Getting package info for 'io.appium.settings'
[debug] &amp#27;[35m[ADB]&amp#27;[39m Running 'C:\Android\sdk\platform-tools\adb.exe -P 5037 -s CB5A2BZKHF shell dumpsys package io.appium.settings'
[debug] &amp#27;[35m[ADB]&amp#27;[39m The version name of the installed 'io.appium.settings' is greater or equal to the application version name ('3.4.0' >= '3.4.0')
[debug] &amp#27;[35m[ADB]&amp#27;[39m There is no need to install/upgrade 'C:\Users\tungh\AppData\Roaming\npm\node_modules\appium\node_modules\io.appium.settings\apks\settings_apk-debug.apk'
[debug] &amp#27;[35m[ADB]&amp#27;[39m Getting IDs of all 'io.appium.settings' processes
[debug] &amp#27;[35m[ADB]&amp#27;[39m Running 'C:\Android\sdk\platform-tools\adb.exe -P 5037 -s CB5A2BZKHF shell 'pgrep --help; echo $?''
[debug] &amp#27;[35m[ADB]&amp#27;[39m Running 'C:\Android\sdk\platform-tools\adb.exe -P 5037 -s CB5A2BZKHF shell 'pgrep ^appium\\.settings$ || pgrep ^io\\.appium\\.setti$''
[debug] &amp#27;[35m[AndroidDriver]&amp#27;[39m io.appium.settings is already running. There is no need to reset its permissions.
[debug] &amp#27;[35m[ADB]&amp#27;[39m Running 'C:\Android\sdk\platform-tools\adb.exe -P 5037 -s CB5A2BZKHF shell appops set io.appium.settings android:mock_location allow'
[debug] &amp#27;[35m[Logcat]&amp#27;[39m Starting logs capture with command: C:\\Android\\sdk\\platform-tools\\adb.exe -P 5037 -s CB5A2BZKHF logcat -v threadtime
[debug] &amp#27;[35m[UiAutomator2]&amp#27;[39m Forwarding UiAutomator2 Server port 6790 to local port 8204
[debug] &amp#27;[35m[ADB]&amp#27;[39m Forwarding system: 8204 to device: 6790
[debug] &amp#27;[35m[ADB]&amp#27;[39m Running 'C:\Android\sdk\platform-tools\adb.exe -P 5037 -s CB5A2BZKHF forward tcp:8204 tcp:6790'
[debug] &amp#27;[35m[ADB]&amp#27;[39m Getting install status for io.appium.uiautomator2.server
[debug] &amp#27;[35m[ADB]&amp#27;[39m Running 'C:\Android\sdk\platform-tools\adb.exe -P 5037 -s CB5A2BZKHF shell dumpsys package io.appium.uiautomator2.server'
[debug] &amp#27;[35m[ADB]&amp#27;[39m 'io.appium.uiautomator2.server' is installed
[debug] &amp#27;[35m[ADB]&amp#27;[39m Getting package info for 'io.appium.uiautomator2.server'
[debug] &amp#27;[35m[ADB]&amp#27;[39m Running 'C:\Android\sdk\platform-tools\adb.exe -P 5037 -s CB5A2BZKHF shell dumpsys package io.appium.uiautomator2.server'
[debug] &amp#27;[35m[ADB]&amp#27;[39m The version name of the installed 'io.appium.uiautomator2.server' is greater or equal to the application version name ('4.24.0' >= '4.24.0')
[debug] &amp#27;[35m[UiAutomator2]&amp#27;[39m io.appium.uiautomator2.server installation state: sameVersionInstalled
[debug] &amp#27;[35m[ADB]&amp#27;[39m Checking app cert for C:\Users\tungh\AppData\Roaming\npm\node_modules\appium\node_modules\appium-uiautomator2-server\apks\appium-uiautomator2-server-v4.24.0.apk
&amp#27;[35m[ADB]&amp#27;[39m Using 'apksigner.jar' from 'C:\Android\sdk\build-tools\31.0.0\lib\apksigner.jar'
[debug] &amp#27;[35m[ADB]&amp#27;[39m Starting apksigner: 'C:\\Program Files\\Java\\jdk1.8.0_181\\bin\\java.exe' -Xmx1024M -Xss1m -jar C:\\Android\\sdk\\build-tools\\31.0.0\\lib\\apksigner.jar verify --print-certs C:\\Users\\tungh\\AppData\\Roaming\\npm\\node_modules\\appium\\node_modules\\appium-uiautomator2-server\\apks\\appium-uiautomator2-server-v4.24.0.apk
[debug] &amp#27;[35m[ADB]&amp#27;[39m apksigner stdout: Signer #1 certificate DN: EMAILADDRESS=android@android.com, CN=Android, OU=Android, O=Android, L=Mountain View, ST=California, C=US
[debug] &amp#27;[35m[ADB]&amp#27;[39m Signer #1 certificate SHA-256 digest: a40da80a59d170caa950cf15c18c454d47a39b26989d8b640ecd745ba71bf5dc
[debug] &amp#27;[35m[ADB]&amp#27;[39m Signer #1 certificate SHA-1 digest: 61ed377e85d386a8dfee6b864bd85b0bfaa5af81
[debug] &amp#27;[35m[ADB]&amp#27;[39m Signer #1 certificate MD5 digest: e89b158e4bcf988ebd09eb83f5378e87
[debug] &amp#27;[35m[ADB]&amp#27;[39m 
[debug] &amp#27;[35m[ADB]&amp#27;[39m sha256 hash did match for 'appium-uiautomator2-server-v4.24.0.apk'
&amp#27;[35m[ADB]&amp#27;[39m 'C:\Users\tungh\AppData\Roaming\npm\node_modules\appium\node_modules\appium-uiautomator2-server\apks\appium-uiautomator2-server-v4.24.0.apk' is signed with the default certificate
[debug] &amp#27;[35m[ADB]&amp#27;[39m Getting install status for io.appium.uiautomator2.server.test
[debug] &amp#27;[35m[ADB]&amp#27;[39m Running 'C:\Android\sdk\platform-tools\adb.exe -P 5037 -s CB5A2BZKHF shell dumpsys package io.appium.uiautomator2.server.test'
[debug] &amp#27;[35m[ADB]&amp#27;[39m 'io.appium.uiautomator2.server.test' is installed
[debug] &amp#27;[35m[ADB]&amp#27;[39m Checking app cert for C:\Users\tungh\AppData\Roaming\npm\node_modules\appium\node_modules\appium-uiautomator2-server\apks\appium-uiautomator2-server-debug-androidTest.apk
[debug] &amp#27;[35m[ADB]&amp#27;[39m Starting apksigner: 'C:\\Program Files\\Java\\jdk1.8.0_181\\bin\\java.exe' -Xmx1024M -Xss1m -jar C:\\Android\\sdk\\build-tools\\31.0.0\\lib\\apksigner.jar verify --print-certs C:\\Users\\tungh\\AppData\\Roaming\\npm\\node_modules\\appium\\node_modules\\appium-uiautomator2-server\\apks\\appium-uiautomator2-server-debug-androidTest.apk
[debug] &amp#27;[35m[ADB]&amp#27;[39m apksigner stdout: Signer #1 certificate DN: EMAILADDRESS=android@android.com, CN=Android, OU=Android, O=Android, L=Mountain View, ST=California, C=US
[debug] &amp#27;[35m[ADB]&amp#27;[39m Signer #1 certificate SHA-256 digest: a40da80a59d170caa950cf15c18c454d47a39b26989d8b640ecd745ba71bf5dc
[debug] &amp#27;[35m[ADB]&amp#27;[39m Signer #1 certificate SHA-1 digest: 61ed377e85d386a8dfee6b864bd85b0bfaa5af81
[debug] &amp#27;[35m[ADB]&amp#27;[39m Signer #1 certificate MD5 digest: e89b158e4bcf988ebd09eb83f5378e87
[debug] &amp#27;[35m[ADB]&amp#27;[39m 
[debug] &amp#27;[35m[ADB]&amp#27;[39m sha256 hash did match for 'appium-uiautomator2-server-debug-androidTest.apk'
&amp#27;[35m[ADB]&amp#27;[39m 'C:\Users\tungh\AppData\Roaming\npm\node_modules\appium\node_modules\appium-uiautomator2-server\apks\appium-uiautomator2-server-debug-androidTest.apk' is signed with the default certificate
&amp#27;[35m[UiAutomator2]&amp#27;[39m Server packages are not going to be (re)installed
[debug] &amp#27;[35m[UiAutomator2]&amp#27;[39m Waiting up to 30000ms for services to be available
[debug] &amp#27;[35m[ADB]&amp#27;[39m Running 'C:\Android\sdk\platform-tools\adb.exe -P 5037 -s CB5A2BZKHF shell pm list instrumentation'
[debug] &amp#27;[35m[UiAutomator2]&amp#27;[39m Instrumentation target 'io.appium.uiautomator2.server.test/androidx.test.runner.AndroidJUnitRunner' is available
&amp#27;[35m[ADB]&amp#27;[39m Adding packages ["io.appium.settings","io.appium.uiautomator2.server","io.appium.uiautomator2.server.test"] to Doze whitelist
[debug] &amp#27;[35m[ADB]&amp#27;[39m Got the following command chunks to execute: [["dumpsys","deviceidle","whitelist","+io.appium.settings",";","dumpsys","deviceidle","whitelist","+io.appium.uiautomator2.server",";","dumpsys","deviceidle","whitelist","+io.appium.uiautomator2.server.test",";"]]
[debug] &amp#27;[35m[ADB]&amp#27;[39m Running 'C:\Android\sdk\platform-tools\adb.exe -P 5037 -s CB5A2BZKHF shell dumpsys deviceidle whitelist +io.appium.settings ; dumpsys deviceidle whitelist +io.appium.uiautomator2.server ; dumpsys deviceidle whitelist +io.appium.uiautomator2.server.test ;'
[debug] &amp#27;[35m[UiAutomator2]&amp#27;[39m No app capability. Assuming it is already on the device
[debug] &amp#27;[35m[ADB]&amp#27;[39m Getting install status for com.wdiodemoapp
[debug] &amp#27;[35m[ADB]&amp#27;[39m Running 'C:\Android\sdk\platform-tools\adb.exe -P 5037 -s CB5A2BZKHF shell dumpsys package com.wdiodemoapp'
[debug] &amp#27;[35m[ADB]&amp#27;[39m 'com.wdiodemoapp' is installed
[debug] &amp#27;[35m[ADB]&amp#27;[39m Running 'C:\Android\sdk\platform-tools\adb.exe -P 5037 -s CB5A2BZKHF shell am force-stop com.wdiodemoapp'
[debug] &amp#27;[35m[ADB]&amp#27;[39m Running 'C:\Android\sdk\platform-tools\adb.exe -P 5037 -s CB5A2BZKHF shell pm clear com.wdiodemoapp'
[debug] &amp#27;[35m[AndroidDriver]&amp#27;[39m Performed fast reset on the installed 'com.wdiodemoapp' application (stop and clear)
[debug] &amp#27;[35m[UiAutomator2]&amp#27;[39m Performing shallow cleanup of automation leftovers
[debug] &amp#27;[35m[UiAutomator2]&amp#27;[39m No obsolete sessions have been detected (socket hang up)
[debug] &amp#27;[35m[ADB]&amp#27;[39m Running 'C:\Android\sdk\platform-tools\adb.exe -P 5037 -s CB5A2BZKHF shell am force-stop io.appium.uiautomator2.server.test'
&amp#27;[35m[UiAutomator2]&amp#27;[39m Starting UIAutomator2 server 4.24.0
&amp#27;[35m[UiAutomator2]&amp#27;[39m Using UIAutomator2 server from 'C:\Users\tungh\AppData\Roaming\npm\node_modules\appium\node_modules\appium-uiautomator2-server\apks\appium-uiautomator2-server-v4.24.0.apk' and test from 'C:\Users\tungh\AppData\Roaming\npm\node_modules\appium\node_modules\appium-uiautomator2-server\apks\appium-uiautomator2-server-debug-androidTest.apk'
&amp#27;[35m[UiAutomator2]&amp#27;[39m Waiting up to 30000ms for UiAutomator2 to be online...
[debug] &amp#27;[35m[ADB]&amp#27;[39m Creating ADB subprocess with args: ["-P",5037,"-s","CB5A2BZKHF","shell","am","instrument","-w","-e","disableAnalytics",true,"io.appium.uiautomator2.server.test/androidx.test.runner.AndroidJUnitRunner"]
[debug] &amp#27;[35m[WD Proxy]&amp#27;[39m Matched '/status' to command name 'getStatus'
[debug] &amp#27;[35m[WD Proxy]&amp#27;[39m Proxying [GET /status] to [GET http://127.0.0.1:8204/wd/hub/status] with no body
&amp#27;[35m[WD Proxy]&amp#27;[39m socket hang up
[debug] &amp#27;[35m[Instrumentation]&amp#27;[39m io.appium.uiautomator2.server.test.AppiumUiAutomator2Server:
[debug] &amp#27;[35m[WD Proxy]&amp#27;[39m Matched '/status' to command name 'getStatus'
[debug] &amp#27;[35m[WD Proxy]&amp#27;[39m Proxying [GET /status] to [GET http://127.0.0.1:8204/wd/hub/status] with no body
&amp#27;[35m[WD Proxy]&amp#27;[39m socket hang up
[debug] &amp#27;[35m[WD Proxy]&amp#27;[39m Matched '/status' to command name 'getStatus'
[debug] &amp#27;[35m[WD Proxy]&amp#27;[39m Proxying [GET /status] to [GET http://127.0.0.1:8204/wd/hub/status] with no body
[debug] &amp#27;[35m[WD Proxy]&amp#27;[39m Got response with status 200: {"sessionId":"None","value":{"message":"UiAutomator2 Server is ready to accept commands","ready":true}}
[debug] &amp#27;[35m[UiAutomator2]&amp#27;[39m The initialization of the instrumentation process took 2135ms
[debug] &amp#27;[35m[WD Proxy]&amp#27;[39m Matched '/session' to command name 'createSession'
[debug] &amp#27;[35m[WD Proxy]&amp#27;[39m Proxying [POST /session] to [POST http://127.0.0.1:8204/wd/hub/session] with body: {"capabilities":{"firstMatch":[{"platform":"LINUX","webStorageEnabled":false,"takesScreenshot":true,"javascriptEnabled":true,"databaseEnabled":false,"networkConnectionEnabled":true,"locationContextEnabled":false,"warnings":{},"desired":{"platformName":"android","appActivity":"com.wdiodemoapp.MainActivity","appPackage":"com.wdiodemoapp","automationName":"UiAutomator2","avdLaunchTimeout":120000,"deviceName":"Z5 Prem","newCommandTimeout":120,"udid":"CB5A2BZKHF"},"platformName":"android","appActivity":"com.wdiodemoapp.MainActivity","appPackage":"com.wdiodemoapp","automationName":"UiAutomator2","avdLaunchTimeout":120000,"deviceName":"CB5A2BZKHF","newCommandTimeout":120,"udid":"CB5A2BZKHF","deviceUDID":"CB5A2BZKHF"}],"alwaysMatch":{}}}
[debug] &amp#27;[35m[WD Proxy]&amp#27;[39m Got response with status 200: {"sessionId":"1ba6c3f2-83d8-4411-bd70-b85c0b3a5be5","value":{"capabilities":{"firstMatch":[{"platform":"LINUX","webStorageEnabled":false,"takesScreenshot":true,"javascriptEnabled":true,"databaseEnabled":false,"networkConnectionEnabled":true,"locationContextEnabled":false,"warnings":{},"desired":{"platformName":"android","appActivity":"com.wdiodemoapp.MainActivity","appPackage":"com.wdiodemoapp","automationName":"UiAutomator2","avdLaunchTimeout":120000,"deviceName":"Z5 Prem","newCommandTimeout":120,"udid":"CB5A2BZKHF"},"platformName":"android","appActivity":"com.wdiodemoapp.MainActivity","appPackage":"com.wdiodemoapp","automationName":"UiAutomator2","avdLaunchTimeout":120000,"deviceName":"CB5A2BZKHF","newCommandTimeout":120,"udid":"CB5A2BZKHF","deviceUDID":"CB5A2BZKHF"}],"alwaysMatch":{}},"sessionId":"1ba6c3f2-83d8-4411-bd70-b85c0b3a5be5"}}
&amp#27;[35m[WD Proxy]&amp#27;[39m Determined the downstream protocol as 'W3C'
[debug] &amp#27;[35m[WD Proxy]&amp#27;[39m Proxying [GET /appium/device/info] to [GET http://127.0.0.1:8204/wd/hub/session/1ba6c3f2-83d8-4411-bd70-b85c0b3a5be5/appium/device/info] with no body
[debug] &amp#27;[35m[WD Proxy]&amp#27;[39m Got response with status 200: {"sessionId":"1ba6c3f2-83d8-4411-bd70-b85c0b3a5be5","value":{"androidId":"e6c4b50fcb5a1eca","apiVersion":"25","bluetooth":{"state":"ON"},"brand":"Sony","carrierName":"","displayDensity":408,"locale":"en_US","manufacturer":"Sony","model":"E6883","networks":[{"capabilities":{"SSID":null,"linkDownBandwidthKbps":1048576,"linkUpstreamBandwidthKbps":1048576,"networkCapabilities":"NET_CAPABILITY_NOT_METERED,NET_CAPABILITY_NOT_RESTRICTED,NET_CAPABILITY_NOT_VPN,NET_CAPABILITY_NOT_ROAMING,NET_CAPABILITY_INTERNET,NET_CAPABILITY_TRUSTED","signalStrength":-63,"transportTypes":"TRANSPORT_WIFI"},"detailedState":"CONNECTED","extraInfo":"\"Wifi 5G\"","isAvailable":true,"isConnected":true,"isFailover":false,"isRoaming":false,"state":"CONNECTED","subtype":0,"subtypeName":"","type":1,"typeName":"WIFI"}],"platformVersion":"7.1.1","realDisplaySize":"1080x1920","timeZone":"Asia/Saigon"}}
[debug] &amp#27;[35m[ADB]&amp#27;[39m Running 'C:\Android\sdk\platform-tools\adb.exe -P 5037 -s CB5A2BZKHF shell dumpsys window'
&amp#27;[35m[AndroidDriver]&amp#27;[39m Screen already unlocked, doing nothing
&amp#27;[35m[UiAutomator2]&amp#27;[39m Starting 'com.wdiodemoapp/com.wdiodemoapp.MainActivity and waiting for 'com.wdiodemoapp/com.wdiodemoapp.MainActivity'
[debug] &amp#27;[35m[ADB]&amp#27;[39m Running 'C:\Android\sdk\platform-tools\adb.exe -P 5037 -s CB5A2BZKHF shell am start -W -n com.wdiodemoapp/com.wdiodemoapp.MainActivity -S -a android.intent.action.MAIN -c android.intent.category.LAUNCHER -f 0x10200000'
[debug] &amp#27;[35m[WD Proxy]&amp#27;[39m Proxying [GET /appium/device/pixel_ratio] to [GET http://127.0.0.1:8204/wd/hub/session/1ba6c3f2-83d8-4411-bd70-b85c0b3a5be5/appium/device/pixel_ratio] with no body
[debug] &amp#27;[35m[WD Proxy]&amp#27;[39m Got response with status 200: {"sessionId":"1ba6c3f2-83d8-4411-bd70-b85c0b3a5be5","value":2.55}
[debug] &amp#27;[35m[WD Proxy]&amp#27;[39m Matched '/appium/device/system_bars' to command name 'getSystemBars'
[debug] &amp#27;[35m[WD Proxy]&amp#27;[39m Proxying [GET /appium/device/system_bars] to [GET http://127.0.0.1:8204/wd/hub/session/1ba6c3f2-83d8-4411-bd70-b85c0b3a5be5/appium/device/system_bars] with no body
[debug] &amp#27;[35m[WD Proxy]&amp#27;[39m Got response with status 200: {"sessionId":"1ba6c3f2-83d8-4411-bd70-b85c0b3a5be5","value":{"statusBar":61}}
[debug] &amp#27;[35m[WD Proxy]&amp#27;[39m Matched '/window/current/size' to command name 'getWindowSize'
[debug] &amp#27;[35m[WD Proxy]&amp#27;[39m Proxying [GET /window/current/size] to [GET http://127.0.0.1:8204/wd/hub/session/1ba6c3f2-83d8-4411-bd70-b85c0b3a5be5/window/current/size] with no body
[debug] &amp#27;[35m[WD Proxy]&amp#27;[39m Got response with status 200: {"sessionId":"1ba6c3f2-83d8-4411-bd70-b85c0b3a5be5","value":{"height":1798,"width":1080}}
&amp#27;[35m[Appium]&amp#27;[39m New AndroidUiautomator2Driver session created successfully, session 8bc46446-73b9-46f3-8673-a9e1e5431af5 added to master session list
[debug] &amp#27;[35m[BaseDriver]&amp#27;[39m Event 'newSessionStarted' logged at 1638822781151 (03:33:01 GMT+0700 (Indochina Time))
[debug] &amp#27;[35m[W3C (8bc46446)]&amp#27;[39m Cached the protocol value 'W3C' for the new session 8bc46446-73b9-46f3-8673-a9e1e5431af5
[debug] &amp#27;[35m[W3C (8bc46446)]&amp#27;[39m Responding to client with driver.createSession() result: {"capabilities":{"platform":"LINUX","webStorageEnabled":false,"takesScreenshot":true,"javascriptEnabled":true,"databaseEnabled":false,"networkConnectionEnabled":true,"locationContextEnabled":false,"warnings":{},"desired":{"platformName":"android","appActivity":"com.wdiodemoapp.MainActivity","appPackage":"com.wdiodemoapp","automationName":"UiAutomator2","avdLaunchTimeout":120000,"deviceName":"Z5 Prem","newCommandTimeout":120,"udid":"CB5A2BZKHF"},"platformName":"android","appActivity":"com.wdiodemoapp.MainActivity","appPackage":"com.wdiodemoapp","automationName":"UiAutomator2","avdLaunchTimeout":120000,"deviceName":"CB5A2BZKHF","newCommandTimeout":120,"udid":"CB5A2BZKHF","deviceUDID":"CB5A2BZKHF","deviceApiLevel":25,"platformVersion":"7.1.1","deviceScreenSize":"1080x1920","deviceScreenDensity":408,"deviceModel":"E6883","deviceManufacturer":"Sony","pixelRatio":2.55,"statBarHeight":61,"viewportRect":{"left":0,"top":61,"width":1080,"height":1737}}}
&amp#27;[35m[HTTP]&amp#27;[39m &amp#27;[37m<-- POST /wd/hub/session &amp#27;[39m&amp#27;[32m200&amp#27;[39m &amp#27;[90m8831 ms - 1018&amp#27;[39m
&amp#27;[35m[HTTP]&amp#27;[39m &amp#27;[90m&amp#27;[39m
&amp#27;[35m[HTTP]&amp#27;[39m &amp#27;[37m-->&amp#27;[39m &amp#27;[37mPOST&amp#27;[39m &amp#27;[37m/wd/hub/session/8bc46446-73b9-46f3-8673-a9e1e5431af5/timeouts&amp#27;[39m
&amp#27;[35m[HTTP]&amp#27;[39m &amp#27;[90m{"implicit":30000}&amp#27;[39m
[debug] &amp#27;[35m[W3C (8bc46446)]&amp#27;[39m Calling AppiumDriver.timeouts() with args: [null,null,null,null,30000,"8bc46446-73b9-46f3-8673-a9e1e5431af5"]
[debug] &amp#27;[35m[BaseDriver]&amp#27;[39m W3C timeout argument: {"implicit":30000}}
[debug] &amp#27;[35m[BaseDriver]&amp#27;[39m Set implicit wait to 30000ms
[debug] &amp#27;[35m[W3C (8bc46446)]&amp#27;[39m Responding to client with driver.timeouts() result: null
&amp#27;[35m[HTTP]&amp#27;[39m &amp#27;[37m<-- POST /wd/hub/session/8bc46446-73b9-46f3-8673-a9e1e5431af5/timeouts &amp#27;[39m&amp#27;[32m200&amp#27;[39m &amp#27;[90m5 ms - 14&amp#27;[39m
&amp#27;[35m[HTTP]&amp#27;[39m &amp#27;[90m&amp#27;[39m
Session ID: 8bc46446-73b9-46f3-8673-a9e1e5431af5
&amp#27;[35m[HTTP]&amp#27;[39m &amp#27;[37m-->&amp#27;[39m &amp#27;[37mGET&amp#27;[39m &amp#27;[37m/wd/hub/session/8bc46446-73b9-46f3-8673-a9e1e5431af5/context&amp#27;[39m
&amp#27;[35m[HTTP]&amp#27;[39m &amp#27;[90m{}&amp#27;[39m
[debug] &amp#27;[35m[W3C (8bc46446)]&amp#27;[39m Calling AppiumDriver.getCurrentContext() with args: ["8bc46446-73b9-46f3-8673-a9e1e5431af5"]
[debug] &amp#27;[35m[W3C (8bc46446)]&amp#27;[39m Responding to client with driver.getCurrentContext() result: "NATIVE_APP"
&amp#27;[35m[HTTP]&amp#27;[39m &amp#27;[37m<-- GET /wd/hub/session/8bc46446-73b9-46f3-8673-a9e1e5431af5/context &amp#27;[39m&amp#27;[32m200&amp#27;[39m &amp#27;[90m5 ms - 22&amp#27;[39m
&amp#27;[35m[HTTP]&amp#27;[39m &amp#27;[90m&amp#27;[39m
&amp#27;[35m[HTTP]&amp#27;[39m &amp#27;[37m-->&amp#27;[39m &amp#27;[37mPOST&amp#27;[39m &amp#27;[37m/wd/hub/session/8bc46446-73b9-46f3-8673-a9e1e5431af5/element&amp#27;[39m
&amp#27;[35m[HTTP]&amp#27;[39m &amp#27;[90m{"using":"accessibility id","value":"Login"}&amp#27;[39m
[debug] &amp#27;[35m[W3C (8bc46446)]&amp#27;[39m Calling AppiumDriver.findElement() with args: ["accessibility id","Login","8bc46446-73b9-46f3-8673-a9e1e5431af5"]
[debug] &amp#27;[35m[BaseDriver]&amp#27;[39m Valid locator strategies for this request: xpath, id, class name, accessibility id, css selector, -android uiautomator
[debug] &amp#27;[35m[BaseDriver]&amp#27;[39m Waiting up to 30000 ms for condition
[debug] &amp#27;[35m[WD Proxy]&amp#27;[39m Matched '/element' to command name 'findElement'
[debug] &amp#27;[35m[WD Proxy]&amp#27;[39m Proxying [POST /element] to [POST http://127.0.0.1:8204/wd/hub/session/1ba6c3f2-83d8-4411-bd70-b85c0b3a5be5/element] with body: {"strategy":"accessibility id","selector":"Login","context":"","multiple":false}
[debug] &amp#27;[35m[WD Proxy]&amp#27;[39m Got response with status 200: {"sessionId":"1ba6c3f2-83d8-4411-bd70-b85c0b3a5be5","value":{"ELEMENT":"00000000-0000-0136-7fff-ffff00000013","element-6066-11e4-a52e-4f735466cecf":"00000000-0000-0136-7fff-ffff00000013"}}
[debug] &amp#27;[35m[W3C (8bc46446)]&amp#27;[39m Responding to client with driver.findElement() result: {"element-6066-11e4-a52e-4f735466cecf":"00000000-0000-0136-7fff-ffff00000013","ELEMENT":"00000000-0000-0136-7fff-ffff00000013"}
&amp#27;[35m[HTTP]&amp#27;[39m &amp#27;[37m<-- POST /wd/hub/session/8bc46446-73b9-46f3-8673-a9e1e5431af5/element &amp#27;[39m&amp#27;[32m200&amp#27;[39m &amp#27;[90m872 ms - 137&amp#27;[39m
&amp#27;[35m[HTTP]&amp#27;[39m &amp#27;[90m&amp#27;[39m
&amp#27;[35m[HTTP]&amp#27;[39m &amp#27;[37m-->&amp#27;[39m &amp#27;[37mGET&amp#27;[39m &amp#27;[37m/wd/hub/session/8bc46446-73b9-46f3-8673-a9e1e5431af5/element/00000000-0000-0136-7fff-ffff00000013/displayed&amp#27;[39m
&amp#27;[35m[HTTP]&amp#27;[39m &amp#27;[90m{}&amp#27;[39m
[debug] &amp#27;[35m[W3C (8bc46446)]&amp#27;[39m Calling AppiumDriver.elementDisplayed() with args: ["00000000-0000-0136-7fff-ffff00000013","8bc46446-73b9-46f3-8673-a9e1e5431af5"]
[debug] &amp#27;[35m[WD Proxy]&amp#27;[39m Matched '/element/00000000-0000-0136-7fff-ffff00000013/attribute/displayed' to command name 'getAttribute'
[debug] &amp#27;[35m[WD Proxy]&amp#27;[39m Proxying [GET /element/00000000-0000-0136-7fff-ffff00000013/attribute/displayed] to [GET http://127.0.0.1:8204/wd/hub/session/1ba6c3f2-83d8-4411-bd70-b85c0b3a5be5/element/00000000-0000-0136-7fff-ffff00000013/attribute/displayed] with no body
[debug] &amp#27;[35m[WD Proxy]&amp#27;[39m Got response with status 200: {"sessionId":"1ba6c3f2-83d8-4411-bd70-b85c0b3a5be5","value":"true"}
[debug] &amp#27;[35m[W3C (8bc46446)]&amp#27;[39m Responding to client with driver.elementDisplayed() result: true
&amp#27;[35m[HTTP]&amp#27;[39m &amp#27;[37m<-- GET /wd/hub/session/8bc46446-73b9-46f3-8673-a9e1e5431af5/element/00000000-0000-0136-7fff-ffff00000013/displayed &amp#27;[39m&amp#27;[32m200&amp#27;[39m &amp#27;[90m25 ms - 14&amp#27;[39m
&amp#27;[35m[HTTP]&amp#27;[39m &amp#27;[90m&amp#27;[39m
&amp#27;[35m[HTTP]&amp#27;[39m &amp#27;[37m-->&amp#27;[39m &amp#27;[37mGET&amp#27;[39m &amp#27;[37m/wd/hub/session/8bc46446-73b9-46f3-8673-a9e1e5431af5/context&amp#27;[39m
&amp#27;[35m[HTTP]&amp#27;[39m &amp#27;[90m{}&amp#27;[39m
[debug] &amp#27;[35m[W3C (8bc46446)]&amp#27;[39m Calling AppiumDriver.getCurrentContext() with args: ["8bc46446-73b9-46f3-8673-a9e1e5431af5"]
[debug] &amp#27;[35m[W3C (8bc46446)]&amp#27;[39m Responding to client with driver.getCurrentContext() result: "NATIVE_APP"
&amp#27;[35m[HTTP]&amp#27;[39m &amp#27;[37m<-- GET /wd/hub/session/8bc46446-73b9-46f3-8673-a9e1e5431af5/context &amp#27;[39m&amp#27;[32m200&amp#27;[39m &amp#27;[90m2 ms - 22&amp#27;[39m
&amp#27;[35m[HTTP]&amp#27;[39m &amp#27;[90m&amp#27;[39m
&amp#27;[35m[HTTP]&amp#27;[39m &amp#27;[37m-->&amp#27;[39m &amp#27;[37mPOST&amp#27;[39m &amp#27;[37m/wd/hub/session/8bc46446-73b9-46f3-8673-a9e1e5431af5/element&amp#27;[39m
&amp#27;[35m[HTTP]&amp#27;[39m &amp#27;[90m{"using":"accessibility id","value":"Login"}&amp#27;[39m
[debug] &amp#27;[35m[W3C (8bc46446)]&amp#27;[39m Calling AppiumDriver.findElement() with args: ["accessibility id","Login","8bc46446-73b9-46f3-8673-a9e1e5431af5"]
[debug] &amp#27;[35m[BaseDriver]&amp#27;[39m Valid locator strategies for this request: xpath, id, class name, accessibility id, css selector, -android uiautomator
[debug] &amp#27;[35m[BaseDriver]&amp#27;[39m Waiting up to 30000 ms for condition
[debug] &amp#27;[35m[WD Proxy]&amp#27;[39m Matched '/element' to command name 'findElement'
[debug] &amp#27;[35m[WD Proxy]&amp#27;[39m Proxying [POST /element] to [POST http://127.0.0.1:8204/wd/hub/session/1ba6c3f2-83d8-4411-bd70-b85c0b3a5be5/element] with body: {"strategy":"accessibility id","selector":"Login","context":"","multiple":false}
[debug] &amp#27;[35m[WD Proxy]&amp#27;[39m Got response with status 200: {"sessionId":"1ba6c3f2-83d8-4411-bd70-b85c0b3a5be5","value":{"ELEMENT":"00000000-0000-0136-7fff-ffff00000013","element-6066-11e4-a52e-4f735466cecf":"00000000-0000-0136-7fff-ffff00000013"}}
[debug] &amp#27;[35m[W3C (8bc46446)]&amp#27;[39m Responding to client with driver.findElement() result: {"element-6066-11e4-a52e-4f735466cecf":"00000000-0000-0136-7fff-ffff00000013","ELEMENT":"00000000-0000-0136-7fff-ffff00000013"}
&amp#27;[35m[HTTP]&amp#27;[39m &amp#27;[37m<-- POST /wd/hub/session/8bc46446-73b9-46f3-8673-a9e1e5431af5/element &amp#27;[39m&amp#27;[32m200&amp#27;[39m &amp#27;[90m69 ms - 137&amp#27;[39m
&amp#27;[35m[HTTP]&amp#27;[39m &amp#27;[90m&amp#27;[39m
&amp#27;[35m[HTTP]&amp#27;[39m &amp#27;[37m-->&amp#27;[39m &amp#27;[37mPOST&amp#27;[39m &amp#27;[37m/wd/hub/session/8bc46446-73b9-46f3-8673-a9e1e5431af5/element/00000000-0000-0136-7fff-ffff00000013/click&amp#27;[39m
&amp#27;[35m[HTTP]&amp#27;[39m &amp#27;[90m{"id":"00000000-0000-0136-7fff-ffff00000013"}&amp#27;[39m
[debug] &amp#27;[35m[W3C (8bc46446)]&amp#27;[39m Calling AppiumDriver.click() with args: ["00000000-0000-0136-7fff-ffff00000013","8bc46446-73b9-46f3-8673-a9e1e5431af5"]
[debug] &amp#27;[35m[WD Proxy]&amp#27;[39m Matched '/element/00000000-0000-0136-7fff-ffff00000013/click' to command name 'click'
[debug] &amp#27;[35m[WD Proxy]&amp#27;[39m Proxying [POST /element/00000000-0000-0136-7fff-ffff00000013/click] to [POST http://127.0.0.1:8204/wd/hub/session/1ba6c3f2-83d8-4411-bd70-b85c0b3a5be5/element/00000000-0000-0136-7fff-ffff00000013/click] with body: {"element":"00000000-0000-0136-7fff-ffff00000013"}
[debug] &amp#27;[35m[WD Proxy]&amp#27;[39m Got response with status 200: {"sessionId":"1ba6c3f2-83d8-4411-bd70-b85c0b3a5be5","value":null}
[debug] &amp#27;[35m[W3C (8bc46446)]&amp#27;[39m Responding to client with driver.click() result: null
&amp#27;[35m[HTTP]&amp#27;[39m &amp#27;[37m<-- POST /wd/hub/session/8bc46446-73b9-46f3-8673-a9e1e5431af5/element/00000000-0000-0136-7fff-ffff00000013/click &amp#27;[39m&amp#27;[32m200&amp#27;[39m &amp#27;[90m50 ms - 14&amp#27;[39m
&amp#27;[35m[HTTP]&amp#27;[39m &amp#27;[90m&amp#27;[39m
&amp#27;[35m[HTTP]&amp#27;[39m &amp#27;[37m-->&amp#27;[39m &amp#27;[37mGET&amp#27;[39m &amp#27;[37m/wd/hub/session/8bc46446-73b9-46f3-8673-a9e1e5431af5/context&amp#27;[39m
&amp#27;[35m[HTTP]&amp#27;[39m &amp#27;[90m{}&amp#27;[39m
[debug] &amp#27;[35m[W3C (8bc46446)]&amp#27;[39m Calling AppiumDriver.getCurrentContext() with args: ["8bc46446-73b9-46f3-8673-a9e1e5431af5"]
[debug] &amp#27;[35m[W3C (8bc46446)]&amp#27;[39m Responding to client with driver.getCurrentContext() result: "NATIVE_APP"
&amp#27;[35m[HTTP]&amp#27;[39m &amp#27;[37m<-- GET /wd/hub/session/8bc46446-73b9-46f3-8673-a9e1e5431af5/context &amp#27;[39m&amp#27;[32m200&amp#27;[39m &amp#27;[90m1 ms - 22&amp#27;[39m
&amp#27;[35m[HTTP]&amp#27;[39m &amp#27;[90m&amp#27;[39m
&amp#27;[35m[HTTP]&amp#27;[39m &amp#27;[37m-->&amp#27;[39m &amp#27;[37mPOST&amp#27;[39m &amp#27;[37m/wd/hub/session/8bc46446-73b9-46f3-8673-a9e1e5431af5/element&amp#27;[39m
&amp#27;[35m[HTTP]&amp#27;[39m &amp#27;[90m{"using":"accessibility id","value":"input-email"}&amp#27;[39m
[debug] &amp#27;[35m[W3C (8bc46446)]&amp#27;[39m Calling AppiumDriver.findElement() with args: ["accessibility id","input-email","8bc46446-73b9-46f3-8673-a9e1e5431af5"]
[debug] &amp#27;[35m[BaseDriver]&amp#27;[39m Valid locator strategies for this request: xpath, id, class name, accessibility id, css selector, -android uiautomator
[debug] &amp#27;[35m[BaseDriver]&amp#27;[39m Waiting up to 30000 ms for condition
[debug] &amp#27;[35m[WD Proxy]&amp#27;[39m Matched '/element' to command name 'findElement'
[debug] &amp#27;[35m[WD Proxy]&amp#27;[39m Proxying [POST /element] to [POST http://127.0.0.1:8204/wd/hub/session/1ba6c3f2-83d8-4411-bd70-b85c0b3a5be5/element] with body: {"strategy":"accessibility id","selector":"input-email","context":"","multiple":false}
&amp#27;[35m[WD Proxy]&amp#27;[39m Got response with status 404: {"sessionId":"1ba6c3f2-83d8-4411-bd70-b85c0b3a5be5","value":{"error":"no such element","message":"An element could not be located on the page using the given search parameters","stacktrace":"io.appium.uiautomator2.common.exceptions.ElementNotFoundException: An element could not be located on the page using the given search parameters\n\tat io.appium.uiautomator2.handler.FindElement.safeHandle(FindElement.java:70)\n\tat io.appium.uiautomator2.handler.request.SafeRequestHandler.handle(SafeRequestHandler.java:59)\n\tat io.appium.uiautomator2.server.AppiumServlet.handleRequest(AppiumServlet.java:264)\n\tat io.appium.uiautomator2.server.AppiumServlet.handleHttpRequest(AppiumServlet.java:258)\n\tat io.appium.uiautomator2.http.ServerHandler.channelRead(ServerHandler.java:68)\n\tat io.netty.channel.AbstractChannelHandlerContext.invokeChannelRead(AbstractChannelHandlerContext.java:366)\n\tat io.netty.channel.AbstractChannelHandlerContext.invokeChannelRead(AbstractChannelHandlerContext.java:352)\n\tat io.netty.chann...
[debug] &amp#27;[35m[W3C]&amp#27;[39m Matched W3C error code 'no such element' to NoSuchElementError
[debug] &amp#27;[35m[BaseDriver]&amp#27;[39m Waited for 69 ms so far
[debug] &amp#27;[35m[WD Proxy]&amp#27;[39m Matched '/element' to command name 'findElement'
[debug] &amp#27;[35m[WD Proxy]&amp#27;[39m Proxying [POST /element] to [POST http://127.0.0.1:8204/wd/hub/session/1ba6c3f2-83d8-4411-bd70-b85c0b3a5be5/element] with body: {"strategy":"accessibility id","selector":"input-email","context":"","multiple":false}
[debug] &amp#27;[35m[WD Proxy]&amp#27;[39m Got response with status 200: {"sessionId":"1ba6c3f2-83d8-4411-bd70-b85c0b3a5be5","value":{"ELEMENT":"00000000-0000-0136-7fff-ffff0000003c","element-6066-11e4-a52e-4f735466cecf":"00000000-0000-0136-7fff-ffff0000003c"}}
[debug] &amp#27;[35m[W3C (8bc46446)]&amp#27;[39m Responding to client with driver.findElement() result: {"element-6066-11e4-a52e-4f735466cecf":"00000000-0000-0136-7fff-ffff0000003c","ELEMENT":"00000000-0000-0136-7fff-ffff0000003c"}
&amp#27;[35m[HTTP]&amp#27;[39m &amp#27;[37m<-- POST /wd/hub/session/8bc46446-73b9-46f3-8673-a9e1e5431af5/element &amp#27;[39m&amp#27;[32m200&amp#27;[39m &amp#27;[90m896 ms - 137&amp#27;[39m
&amp#27;[35m[HTTP]&amp#27;[39m &amp#27;[90m&amp#27;[39m
&amp#27;[35m[HTTP]&amp#27;[39m &amp#27;[37m-->&amp#27;[39m &amp#27;[37mGET&amp#27;[39m &amp#27;[37m/wd/hub/session/8bc46446-73b9-46f3-8673-a9e1e5431af5/element/00000000-0000-0136-7fff-ffff0000003c/displayed&amp#27;[39m
&amp#27;[35m[HTTP]&amp#27;[39m &amp#27;[90m{}&amp#27;[39m
[debug] &amp#27;[35m[W3C (8bc46446)]&amp#27;[39m Calling AppiumDriver.elementDisplayed() with args: ["00000000-0000-0136-7fff-ffff0000003c","8bc46446-73b9-46f3-8673-a9e1e5431af5"]
[debug] &amp#27;[35m[WD Proxy]&amp#27;[39m Matched '/element/00000000-0000-0136-7fff-ffff0000003c/attribute/displayed' to command name 'getAttribute'
[debug] &amp#27;[35m[WD Proxy]&amp#27;[39m Proxying [GET /element/00000000-0000-0136-7fff-ffff0000003c/attribute/displayed] to [GET http://127.0.0.1:8204/wd/hub/session/1ba6c3f2-83d8-4411-bd70-b85c0b3a5be5/element/00000000-0000-0136-7fff-ffff0000003c/attribute/displayed] with no body
[debug] &amp#27;[35m[WD Proxy]&amp#27;[39m Got response with status 200: {"sessionId":"1ba6c3f2-83d8-4411-bd70-b85c0b3a5be5","value":"true"}
[debug] &amp#27;[35m[W3C (8bc46446)]&amp#27;[39m Responding to client with driver.elementDisplayed() result: true
&amp#27;[35m[HTTP]&amp#27;[39m &amp#27;[37m<-- GET /wd/hub/session/8bc46446-73b9-46f3-8673-a9e1e5431af5/element/00000000-0000-0136-7fff-ffff0000003c/displayed &amp#27;[39m&amp#27;[32m200&amp#27;[39m &amp#27;[90m18 ms - 14&amp#27;[39m
&amp#27;[35m[HTTP]&amp#27;[39m &amp#27;[90m&amp#27;[39m
&amp#27;[35m[HTTP]&amp#27;[39m &amp#27;[37m-->&amp#27;[39m &amp#27;[37mGET&amp#27;[39m &amp#27;[37m/wd/hub/session/8bc46446-73b9-46f3-8673-a9e1e5431af5/context&amp#27;[39m
&amp#27;[35m[HTTP]&amp#27;[39m &amp#27;[90m{}&amp#27;[39m
[debug] &amp#27;[35m[W3C (8bc46446)]&amp#27;[39m Calling AppiumDriver.getCurrentContext() with args: ["8bc46446-73b9-46f3-8673-a9e1e5431af5"]
[debug] &amp#27;[35m[W3C (8bc46446)]&amp#27;[39m Responding to client with driver.getCurrentContext() result: "NATIVE_APP"
&amp#27;[35m[HTTP]&amp#27;[39m &amp#27;[37m<-- GET /wd/hub/session/8bc46446-73b9-46f3-8673-a9e1e5431af5/context &amp#27;[39m&amp#27;[32m200&amp#27;[39m &amp#27;[90m1 ms - 22&amp#27;[39m
&amp#27;[35m[HTTP]&amp#27;[39m &amp#27;[90m&amp#27;[39m
&amp#27;[35m[HTTP]&amp#27;[39m &amp#27;[37m-->&amp#27;[39m &amp#27;[37mPOST&amp#27;[39m &amp#27;[37m/wd/hub/session/8bc46446-73b9-46f3-8673-a9e1e5431af5/element&amp#27;[39m
&amp#27;[35m[HTTP]&amp#27;[39m &amp#27;[90m{"using":"accessibility id","value":"input-email"}&amp#27;[39m
[debug] &amp#27;[35m[W3C (8bc46446)]&amp#27;[39m Calling AppiumDriver.findElement() with args: ["accessibility id","input-email","8bc46446-73b9-46f3-8673-a9e1e5431af5"]
[debug] &amp#27;[35m[BaseDriver]&amp#27;[39m Valid locator strategies for this request: xpath, id, class name, accessibility id, css selector, -android uiautomator
[debug] &amp#27;[35m[BaseDriver]&amp#27;[39m Waiting up to 30000 ms for condition
[debug] &amp#27;[35m[WD Proxy]&amp#27;[39m Matched '/element' to command name 'findElement'
[debug] &amp#27;[35m[WD Proxy]&amp#27;[39m Proxying [POST /element] to [POST http://127.0.0.1:8204/wd/hub/session/1ba6c3f2-83d8-4411-bd70-b85c0b3a5be5/element] with body: {"strategy":"accessibility id","selector":"input-email","context":"","multiple":false}
[debug] &amp#27;[35m[WD Proxy]&amp#27;[39m Got response with status 200: {"sessionId":"1ba6c3f2-83d8-4411-bd70-b85c0b3a5be5","value":{"ELEMENT":"00000000-0000-0136-7fff-ffff0000003c","element-6066-11e4-a52e-4f735466cecf":"00000000-0000-0136-7fff-ffff0000003c"}}
[debug] &amp#27;[35m[W3C (8bc46446)]&amp#27;[39m Responding to client with driver.findElement() result: {"element-6066-11e4-a52e-4f735466cecf":"00000000-0000-0136-7fff-ffff0000003c","ELEMENT":"00000000-0000-0136-7fff-ffff0000003c"}
&amp#27;[35m[HTTP]&amp#27;[39m &amp#27;[37m<-- POST /wd/hub/session/8bc46446-73b9-46f3-8673-a9e1e5431af5/element &amp#27;[39m&amp#27;[32m200&amp#27;[39m &amp#27;[90m58 ms - 137&amp#27;[39m
&amp#27;[35m[HTTP]&amp#27;[39m &amp#27;[90m&amp#27;[39m
&amp#27;[35m[HTTP]&amp#27;[39m &amp#27;[37m-->&amp#27;[39m &amp#27;[37mPOST&amp#27;[39m &amp#27;[37m/wd/hub/session/8bc46446-73b9-46f3-8673-a9e1e5431af5/element/00000000-0000-0136-7fff-ffff0000003c/clear&amp#27;[39m
&amp#27;[35m[HTTP]&amp#27;[39m &amp#27;[90m{"id":"00000000-0000-0136-7fff-ffff0000003c"}&amp#27;[39m
[debug] &amp#27;[35m[W3C (8bc46446)]&amp#27;[39m Calling AppiumDriver.clear() with args: ["00000000-0000-0136-7fff-ffff0000003c","8bc46446-73b9-46f3-8673-a9e1e5431af5"]
[debug] &amp#27;[35m[WD Proxy]&amp#27;[39m Matched '/element/00000000-0000-0136-7fff-ffff0000003c/clear' to command name 'clear'
[debug] &amp#27;[35m[WD Proxy]&amp#27;[39m Proxying [POST /element/00000000-0000-0136-7fff-ffff0000003c/clear] to [POST http://127.0.0.1:8204/wd/hub/session/1ba6c3f2-83d8-4411-bd70-b85c0b3a5be5/element/00000000-0000-0136-7fff-ffff0000003c/clear] with body: {"elementId":"00000000-0000-0136-7fff-ffff0000003c"}
[debug] &amp#27;[35m[WD Proxy]&amp#27;[39m Got response with status 200: {"sessionId":"1ba6c3f2-83d8-4411-bd70-b85c0b3a5be5","value":null}
[debug] &amp#27;[35m[W3C (8bc46446)]&amp#27;[39m Responding to client with driver.clear() result: null
&amp#27;[35m[HTTP]&amp#27;[39m &amp#27;[37m<-- POST /wd/hub/session/8bc46446-73b9-46f3-8673-a9e1e5431af5/element/00000000-0000-0136-7fff-ffff0000003c/clear &amp#27;[39m&amp#27;[32m200&amp#27;[39m &amp#27;[90m34 ms - 14&amp#27;[39m
&amp#27;[35m[HTTP]&amp#27;[39m &amp#27;[90m&amp#27;[39m
&amp#27;[35m[HTTP]&amp#27;[39m &amp#27;[37m-->&amp#27;[39m &amp#27;[37mGET&amp#27;[39m &amp#27;[37m/wd/hub/session/8bc46446-73b9-46f3-8673-a9e1e5431af5/context&amp#27;[39m
&amp#27;[35m[HTTP]&amp#27;[39m &amp#27;[90m{}&amp#27;[39m
[debug] &amp#27;[35m[W3C (8bc46446)]&amp#27;[39m Calling AppiumDriver.getCurrentContext() with args: ["8bc46446-73b9-46f3-8673-a9e1e5431af5"]
[debug] &amp#27;[35m[W3C (8bc46446)]&amp#27;[39m Responding to client with driver.getCurrentContext() result: "NATIVE_APP"
&amp#27;[35m[HTTP]&amp#27;[39m &amp#27;[37m<-- GET /wd/hub/session/8bc46446-73b9-46f3-8673-a9e1e5431af5/context &amp#27;[39m&amp#27;[32m200&amp#27;[39m &amp#27;[90m1 ms - 22&amp#27;[39m
&amp#27;[35m[HTTP]&amp#27;[39m &amp#27;[90m&amp#27;[39m
&amp#27;[35m[HTTP]&amp#27;[39m &amp#27;[37m-->&amp#27;[39m &amp#27;[37mPOST&amp#27;[39m &amp#27;[37m/wd/hub/session/8bc46446-73b9-46f3-8673-a9e1e5431af5/element&amp#27;[39m
&amp#27;[35m[HTTP]&amp#27;[39m &amp#27;[90m{"using":"accessibility id","value":"input-email"}&amp#27;[39m
[debug] &amp#27;[35m[W3C (8bc46446)]&amp#27;[39m Calling AppiumDriver.findElement() with args: ["accessibility id","input-email","8bc46446-73b9-46f3-8673-a9e1e5431af5"]
[debug] &amp#27;[35m[BaseDriver]&amp#27;[39m Valid locator strategies for this request: xpath, id, class name, accessibility id, css selector, -android uiautomator
[debug] &amp#27;[35m[BaseDriver]&amp#27;[39m Waiting up to 30000 ms for condition
[debug] &amp#27;[35m[WD Proxy]&amp#27;[39m Matched '/element' to command name 'findElement'
[debug] &amp#27;[35m[WD Proxy]&amp#27;[39m Proxying [POST /element] to [POST http://127.0.0.1:8204/wd/hub/session/1ba6c3f2-83d8-4411-bd70-b85c0b3a5be5/element] with body: {"strategy":"accessibility id","selector":"input-email","context":"","multiple":false}
[debug] &amp#27;[35m[WD Proxy]&amp#27;[39m Got response with status 200: {"sessionId":"1ba6c3f2-83d8-4411-bd70-b85c0b3a5be5","value":{"ELEMENT":"00000000-0000-0136-7fff-ffff0000003c","element-6066-11e4-a52e-4f735466cecf":"00000000-0000-0136-7fff-ffff0000003c"}}
[debug] &amp#27;[35m[W3C (8bc46446)]&amp#27;[39m Responding to client with driver.findElement() result: {"element-6066-11e4-a52e-4f735466cecf":"00000000-0000-0136-7fff-ffff0000003c","ELEMENT":"00000000-0000-0136-7fff-ffff0000003c"}
&amp#27;[35m[HTTP]&amp#27;[39m &amp#27;[37m<-- POST /wd/hub/session/8bc46446-73b9-46f3-8673-a9e1e5431af5/element &amp#27;[39m&amp#27;[32m200&amp#27;[39m &amp#27;[90m669 ms - 137&amp#27;[39m
&amp#27;[35m[HTTP]&amp#27;[39m &amp#27;[90m&amp#27;[39m
&amp#27;[35m[HTTP]&amp#27;[39m &amp#27;[37m-->&amp#27;[39m &amp#27;[37mGET&amp#27;[39m &amp#27;[37m/wd/hub/session/8bc46446-73b9-46f3-8673-a9e1e5431af5/element/00000000-0000-0136-7fff-ffff0000003c/displayed&amp#27;[39m
&amp#27;[35m[HTTP]&amp#27;[39m &amp#27;[90m{}&amp#27;[39m
[debug] &amp#27;[35m[W3C (8bc46446)]&amp#27;[39m Calling AppiumDriver.elementDisplayed() with args: ["00000000-0000-0136-7fff-ffff0000003c","8bc46446-73b9-46f3-8673-a9e1e5431af5"]
[debug] &amp#27;[35m[WD Proxy]&amp#27;[39m Matched '/element/00000000-0000-0136-7fff-ffff0000003c/attribute/displayed' to command name 'getAttribute'
[debug] &amp#27;[35m[WD Proxy]&amp#27;[39m Proxying [GET /element/00000000-0000-0136-7fff-ffff0000003c/attribute/displayed] to [GET http://127.0.0.1:8204/wd/hub/session/1ba6c3f2-83d8-4411-bd70-b85c0b3a5be5/element/00000000-0000-0136-7fff-ffff0000003c/attribute/displayed] with no body
[debug] &amp#27;[35m[WD Proxy]&amp#27;[39m Got response with status 200: {"sessionId":"1ba6c3f2-83d8-4411-bd70-b85c0b3a5be5","value":"true"}
[debug] &amp#27;[35m[W3C (8bc46446)]&amp#27;[39m Responding to client with driver.elementDisplayed() result: true
&amp#27;[35m[HTTP]&amp#27;[39m &amp#27;[37m<-- GET /wd/hub/session/8bc46446-73b9-46f3-8673-a9e1e5431af5/element/00000000-0000-0136-7fff-ffff0000003c/displayed &amp#27;[39m&amp#27;[32m200&amp#27;[39m &amp#27;[90m22 ms - 14&amp#27;[39m
&amp#27;[35m[HTTP]&amp#27;[39m &amp#27;[90m&amp#27;[39m
&amp#27;[35m[HTTP]&amp#27;[39m &amp#27;[37m-->&amp#27;[39m &amp#27;[37mGET&amp#27;[39m &amp#27;[37m/wd/hub/session/8bc46446-73b9-46f3-8673-a9e1e5431af5/context&amp#27;[39m
&amp#27;[35m[HTTP]&amp#27;[39m &amp#27;[90m{}&amp#27;[39m
[debug] &amp#27;[35m[W3C (8bc46446)]&amp#27;[39m Calling AppiumDriver.getCurrentContext() with args: ["8bc46446-73b9-46f3-8673-a9e1e5431af5"]
[debug] &amp#27;[35m[W3C (8bc46446)]&amp#27;[39m Responding to client with driver.getCurrentContext() result: "NATIVE_APP"
&amp#27;[35m[HTTP]&amp#27;[39m &amp#27;[37m<-- GET /wd/hub/session/8bc46446-73b9-46f3-8673-a9e1e5431af5/context &amp#27;[39m&amp#27;[32m200&amp#27;[39m &amp#27;[90m1 ms - 22&amp#27;[39m
&amp#27;[35m[HTTP]&amp#27;[39m &amp#27;[90m&amp#27;[39m
&amp#27;[35m[HTTP]&amp#27;[39m &amp#27;[37m-->&amp#27;[39m &amp#27;[37mPOST&amp#27;[39m &amp#27;[37m/wd/hub/session/8bc46446-73b9-46f3-8673-a9e1e5431af5/element&amp#27;[39m
&amp#27;[35m[HTTP]&amp#27;[39m &amp#27;[90m{"using":"accessibility id","value":"input-email"}&amp#27;[39m
[debug] &amp#27;[35m[W3C (8bc46446)]&amp#27;[39m Calling AppiumDriver.findElement() with args: ["accessibility id","input-email","8bc46446-73b9-46f3-8673-a9e1e5431af5"]
[debug] &amp#27;[35m[BaseDriver]&amp#27;[39m Valid locator strategies for this request: xpath, id, class name, accessibility id, css selector, -android uiautomator
[debug] &amp#27;[35m[BaseDriver]&amp#27;[39m Waiting up to 30000 ms for condition
[debug] &amp#27;[35m[WD Proxy]&amp#27;[39m Matched '/element' to command name 'findElement'
[debug] &amp#27;[35m[WD Proxy]&amp#27;[39m Proxying [POST /element] to [POST http://127.0.0.1:8204/wd/hub/session/1ba6c3f2-83d8-4411-bd70-b85c0b3a5be5/element] with body: {"strategy":"accessibility id","selector":"input-email","context":"","multiple":false}
[debug] &amp#27;[35m[WD Proxy]&amp#27;[39m Got response with status 200: {"sessionId":"1ba6c3f2-83d8-4411-bd70-b85c0b3a5be5","value":{"ELEMENT":"00000000-0000-0136-7fff-ffff0000003c","element-6066-11e4-a52e-4f735466cecf":"00000000-0000-0136-7fff-ffff0000003c"}}
[debug] &amp#27;[35m[W3C (8bc46446)]&amp#27;[39m Responding to client with driver.findElement() result: {"element-6066-11e4-a52e-4f735466cecf":"00000000-0000-0136-7fff-ffff0000003c","ELEMENT":"00000000-0000-0136-7fff-ffff0000003c"}
&amp#27;[35m[HTTP]&amp#27;[39m &amp#27;[37m<-- POST /wd/hub/session/8bc46446-73b9-46f3-8673-a9e1e5431af5/element &amp#27;[39m&amp#27;[32m200&amp#27;[39m &amp#27;[90m83 ms - 137&amp#27;[39m
&amp#27;[35m[HTTP]&amp#27;[39m &amp#27;[90m&amp#27;[39m
&amp#27;[35m[HTTP]&amp#27;[39m &amp#27;[37m-->&amp#27;[39m &amp#27;[37mPOST&amp#27;[39m &amp#27;[37m/wd/hub/session/8bc46446-73b9-46f3-8673-a9e1e5431af5/element/00000000-0000-0136-7fff-ffff0000003c/value&amp#27;[39m
&amp#27;[35m[HTTP]&amp#27;[39m &amp#27;[90m{"id":"00000000-0000-0136-7fff-ffff0000003c","text":"Tunghuynh@gmail.com","value":["T","u","n","g","h","u","y","n","h","@","g","m","a","i","l",".","c","o","m"]}&amp#27;[39m
[debug] &amp#27;[35m[W3C (8bc46446)]&amp#27;[39m Calling AppiumDriver.setValue() with args: [["T","u","n","g","h","u","y","n","h","@","g","m","a","i","l",".","c","o","m"],"00000000-0000-0136-7fff-ffff0000003c","8bc46446-73b9-46f3-8673-a9e1e5431af5"]
[debug] &amp#27;[35m[WD Proxy]&amp#27;[39m Matched '/element/00000000-0000-0136-7fff-ffff0000003c/value' to command name 'setValue'
[debug] &amp#27;[35m[Protocol Converter]&amp#27;[39m Added 'value' property ["T","u","n","g","h","u","y","n","h","@","g","m","a","i","l",".","c","o","m"] to 'setValue' request body
[debug] &amp#27;[35m[WD Proxy]&amp#27;[39m Proxying [POST /element/00000000-0000-0136-7fff-ffff0000003c/value] to [POST http://127.0.0.1:8204/wd/hub/session/1ba6c3f2-83d8-4411-bd70-b85c0b3a5be5/element/00000000-0000-0136-7fff-ffff0000003c/value] with body: {"elementId":"00000000-0000-0136-7fff-ffff0000003c","text":"Tunghuynh@gmail.com","replace":false,"value":["T","u","n","g","h","u","y","n","h","@","g","m","a","i","l",".","c","o","m"]}
[debug] &amp#27;[35m[WD Proxy]&amp#27;[39m Got response with status 200: {"sessionId":"1ba6c3f2-83d8-4411-bd70-b85c0b3a5be5","value":null}
[debug] &amp#27;[35m[W3C (8bc46446)]&amp#27;[39m Responding to client with driver.setValue() result: null
&amp#27;[35m[HTTP]&amp#27;[39m &amp#27;[37m<-- POST /wd/hub/session/8bc46446-73b9-46f3-8673-a9e1e5431af5/element/00000000-0000-0136-7fff-ffff0000003c/value &amp#27;[39m&amp#27;[32m200&amp#27;[39m &amp#27;[90m657 ms - 14&amp#27;[39m
&amp#27;[35m[HTTP]&amp#27;[39m &amp#27;[90m&amp#27;[39m
&amp#27;[35m[HTTP]&amp#27;[39m &amp#27;[37m-->&amp#27;[39m &amp#27;[37mGET&amp#27;[39m &amp#27;[37m/wd/hub/session/8bc46446-73b9-46f3-8673-a9e1e5431af5/context&amp#27;[39m
&amp#27;[35m[HTTP]&amp#27;[39m &amp#27;[90m{}&amp#27;[39m
[debug] &amp#27;[35m[W3C (8bc46446)]&amp#27;[39m Calling AppiumDriver.getCurrentContext() with args: ["8bc46446-73b9-46f3-8673-a9e1e5431af5"]
[debug] &amp#27;[35m[W3C (8bc46446)]&amp#27;[39m Responding to client with driver.getCurrentContext() result: "NATIVE_APP"
&amp#27;[35m[HTTP]&amp#27;[39m &amp#27;[37m<-- GET /wd/hub/session/8bc46446-73b9-46f3-8673-a9e1e5431af5/context &amp#27;[39m&amp#27;[32m200&amp#27;[39m &amp#27;[90m1 ms - 22&amp#27;[39m
&amp#27;[35m[HTTP]&amp#27;[39m &amp#27;[90m&amp#27;[39m
&amp#27;[35m[HTTP]&amp#27;[39m &amp#27;[37m-->&amp#27;[39m &amp#27;[37mPOST&amp#27;[39m &amp#27;[37m/wd/hub/session/8bc46446-73b9-46f3-8673-a9e1e5431af5/element&amp#27;[39m
&amp#27;[35m[HTTP]&amp#27;[39m &amp#27;[90m{"using":"accessibility id","value":"input-password"}&amp#27;[39m
[debug] &amp#27;[35m[W3C (8bc46446)]&amp#27;[39m Calling AppiumDriver.findElement() with args: ["accessibility id","input-password","8bc46446-73b9-46f3-8673-a9e1e5431af5"]
[debug] &amp#27;[35m[BaseDriver]&amp#27;[39m Valid locator strategies for this request: xpath, id, class name, accessibility id, css selector, -android uiautomator
[debug] &amp#27;[35m[BaseDriver]&amp#27;[39m Waiting up to 30000 ms for condition
[debug] &amp#27;[35m[WD Proxy]&amp#27;[39m Matched '/element' to command name 'findElement'
[debug] &amp#27;[35m[WD Proxy]&amp#27;[39m Proxying [POST /element] to [POST http://127.0.0.1:8204/wd/hub/session/1ba6c3f2-83d8-4411-bd70-b85c0b3a5be5/element] with body: {"strategy":"accessibility id","selector":"input-password","context":"","multiple":false}
[debug] &amp#27;[35m[WD Proxy]&amp#27;[39m Got response with status 200: {"sessionId":"1ba6c3f2-83d8-4411-bd70-b85c0b3a5be5","value":{"ELEMENT":"00000000-0000-0136-7fff-ffff0000003e","element-6066-11e4-a52e-4f735466cecf":"00000000-0000-0136-7fff-ffff0000003e"}}
[debug] &amp#27;[35m[W3C (8bc46446)]&amp#27;[39m Responding to client with driver.findElement() result: {"element-6066-11e4-a52e-4f735466cecf":"00000000-0000-0136-7fff-ffff0000003e","ELEMENT":"00000000-0000-0136-7fff-ffff0000003e"}
&amp#27;[35m[HTTP]&amp#27;[39m &amp#27;[37m<-- POST /wd/hub/session/8bc46446-73b9-46f3-8673-a9e1e5431af5/element &amp#27;[39m&amp#27;[32m200&amp#27;[39m &amp#27;[90m1167 ms - 137&amp#27;[39m
&amp#27;[35m[HTTP]&amp#27;[39m &amp#27;[90m&amp#27;[39m
&amp#27;[35m[HTTP]&amp#27;[39m &amp#27;[37m-->&amp#27;[39m &amp#27;[37mGET&amp#27;[39m &amp#27;[37m/wd/hub/session/8bc46446-73b9-46f3-8673-a9e1e5431af5/element/00000000-0000-0136-7fff-ffff0000003e/displayed&amp#27;[39m
&amp#27;[35m[HTTP]&amp#27;[39m &amp#27;[90m{}&amp#27;[39m
[debug] &amp#27;[35m[W3C (8bc46446)]&amp#27;[39m Calling AppiumDriver.elementDisplayed() with args: ["00000000-0000-0136-7fff-ffff0000003e","8bc46446-73b9-46f3-8673-a9e1e5431af5"]
[debug] &amp#27;[35m[WD Proxy]&amp#27;[39m Matched '/element/00000000-0000-0136-7fff-ffff0000003e/attribute/displayed' to command name 'getAttribute'
[debug] &amp#27;[35m[WD Proxy]&amp#27;[39m Proxying [GET /element/00000000-0000-0136-7fff-ffff0000003e/attribute/displayed] to [GET http://127.0.0.1:8204/wd/hub/session/1ba6c3f2-83d8-4411-bd70-b85c0b3a5be5/element/00000000-0000-0136-7fff-ffff0000003e/attribute/displayed] with no body
[debug] &amp#27;[35m[WD Proxy]&amp#27;[39m Got response with status 200: {"sessionId":"1ba6c3f2-83d8-4411-bd70-b85c0b3a5be5","value":"true"}
[debug] &amp#27;[35m[W3C (8bc46446)]&amp#27;[39m Responding to client with driver.elementDisplayed() result: true
&amp#27;[35m[HTTP]&amp#27;[39m &amp#27;[37m<-- GET /wd/hub/session/8bc46446-73b9-46f3-8673-a9e1e5431af5/element/00000000-0000-0136-7fff-ffff0000003e/displayed &amp#27;[39m&amp#27;[32m200&amp#27;[39m &amp#27;[90m23 ms - 14&amp#27;[39m
&amp#27;[35m[HTTP]&amp#27;[39m &amp#27;[90m&amp#27;[39m
&amp#27;[35m[HTTP]&amp#27;[39m &amp#27;[37m-->&amp#27;[39m &amp#27;[37mGET&amp#27;[39m &amp#27;[37m/wd/hub/session/8bc46446-73b9-46f3-8673-a9e1e5431af5/context&amp#27;[39m
&amp#27;[35m[HTTP]&amp#27;[39m &amp#27;[90m{}&amp#27;[39m
[debug] &amp#27;[35m[W3C (8bc46446)]&amp#27;[39m Calling AppiumDriver.getCurrentContext() with args: ["8bc46446-73b9-46f3-8673-a9e1e5431af5"]
[debug] &amp#27;[35m[W3C (8bc46446)]&amp#27;[39m Responding to client with driver.getCurrentContext() result: "NATIVE_APP"
&amp#27;[35m[HTTP]&amp#27;[39m &amp#27;[37m<-- GET /wd/hub/session/8bc46446-73b9-46f3-8673-a9e1e5431af5/context &amp#27;[39m&amp#27;[32m200&amp#27;[39m &amp#27;[90m1 ms - 22&amp#27;[39m
&amp#27;[35m[HTTP]&amp#27;[39m &amp#27;[90m&amp#27;[39m
&amp#27;[35m[HTTP]&amp#27;[39m &amp#27;[37m-->&amp#27;[39m &amp#27;[37mPOST&amp#27;[39m &amp#27;[37m/wd/hub/session/8bc46446-73b9-46f3-8673-a9e1e5431af5/element&amp#27;[39m
&amp#27;[35m[HTTP]&amp#27;[39m &amp#27;[90m{"using":"accessibility id","value":"input-password"}&amp#27;[39m
[debug] &amp#27;[35m[W3C (8bc46446)]&amp#27;[39m Calling AppiumDriver.findElement() with args: ["accessibility id","input-password","8bc46446-73b9-46f3-8673-a9e1e5431af5"]
[debug] &amp#27;[35m[BaseDriver]&amp#27;[39m Valid locator strategies for this request: xpath, id, class name, accessibility id, css selector, -android uiautomator
[debug] &amp#27;[35m[BaseDriver]&amp#27;[39m Waiting up to 30000 ms for condition
[debug] &amp#27;[35m[WD Proxy]&amp#27;[39m Matched '/element' to command name 'findElement'
[debug] &amp#27;[35m[WD Proxy]&amp#27;[39m Proxying [POST /element] to [POST http://127.0.0.1:8204/wd/hub/session/1ba6c3f2-83d8-4411-bd70-b85c0b3a5be5/element] with body: {"strategy":"accessibility id","selector":"input-password","context":"","multiple":false}
[debug] &amp#27;[35m[WD Proxy]&amp#27;[39m Got response with status 200: {"sessionId":"1ba6c3f2-83d8-4411-bd70-b85c0b3a5be5","value":{"ELEMENT":"00000000-0000-0136-7fff-ffff0000003e","element-6066-11e4-a52e-4f735466cecf":"00000000-0000-0136-7fff-ffff0000003e"}}
[debug] &amp#27;[35m[W3C (8bc46446)]&amp#27;[39m Responding to client with driver.findElement() result: {"element-6066-11e4-a52e-4f735466cecf":"00000000-0000-0136-7fff-ffff0000003e","ELEMENT":"00000000-0000-0136-7fff-ffff0000003e"}
&amp#27;[35m[HTTP]&amp#27;[39m &amp#27;[37m<-- POST /wd/hub/session/8bc46446-73b9-46f3-8673-a9e1e5431af5/element &amp#27;[39m&amp#27;[32m200&amp#27;[39m &amp#27;[90m91 ms - 137&amp#27;[39m
&amp#27;[35m[HTTP]&amp#27;[39m &amp#27;[90m&amp#27;[39m
&amp#27;[35m[HTTP]&amp#27;[39m &amp#27;[37m-->&amp#27;[39m &amp#27;[37mPOST&amp#27;[39m &amp#27;[37m/wd/hub/session/8bc46446-73b9-46f3-8673-a9e1e5431af5/element/00000000-0000-0136-7fff-ffff0000003e/clear&amp#27;[39m
&amp#27;[35m[HTTP]&amp#27;[39m &amp#27;[90m{"id":"00000000-0000-0136-7fff-ffff0000003e"}&amp#27;[39m
[debug] &amp#27;[35m[W3C (8bc46446)]&amp#27;[39m Calling AppiumDriver.clear() with args: ["00000000-0000-0136-7fff-ffff0000003e","8bc46446-73b9-46f3-8673-a9e1e5431af5"]
[debug] &amp#27;[35m[WD Proxy]&amp#27;[39m Matched '/element/00000000-0000-0136-7fff-ffff0000003e/clear' to command name 'clear'
[debug] &amp#27;[35m[WD Proxy]&amp#27;[39m Proxying [POST /element/00000000-0000-0136-7fff-ffff0000003e/clear] to [POST http://127.0.0.1:8204/wd/hub/session/1ba6c3f2-83d8-4411-bd70-b85c0b3a5be5/element/00000000-0000-0136-7fff-ffff0000003e/clear] with body: {"elementId":"00000000-0000-0136-7fff-ffff0000003e"}
[debug] &amp#27;[35m[WD Proxy]&amp#27;[39m Got response with status 200: {"sessionId":"1ba6c3f2-83d8-4411-bd70-b85c0b3a5be5","value":null}
[debug] &amp#27;[35m[W3C (8bc46446)]&amp#27;[39m Responding to client with driver.clear() result: null
&amp#27;[35m[HTTP]&amp#27;[39m &amp#27;[37m<-- POST /wd/hub/session/8bc46446-73b9-46f3-8673-a9e1e5431af5/element/00000000-0000-0136-7fff-ffff0000003e/clear &amp#27;[39m&amp#27;[32m200&amp#27;[39m &amp#27;[90m30 ms - 14&amp#27;[39m
&amp#27;[35m[HTTP]&amp#27;[39m &amp#27;[90m&amp#27;[39m
&amp#27;[35m[HTTP]&amp#27;[39m &amp#27;[37m-->&amp#27;[39m &amp#27;[37mGET&amp#27;[39m &amp#27;[37m/wd/hub/session/8bc46446-73b9-46f3-8673-a9e1e5431af5/context&amp#27;[39m
&amp#27;[35m[HTTP]&amp#27;[39m &amp#27;[90m{}&amp#27;[39m
[debug] &amp#27;[35m[W3C (8bc46446)]&amp#27;[39m Calling AppiumDriver.getCurrentContext() with args: ["8bc46446-73b9-46f3-8673-a9e1e5431af5"]
[debug] &amp#27;[35m[W3C (8bc46446)]&amp#27;[39m Responding to client with driver.getCurrentContext() result: "NATIVE_APP"
&amp#27;[35m[HTTP]&amp#27;[39m &amp#27;[37m<-- GET /wd/hub/session/8bc46446-73b9-46f3-8673-a9e1e5431af5/context &amp#27;[39m&amp#27;[32m200&amp#27;[39m &amp#27;[90m1 ms - 22&amp#27;[39m
&amp#27;[35m[HTTP]&amp#27;[39m &amp#27;[90m&amp#27;[39m
&amp#27;[35m[HTTP]&amp#27;[39m &amp#27;[37m-->&amp#27;[39m &amp#27;[37mPOST&amp#27;[39m &amp#27;[37m/wd/hub/session/8bc46446-73b9-46f3-8673-a9e1e5431af5/element&amp#27;[39m
&amp#27;[35m[HTTP]&amp#27;[39m &amp#27;[90m{"using":"accessibility id","value":"input-password"}&amp#27;[39m
[debug] &amp#27;[35m[W3C (8bc46446)]&amp#27;[39m Calling AppiumDriver.findElement() with args: ["accessibility id","input-password","8bc46446-73b9-46f3-8673-a9e1e5431af5"]
[debug] &amp#27;[35m[BaseDriver]&amp#27;[39m Valid locator strategies for this request: xpath, id, class name, accessibility id, css selector, -android uiautomator
[debug] &amp#27;[35m[BaseDriver]&amp#27;[39m Waiting up to 30000 ms for condition
[debug] &amp#27;[35m[WD Proxy]&amp#27;[39m Matched '/element' to command name 'findElement'
[debug] &amp#27;[35m[WD Proxy]&amp#27;[39m Proxying [POST /element] to [POST http://127.0.0.1:8204/wd/hub/session/1ba6c3f2-83d8-4411-bd70-b85c0b3a5be5/element] with body: {"strategy":"accessibility id","selector":"input-password","context":"","multiple":false}
[debug] &amp#27;[35m[WD Proxy]&amp#27;[39m Got response with status 200: {"sessionId":"1ba6c3f2-83d8-4411-bd70-b85c0b3a5be5","value":{"ELEMENT":"00000000-0000-0136-7fff-ffff0000003e","element-6066-11e4-a52e-4f735466cecf":"00000000-0000-0136-7fff-ffff0000003e"}}
[debug] &amp#27;[35m[W3C (8bc46446)]&amp#27;[39m Responding to client with driver.findElement() result: {"element-6066-11e4-a52e-4f735466cecf":"00000000-0000-0136-7fff-ffff0000003e","ELEMENT":"00000000-0000-0136-7fff-ffff0000003e"}
&amp#27;[35m[HTTP]&amp#27;[39m &amp#27;[37m<-- POST /wd/hub/session/8bc46446-73b9-46f3-8673-a9e1e5431af5/element &amp#27;[39m&amp#27;[32m200&amp#27;[39m &amp#27;[90m538 ms - 137&amp#27;[39m
&amp#27;[35m[HTTP]&amp#27;[39m &amp#27;[90m&amp#27;[39m
&amp#27;[35m[HTTP]&amp#27;[39m &amp#27;[37m-->&amp#27;[39m &amp#27;[37mGET&amp#27;[39m &amp#27;[37m/wd/hub/session/8bc46446-73b9-46f3-8673-a9e1e5431af5/element/00000000-0000-0136-7fff-ffff0000003e/displayed&amp#27;[39m
&amp#27;[35m[HTTP]&amp#27;[39m &amp#27;[90m{}&amp#27;[39m
[debug] &amp#27;[35m[W3C (8bc46446)]&amp#27;[39m Calling AppiumDriver.elementDisplayed() with args: ["00000000-0000-0136-7fff-ffff0000003e","8bc46446-73b9-46f3-8673-a9e1e5431af5"]
[debug] &amp#27;[35m[WD Proxy]&amp#27;[39m Matched '/element/00000000-0000-0136-7fff-ffff0000003e/attribute/displayed' to command name 'getAttribute'
[debug] &amp#27;[35m[WD Proxy]&amp#27;[39m Proxying [GET /element/00000000-0000-0136-7fff-ffff0000003e/attribute/displayed] to [GET http://127.0.0.1:8204/wd/hub/session/1ba6c3f2-83d8-4411-bd70-b85c0b3a5be5/element/00000000-0000-0136-7fff-ffff0000003e/attribute/displayed] with no body
[debug] &amp#27;[35m[WD Proxy]&amp#27;[39m Got response with status 200: {"sessionId":"1ba6c3f2-83d8-4411-bd70-b85c0b3a5be5","value":"true"}
[debug] &amp#27;[35m[W3C (8bc46446)]&amp#27;[39m Responding to client with driver.elementDisplayed() result: true
&amp#27;[35m[HTTP]&amp#27;[39m &amp#27;[37m<-- GET /wd/hub/session/8bc46446-73b9-46f3-8673-a9e1e5431af5/element/00000000-0000-0136-7fff-ffff0000003e/displayed &amp#27;[39m&amp#27;[32m200&amp#27;[39m &amp#27;[90m20 ms - 14&amp#27;[39m
&amp#27;[35m[HTTP]&amp#27;[39m &amp#27;[90m&amp#27;[39m
&amp#27;[35m[HTTP]&amp#27;[39m &amp#27;[37m-->&amp#27;[39m &amp#27;[37mGET&amp#27;[39m &amp#27;[37m/wd/hub/session/8bc46446-73b9-46f3-8673-a9e1e5431af5/context&amp#27;[39m
&amp#27;[35m[HTTP]&amp#27;[39m &amp#27;[90m{}&amp#27;[39m
[debug] &amp#27;[35m[W3C (8bc46446)]&amp#27;[39m Calling AppiumDriver.getCurrentContext() with args: ["8bc46446-73b9-46f3-8673-a9e1e5431af5"]
[debug] &amp#27;[35m[W3C (8bc46446)]&amp#27;[39m Responding to client with driver.getCurrentContext() result: "NATIVE_APP"
&amp#27;[35m[HTTP]&amp#27;[39m &amp#27;[37m<-- GET /wd/hub/session/8bc46446-73b9-46f3-8673-a9e1e5431af5/context &amp#27;[39m&amp#27;[32m200&amp#27;[39m &amp#27;[90m2 ms - 22&amp#27;[39m
&amp#27;[35m[HTTP]&amp#27;[39m &amp#27;[90m&amp#27;[39m
&amp#27;[35m[HTTP]&amp#27;[39m &amp#27;[37m-->&amp#27;[39m &amp#27;[37mPOST&amp#27;[39m &amp#27;[37m/wd/hub/session/8bc46446-73b9-46f3-8673-a9e1e5431af5/element&amp#27;[39m
&amp#27;[35m[HTTP]&amp#27;[39m &amp#27;[90m{"using":"accessibility id","value":"input-password"}&amp#27;[39m
[debug] &amp#27;[35m[W3C (8bc46446)]&amp#27;[39m Calling AppiumDriver.findElement() with args: ["accessibility id","input-password","8bc46446-73b9-46f3-8673-a9e1e5431af5"]
[debug] &amp#27;[35m[BaseDriver]&amp#27;[39m Valid locator strategies for this request: xpath, id, class name, accessibility id, css selector, -android uiautomator
[debug] &amp#27;[35m[BaseDriver]&amp#27;[39m Waiting up to 30000 ms for condition
[debug] &amp#27;[35m[WD Proxy]&amp#27;[39m Matched '/element' to command name 'findElement'
[debug] &amp#27;[35m[WD Proxy]&amp#27;[39m Proxying [POST /element] to [POST http://127.0.0.1:8204/wd/hub/session/1ba6c3f2-83d8-4411-bd70-b85c0b3a5be5/element] with body: {"strategy":"accessibility id","selector":"input-password","context":"","multiple":false}
[debug] &amp#27;[35m[WD Proxy]&amp#27;[39m Got response with status 200: {"sessionId":"1ba6c3f2-83d8-4411-bd70-b85c0b3a5be5","value":{"ELEMENT":"00000000-0000-0136-7fff-ffff0000003e","element-6066-11e4-a52e-4f735466cecf":"00000000-0000-0136-7fff-ffff0000003e"}}
[debug] &amp#27;[35m[W3C (8bc46446)]&amp#27;[39m Responding to client with driver.findElement() result: {"element-6066-11e4-a52e-4f735466cecf":"00000000-0000-0136-7fff-ffff0000003e","ELEMENT":"00000000-0000-0136-7fff-ffff0000003e"}
&amp#27;[35m[HTTP]&amp#27;[39m &amp#27;[37m<-- POST /wd/hub/session/8bc46446-73b9-46f3-8673-a9e1e5431af5/element &amp#27;[39m&amp#27;[32m200&amp#27;[39m &amp#27;[90m73 ms - 137&amp#27;[39m
&amp#27;[35m[HTTP]&amp#27;[39m &amp#27;[90m&amp#27;[39m
&amp#27;[35m[HTTP]&amp#27;[39m &amp#27;[37m-->&amp#27;[39m &amp#27;[37mPOST&amp#27;[39m &amp#27;[37m/wd/hub/session/8bc46446-73b9-46f3-8673-a9e1e5431af5/element/00000000-0000-0136-7fff-ffff0000003e/value&amp#27;[39m
&amp#27;[35m[HTTP]&amp#27;[39m &amp#27;[90m{"id":"00000000-0000-0136-7fff-ffff0000003e","text":"1234","value":["1","2","3","4"]}&amp#27;[39m
[debug] &amp#27;[35m[W3C (8bc46446)]&amp#27;[39m Calling AppiumDriver.setValue() with args: [["1","2","3","4"],"00000000-0000-0136-7fff-ffff0000003e","8bc46446-73b9-46f3-8673-a9e1e5431af5"]
[debug] &amp#27;[35m[WD Proxy]&amp#27;[39m Matched '/element/00000000-0000-0136-7fff-ffff0000003e/value' to command name 'setValue'
[debug] &amp#27;[35m[Protocol Converter]&amp#27;[39m Added 'value' property ["1","2","3","4"] to 'setValue' request body
[debug] &amp#27;[35m[WD Proxy]&amp#27;[39m Proxying [POST /element/00000000-0000-0136-7fff-ffff0000003e/value] to [POST http://127.0.0.1:8204/wd/hub/session/1ba6c3f2-83d8-4411-bd70-b85c0b3a5be5/element/00000000-0000-0136-7fff-ffff0000003e/value] with body: {"elementId":"00000000-0000-0136-7fff-ffff0000003e","text":"1234","replace":false,"value":["1","2","3","4"]}
[debug] &amp#27;[35m[WD Proxy]&amp#27;[39m Got response with status 200: {"sessionId":"1ba6c3f2-83d8-4411-bd70-b85c0b3a5be5","value":null}
[debug] &amp#27;[35m[W3C (8bc46446)]&amp#27;[39m Responding to client with driver.setValue() result: null
&amp#27;[35m[HTTP]&amp#27;[39m &amp#27;[37m<-- POST /wd/hub/session/8bc46446-73b9-46f3-8673-a9e1e5431af5/element/00000000-0000-0136-7fff-ffff0000003e/value &amp#27;[39m&amp#27;[32m200&amp#27;[39m &amp#27;[90m608 ms - 14&amp#27;[39m
&amp#27;[35m[HTTP]&amp#27;[39m &amp#27;[90m&amp#27;[39m
&amp#27;[35m[HTTP]&amp#27;[39m &amp#27;[37m-->&amp#27;[39m &amp#27;[37mGET&amp#27;[39m &amp#27;[37m/wd/hub/session/8bc46446-73b9-46f3-8673-a9e1e5431af5/context&amp#27;[39m
&amp#27;[35m[HTTP]&amp#27;[39m &amp#27;[90m{}&amp#27;[39m
[debug] &amp#27;[35m[W3C (8bc46446)]&amp#27;[39m Calling AppiumDriver.getCurrentContext() with args: ["8bc46446-73b9-46f3-8673-a9e1e5431af5"]
[debug] &amp#27;[35m[W3C (8bc46446)]&amp#27;[39m Responding to client with driver.getCurrentContext() result: "NATIVE_APP"
&amp#27;[35m[HTTP]&amp#27;[39m &amp#27;[37m<-- GET /wd/hub/session/8bc46446-73b9-46f3-8673-a9e1e5431af5/context &amp#27;[39m&amp#27;[32m200&amp#27;[39m &amp#27;[90m1 ms - 22&amp#27;[39m
&amp#27;[35m[HTTP]&amp#27;[39m &amp#27;[90m&amp#27;[39m
&amp#27;[35m[HTTP]&amp#27;[39m &amp#27;[37m-->&amp#27;[39m &amp#27;[37mPOST&amp#27;[39m &amp#27;[37m/wd/hub/session/8bc46446-73b9-46f3-8673-a9e1e5431af5/element&amp#27;[39m
&amp#27;[35m[HTTP]&amp#27;[39m &amp#27;[90m{"using":"accessibility id","value":"button-LOGIN"}&amp#27;[39m
[debug] &amp#27;[35m[W3C (8bc46446)]&amp#27;[39m Calling AppiumDriver.findElement() with args: ["accessibility id","button-LOGIN","8bc46446-73b9-46f3-8673-a9e1e5431af5"]
[debug] &amp#27;[35m[BaseDriver]&amp#27;[39m Valid locator strategies for this request: xpath, id, class name, accessibility id, css selector, -android uiautomator
[debug] &amp#27;[35m[BaseDriver]&amp#27;[39m Waiting up to 30000 ms for condition
[debug] &amp#27;[35m[WD Proxy]&amp#27;[39m Matched '/element' to command name 'findElement'
[debug] &amp#27;[35m[WD Proxy]&amp#27;[39m Proxying [POST /element] to [POST http://127.0.0.1:8204/wd/hub/session/1ba6c3f2-83d8-4411-bd70-b85c0b3a5be5/element] with body: {"strategy":"accessibility id","selector":"button-LOGIN","context":"","multiple":false}
[debug] &amp#27;[35m[WD Proxy]&amp#27;[39m Got response with status 200: {"sessionId":"1ba6c3f2-83d8-4411-bd70-b85c0b3a5be5","value":{"ELEMENT":"00000000-0000-0136-7fff-ffff00000055","element-6066-11e4-a52e-4f735466cecf":"00000000-0000-0136-7fff-ffff00000055"}}
[debug] &amp#27;[35m[W3C (8bc46446)]&amp#27;[39m Responding to client with driver.findElement() result: {"element-6066-11e4-a52e-4f735466cecf":"00000000-0000-0136-7fff-ffff00000055","ELEMENT":"00000000-0000-0136-7fff-ffff00000055"}
&amp#27;[35m[HTTP]&amp#27;[39m &amp#27;[37m<-- POST /wd/hub/session/8bc46446-73b9-46f3-8673-a9e1e5431af5/element &amp#27;[39m&amp#27;[32m200&amp#27;[39m &amp#27;[90m700 ms - 137&amp#27;[39m
&amp#27;[35m[HTTP]&amp#27;[39m &amp#27;[90m&amp#27;[39m
&amp#27;[35m[HTTP]&amp#27;[39m &amp#27;[37m-->&amp#27;[39m &amp#27;[37mGET&amp#27;[39m &amp#27;[37m/wd/hub/session/8bc46446-73b9-46f3-8673-a9e1e5431af5/element/00000000-0000-0136-7fff-ffff00000055/displayed&amp#27;[39m
&amp#27;[35m[HTTP]&amp#27;[39m &amp#27;[90m{}&amp#27;[39m
[debug] &amp#27;[35m[W3C (8bc46446)]&amp#27;[39m Calling AppiumDriver.elementDisplayed() with args: ["00000000-0000-0136-7fff-ffff00000055","8bc46446-73b9-46f3-8673-a9e1e5431af5"]
[debug] &amp#27;[35m[WD Proxy]&amp#27;[39m Matched '/element/00000000-0000-0136-7fff-ffff00000055/attribute/displayed' to command name 'getAttribute'
[debug] &amp#27;[35m[WD Proxy]&amp#27;[39m Proxying [GET /element/00000000-0000-0136-7fff-ffff00000055/attribute/displayed] to [GET http://127.0.0.1:8204/wd/hub/session/1ba6c3f2-83d8-4411-bd70-b85c0b3a5be5/element/00000000-0000-0136-7fff-ffff00000055/attribute/displayed] with no body
[debug] &amp#27;[35m[WD Proxy]&amp#27;[39m Got response with status 200: {"sessionId":"1ba6c3f2-83d8-4411-bd70-b85c0b3a5be5","value":"true"}
[debug] &amp#27;[35m[W3C (8bc46446)]&amp#27;[39m Responding to client with driver.elementDisplayed() result: true
&amp#27;[35m[HTTP]&amp#27;[39m &amp#27;[37m<-- GET /wd/hub/session/8bc46446-73b9-46f3-8673-a9e1e5431af5/element/00000000-0000-0136-7fff-ffff00000055/displayed &amp#27;[39m&amp#27;[32m200&amp#27;[39m &amp#27;[90m23 ms - 14&amp#27;[39m
&amp#27;[35m[HTTP]&amp#27;[39m &amp#27;[90m&amp#27;[39m
&amp#27;[35m[HTTP]&amp#27;[39m &amp#27;[37m-->&amp#27;[39m &amp#27;[37mGET&amp#27;[39m &amp#27;[37m/wd/hub/session/8bc46446-73b9-46f3-8673-a9e1e5431af5/context&amp#27;[39m
&amp#27;[35m[HTTP]&amp#27;[39m &amp#27;[90m{}&amp#27;[39m
[debug] &amp#27;[35m[W3C (8bc46446)]&amp#27;[39m Calling AppiumDriver.getCurrentContext() with args: ["8bc46446-73b9-46f3-8673-a9e1e5431af5"]
[debug] &amp#27;[35m[W3C (8bc46446)]&amp#27;[39m Responding to client with driver.getCurrentContext() result: "NATIVE_APP"
&amp#27;[35m[HTTP]&amp#27;[39m &amp#27;[37m<-- GET /wd/hub/session/8bc46446-73b9-46f3-8673-a9e1e5431af5/context &amp#27;[39m&amp#27;[32m200&amp#27;[39m &amp#27;[90m2 ms - 22&amp#27;[39m
&amp#27;[35m[HTTP]&amp#27;[39m &amp#27;[90m&amp#27;[39m
&amp#27;[35m[HTTP]&amp#27;[39m &amp#27;[37m-->&amp#27;[39m &amp#27;[37mPOST&amp#27;[39m &amp#27;[37m/wd/hub/session/8bc46446-73b9-46f3-8673-a9e1e5431af5/element&amp#27;[39m
&amp#27;[35m[HTTP]&amp#27;[39m &amp#27;[90m{"using":"accessibility id","value":"button-LOGIN"}&amp#27;[39m
[debug] &amp#27;[35m[W3C (8bc46446)]&amp#27;[39m Calling AppiumDriver.findElement() with args: ["accessibility id","button-LOGIN","8bc46446-73b9-46f3-8673-a9e1e5431af5"]
[debug] &amp#27;[35m[BaseDriver]&amp#27;[39m Valid locator strategies for this request: xpath, id, class name, accessibility id, css selector, -android uiautomator
[debug] &amp#27;[35m[BaseDriver]&amp#27;[39m Waiting up to 30000 ms for condition
[debug] &amp#27;[35m[WD Proxy]&amp#27;[39m Matched '/element' to command name 'findElement'
[debug] &amp#27;[35m[WD Proxy]&amp#27;[39m Proxying [POST /element] to [POST http://127.0.0.1:8204/wd/hub/session/1ba6c3f2-83d8-4411-bd70-b85c0b3a5be5/element] with body: {"strategy":"accessibility id","selector":"button-LOGIN","context":"","multiple":false}
[debug] &amp#27;[35m[WD Proxy]&amp#27;[39m Got response with status 200: {"sessionId":"1ba6c3f2-83d8-4411-bd70-b85c0b3a5be5","value":{"ELEMENT":"00000000-0000-0136-7fff-ffff00000055","element-6066-11e4-a52e-4f735466cecf":"00000000-0000-0136-7fff-ffff00000055"}}
[debug] &amp#27;[35m[W3C (8bc46446)]&amp#27;[39m Responding to client with driver.findElement() result: {"element-6066-11e4-a52e-4f735466cecf":"00000000-0000-0136-7fff-ffff00000055","ELEMENT":"00000000-0000-0136-7fff-ffff00000055"}
&amp#27;[35m[HTTP]&amp#27;[39m &amp#27;[37m<-- POST /wd/hub/session/8bc46446-73b9-46f3-8673-a9e1e5431af5/element &amp#27;[39m&amp#27;[32m200&amp#27;[39m &amp#27;[90m64 ms - 137&amp#27;[39m
&amp#27;[35m[HTTP]&amp#27;[39m &amp#27;[90m&amp#27;[39m
&amp#27;[35m[HTTP]&amp#27;[39m &amp#27;[37m-->&amp#27;[39m &amp#27;[37mPOST&amp#27;[39m &amp#27;[37m/wd/hub/session/8bc46446-73b9-46f3-8673-a9e1e5431af5/element/00000000-0000-0136-7fff-ffff00000055/click&amp#27;[39m
&amp#27;[35m[HTTP]&amp#27;[39m &amp#27;[90m{"id":"00000000-0000-0136-7fff-ffff00000055"}&amp#27;[39m
[debug] &amp#27;[35m[W3C (8bc46446)]&amp#27;[39m Calling AppiumDriver.click() with args: ["00000000-0000-0136-7fff-ffff00000055","8bc46446-73b9-46f3-8673-a9e1e5431af5"]
[debug] &amp#27;[35m[WD Proxy]&amp#27;[39m Matched '/element/00000000-0000-0136-7fff-ffff00000055/click' to command name 'click'
[debug] &amp#27;[35m[WD Proxy]&amp#27;[39m Proxying [POST /element/00000000-0000-0136-7fff-ffff00000055/click] to [POST http://127.0.0.1:8204/wd/hub/session/1ba6c3f2-83d8-4411-bd70-b85c0b3a5be5/element/00000000-0000-0136-7fff-ffff00000055/click] with body: {"element":"00000000-0000-0136-7fff-ffff00000055"}
[debug] &amp#27;[35m[WD Proxy]&amp#27;[39m Got response with status 200: {"sessionId":"1ba6c3f2-83d8-4411-bd70-b85c0b3a5be5","value":null}
[debug] &amp#27;[35m[W3C (8bc46446)]&amp#27;[39m Responding to client with driver.click() result: null
&amp#27;[35m[HTTP]&amp#27;[39m &amp#27;[37m<-- POST /wd/hub/session/8bc46446-73b9-46f3-8673-a9e1e5431af5/element/00000000-0000-0136-7fff-ffff00000055/click &amp#27;[39m&amp#27;[32m200&amp#27;[39m &amp#27;[90m59 ms - 14&amp#27;[39m
&amp#27;[35m[HTTP]&amp#27;[39m &amp#27;[90m&amp#27;[39m
&amp#27;[35m[HTTP]&amp#27;[39m &amp#27;[37m-->&amp#27;[39m &amp#27;[37mGET&amp#27;[39m &amp#27;[37m/wd/hub/session/8bc46446-73b9-46f3-8673-a9e1e5431af5/context&amp#27;[39m
&amp#27;[35m[HTTP]&amp#27;[39m &amp#27;[90m{}&amp#27;[39m
[debug] &amp#27;[35m[W3C (8bc46446)]&amp#27;[39m Calling AppiumDriver.getCurrentContext() with args: ["8bc46446-73b9-46f3-8673-a9e1e5431af5"]
[debug] &amp#27;[35m[W3C (8bc46446)]&amp#27;[39m Responding to client with driver.getCurrentContext() result: "NATIVE_APP"
&amp#27;[35m[HTTP]&amp#27;[39m &amp#27;[37m<-- GET /wd/hub/session/8bc46446-73b9-46f3-8673-a9e1e5431af5/context &amp#27;[39m&amp#27;[32m200&amp#27;[39m &amp#27;[90m1 ms - 22&amp#27;[39m
&amp#27;[35m[HTTP]&amp#27;[39m &amp#27;[90m&amp#27;[39m
&amp#27;[35m[HTTP]&amp#27;[39m &amp#27;[37m-->&amp#27;[39m &amp#27;[37mPOST&amp#27;[39m &amp#27;[37m/wd/hub/session/8bc46446-73b9-46f3-8673-a9e1e5431af5/element&amp#27;[39m
&amp#27;[35m[HTTP]&amp#27;[39m &amp#27;[90m{"using":"xpath","value":"//*[@content-desc='button-LOGIN']/preceding-sibling::android.widget.TextView[2]"}&amp#27;[39m
[debug] &amp#27;[35m[W3C (8bc46446)]&amp#27;[39m Calling AppiumDriver.findElement() with args: ["xpath","//*[@content-desc='button-LOGIN']/preceding-sibling::android.widget.TextView[2]","8bc46446-73b9-46f3-8673-a9e1e5431af5"]
[debug] &amp#27;[35m[BaseDriver]&amp#27;[39m Valid locator strategies for this request: xpath, id, class name, accessibility id, css selector, -android uiautomator
[debug] &amp#27;[35m[BaseDriver]&amp#27;[39m Waiting up to 30000 ms for condition
[debug] &amp#27;[35m[WD Proxy]&amp#27;[39m Matched '/element' to command name 'findElement'
[debug] &amp#27;[35m[WD Proxy]&amp#27;[39m Proxying [POST /element] to [POST http://127.0.0.1:8204/wd/hub/session/1ba6c3f2-83d8-4411-bd70-b85c0b3a5be5/element] with body: {"strategy":"xpath","selector":"//*[@content-desc='button-LOGIN']/preceding-sibling::android.widget.TextView[2]","context":"","multiple":false}
[debug] &amp#27;[35m[WD Proxy]&amp#27;[39m Got response with status 200: {"sessionId":"1ba6c3f2-83d8-4411-bd70-b85c0b3a5be5","value":{"ELEMENT":"00000000-0000-0136-7fff-ffff00000053","element-6066-11e4-a52e-4f735466cecf":"00000000-0000-0136-7fff-ffff00000053"}}
[debug] &amp#27;[35m[W3C (8bc46446)]&amp#27;[39m Responding to client with driver.findElement() result: {"element-6066-11e4-a52e-4f735466cecf":"00000000-0000-0136-7fff-ffff00000053","ELEMENT":"00000000-0000-0136-7fff-ffff00000053"}
&amp#27;[35m[HTTP]&amp#27;[39m &amp#27;[37m<-- POST /wd/hub/session/8bc46446-73b9-46f3-8673-a9e1e5431af5/element &amp#27;[39m&amp#27;[32m200&amp#27;[39m &amp#27;[90m193 ms - 137&amp#27;[39m
&amp#27;[35m[HTTP]&amp#27;[39m &amp#27;[90m&amp#27;[39m
&amp#27;[35m[HTTP]&amp#27;[39m &amp#27;[37m-->&amp#27;[39m &amp#27;[37mGET&amp#27;[39m &amp#27;[37m/wd/hub/session/8bc46446-73b9-46f3-8673-a9e1e5431af5/element/00000000-0000-0136-7fff-ffff00000053/displayed&amp#27;[39m
&amp#27;[35m[HTTP]&amp#27;[39m &amp#27;[90m{}&amp#27;[39m
[debug] &amp#27;[35m[W3C (8bc46446)]&amp#27;[39m Calling AppiumDriver.elementDisplayed() with args: ["00000000-0000-0136-7fff-ffff00000053","8bc46446-73b9-46f3-8673-a9e1e5431af5"]
[debug] &amp#27;[35m[WD Proxy]&amp#27;[39m Matched '/element/00000000-0000-0136-7fff-ffff00000053/attribute/displayed' to command name 'getAttribute'
[debug] &amp#27;[35m[WD Proxy]&amp#27;[39m Proxying [GET /element/00000000-0000-0136-7fff-ffff00000053/attribute/displayed] to [GET http://127.0.0.1:8204/wd/hub/session/1ba6c3f2-83d8-4411-bd70-b85c0b3a5be5/element/00000000-0000-0136-7fff-ffff00000053/attribute/displayed] with no body
[debug] &amp#27;[35m[WD Proxy]&amp#27;[39m Got response with status 200: {"sessionId":"1ba6c3f2-83d8-4411-bd70-b85c0b3a5be5","value":"true"}
[debug] &amp#27;[35m[W3C (8bc46446)]&amp#27;[39m Responding to client with driver.elementDisplayed() result: true
&amp#27;[35m[HTTP]&amp#27;[39m &amp#27;[37m<-- GET /wd/hub/session/8bc46446-73b9-46f3-8673-a9e1e5431af5/element/00000000-0000-0136-7fff-ffff00000053/displayed &amp#27;[39m&amp#27;[32m200&amp#27;[39m &amp#27;[90m803 ms - 14&amp#27;[39m
&amp#27;[35m[HTTP]&amp#27;[39m &amp#27;[90m&amp#27;[39m
&amp#27;[35m[HTTP]&amp#27;[39m &amp#27;[37m-->&amp#27;[39m &amp#27;[37mGET&amp#27;[39m &amp#27;[37m/wd/hub/session/8bc46446-73b9-46f3-8673-a9e1e5431af5/context&amp#27;[39m
&amp#27;[35m[HTTP]&amp#27;[39m &amp#27;[90m{}&amp#27;[39m
[debug] &amp#27;[35m[W3C (8bc46446)]&amp#27;[39m Calling AppiumDriver.getCurrentContext() with args: ["8bc46446-73b9-46f3-8673-a9e1e5431af5"]
[debug] &amp#27;[35m[W3C (8bc46446)]&amp#27;[39m Responding to client with driver.getCurrentContext() result: "NATIVE_APP"
&amp#27;[35m[HTTP]&amp#27;[39m &amp#27;[37m<-- GET /wd/hub/session/8bc46446-73b9-46f3-8673-a9e1e5431af5/context &amp#27;[39m&amp#27;[32m200&amp#27;[39m &amp#27;[90m1 ms - 22&amp#27;[39m
&amp#27;[35m[HTTP]&amp#27;[39m &amp#27;[90m&amp#27;[39m
&amp#27;[35m[HTTP]&amp#27;[39m &amp#27;[37m-->&amp#27;[39m &amp#27;[37mPOST&amp#27;[39m &amp#27;[37m/wd/hub/session/8bc46446-73b9-46f3-8673-a9e1e5431af5/element&amp#27;[39m
&amp#27;[35m[HTTP]&amp#27;[39m &amp#27;[90m{"using":"xpath","value":"//*[@content-desc='button-LOGIN']/preceding-sibling::android.widget.TextView[2]"}&amp#27;[39m
[debug] &amp#27;[35m[W3C (8bc46446)]&amp#27;[39m Calling AppiumDriver.findElement() with args: ["xpath","//*[@content-desc='button-LOGIN']/preceding-sibling::android.widget.TextView[2]","8bc46446-73b9-46f3-8673-a9e1e5431af5"]
[debug] &amp#27;[35m[BaseDriver]&amp#27;[39m Valid locator strategies for this request: xpath, id, class name, accessibility id, css selector, -android uiautomator
[debug] &amp#27;[35m[BaseDriver]&amp#27;[39m Waiting up to 30000 ms for condition
[debug] &amp#27;[35m[WD Proxy]&amp#27;[39m Matched '/element' to command name 'findElement'
[debug] &amp#27;[35m[WD Proxy]&amp#27;[39m Proxying [POST /element] to [POST http://127.0.0.1:8204/wd/hub/session/1ba6c3f2-83d8-4411-bd70-b85c0b3a5be5/element] with body: {"strategy":"xpath","selector":"//*[@content-desc='button-LOGIN']/preceding-sibling::android.widget.TextView[2]","context":"","multiple":false}
[debug] &amp#27;[35m[WD Proxy]&amp#27;[39m Got response with status 200: {"sessionId":"1ba6c3f2-83d8-4411-bd70-b85c0b3a5be5","value":{"ELEMENT":"00000000-0000-0136-7fff-ffff00000053","element-6066-11e4-a52e-4f735466cecf":"00000000-0000-0136-7fff-ffff00000053"}}
[debug] &amp#27;[35m[W3C (8bc46446)]&amp#27;[39m Responding to client with driver.findElement() result: {"element-6066-11e4-a52e-4f735466cecf":"00000000-0000-0136-7fff-ffff00000053","ELEMENT":"00000000-0000-0136-7fff-ffff00000053"}
&amp#27;[35m[HTTP]&amp#27;[39m &amp#27;[37m<-- POST /wd/hub/session/8bc46446-73b9-46f3-8673-a9e1e5431af5/element &amp#27;[39m&amp#27;[32m200&amp#27;[39m &amp#27;[90m174 ms - 137&amp#27;[39m
&amp#27;[35m[HTTP]&amp#27;[39m &amp#27;[90m&amp#27;[39m
&amp#27;[35m[HTTP]&amp#27;[39m &amp#27;[37m-->&amp#27;[39m &amp#27;[37mGET&amp#27;[39m &amp#27;[37m/wd/hub/session/8bc46446-73b9-46f3-8673-a9e1e5431af5/element/00000000-0000-0136-7fff-ffff00000053/text&amp#27;[39m
&amp#27;[35m[HTTP]&amp#27;[39m &amp#27;[90m{}&amp#27;[39m
&amp#27;[35m[W3C (8bc46446)]&amp#27;[39m Driver proxy active, passing request on via HTTP proxy
[debug] &amp#27;[35m[WD Proxy]&amp#27;[39m Matched '/wd/hub/session/8bc46446-73b9-46f3-8673-a9e1e5431af5/element/00000000-0000-0136-7fff-ffff00000053/text' to command name 'getText'
[debug] &amp#27;[35m[WD Proxy]&amp#27;[39m Proxying [GET /wd/hub/session/8bc46446-73b9-46f3-8673-a9e1e5431af5/element/00000000-0000-0136-7fff-ffff00000053/text] to [GET http://127.0.0.1:8204/wd/hub/session/1ba6c3f2-83d8-4411-bd70-b85c0b3a5be5/element/00000000-0000-0136-7fff-ffff00000053/text] with no body
[debug] &amp#27;[35m[WD Proxy]&amp#27;[39m Got response with status 200: {"sessionId":"1ba6c3f2-83d8-4411-bd70-b85c0b3a5be5","value":"Please enter at least 8 characters"}
&amp#27;[35m[WD Proxy]&amp#27;[39m Replacing sessionId 1ba6c3f2-83d8-4411-bd70-b85c0b3a5be5 with 8bc46446-73b9-46f3-8673-a9e1e5431af5
&amp#27;[35m[HTTP]&amp#27;[39m &amp#27;[37m<-- GET /wd/hub/session/8bc46446-73b9-46f3-8673-a9e1e5431af5/element/00000000-0000-0136-7fff-ffff00000053/text &amp#27;[39m&amp#27;[32m200&amp#27;[39m &amp#27;[90m13 ms - 97&amp#27;[39m
&amp#27;[35m[HTTP]&amp#27;[39m &amp#27;[90m&amp#27;[39m
]]></system-out>
    <system-err><![CDATA[SLF4J: Failed to load class "org.slf4j.impl.StaticLoggerBinder".
SLF4J: Defaulting to no-operation (NOP) logger implementation
SLF4J: See http://www.slf4j.org/codes.html#StaticLoggerBinder for further details.
Dec 07, 2021 3:33:01 AM io.appium.java_client.remote.AppiumCommandExecutor$1 lambda$0
INFO: Detected dialect: W3C
]]></system-err>
  </testcase>
  <testcase name="loginWithInvalidCreds[LoginCreds{username=&apos;tunghuynh.gmail.com&apos;, password=&apos;12345678&apos;}](2)" classname="TestNG.TestLoginPage.LoginTest" time="6.746">
    <system-out><![CDATA[&amp#27;[35m[HTTP]&amp#27;[39m &amp#27;[37m-->&amp#27;[39m &amp#27;[37mGET&amp#27;[39m &amp#27;[37m/wd/hub/session/8bc46446-73b9-46f3-8673-a9e1e5431af5/context&amp#27;[39m
&amp#27;[35m[HTTP]&amp#27;[39m &amp#27;[90m{}&amp#27;[39m
[debug] &amp#27;[35m[W3C (8bc46446)]&amp#27;[39m Calling AppiumDriver.getCurrentContext() with args: ["8bc46446-73b9-46f3-8673-a9e1e5431af5"]
[debug] &amp#27;[35m[W3C (8bc46446)]&amp#27;[39m Responding to client with driver.getCurrentContext() result: "NATIVE_APP"
&amp#27;[35m[HTTP]&amp#27;[39m &amp#27;[37m<-- GET /wd/hub/session/8bc46446-73b9-46f3-8673-a9e1e5431af5/context &amp#27;[39m&amp#27;[32m200&amp#27;[39m &amp#27;[90m1 ms - 22&amp#27;[39m
&amp#27;[35m[HTTP]&amp#27;[39m &amp#27;[90m&amp#27;[39m
&amp#27;[35m[HTTP]&amp#27;[39m &amp#27;[37m-->&amp#27;[39m &amp#27;[37mPOST&amp#27;[39m &amp#27;[37m/wd/hub/session/8bc46446-73b9-46f3-8673-a9e1e5431af5/element&amp#27;[39m
&amp#27;[35m[HTTP]&amp#27;[39m &amp#27;[90m{"using":"accessibility id","value":"Login"}&amp#27;[39m
[debug] &amp#27;[35m[W3C (8bc46446)]&amp#27;[39m Calling AppiumDriver.findElement() with args: ["accessibility id","Login","8bc46446-73b9-46f3-8673-a9e1e5431af5"]
[debug] &amp#27;[35m[BaseDriver]&amp#27;[39m Valid locator strategies for this request: xpath, id, class name, accessibility id, css selector, -android uiautomator
[debug] &amp#27;[35m[BaseDriver]&amp#27;[39m Waiting up to 30000 ms for condition
[debug] &amp#27;[35m[WD Proxy]&amp#27;[39m Matched '/element' to command name 'findElement'
[debug] &amp#27;[35m[WD Proxy]&amp#27;[39m Proxying [POST /element] to [POST http://127.0.0.1:8204/wd/hub/session/1ba6c3f2-83d8-4411-bd70-b85c0b3a5be5/element] with body: {"strategy":"accessibility id","selector":"Login","context":"","multiple":false}
[debug] &amp#27;[35m[WD Proxy]&amp#27;[39m Got response with status 200: {"sessionId":"1ba6c3f2-83d8-4411-bd70-b85c0b3a5be5","value":{"ELEMENT":"00000000-0000-0136-7fff-ffff00000013","element-6066-11e4-a52e-4f735466cecf":"00000000-0000-0136-7fff-ffff00000013"}}
[debug] &amp#27;[35m[W3C (8bc46446)]&amp#27;[39m Responding to client with driver.findElement() result: {"element-6066-11e4-a52e-4f735466cecf":"00000000-0000-0136-7fff-ffff00000013","ELEMENT":"00000000-0000-0136-7fff-ffff00000013"}
&amp#27;[35m[HTTP]&amp#27;[39m &amp#27;[37m<-- POST /wd/hub/session/8bc46446-73b9-46f3-8673-a9e1e5431af5/element &amp#27;[39m&amp#27;[32m200&amp#27;[39m &amp#27;[90m78 ms - 137&amp#27;[39m
&amp#27;[35m[HTTP]&amp#27;[39m &amp#27;[90m&amp#27;[39m
&amp#27;[35m[HTTP]&amp#27;[39m &amp#27;[37m-->&amp#27;[39m &amp#27;[37mGET&amp#27;[39m &amp#27;[37m/wd/hub/session/8bc46446-73b9-46f3-8673-a9e1e5431af5/element/00000000-0000-0136-7fff-ffff00000013/displayed&amp#27;[39m
&amp#27;[35m[HTTP]&amp#27;[39m &amp#27;[90m{}&amp#27;[39m
[debug] &amp#27;[35m[W3C (8bc46446)]&amp#27;[39m Calling AppiumDriver.elementDisplayed() with args: ["00000000-0000-0136-7fff-ffff00000013","8bc46446-73b9-46f3-8673-a9e1e5431af5"]
[debug] &amp#27;[35m[WD Proxy]&amp#27;[39m Matched '/element/00000000-0000-0136-7fff-ffff00000013/attribute/displayed' to command name 'getAttribute'
[debug] &amp#27;[35m[WD Proxy]&amp#27;[39m Proxying [GET /element/00000000-0000-0136-7fff-ffff00000013/attribute/displayed] to [GET http://127.0.0.1:8204/wd/hub/session/1ba6c3f2-83d8-4411-bd70-b85c0b3a5be5/element/00000000-0000-0136-7fff-ffff00000013/attribute/displayed] with no body
[debug] &amp#27;[35m[WD Proxy]&amp#27;[39m Got response with status 200: {"sessionId":"1ba6c3f2-83d8-4411-bd70-b85c0b3a5be5","value":"true"}
[debug] &amp#27;[35m[W3C (8bc46446)]&amp#27;[39m Responding to client with driver.elementDisplayed() result: true
&amp#27;[35m[HTTP]&amp#27;[39m &amp#27;[37m<-- GET /wd/hub/session/8bc46446-73b9-46f3-8673-a9e1e5431af5/element/00000000-0000-0136-7fff-ffff00000013/displayed &amp#27;[39m&amp#27;[32m200&amp#27;[39m &amp#27;[90m19 ms - 14&amp#27;[39m
&amp#27;[35m[HTTP]&amp#27;[39m &amp#27;[90m&amp#27;[39m
&amp#27;[35m[HTTP]&amp#27;[39m &amp#27;[37m-->&amp#27;[39m &amp#27;[37mGET&amp#27;[39m &amp#27;[37m/wd/hub/session/8bc46446-73b9-46f3-8673-a9e1e5431af5/context&amp#27;[39m
&amp#27;[35m[HTTP]&amp#27;[39m &amp#27;[90m{}&amp#27;[39m
[debug] &amp#27;[35m[W3C (8bc46446)]&amp#27;[39m Calling AppiumDriver.getCurrentContext() with args: ["8bc46446-73b9-46f3-8673-a9e1e5431af5"]
[debug] &amp#27;[35m[W3C (8bc46446)]&amp#27;[39m Responding to client with driver.getCurrentContext() result: "NATIVE_APP"
&amp#27;[35m[HTTP]&amp#27;[39m &amp#27;[37m<-- GET /wd/hub/session/8bc46446-73b9-46f3-8673-a9e1e5431af5/context &amp#27;[39m&amp#27;[32m200&amp#27;[39m &amp#27;[90m1 ms - 22&amp#27;[39m
&amp#27;[35m[HTTP]&amp#27;[39m &amp#27;[90m&amp#27;[39m
&amp#27;[35m[HTTP]&amp#27;[39m &amp#27;[37m-->&amp#27;[39m &amp#27;[37mPOST&amp#27;[39m &amp#27;[37m/wd/hub/session/8bc46446-73b9-46f3-8673-a9e1e5431af5/element&amp#27;[39m
&amp#27;[35m[HTTP]&amp#27;[39m &amp#27;[90m{"using":"accessibility id","value":"Login"}&amp#27;[39m
[debug] &amp#27;[35m[W3C (8bc46446)]&amp#27;[39m Calling AppiumDriver.findElement() with args: ["accessibility id","Login","8bc46446-73b9-46f3-8673-a9e1e5431af5"]
[debug] &amp#27;[35m[BaseDriver]&amp#27;[39m Valid locator strategies for this request: xpath, id, class name, accessibility id, css selector, -android uiautomator
[debug] &amp#27;[35m[BaseDriver]&amp#27;[39m Waiting up to 30000 ms for condition
[debug] &amp#27;[35m[WD Proxy]&amp#27;[39m Matched '/element' to command name 'findElement'
[debug] &amp#27;[35m[WD Proxy]&amp#27;[39m Proxying [POST /element] to [POST http://127.0.0.1:8204/wd/hub/session/1ba6c3f2-83d8-4411-bd70-b85c0b3a5be5/element] with body: {"strategy":"accessibility id","selector":"Login","context":"","multiple":false}
[debug] &amp#27;[35m[WD Proxy]&amp#27;[39m Got response with status 200: {"sessionId":"1ba6c3f2-83d8-4411-bd70-b85c0b3a5be5","value":{"ELEMENT":"00000000-0000-0136-7fff-ffff00000013","element-6066-11e4-a52e-4f735466cecf":"00000000-0000-0136-7fff-ffff00000013"}}
[debug] &amp#27;[35m[W3C (8bc46446)]&amp#27;[39m Responding to client with driver.findElement() result: {"element-6066-11e4-a52e-4f735466cecf":"00000000-0000-0136-7fff-ffff00000013","ELEMENT":"00000000-0000-0136-7fff-ffff00000013"}
&amp#27;[35m[HTTP]&amp#27;[39m &amp#27;[37m<-- POST /wd/hub/session/8bc46446-73b9-46f3-8673-a9e1e5431af5/element &amp#27;[39m&amp#27;[32m200&amp#27;[39m &amp#27;[90m63 ms - 137&amp#27;[39m
&amp#27;[35m[HTTP]&amp#27;[39m &amp#27;[90m&amp#27;[39m
&amp#27;[35m[HTTP]&amp#27;[39m &amp#27;[37m-->&amp#27;[39m &amp#27;[37mPOST&amp#27;[39m &amp#27;[37m/wd/hub/session/8bc46446-73b9-46f3-8673-a9e1e5431af5/element/00000000-0000-0136-7fff-ffff00000013/click&amp#27;[39m
&amp#27;[35m[HTTP]&amp#27;[39m &amp#27;[90m{"id":"00000000-0000-0136-7fff-ffff00000013"}&amp#27;[39m
[debug] &amp#27;[35m[W3C (8bc46446)]&amp#27;[39m Calling AppiumDriver.click() with args: ["00000000-0000-0136-7fff-ffff00000013","8bc46446-73b9-46f3-8673-a9e1e5431af5"]
[debug] &amp#27;[35m[WD Proxy]&amp#27;[39m Matched '/element/00000000-0000-0136-7fff-ffff00000013/click' to command name 'click'
[debug] &amp#27;[35m[WD Proxy]&amp#27;[39m Proxying [POST /element/00000000-0000-0136-7fff-ffff00000013/click] to [POST http://127.0.0.1:8204/wd/hub/session/1ba6c3f2-83d8-4411-bd70-b85c0b3a5be5/element/00000000-0000-0136-7fff-ffff00000013/click] with body: {"element":"00000000-0000-0136-7fff-ffff00000013"}
[debug] &amp#27;[35m[WD Proxy]&amp#27;[39m Got response with status 200: {"sessionId":"1ba6c3f2-83d8-4411-bd70-b85c0b3a5be5","value":null}
[debug] &amp#27;[35m[W3C (8bc46446)]&amp#27;[39m Responding to client with driver.click() result: null
&amp#27;[35m[HTTP]&amp#27;[39m &amp#27;[37m<-- POST /wd/hub/session/8bc46446-73b9-46f3-8673-a9e1e5431af5/element/00000000-0000-0136-7fff-ffff00000013/click &amp#27;[39m&amp#27;[32m200&amp#27;[39m &amp#27;[90m48 ms - 14&amp#27;[39m
&amp#27;[35m[HTTP]&amp#27;[39m &amp#27;[90m&amp#27;[39m
&amp#27;[35m[HTTP]&amp#27;[39m &amp#27;[37m-->&amp#27;[39m &amp#27;[37mGET&amp#27;[39m &amp#27;[37m/wd/hub/session/8bc46446-73b9-46f3-8673-a9e1e5431af5/context&amp#27;[39m
&amp#27;[35m[HTTP]&amp#27;[39m &amp#27;[90m{}&amp#27;[39m
[debug] &amp#27;[35m[W3C (8bc46446)]&amp#27;[39m Calling AppiumDriver.getCurrentContext() with args: ["8bc46446-73b9-46f3-8673-a9e1e5431af5"]
[debug] &amp#27;[35m[W3C (8bc46446)]&amp#27;[39m Responding to client with driver.getCurrentContext() result: "NATIVE_APP"
&amp#27;[35m[HTTP]&amp#27;[39m &amp#27;[37m<-- GET /wd/hub/session/8bc46446-73b9-46f3-8673-a9e1e5431af5/context &amp#27;[39m&amp#27;[32m200&amp#27;[39m &amp#27;[90m1 ms - 22&amp#27;[39m
&amp#27;[35m[HTTP]&amp#27;[39m &amp#27;[90m&amp#27;[39m
&amp#27;[35m[HTTP]&amp#27;[39m &amp#27;[37m-->&amp#27;[39m &amp#27;[37mPOST&amp#27;[39m &amp#27;[37m/wd/hub/session/8bc46446-73b9-46f3-8673-a9e1e5431af5/element&amp#27;[39m
&amp#27;[35m[HTTP]&amp#27;[39m &amp#27;[90m{"using":"accessibility id","value":"input-email"}&amp#27;[39m
[debug] &amp#27;[35m[W3C (8bc46446)]&amp#27;[39m Calling AppiumDriver.findElement() with args: ["accessibility id","input-email","8bc46446-73b9-46f3-8673-a9e1e5431af5"]
[debug] &amp#27;[35m[BaseDriver]&amp#27;[39m Valid locator strategies for this request: xpath, id, class name, accessibility id, css selector, -android uiautomator
[debug] &amp#27;[35m[BaseDriver]&amp#27;[39m Waiting up to 30000 ms for condition
[debug] &amp#27;[35m[WD Proxy]&amp#27;[39m Matched '/element' to command name 'findElement'
[debug] &amp#27;[35m[WD Proxy]&amp#27;[39m Proxying [POST /element] to [POST http://127.0.0.1:8204/wd/hub/session/1ba6c3f2-83d8-4411-bd70-b85c0b3a5be5/element] with body: {"strategy":"accessibility id","selector":"input-email","context":"","multiple":false}
[debug] &amp#27;[35m[WD Proxy]&amp#27;[39m Got response with status 200: {"sessionId":"1ba6c3f2-83d8-4411-bd70-b85c0b3a5be5","value":{"ELEMENT":"00000000-0000-0136-7fff-ffff0000003c","element-6066-11e4-a52e-4f735466cecf":"00000000-0000-0136-7fff-ffff0000003c"}}
[debug] &amp#27;[35m[W3C (8bc46446)]&amp#27;[39m Responding to client with driver.findElement() result: {"element-6066-11e4-a52e-4f735466cecf":"00000000-0000-0136-7fff-ffff0000003c","ELEMENT":"00000000-0000-0136-7fff-ffff0000003c"}
&amp#27;[35m[HTTP]&amp#27;[39m &amp#27;[37m<-- POST /wd/hub/session/8bc46446-73b9-46f3-8673-a9e1e5431af5/element &amp#27;[39m&amp#27;[32m200&amp#27;[39m &amp#27;[90m56 ms - 137&amp#27;[39m
&amp#27;[35m[HTTP]&amp#27;[39m &amp#27;[90m&amp#27;[39m
&amp#27;[35m[HTTP]&amp#27;[39m &amp#27;[37m-->&amp#27;[39m &amp#27;[37mGET&amp#27;[39m &amp#27;[37m/wd/hub/session/8bc46446-73b9-46f3-8673-a9e1e5431af5/element/00000000-0000-0136-7fff-ffff0000003c/displayed&amp#27;[39m
&amp#27;[35m[HTTP]&amp#27;[39m &amp#27;[90m{}&amp#27;[39m
[debug] &amp#27;[35m[W3C (8bc46446)]&amp#27;[39m Calling AppiumDriver.elementDisplayed() with args: ["00000000-0000-0136-7fff-ffff0000003c","8bc46446-73b9-46f3-8673-a9e1e5431af5"]
[debug] &amp#27;[35m[WD Proxy]&amp#27;[39m Matched '/element/00000000-0000-0136-7fff-ffff0000003c/attribute/displayed' to command name 'getAttribute'
[debug] &amp#27;[35m[WD Proxy]&amp#27;[39m Proxying [GET /element/00000000-0000-0136-7fff-ffff0000003c/attribute/displayed] to [GET http://127.0.0.1:8204/wd/hub/session/1ba6c3f2-83d8-4411-bd70-b85c0b3a5be5/element/00000000-0000-0136-7fff-ffff0000003c/attribute/displayed] with no body
[debug] &amp#27;[35m[WD Proxy]&amp#27;[39m Got response with status 200: {"sessionId":"1ba6c3f2-83d8-4411-bd70-b85c0b3a5be5","value":"true"}
[debug] &amp#27;[35m[W3C (8bc46446)]&amp#27;[39m Responding to client with driver.elementDisplayed() result: true
&amp#27;[35m[HTTP]&amp#27;[39m &amp#27;[37m<-- GET /wd/hub/session/8bc46446-73b9-46f3-8673-a9e1e5431af5/element/00000000-0000-0136-7fff-ffff0000003c/displayed &amp#27;[39m&amp#27;[32m200&amp#27;[39m &amp#27;[90m17 ms - 14&amp#27;[39m
&amp#27;[35m[HTTP]&amp#27;[39m &amp#27;[90m&amp#27;[39m
&amp#27;[35m[HTTP]&amp#27;[39m &amp#27;[37m-->&amp#27;[39m &amp#27;[37mGET&amp#27;[39m &amp#27;[37m/wd/hub/session/8bc46446-73b9-46f3-8673-a9e1e5431af5/context&amp#27;[39m
&amp#27;[35m[HTTP]&amp#27;[39m &amp#27;[90m{}&amp#27;[39m
[debug] &amp#27;[35m[W3C (8bc46446)]&amp#27;[39m Calling AppiumDriver.getCurrentContext() with args: ["8bc46446-73b9-46f3-8673-a9e1e5431af5"]
[debug] &amp#27;[35m[W3C (8bc46446)]&amp#27;[39m Responding to client with driver.getCurrentContext() result: "NATIVE_APP"
&amp#27;[35m[HTTP]&amp#27;[39m &amp#27;[37m<-- GET /wd/hub/session/8bc46446-73b9-46f3-8673-a9e1e5431af5/context &amp#27;[39m&amp#27;[32m200&amp#27;[39m &amp#27;[90m1 ms - 22&amp#27;[39m
&amp#27;[35m[HTTP]&amp#27;[39m &amp#27;[90m&amp#27;[39m
&amp#27;[35m[HTTP]&amp#27;[39m &amp#27;[37m-->&amp#27;[39m &amp#27;[37mPOST&amp#27;[39m &amp#27;[37m/wd/hub/session/8bc46446-73b9-46f3-8673-a9e1e5431af5/element&amp#27;[39m
&amp#27;[35m[HTTP]&amp#27;[39m &amp#27;[90m{"using":"accessibility id","value":"input-email"}&amp#27;[39m
[debug] &amp#27;[35m[W3C (8bc46446)]&amp#27;[39m Calling AppiumDriver.findElement() with args: ["accessibility id","input-email","8bc46446-73b9-46f3-8673-a9e1e5431af5"]
[debug] &amp#27;[35m[BaseDriver]&amp#27;[39m Valid locator strategies for this request: xpath, id, class name, accessibility id, css selector, -android uiautomator
[debug] &amp#27;[35m[BaseDriver]&amp#27;[39m Waiting up to 30000 ms for condition
[debug] &amp#27;[35m[WD Proxy]&amp#27;[39m Matched '/element' to command name 'findElement'
[debug] &amp#27;[35m[WD Proxy]&amp#27;[39m Proxying [POST /element] to [POST http://127.0.0.1:8204/wd/hub/session/1ba6c3f2-83d8-4411-bd70-b85c0b3a5be5/element] with body: {"strategy":"accessibility id","selector":"input-email","context":"","multiple":false}
[debug] &amp#27;[35m[WD Proxy]&amp#27;[39m Got response with status 200: {"sessionId":"1ba6c3f2-83d8-4411-bd70-b85c0b3a5be5","value":{"ELEMENT":"00000000-0000-0136-7fff-ffff0000003c","element-6066-11e4-a52e-4f735466cecf":"00000000-0000-0136-7fff-ffff0000003c"}}
[debug] &amp#27;[35m[W3C (8bc46446)]&amp#27;[39m Responding to client with driver.findElement() result: {"element-6066-11e4-a52e-4f735466cecf":"00000000-0000-0136-7fff-ffff0000003c","ELEMENT":"00000000-0000-0136-7fff-ffff0000003c"}
&amp#27;[35m[HTTP]&amp#27;[39m &amp#27;[37m<-- POST /wd/hub/session/8bc46446-73b9-46f3-8673-a9e1e5431af5/element &amp#27;[39m&amp#27;[32m200&amp#27;[39m &amp#27;[90m71 ms - 137&amp#27;[39m
&amp#27;[35m[HTTP]&amp#27;[39m &amp#27;[90m&amp#27;[39m
&amp#27;[35m[HTTP]&amp#27;[39m &amp#27;[37m-->&amp#27;[39m &amp#27;[37mPOST&amp#27;[39m &amp#27;[37m/wd/hub/session/8bc46446-73b9-46f3-8673-a9e1e5431af5/element/00000000-0000-0136-7fff-ffff0000003c/clear&amp#27;[39m
&amp#27;[35m[HTTP]&amp#27;[39m &amp#27;[90m{"id":"00000000-0000-0136-7fff-ffff0000003c"}&amp#27;[39m
[debug] &amp#27;[35m[W3C (8bc46446)]&amp#27;[39m Calling AppiumDriver.clear() with args: ["00000000-0000-0136-7fff-ffff0000003c","8bc46446-73b9-46f3-8673-a9e1e5431af5"]
[debug] &amp#27;[35m[WD Proxy]&amp#27;[39m Matched '/element/00000000-0000-0136-7fff-ffff0000003c/clear' to command name 'clear'
[debug] &amp#27;[35m[WD Proxy]&amp#27;[39m Proxying [POST /element/00000000-0000-0136-7fff-ffff0000003c/clear] to [POST http://127.0.0.1:8204/wd/hub/session/1ba6c3f2-83d8-4411-bd70-b85c0b3a5be5/element/00000000-0000-0136-7fff-ffff0000003c/clear] with body: {"elementId":"00000000-0000-0136-7fff-ffff0000003c"}
[debug] &amp#27;[35m[WD Proxy]&amp#27;[39m Got response with status 200: {"sessionId":"1ba6c3f2-83d8-4411-bd70-b85c0b3a5be5","value":null}
[debug] &amp#27;[35m[W3C (8bc46446)]&amp#27;[39m Responding to client with driver.clear() result: null
&amp#27;[35m[HTTP]&amp#27;[39m &amp#27;[37m<-- POST /wd/hub/session/8bc46446-73b9-46f3-8673-a9e1e5431af5/element/00000000-0000-0136-7fff-ffff0000003c/clear &amp#27;[39m&amp#27;[32m200&amp#27;[39m &amp#27;[90m36 ms - 14&amp#27;[39m
&amp#27;[35m[HTTP]&amp#27;[39m &amp#27;[90m&amp#27;[39m
&amp#27;[35m[HTTP]&amp#27;[39m &amp#27;[37m-->&amp#27;[39m &amp#27;[37mGET&amp#27;[39m &amp#27;[37m/wd/hub/session/8bc46446-73b9-46f3-8673-a9e1e5431af5/context&amp#27;[39m
&amp#27;[35m[HTTP]&amp#27;[39m &amp#27;[90m{}&amp#27;[39m
[debug] &amp#27;[35m[W3C (8bc46446)]&amp#27;[39m Calling AppiumDriver.getCurrentContext() with args: ["8bc46446-73b9-46f3-8673-a9e1e5431af5"]
[debug] &amp#27;[35m[W3C (8bc46446)]&amp#27;[39m Responding to client with driver.getCurrentContext() result: "NATIVE_APP"
&amp#27;[35m[HTTP]&amp#27;[39m &amp#27;[37m<-- GET /wd/hub/session/8bc46446-73b9-46f3-8673-a9e1e5431af5/context &amp#27;[39m&amp#27;[32m200&amp#27;[39m &amp#27;[90m1 ms - 22&amp#27;[39m
&amp#27;[35m[HTTP]&amp#27;[39m &amp#27;[90m&amp#27;[39m
&amp#27;[35m[HTTP]&amp#27;[39m &amp#27;[37m-->&amp#27;[39m &amp#27;[37mPOST&amp#27;[39m &amp#27;[37m/wd/hub/session/8bc46446-73b9-46f3-8673-a9e1e5431af5/element&amp#27;[39m
&amp#27;[35m[HTTP]&amp#27;[39m &amp#27;[90m{"using":"accessibility id","value":"input-email"}&amp#27;[39m
[debug] &amp#27;[35m[W3C (8bc46446)]&amp#27;[39m Calling AppiumDriver.findElement() with args: ["accessibility id","input-email","8bc46446-73b9-46f3-8673-a9e1e5431af5"]
[debug] &amp#27;[35m[BaseDriver]&amp#27;[39m Valid locator strategies for this request: xpath, id, class name, accessibility id, css selector, -android uiautomator
[debug] &amp#27;[35m[BaseDriver]&amp#27;[39m Waiting up to 30000 ms for condition
[debug] &amp#27;[35m[WD Proxy]&amp#27;[39m Matched '/element' to command name 'findElement'
[debug] &amp#27;[35m[WD Proxy]&amp#27;[39m Proxying [POST /element] to [POST http://127.0.0.1:8204/wd/hub/session/1ba6c3f2-83d8-4411-bd70-b85c0b3a5be5/element] with body: {"strategy":"accessibility id","selector":"input-email","context":"","multiple":false}
[debug] &amp#27;[35m[WD Proxy]&amp#27;[39m Got response with status 200: {"sessionId":"1ba6c3f2-83d8-4411-bd70-b85c0b3a5be5","value":{"ELEMENT":"00000000-0000-0136-7fff-ffff0000003c","element-6066-11e4-a52e-4f735466cecf":"00000000-0000-0136-7fff-ffff0000003c"}}
[debug] &amp#27;[35m[W3C (8bc46446)]&amp#27;[39m Responding to client with driver.findElement() result: {"element-6066-11e4-a52e-4f735466cecf":"00000000-0000-0136-7fff-ffff0000003c","ELEMENT":"00000000-0000-0136-7fff-ffff0000003c"}
&amp#27;[35m[HTTP]&amp#27;[39m &amp#27;[37m<-- POST /wd/hub/session/8bc46446-73b9-46f3-8673-a9e1e5431af5/element &amp#27;[39m&amp#27;[32m200&amp#27;[39m &amp#27;[90m678 ms - 137&amp#27;[39m
&amp#27;[35m[HTTP]&amp#27;[39m &amp#27;[90m&amp#27;[39m
&amp#27;[35m[HTTP]&amp#27;[39m &amp#27;[37m-->&amp#27;[39m &amp#27;[37mGET&amp#27;[39m &amp#27;[37m/wd/hub/session/8bc46446-73b9-46f3-8673-a9e1e5431af5/element/00000000-0000-0136-7fff-ffff0000003c/displayed&amp#27;[39m
&amp#27;[35m[HTTP]&amp#27;[39m &amp#27;[90m{}&amp#27;[39m
[debug] &amp#27;[35m[W3C (8bc46446)]&amp#27;[39m Calling AppiumDriver.elementDisplayed() with args: ["00000000-0000-0136-7fff-ffff0000003c","8bc46446-73b9-46f3-8673-a9e1e5431af5"]
[debug] &amp#27;[35m[WD Proxy]&amp#27;[39m Matched '/element/00000000-0000-0136-7fff-ffff0000003c/attribute/displayed' to command name 'getAttribute'
[debug] &amp#27;[35m[WD Proxy]&amp#27;[39m Proxying [GET /element/00000000-0000-0136-7fff-ffff0000003c/attribute/displayed] to [GET http://127.0.0.1:8204/wd/hub/session/1ba6c3f2-83d8-4411-bd70-b85c0b3a5be5/element/00000000-0000-0136-7fff-ffff0000003c/attribute/displayed] with no body
[debug] &amp#27;[35m[WD Proxy]&amp#27;[39m Got response with status 200: {"sessionId":"1ba6c3f2-83d8-4411-bd70-b85c0b3a5be5","value":"true"}
[debug] &amp#27;[35m[W3C (8bc46446)]&amp#27;[39m Responding to client with driver.elementDisplayed() result: true
&amp#27;[35m[HTTP]&amp#27;[39m &amp#27;[37m<-- GET /wd/hub/session/8bc46446-73b9-46f3-8673-a9e1e5431af5/element/00000000-0000-0136-7fff-ffff0000003c/displayed &amp#27;[39m&amp#27;[32m200&amp#27;[39m &amp#27;[90m20 ms - 14&amp#27;[39m
&amp#27;[35m[HTTP]&amp#27;[39m &amp#27;[90m&amp#27;[39m
&amp#27;[35m[HTTP]&amp#27;[39m &amp#27;[37m-->&amp#27;[39m &amp#27;[37mGET&amp#27;[39m &amp#27;[37m/wd/hub/session/8bc46446-73b9-46f3-8673-a9e1e5431af5/context&amp#27;[39m
&amp#27;[35m[HTTP]&amp#27;[39m &amp#27;[90m{}&amp#27;[39m
[debug] &amp#27;[35m[W3C (8bc46446)]&amp#27;[39m Calling AppiumDriver.getCurrentContext() with args: ["8bc46446-73b9-46f3-8673-a9e1e5431af5"]
[debug] &amp#27;[35m[W3C (8bc46446)]&amp#27;[39m Responding to client with driver.getCurrentContext() result: "NATIVE_APP"
&amp#27;[35m[HTTP]&amp#27;[39m &amp#27;[37m<-- GET /wd/hub/session/8bc46446-73b9-46f3-8673-a9e1e5431af5/context &amp#27;[39m&amp#27;[32m200&amp#27;[39m &amp#27;[90m1 ms - 22&amp#27;[39m
&amp#27;[35m[HTTP]&amp#27;[39m &amp#27;[90m&amp#27;[39m
&amp#27;[35m[HTTP]&amp#27;[39m &amp#27;[37m-->&amp#27;[39m &amp#27;[37mPOST&amp#27;[39m &amp#27;[37m/wd/hub/session/8bc46446-73b9-46f3-8673-a9e1e5431af5/element&amp#27;[39m
&amp#27;[35m[HTTP]&amp#27;[39m &amp#27;[90m{"using":"accessibility id","value":"input-email"}&amp#27;[39m
[debug] &amp#27;[35m[W3C (8bc46446)]&amp#27;[39m Calling AppiumDriver.findElement() with args: ["accessibility id","input-email","8bc46446-73b9-46f3-8673-a9e1e5431af5"]
[debug] &amp#27;[35m[BaseDriver]&amp#27;[39m Valid locator strategies for this request: xpath, id, class name, accessibility id, css selector, -android uiautomator
[debug] &amp#27;[35m[BaseDriver]&amp#27;[39m Waiting up to 30000 ms for condition
[debug] &amp#27;[35m[WD Proxy]&amp#27;[39m Matched '/element' to command name 'findElement'
[debug] &amp#27;[35m[WD Proxy]&amp#27;[39m Proxying [POST /element] to [POST http://127.0.0.1:8204/wd/hub/session/1ba6c3f2-83d8-4411-bd70-b85c0b3a5be5/element] with body: {"strategy":"accessibility id","selector":"input-email","context":"","multiple":false}
[debug] &amp#27;[35m[WD Proxy]&amp#27;[39m Got response with status 200: {"sessionId":"1ba6c3f2-83d8-4411-bd70-b85c0b3a5be5","value":{"ELEMENT":"00000000-0000-0136-7fff-ffff0000003c","element-6066-11e4-a52e-4f735466cecf":"00000000-0000-0136-7fff-ffff0000003c"}}
[debug] &amp#27;[35m[W3C (8bc46446)]&amp#27;[39m Responding to client with driver.findElement() result: {"element-6066-11e4-a52e-4f735466cecf":"00000000-0000-0136-7fff-ffff0000003c","ELEMENT":"00000000-0000-0136-7fff-ffff0000003c"}
&amp#27;[35m[HTTP]&amp#27;[39m &amp#27;[37m<-- POST /wd/hub/session/8bc46446-73b9-46f3-8673-a9e1e5431af5/element &amp#27;[39m&amp#27;[32m200&amp#27;[39m &amp#27;[90m57 ms - 137&amp#27;[39m
&amp#27;[35m[HTTP]&amp#27;[39m &amp#27;[90m&amp#27;[39m
&amp#27;[35m[HTTP]&amp#27;[39m &amp#27;[37m-->&amp#27;[39m &amp#27;[37mPOST&amp#27;[39m &amp#27;[37m/wd/hub/session/8bc46446-73b9-46f3-8673-a9e1e5431af5/element/00000000-0000-0136-7fff-ffff0000003c/value&amp#27;[39m
&amp#27;[35m[HTTP]&amp#27;[39m &amp#27;[90m{"id":"00000000-0000-0136-7fff-ffff0000003c","text":"tunghuynh.gmail.com","value":["t","u","n","g","h","u","y","n","h",".","g","m","a","i","l",".","c","o","m"]}&amp#27;[39m
[debug] &amp#27;[35m[W3C (8bc46446)]&amp#27;[39m Calling AppiumDriver.setValue() with args: [["t","u","n","g","h","u","y","n","h",".","g","m","a","i","l",".","c","o","m"],"00000000-0000-0136-7fff-ffff0000003c","8bc46446-73b9-46f3-8673-a9e1e5431af5"]
[debug] &amp#27;[35m[WD Proxy]&amp#27;[39m Matched '/element/00000000-0000-0136-7fff-ffff0000003c/value' to command name 'setValue'
[debug] &amp#27;[35m[Protocol Converter]&amp#27;[39m Added 'value' property ["t","u","n","g","h","u","y","n","h",".","g","m","a","i","l",".","c","o","m"] to 'setValue' request body
[debug] &amp#27;[35m[WD Proxy]&amp#27;[39m Proxying [POST /element/00000000-0000-0136-7fff-ffff0000003c/value] to [POST http://127.0.0.1:8204/wd/hub/session/1ba6c3f2-83d8-4411-bd70-b85c0b3a5be5/element/00000000-0000-0136-7fff-ffff0000003c/value] with body: {"elementId":"00000000-0000-0136-7fff-ffff0000003c","text":"tunghuynh.gmail.com","replace":false,"value":["t","u","n","g","h","u","y","n","h",".","g","m","a","i","l",".","c","o","m"]}
[debug] &amp#27;[35m[WD Proxy]&amp#27;[39m Got response with status 200: {"sessionId":"1ba6c3f2-83d8-4411-bd70-b85c0b3a5be5","value":null}
[debug] &amp#27;[35m[W3C (8bc46446)]&amp#27;[39m Responding to client with driver.setValue() result: null
&amp#27;[35m[HTTP]&amp#27;[39m &amp#27;[37m<-- POST /wd/hub/session/8bc46446-73b9-46f3-8673-a9e1e5431af5/element/00000000-0000-0136-7fff-ffff0000003c/value &amp#27;[39m&amp#27;[32m200&amp#27;[39m &amp#27;[90m592 ms - 14&amp#27;[39m
&amp#27;[35m[HTTP]&amp#27;[39m &amp#27;[90m&amp#27;[39m
&amp#27;[35m[HTTP]&amp#27;[39m &amp#27;[37m-->&amp#27;[39m &amp#27;[37mGET&amp#27;[39m &amp#27;[37m/wd/hub/session/8bc46446-73b9-46f3-8673-a9e1e5431af5/context&amp#27;[39m
&amp#27;[35m[HTTP]&amp#27;[39m &amp#27;[90m{}&amp#27;[39m
[debug] &amp#27;[35m[W3C (8bc46446)]&amp#27;[39m Calling AppiumDriver.getCurrentContext() with args: ["8bc46446-73b9-46f3-8673-a9e1e5431af5"]
[debug] &amp#27;[35m[W3C (8bc46446)]&amp#27;[39m Responding to client with driver.getCurrentContext() result: "NATIVE_APP"
&amp#27;[35m[HTTP]&amp#27;[39m &amp#27;[37m<-- GET /wd/hub/session/8bc46446-73b9-46f3-8673-a9e1e5431af5/context &amp#27;[39m&amp#27;[32m200&amp#27;[39m &amp#27;[90m1 ms - 22&amp#27;[39m
&amp#27;[35m[HTTP]&amp#27;[39m &amp#27;[90m&amp#27;[39m
&amp#27;[35m[HTTP]&amp#27;[39m &amp#27;[37m-->&amp#27;[39m &amp#27;[37mPOST&amp#27;[39m &amp#27;[37m/wd/hub/session/8bc46446-73b9-46f3-8673-a9e1e5431af5/element&amp#27;[39m
&amp#27;[35m[HTTP]&amp#27;[39m &amp#27;[90m{"using":"accessibility id","value":"input-password"}&amp#27;[39m
[debug] &amp#27;[35m[W3C (8bc46446)]&amp#27;[39m Calling AppiumDriver.findElement() with args: ["accessibility id","input-password","8bc46446-73b9-46f3-8673-a9e1e5431af5"]
[debug] &amp#27;[35m[BaseDriver]&amp#27;[39m Valid locator strategies for this request: xpath, id, class name, accessibility id, css selector, -android uiautomator
[debug] &amp#27;[35m[BaseDriver]&amp#27;[39m Waiting up to 30000 ms for condition
[debug] &amp#27;[35m[WD Proxy]&amp#27;[39m Matched '/element' to command name 'findElement'
[debug] &amp#27;[35m[WD Proxy]&amp#27;[39m Proxying [POST /element] to [POST http://127.0.0.1:8204/wd/hub/session/1ba6c3f2-83d8-4411-bd70-b85c0b3a5be5/element] with body: {"strategy":"accessibility id","selector":"input-password","context":"","multiple":false}
[debug] &amp#27;[35m[WD Proxy]&amp#27;[39m Got response with status 200: {"sessionId":"1ba6c3f2-83d8-4411-bd70-b85c0b3a5be5","value":{"ELEMENT":"00000000-0000-0136-7fff-ffff0000003e","element-6066-11e4-a52e-4f735466cecf":"00000000-0000-0136-7fff-ffff0000003e"}}
[debug] &amp#27;[35m[W3C (8bc46446)]&amp#27;[39m Responding to client with driver.findElement() result: {"element-6066-11e4-a52e-4f735466cecf":"00000000-0000-0136-7fff-ffff0000003e","ELEMENT":"00000000-0000-0136-7fff-ffff0000003e"}
&amp#27;[35m[HTTP]&amp#27;[39m &amp#27;[37m<-- POST /wd/hub/session/8bc46446-73b9-46f3-8673-a9e1e5431af5/element &amp#27;[39m&amp#27;[32m200&amp#27;[39m &amp#27;[90m710 ms - 137&amp#27;[39m
&amp#27;[35m[HTTP]&amp#27;[39m &amp#27;[90m&amp#27;[39m
&amp#27;[35m[HTTP]&amp#27;[39m &amp#27;[37m-->&amp#27;[39m &amp#27;[37mGET&amp#27;[39m &amp#27;[37m/wd/hub/session/8bc46446-73b9-46f3-8673-a9e1e5431af5/element/00000000-0000-0136-7fff-ffff0000003e/displayed&amp#27;[39m
&amp#27;[35m[HTTP]&amp#27;[39m &amp#27;[90m{}&amp#27;[39m
[debug] &amp#27;[35m[W3C (8bc46446)]&amp#27;[39m Calling AppiumDriver.elementDisplayed() with args: ["00000000-0000-0136-7fff-ffff0000003e","8bc46446-73b9-46f3-8673-a9e1e5431af5"]
[debug] &amp#27;[35m[WD Proxy]&amp#27;[39m Matched '/element/00000000-0000-0136-7fff-ffff0000003e/attribute/displayed' to command name 'getAttribute'
[debug] &amp#27;[35m[WD Proxy]&amp#27;[39m Proxying [GET /element/00000000-0000-0136-7fff-ffff0000003e/attribute/displayed] to [GET http://127.0.0.1:8204/wd/hub/session/1ba6c3f2-83d8-4411-bd70-b85c0b3a5be5/element/00000000-0000-0136-7fff-ffff0000003e/attribute/displayed] with no body
[debug] &amp#27;[35m[WD Proxy]&amp#27;[39m Got response with status 200: {"sessionId":"1ba6c3f2-83d8-4411-bd70-b85c0b3a5be5","value":"true"}
[debug] &amp#27;[35m[W3C (8bc46446)]&amp#27;[39m Responding to client with driver.elementDisplayed() result: true
&amp#27;[35m[HTTP]&amp#27;[39m &amp#27;[37m<-- GET /wd/hub/session/8bc46446-73b9-46f3-8673-a9e1e5431af5/element/00000000-0000-0136-7fff-ffff0000003e/displayed &amp#27;[39m&amp#27;[32m200&amp#27;[39m &amp#27;[90m22 ms - 14&amp#27;[39m
&amp#27;[35m[HTTP]&amp#27;[39m &amp#27;[90m&amp#27;[39m
&amp#27;[35m[HTTP]&amp#27;[39m &amp#27;[37m-->&amp#27;[39m &amp#27;[37mGET&amp#27;[39m &amp#27;[37m/wd/hub/session/8bc46446-73b9-46f3-8673-a9e1e5431af5/context&amp#27;[39m
&amp#27;[35m[HTTP]&amp#27;[39m &amp#27;[90m{}&amp#27;[39m
[debug] &amp#27;[35m[W3C (8bc46446)]&amp#27;[39m Calling AppiumDriver.getCurrentContext() with args: ["8bc46446-73b9-46f3-8673-a9e1e5431af5"]
[debug] &amp#27;[35m[W3C (8bc46446)]&amp#27;[39m Responding to client with driver.getCurrentContext() result: "NATIVE_APP"
&amp#27;[35m[HTTP]&amp#27;[39m &amp#27;[37m<-- GET /wd/hub/session/8bc46446-73b9-46f3-8673-a9e1e5431af5/context &amp#27;[39m&amp#27;[32m200&amp#27;[39m &amp#27;[90m1 ms - 22&amp#27;[39m
&amp#27;[35m[HTTP]&amp#27;[39m &amp#27;[90m&amp#27;[39m
&amp#27;[35m[HTTP]&amp#27;[39m &amp#27;[37m-->&amp#27;[39m &amp#27;[37mPOST&amp#27;[39m &amp#27;[37m/wd/hub/session/8bc46446-73b9-46f3-8673-a9e1e5431af5/element&amp#27;[39m
&amp#27;[35m[HTTP]&amp#27;[39m &amp#27;[90m{"using":"accessibility id","value":"input-password"}&amp#27;[39m
[debug] &amp#27;[35m[W3C (8bc46446)]&amp#27;[39m Calling AppiumDriver.findElement() with args: ["accessibility id","input-password","8bc46446-73b9-46f3-8673-a9e1e5431af5"]
[debug] &amp#27;[35m[BaseDriver]&amp#27;[39m Valid locator strategies for this request: xpath, id, class name, accessibility id, css selector, -android uiautomator
[debug] &amp#27;[35m[BaseDriver]&amp#27;[39m Waiting up to 30000 ms for condition
[debug] &amp#27;[35m[WD Proxy]&amp#27;[39m Matched '/element' to command name 'findElement'
[debug] &amp#27;[35m[WD Proxy]&amp#27;[39m Proxying [POST /element] to [POST http://127.0.0.1:8204/wd/hub/session/1ba6c3f2-83d8-4411-bd70-b85c0b3a5be5/element] with body: {"strategy":"accessibility id","selector":"input-password","context":"","multiple":false}
[debug] &amp#27;[35m[WD Proxy]&amp#27;[39m Got response with status 200: {"sessionId":"1ba6c3f2-83d8-4411-bd70-b85c0b3a5be5","value":{"ELEMENT":"00000000-0000-0136-7fff-ffff0000003e","element-6066-11e4-a52e-4f735466cecf":"00000000-0000-0136-7fff-ffff0000003e"}}
[debug] &amp#27;[35m[W3C (8bc46446)]&amp#27;[39m Responding to client with driver.findElement() result: {"element-6066-11e4-a52e-4f735466cecf":"00000000-0000-0136-7fff-ffff0000003e","ELEMENT":"00000000-0000-0136-7fff-ffff0000003e"}
&amp#27;[35m[HTTP]&amp#27;[39m &amp#27;[37m<-- POST /wd/hub/session/8bc46446-73b9-46f3-8673-a9e1e5431af5/element &amp#27;[39m&amp#27;[32m200&amp#27;[39m &amp#27;[90m58 ms - 137&amp#27;[39m
&amp#27;[35m[HTTP]&amp#27;[39m &amp#27;[90m&amp#27;[39m
&amp#27;[35m[HTTP]&amp#27;[39m &amp#27;[37m-->&amp#27;[39m &amp#27;[37mPOST&amp#27;[39m &amp#27;[37m/wd/hub/session/8bc46446-73b9-46f3-8673-a9e1e5431af5/element/00000000-0000-0136-7fff-ffff0000003e/clear&amp#27;[39m
&amp#27;[35m[HTTP]&amp#27;[39m &amp#27;[90m{"id":"00000000-0000-0136-7fff-ffff0000003e"}&amp#27;[39m
[debug] &amp#27;[35m[W3C (8bc46446)]&amp#27;[39m Calling AppiumDriver.clear() with args: ["00000000-0000-0136-7fff-ffff0000003e","8bc46446-73b9-46f3-8673-a9e1e5431af5"]
[debug] &amp#27;[35m[WD Proxy]&amp#27;[39m Matched '/element/00000000-0000-0136-7fff-ffff0000003e/clear' to command name 'clear'
[debug] &amp#27;[35m[WD Proxy]&amp#27;[39m Proxying [POST /element/00000000-0000-0136-7fff-ffff0000003e/clear] to [POST http://127.0.0.1:8204/wd/hub/session/1ba6c3f2-83d8-4411-bd70-b85c0b3a5be5/element/00000000-0000-0136-7fff-ffff0000003e/clear] with body: {"elementId":"00000000-0000-0136-7fff-ffff0000003e"}
[debug] &amp#27;[35m[WD Proxy]&amp#27;[39m Got response with status 200: {"sessionId":"1ba6c3f2-83d8-4411-bd70-b85c0b3a5be5","value":null}
[debug] &amp#27;[35m[W3C (8bc46446)]&amp#27;[39m Responding to client with driver.clear() result: null
&amp#27;[35m[HTTP]&amp#27;[39m &amp#27;[37m<-- POST /wd/hub/session/8bc46446-73b9-46f3-8673-a9e1e5431af5/element/00000000-0000-0136-7fff-ffff0000003e/clear &amp#27;[39m&amp#27;[32m200&amp#27;[39m &amp#27;[90m42 ms - 14&amp#27;[39m
&amp#27;[35m[HTTP]&amp#27;[39m &amp#27;[90m&amp#27;[39m
&amp#27;[35m[HTTP]&amp#27;[39m &amp#27;[37m-->&amp#27;[39m &amp#27;[37mGET&amp#27;[39m &amp#27;[37m/wd/hub/session/8bc46446-73b9-46f3-8673-a9e1e5431af5/context&amp#27;[39m
&amp#27;[35m[HTTP]&amp#27;[39m &amp#27;[90m{}&amp#27;[39m
[debug] &amp#27;[35m[W3C (8bc46446)]&amp#27;[39m Calling AppiumDriver.getCurrentContext() with args: ["8bc46446-73b9-46f3-8673-a9e1e5431af5"]
[debug] &amp#27;[35m[W3C (8bc46446)]&amp#27;[39m Responding to client with driver.getCurrentContext() result: "NATIVE_APP"
&amp#27;[35m[HTTP]&amp#27;[39m &amp#27;[37m<-- GET /wd/hub/session/8bc46446-73b9-46f3-8673-a9e1e5431af5/context &amp#27;[39m&amp#27;[32m200&amp#27;[39m &amp#27;[90m1 ms - 22&amp#27;[39m
&amp#27;[35m[HTTP]&amp#27;[39m &amp#27;[90m&amp#27;[39m
&amp#27;[35m[HTTP]&amp#27;[39m &amp#27;[37m-->&amp#27;[39m &amp#27;[37mPOST&amp#27;[39m &amp#27;[37m/wd/hub/session/8bc46446-73b9-46f3-8673-a9e1e5431af5/element&amp#27;[39m
&amp#27;[35m[HTTP]&amp#27;[39m &amp#27;[90m{"using":"accessibility id","value":"input-password"}&amp#27;[39m
[debug] &amp#27;[35m[W3C (8bc46446)]&amp#27;[39m Calling AppiumDriver.findElement() with args: ["accessibility id","input-password","8bc46446-73b9-46f3-8673-a9e1e5431af5"]
[debug] &amp#27;[35m[BaseDriver]&amp#27;[39m Valid locator strategies for this request: xpath, id, class name, accessibility id, css selector, -android uiautomator
[debug] &amp#27;[35m[BaseDriver]&amp#27;[39m Waiting up to 30000 ms for condition
[debug] &amp#27;[35m[WD Proxy]&amp#27;[39m Matched '/element' to command name 'findElement'
[debug] &amp#27;[35m[WD Proxy]&amp#27;[39m Proxying [POST /element] to [POST http://127.0.0.1:8204/wd/hub/session/1ba6c3f2-83d8-4411-bd70-b85c0b3a5be5/element] with body: {"strategy":"accessibility id","selector":"input-password","context":"","multiple":false}
[debug] &amp#27;[35m[WD Proxy]&amp#27;[39m Got response with status 200: {"sessionId":"1ba6c3f2-83d8-4411-bd70-b85c0b3a5be5","value":{"ELEMENT":"00000000-0000-0136-7fff-ffff0000003e","element-6066-11e4-a52e-4f735466cecf":"00000000-0000-0136-7fff-ffff0000003e"}}
[debug] &amp#27;[35m[W3C (8bc46446)]&amp#27;[39m Responding to client with driver.findElement() result: {"element-6066-11e4-a52e-4f735466cecf":"00000000-0000-0136-7fff-ffff0000003e","ELEMENT":"00000000-0000-0136-7fff-ffff0000003e"}
&amp#27;[35m[HTTP]&amp#27;[39m &amp#27;[37m<-- POST /wd/hub/session/8bc46446-73b9-46f3-8673-a9e1e5431af5/element &amp#27;[39m&amp#27;[32m200&amp#27;[39m &amp#27;[90m714 ms - 137&amp#27;[39m
&amp#27;[35m[HTTP]&amp#27;[39m &amp#27;[90m&amp#27;[39m
&amp#27;[35m[HTTP]&amp#27;[39m &amp#27;[37m-->&amp#27;[39m &amp#27;[37mGET&amp#27;[39m &amp#27;[37m/wd/hub/session/8bc46446-73b9-46f3-8673-a9e1e5431af5/element/00000000-0000-0136-7fff-ffff0000003e/displayed&amp#27;[39m
&amp#27;[35m[HTTP]&amp#27;[39m &amp#27;[90m{}&amp#27;[39m
[debug] &amp#27;[35m[W3C (8bc46446)]&amp#27;[39m Calling AppiumDriver.elementDisplayed() with args: ["00000000-0000-0136-7fff-ffff0000003e","8bc46446-73b9-46f3-8673-a9e1e5431af5"]
[debug] &amp#27;[35m[WD Proxy]&amp#27;[39m Matched '/element/00000000-0000-0136-7fff-ffff0000003e/attribute/displayed' to command name 'getAttribute'
[debug] &amp#27;[35m[WD Proxy]&amp#27;[39m Proxying [GET /element/00000000-0000-0136-7fff-ffff0000003e/attribute/displayed] to [GET http://127.0.0.1:8204/wd/hub/session/1ba6c3f2-83d8-4411-bd70-b85c0b3a5be5/element/00000000-0000-0136-7fff-ffff0000003e/attribute/displayed] with no body
[debug] &amp#27;[35m[WD Proxy]&amp#27;[39m Got response with status 200: {"sessionId":"1ba6c3f2-83d8-4411-bd70-b85c0b3a5be5","value":"true"}
[debug] &amp#27;[35m[W3C (8bc46446)]&amp#27;[39m Responding to client with driver.elementDisplayed() result: true
&amp#27;[35m[HTTP]&amp#27;[39m &amp#27;[37m<-- GET /wd/hub/session/8bc46446-73b9-46f3-8673-a9e1e5431af5/element/00000000-0000-0136-7fff-ffff0000003e/displayed &amp#27;[39m&amp#27;[32m200&amp#27;[39m &amp#27;[90m18 ms - 14&amp#27;[39m
&amp#27;[35m[HTTP]&amp#27;[39m &amp#27;[90m&amp#27;[39m
&amp#27;[35m[HTTP]&amp#27;[39m &amp#27;[37m-->&amp#27;[39m &amp#27;[37mGET&amp#27;[39m &amp#27;[37m/wd/hub/session/8bc46446-73b9-46f3-8673-a9e1e5431af5/context&amp#27;[39m
&amp#27;[35m[HTTP]&amp#27;[39m &amp#27;[90m{}&amp#27;[39m
[debug] &amp#27;[35m[W3C (8bc46446)]&amp#27;[39m Calling AppiumDriver.getCurrentContext() with args: ["8bc46446-73b9-46f3-8673-a9e1e5431af5"]
[debug] &amp#27;[35m[W3C (8bc46446)]&amp#27;[39m Responding to client with driver.getCurrentContext() result: "NATIVE_APP"
&amp#27;[35m[HTTP]&amp#27;[39m &amp#27;[37m<-- GET /wd/hub/session/8bc46446-73b9-46f3-8673-a9e1e5431af5/context &amp#27;[39m&amp#27;[32m200&amp#27;[39m &amp#27;[90m1 ms - 22&amp#27;[39m
&amp#27;[35m[HTTP]&amp#27;[39m &amp#27;[90m&amp#27;[39m
&amp#27;[35m[HTTP]&amp#27;[39m &amp#27;[37m-->&amp#27;[39m &amp#27;[37mPOST&amp#27;[39m &amp#27;[37m/wd/hub/session/8bc46446-73b9-46f3-8673-a9e1e5431af5/element&amp#27;[39m
&amp#27;[35m[HTTP]&amp#27;[39m &amp#27;[90m{"using":"accessibility id","value":"input-password"}&amp#27;[39m
[debug] &amp#27;[35m[W3C (8bc46446)]&amp#27;[39m Calling AppiumDriver.findElement() with args: ["accessibility id","input-password","8bc46446-73b9-46f3-8673-a9e1e5431af5"]
[debug] &amp#27;[35m[BaseDriver]&amp#27;[39m Valid locator strategies for this request: xpath, id, class name, accessibility id, css selector, -android uiautomator
[debug] &amp#27;[35m[BaseDriver]&amp#27;[39m Waiting up to 30000 ms for condition
[debug] &amp#27;[35m[WD Proxy]&amp#27;[39m Matched '/element' to command name 'findElement'
[debug] &amp#27;[35m[WD Proxy]&amp#27;[39m Proxying [POST /element] to [POST http://127.0.0.1:8204/wd/hub/session/1ba6c3f2-83d8-4411-bd70-b85c0b3a5be5/element] with body: {"strategy":"accessibility id","selector":"input-password","context":"","multiple":false}
[debug] &amp#27;[35m[WD Proxy]&amp#27;[39m Got response with status 200: {"sessionId":"1ba6c3f2-83d8-4411-bd70-b85c0b3a5be5","value":{"ELEMENT":"00000000-0000-0136-7fff-ffff0000003e","element-6066-11e4-a52e-4f735466cecf":"00000000-0000-0136-7fff-ffff0000003e"}}
[debug] &amp#27;[35m[W3C (8bc46446)]&amp#27;[39m Responding to client with driver.findElement() result: {"element-6066-11e4-a52e-4f735466cecf":"00000000-0000-0136-7fff-ffff0000003e","ELEMENT":"00000000-0000-0136-7fff-ffff0000003e"}
&amp#27;[35m[HTTP]&amp#27;[39m &amp#27;[37m<-- POST /wd/hub/session/8bc46446-73b9-46f3-8673-a9e1e5431af5/element &amp#27;[39m&amp#27;[32m200&amp#27;[39m &amp#27;[90m72 ms - 137&amp#27;[39m
&amp#27;[35m[HTTP]&amp#27;[39m &amp#27;[90m&amp#27;[39m
&amp#27;[35m[HTTP]&amp#27;[39m &amp#27;[37m-->&amp#27;[39m &amp#27;[37mPOST&amp#27;[39m &amp#27;[37m/wd/hub/session/8bc46446-73b9-46f3-8673-a9e1e5431af5/element/00000000-0000-0136-7fff-ffff0000003e/value&amp#27;[39m
&amp#27;[35m[HTTP]&amp#27;[39m &amp#27;[90m{"id":"00000000-0000-0136-7fff-ffff0000003e","text":"12345678","value":["1","2","3","4","5","6","7","8"]}&amp#27;[39m
[debug] &amp#27;[35m[W3C (8bc46446)]&amp#27;[39m Calling AppiumDriver.setValue() with args: [["1","2","3","4","5","6","7","8"],"00000000-0000-0136-7fff-ffff0000003e","8bc46446-73b9-46f3-8673-a9e1e5431af5"]
[debug] &amp#27;[35m[WD Proxy]&amp#27;[39m Matched '/element/00000000-0000-0136-7fff-ffff0000003e/value' to command name 'setValue'
[debug] &amp#27;[35m[Protocol Converter]&amp#27;[39m Added 'value' property ["1","2","3","4","5","6","7","8"] to 'setValue' request body
[debug] &amp#27;[35m[WD Proxy]&amp#27;[39m Proxying [POST /element/00000000-0000-0136-7fff-ffff0000003e/value] to [POST http://127.0.0.1:8204/wd/hub/session/1ba6c3f2-83d8-4411-bd70-b85c0b3a5be5/element/00000000-0000-0136-7fff-ffff0000003e/value] with body: {"elementId":"00000000-0000-0136-7fff-ffff0000003e","text":"12345678","replace":false,"value":["1","2","3","4","5","6","7","8"]}
[debug] &amp#27;[35m[WD Proxy]&amp#27;[39m Got response with status 200: {"sessionId":"1ba6c3f2-83d8-4411-bd70-b85c0b3a5be5","value":null}
[debug] &amp#27;[35m[W3C (8bc46446)]&amp#27;[39m Responding to client with driver.setValue() result: null
&amp#27;[35m[HTTP]&amp#27;[39m &amp#27;[37m<-- POST /wd/hub/session/8bc46446-73b9-46f3-8673-a9e1e5431af5/element/00000000-0000-0136-7fff-ffff0000003e/value &amp#27;[39m&amp#27;[32m200&amp#27;[39m &amp#27;[90m598 ms - 14&amp#27;[39m
&amp#27;[35m[HTTP]&amp#27;[39m &amp#27;[90m&amp#27;[39m
&amp#27;[35m[HTTP]&amp#27;[39m &amp#27;[37m-->&amp#27;[39m &amp#27;[37mGET&amp#27;[39m &amp#27;[37m/wd/hub/session/8bc46446-73b9-46f3-8673-a9e1e5431af5/context&amp#27;[39m
&amp#27;[35m[HTTP]&amp#27;[39m &amp#27;[90m{}&amp#27;[39m
[debug] &amp#27;[35m[W3C (8bc46446)]&amp#27;[39m Calling AppiumDriver.getCurrentContext() with args: ["8bc46446-73b9-46f3-8673-a9e1e5431af5"]
[debug] &amp#27;[35m[W3C (8bc46446)]&amp#27;[39m Responding to client with driver.getCurrentContext() result: "NATIVE_APP"
&amp#27;[35m[HTTP]&amp#27;[39m &amp#27;[37m<-- GET /wd/hub/session/8bc46446-73b9-46f3-8673-a9e1e5431af5/context &amp#27;[39m&amp#27;[32m200&amp#27;[39m &amp#27;[90m1 ms - 22&amp#27;[39m
&amp#27;[35m[HTTP]&amp#27;[39m &amp#27;[90m&amp#27;[39m
&amp#27;[35m[HTTP]&amp#27;[39m &amp#27;[37m-->&amp#27;[39m &amp#27;[37mPOST&amp#27;[39m &amp#27;[37m/wd/hub/session/8bc46446-73b9-46f3-8673-a9e1e5431af5/element&amp#27;[39m
&amp#27;[35m[HTTP]&amp#27;[39m &amp#27;[90m{"using":"accessibility id","value":"button-LOGIN"}&amp#27;[39m
[debug] &amp#27;[35m[W3C (8bc46446)]&amp#27;[39m Calling AppiumDriver.findElement() with args: ["accessibility id","button-LOGIN","8bc46446-73b9-46f3-8673-a9e1e5431af5"]
[debug] &amp#27;[35m[BaseDriver]&amp#27;[39m Valid locator strategies for this request: xpath, id, class name, accessibility id, css selector, -android uiautomator
[debug] &amp#27;[35m[BaseDriver]&amp#27;[39m Waiting up to 30000 ms for condition
[debug] &amp#27;[35m[WD Proxy]&amp#27;[39m Matched '/element' to command name 'findElement'
[debug] &amp#27;[35m[WD Proxy]&amp#27;[39m Proxying [POST /element] to [POST http://127.0.0.1:8204/wd/hub/session/1ba6c3f2-83d8-4411-bd70-b85c0b3a5be5/element] with body: {"strategy":"accessibility id","selector":"button-LOGIN","context":"","multiple":false}
[debug] &amp#27;[35m[WD Proxy]&amp#27;[39m Got response with status 200: {"sessionId":"1ba6c3f2-83d8-4411-bd70-b85c0b3a5be5","value":{"ELEMENT":"00000000-0000-0136-7fff-ffff00000055","element-6066-11e4-a52e-4f735466cecf":"00000000-0000-0136-7fff-ffff00000055"}}
[debug] &amp#27;[35m[W3C (8bc46446)]&amp#27;[39m Responding to client with driver.findElement() result: {"element-6066-11e4-a52e-4f735466cecf":"00000000-0000-0136-7fff-ffff00000055","ELEMENT":"00000000-0000-0136-7fff-ffff00000055"}
&amp#27;[35m[HTTP]&amp#27;[39m &amp#27;[37m<-- POST /wd/hub/session/8bc46446-73b9-46f3-8673-a9e1e5431af5/element &amp#27;[39m&amp#27;[32m200&amp#27;[39m &amp#27;[90m730 ms - 137&amp#27;[39m
&amp#27;[35m[HTTP]&amp#27;[39m &amp#27;[90m&amp#27;[39m
&amp#27;[35m[HTTP]&amp#27;[39m &amp#27;[37m-->&amp#27;[39m &amp#27;[37mGET&amp#27;[39m &amp#27;[37m/wd/hub/session/8bc46446-73b9-46f3-8673-a9e1e5431af5/element/00000000-0000-0136-7fff-ffff00000055/displayed&amp#27;[39m
&amp#27;[35m[HTTP]&amp#27;[39m &amp#27;[90m{}&amp#27;[39m
[debug] &amp#27;[35m[W3C (8bc46446)]&amp#27;[39m Calling AppiumDriver.elementDisplayed() with args: ["00000000-0000-0136-7fff-ffff00000055","8bc46446-73b9-46f3-8673-a9e1e5431af5"]
[debug] &amp#27;[35m[WD Proxy]&amp#27;[39m Matched '/element/00000000-0000-0136-7fff-ffff00000055/attribute/displayed' to command name 'getAttribute'
[debug] &amp#27;[35m[WD Proxy]&amp#27;[39m Proxying [GET /element/00000000-0000-0136-7fff-ffff00000055/attribute/displayed] to [GET http://127.0.0.1:8204/wd/hub/session/1ba6c3f2-83d8-4411-bd70-b85c0b3a5be5/element/00000000-0000-0136-7fff-ffff00000055/attribute/displayed] with no body
[debug] &amp#27;[35m[WD Proxy]&amp#27;[39m Got response with status 200: {"sessionId":"1ba6c3f2-83d8-4411-bd70-b85c0b3a5be5","value":"true"}
[debug] &amp#27;[35m[W3C (8bc46446)]&amp#27;[39m Responding to client with driver.elementDisplayed() result: true
&amp#27;[35m[HTTP]&amp#27;[39m &amp#27;[37m<-- GET /wd/hub/session/8bc46446-73b9-46f3-8673-a9e1e5431af5/element/00000000-0000-0136-7fff-ffff00000055/displayed &amp#27;[39m&amp#27;[32m200&amp#27;[39m &amp#27;[90m470 ms - 14&amp#27;[39m
&amp#27;[35m[HTTP]&amp#27;[39m &amp#27;[90m&amp#27;[39m
&amp#27;[35m[HTTP]&amp#27;[39m &amp#27;[37m-->&amp#27;[39m &amp#27;[37mGET&amp#27;[39m &amp#27;[37m/wd/hub/session/8bc46446-73b9-46f3-8673-a9e1e5431af5/context&amp#27;[39m
&amp#27;[35m[HTTP]&amp#27;[39m &amp#27;[90m{}&amp#27;[39m
[debug] &amp#27;[35m[W3C (8bc46446)]&amp#27;[39m Calling AppiumDriver.getCurrentContext() with args: ["8bc46446-73b9-46f3-8673-a9e1e5431af5"]
[debug] &amp#27;[35m[W3C (8bc46446)]&amp#27;[39m Responding to client with driver.getCurrentContext() result: "NATIVE_APP"
&amp#27;[35m[HTTP]&amp#27;[39m &amp#27;[37m<-- GET /wd/hub/session/8bc46446-73b9-46f3-8673-a9e1e5431af5/context &amp#27;[39m&amp#27;[32m200&amp#27;[39m &amp#27;[90m1 ms - 22&amp#27;[39m
&amp#27;[35m[HTTP]&amp#27;[39m &amp#27;[90m&amp#27;[39m
&amp#27;[35m[HTTP]&amp#27;[39m &amp#27;[37m-->&amp#27;[39m &amp#27;[37mPOST&amp#27;[39m &amp#27;[37m/wd/hub/session/8bc46446-73b9-46f3-8673-a9e1e5431af5/element&amp#27;[39m
&amp#27;[35m[HTTP]&amp#27;[39m &amp#27;[90m{"using":"accessibility id","value":"button-LOGIN"}&amp#27;[39m
[debug] &amp#27;[35m[W3C (8bc46446)]&amp#27;[39m Calling AppiumDriver.findElement() with args: ["accessibility id","button-LOGIN","8bc46446-73b9-46f3-8673-a9e1e5431af5"]
[debug] &amp#27;[35m[BaseDriver]&amp#27;[39m Valid locator strategies for this request: xpath, id, class name, accessibility id, css selector, -android uiautomator
[debug] &amp#27;[35m[BaseDriver]&amp#27;[39m Waiting up to 30000 ms for condition
[debug] &amp#27;[35m[WD Proxy]&amp#27;[39m Matched '/element' to command name 'findElement'
[debug] &amp#27;[35m[WD Proxy]&amp#27;[39m Proxying [POST /element] to [POST http://127.0.0.1:8204/wd/hub/session/1ba6c3f2-83d8-4411-bd70-b85c0b3a5be5/element] with body: {"strategy":"accessibility id","selector":"button-LOGIN","context":"","multiple":false}
[debug] &amp#27;[35m[WD Proxy]&amp#27;[39m Got response with status 200: {"sessionId":"1ba6c3f2-83d8-4411-bd70-b85c0b3a5be5","value":{"ELEMENT":"00000000-0000-0136-7fff-ffff00000055","element-6066-11e4-a52e-4f735466cecf":"00000000-0000-0136-7fff-ffff00000055"}}
[debug] &amp#27;[35m[W3C (8bc46446)]&amp#27;[39m Responding to client with driver.findElement() result: {"element-6066-11e4-a52e-4f735466cecf":"00000000-0000-0136-7fff-ffff00000055","ELEMENT":"00000000-0000-0136-7fff-ffff00000055"}
&amp#27;[35m[HTTP]&amp#27;[39m &amp#27;[37m<-- POST /wd/hub/session/8bc46446-73b9-46f3-8673-a9e1e5431af5/element &amp#27;[39m&amp#27;[32m200&amp#27;[39m &amp#27;[90m67 ms - 137&amp#27;[39m
&amp#27;[35m[HTTP]&amp#27;[39m &amp#27;[90m&amp#27;[39m
&amp#27;[35m[HTTP]&amp#27;[39m &amp#27;[37m-->&amp#27;[39m &amp#27;[37mPOST&amp#27;[39m &amp#27;[37m/wd/hub/session/8bc46446-73b9-46f3-8673-a9e1e5431af5/element/00000000-0000-0136-7fff-ffff00000055/click&amp#27;[39m
&amp#27;[35m[HTTP]&amp#27;[39m &amp#27;[90m{"id":"00000000-0000-0136-7fff-ffff00000055"}&amp#27;[39m
[debug] &amp#27;[35m[W3C (8bc46446)]&amp#27;[39m Calling AppiumDriver.click() with args: ["00000000-0000-0136-7fff-ffff00000055","8bc46446-73b9-46f3-8673-a9e1e5431af5"]
[debug] &amp#27;[35m[WD Proxy]&amp#27;[39m Matched '/element/00000000-0000-0136-7fff-ffff00000055/click' to command name 'click'
[debug] &amp#27;[35m[WD Proxy]&amp#27;[39m Proxying [POST /element/00000000-0000-0136-7fff-ffff00000055/click] to [POST http://127.0.0.1:8204/wd/hub/session/1ba6c3f2-83d8-4411-bd70-b85c0b3a5be5/element/00000000-0000-0136-7fff-ffff00000055/click] with body: {"element":"00000000-0000-0136-7fff-ffff00000055"}
[debug] &amp#27;[35m[WD Proxy]&amp#27;[39m Got response with status 200: {"sessionId":"1ba6c3f2-83d8-4411-bd70-b85c0b3a5be5","value":null}
[debug] &amp#27;[35m[W3C (8bc46446)]&amp#27;[39m Responding to client with driver.click() result: null
&amp#27;[35m[HTTP]&amp#27;[39m &amp#27;[37m<-- POST /wd/hub/session/8bc46446-73b9-46f3-8673-a9e1e5431af5/element/00000000-0000-0136-7fff-ffff00000055/click &amp#27;[39m&amp#27;[32m200&amp#27;[39m &amp#27;[90m48 ms - 14&amp#27;[39m
&amp#27;[35m[HTTP]&amp#27;[39m &amp#27;[90m&amp#27;[39m
&amp#27;[35m[HTTP]&amp#27;[39m &amp#27;[37m-->&amp#27;[39m &amp#27;[37mGET&amp#27;[39m &amp#27;[37m/wd/hub/session/8bc46446-73b9-46f3-8673-a9e1e5431af5/context&amp#27;[39m
&amp#27;[35m[HTTP]&amp#27;[39m &amp#27;[90m{}&amp#27;[39m
[debug] &amp#27;[35m[W3C (8bc46446)]&amp#27;[39m Calling AppiumDriver.getCurrentContext() with args: ["8bc46446-73b9-46f3-8673-a9e1e5431af5"]
[debug] &amp#27;[35m[W3C (8bc46446)]&amp#27;[39m Responding to client with driver.getCurrentContext() result: "NATIVE_APP"
&amp#27;[35m[HTTP]&amp#27;[39m &amp#27;[37m<-- GET /wd/hub/session/8bc46446-73b9-46f3-8673-a9e1e5431af5/context &amp#27;[39m&amp#27;[32m200&amp#27;[39m &amp#27;[90m1 ms - 22&amp#27;[39m
&amp#27;[35m[HTTP]&amp#27;[39m &amp#27;[90m&amp#27;[39m
&amp#27;[35m[HTTP]&amp#27;[39m &amp#27;[37m-->&amp#27;[39m &amp#27;[37mPOST&amp#27;[39m &amp#27;[37m/wd/hub/session/8bc46446-73b9-46f3-8673-a9e1e5431af5/element&amp#27;[39m
&amp#27;[35m[HTTP]&amp#27;[39m &amp#27;[90m{"using":"xpath","value":"//*[@content-desc='button-LOGIN']/preceding-sibling::android.widget.TextView[3]"}&amp#27;[39m
[debug] &amp#27;[35m[W3C (8bc46446)]&amp#27;[39m Calling AppiumDriver.findElement() with args: ["xpath","//*[@content-desc='button-LOGIN']/preceding-sibling::android.widget.TextView[3]","8bc46446-73b9-46f3-8673-a9e1e5431af5"]
[debug] &amp#27;[35m[BaseDriver]&amp#27;[39m Valid locator strategies for this request: xpath, id, class name, accessibility id, css selector, -android uiautomator
[debug] &amp#27;[35m[BaseDriver]&amp#27;[39m Waiting up to 30000 ms for condition
[debug] &amp#27;[35m[WD Proxy]&amp#27;[39m Matched '/element' to command name 'findElement'
[debug] &amp#27;[35m[WD Proxy]&amp#27;[39m Proxying [POST /element] to [POST http://127.0.0.1:8204/wd/hub/session/1ba6c3f2-83d8-4411-bd70-b85c0b3a5be5/element] with body: {"strategy":"xpath","selector":"//*[@content-desc='button-LOGIN']/preceding-sibling::android.widget.TextView[3]","context":"","multiple":false}
[debug] &amp#27;[35m[WD Proxy]&amp#27;[39m Got response with status 200: {"sessionId":"1ba6c3f2-83d8-4411-bd70-b85c0b3a5be5","value":{"ELEMENT":"00000000-0000-0136-7fff-ffff00000050","element-6066-11e4-a52e-4f735466cecf":"00000000-0000-0136-7fff-ffff00000050"}}
[debug] &amp#27;[35m[W3C (8bc46446)]&amp#27;[39m Responding to client with driver.findElement() result: {"element-6066-11e4-a52e-4f735466cecf":"00000000-0000-0136-7fff-ffff00000050","ELEMENT":"00000000-0000-0136-7fff-ffff00000050"}
&amp#27;[35m[HTTP]&amp#27;[39m &amp#27;[37m<-- POST /wd/hub/session/8bc46446-73b9-46f3-8673-a9e1e5431af5/element &amp#27;[39m&amp#27;[32m200&amp#27;[39m &amp#27;[90m125 ms - 137&amp#27;[39m
&amp#27;[35m[HTTP]&amp#27;[39m &amp#27;[90m&amp#27;[39m
&amp#27;[35m[HTTP]&amp#27;[39m &amp#27;[37m-->&amp#27;[39m &amp#27;[37mGET&amp#27;[39m &amp#27;[37m/wd/hub/session/8bc46446-73b9-46f3-8673-a9e1e5431af5/element/00000000-0000-0136-7fff-ffff00000050/displayed&amp#27;[39m
&amp#27;[35m[HTTP]&amp#27;[39m &amp#27;[90m{}&amp#27;[39m
[debug] &amp#27;[35m[W3C (8bc46446)]&amp#27;[39m Calling AppiumDriver.elementDisplayed() with args: ["00000000-0000-0136-7fff-ffff00000050","8bc46446-73b9-46f3-8673-a9e1e5431af5"]
[debug] &amp#27;[35m[WD Proxy]&amp#27;[39m Matched '/element/00000000-0000-0136-7fff-ffff00000050/attribute/displayed' to command name 'getAttribute'
[debug] &amp#27;[35m[WD Proxy]&amp#27;[39m Proxying [GET /element/00000000-0000-0136-7fff-ffff00000050/attribute/displayed] to [GET http://127.0.0.1:8204/wd/hub/session/1ba6c3f2-83d8-4411-bd70-b85c0b3a5be5/element/00000000-0000-0136-7fff-ffff00000050/attribute/displayed] with no body
[debug] &amp#27;[35m[WD Proxy]&amp#27;[39m Got response with status 200: {"sessionId":"1ba6c3f2-83d8-4411-bd70-b85c0b3a5be5","value":"true"}
[debug] &amp#27;[35m[W3C (8bc46446)]&amp#27;[39m Responding to client with driver.elementDisplayed() result: true
&amp#27;[35m[HTTP]&amp#27;[39m &amp#27;[37m<-- GET /wd/hub/session/8bc46446-73b9-46f3-8673-a9e1e5431af5/element/00000000-0000-0136-7fff-ffff00000050/displayed &amp#27;[39m&amp#27;[32m200&amp#27;[39m &amp#27;[90m873 ms - 14&amp#27;[39m
&amp#27;[35m[HTTP]&amp#27;[39m &amp#27;[90m&amp#27;[39m
&amp#27;[35m[HTTP]&amp#27;[39m &amp#27;[37m-->&amp#27;[39m &amp#27;[37mGET&amp#27;[39m &amp#27;[37m/wd/hub/session/8bc46446-73b9-46f3-8673-a9e1e5431af5/context&amp#27;[39m
&amp#27;[35m[HTTP]&amp#27;[39m &amp#27;[90m{}&amp#27;[39m
[debug] &amp#27;[35m[W3C (8bc46446)]&amp#27;[39m Calling AppiumDriver.getCurrentContext() with args: ["8bc46446-73b9-46f3-8673-a9e1e5431af5"]
[debug] &amp#27;[35m[W3C (8bc46446)]&amp#27;[39m Responding to client with driver.getCurrentContext() result: "NATIVE_APP"
&amp#27;[35m[HTTP]&amp#27;[39m &amp#27;[37m<-- GET /wd/hub/session/8bc46446-73b9-46f3-8673-a9e1e5431af5/context &amp#27;[39m&amp#27;[32m200&amp#27;[39m &amp#27;[90m1 ms - 22&amp#27;[39m
&amp#27;[35m[HTTP]&amp#27;[39m &amp#27;[90m&amp#27;[39m
&amp#27;[35m[HTTP]&amp#27;[39m &amp#27;[37m-->&amp#27;[39m &amp#27;[37mPOST&amp#27;[39m &amp#27;[37m/wd/hub/session/8bc46446-73b9-46f3-8673-a9e1e5431af5/element&amp#27;[39m
&amp#27;[35m[HTTP]&amp#27;[39m &amp#27;[90m{"using":"xpath","value":"//*[@content-desc='button-LOGIN']/preceding-sibling::android.widget.TextView[3]"}&amp#27;[39m
[debug] &amp#27;[35m[W3C (8bc46446)]&amp#27;[39m Calling AppiumDriver.findElement() with args: ["xpath","//*[@content-desc='button-LOGIN']/preceding-sibling::android.widget.TextView[3]","8bc46446-73b9-46f3-8673-a9e1e5431af5"]
[debug] &amp#27;[35m[BaseDriver]&amp#27;[39m Valid locator strategies for this request: xpath, id, class name, accessibility id, css selector, -android uiautomator
[debug] &amp#27;[35m[BaseDriver]&amp#27;[39m Waiting up to 30000 ms for condition
[debug] &amp#27;[35m[WD Proxy]&amp#27;[39m Matched '/element' to command name 'findElement'
[debug] &amp#27;[35m[WD Proxy]&amp#27;[39m Proxying [POST /element] to [POST http://127.0.0.1:8204/wd/hub/session/1ba6c3f2-83d8-4411-bd70-b85c0b3a5be5/element] with body: {"strategy":"xpath","selector":"//*[@content-desc='button-LOGIN']/preceding-sibling::android.widget.TextView[3]","context":"","multiple":false}
[debug] &amp#27;[35m[WD Proxy]&amp#27;[39m Got response with status 200: {"sessionId":"1ba6c3f2-83d8-4411-bd70-b85c0b3a5be5","value":{"ELEMENT":"00000000-0000-0136-7fff-ffff00000050","element-6066-11e4-a52e-4f735466cecf":"00000000-0000-0136-7fff-ffff00000050"}}
[debug] &amp#27;[35m[W3C (8bc46446)]&amp#27;[39m Responding to client with driver.findElement() result: {"element-6066-11e4-a52e-4f735466cecf":"00000000-0000-0136-7fff-ffff00000050","ELEMENT":"00000000-0000-0136-7fff-ffff00000050"}
&amp#27;[35m[HTTP]&amp#27;[39m &amp#27;[37m<-- POST /wd/hub/session/8bc46446-73b9-46f3-8673-a9e1e5431af5/element &amp#27;[39m&amp#27;[32m200&amp#27;[39m &amp#27;[90m172 ms - 137&amp#27;[39m
&amp#27;[35m[HTTP]&amp#27;[39m &amp#27;[90m&amp#27;[39m
&amp#27;[35m[HTTP]&amp#27;[39m &amp#27;[37m-->&amp#27;[39m &amp#27;[37mGET&amp#27;[39m &amp#27;[37m/wd/hub/session/8bc46446-73b9-46f3-8673-a9e1e5431af5/element/00000000-0000-0136-7fff-ffff00000050/text&amp#27;[39m
&amp#27;[35m[HTTP]&amp#27;[39m &amp#27;[90m{}&amp#27;[39m
&amp#27;[35m[W3C (8bc46446)]&amp#27;[39m Driver proxy active, passing request on via HTTP proxy
[debug] &amp#27;[35m[WD Proxy]&amp#27;[39m Matched '/wd/hub/session/8bc46446-73b9-46f3-8673-a9e1e5431af5/element/00000000-0000-0136-7fff-ffff00000050/text' to command name 'getText'
[debug] &amp#27;[35m[WD Proxy]&amp#27;[39m Proxying [GET /wd/hub/session/8bc46446-73b9-46f3-8673-a9e1e5431af5/element/00000000-0000-0136-7fff-ffff00000050/text] to [GET http://127.0.0.1:8204/wd/hub/session/1ba6c3f2-83d8-4411-bd70-b85c0b3a5be5/element/00000000-0000-0136-7fff-ffff00000050/text] with no body
[debug] &amp#27;[35m[WD Proxy]&amp#27;[39m Got response with status 200: {"sessionId":"1ba6c3f2-83d8-4411-bd70-b85c0b3a5be5","value":"Please enter a valid email address"}
&amp#27;[35m[WD Proxy]&amp#27;[39m Replacing sessionId 1ba6c3f2-83d8-4411-bd70-b85c0b3a5be5 with 8bc46446-73b9-46f3-8673-a9e1e5431af5
&amp#27;[35m[HTTP]&amp#27;[39m &amp#27;[37m<-- GET /wd/hub/session/8bc46446-73b9-46f3-8673-a9e1e5431af5/element/00000000-0000-0136-7fff-ffff00000050/text &amp#27;[39m&amp#27;[32m200&amp#27;[39m &amp#27;[90m12 ms - 97&amp#27;[39m
&amp#27;[35m[HTTP]&amp#27;[39m &amp#27;[90m&amp#27;[39m
]]></system-out>
  </testcase>
  <testcase name="loginWithInvalidCreds[LoginCreds{username=&apos;tunghuynh@&apos;, password=&apos;123456&apos;}](3)" classname="TestNG.TestLoginPage.LoginTest" time="7.433">
    <system-out><![CDATA[&amp#27;[35m[HTTP]&amp#27;[39m &amp#27;[37m-->&amp#27;[39m &amp#27;[37mGET&amp#27;[39m &amp#27;[37m/wd/hub/session/8bc46446-73b9-46f3-8673-a9e1e5431af5/context&amp#27;[39m
&amp#27;[35m[HTTP]&amp#27;[39m &amp#27;[90m{}&amp#27;[39m
[debug] &amp#27;[35m[W3C (8bc46446)]&amp#27;[39m Calling AppiumDriver.getCurrentContext() with args: ["8bc46446-73b9-46f3-8673-a9e1e5431af5"]
[debug] &amp#27;[35m[W3C (8bc46446)]&amp#27;[39m Responding to client with driver.getCurrentContext() result: "NATIVE_APP"
&amp#27;[35m[HTTP]&amp#27;[39m &amp#27;[37m<-- GET /wd/hub/session/8bc46446-73b9-46f3-8673-a9e1e5431af5/context &amp#27;[39m&amp#27;[32m200&amp#27;[39m &amp#27;[90m1 ms - 22&amp#27;[39m
&amp#27;[35m[HTTP]&amp#27;[39m &amp#27;[90m&amp#27;[39m
&amp#27;[35m[HTTP]&amp#27;[39m &amp#27;[37m-->&amp#27;[39m &amp#27;[37mPOST&amp#27;[39m &amp#27;[37m/wd/hub/session/8bc46446-73b9-46f3-8673-a9e1e5431af5/element&amp#27;[39m
&amp#27;[35m[HTTP]&amp#27;[39m &amp#27;[90m{"using":"accessibility id","value":"Login"}&amp#27;[39m
[debug] &amp#27;[35m[W3C (8bc46446)]&amp#27;[39m Calling AppiumDriver.findElement() with args: ["accessibility id","Login","8bc46446-73b9-46f3-8673-a9e1e5431af5"]
[debug] &amp#27;[35m[BaseDriver]&amp#27;[39m Valid locator strategies for this request: xpath, id, class name, accessibility id, css selector, -android uiautomator
[debug] &amp#27;[35m[BaseDriver]&amp#27;[39m Waiting up to 30000 ms for condition
[debug] &amp#27;[35m[WD Proxy]&amp#27;[39m Matched '/element' to command name 'findElement'
[debug] &amp#27;[35m[WD Proxy]&amp#27;[39m Proxying [POST /element] to [POST http://127.0.0.1:8204/wd/hub/session/1ba6c3f2-83d8-4411-bd70-b85c0b3a5be5/element] with body: {"strategy":"accessibility id","selector":"Login","context":"","multiple":false}
[debug] &amp#27;[35m[WD Proxy]&amp#27;[39m Got response with status 200: {"sessionId":"1ba6c3f2-83d8-4411-bd70-b85c0b3a5be5","value":{"ELEMENT":"00000000-0000-0136-7fff-ffff00000013","element-6066-11e4-a52e-4f735466cecf":"00000000-0000-0136-7fff-ffff00000013"}}
[debug] &amp#27;[35m[W3C (8bc46446)]&amp#27;[39m Responding to client with driver.findElement() result: {"element-6066-11e4-a52e-4f735466cecf":"00000000-0000-0136-7fff-ffff00000013","ELEMENT":"00000000-0000-0136-7fff-ffff00000013"}
&amp#27;[35m[HTTP]&amp#27;[39m &amp#27;[37m<-- POST /wd/hub/session/8bc46446-73b9-46f3-8673-a9e1e5431af5/element &amp#27;[39m&amp#27;[32m200&amp#27;[39m &amp#27;[90m71 ms - 137&amp#27;[39m
&amp#27;[35m[HTTP]&amp#27;[39m &amp#27;[90m&amp#27;[39m
&amp#27;[35m[HTTP]&amp#27;[39m &amp#27;[37m-->&amp#27;[39m &amp#27;[37mGET&amp#27;[39m &amp#27;[37m/wd/hub/session/8bc46446-73b9-46f3-8673-a9e1e5431af5/element/00000000-0000-0136-7fff-ffff00000013/displayed&amp#27;[39m
&amp#27;[35m[HTTP]&amp#27;[39m &amp#27;[90m{}&amp#27;[39m
[debug] &amp#27;[35m[W3C (8bc46446)]&amp#27;[39m Calling AppiumDriver.elementDisplayed() with args: ["00000000-0000-0136-7fff-ffff00000013","8bc46446-73b9-46f3-8673-a9e1e5431af5"]
[debug] &amp#27;[35m[WD Proxy]&amp#27;[39m Matched '/element/00000000-0000-0136-7fff-ffff00000013/attribute/displayed' to command name 'getAttribute'
[debug] &amp#27;[35m[WD Proxy]&amp#27;[39m Proxying [GET /element/00000000-0000-0136-7fff-ffff00000013/attribute/displayed] to [GET http://127.0.0.1:8204/wd/hub/session/1ba6c3f2-83d8-4411-bd70-b85c0b3a5be5/element/00000000-0000-0136-7fff-ffff00000013/attribute/displayed] with no body
[debug] &amp#27;[35m[WD Proxy]&amp#27;[39m Got response with status 200: {"sessionId":"1ba6c3f2-83d8-4411-bd70-b85c0b3a5be5","value":"true"}
[debug] &amp#27;[35m[W3C (8bc46446)]&amp#27;[39m Responding to client with driver.elementDisplayed() result: true
&amp#27;[35m[HTTP]&amp#27;[39m &amp#27;[37m<-- GET /wd/hub/session/8bc46446-73b9-46f3-8673-a9e1e5431af5/element/00000000-0000-0136-7fff-ffff00000013/displayed &amp#27;[39m&amp#27;[32m200&amp#27;[39m &amp#27;[90m16 ms - 14&amp#27;[39m
&amp#27;[35m[HTTP]&amp#27;[39m &amp#27;[90m&amp#27;[39m
&amp#27;[35m[HTTP]&amp#27;[39m &amp#27;[37m-->&amp#27;[39m &amp#27;[37mGET&amp#27;[39m &amp#27;[37m/wd/hub/session/8bc46446-73b9-46f3-8673-a9e1e5431af5/context&amp#27;[39m
&amp#27;[35m[HTTP]&amp#27;[39m &amp#27;[90m{}&amp#27;[39m
[debug] &amp#27;[35m[W3C (8bc46446)]&amp#27;[39m Calling AppiumDriver.getCurrentContext() with args: ["8bc46446-73b9-46f3-8673-a9e1e5431af5"]
[debug] &amp#27;[35m[W3C (8bc46446)]&amp#27;[39m Responding to client with driver.getCurrentContext() result: "NATIVE_APP"
&amp#27;[35m[HTTP]&amp#27;[39m &amp#27;[37m<-- GET /wd/hub/session/8bc46446-73b9-46f3-8673-a9e1e5431af5/context &amp#27;[39m&amp#27;[32m200&amp#27;[39m &amp#27;[90m1 ms - 22&amp#27;[39m
&amp#27;[35m[HTTP]&amp#27;[39m &amp#27;[90m&amp#27;[39m
&amp#27;[35m[HTTP]&amp#27;[39m &amp#27;[37m-->&amp#27;[39m &amp#27;[37mPOST&amp#27;[39m &amp#27;[37m/wd/hub/session/8bc46446-73b9-46f3-8673-a9e1e5431af5/element&amp#27;[39m
&amp#27;[35m[HTTP]&amp#27;[39m &amp#27;[90m{"using":"accessibility id","value":"Login"}&amp#27;[39m
[debug] &amp#27;[35m[W3C (8bc46446)]&amp#27;[39m Calling AppiumDriver.findElement() with args: ["accessibility id","Login","8bc46446-73b9-46f3-8673-a9e1e5431af5"]
[debug] &amp#27;[35m[BaseDriver]&amp#27;[39m Valid locator strategies for this request: xpath, id, class name, accessibility id, css selector, -android uiautomator
[debug] &amp#27;[35m[BaseDriver]&amp#27;[39m Waiting up to 30000 ms for condition
[debug] &amp#27;[35m[WD Proxy]&amp#27;[39m Matched '/element' to command name 'findElement'
[debug] &amp#27;[35m[WD Proxy]&amp#27;[39m Proxying [POST /element] to [POST http://127.0.0.1:8204/wd/hub/session/1ba6c3f2-83d8-4411-bd70-b85c0b3a5be5/element] with body: {"strategy":"accessibility id","selector":"Login","context":"","multiple":false}
[debug] &amp#27;[35m[WD Proxy]&amp#27;[39m Got response with status 200: {"sessionId":"1ba6c3f2-83d8-4411-bd70-b85c0b3a5be5","value":{"ELEMENT":"00000000-0000-0136-7fff-ffff00000013","element-6066-11e4-a52e-4f735466cecf":"00000000-0000-0136-7fff-ffff00000013"}}
[debug] &amp#27;[35m[W3C (8bc46446)]&amp#27;[39m Responding to client with driver.findElement() result: {"element-6066-11e4-a52e-4f735466cecf":"00000000-0000-0136-7fff-ffff00000013","ELEMENT":"00000000-0000-0136-7fff-ffff00000013"}
&amp#27;[35m[HTTP]&amp#27;[39m &amp#27;[37m<-- POST /wd/hub/session/8bc46446-73b9-46f3-8673-a9e1e5431af5/element &amp#27;[39m&amp#27;[32m200&amp#27;[39m &amp#27;[90m78 ms - 137&amp#27;[39m
&amp#27;[35m[HTTP]&amp#27;[39m &amp#27;[90m&amp#27;[39m
&amp#27;[35m[HTTP]&amp#27;[39m &amp#27;[37m-->&amp#27;[39m &amp#27;[37mPOST&amp#27;[39m &amp#27;[37m/wd/hub/session/8bc46446-73b9-46f3-8673-a9e1e5431af5/element/00000000-0000-0136-7fff-ffff00000013/click&amp#27;[39m
&amp#27;[35m[HTTP]&amp#27;[39m &amp#27;[90m{"id":"00000000-0000-0136-7fff-ffff00000013"}&amp#27;[39m
[debug] &amp#27;[35m[W3C (8bc46446)]&amp#27;[39m Calling AppiumDriver.click() with args: ["00000000-0000-0136-7fff-ffff00000013","8bc46446-73b9-46f3-8673-a9e1e5431af5"]
[debug] &amp#27;[35m[WD Proxy]&amp#27;[39m Matched '/element/00000000-0000-0136-7fff-ffff00000013/click' to command name 'click'
[debug] &amp#27;[35m[WD Proxy]&amp#27;[39m Proxying [POST /element/00000000-0000-0136-7fff-ffff00000013/click] to [POST http://127.0.0.1:8204/wd/hub/session/1ba6c3f2-83d8-4411-bd70-b85c0b3a5be5/element/00000000-0000-0136-7fff-ffff00000013/click] with body: {"element":"00000000-0000-0136-7fff-ffff00000013"}
[debug] &amp#27;[35m[WD Proxy]&amp#27;[39m Got response with status 200: {"sessionId":"1ba6c3f2-83d8-4411-bd70-b85c0b3a5be5","value":null}
[debug] &amp#27;[35m[W3C (8bc46446)]&amp#27;[39m Responding to client with driver.click() result: null
&amp#27;[35m[HTTP]&amp#27;[39m &amp#27;[37m<-- POST /wd/hub/session/8bc46446-73b9-46f3-8673-a9e1e5431af5/element/00000000-0000-0136-7fff-ffff00000013/click &amp#27;[39m&amp#27;[32m200&amp#27;[39m &amp#27;[90m41 ms - 14&amp#27;[39m
&amp#27;[35m[HTTP]&amp#27;[39m &amp#27;[90m&amp#27;[39m
&amp#27;[35m[HTTP]&amp#27;[39m &amp#27;[37m-->&amp#27;[39m &amp#27;[37mGET&amp#27;[39m &amp#27;[37m/wd/hub/session/8bc46446-73b9-46f3-8673-a9e1e5431af5/context&amp#27;[39m
&amp#27;[35m[HTTP]&amp#27;[39m &amp#27;[90m{}&amp#27;[39m
[debug] &amp#27;[35m[W3C (8bc46446)]&amp#27;[39m Calling AppiumDriver.getCurrentContext() with args: ["8bc46446-73b9-46f3-8673-a9e1e5431af5"]
[debug] &amp#27;[35m[W3C (8bc46446)]&amp#27;[39m Responding to client with driver.getCurrentContext() result: "NATIVE_APP"
&amp#27;[35m[HTTP]&amp#27;[39m &amp#27;[37m<-- GET /wd/hub/session/8bc46446-73b9-46f3-8673-a9e1e5431af5/context &amp#27;[39m&amp#27;[32m200&amp#27;[39m &amp#27;[90m1 ms - 22&amp#27;[39m
&amp#27;[35m[HTTP]&amp#27;[39m &amp#27;[90m&amp#27;[39m
&amp#27;[35m[HTTP]&amp#27;[39m &amp#27;[37m-->&amp#27;[39m &amp#27;[37mPOST&amp#27;[39m &amp#27;[37m/wd/hub/session/8bc46446-73b9-46f3-8673-a9e1e5431af5/element&amp#27;[39m
&amp#27;[35m[HTTP]&amp#27;[39m &amp#27;[90m{"using":"accessibility id","value":"input-email"}&amp#27;[39m
[debug] &amp#27;[35m[W3C (8bc46446)]&amp#27;[39m Calling AppiumDriver.findElement() with args: ["accessibility id","input-email","8bc46446-73b9-46f3-8673-a9e1e5431af5"]
[debug] &amp#27;[35m[BaseDriver]&amp#27;[39m Valid locator strategies for this request: xpath, id, class name, accessibility id, css selector, -android uiautomator
[debug] &amp#27;[35m[BaseDriver]&amp#27;[39m Waiting up to 30000 ms for condition
[debug] &amp#27;[35m[WD Proxy]&amp#27;[39m Matched '/element' to command name 'findElement'
[debug] &amp#27;[35m[WD Proxy]&amp#27;[39m Proxying [POST /element] to [POST http://127.0.0.1:8204/wd/hub/session/1ba6c3f2-83d8-4411-bd70-b85c0b3a5be5/element] with body: {"strategy":"accessibility id","selector":"input-email","context":"","multiple":false}
[debug] &amp#27;[35m[WD Proxy]&amp#27;[39m Got response with status 200: {"sessionId":"1ba6c3f2-83d8-4411-bd70-b85c0b3a5be5","value":{"ELEMENT":"00000000-0000-0136-7fff-ffff0000003c","element-6066-11e4-a52e-4f735466cecf":"00000000-0000-0136-7fff-ffff0000003c"}}
[debug] &amp#27;[35m[W3C (8bc46446)]&amp#27;[39m Responding to client with driver.findElement() result: {"element-6066-11e4-a52e-4f735466cecf":"00000000-0000-0136-7fff-ffff0000003c","ELEMENT":"00000000-0000-0136-7fff-ffff0000003c"}
&amp#27;[35m[HTTP]&amp#27;[39m &amp#27;[37m<-- POST /wd/hub/session/8bc46446-73b9-46f3-8673-a9e1e5431af5/element &amp#27;[39m&amp#27;[32m200&amp#27;[39m &amp#27;[90m45 ms - 137&amp#27;[39m
&amp#27;[35m[HTTP]&amp#27;[39m &amp#27;[90m&amp#27;[39m
&amp#27;[35m[HTTP]&amp#27;[39m &amp#27;[37m-->&amp#27;[39m &amp#27;[37mGET&amp#27;[39m &amp#27;[37m/wd/hub/session/8bc46446-73b9-46f3-8673-a9e1e5431af5/element/00000000-0000-0136-7fff-ffff0000003c/displayed&amp#27;[39m
&amp#27;[35m[HTTP]&amp#27;[39m &amp#27;[90m{}&amp#27;[39m
[debug] &amp#27;[35m[W3C (8bc46446)]&amp#27;[39m Calling AppiumDriver.elementDisplayed() with args: ["00000000-0000-0136-7fff-ffff0000003c","8bc46446-73b9-46f3-8673-a9e1e5431af5"]
[debug] &amp#27;[35m[WD Proxy]&amp#27;[39m Matched '/element/00000000-0000-0136-7fff-ffff0000003c/attribute/displayed' to command name 'getAttribute'
[debug] &amp#27;[35m[WD Proxy]&amp#27;[39m Proxying [GET /element/00000000-0000-0136-7fff-ffff0000003c/attribute/displayed] to [GET http://127.0.0.1:8204/wd/hub/session/1ba6c3f2-83d8-4411-bd70-b85c0b3a5be5/element/00000000-0000-0136-7fff-ffff0000003c/attribute/displayed] with no body
[debug] &amp#27;[35m[WD Proxy]&amp#27;[39m Got response with status 200: {"sessionId":"1ba6c3f2-83d8-4411-bd70-b85c0b3a5be5","value":"true"}
[debug] &amp#27;[35m[W3C (8bc46446)]&amp#27;[39m Responding to client with driver.elementDisplayed() result: true
&amp#27;[35m[HTTP]&amp#27;[39m &amp#27;[37m<-- GET /wd/hub/session/8bc46446-73b9-46f3-8673-a9e1e5431af5/element/00000000-0000-0136-7fff-ffff0000003c/displayed &amp#27;[39m&amp#27;[32m200&amp#27;[39m &amp#27;[90m19 ms - 14&amp#27;[39m
&amp#27;[35m[HTTP]&amp#27;[39m &amp#27;[90m&amp#27;[39m
&amp#27;[35m[HTTP]&amp#27;[39m &amp#27;[37m-->&amp#27;[39m &amp#27;[37mGET&amp#27;[39m &amp#27;[37m/wd/hub/session/8bc46446-73b9-46f3-8673-a9e1e5431af5/context&amp#27;[39m
&amp#27;[35m[HTTP]&amp#27;[39m &amp#27;[90m{}&amp#27;[39m
[debug] &amp#27;[35m[W3C (8bc46446)]&amp#27;[39m Calling AppiumDriver.getCurrentContext() with args: ["8bc46446-73b9-46f3-8673-a9e1e5431af5"]
[debug] &amp#27;[35m[W3C (8bc46446)]&amp#27;[39m Responding to client with driver.getCurrentContext() result: "NATIVE_APP"
&amp#27;[35m[HTTP]&amp#27;[39m &amp#27;[37m<-- GET /wd/hub/session/8bc46446-73b9-46f3-8673-a9e1e5431af5/context &amp#27;[39m&amp#27;[32m200&amp#27;[39m &amp#27;[90m1 ms - 22&amp#27;[39m
&amp#27;[35m[HTTP]&amp#27;[39m &amp#27;[90m&amp#27;[39m
&amp#27;[35m[HTTP]&amp#27;[39m &amp#27;[37m-->&amp#27;[39m &amp#27;[37mPOST&amp#27;[39m &amp#27;[37m/wd/hub/session/8bc46446-73b9-46f3-8673-a9e1e5431af5/element&amp#27;[39m
&amp#27;[35m[HTTP]&amp#27;[39m &amp#27;[90m{"using":"accessibility id","value":"input-email"}&amp#27;[39m
[debug] &amp#27;[35m[W3C (8bc46446)]&amp#27;[39m Calling AppiumDriver.findElement() with args: ["accessibility id","input-email","8bc46446-73b9-46f3-8673-a9e1e5431af5"]
[debug] &amp#27;[35m[BaseDriver]&amp#27;[39m Valid locator strategies for this request: xpath, id, class name, accessibility id, css selector, -android uiautomator
[debug] &amp#27;[35m[BaseDriver]&amp#27;[39m Waiting up to 30000 ms for condition
[debug] &amp#27;[35m[WD Proxy]&amp#27;[39m Matched '/element' to command name 'findElement'
[debug] &amp#27;[35m[WD Proxy]&amp#27;[39m Proxying [POST /element] to [POST http://127.0.0.1:8204/wd/hub/session/1ba6c3f2-83d8-4411-bd70-b85c0b3a5be5/element] with body: {"strategy":"accessibility id","selector":"input-email","context":"","multiple":false}
[debug] &amp#27;[35m[WD Proxy]&amp#27;[39m Got response with status 200: {"sessionId":"1ba6c3f2-83d8-4411-bd70-b85c0b3a5be5","value":{"ELEMENT":"00000000-0000-0136-7fff-ffff0000003c","element-6066-11e4-a52e-4f735466cecf":"00000000-0000-0136-7fff-ffff0000003c"}}
[debug] &amp#27;[35m[W3C (8bc46446)]&amp#27;[39m Responding to client with driver.findElement() result: {"element-6066-11e4-a52e-4f735466cecf":"00000000-0000-0136-7fff-ffff0000003c","ELEMENT":"00000000-0000-0136-7fff-ffff0000003c"}
&amp#27;[35m[HTTP]&amp#27;[39m &amp#27;[37m<-- POST /wd/hub/session/8bc46446-73b9-46f3-8673-a9e1e5431af5/element &amp#27;[39m&amp#27;[32m200&amp#27;[39m &amp#27;[90m58 ms - 137&amp#27;[39m
&amp#27;[35m[HTTP]&amp#27;[39m &amp#27;[90m&amp#27;[39m
&amp#27;[35m[HTTP]&amp#27;[39m &amp#27;[37m-->&amp#27;[39m &amp#27;[37mPOST&amp#27;[39m &amp#27;[37m/wd/hub/session/8bc46446-73b9-46f3-8673-a9e1e5431af5/element/00000000-0000-0136-7fff-ffff0000003c/clear&amp#27;[39m
&amp#27;[35m[HTTP]&amp#27;[39m &amp#27;[90m{"id":"00000000-0000-0136-7fff-ffff0000003c"}&amp#27;[39m
[debug] &amp#27;[35m[W3C (8bc46446)]&amp#27;[39m Calling AppiumDriver.clear() with args: ["00000000-0000-0136-7fff-ffff0000003c","8bc46446-73b9-46f3-8673-a9e1e5431af5"]
[debug] &amp#27;[35m[WD Proxy]&amp#27;[39m Matched '/element/00000000-0000-0136-7fff-ffff0000003c/clear' to command name 'clear'
[debug] &amp#27;[35m[WD Proxy]&amp#27;[39m Proxying [POST /element/00000000-0000-0136-7fff-ffff0000003c/clear] to [POST http://127.0.0.1:8204/wd/hub/session/1ba6c3f2-83d8-4411-bd70-b85c0b3a5be5/element/00000000-0000-0136-7fff-ffff0000003c/clear] with body: {"elementId":"00000000-0000-0136-7fff-ffff0000003c"}
[debug] &amp#27;[35m[WD Proxy]&amp#27;[39m Got response with status 200: {"sessionId":"1ba6c3f2-83d8-4411-bd70-b85c0b3a5be5","value":null}
[debug] &amp#27;[35m[W3C (8bc46446)]&amp#27;[39m Responding to client with driver.clear() result: null
&amp#27;[35m[HTTP]&amp#27;[39m &amp#27;[37m<-- POST /wd/hub/session/8bc46446-73b9-46f3-8673-a9e1e5431af5/element/00000000-0000-0136-7fff-ffff0000003c/clear &amp#27;[39m&amp#27;[32m200&amp#27;[39m &amp#27;[90m40 ms - 14&amp#27;[39m
&amp#27;[35m[HTTP]&amp#27;[39m &amp#27;[90m&amp#27;[39m
&amp#27;[35m[HTTP]&amp#27;[39m &amp#27;[37m-->&amp#27;[39m &amp#27;[37mGET&amp#27;[39m &amp#27;[37m/wd/hub/session/8bc46446-73b9-46f3-8673-a9e1e5431af5/context&amp#27;[39m
&amp#27;[35m[HTTP]&amp#27;[39m &amp#27;[90m{}&amp#27;[39m
[debug] &amp#27;[35m[W3C (8bc46446)]&amp#27;[39m Calling AppiumDriver.getCurrentContext() with args: ["8bc46446-73b9-46f3-8673-a9e1e5431af5"]
[debug] &amp#27;[35m[W3C (8bc46446)]&amp#27;[39m Responding to client with driver.getCurrentContext() result: "NATIVE_APP"
&amp#27;[35m[HTTP]&amp#27;[39m &amp#27;[37m<-- GET /wd/hub/session/8bc46446-73b9-46f3-8673-a9e1e5431af5/context &amp#27;[39m&amp#27;[32m200&amp#27;[39m &amp#27;[90m1 ms - 22&amp#27;[39m
&amp#27;[35m[HTTP]&amp#27;[39m &amp#27;[90m&amp#27;[39m
&amp#27;[35m[HTTP]&amp#27;[39m &amp#27;[37m-->&amp#27;[39m &amp#27;[37mPOST&amp#27;[39m &amp#27;[37m/wd/hub/session/8bc46446-73b9-46f3-8673-a9e1e5431af5/element&amp#27;[39m
&amp#27;[35m[HTTP]&amp#27;[39m &amp#27;[90m{"using":"accessibility id","value":"input-email"}&amp#27;[39m
[debug] &amp#27;[35m[W3C (8bc46446)]&amp#27;[39m Calling AppiumDriver.findElement() with args: ["accessibility id","input-email","8bc46446-73b9-46f3-8673-a9e1e5431af5"]
[debug] &amp#27;[35m[BaseDriver]&amp#27;[39m Valid locator strategies for this request: xpath, id, class name, accessibility id, css selector, -android uiautomator
[debug] &amp#27;[35m[BaseDriver]&amp#27;[39m Waiting up to 30000 ms for condition
[debug] &amp#27;[35m[WD Proxy]&amp#27;[39m Matched '/element' to command name 'findElement'
[debug] &amp#27;[35m[WD Proxy]&amp#27;[39m Proxying [POST /element] to [POST http://127.0.0.1:8204/wd/hub/session/1ba6c3f2-83d8-4411-bd70-b85c0b3a5be5/element] with body: {"strategy":"accessibility id","selector":"input-email","context":"","multiple":false}
[debug] &amp#27;[35m[WD Proxy]&amp#27;[39m Got response with status 200: {"sessionId":"1ba6c3f2-83d8-4411-bd70-b85c0b3a5be5","value":{"ELEMENT":"00000000-0000-0136-7fff-ffff0000003c","element-6066-11e4-a52e-4f735466cecf":"00000000-0000-0136-7fff-ffff0000003c"}}
[debug] &amp#27;[35m[W3C (8bc46446)]&amp#27;[39m Responding to client with driver.findElement() result: {"element-6066-11e4-a52e-4f735466cecf":"00000000-0000-0136-7fff-ffff0000003c","ELEMENT":"00000000-0000-0136-7fff-ffff0000003c"}
&amp#27;[35m[HTTP]&amp#27;[39m &amp#27;[37m<-- POST /wd/hub/session/8bc46446-73b9-46f3-8673-a9e1e5431af5/element &amp#27;[39m&amp#27;[32m200&amp#27;[39m &amp#27;[90m713 ms - 137&amp#27;[39m
&amp#27;[35m[HTTP]&amp#27;[39m &amp#27;[90m&amp#27;[39m
&amp#27;[35m[HTTP]&amp#27;[39m &amp#27;[37m-->&amp#27;[39m &amp#27;[37mGET&amp#27;[39m &amp#27;[37m/wd/hub/session/8bc46446-73b9-46f3-8673-a9e1e5431af5/element/00000000-0000-0136-7fff-ffff0000003c/displayed&amp#27;[39m
&amp#27;[35m[HTTP]&amp#27;[39m &amp#27;[90m{}&amp#27;[39m
[debug] &amp#27;[35m[W3C (8bc46446)]&amp#27;[39m Calling AppiumDriver.elementDisplayed() with args: ["00000000-0000-0136-7fff-ffff0000003c","8bc46446-73b9-46f3-8673-a9e1e5431af5"]
[debug] &amp#27;[35m[WD Proxy]&amp#27;[39m Matched '/element/00000000-0000-0136-7fff-ffff0000003c/attribute/displayed' to command name 'getAttribute'
[debug] &amp#27;[35m[WD Proxy]&amp#27;[39m Proxying [GET /element/00000000-0000-0136-7fff-ffff0000003c/attribute/displayed] to [GET http://127.0.0.1:8204/wd/hub/session/1ba6c3f2-83d8-4411-bd70-b85c0b3a5be5/element/00000000-0000-0136-7fff-ffff0000003c/attribute/displayed] with no body
[debug] &amp#27;[35m[WD Proxy]&amp#27;[39m Got response with status 200: {"sessionId":"1ba6c3f2-83d8-4411-bd70-b85c0b3a5be5","value":"true"}
[debug] &amp#27;[35m[W3C (8bc46446)]&amp#27;[39m Responding to client with driver.elementDisplayed() result: true
&amp#27;[35m[HTTP]&amp#27;[39m &amp#27;[37m<-- GET /wd/hub/session/8bc46446-73b9-46f3-8673-a9e1e5431af5/element/00000000-0000-0136-7fff-ffff0000003c/displayed &amp#27;[39m&amp#27;[32m200&amp#27;[39m &amp#27;[90m16 ms - 14&amp#27;[39m
&amp#27;[35m[HTTP]&amp#27;[39m &amp#27;[90m&amp#27;[39m
&amp#27;[35m[HTTP]&amp#27;[39m &amp#27;[37m-->&amp#27;[39m &amp#27;[37mGET&amp#27;[39m &amp#27;[37m/wd/hub/session/8bc46446-73b9-46f3-8673-a9e1e5431af5/context&amp#27;[39m
&amp#27;[35m[HTTP]&amp#27;[39m &amp#27;[90m{}&amp#27;[39m
[debug] &amp#27;[35m[W3C (8bc46446)]&amp#27;[39m Calling AppiumDriver.getCurrentContext() with args: ["8bc46446-73b9-46f3-8673-a9e1e5431af5"]
[debug] &amp#27;[35m[W3C (8bc46446)]&amp#27;[39m Responding to client with driver.getCurrentContext() result: "NATIVE_APP"
&amp#27;[35m[HTTP]&amp#27;[39m &amp#27;[37m<-- GET /wd/hub/session/8bc46446-73b9-46f3-8673-a9e1e5431af5/context &amp#27;[39m&amp#27;[32m200&amp#27;[39m &amp#27;[90m1 ms - 22&amp#27;[39m
&amp#27;[35m[HTTP]&amp#27;[39m &amp#27;[90m&amp#27;[39m
&amp#27;[35m[HTTP]&amp#27;[39m &amp#27;[37m-->&amp#27;[39m &amp#27;[37mPOST&amp#27;[39m &amp#27;[37m/wd/hub/session/8bc46446-73b9-46f3-8673-a9e1e5431af5/element&amp#27;[39m
&amp#27;[35m[HTTP]&amp#27;[39m &amp#27;[90m{"using":"accessibility id","value":"input-email"}&amp#27;[39m
[debug] &amp#27;[35m[W3C (8bc46446)]&amp#27;[39m Calling AppiumDriver.findElement() with args: ["accessibility id","input-email","8bc46446-73b9-46f3-8673-a9e1e5431af5"]
[debug] &amp#27;[35m[BaseDriver]&amp#27;[39m Valid locator strategies for this request: xpath, id, class name, accessibility id, css selector, -android uiautomator
[debug] &amp#27;[35m[BaseDriver]&amp#27;[39m Waiting up to 30000 ms for condition
[debug] &amp#27;[35m[WD Proxy]&amp#27;[39m Matched '/element' to command name 'findElement'
[debug] &amp#27;[35m[WD Proxy]&amp#27;[39m Proxying [POST /element] to [POST http://127.0.0.1:8204/wd/hub/session/1ba6c3f2-83d8-4411-bd70-b85c0b3a5be5/element] with body: {"strategy":"accessibility id","selector":"input-email","context":"","multiple":false}
[debug] &amp#27;[35m[WD Proxy]&amp#27;[39m Got response with status 200: {"sessionId":"1ba6c3f2-83d8-4411-bd70-b85c0b3a5be5","value":{"ELEMENT":"00000000-0000-0136-7fff-ffff0000003c","element-6066-11e4-a52e-4f735466cecf":"00000000-0000-0136-7fff-ffff0000003c"}}
[debug] &amp#27;[35m[W3C (8bc46446)]&amp#27;[39m Responding to client with driver.findElement() result: {"element-6066-11e4-a52e-4f735466cecf":"00000000-0000-0136-7fff-ffff0000003c","ELEMENT":"00000000-0000-0136-7fff-ffff0000003c"}
&amp#27;[35m[HTTP]&amp#27;[39m &amp#27;[37m<-- POST /wd/hub/session/8bc46446-73b9-46f3-8673-a9e1e5431af5/element &amp#27;[39m&amp#27;[32m200&amp#27;[39m &amp#27;[90m40 ms - 137&amp#27;[39m
&amp#27;[35m[HTTP]&amp#27;[39m &amp#27;[90m&amp#27;[39m
&amp#27;[35m[HTTP]&amp#27;[39m &amp#27;[37m-->&amp#27;[39m &amp#27;[37mPOST&amp#27;[39m &amp#27;[37m/wd/hub/session/8bc46446-73b9-46f3-8673-a9e1e5431af5/element/00000000-0000-0136-7fff-ffff0000003c/value&amp#27;[39m
&amp#27;[35m[HTTP]&amp#27;[39m &amp#27;[90m{"id":"00000000-0000-0136-7fff-ffff0000003c","text":"tunghuynh@","value":["t","u","n","g","h","u","y","n","h","@"]}&amp#27;[39m
[debug] &amp#27;[35m[W3C (8bc46446)]&amp#27;[39m Calling AppiumDriver.setValue() with args: [["t","u","n","g","h","u","y","n","h","@"],"00000000-0000-0136-7fff-ffff0000003c","8bc46446-73b9-46f3-8673-a9e1e5431af5"]
[debug] &amp#27;[35m[WD Proxy]&amp#27;[39m Matched '/element/00000000-0000-0136-7fff-ffff0000003c/value' to command name 'setValue'
[debug] &amp#27;[35m[Protocol Converter]&amp#27;[39m Added 'value' property ["t","u","n","g","h","u","y","n","h","@"] to 'setValue' request body
[debug] &amp#27;[35m[WD Proxy]&amp#27;[39m Proxying [POST /element/00000000-0000-0136-7fff-ffff0000003c/value] to [POST http://127.0.0.1:8204/wd/hub/session/1ba6c3f2-83d8-4411-bd70-b85c0b3a5be5/element/00000000-0000-0136-7fff-ffff0000003c/value] with body: {"elementId":"00000000-0000-0136-7fff-ffff0000003c","text":"tunghuynh@","replace":false,"value":["t","u","n","g","h","u","y","n","h","@"]}
[debug] &amp#27;[35m[WD Proxy]&amp#27;[39m Got response with status 200: {"sessionId":"1ba6c3f2-83d8-4411-bd70-b85c0b3a5be5","value":null}
[debug] &amp#27;[35m[W3C (8bc46446)]&amp#27;[39m Responding to client with driver.setValue() result: null
&amp#27;[35m[HTTP]&amp#27;[39m &amp#27;[37m<-- POST /wd/hub/session/8bc46446-73b9-46f3-8673-a9e1e5431af5/element/00000000-0000-0136-7fff-ffff0000003c/value &amp#27;[39m&amp#27;[32m200&amp#27;[39m &amp#27;[90m579 ms - 14&amp#27;[39m
&amp#27;[35m[HTTP]&amp#27;[39m &amp#27;[90m&amp#27;[39m
&amp#27;[35m[HTTP]&amp#27;[39m &amp#27;[37m-->&amp#27;[39m &amp#27;[37mGET&amp#27;[39m &amp#27;[37m/wd/hub/session/8bc46446-73b9-46f3-8673-a9e1e5431af5/context&amp#27;[39m
&amp#27;[35m[HTTP]&amp#27;[39m &amp#27;[90m{}&amp#27;[39m
[debug] &amp#27;[35m[W3C (8bc46446)]&amp#27;[39m Calling AppiumDriver.getCurrentContext() with args: ["8bc46446-73b9-46f3-8673-a9e1e5431af5"]
[debug] &amp#27;[35m[W3C (8bc46446)]&amp#27;[39m Responding to client with driver.getCurrentContext() result: "NATIVE_APP"
&amp#27;[35m[HTTP]&amp#27;[39m &amp#27;[37m<-- GET /wd/hub/session/8bc46446-73b9-46f3-8673-a9e1e5431af5/context &amp#27;[39m&amp#27;[32m200&amp#27;[39m &amp#27;[90m1 ms - 22&amp#27;[39m
&amp#27;[35m[HTTP]&amp#27;[39m &amp#27;[90m&amp#27;[39m
&amp#27;[35m[HTTP]&amp#27;[39m &amp#27;[37m-->&amp#27;[39m &amp#27;[37mPOST&amp#27;[39m &amp#27;[37m/wd/hub/session/8bc46446-73b9-46f3-8673-a9e1e5431af5/element&amp#27;[39m
&amp#27;[35m[HTTP]&amp#27;[39m &amp#27;[90m{"using":"accessibility id","value":"input-password"}&amp#27;[39m
[debug] &amp#27;[35m[W3C (8bc46446)]&amp#27;[39m Calling AppiumDriver.findElement() with args: ["accessibility id","input-password","8bc46446-73b9-46f3-8673-a9e1e5431af5"]
[debug] &amp#27;[35m[BaseDriver]&amp#27;[39m Valid locator strategies for this request: xpath, id, class name, accessibility id, css selector, -android uiautomator
[debug] &amp#27;[35m[BaseDriver]&amp#27;[39m Waiting up to 30000 ms for condition
[debug] &amp#27;[35m[WD Proxy]&amp#27;[39m Matched '/element' to command name 'findElement'
[debug] &amp#27;[35m[WD Proxy]&amp#27;[39m Proxying [POST /element] to [POST http://127.0.0.1:8204/wd/hub/session/1ba6c3f2-83d8-4411-bd70-b85c0b3a5be5/element] with body: {"strategy":"accessibility id","selector":"input-password","context":"","multiple":false}
[debug] &amp#27;[35m[WD Proxy]&amp#27;[39m Got response with status 200: {"sessionId":"1ba6c3f2-83d8-4411-bd70-b85c0b3a5be5","value":{"ELEMENT":"00000000-0000-0136-7fff-ffff0000003e","element-6066-11e4-a52e-4f735466cecf":"00000000-0000-0136-7fff-ffff0000003e"}}
[debug] &amp#27;[35m[W3C (8bc46446)]&amp#27;[39m Responding to client with driver.findElement() result: {"element-6066-11e4-a52e-4f735466cecf":"00000000-0000-0136-7fff-ffff0000003e","ELEMENT":"00000000-0000-0136-7fff-ffff0000003e"}
&amp#27;[35m[HTTP]&amp#27;[39m &amp#27;[37m<-- POST /wd/hub/session/8bc46446-73b9-46f3-8673-a9e1e5431af5/element &amp#27;[39m&amp#27;[32m200&amp#27;[39m &amp#27;[90m703 ms - 137&amp#27;[39m
&amp#27;[35m[HTTP]&amp#27;[39m &amp#27;[90m&amp#27;[39m
&amp#27;[35m[HTTP]&amp#27;[39m &amp#27;[37m-->&amp#27;[39m &amp#27;[37mGET&amp#27;[39m &amp#27;[37m/wd/hub/session/8bc46446-73b9-46f3-8673-a9e1e5431af5/element/00000000-0000-0136-7fff-ffff0000003e/displayed&amp#27;[39m
&amp#27;[35m[HTTP]&amp#27;[39m &amp#27;[90m{}&amp#27;[39m
[debug] &amp#27;[35m[W3C (8bc46446)]&amp#27;[39m Calling AppiumDriver.elementDisplayed() with args: ["00000000-0000-0136-7fff-ffff0000003e","8bc46446-73b9-46f3-8673-a9e1e5431af5"]
[debug] &amp#27;[35m[WD Proxy]&amp#27;[39m Matched '/element/00000000-0000-0136-7fff-ffff0000003e/attribute/displayed' to command name 'getAttribute'
[debug] &amp#27;[35m[WD Proxy]&amp#27;[39m Proxying [GET /element/00000000-0000-0136-7fff-ffff0000003e/attribute/displayed] to [GET http://127.0.0.1:8204/wd/hub/session/1ba6c3f2-83d8-4411-bd70-b85c0b3a5be5/element/00000000-0000-0136-7fff-ffff0000003e/attribute/displayed] with no body
[debug] &amp#27;[35m[WD Proxy]&amp#27;[39m Got response with status 200: {"sessionId":"1ba6c3f2-83d8-4411-bd70-b85c0b3a5be5","value":"true"}
[debug] &amp#27;[35m[W3C (8bc46446)]&amp#27;[39m Responding to client with driver.elementDisplayed() result: true
&amp#27;[35m[HTTP]&amp#27;[39m &amp#27;[37m<-- GET /wd/hub/session/8bc46446-73b9-46f3-8673-a9e1e5431af5/element/00000000-0000-0136-7fff-ffff0000003e/displayed &amp#27;[39m&amp#27;[32m200&amp#27;[39m &amp#27;[90m21 ms - 14&amp#27;[39m
&amp#27;[35m[HTTP]&amp#27;[39m &amp#27;[90m&amp#27;[39m
&amp#27;[35m[HTTP]&amp#27;[39m &amp#27;[37m-->&amp#27;[39m &amp#27;[37mGET&amp#27;[39m &amp#27;[37m/wd/hub/session/8bc46446-73b9-46f3-8673-a9e1e5431af5/context&amp#27;[39m
&amp#27;[35m[HTTP]&amp#27;[39m &amp#27;[90m{}&amp#27;[39m
[debug] &amp#27;[35m[W3C (8bc46446)]&amp#27;[39m Calling AppiumDriver.getCurrentContext() with args: ["8bc46446-73b9-46f3-8673-a9e1e5431af5"]
[debug] &amp#27;[35m[W3C (8bc46446)]&amp#27;[39m Responding to client with driver.getCurrentContext() result: "NATIVE_APP"
&amp#27;[35m[HTTP]&amp#27;[39m &amp#27;[37m<-- GET /wd/hub/session/8bc46446-73b9-46f3-8673-a9e1e5431af5/context &amp#27;[39m&amp#27;[32m200&amp#27;[39m &amp#27;[90m1 ms - 22&amp#27;[39m
&amp#27;[35m[HTTP]&amp#27;[39m &amp#27;[90m&amp#27;[39m
&amp#27;[35m[HTTP]&amp#27;[39m &amp#27;[37m-->&amp#27;[39m &amp#27;[37mPOST&amp#27;[39m &amp#27;[37m/wd/hub/session/8bc46446-73b9-46f3-8673-a9e1e5431af5/element&amp#27;[39m
&amp#27;[35m[HTTP]&amp#27;[39m &amp#27;[90m{"using":"accessibility id","value":"input-password"}&amp#27;[39m
[debug] &amp#27;[35m[W3C (8bc46446)]&amp#27;[39m Calling AppiumDriver.findElement() with args: ["accessibility id","input-password","8bc46446-73b9-46f3-8673-a9e1e5431af5"]
[debug] &amp#27;[35m[BaseDriver]&amp#27;[39m Valid locator strategies for this request: xpath, id, class name, accessibility id, css selector, -android uiautomator
[debug] &amp#27;[35m[BaseDriver]&amp#27;[39m Waiting up to 30000 ms for condition
[debug] &amp#27;[35m[WD Proxy]&amp#27;[39m Matched '/element' to command name 'findElement'
[debug] &amp#27;[35m[WD Proxy]&amp#27;[39m Proxying [POST /element] to [POST http://127.0.0.1:8204/wd/hub/session/1ba6c3f2-83d8-4411-bd70-b85c0b3a5be5/element] with body: {"strategy":"accessibility id","selector":"input-password","context":"","multiple":false}
[debug] &amp#27;[35m[WD Proxy]&amp#27;[39m Got response with status 200: {"sessionId":"1ba6c3f2-83d8-4411-bd70-b85c0b3a5be5","value":{"ELEMENT":"00000000-0000-0136-7fff-ffff0000003e","element-6066-11e4-a52e-4f735466cecf":"00000000-0000-0136-7fff-ffff0000003e"}}
[debug] &amp#27;[35m[W3C (8bc46446)]&amp#27;[39m Responding to client with driver.findElement() result: {"element-6066-11e4-a52e-4f735466cecf":"00000000-0000-0136-7fff-ffff0000003e","ELEMENT":"00000000-0000-0136-7fff-ffff0000003e"}
&amp#27;[35m[HTTP]&amp#27;[39m &amp#27;[37m<-- POST /wd/hub/session/8bc46446-73b9-46f3-8673-a9e1e5431af5/element &amp#27;[39m&amp#27;[32m200&amp#27;[39m &amp#27;[90m70 ms - 137&amp#27;[39m
&amp#27;[35m[HTTP]&amp#27;[39m &amp#27;[90m&amp#27;[39m
&amp#27;[35m[HTTP]&amp#27;[39m &amp#27;[37m-->&amp#27;[39m &amp#27;[37mPOST&amp#27;[39m &amp#27;[37m/wd/hub/session/8bc46446-73b9-46f3-8673-a9e1e5431af5/element/00000000-0000-0136-7fff-ffff0000003e/clear&amp#27;[39m
&amp#27;[35m[HTTP]&amp#27;[39m &amp#27;[90m{"id":"00000000-0000-0136-7fff-ffff0000003e"}&amp#27;[39m
[debug] &amp#27;[35m[W3C (8bc46446)]&amp#27;[39m Calling AppiumDriver.clear() with args: ["00000000-0000-0136-7fff-ffff0000003e","8bc46446-73b9-46f3-8673-a9e1e5431af5"]
[debug] &amp#27;[35m[WD Proxy]&amp#27;[39m Matched '/element/00000000-0000-0136-7fff-ffff0000003e/clear' to command name 'clear'
[debug] &amp#27;[35m[WD Proxy]&amp#27;[39m Proxying [POST /element/00000000-0000-0136-7fff-ffff0000003e/clear] to [POST http://127.0.0.1:8204/wd/hub/session/1ba6c3f2-83d8-4411-bd70-b85c0b3a5be5/element/00000000-0000-0136-7fff-ffff0000003e/clear] with body: {"elementId":"00000000-0000-0136-7fff-ffff0000003e"}
[debug] &amp#27;[35m[WD Proxy]&amp#27;[39m Got response with status 200: {"sessionId":"1ba6c3f2-83d8-4411-bd70-b85c0b3a5be5","value":null}
[debug] &amp#27;[35m[W3C (8bc46446)]&amp#27;[39m Responding to client with driver.clear() result: null
&amp#27;[35m[HTTP]&amp#27;[39m &amp#27;[37m<-- POST /wd/hub/session/8bc46446-73b9-46f3-8673-a9e1e5431af5/element/00000000-0000-0136-7fff-ffff0000003e/clear &amp#27;[39m&amp#27;[32m200&amp#27;[39m &amp#27;[90m46 ms - 14&amp#27;[39m
&amp#27;[35m[HTTP]&amp#27;[39m &amp#27;[90m&amp#27;[39m
&amp#27;[35m[HTTP]&amp#27;[39m &amp#27;[37m-->&amp#27;[39m &amp#27;[37mGET&amp#27;[39m &amp#27;[37m/wd/hub/session/8bc46446-73b9-46f3-8673-a9e1e5431af5/context&amp#27;[39m
&amp#27;[35m[HTTP]&amp#27;[39m &amp#27;[90m{}&amp#27;[39m
[debug] &amp#27;[35m[W3C (8bc46446)]&amp#27;[39m Calling AppiumDriver.getCurrentContext() with args: ["8bc46446-73b9-46f3-8673-a9e1e5431af5"]
[debug] &amp#27;[35m[W3C (8bc46446)]&amp#27;[39m Responding to client with driver.getCurrentContext() result: "NATIVE_APP"
&amp#27;[35m[HTTP]&amp#27;[39m &amp#27;[37m<-- GET /wd/hub/session/8bc46446-73b9-46f3-8673-a9e1e5431af5/context &amp#27;[39m&amp#27;[32m200&amp#27;[39m &amp#27;[90m1 ms - 22&amp#27;[39m
&amp#27;[35m[HTTP]&amp#27;[39m &amp#27;[90m&amp#27;[39m
&amp#27;[35m[HTTP]&amp#27;[39m &amp#27;[37m-->&amp#27;[39m &amp#27;[37mPOST&amp#27;[39m &amp#27;[37m/wd/hub/session/8bc46446-73b9-46f3-8673-a9e1e5431af5/element&amp#27;[39m
&amp#27;[35m[HTTP]&amp#27;[39m &amp#27;[90m{"using":"accessibility id","value":"input-password"}&amp#27;[39m
[debug] &amp#27;[35m[W3C (8bc46446)]&amp#27;[39m Calling AppiumDriver.findElement() with args: ["accessibility id","input-password","8bc46446-73b9-46f3-8673-a9e1e5431af5"]
[debug] &amp#27;[35m[BaseDriver]&amp#27;[39m Valid locator strategies for this request: xpath, id, class name, accessibility id, css selector, -android uiautomator
[debug] &amp#27;[35m[BaseDriver]&amp#27;[39m Waiting up to 30000 ms for condition
[debug] &amp#27;[35m[WD Proxy]&amp#27;[39m Matched '/element' to command name 'findElement'
[debug] &amp#27;[35m[WD Proxy]&amp#27;[39m Proxying [POST /element] to [POST http://127.0.0.1:8204/wd/hub/session/1ba6c3f2-83d8-4411-bd70-b85c0b3a5be5/element] with body: {"strategy":"accessibility id","selector":"input-password","context":"","multiple":false}
[debug] &amp#27;[35m[WD Proxy]&amp#27;[39m Got response with status 200: {"sessionId":"1ba6c3f2-83d8-4411-bd70-b85c0b3a5be5","value":{"ELEMENT":"00000000-0000-0136-7fff-ffff0000003e","element-6066-11e4-a52e-4f735466cecf":"00000000-0000-0136-7fff-ffff0000003e"}}
[debug] &amp#27;[35m[W3C (8bc46446)]&amp#27;[39m Responding to client with driver.findElement() result: {"element-6066-11e4-a52e-4f735466cecf":"00000000-0000-0136-7fff-ffff0000003e","ELEMENT":"00000000-0000-0136-7fff-ffff0000003e"}
&amp#27;[35m[HTTP]&amp#27;[39m &amp#27;[37m<-- POST /wd/hub/session/8bc46446-73b9-46f3-8673-a9e1e5431af5/element &amp#27;[39m&amp#27;[32m200&amp#27;[39m &amp#27;[90m982 ms - 137&amp#27;[39m
&amp#27;[35m[HTTP]&amp#27;[39m &amp#27;[90m&amp#27;[39m
&amp#27;[35m[HTTP]&amp#27;[39m &amp#27;[37m-->&amp#27;[39m &amp#27;[37mGET&amp#27;[39m &amp#27;[37m/wd/hub/session/8bc46446-73b9-46f3-8673-a9e1e5431af5/element/00000000-0000-0136-7fff-ffff0000003e/displayed&amp#27;[39m
&amp#27;[35m[HTTP]&amp#27;[39m &amp#27;[90m{}&amp#27;[39m
[debug] &amp#27;[35m[W3C (8bc46446)]&amp#27;[39m Calling AppiumDriver.elementDisplayed() with args: ["00000000-0000-0136-7fff-ffff0000003e","8bc46446-73b9-46f3-8673-a9e1e5431af5"]
[debug] &amp#27;[35m[WD Proxy]&amp#27;[39m Matched '/element/00000000-0000-0136-7fff-ffff0000003e/attribute/displayed' to command name 'getAttribute'
[debug] &amp#27;[35m[WD Proxy]&amp#27;[39m Proxying [GET /element/00000000-0000-0136-7fff-ffff0000003e/attribute/displayed] to [GET http://127.0.0.1:8204/wd/hub/session/1ba6c3f2-83d8-4411-bd70-b85c0b3a5be5/element/00000000-0000-0136-7fff-ffff0000003e/attribute/displayed] with no body
[debug] &amp#27;[35m[WD Proxy]&amp#27;[39m Got response with status 200: {"sessionId":"1ba6c3f2-83d8-4411-bd70-b85c0b3a5be5","value":"true"}
[debug] &amp#27;[35m[W3C (8bc46446)]&amp#27;[39m Responding to client with driver.elementDisplayed() result: true
&amp#27;[35m[HTTP]&amp#27;[39m &amp#27;[37m<-- GET /wd/hub/session/8bc46446-73b9-46f3-8673-a9e1e5431af5/element/00000000-0000-0136-7fff-ffff0000003e/displayed &amp#27;[39m&amp#27;[32m200&amp#27;[39m &amp#27;[90m27 ms - 14&amp#27;[39m
&amp#27;[35m[HTTP]&amp#27;[39m &amp#27;[90m&amp#27;[39m
&amp#27;[35m[HTTP]&amp#27;[39m &amp#27;[37m-->&amp#27;[39m &amp#27;[37mGET&amp#27;[39m &amp#27;[37m/wd/hub/session/8bc46446-73b9-46f3-8673-a9e1e5431af5/context&amp#27;[39m
&amp#27;[35m[HTTP]&amp#27;[39m &amp#27;[90m{}&amp#27;[39m
[debug] &amp#27;[35m[W3C (8bc46446)]&amp#27;[39m Calling AppiumDriver.getCurrentContext() with args: ["8bc46446-73b9-46f3-8673-a9e1e5431af5"]
[debug] &amp#27;[35m[W3C (8bc46446)]&amp#27;[39m Responding to client with driver.getCurrentContext() result: "NATIVE_APP"
&amp#27;[35m[HTTP]&amp#27;[39m &amp#27;[37m<-- GET /wd/hub/session/8bc46446-73b9-46f3-8673-a9e1e5431af5/context &amp#27;[39m&amp#27;[32m200&amp#27;[39m &amp#27;[90m1 ms - 22&amp#27;[39m
&amp#27;[35m[HTTP]&amp#27;[39m &amp#27;[90m&amp#27;[39m
&amp#27;[35m[HTTP]&amp#27;[39m &amp#27;[37m-->&amp#27;[39m &amp#27;[37mPOST&amp#27;[39m &amp#27;[37m/wd/hub/session/8bc46446-73b9-46f3-8673-a9e1e5431af5/element&amp#27;[39m
&amp#27;[35m[HTTP]&amp#27;[39m &amp#27;[90m{"using":"accessibility id","value":"input-password"}&amp#27;[39m
[debug] &amp#27;[35m[W3C (8bc46446)]&amp#27;[39m Calling AppiumDriver.findElement() with args: ["accessibility id","input-password","8bc46446-73b9-46f3-8673-a9e1e5431af5"]
[debug] &amp#27;[35m[BaseDriver]&amp#27;[39m Valid locator strategies for this request: xpath, id, class name, accessibility id, css selector, -android uiautomator
[debug] &amp#27;[35m[BaseDriver]&amp#27;[39m Waiting up to 30000 ms for condition
[debug] &amp#27;[35m[WD Proxy]&amp#27;[39m Matched '/element' to command name 'findElement'
[debug] &amp#27;[35m[WD Proxy]&amp#27;[39m Proxying [POST /element] to [POST http://127.0.0.1:8204/wd/hub/session/1ba6c3f2-83d8-4411-bd70-b85c0b3a5be5/element] with body: {"strategy":"accessibility id","selector":"input-password","context":"","multiple":false}
[debug] &amp#27;[35m[WD Proxy]&amp#27;[39m Got response with status 200: {"sessionId":"1ba6c3f2-83d8-4411-bd70-b85c0b3a5be5","value":{"ELEMENT":"00000000-0000-0136-7fff-ffff0000003e","element-6066-11e4-a52e-4f735466cecf":"00000000-0000-0136-7fff-ffff0000003e"}}
[debug] &amp#27;[35m[W3C (8bc46446)]&amp#27;[39m Responding to client with driver.findElement() result: {"element-6066-11e4-a52e-4f735466cecf":"00000000-0000-0136-7fff-ffff0000003e","ELEMENT":"00000000-0000-0136-7fff-ffff0000003e"}
&amp#27;[35m[HTTP]&amp#27;[39m &amp#27;[37m<-- POST /wd/hub/session/8bc46446-73b9-46f3-8673-a9e1e5431af5/element &amp#27;[39m&amp#27;[32m200&amp#27;[39m &amp#27;[90m69 ms - 137&amp#27;[39m
&amp#27;[35m[HTTP]&amp#27;[39m &amp#27;[90m&amp#27;[39m
&amp#27;[35m[HTTP]&amp#27;[39m &amp#27;[37m-->&amp#27;[39m &amp#27;[37mPOST&amp#27;[39m &amp#27;[37m/wd/hub/session/8bc46446-73b9-46f3-8673-a9e1e5431af5/element/00000000-0000-0136-7fff-ffff0000003e/value&amp#27;[39m
&amp#27;[35m[HTTP]&amp#27;[39m &amp#27;[90m{"id":"00000000-0000-0136-7fff-ffff0000003e","text":"123456","value":["1","2","3","4","5","6"]}&amp#27;[39m
[debug] &amp#27;[35m[W3C (8bc46446)]&amp#27;[39m Calling AppiumDriver.setValue() with args: [["1","2","3","4","5","6"],"00000000-0000-0136-7fff-ffff0000003e","8bc46446-73b9-46f3-8673-a9e1e5431af5"]
[debug] &amp#27;[35m[WD Proxy]&amp#27;[39m Matched '/element/00000000-0000-0136-7fff-ffff0000003e/value' to command name 'setValue'
[debug] &amp#27;[35m[Protocol Converter]&amp#27;[39m Added 'value' property ["1","2","3","4","5","6"] to 'setValue' request body
[debug] &amp#27;[35m[WD Proxy]&amp#27;[39m Proxying [POST /element/00000000-0000-0136-7fff-ffff0000003e/value] to [POST http://127.0.0.1:8204/wd/hub/session/1ba6c3f2-83d8-4411-bd70-b85c0b3a5be5/element/00000000-0000-0136-7fff-ffff0000003e/value] with body: {"elementId":"00000000-0000-0136-7fff-ffff0000003e","text":"123456","replace":false,"value":["1","2","3","4","5","6"]}
[debug] &amp#27;[35m[WD Proxy]&amp#27;[39m Got response with status 200: {"sessionId":"1ba6c3f2-83d8-4411-bd70-b85c0b3a5be5","value":null}
[debug] &amp#27;[35m[W3C (8bc46446)]&amp#27;[39m Responding to client with driver.setValue() result: null
&amp#27;[35m[HTTP]&amp#27;[39m &amp#27;[37m<-- POST /wd/hub/session/8bc46446-73b9-46f3-8673-a9e1e5431af5/element/00000000-0000-0136-7fff-ffff0000003e/value &amp#27;[39m&amp#27;[32m200&amp#27;[39m &amp#27;[90m837 ms - 14&amp#27;[39m
&amp#27;[35m[HTTP]&amp#27;[39m &amp#27;[90m&amp#27;[39m
&amp#27;[35m[HTTP]&amp#27;[39m &amp#27;[37m-->&amp#27;[39m &amp#27;[37mGET&amp#27;[39m &amp#27;[37m/wd/hub/session/8bc46446-73b9-46f3-8673-a9e1e5431af5/context&amp#27;[39m
&amp#27;[35m[HTTP]&amp#27;[39m &amp#27;[90m{}&amp#27;[39m
[debug] &amp#27;[35m[W3C (8bc46446)]&amp#27;[39m Calling AppiumDriver.getCurrentContext() with args: ["8bc46446-73b9-46f3-8673-a9e1e5431af5"]
[debug] &amp#27;[35m[W3C (8bc46446)]&amp#27;[39m Responding to client with driver.getCurrentContext() result: "NATIVE_APP"
&amp#27;[35m[HTTP]&amp#27;[39m &amp#27;[37m<-- GET /wd/hub/session/8bc46446-73b9-46f3-8673-a9e1e5431af5/context &amp#27;[39m&amp#27;[32m200&amp#27;[39m &amp#27;[90m1 ms - 22&amp#27;[39m
&amp#27;[35m[HTTP]&amp#27;[39m &amp#27;[90m&amp#27;[39m
&amp#27;[35m[HTTP]&amp#27;[39m &amp#27;[37m-->&amp#27;[39m &amp#27;[37mPOST&amp#27;[39m &amp#27;[37m/wd/hub/session/8bc46446-73b9-46f3-8673-a9e1e5431af5/element&amp#27;[39m
&amp#27;[35m[HTTP]&amp#27;[39m &amp#27;[90m{"using":"accessibility id","value":"button-LOGIN"}&amp#27;[39m
[debug] &amp#27;[35m[W3C (8bc46446)]&amp#27;[39m Calling AppiumDriver.findElement() with args: ["accessibility id","button-LOGIN","8bc46446-73b9-46f3-8673-a9e1e5431af5"]
[debug] &amp#27;[35m[BaseDriver]&amp#27;[39m Valid locator strategies for this request: xpath, id, class name, accessibility id, css selector, -android uiautomator
[debug] &amp#27;[35m[BaseDriver]&amp#27;[39m Waiting up to 30000 ms for condition
[debug] &amp#27;[35m[WD Proxy]&amp#27;[39m Matched '/element' to command name 'findElement'
[debug] &amp#27;[35m[WD Proxy]&amp#27;[39m Proxying [POST /element] to [POST http://127.0.0.1:8204/wd/hub/session/1ba6c3f2-83d8-4411-bd70-b85c0b3a5be5/element] with body: {"strategy":"accessibility id","selector":"button-LOGIN","context":"","multiple":false}
[debug] &amp#27;[35m[WD Proxy]&amp#27;[39m Got response with status 200: {"sessionId":"1ba6c3f2-83d8-4411-bd70-b85c0b3a5be5","value":{"ELEMENT":"00000000-0000-0136-7fff-ffff00000055","element-6066-11e4-a52e-4f735466cecf":"00000000-0000-0136-7fff-ffff00000055"}}
[debug] &amp#27;[35m[W3C (8bc46446)]&amp#27;[39m Responding to client with driver.findElement() result: {"element-6066-11e4-a52e-4f735466cecf":"00000000-0000-0136-7fff-ffff00000055","ELEMENT":"00000000-0000-0136-7fff-ffff00000055"}
&amp#27;[35m[HTTP]&amp#27;[39m &amp#27;[37m<-- POST /wd/hub/session/8bc46446-73b9-46f3-8673-a9e1e5431af5/element &amp#27;[39m&amp#27;[32m200&amp#27;[39m &amp#27;[90m1019 ms - 137&amp#27;[39m
&amp#27;[35m[HTTP]&amp#27;[39m &amp#27;[90m&amp#27;[39m
&amp#27;[35m[HTTP]&amp#27;[39m &amp#27;[37m-->&amp#27;[39m &amp#27;[37mGET&amp#27;[39m &amp#27;[37m/wd/hub/session/8bc46446-73b9-46f3-8673-a9e1e5431af5/element/00000000-0000-0136-7fff-ffff00000055/displayed&amp#27;[39m
&amp#27;[35m[HTTP]&amp#27;[39m &amp#27;[90m{}&amp#27;[39m
[debug] &amp#27;[35m[W3C (8bc46446)]&amp#27;[39m Calling AppiumDriver.elementDisplayed() with args: ["00000000-0000-0136-7fff-ffff00000055","8bc46446-73b9-46f3-8673-a9e1e5431af5"]
[debug] &amp#27;[35m[WD Proxy]&amp#27;[39m Matched '/element/00000000-0000-0136-7fff-ffff00000055/attribute/displayed' to command name 'getAttribute'
[debug] &amp#27;[35m[WD Proxy]&amp#27;[39m Proxying [GET /element/00000000-0000-0136-7fff-ffff00000055/attribute/displayed] to [GET http://127.0.0.1:8204/wd/hub/session/1ba6c3f2-83d8-4411-bd70-b85c0b3a5be5/element/00000000-0000-0136-7fff-ffff00000055/attribute/displayed] with no body
[debug] &amp#27;[35m[WD Proxy]&amp#27;[39m Got response with status 200: {"sessionId":"1ba6c3f2-83d8-4411-bd70-b85c0b3a5be5","value":"true"}
[debug] &amp#27;[35m[W3C (8bc46446)]&amp#27;[39m Responding to client with driver.elementDisplayed() result: true
&amp#27;[35m[HTTP]&amp#27;[39m &amp#27;[37m<-- GET /wd/hub/session/8bc46446-73b9-46f3-8673-a9e1e5431af5/element/00000000-0000-0136-7fff-ffff00000055/displayed &amp#27;[39m&amp#27;[32m200&amp#27;[39m &amp#27;[90m16 ms - 14&amp#27;[39m
&amp#27;[35m[HTTP]&amp#27;[39m &amp#27;[90m&amp#27;[39m
&amp#27;[35m[HTTP]&amp#27;[39m &amp#27;[37m-->&amp#27;[39m &amp#27;[37mGET&amp#27;[39m &amp#27;[37m/wd/hub/session/8bc46446-73b9-46f3-8673-a9e1e5431af5/context&amp#27;[39m
&amp#27;[35m[HTTP]&amp#27;[39m &amp#27;[90m{}&amp#27;[39m
[debug] &amp#27;[35m[W3C (8bc46446)]&amp#27;[39m Calling AppiumDriver.getCurrentContext() with args: ["8bc46446-73b9-46f3-8673-a9e1e5431af5"]
[debug] &amp#27;[35m[W3C (8bc46446)]&amp#27;[39m Responding to client with driver.getCurrentContext() result: "NATIVE_APP"
&amp#27;[35m[HTTP]&amp#27;[39m &amp#27;[37m<-- GET /wd/hub/session/8bc46446-73b9-46f3-8673-a9e1e5431af5/context &amp#27;[39m&amp#27;[32m200&amp#27;[39m &amp#27;[90m1 ms - 22&amp#27;[39m
&amp#27;[35m[HTTP]&amp#27;[39m &amp#27;[90m&amp#27;[39m
&amp#27;[35m[HTTP]&amp#27;[39m &amp#27;[37m-->&amp#27;[39m &amp#27;[37mPOST&amp#27;[39m &amp#27;[37m/wd/hub/session/8bc46446-73b9-46f3-8673-a9e1e5431af5/element&amp#27;[39m
&amp#27;[35m[HTTP]&amp#27;[39m &amp#27;[90m{"using":"accessibility id","value":"button-LOGIN"}&amp#27;[39m
[debug] &amp#27;[35m[W3C (8bc46446)]&amp#27;[39m Calling AppiumDriver.findElement() with args: ["accessibility id","button-LOGIN","8bc46446-73b9-46f3-8673-a9e1e5431af5"]
[debug] &amp#27;[35m[BaseDriver]&amp#27;[39m Valid locator strategies for this request: xpath, id, class name, accessibility id, css selector, -android uiautomator
[debug] &amp#27;[35m[BaseDriver]&amp#27;[39m Waiting up to 30000 ms for condition
[debug] &amp#27;[35m[WD Proxy]&amp#27;[39m Matched '/element' to command name 'findElement'
[debug] &amp#27;[35m[WD Proxy]&amp#27;[39m Proxying [POST /element] to [POST http://127.0.0.1:8204/wd/hub/session/1ba6c3f2-83d8-4411-bd70-b85c0b3a5be5/element] with body: {"strategy":"accessibility id","selector":"button-LOGIN","context":"","multiple":false}
[debug] &amp#27;[35m[WD Proxy]&amp#27;[39m Got response with status 200: {"sessionId":"1ba6c3f2-83d8-4411-bd70-b85c0b3a5be5","value":{"ELEMENT":"00000000-0000-0136-7fff-ffff00000055","element-6066-11e4-a52e-4f735466cecf":"00000000-0000-0136-7fff-ffff00000055"}}
[debug] &amp#27;[35m[W3C (8bc46446)]&amp#27;[39m Responding to client with driver.findElement() result: {"element-6066-11e4-a52e-4f735466cecf":"00000000-0000-0136-7fff-ffff00000055","ELEMENT":"00000000-0000-0136-7fff-ffff00000055"}
&amp#27;[35m[HTTP]&amp#27;[39m &amp#27;[37m<-- POST /wd/hub/session/8bc46446-73b9-46f3-8673-a9e1e5431af5/element &amp#27;[39m&amp#27;[32m200&amp#27;[39m &amp#27;[90m62 ms - 137&amp#27;[39m
&amp#27;[35m[HTTP]&amp#27;[39m &amp#27;[90m&amp#27;[39m
&amp#27;[35m[HTTP]&amp#27;[39m &amp#27;[37m-->&amp#27;[39m &amp#27;[37mPOST&amp#27;[39m &amp#27;[37m/wd/hub/session/8bc46446-73b9-46f3-8673-a9e1e5431af5/element/00000000-0000-0136-7fff-ffff00000055/click&amp#27;[39m
&amp#27;[35m[HTTP]&amp#27;[39m &amp#27;[90m{"id":"00000000-0000-0136-7fff-ffff00000055"}&amp#27;[39m
[debug] &amp#27;[35m[W3C (8bc46446)]&amp#27;[39m Calling AppiumDriver.click() with args: ["00000000-0000-0136-7fff-ffff00000055","8bc46446-73b9-46f3-8673-a9e1e5431af5"]
[debug] &amp#27;[35m[WD Proxy]&amp#27;[39m Matched '/element/00000000-0000-0136-7fff-ffff00000055/click' to command name 'click'
[debug] &amp#27;[35m[WD Proxy]&amp#27;[39m Proxying [POST /element/00000000-0000-0136-7fff-ffff00000055/click] to [POST http://127.0.0.1:8204/wd/hub/session/1ba6c3f2-83d8-4411-bd70-b85c0b3a5be5/element/00000000-0000-0136-7fff-ffff00000055/click] with body: {"element":"00000000-0000-0136-7fff-ffff00000055"}
[debug] &amp#27;[35m[WD Proxy]&amp#27;[39m Got response with status 200: {"sessionId":"1ba6c3f2-83d8-4411-bd70-b85c0b3a5be5","value":null}
[debug] &amp#27;[35m[W3C (8bc46446)]&amp#27;[39m Responding to client with driver.click() result: null
&amp#27;[35m[HTTP]&amp#27;[39m &amp#27;[37m<-- POST /wd/hub/session/8bc46446-73b9-46f3-8673-a9e1e5431af5/element/00000000-0000-0136-7fff-ffff00000055/click &amp#27;[39m&amp#27;[32m200&amp#27;[39m &amp#27;[90m46 ms - 14&amp#27;[39m
&amp#27;[35m[HTTP]&amp#27;[39m &amp#27;[90m&amp#27;[39m
&amp#27;[35m[HTTP]&amp#27;[39m &amp#27;[37m-->&amp#27;[39m &amp#27;[37mGET&amp#27;[39m &amp#27;[37m/wd/hub/session/8bc46446-73b9-46f3-8673-a9e1e5431af5/context&amp#27;[39m
&amp#27;[35m[HTTP]&amp#27;[39m &amp#27;[90m{}&amp#27;[39m
[debug] &amp#27;[35m[W3C (8bc46446)]&amp#27;[39m Calling AppiumDriver.getCurrentContext() with args: ["8bc46446-73b9-46f3-8673-a9e1e5431af5"]
[debug] &amp#27;[35m[W3C (8bc46446)]&amp#27;[39m Responding to client with driver.getCurrentContext() result: "NATIVE_APP"
&amp#27;[35m[HTTP]&amp#27;[39m &amp#27;[37m<-- GET /wd/hub/session/8bc46446-73b9-46f3-8673-a9e1e5431af5/context &amp#27;[39m&amp#27;[32m200&amp#27;[39m &amp#27;[90m1 ms - 22&amp#27;[39m
&amp#27;[35m[HTTP]&amp#27;[39m &amp#27;[90m&amp#27;[39m
&amp#27;[35m[HTTP]&amp#27;[39m &amp#27;[37m-->&amp#27;[39m &amp#27;[37mPOST&amp#27;[39m &amp#27;[37m/wd/hub/session/8bc46446-73b9-46f3-8673-a9e1e5431af5/element&amp#27;[39m
&amp#27;[35m[HTTP]&amp#27;[39m &amp#27;[90m{"using":"xpath","value":"//*[@content-desc='button-LOGIN']/preceding-sibling::android.widget.TextView[3]"}&amp#27;[39m
[debug] &amp#27;[35m[W3C (8bc46446)]&amp#27;[39m Calling AppiumDriver.findElement() with args: ["xpath","//*[@content-desc='button-LOGIN']/preceding-sibling::android.widget.TextView[3]","8bc46446-73b9-46f3-8673-a9e1e5431af5"]
[debug] &amp#27;[35m[BaseDriver]&amp#27;[39m Valid locator strategies for this request: xpath, id, class name, accessibility id, css selector, -android uiautomator
[debug] &amp#27;[35m[BaseDriver]&amp#27;[39m Waiting up to 30000 ms for condition
[debug] &amp#27;[35m[WD Proxy]&amp#27;[39m Matched '/element' to command name 'findElement'
[debug] &amp#27;[35m[WD Proxy]&amp#27;[39m Proxying [POST /element] to [POST http://127.0.0.1:8204/wd/hub/session/1ba6c3f2-83d8-4411-bd70-b85c0b3a5be5/element] with body: {"strategy":"xpath","selector":"//*[@content-desc='button-LOGIN']/preceding-sibling::android.widget.TextView[3]","context":"","multiple":false}
[debug] &amp#27;[35m[WD Proxy]&amp#27;[39m Got response with status 200: {"sessionId":"1ba6c3f2-83d8-4411-bd70-b85c0b3a5be5","value":{"ELEMENT":"00000000-0000-0136-7fff-ffff00000050","element-6066-11e4-a52e-4f735466cecf":"00000000-0000-0136-7fff-ffff00000050"}}
[debug] &amp#27;[35m[W3C (8bc46446)]&amp#27;[39m Responding to client with driver.findElement() result: {"element-6066-11e4-a52e-4f735466cecf":"00000000-0000-0136-7fff-ffff00000050","ELEMENT":"00000000-0000-0136-7fff-ffff00000050"}
&amp#27;[35m[HTTP]&amp#27;[39m &amp#27;[37m<-- POST /wd/hub/session/8bc46446-73b9-46f3-8673-a9e1e5431af5/element &amp#27;[39m&amp#27;[32m200&amp#27;[39m &amp#27;[90m103 ms - 137&amp#27;[39m
&amp#27;[35m[HTTP]&amp#27;[39m &amp#27;[90m&amp#27;[39m
&amp#27;[35m[HTTP]&amp#27;[39m &amp#27;[37m-->&amp#27;[39m &amp#27;[37mGET&amp#27;[39m &amp#27;[37m/wd/hub/session/8bc46446-73b9-46f3-8673-a9e1e5431af5/element/00000000-0000-0136-7fff-ffff00000050/displayed&amp#27;[39m
&amp#27;[35m[HTTP]&amp#27;[39m &amp#27;[90m{}&amp#27;[39m
[debug] &amp#27;[35m[W3C (8bc46446)]&amp#27;[39m Calling AppiumDriver.elementDisplayed() with args: ["00000000-0000-0136-7fff-ffff00000050","8bc46446-73b9-46f3-8673-a9e1e5431af5"]
[debug] &amp#27;[35m[WD Proxy]&amp#27;[39m Matched '/element/00000000-0000-0136-7fff-ffff00000050/attribute/displayed' to command name 'getAttribute'
[debug] &amp#27;[35m[WD Proxy]&amp#27;[39m Proxying [GET /element/00000000-0000-0136-7fff-ffff00000050/attribute/displayed] to [GET http://127.0.0.1:8204/wd/hub/session/1ba6c3f2-83d8-4411-bd70-b85c0b3a5be5/element/00000000-0000-0136-7fff-ffff00000050/attribute/displayed] with no body
[debug] &amp#27;[35m[WD Proxy]&amp#27;[39m Got response with status 200: {"sessionId":"1ba6c3f2-83d8-4411-bd70-b85c0b3a5be5","value":"true"}
[debug] &amp#27;[35m[W3C (8bc46446)]&amp#27;[39m Responding to client with driver.elementDisplayed() result: true
&amp#27;[35m[HTTP]&amp#27;[39m &amp#27;[37m<-- GET /wd/hub/session/8bc46446-73b9-46f3-8673-a9e1e5431af5/element/00000000-0000-0136-7fff-ffff00000050/displayed &amp#27;[39m&amp#27;[32m200&amp#27;[39m &amp#27;[90m927 ms - 14&amp#27;[39m
&amp#27;[35m[HTTP]&amp#27;[39m &amp#27;[90m&amp#27;[39m
&amp#27;[35m[HTTP]&amp#27;[39m &amp#27;[37m-->&amp#27;[39m &amp#27;[37mGET&amp#27;[39m &amp#27;[37m/wd/hub/session/8bc46446-73b9-46f3-8673-a9e1e5431af5/context&amp#27;[39m
&amp#27;[35m[HTTP]&amp#27;[39m &amp#27;[90m{}&amp#27;[39m
[debug] &amp#27;[35m[W3C (8bc46446)]&amp#27;[39m Calling AppiumDriver.getCurrentContext() with args: ["8bc46446-73b9-46f3-8673-a9e1e5431af5"]
[debug] &amp#27;[35m[W3C (8bc46446)]&amp#27;[39m Responding to client with driver.getCurrentContext() result: "NATIVE_APP"
&amp#27;[35m[HTTP]&amp#27;[39m &amp#27;[37m<-- GET /wd/hub/session/8bc46446-73b9-46f3-8673-a9e1e5431af5/context &amp#27;[39m&amp#27;[32m200&amp#27;[39m &amp#27;[90m1 ms - 22&amp#27;[39m
&amp#27;[35m[HTTP]&amp#27;[39m &amp#27;[90m&amp#27;[39m
&amp#27;[35m[HTTP]&amp#27;[39m &amp#27;[37m-->&amp#27;[39m &amp#27;[37mPOST&amp#27;[39m &amp#27;[37m/wd/hub/session/8bc46446-73b9-46f3-8673-a9e1e5431af5/element&amp#27;[39m
&amp#27;[35m[HTTP]&amp#27;[39m &amp#27;[90m{"using":"xpath","value":"//*[@content-desc='button-LOGIN']/preceding-sibling::android.widget.TextView[3]"}&amp#27;[39m
[debug] &amp#27;[35m[W3C (8bc46446)]&amp#27;[39m Calling AppiumDriver.findElement() with args: ["xpath","//*[@content-desc='button-LOGIN']/preceding-sibling::android.widget.TextView[3]","8bc46446-73b9-46f3-8673-a9e1e5431af5"]
[debug] &amp#27;[35m[BaseDriver]&amp#27;[39m Valid locator strategies for this request: xpath, id, class name, accessibility id, css selector, -android uiautomator
[debug] &amp#27;[35m[BaseDriver]&amp#27;[39m Waiting up to 30000 ms for condition
[debug] &amp#27;[35m[WD Proxy]&amp#27;[39m Matched '/element' to command name 'findElement'
[debug] &amp#27;[35m[WD Proxy]&amp#27;[39m Proxying [POST /element] to [POST http://127.0.0.1:8204/wd/hub/session/1ba6c3f2-83d8-4411-bd70-b85c0b3a5be5/element] with body: {"strategy":"xpath","selector":"//*[@content-desc='button-LOGIN']/preceding-sibling::android.widget.TextView[3]","context":"","multiple":false}
[debug] &amp#27;[35m[WD Proxy]&amp#27;[39m Got response with status 200: {"sessionId":"1ba6c3f2-83d8-4411-bd70-b85c0b3a5be5","value":{"ELEMENT":"00000000-0000-0136-7fff-ffff00000050","element-6066-11e4-a52e-4f735466cecf":"00000000-0000-0136-7fff-ffff00000050"}}
[debug] &amp#27;[35m[W3C (8bc46446)]&amp#27;[39m Responding to client with driver.findElement() result: {"element-6066-11e4-a52e-4f735466cecf":"00000000-0000-0136-7fff-ffff00000050","ELEMENT":"00000000-0000-0136-7fff-ffff00000050"}
&amp#27;[35m[HTTP]&amp#27;[39m &amp#27;[37m<-- POST /wd/hub/session/8bc46446-73b9-46f3-8673-a9e1e5431af5/element &amp#27;[39m&amp#27;[32m200&amp#27;[39m &amp#27;[90m153 ms - 137&amp#27;[39m
&amp#27;[35m[HTTP]&amp#27;[39m &amp#27;[90m&amp#27;[39m
&amp#27;[35m[HTTP]&amp#27;[39m &amp#27;[37m-->&amp#27;[39m &amp#27;[37mGET&amp#27;[39m &amp#27;[37m/wd/hub/session/8bc46446-73b9-46f3-8673-a9e1e5431af5/element/00000000-0000-0136-7fff-ffff00000050/text&amp#27;[39m
&amp#27;[35m[HTTP]&amp#27;[39m &amp#27;[90m{}&amp#27;[39m
&amp#27;[35m[W3C (8bc46446)]&amp#27;[39m Driver proxy active, passing request on via HTTP proxy
[debug] &amp#27;[35m[WD Proxy]&amp#27;[39m Matched '/wd/hub/session/8bc46446-73b9-46f3-8673-a9e1e5431af5/element/00000000-0000-0136-7fff-ffff00000050/text' to command name 'getText'
[debug] &amp#27;[35m[WD Proxy]&amp#27;[39m Proxying [GET /wd/hub/session/8bc46446-73b9-46f3-8673-a9e1e5431af5/element/00000000-0000-0136-7fff-ffff00000050/text] to [GET http://127.0.0.1:8204/wd/hub/session/1ba6c3f2-83d8-4411-bd70-b85c0b3a5be5/element/00000000-0000-0136-7fff-ffff00000050/text] with no body
[debug] &amp#27;[35m[WD Proxy]&amp#27;[39m Got response with status 200: {"sessionId":"1ba6c3f2-83d8-4411-bd70-b85c0b3a5be5","value":"Please enter a valid email address"}
&amp#27;[35m[WD Proxy]&amp#27;[39m Replacing sessionId 1ba6c3f2-83d8-4411-bd70-b85c0b3a5be5 with 8bc46446-73b9-46f3-8673-a9e1e5431af5
&amp#27;[35m[HTTP]&amp#27;[39m &amp#27;[37m<-- GET /wd/hub/session/8bc46446-73b9-46f3-8673-a9e1e5431af5/element/00000000-0000-0136-7fff-ffff00000050/text &amp#27;[39m&amp#27;[32m200&amp#27;[39m &amp#27;[90m21 ms - 97&amp#27;[39m
&amp#27;[35m[HTTP]&amp#27;[39m &amp#27;[90m&amp#27;[39m
&amp#27;[35m[HTTP]&amp#27;[39m &amp#27;[37m-->&amp#27;[39m &amp#27;[37mGET&amp#27;[39m &amp#27;[37m/wd/hub/session/8bc46446-73b9-46f3-8673-a9e1e5431af5/context&amp#27;[39m
&amp#27;[35m[HTTP]&amp#27;[39m &amp#27;[90m{}&amp#27;[39m
[debug] &amp#27;[35m[W3C (8bc46446)]&amp#27;[39m Calling AppiumDriver.getCurrentContext() with args: ["8bc46446-73b9-46f3-8673-a9e1e5431af5"]
[debug] &amp#27;[35m[W3C (8bc46446)]&amp#27;[39m Responding to client with driver.getCurrentContext() result: "NATIVE_APP"
&amp#27;[35m[HTTP]&amp#27;[39m &amp#27;[37m<-- GET /wd/hub/session/8bc46446-73b9-46f3-8673-a9e1e5431af5/context &amp#27;[39m&amp#27;[32m200&amp#27;[39m &amp#27;[90m1 ms - 22&amp#27;[39m
&amp#27;[35m[HTTP]&amp#27;[39m &amp#27;[90m&amp#27;[39m
&amp#27;[35m[HTTP]&amp#27;[39m &amp#27;[37m-->&amp#27;[39m &amp#27;[37mPOST&amp#27;[39m &amp#27;[37m/wd/hub/session/8bc46446-73b9-46f3-8673-a9e1e5431af5/element&amp#27;[39m
&amp#27;[35m[HTTP]&amp#27;[39m &amp#27;[90m{"using":"xpath","value":"//*[@content-desc='button-LOGIN']/preceding-sibling::android.widget.TextView[2]"}&amp#27;[39m
[debug] &amp#27;[35m[W3C (8bc46446)]&amp#27;[39m Calling AppiumDriver.findElement() with args: ["xpath","//*[@content-desc='button-LOGIN']/preceding-sibling::android.widget.TextView[2]","8bc46446-73b9-46f3-8673-a9e1e5431af5"]
[debug] &amp#27;[35m[BaseDriver]&amp#27;[39m Valid locator strategies for this request: xpath, id, class name, accessibility id, css selector, -android uiautomator
[debug] &amp#27;[35m[BaseDriver]&amp#27;[39m Waiting up to 30000 ms for condition
[debug] &amp#27;[35m[WD Proxy]&amp#27;[39m Matched '/element' to command name 'findElement'
[debug] &amp#27;[35m[WD Proxy]&amp#27;[39m Proxying [POST /element] to [POST http://127.0.0.1:8204/wd/hub/session/1ba6c3f2-83d8-4411-bd70-b85c0b3a5be5/element] with body: {"strategy":"xpath","selector":"//*[@content-desc='button-LOGIN']/preceding-sibling::android.widget.TextView[2]","context":"","multiple":false}
[debug] &amp#27;[35m[WD Proxy]&amp#27;[39m Got response with status 200: {"sessionId":"1ba6c3f2-83d8-4411-bd70-b85c0b3a5be5","value":{"ELEMENT":"00000000-0000-0136-7fff-ffff00000053","element-6066-11e4-a52e-4f735466cecf":"00000000-0000-0136-7fff-ffff00000053"}}
[debug] &amp#27;[35m[W3C (8bc46446)]&amp#27;[39m Responding to client with driver.findElement() result: {"element-6066-11e4-a52e-4f735466cecf":"00000000-0000-0136-7fff-ffff00000053","ELEMENT":"00000000-0000-0136-7fff-ffff00000053"}
&amp#27;[35m[HTTP]&amp#27;[39m &amp#27;[37m<-- POST /wd/hub/session/8bc46446-73b9-46f3-8673-a9e1e5431af5/element &amp#27;[39m&amp#27;[32m200&amp#27;[39m &amp#27;[90m153 ms - 137&amp#27;[39m
&amp#27;[35m[HTTP]&amp#27;[39m &amp#27;[90m&amp#27;[39m
&amp#27;[35m[HTTP]&amp#27;[39m &amp#27;[37m-->&amp#27;[39m &amp#27;[37mGET&amp#27;[39m &amp#27;[37m/wd/hub/session/8bc46446-73b9-46f3-8673-a9e1e5431af5/element/00000000-0000-0136-7fff-ffff00000053/displayed&amp#27;[39m
&amp#27;[35m[HTTP]&amp#27;[39m &amp#27;[90m{}&amp#27;[39m
[debug] &amp#27;[35m[W3C (8bc46446)]&amp#27;[39m Calling AppiumDriver.elementDisplayed() with args: ["00000000-0000-0136-7fff-ffff00000053","8bc46446-73b9-46f3-8673-a9e1e5431af5"]
[debug] &amp#27;[35m[WD Proxy]&amp#27;[39m Matched '/element/00000000-0000-0136-7fff-ffff00000053/attribute/displayed' to command name 'getAttribute'
[debug] &amp#27;[35m[WD Proxy]&amp#27;[39m Proxying [GET /element/00000000-0000-0136-7fff-ffff00000053/attribute/displayed] to [GET http://127.0.0.1:8204/wd/hub/session/1ba6c3f2-83d8-4411-bd70-b85c0b3a5be5/element/00000000-0000-0136-7fff-ffff00000053/attribute/displayed] with no body
[debug] &amp#27;[35m[WD Proxy]&amp#27;[39m Got response with status 200: {"sessionId":"1ba6c3f2-83d8-4411-bd70-b85c0b3a5be5","value":"true"}
[debug] &amp#27;[35m[W3C (8bc46446)]&amp#27;[39m Responding to client with driver.elementDisplayed() result: true
&amp#27;[35m[HTTP]&amp#27;[39m &amp#27;[37m<-- GET /wd/hub/session/8bc46446-73b9-46f3-8673-a9e1e5431af5/element/00000000-0000-0136-7fff-ffff00000053/displayed &amp#27;[39m&amp#27;[32m200&amp#27;[39m &amp#27;[90m15 ms - 14&amp#27;[39m
&amp#27;[35m[HTTP]&amp#27;[39m &amp#27;[90m&amp#27;[39m
&amp#27;[35m[HTTP]&amp#27;[39m &amp#27;[37m-->&amp#27;[39m &amp#27;[37mGET&amp#27;[39m &amp#27;[37m/wd/hub/session/8bc46446-73b9-46f3-8673-a9e1e5431af5/context&amp#27;[39m
&amp#27;[35m[HTTP]&amp#27;[39m &amp#27;[90m{}&amp#27;[39m
[debug] &amp#27;[35m[W3C (8bc46446)]&amp#27;[39m Calling AppiumDriver.getCurrentContext() with args: ["8bc46446-73b9-46f3-8673-a9e1e5431af5"]
[debug] &amp#27;[35m[W3C (8bc46446)]&amp#27;[39m Responding to client with driver.getCurrentContext() result: "NATIVE_APP"
&amp#27;[35m[HTTP]&amp#27;[39m &amp#27;[37m<-- GET /wd/hub/session/8bc46446-73b9-46f3-8673-a9e1e5431af5/context &amp#27;[39m&amp#27;[32m200&amp#27;[39m &amp#27;[90m1 ms - 22&amp#27;[39m
&amp#27;[35m[HTTP]&amp#27;[39m &amp#27;[90m&amp#27;[39m
&amp#27;[35m[HTTP]&amp#27;[39m &amp#27;[37m-->&amp#27;[39m &amp#27;[37mPOST&amp#27;[39m &amp#27;[37m/wd/hub/session/8bc46446-73b9-46f3-8673-a9e1e5431af5/element&amp#27;[39m
&amp#27;[35m[HTTP]&amp#27;[39m &amp#27;[90m{"using":"xpath","value":"//*[@content-desc='button-LOGIN']/preceding-sibling::android.widget.TextView[2]"}&amp#27;[39m
[debug] &amp#27;[35m[W3C (8bc46446)]&amp#27;[39m Calling AppiumDriver.findElement() with args: ["xpath","//*[@content-desc='button-LOGIN']/preceding-sibling::android.widget.TextView[2]","8bc46446-73b9-46f3-8673-a9e1e5431af5"]
[debug] &amp#27;[35m[BaseDriver]&amp#27;[39m Valid locator strategies for this request: xpath, id, class name, accessibility id, css selector, -android uiautomator
[debug] &amp#27;[35m[BaseDriver]&amp#27;[39m Waiting up to 30000 ms for condition
[debug] &amp#27;[35m[WD Proxy]&amp#27;[39m Matched '/element' to command name 'findElement'
[debug] &amp#27;[35m[WD Proxy]&amp#27;[39m Proxying [POST /element] to [POST http://127.0.0.1:8204/wd/hub/session/1ba6c3f2-83d8-4411-bd70-b85c0b3a5be5/element] with body: {"strategy":"xpath","selector":"//*[@content-desc='button-LOGIN']/preceding-sibling::android.widget.TextView[2]","context":"","multiple":false}
[debug] &amp#27;[35m[WD Proxy]&amp#27;[39m Got response with status 200: {"sessionId":"1ba6c3f2-83d8-4411-bd70-b85c0b3a5be5","value":{"ELEMENT":"00000000-0000-0136-7fff-ffff00000053","element-6066-11e4-a52e-4f735466cecf":"00000000-0000-0136-7fff-ffff00000053"}}
[debug] &amp#27;[35m[W3C (8bc46446)]&amp#27;[39m Responding to client with driver.findElement() result: {"element-6066-11e4-a52e-4f735466cecf":"00000000-0000-0136-7fff-ffff00000053","ELEMENT":"00000000-0000-0136-7fff-ffff00000053"}
&amp#27;[35m[HTTP]&amp#27;[39m &amp#27;[37m<-- POST /wd/hub/session/8bc46446-73b9-46f3-8673-a9e1e5431af5/element &amp#27;[39m&amp#27;[32m200&amp#27;[39m &amp#27;[90m124 ms - 137&amp#27;[39m
&amp#27;[35m[HTTP]&amp#27;[39m &amp#27;[90m&amp#27;[39m
&amp#27;[35m[HTTP]&amp#27;[39m &amp#27;[37m-->&amp#27;[39m &amp#27;[37mGET&amp#27;[39m &amp#27;[37m/wd/hub/session/8bc46446-73b9-46f3-8673-a9e1e5431af5/element/00000000-0000-0136-7fff-ffff00000053/text&amp#27;[39m
&amp#27;[35m[HTTP]&amp#27;[39m &amp#27;[90m{}&amp#27;[39m
&amp#27;[35m[W3C (8bc46446)]&amp#27;[39m Driver proxy active, passing request on via HTTP proxy
[debug] &amp#27;[35m[WD Proxy]&amp#27;[39m Matched '/wd/hub/session/8bc46446-73b9-46f3-8673-a9e1e5431af5/element/00000000-0000-0136-7fff-ffff00000053/text' to command name 'getText'
[debug] &amp#27;[35m[WD Proxy]&amp#27;[39m Proxying [GET /wd/hub/session/8bc46446-73b9-46f3-8673-a9e1e5431af5/element/00000000-0000-0136-7fff-ffff00000053/text] to [GET http://127.0.0.1:8204/wd/hub/session/1ba6c3f2-83d8-4411-bd70-b85c0b3a5be5/element/00000000-0000-0136-7fff-ffff00000053/text] with no body
[debug] &amp#27;[35m[WD Proxy]&amp#27;[39m Got response with status 200: {"sessionId":"1ba6c3f2-83d8-4411-bd70-b85c0b3a5be5","value":"Please enter at least 8 characters"}
&amp#27;[35m[WD Proxy]&amp#27;[39m Replacing sessionId 1ba6c3f2-83d8-4411-bd70-b85c0b3a5be5 with 8bc46446-73b9-46f3-8673-a9e1e5431af5
&amp#27;[35m[HTTP]&amp#27;[39m &amp#27;[37m<-- GET /wd/h]]></system-out>
  </testcase>
  <testcase name="loginWithValidCreds" classname="TestNG.TestLoginPage.LoginTest" time="8.078">
    <system-out><![CDATA[ub/session/8bc46446-73b9-46f3-8673-a9e1e5431af5/element/00000000-0000-0136-7fff-ffff00000053/text &amp#27;[39m&amp#27;[32m200&amp#27;[39m &amp#27;[90m13 ms - 97&amp#27;[39m
&amp#27;[35m[HTTP]&amp#27;[39m &amp#27;[90m&amp#27;[39m
&amp#27;[35m[HTTP]&amp#27;[39m &amp#27;[37m-->&amp#27;[39m &amp#27;[37mGET&amp#27;[39m &amp#27;[37m/wd/hub/session/8bc46446-73b9-46f3-8673-a9e1e5431af5/context&amp#27;[39m
&amp#27;[35m[HTTP]&amp#27;[39m &amp#27;[90m{}&amp#27;[39m
[debug] &amp#27;[35m[W3C (8bc46446)]&amp#27;[39m Calling AppiumDriver.getCurrentContext() with args: ["8bc46446-73b9-46f3-8673-a9e1e5431af5"]
[debug] &amp#27;[35m[W3C (8bc46446)]&amp#27;[39m Responding to client with driver.getCurrentContext() result: "NATIVE_APP"
&amp#27;[35m[HTTP]&amp#27;[39m &amp#27;[37m<-- GET /wd/hub/session/8bc46446-73b9-46f3-8673-a9e1e5431af5/context &amp#27;[39m&amp#27;[32m200&amp#27;[39m &amp#27;[90m1 ms - 22&amp#27;[39m
&amp#27;[35m[HTTP]&amp#27;[39m &amp#27;[90m&amp#27;[39m
&amp#27;[35m[HTTP]&amp#27;[39m &amp#27;[37m-->&amp#27;[39m &amp#27;[37mPOST&amp#27;[39m &amp#27;[37m/wd/hub/session/8bc46446-73b9-46f3-8673-a9e1e5431af5/element&amp#27;[39m
&amp#27;[35m[HTTP]&amp#27;[39m &amp#27;[90m{"using":"accessibility id","value":"Login"}&amp#27;[39m
[debug] &amp#27;[35m[W3C (8bc46446)]&amp#27;[39m Calling AppiumDriver.findElement() with args: ["accessibility id","Login","8bc46446-73b9-46f3-8673-a9e1e5431af5"]
[debug] &amp#27;[35m[BaseDriver]&amp#27;[39m Valid locator strategies for this request: xpath, id, class name, accessibility id, css selector, -android uiautomator
[debug] &amp#27;[35m[BaseDriver]&amp#27;[39m Waiting up to 30000 ms for condition
[debug] &amp#27;[35m[WD Proxy]&amp#27;[39m Matched '/element' to command name 'findElement'
[debug] &amp#27;[35m[WD Proxy]&amp#27;[39m Proxying [POST /element] to [POST http://127.0.0.1:8204/wd/hub/session/1ba6c3f2-83d8-4411-bd70-b85c0b3a5be5/element] with body: {"strategy":"accessibility id","selector":"Login","context":"","multiple":false}
[debug] &amp#27;[35m[WD Proxy]&amp#27;[39m Got response with status 200: {"sessionId":"1ba6c3f2-83d8-4411-bd70-b85c0b3a5be5","value":{"ELEMENT":"00000000-0000-0136-7fff-ffff00000013","element-6066-11e4-a52e-4f735466cecf":"00000000-0000-0136-7fff-ffff00000013"}}
[debug] &amp#27;[35m[W3C (8bc46446)]&amp#27;[39m Responding to client with driver.findElement() result: {"element-6066-11e4-a52e-4f735466cecf":"00000000-0000-0136-7fff-ffff00000013","ELEMENT":"00000000-0000-0136-7fff-ffff00000013"}
&amp#27;[35m[HTTP]&amp#27;[39m &amp#27;[37m<-- POST /wd/hub/session/8bc46446-73b9-46f3-8673-a9e1e5431af5/element &amp#27;[39m&amp#27;[32m200&amp#27;[39m &amp#27;[90m75 ms - 137&amp#27;[39m
&amp#27;[35m[HTTP]&amp#27;[39m &amp#27;[90m&amp#27;[39m
&amp#27;[35m[HTTP]&amp#27;[39m &amp#27;[37m-->&amp#27;[39m &amp#27;[37mGET&amp#27;[39m &amp#27;[37m/wd/hub/session/8bc46446-73b9-46f3-8673-a9e1e5431af5/element/00000000-0000-0136-7fff-ffff00000013/displayed&amp#27;[39m
&amp#27;[35m[HTTP]&amp#27;[39m &amp#27;[90m{}&amp#27;[39m
[debug] &amp#27;[35m[W3C (8bc46446)]&amp#27;[39m Calling AppiumDriver.elementDisplayed() with args: ["00000000-0000-0136-7fff-ffff00000013","8bc46446-73b9-46f3-8673-a9e1e5431af5"]
[debug] &amp#27;[35m[WD Proxy]&amp#27;[39m Matched '/element/00000000-0000-0136-7fff-ffff00000013/attribute/displayed' to command name 'getAttribute'
[debug] &amp#27;[35m[WD Proxy]&amp#27;[39m Proxying [GET /element/00000000-0000-0136-7fff-ffff00000013/attribute/displayed] to [GET http://127.0.0.1:8204/wd/hub/session/1ba6c3f2-83d8-4411-bd70-b85c0b3a5be5/element/00000000-0000-0136-7fff-ffff00000013/attribute/displayed] with no body
[debug] &amp#27;[35m[WD Proxy]&amp#27;[39m Got response with status 200: {"sessionId":"1ba6c3f2-83d8-4411-bd70-b85c0b3a5be5","value":"true"}
[debug] &amp#27;[35m[W3C (8bc46446)]&amp#27;[39m Responding to client with driver.elementDisplayed() result: true
&amp#27;[35m[HTTP]&amp#27;[39m &amp#27;[37m<-- GET /wd/hub/session/8bc46446-73b9-46f3-8673-a9e1e5431af5/element/00000000-0000-0136-7fff-ffff00000013/displayed &amp#27;[39m&amp#27;[32m200&amp#27;[39m &amp#27;[90m18 ms - 14&amp#27;[39m
&amp#27;[35m[HTTP]&amp#27;[39m &amp#27;[90m&amp#27;[39m
&amp#27;[35m[HTTP]&amp#27;[39m &amp#27;[37m-->&amp#27;[39m &amp#27;[37mGET&amp#27;[39m &amp#27;[37m/wd/hub/session/8bc46446-73b9-46f3-8673-a9e1e5431af5/context&amp#27;[39m
&amp#27;[35m[HTTP]&amp#27;[39m &amp#27;[90m{}&amp#27;[39m
[debug] &amp#27;[35m[W3C (8bc46446)]&amp#27;[39m Calling AppiumDriver.getCurrentContext() with args: ["8bc46446-73b9-46f3-8673-a9e1e5431af5"]
[debug] &amp#27;[35m[W3C (8bc46446)]&amp#27;[39m Responding to client with driver.getCurrentContext() result: "NATIVE_APP"
&amp#27;[35m[HTTP]&amp#27;[39m &amp#27;[37m<-- GET /wd/hub/session/8bc46446-73b9-46f3-8673-a9e1e5431af5/context &amp#27;[39m&amp#27;[32m200&amp#27;[39m &amp#27;[90m2 ms - 22&amp#27;[39m
&amp#27;[35m[HTTP]&amp#27;[39m &amp#27;[90m&amp#27;[39m
&amp#27;[35m[HTTP]&amp#27;[39m &amp#27;[37m-->&amp#27;[39m &amp#27;[37mPOST&amp#27;[39m &amp#27;[37m/wd/hub/session/8bc46446-73b9-46f3-8673-a9e1e5431af5/element&amp#27;[39m
&amp#27;[35m[HTTP]&amp#27;[39m &amp#27;[90m{"using":"accessibility id","value":"Login"}&amp#27;[39m
[debug] &amp#27;[35m[W3C (8bc46446)]&amp#27;[39m Calling AppiumDriver.findElement() with args: ["accessibility id","Login","8bc46446-73b9-46f3-8673-a9e1e5431af5"]
[debug] &amp#27;[35m[BaseDriver]&amp#27;[39m Valid locator strategies for this request: xpath, id, class name, accessibility id, css selector, -android uiautomator
[debug] &amp#27;[35m[BaseDriver]&amp#27;[39m Waiting up to 30000 ms for condition
[debug] &amp#27;[35m[WD Proxy]&amp#27;[39m Matched '/element' to command name 'findElement'
[debug] &amp#27;[35m[WD Proxy]&amp#27;[39m Proxying [POST /element] to [POST http://127.0.0.1:8204/wd/hub/session/1ba6c3f2-83d8-4411-bd70-b85c0b3a5be5/element] with body: {"strategy":"accessibility id","selector":"Login","context":"","multiple":false}
[debug] &amp#27;[35m[WD Proxy]&amp#27;[39m Got response with status 200: {"sessionId":"1ba6c3f2-83d8-4411-bd70-b85c0b3a5be5","value":{"ELEMENT":"00000000-0000-0136-7fff-ffff00000013","element-6066-11e4-a52e-4f735466cecf":"00000000-0000-0136-7fff-ffff00000013"}}
[debug] &amp#27;[35m[W3C (8bc46446)]&amp#27;[39m Responding to client with driver.findElement() result: {"element-6066-11e4-a52e-4f735466cecf":"00000000-0000-0136-7fff-ffff00000013","ELEMENT":"00000000-0000-0136-7fff-ffff00000013"}
&amp#27;[35m[HTTP]&amp#27;[39m &amp#27;[37m<-- POST /wd/hub/session/8bc46446-73b9-46f3-8673-a9e1e5431af5/element &amp#27;[39m&amp#27;[32m200&amp#27;[39m &amp#27;[90m54 ms - 137&amp#27;[39m
&amp#27;[35m[HTTP]&amp#27;[39m &amp#27;[90m&amp#27;[39m
&amp#27;[35m[HTTP]&amp#27;[39m &amp#27;[37m-->&amp#27;[39m &amp#27;[37mPOST&amp#27;[39m &amp#27;[37m/wd/hub/session/8bc46446-73b9-46f3-8673-a9e1e5431af5/element/00000000-0000-0136-7fff-ffff00000013/click&amp#27;[39m
&amp#27;[35m[HTTP]&amp#27;[39m &amp#27;[90m{"id":"00000000-0000-0136-7fff-ffff00000013"}&amp#27;[39m
[debug] &amp#27;[35m[W3C (8bc46446)]&amp#27;[39m Calling AppiumDriver.click() with args: ["00000000-0000-0136-7fff-ffff00000013","8bc46446-73b9-46f3-8673-a9e1e5431af5"]
[debug] &amp#27;[35m[WD Proxy]&amp#27;[39m Matched '/element/00000000-0000-0136-7fff-ffff00000013/click' to command name 'click'
[debug] &amp#27;[35m[WD Proxy]&amp#27;[39m Proxying [POST /element/00000000-0000-0136-7fff-ffff00000013/click] to [POST http://127.0.0.1:8204/wd/hub/session/1ba6c3f2-83d8-4411-bd70-b85c0b3a5be5/element/00000000-0000-0136-7fff-ffff00000013/click] with body: {"element":"00000000-0000-0136-7fff-ffff00000013"}
[debug] &amp#27;[35m[WD Proxy]&amp#27;[39m Got response with status 200: {"sessionId":"1ba6c3f2-83d8-4411-bd70-b85c0b3a5be5","value":null}
[debug] &amp#27;[35m[W3C (8bc46446)]&amp#27;[39m Responding to client with driver.click() result: null
&amp#27;[35m[HTTP]&amp#27;[39m &amp#27;[37m<-- POST /wd/hub/session/8bc46446-73b9-46f3-8673-a9e1e5431af5/element/00000000-0000-0136-7fff-ffff00000013/click &amp#27;[39m&amp#27;[32m200&amp#27;[39m &amp#27;[90m26 ms - 14&amp#27;[39m
&amp#27;[35m[HTTP]&amp#27;[39m &amp#27;[90m&amp#27;[39m
&amp#27;[35m[HTTP]&amp#27;[39m &amp#27;[37m-->&amp#27;[39m &amp#27;[37mGET&amp#27;[39m &amp#27;[37m/wd/hub/session/8bc46446-73b9-46f3-8673-a9e1e5431af5/context&amp#27;[39m
&amp#27;[35m[HTTP]&amp#27;[39m &amp#27;[90m{}&amp#27;[39m
[debug] &amp#27;[35m[W3C (8bc46446)]&amp#27;[39m Calling AppiumDriver.getCurrentContext() with args: ["8bc46446-73b9-46f3-8673-a9e1e5431af5"]
[debug] &amp#27;[35m[W3C (8bc46446)]&amp#27;[39m Responding to client with driver.getCurrentContext() result: "NATIVE_APP"
&amp#27;[35m[HTTP]&amp#27;[39m &amp#27;[37m<-- GET /wd/hub/session/8bc46446-73b9-46f3-8673-a9e1e5431af5/context &amp#27;[39m&amp#27;[32m200&amp#27;[39m &amp#27;[90m1 ms - 22&amp#27;[39m
&amp#27;[35m[HTTP]&amp#27;[39m &amp#27;[90m&amp#27;[39m
&amp#27;[35m[HTTP]&amp#27;[39m &amp#27;[37m-->&amp#27;[39m &amp#27;[37mPOST&amp#27;[39m &amp#27;[37m/wd/hub/session/8bc46446-73b9-46f3-8673-a9e1e5431af5/element&amp#27;[39m
&amp#27;[35m[HTTP]&amp#27;[39m &amp#27;[90m{"using":"accessibility id","value":"input-email"}&amp#27;[39m
[debug] &amp#27;[35m[W3C (8bc46446)]&amp#27;[39m Calling AppiumDriver.findElement() with args: ["accessibility id","input-email","8bc46446-73b9-46f3-8673-a9e1e5431af5"]
[debug] &amp#27;[35m[BaseDriver]&amp#27;[39m Valid locator strategies for this request: xpath, id, class name, accessibility id, css selector, -android uiautomator
[debug] &amp#27;[35m[BaseDriver]&amp#27;[39m Waiting up to 30000 ms for condition
[debug] &amp#27;[35m[WD Proxy]&amp#27;[39m Matched '/element' to command name 'findElement'
[debug] &amp#27;[35m[WD Proxy]&amp#27;[39m Proxying [POST /element] to [POST http://127.0.0.1:8204/wd/hub/session/1ba6c3f2-83d8-4411-bd70-b85c0b3a5be5/element] with body: {"strategy":"accessibility id","selector":"input-email","context":"","multiple":false}
[debug] &amp#27;[35m[WD Proxy]&amp#27;[39m Got response with status 200: {"sessionId":"1ba6c3f2-83d8-4411-bd70-b85c0b3a5be5","value":{"ELEMENT":"00000000-0000-0136-7fff-ffff0000003c","element-6066-11e4-a52e-4f735466cecf":"00000000-0000-0136-7fff-ffff0000003c"}}
[debug] &amp#27;[35m[W3C (8bc46446)]&amp#27;[39m Responding to client with driver.findElement() result: {"element-6066-11e4-a52e-4f735466cecf":"00000000-0000-0136-7fff-ffff0000003c","ELEMENT":"00000000-0000-0136-7fff-ffff0000003c"}
&amp#27;[35m[HTTP]&amp#27;[39m &amp#27;[37m<-- POST /wd/hub/session/8bc46446-73b9-46f3-8673-a9e1e5431af5/element &amp#27;[39m&amp#27;[32m200&amp#27;[39m &amp#27;[90m43 ms - 137&amp#27;[39m
&amp#27;[35m[HTTP]&amp#27;[39m &amp#27;[90m&amp#27;[39m
&amp#27;[35m[HTTP]&amp#27;[39m &amp#27;[37m-->&amp#27;[39m &amp#27;[37mGET&amp#27;[39m &amp#27;[37m/wd/hub/session/8bc46446-73b9-46f3-8673-a9e1e5431af5/element/00000000-0000-0136-7fff-ffff0000003c/displayed&amp#27;[39m
&amp#27;[35m[HTTP]&amp#27;[39m &amp#27;[90m{}&amp#27;[39m
[debug] &amp#27;[35m[W3C (8bc46446)]&amp#27;[39m Calling AppiumDriver.elementDisplayed() with args: ["00000000-0000-0136-7fff-ffff0000003c","8bc46446-73b9-46f3-8673-a9e1e5431af5"]
[debug] &amp#27;[35m[WD Proxy]&amp#27;[39m Matched '/element/00000000-0000-0136-7fff-ffff0000003c/attribute/displayed' to command name 'getAttribute'
[debug] &amp#27;[35m[WD Proxy]&amp#27;[39m Proxying [GET /element/00000000-0000-0136-7fff-ffff0000003c/attribute/displayed] to [GET http://127.0.0.1:8204/wd/hub/session/1ba6c3f2-83d8-4411-bd70-b85c0b3a5be5/element/00000000-0000-0136-7fff-ffff0000003c/attribute/displayed] with no body
[debug] &amp#27;[35m[WD Proxy]&amp#27;[39m Got response with status 200: {"sessionId":"1ba6c3f2-83d8-4411-bd70-b85c0b3a5be5","value":"true"}
[debug] &amp#27;[35m[W3C (8bc46446)]&amp#27;[39m Responding to client with driver.elementDisplayed() result: true
&amp#27;[35m[HTTP]&amp#27;[39m &amp#27;[37m<-- GET /wd/hub/session/8bc46446-73b9-46f3-8673-a9e1e5431af5/element/00000000-0000-0136-7fff-ffff0000003c/displayed &amp#27;[39m&amp#27;[32m200&amp#27;[39m &amp#27;[90m15 ms - 14&amp#27;[39m
&amp#27;[35m[HTTP]&amp#27;[39m &amp#27;[90m&amp#27;[39m
&amp#27;[35m[HTTP]&amp#27;[39m &amp#27;[37m-->&amp#27;[39m &amp#27;[37mGET&amp#27;[39m &amp#27;[37m/wd/hub/session/8bc46446-73b9-46f3-8673-a9e1e5431af5/context&amp#27;[39m
&amp#27;[35m[HTTP]&amp#27;[39m &amp#27;[90m{}&amp#27;[39m
[debug] &amp#27;[35m[W3C (8bc46446)]&amp#27;[39m Calling AppiumDriver.getCurrentContext() with args: ["8bc46446-73b9-46f3-8673-a9e1e5431af5"]
[debug] &amp#27;[35m[W3C (8bc46446)]&amp#27;[39m Responding to client with driver.getCurrentContext() result: "NATIVE_APP"
&amp#27;[35m[HTTP]&amp#27;[39m &amp#27;[37m<-- GET /wd/hub/session/8bc46446-73b9-46f3-8673-a9e1e5431af5/context &amp#27;[39m&amp#27;[32m200&amp#27;[39m &amp#27;[90m1 ms - 22&amp#27;[39m
&amp#27;[35m[HTTP]&amp#27;[39m &amp#27;[90m&amp#27;[39m
&amp#27;[35m[HTTP]&amp#27;[39m &amp#27;[37m-->&amp#27;[39m &amp#27;[37mPOST&amp#27;[39m &amp#27;[37m/wd/hub/session/8bc46446-73b9-46f3-8673-a9e1e5431af5/element&amp#27;[39m
&amp#27;[35m[HTTP]&amp#27;[39m &amp#27;[90m{"using":"accessibility id","value":"input-email"}&amp#27;[39m
[debug] &amp#27;[35m[W3C (8bc46446)]&amp#27;[39m Calling AppiumDriver.findElement() with args: ["accessibility id","input-email","8bc46446-73b9-46f3-8673-a9e1e5431af5"]
[debug] &amp#27;[35m[BaseDriver]&amp#27;[39m Valid locator strategies for this request: xpath, id, class name, accessibility id, css selector, -android uiautomator
[debug] &amp#27;[35m[BaseDriver]&amp#27;[39m Waiting up to 30000 ms for condition
[debug] &amp#27;[35m[WD Proxy]&amp#27;[39m Matched '/element' to command name 'findElement'
[debug] &amp#27;[35m[WD Proxy]&amp#27;[39m Proxying [POST /element] to [POST http://127.0.0.1:8204/wd/hub/session/1ba6c3f2-83d8-4411-bd70-b85c0b3a5be5/element] with body: {"strategy":"accessibility id","selector":"input-email","context":"","multiple":false}
[debug] &amp#27;[35m[WD Proxy]&amp#27;[39m Got response with status 200: {"sessionId":"1ba6c3f2-83d8-4411-bd70-b85c0b3a5be5","value":{"ELEMENT":"00000000-0000-0136-7fff-ffff0000003c","element-6066-11e4-a52e-4f735466cecf":"00000000-0000-0136-7fff-ffff0000003c"}}
[debug] &amp#27;[35m[W3C (8bc46446)]&amp#27;[39m Responding to client with driver.findElement() result: {"element-6066-11e4-a52e-4f735466cecf":"00000000-0000-0136-7fff-ffff0000003c","ELEMENT":"00000000-0000-0136-7fff-ffff0000003c"}
&amp#27;[35m[HTTP]&amp#27;[39m &amp#27;[37m<-- POST /wd/hub/session/8bc46446-73b9-46f3-8673-a9e1e5431af5/element &amp#27;[39m&amp#27;[32m200&amp#27;[39m &amp#27;[90m67 ms - 137&amp#27;[39m
&amp#27;[35m[HTTP]&amp#27;[39m &amp#27;[90m&amp#27;[39m
&amp#27;[35m[HTTP]&amp#27;[39m &amp#27;[37m-->&amp#27;[39m &amp#27;[37mPOST&amp#27;[39m &amp#27;[37m/wd/hub/session/8bc46446-73b9-46f3-8673-a9e1e5431af5/element/00000000-0000-0136-7fff-ffff0000003c/clear&amp#27;[39m
&amp#27;[35m[HTTP]&amp#27;[39m &amp#27;[90m{"id":"00000000-0000-0136-7fff-ffff0000003c"}&amp#27;[39m
[debug] &amp#27;[35m[W3C (8bc46446)]&amp#27;[39m Calling AppiumDriver.clear() with args: ["00000000-0000-0136-7fff-ffff0000003c","8bc46446-73b9-46f3-8673-a9e1e5431af5"]
[debug] &amp#27;[35m[WD Proxy]&amp#27;[39m Matched '/element/00000000-0000-0136-7fff-ffff0000003c/clear' to command name 'clear'
[debug] &amp#27;[35m[WD Proxy]&amp#27;[39m Proxying [POST /element/00000000-0000-0136-7fff-ffff0000003c/clear] to [POST http://127.0.0.1:8204/wd/hub/session/1ba6c3f2-83d8-4411-bd70-b85c0b3a5be5/element/00000000-0000-0136-7fff-ffff0000003c/clear] with body: {"elementId":"00000000-0000-0136-7fff-ffff0000003c"}
[debug] &amp#27;[35m[WD Proxy]&amp#27;[39m Got response with status 200: {"sessionId":"1ba6c3f2-83d8-4411-bd70-b85c0b3a5be5","value":null}
[debug] &amp#27;[35m[W3C (8bc46446)]&amp#27;[39m Responding to client with driver.clear() result: null
&amp#27;[35m[HTTP]&amp#27;[39m &amp#27;[37m<-- POST /wd/hub/session/8bc46446-73b9-46f3-8673-a9e1e5431af5/element/00000000-0000-0136-7fff-ffff0000003c/clear &amp#27;[39m&amp#27;[32m200&amp#27;[39m &amp#27;[90m38 ms - 14&amp#27;[39m
&amp#27;[35m[HTTP]&amp#27;[39m &amp#27;[90m&amp#27;[39m
&amp#27;[35m[HTTP]&amp#27;[39m &amp#27;[37m-->&amp#27;[39m &amp#27;[37mGET&amp#27;[39m &amp#27;[37m/wd/hub/session/8bc46446-73b9-46f3-8673-a9e1e5431af5/context&amp#27;[39m
&amp#27;[35m[HTTP]&amp#27;[39m &amp#27;[90m{}&amp#27;[39m
[debug] &amp#27;[35m[W3C (8bc46446)]&amp#27;[39m Calling AppiumDriver.getCurrentContext() with args: ["8bc46446-73b9-46f3-8673-a9e1e5431af5"]
[debug] &amp#27;[35m[W3C (8bc46446)]&amp#27;[39m Responding to client with driver.getCurrentContext() result: "NATIVE_APP"
&amp#27;[35m[HTTP]&amp#27;[39m &amp#27;[37m<-- GET /wd/hub/session/8bc46446-73b9-46f3-8673-a9e1e5431af5/context &amp#27;[39m&amp#27;[32m200&amp#27;[39m &amp#27;[90m1 ms - 22&amp#27;[39m
&amp#27;[35m[HTTP]&amp#27;[39m &amp#27;[90m&amp#27;[39m
&amp#27;[35m[HTTP]&amp#27;[39m &amp#27;[37m-->&amp#27;[39m &amp#27;[37mPOST&amp#27;[39m &amp#27;[37m/wd/hub/session/8bc46446-73b9-46f3-8673-a9e1e5431af5/element&amp#27;[39m
&amp#27;[35m[HTTP]&amp#27;[39m &amp#27;[90m{"using":"accessibility id","value":"input-email"}&amp#27;[39m
[debug] &amp#27;[35m[W3C (8bc46446)]&amp#27;[39m Calling AppiumDriver.findElement() with args: ["accessibility id","input-email","8bc46446-73b9-46f3-8673-a9e1e5431af5"]
[debug] &amp#27;[35m[BaseDriver]&amp#27;[39m Valid locator strategies for this request: xpath, id, class name, accessibility id, css selector, -android uiautomator
[debug] &amp#27;[35m[BaseDriver]&amp#27;[39m Waiting up to 30000 ms for condition
[debug] &amp#27;[35m[WD Proxy]&amp#27;[39m Matched '/element' to command name 'findElement'
[debug] &amp#27;[35m[WD Proxy]&amp#27;[39m Proxying [POST /element] to [POST http://127.0.0.1:8204/wd/hub/session/1ba6c3f2-83d8-4411-bd70-b85c0b3a5be5/element] with body: {"strategy":"accessibility id","selector":"input-email","context":"","multiple":false}
[debug] &amp#27;[35m[WD Proxy]&amp#27;[39m Got response with status 200: {"sessionId":"1ba6c3f2-83d8-4411-bd70-b85c0b3a5be5","value":{"ELEMENT":"00000000-0000-0136-7fff-ffff0000003c","element-6066-11e4-a52e-4f735466cecf":"00000000-0000-0136-7fff-ffff0000003c"}}
[debug] &amp#27;[35m[W3C (8bc46446)]&amp#27;[39m Responding to client with driver.findElement() result: {"element-6066-11e4-a52e-4f735466cecf":"00000000-0000-0136-7fff-ffff0000003c","ELEMENT":"00000000-0000-0136-7fff-ffff0000003c"}
&amp#27;[35m[HTTP]&amp#27;[39m &amp#27;[37m<-- POST /wd/hub/session/8bc46446-73b9-46f3-8673-a9e1e5431af5/element &amp#27;[39m&amp#27;[32m200&amp#27;[39m &amp#27;[90m721 ms - 137&amp#27;[39m
&amp#27;[35m[HTTP]&amp#27;[39m &amp#27;[90m&amp#27;[39m
&amp#27;[35m[HTTP]&amp#27;[39m &amp#27;[37m-->&amp#27;[39m &amp#27;[37mGET&amp#27;[39m &amp#27;[37m/wd/hub/session/8bc46446-73b9-46f3-8673-a9e1e5431af5/element/00000000-0000-0136-7fff-ffff0000003c/displayed&amp#27;[39m
&amp#27;[35m[HTTP]&amp#27;[39m &amp#27;[90m{}&amp#27;[39m
[debug] &amp#27;[35m[W3C (8bc46446)]&amp#27;[39m Calling AppiumDriver.elementDisplayed() with args: ["00000000-0000-0136-7fff-ffff0000003c","8bc46446-73b9-46f3-8673-a9e1e5431af5"]
[debug] &amp#27;[35m[WD Proxy]&amp#27;[39m Matched '/element/00000000-0000-0136-7fff-ffff0000003c/attribute/displayed' to command name 'getAttribute'
[debug] &amp#27;[35m[WD Proxy]&amp#27;[39m Proxying [GET /element/00000000-0000-0136-7fff-ffff0000003c/attribute/displayed] to [GET http://127.0.0.1:8204/wd/hub/session/1ba6c3f2-83d8-4411-bd70-b85c0b3a5be5/element/00000000-0000-0136-7fff-ffff0000003c/attribute/displayed] with no body
[debug] &amp#27;[35m[WD Proxy]&amp#27;[39m Got response with status 200: {"sessionId":"1ba6c3f2-83d8-4411-bd70-b85c0b3a5be5","value":"true"}
[debug] &amp#27;[35m[W3C (8bc46446)]&amp#27;[39m Responding to client with driver.elementDisplayed() result: true
&amp#27;[35m[HTTP]&amp#27;[39m &amp#27;[37m<-- GET /wd/hub/session/8bc46446-73b9-46f3-8673-a9e1e5431af5/element/00000000-0000-0136-7fff-ffff0000003c/displayed &amp#27;[39m&amp#27;[32m200&amp#27;[39m &amp#27;[90m19 ms - 14&amp#27;[39m
&amp#27;[35m[HTTP]&amp#27;[39m &amp#27;[90m&amp#27;[39m
&amp#27;[35m[HTTP]&amp#27;[39m &amp#27;[37m-->&amp#27;[39m &amp#27;[37mGET&amp#27;[39m &amp#27;[37m/wd/hub/session/8bc46446-73b9-46f3-8673-a9e1e5431af5/context&amp#27;[39m
&amp#27;[35m[HTTP]&amp#27;[39m &amp#27;[90m{}&amp#27;[39m
[debug] &amp#27;[35m[W3C (8bc46446)]&amp#27;[39m Calling AppiumDriver.getCurrentContext() with args: ["8bc46446-73b9-46f3-8673-a9e1e5431af5"]
[debug] &amp#27;[35m[W3C (8bc46446)]&amp#27;[39m Responding to client with driver.getCurrentContext() result: "NATIVE_APP"
&amp#27;[35m[HTTP]&amp#27;[39m &amp#27;[37m<-- GET /wd/hub/session/8bc46446-73b9-46f3-8673-a9e1e5431af5/context &amp#27;[39m&amp#27;[32m200&amp#27;[39m &amp#27;[90m1 ms - 22&amp#27;[39m
&amp#27;[35m[HTTP]&amp#27;[39m &amp#27;[90m&amp#27;[39m
&amp#27;[35m[HTTP]&amp#27;[39m &amp#27;[37m-->&amp#27;[39m &amp#27;[37mPOST&amp#27;[39m &amp#27;[37m/wd/hub/session/8bc46446-73b9-46f3-8673-a9e1e5431af5/element&amp#27;[39m
&amp#27;[35m[HTTP]&amp#27;[39m &amp#27;[90m{"using":"accessibility id","value":"input-email"}&amp#27;[39m
[debug] &amp#27;[35m[W3C (8bc46446)]&amp#27;[39m Calling AppiumDriver.findElement() with args: ["accessibility id","input-email","8bc46446-73b9-46f3-8673-a9e1e5431af5"]
[debug] &amp#27;[35m[BaseDriver]&amp#27;[39m Valid locator strategies for this request: xpath, id, class name, accessibility id, css selector, -android uiautomator
[debug] &amp#27;[35m[BaseDriver]&amp#27;[39m Waiting up to 30000 ms for condition
[debug] &amp#27;[35m[WD Proxy]&amp#27;[39m Matched '/element' to command name 'findElement'
[debug] &amp#27;[35m[WD Proxy]&amp#27;[39m Proxying [POST /element] to [POST http://127.0.0.1:8204/wd/hub/session/1ba6c3f2-83d8-4411-bd70-b85c0b3a5be5/element] with body: {"strategy":"accessibility id","selector":"input-email","context":"","multiple":false}
[debug] &amp#27;[35m[WD Proxy]&amp#27;[39m Got response with status 200: {"sessionId":"1ba6c3f2-83d8-4411-bd70-b85c0b3a5be5","value":{"ELEMENT":"00000000-0000-0136-7fff-ffff0000003c","element-6066-11e4-a52e-4f735466cecf":"00000000-0000-0136-7fff-ffff0000003c"}}
[debug] &amp#27;[35m[W3C (8bc46446)]&amp#27;[39m Responding to client with driver.findElement() result: {"element-6066-11e4-a52e-4f735466cecf":"00000000-0000-0136-7fff-ffff0000003c","ELEMENT":"00000000-0000-0136-7fff-ffff0000003c"}
&amp#27;[35m[HTTP]&amp#27;[39m &amp#27;[37m<-- POST /wd/hub/session/8bc46446-73b9-46f3-8673-a9e1e5431af5/element &amp#27;[39m&amp#27;[32m200&amp#27;[39m &amp#27;[90m47 ms - 137&amp#27;[39m
&amp#27;[35m[HTTP]&amp#27;[39m &amp#27;[90m&amp#27;[39m
&amp#27;[35m[HTTP]&amp#27;[39m &amp#27;[37m-->&amp#27;[39m &amp#27;[37mPOST&amp#27;[39m &amp#27;[37m/wd/hub/session/8bc46446-73b9-46f3-8673-a9e1e5431af5/element/00000000-0000-0136-7fff-ffff0000003c/value&amp#27;[39m
&amp#27;[35m[HTTP]&amp#27;[39m &amp#27;[90m{"id":"00000000-0000-0136-7fff-ffff0000003c","text":"Tunghuynh@gmail.com","value":["T","u","n","g","h","u","y","n","h","@","g","m","a","i","l",".","c","o","m"]}&amp#27;[39m
[debug] &amp#27;[35m[W3C (8bc46446)]&amp#27;[39m Calling AppiumDriver.setValue() with args: [["T","u","n","g","h","u","y","n","h","@","g","m","a","i","l",".","c","o","m"],"00000000-0000-0136-7fff-ffff0000003c","8bc46446-73b9-46f3-8673-a9e1e5431af5"]
[debug] &amp#27;[35m[WD Proxy]&amp#27;[39m Matched '/element/00000000-0000-0136-7fff-ffff0000003c/value' to command name 'setValue'
[debug] &amp#27;[35m[Protocol Converter]&amp#27;[39m Added 'value' property ["T","u","n","g","h","u","y","n","h","@","g","m","a","i","l",".","c","o","m"] to 'setValue' request body
[debug] &amp#27;[35m[WD Proxy]&amp#27;[39m Proxying [POST /element/00000000-0000-0136-7fff-ffff0000003c/value] to [POST http://127.0.0.1:8204/wd/hub/session/1ba6c3f2-83d8-4411-bd70-b85c0b3a5be5/element/00000000-0000-0136-7fff-ffff0000003c/value] with body: {"elementId":"00000000-0000-0136-7fff-ffff0000003c","text":"Tunghuynh@gmail.com","replace":false,"value":["T","u","n","g","h","u","y","n","h","@","g","m","a","i","l",".","c","o","m"]}
[debug] &amp#27;[35m[WD Proxy]&amp#27;[39m Got response with status 200: {"sessionId":"1ba6c3f2-83d8-4411-bd70-b85c0b3a5be5","value":null}
[debug] &amp#27;[35m[W3C (8bc46446)]&amp#27;[39m Responding to client with driver.setValue() result: null
&amp#27;[35m[HTTP]&amp#27;[39m &amp#27;[37m<-- POST /wd/hub/session/8bc46446-73b9-46f3-8673-a9e1e5431af5/element/00000000-0000-0136-7fff-ffff0000003c/value &amp#27;[39m&amp#27;[32m200&amp#27;[39m &amp#27;[90m588 ms - 14&amp#27;[39m
&amp#27;[35m[HTTP]&amp#27;[39m &amp#27;[90m&amp#27;[39m
&amp#27;[35m[HTTP]&amp#27;[39m &amp#27;[37m-->&amp#27;[39m &amp#27;[37mGET&amp#27;[39m &amp#27;[37m/wd/hub/session/8bc46446-73b9-46f3-8673-a9e1e5431af5/context&amp#27;[39m
&amp#27;[35m[HTTP]&amp#27;[39m &amp#27;[90m{}&amp#27;[39m
[debug] &amp#27;[35m[W3C (8bc46446)]&amp#27;[39m Calling AppiumDriver.getCurrentContext() with args: ["8bc46446-73b9-46f3-8673-a9e1e5431af5"]
[debug] &amp#27;[35m[W3C (8bc46446)]&amp#27;[39m Responding to client with driver.getCurrentContext() result: "NATIVE_APP"
&amp#27;[35m[HTTP]&amp#27;[39m &amp#27;[37m<-- GET /wd/hub/session/8bc46446-73b9-46f3-8673-a9e1e5431af5/context &amp#27;[39m&amp#27;[32m200&amp#27;[39m &amp#27;[90m1 ms - 22&amp#27;[39m
&amp#27;[35m[HTTP]&amp#27;[39m &amp#27;[90m&amp#27;[39m
&amp#27;[35m[HTTP]&amp#27;[39m &amp#27;[37m-->&amp#27;[39m &amp#27;[37mPOST&amp#27;[39m &amp#27;[37m/wd/hub/session/8bc46446-73b9-46f3-8673-a9e1e5431af5/element&amp#27;[39m
&amp#27;[35m[HTTP]&amp#27;[39m &amp#27;[90m{"using":"accessibility id","value":"input-password"}&amp#27;[39m
[debug] &amp#27;[35m[W3C (8bc46446)]&amp#27;[39m Calling AppiumDriver.findElement() with args: ["accessibility id","input-password","8bc46446-73b9-46f3-8673-a9e1e5431af5"]
[debug] &amp#27;[35m[BaseDriver]&amp#27;[39m Valid locator strategies for this request: xpath, id, class name, accessibility id, css selector, -android uiautomator
[debug] &amp#27;[35m[BaseDriver]&amp#27;[39m Waiting up to 30000 ms for condition
[debug] &amp#27;[35m[WD Proxy]&amp#27;[39m Matched '/element' to command name 'findElement'
[debug] &amp#27;[35m[WD Proxy]&amp#27;[39m Proxying [POST /element] to [POST http://127.0.0.1:8204/wd/hub/session/1ba6c3f2-83d8-4411-bd70-b85c0b3a5be5/element] with body: {"strategy":"accessibility id","selector":"input-password","context":"","multiple":false}
[debug] &amp#27;[35m[WD Proxy]&amp#27;[39m Got response with status 200: {"sessionId":"1ba6c3f2-83d8-4411-bd70-b85c0b3a5be5","value":{"ELEMENT":"00000000-0000-0136-7fff-ffff0000003e","element-6066-11e4-a52e-4f735466cecf":"00000000-0000-0136-7fff-ffff0000003e"}}
[debug] &amp#27;[35m[W3C (8bc46446)]&amp#27;[39m Responding to client with driver.findElement() result: {"element-6066-11e4-a52e-4f735466cecf":"00000000-0000-0136-7fff-ffff0000003e","ELEMENT":"00000000-0000-0136-7fff-ffff0000003e"}
&amp#27;[35m[HTTP]&amp#27;[39m &amp#27;[37m<-- POST /wd/hub/session/8bc46446-73b9-46f3-8673-a9e1e5431af5/element &amp#27;[39m&amp#27;[32m200&amp#27;[39m &amp#27;[90m734 ms - 137&amp#27;[39m
&amp#27;[35m[HTTP]&amp#27;[39m &amp#27;[90m&amp#27;[39m
&amp#27;[35m[HTTP]&amp#27;[39m &amp#27;[37m-->&amp#27;[39m &amp#27;[37mGET&amp#27;[39m &amp#27;[37m/wd/hub/session/8bc46446-73b9-46f3-8673-a9e1e5431af5/element/00000000-0000-0136-7fff-ffff0000003e/displayed&amp#27;[39m
&amp#27;[35m[HTTP]&amp#27;[39m &amp#27;[90m{}&amp#27;[39m
[debug] &amp#27;[35m[W3C (8bc46446)]&amp#27;[39m Calling AppiumDriver.elementDisplayed() with args: ["00000000-0000-0136-7fff-ffff0000003e","8bc46446-73b9-46f3-8673-a9e1e5431af5"]
[debug] &amp#27;[35m[WD Proxy]&amp#27;[39m Matched '/element/00000000-0000-0136-7fff-ffff0000003e/attribute/displayed' to command name 'getAttribute'
[debug] &amp#27;[35m[WD Proxy]&amp#27;[39m Proxying [GET /element/00000000-0000-0136-7fff-ffff0000003e/attribute/displayed] to [GET http://127.0.0.1:8204/wd/hub/session/1ba6c3f2-83d8-4411-bd70-b85c0b3a5be5/element/00000000-0000-0136-7fff-ffff0000003e/attribute/displayed] with no body
[debug] &amp#27;[35m[WD Proxy]&amp#27;[39m Got response with status 200: {"sessionId":"1ba6c3f2-83d8-4411-bd70-b85c0b3a5be5","value":"true"}
[debug] &amp#27;[35m[W3C (8bc46446)]&amp#27;[39m Responding to client with driver.elementDisplayed() result: true
&amp#27;[35m[HTTP]&amp#27;[39m &amp#27;[37m<-- GET /wd/hub/session/8bc46446-73b9-46f3-8673-a9e1e5431af5/element/00000000-0000-0136-7fff-ffff0000003e/displayed &amp#27;[39m&amp#27;[32m200&amp#27;[39m &amp#27;[90m19 ms - 14&amp#27;[39m
&amp#27;[35m[HTTP]&amp#27;[39m &amp#27;[90m&amp#27;[39m
&amp#27;[35m[HTTP]&amp#27;[39m &amp#27;[37m-->&amp#27;[39m &amp#27;[37mGET&amp#27;[39m &amp#27;[37m/wd/hub/session/8bc46446-73b9-46f3-8673-a9e1e5431af5/context&amp#27;[39m
&amp#27;[35m[HTTP]&amp#27;[39m &amp#27;[90m{}&amp#27;[39m
[debug] &amp#27;[35m[W3C (8bc46446)]&amp#27;[39m Calling AppiumDriver.getCurrentContext() with args: ["8bc46446-73b9-46f3-8673-a9e1e5431af5"]
[debug] &amp#27;[35m[W3C (8bc46446)]&amp#27;[39m Responding to client with driver.getCurrentContext() result: "NATIVE_APP"
&amp#27;[35m[HTTP]&amp#27;[39m &amp#27;[37m<-- GET /wd/hub/session/8bc46446-73b9-46f3-8673-a9e1e5431af5/context &amp#27;[39m&amp#27;[32m200&amp#27;[39m &amp#27;[90m1 ms - 22&amp#27;[39m
&amp#27;[35m[HTTP]&amp#27;[39m &amp#27;[90m&amp#27;[39m
&amp#27;[35m[HTTP]&amp#27;[39m &amp#27;[37m-->&amp#27;[39m &amp#27;[37mPOST&amp#27;[39m &amp#27;[37m/wd/hub/session/8bc46446-73b9-46f3-8673-a9e1e5431af5/element&amp#27;[39m
&amp#27;[35m[HTTP]&amp#27;[39m &amp#27;[90m{"using":"accessibility id","value":"input-password"}&amp#27;[39m
[debug] &amp#27;[35m[W3C (8bc46446)]&amp#27;[39m Calling AppiumDriver.findElement() with args: ["accessibility id","input-password","8bc46446-73b9-46f3-8673-a9e1e5431af5"]
[debug] &amp#27;[35m[BaseDriver]&amp#27;[39m Valid locator strategies for this request: xpath, id, class name, accessibility id, css selector, -android uiautomator
[debug] &amp#27;[35m[BaseDriver]&amp#27;[39m Waiting up to 30000 ms for condition
[debug] &amp#27;[35m[WD Proxy]&amp#27;[39m Matched '/element' to command name 'findElement'
[debug] &amp#27;[35m[WD Proxy]&amp#27;[39m Proxying [POST /element] to [POST http://127.0.0.1:8204/wd/hub/session/1ba6c3f2-83d8-4411-bd70-b85c0b3a5be5/element] with body: {"strategy":"accessibility id","selector":"input-password","context":"","multiple":false}
[debug] &amp#27;[35m[WD Proxy]&amp#27;[39m Got response with status 200: {"sessionId":"1ba6c3f2-83d8-4411-bd70-b85c0b3a5be5","value":{"ELEMENT":"00000000-0000-0136-7fff-ffff0000003e","element-6066-11e4-a52e-4f735466cecf":"00000000-0000-0136-7fff-ffff0000003e"}}
[debug] &amp#27;[35m[W3C (8bc46446)]&amp#27;[39m Responding to client with driver.findElement() result: {"element-6066-11e4-a52e-4f735466cecf":"00000000-0000-0136-7fff-ffff0000003e","ELEMENT":"00000000-0000-0136-7fff-ffff0000003e"}
&amp#27;[35m[HTTP]&amp#27;[39m &amp#27;[37m<-- POST /wd/hub/session/8bc46446-73b9-46f3-8673-a9e1e5431af5/element &amp#27;[39m&amp#27;[32m200&amp#27;[39m &amp#27;[90m52 ms - 137&amp#27;[39m
&amp#27;[35m[HTTP]&amp#27;[39m &amp#27;[90m&amp#27;[39m
&amp#27;[35m[HTTP]&amp#27;[39m &amp#27;[37m-->&amp#27;[39m &amp#27;[37mPOST&amp#27;[39m &amp#27;[37m/wd/hub/session/8bc46446-73b9-46f3-8673-a9e1e5431af5/element/00000000-0000-0136-7fff-ffff0000003e/clear&amp#27;[39m
&amp#27;[35m[HTTP]&amp#27;[39m &amp#27;[90m{"id":"00000000-0000-0136-7fff-ffff0000003e"}&amp#27;[39m
[debug] &amp#27;[35m[W3C (8bc46446)]&amp#27;[39m Calling AppiumDriver.clear() with args: ["00000000-0000-0136-7fff-ffff0000003e","8bc46446-73b9-46f3-8673-a9e1e5431af5"]
[debug] &amp#27;[35m[WD Proxy]&amp#27;[39m Matched '/element/00000000-0000-0136-7fff-ffff0000003e/clear' to command name 'clear'
[debug] &amp#27;[35m[WD Proxy]&amp#27;[39m Proxying [POST /element/00000000-0000-0136-7fff-ffff0000003e/clear] to [POST http://127.0.0.1:8204/wd/hub/session/1ba6c3f2-83d8-4411-bd70-b85c0b3a5be5/element/00000000-0000-0136-7fff-ffff0000003e/clear] with body: {"elementId":"00000000-0000-0136-7fff-ffff0000003e"}
[debug] &amp#27;[35m[WD Proxy]&amp#27;[39m Got response with status 200: {"sessionId":"1ba6c3f2-83d8-4411-bd70-b85c0b3a5be5","value":null}
[debug] &amp#27;[35m[W3C (8bc46446)]&amp#27;[39m Responding to client with driver.clear() result: null
&amp#27;[35m[HTTP]&amp#27;[39m &amp#27;[37m<-- POST /wd/hub/session/8bc46446-73b9-46f3-8673-a9e1e5431af5/element/00000000-0000-0136-7fff-ffff0000003e/clear &amp#27;[39m&amp#27;[32m200&amp#27;[39m &amp#27;[90m41 ms - 14&amp#27;[39m
&amp#27;[35m[HTTP]&amp#27;[39m &amp#27;[90m&amp#27;[39m
&amp#27;[35m[HTTP]&amp#27;[39m &amp#27;[37m-->&amp#27;[39m &amp#27;[37mGET&amp#27;[39m &amp#27;[37m/wd/hub/session/8bc46446-73b9-46f3-8673-a9e1e5431af5/context&amp#27;[39m
&amp#27;[35m[HTTP]&amp#27;[39m &amp#27;[90m{}&amp#27;[39m
[debug] &amp#27;[35m[W3C (8bc46446)]&amp#27;[39m Calling AppiumDriver.getCurrentContext() with args: ["8bc46446-73b9-46f3-8673-a9e1e5431af5"]
[debug] &amp#27;[35m[W3C (8bc46446)]&amp#27;[39m Responding to client with driver.getCurrentContext() result: "NATIVE_APP"
&amp#27;[35m[HTTP]&amp#27;[39m &amp#27;[37m<-- GET /wd/hub/session/8bc46446-73b9-46f3-8673-a9e1e5431af5/context &amp#27;[39m&amp#27;[32m200&amp#27;[39m &amp#27;[90m1 ms - 22&amp#27;[39m
&amp#27;[35m[HTTP]&amp#27;[39m &amp#27;[90m&amp#27;[39m
&amp#27;[35m[HTTP]&amp#27;[39m &amp#27;[37m-->&amp#27;[39m &amp#27;[37mPOST&amp#27;[39m &amp#27;[37m/wd/hub/session/8bc46446-73b9-46f3-8673-a9e1e5431af5/element&amp#27;[39m
&amp#27;[35m[HTTP]&amp#27;[39m &amp#27;[90m{"using":"accessibility id","value":"input-password"}&amp#27;[39m
[debug] &amp#27;[35m[W3C (8bc46446)]&amp#27;[39m Calling AppiumDriver.findElement() with args: ["accessibility id","input-password","8bc46446-73b9-46f3-8673-a9e1e5431af5"]
[debug] &amp#27;[35m[BaseDriver]&amp#27;[39m Valid locator strategies for this request: xpath, id, class name, accessibility id, css selector, -android uiautomator
[debug] &amp#27;[35m[BaseDriver]&amp#27;[39m Waiting up to 30000 ms for condition
[debug] &amp#27;[35m[WD Proxy]&amp#27;[39m Matched '/element' to command name 'findElement'
[debug] &amp#27;[35m[WD Proxy]&amp#27;[39m Proxying [POST /element] to [POST http://127.0.0.1:8204/wd/hub/session/1ba6c3f2-83d8-4411-bd70-b85c0b3a5be5/element] with body: {"strategy":"accessibility id","selector":"input-password","context":"","multiple":false}
[debug] &amp#27;[35m[WD Proxy]&amp#27;[39m Got response with status 200: {"sessionId":"1ba6c3f2-83d8-4411-bd70-b85c0b3a5be5","value":{"ELEMENT":"00000000-0000-0136-7fff-ffff0000003e","element-6066-11e4-a52e-4f735466cecf":"00000000-0000-0136-7fff-ffff0000003e"}}
[debug] &amp#27;[35m[W3C (8bc46446)]&amp#27;[39m Responding to client with driver.findElement() result: {"element-6066-11e4-a52e-4f735466cecf":"00000000-0000-0136-7fff-ffff0000003e","ELEMENT":"00000000-0000-0136-7fff-ffff0000003e"}
&amp#27;[35m[HTTP]&amp#27;[39m &amp#27;[37m<-- POST /wd/hub/session/8bc46446-73b9-46f3-8673-a9e1e5431af5/element &amp#27;[39m&amp#27;[32m200&amp#27;[39m &amp#27;[90m727 ms - 137&amp#27;[39m
&amp#27;[35m[HTTP]&amp#27;[39m &amp#27;[90m&amp#27;[39m
&amp#27;[35m[HTTP]&amp#27;[39m &amp#27;[37m-->&amp#27;[39m &amp#27;[37mGET&amp#27;[39m &amp#27;[37m/wd/hub/session/8bc46446-73b9-46f3-8673-a9e1e5431af5/element/00000000-0000-0136-7fff-ffff0000003e/displayed&amp#27;[39m
&amp#27;[35m[HTTP]&amp#27;[39m &amp#27;[90m{}&amp#27;[39m
[debug] &amp#27;[35m[W3C (8bc46446)]&amp#27;[39m Calling AppiumDriver.elementDisplayed() with args: ["00000000-0000-0136-7fff-ffff0000003e","8bc46446-73b9-46f3-8673-a9e1e5431af5"]
[debug] &amp#27;[35m[WD Proxy]&amp#27;[39m Matched '/element/00000000-0000-0136-7fff-ffff0000003e/attribute/displayed' to command name 'getAttribute'
[debug] &amp#27;[35m[WD Proxy]&amp#27;[39m Proxying [GET /element/00000000-0000-0136-7fff-ffff0000003e/attribute/displayed] to [GET http://127.0.0.1:8204/wd/hub/session/1ba6c3f2-83d8-4411-bd70-b85c0b3a5be5/element/00000000-0000-0136-7fff-ffff0000003e/attribute/displayed] with no body
[debug] &amp#27;[35m[WD Proxy]&amp#27;[39m Got response with status 200: {"sessionId":"1ba6c3f2-83d8-4411-bd70-b85c0b3a5be5","value":"true"}
[debug] &amp#27;[35m[W3C (8bc46446)]&amp#27;[39m Responding to client with driver.elementDisplayed() result: true
&amp#27;[35m[HTTP]&amp#27;[39m &amp#27;[37m<-- GET /wd/hub/session/8bc46446-73b9-46f3-8673-a9e1e5431af5/element/00000000-0000-0136-7fff-ffff0000003e/displayed &amp#27;[39m&amp#27;[32m200&amp#27;[39m &amp#27;[90m28 ms - 14&amp#27;[39m
&amp#27;[35m[HTTP]&amp#27;[39m &amp#27;[90m&amp#27;[39m
&amp#27;[35m[HTTP]&amp#27;[39m &amp#27;[37m-->&amp#27;[39m &amp#27;[37mGET&amp#27;[39m &amp#27;[37m/wd/hub/session/8bc46446-73b9-46f3-8673-a9e1e5431af5/context&amp#27;[39m
&amp#27;[35m[HTTP]&amp#27;[39m &amp#27;[90m{}&amp#27;[39m
[debug] &amp#27;[35m[W3C (8bc46446)]&amp#27;[39m Calling AppiumDriver.getCurrentContext() with args: ["8bc46446-73b9-46f3-8673-a9e1e5431af5"]
[debug] &amp#27;[35m[W3C (8bc46446)]&amp#27;[39m Responding to client with driver.getCurrentContext() result: "NATIVE_APP"
&amp#27;[35m[HTTP]&amp#27;[39m &amp#27;[37m<-- GET /wd/hub/session/8bc46446-73b9-46f3-8673-a9e1e5431af5/context &amp#27;[39m&amp#27;[32m200&amp#27;[39m &amp#27;[90m1 ms - 22&amp#27;[39m
&amp#27;[35m[HTTP]&amp#27;[39m &amp#27;[90m&amp#27;[39m
&amp#27;[35m[HTTP]&amp#27;[39m &amp#27;[37m-->&amp#27;[39m &amp#27;[37mPOST&amp#27;[39m &amp#27;[37m/wd/hub/session/8bc46446-73b9-46f3-8673-a9e1e5431af5/element&amp#27;[39m
&amp#27;[35m[HTTP]&amp#27;[39m &amp#27;[90m{"using":"accessibility id","value":"input-password"}&amp#27;[39m
[debug] &amp#27;[35m[W3C (8bc46446)]&amp#27;[39m Calling AppiumDriver.findElement() with args: ["accessibility id","input-password","8bc46446-73b9-46f3-8673-a9e1e5431af5"]
[debug] &amp#27;[35m[BaseDriver]&amp#27;[39m Valid locator strategies for this request: xpath, id, class name, accessibility id, css selector, -android uiautomator
[debug] &amp#27;[35m[BaseDriver]&amp#27;[39m Waiting up to 30000 ms for condition
[debug] &amp#27;[35m[WD Proxy]&amp#27;[39m Matched '/element' to command name 'findElement'
[debug] &amp#27;[35m[WD Proxy]&amp#27;[39m Proxying [POST /element] to [POST http://127.0.0.1:8204/wd/hub/session/1ba6c3f2-83d8-4411-bd70-b85c0b3a5be5/element] with body: {"strategy":"accessibility id","selector":"input-password","context":"","multiple":false}
[debug] &amp#27;[35m[WD Proxy]&amp#27;[39m Got response with status 200: {"sessionId":"1ba6c3f2-83d8-4411-bd70-b85c0b3a5be5","value":{"ELEMENT":"00000000-0000-0136-7fff-ffff0000003e","element-6066-11e4-a52e-4f735466cecf":"00000000-0000-0136-7fff-ffff0000003e"}}
[debug] &amp#27;[35m[W3C (8bc46446)]&amp#27;[39m Responding to client with driver.findElement() result: {"element-6066-11e4-a52e-4f735466cecf":"00000000-0000-0136-7fff-ffff0000003e","ELEMENT":"00000000-0000-0136-7fff-ffff0000003e"}
&amp#27;[35m[HTTP]&amp#27;[39m &amp#27;[37m<-- POST /wd/hub/session/8bc46446-73b9-46f3-8673-a9e1e5431af5/element &amp#27;[39m&amp#27;[32m200&amp#27;[39m &amp#27;[90m50 ms - 137&amp#27;[39m
&amp#27;[35m[HTTP]&amp#27;[39m &amp#27;[90m&amp#27;[39m
&amp#27;[35m[HTTP]&amp#27;[39m &amp#27;[37m-->&amp#27;[39m &amp#27;[37mPOST&amp#27;[39m &amp#27;[37m/wd/hub/session/8bc46446-73b9-46f3-8673-a9e1e5431af5/element/00000000-0000-0136-7fff-ffff0000003e/value&amp#27;[39m
&amp#27;[35m[HTTP]&amp#27;[39m &amp#27;[90m{"id":"00000000-0000-0136-7fff-ffff0000003e","text":"12345678","value":["1","2","3","4","5","6","7","8"]}&amp#27;[39m
[debug] &amp#27;[35m[W3C (8bc46446)]&amp#27;[39m Calling AppiumDriver.setValue() with args: [["1","2","3","4","5","6","7","8"],"00000000-0000-0136-7fff-ffff0000003e","8bc46446-73b9-46f3-8673-a9e1e5431af5"]
[debug] &amp#27;[35m[WD Proxy]&amp#27;[39m Matched '/element/00000000-0000-0136-7fff-ffff0000003e/value' to command name 'setValue'
[debug] &amp#27;[35m[Protocol Converter]&amp#27;[39m Added 'value' property ["1","2","3","4","5","6","7","8"] to 'setValue' request body
[debug] &amp#27;[35m[WD Proxy]&amp#27;[39m Proxying [POST /element/00000000-0000-0136-7fff-ffff0000003e/value] to [POST http://127.0.0.1:8204/wd/hub/session/1ba6c3f2-83d8-4411-bd70-b85c0b3a5be5/element/00000000-0000-0136-7fff-ffff0000003e/value] with body: {"elementId":"00000000-0000-0136-7fff-ffff0000003e","text":"12345678","replace":false,"value":["1","2","3","4","5","6","7","8"]}
[debug] &amp#27;[35m[WD Proxy]&amp#27;[39m Got response with status 200: {"sessionId":"1ba6c3f2-83d8-4411-bd70-b85c0b3a5be5","value":null}
[debug] &amp#27;[35m[W3C (8bc46446)]&amp#27;[39m Responding to client with driver.setValue() result: null
&amp#27;[35m[HTTP]&amp#27;[39m &amp#27;[37m<-- POST /wd/hub/session/8bc46446-73b9-46f3-8673-a9e1e5431af5/element/00000000-0000-0136-7fff-ffff0000003e/value &amp#27;[39m&amp#27;[32m200&amp#27;[39m &amp#27;[90m588 ms - 14&amp#27;[39m
&amp#27;[35m[HTTP]&amp#27;[39m &amp#27;[90m&amp#27;[39m
&amp#27;[35m[HTTP]&amp#27;[39m &amp#27;[37m-->&amp#27;[39m &amp#27;[37mGET&amp#27;[39m &amp#27;[37m/wd/hub/session/8bc46446-73b9-46f3-8673-a9e1e5431af5/context&amp#27;[39m
&amp#27;[35m[HTTP]&amp#27;[39m &amp#27;[90m{}&amp#27;[39m
[debug] &amp#27;[35m[W3C (8bc46446)]&amp#27;[39m Calling AppiumDriver.getCurrentContext() with args: ["8bc46446-73b9-46f3-8673-a9e1e5431af5"]
[debug] &amp#27;[35m[W3C (8bc46446)]&amp#27;[39m Responding to client with driver.getCurrentContext() result: "NATIVE_APP"
&amp#27;[35m[HTTP]&amp#27;[39m &amp#27;[37m<-- GET /wd/hub/session/8bc46446-73b9-46f3-8673-a9e1e5431af5/context &amp#27;[39m&amp#27;[32m200&amp#27;[39m &amp#27;[90m1 ms - 22&amp#27;[39m
&amp#27;[35m[HTTP]&amp#27;[39m &amp#27;[90m&amp#27;[39m
&amp#27;[35m[HTTP]&amp#27;[39m &amp#27;[37m-->&amp#27;[39m &amp#27;[37mPOST&amp#27;[39m &amp#27;[37m/wd/hub/session/8bc46446-73b9-46f3-8673-a9e1e5431af5/element&amp#27;[39m
&amp#27;[35m[HTTP]&amp#27;[39m &amp#27;[90m{"using":"accessibility id","value":"button-LOGIN"}&amp#27;[39m
[debug] &amp#27;[35m[W3C (8bc46446)]&amp#27;[39m Calling AppiumDriver.findElement() with args: ["accessibility id","button-LOGIN","8bc46446-73b9-46f3-8673-a9e1e5431af5"]
[debug] &amp#27;[35m[BaseDriver]&amp#27;[39m Valid locator strategies for this request: xpath, id, class name, accessibility id, css selector, -android uiautomator
[debug] &amp#27;[35m[BaseDriver]&amp#27;[39m Waiting up to 30000 ms for condition
[debug] &amp#27;[35m[WD Proxy]&amp#27;[39m Matched '/element' to command name 'findElement'
[debug] &amp#27;[35m[WD Proxy]&amp#27;[39m Proxying [POST /element] to [POST http://127.0.0.1:8204/wd/hub/session/1ba6c3f2-83d8-4411-bd70-b85c0b3a5be5/element] with body: {"strategy":"accessibility id","selector":"button-LOGIN","context":"","multiple":false}
[debug] &amp#27;[35m[WD Proxy]&amp#27;[39m Got response with status 200: {"sessionId":"1ba6c3f2-83d8-4411-bd70-b85c0b3a5be5","value":{"ELEMENT":"00000000-0000-0136-7fff-ffff00000055","element-6066-11e4-a52e-4f735466cecf":"00000000-0000-0136-7fff-ffff00000055"}}
[debug] &amp#27;[35m[W3C (8bc46446)]&amp#27;[39m Responding to client with driver.findElement() result: {"element-6066-11e4-a52e-4f735466cecf":"00000000-0000-0136-7fff-ffff00000055","ELEMENT":"00000000-0000-0136-7fff-ffff00000055"}
&amp#27;[35m[HTTP]&amp#27;[39m &amp#27;[37m<-- POST /wd/hub/session/8bc46446-73b9-46f3-8673-a9e1e5431af5/element &amp#27;[39m&amp#27;[32m200&amp#27;[39m &amp#27;[90m1095 ms - 137&amp#27;[39m
&amp#27;[35m[HTTP]&amp#27;[39m &amp#27;[90m&amp#27;[39m
&amp#27;[35m[HTTP]&amp#27;[39m &amp#27;[37m-->&amp#27;[39m &amp#27;[37mGET&amp#27;[39m &amp#27;[37m/wd/hub/session/8bc46446-73b9-46f3-8673-a9e1e5431af5/element/00000000-0000-0136-7fff-ffff00000055/displayed&amp#27;[39m
&amp#27;[35m[HTTP]&amp#27;[39m &amp#27;[90m{}&amp#27;[39m
[debug] &amp#27;[35m[W3C (8bc46446)]&amp#27;[39m Calling AppiumDriver.elementDisplayed() with args: ["00000000-0000-0136-7fff-ffff00000055","8bc46446-73b9-46f3-8673-a9e1e5431af5"]
[debug] &amp#27;[35m[WD Proxy]&amp#27;[39m Matched '/element/00000000-0000-0136-7fff-ffff00000055/attribute/displayed' to command name 'getAttribute'
[debug] &amp#27;[35m[WD Proxy]&amp#27;[39m Proxying [GET /element/00000000-0000-0136-7fff-ffff00000055/attribute/displayed] to [GET http://127.0.0.1:8204/wd/hub/session/1ba6c3f2-83d8-4411-bd70-b85c0b3a5be5/element/00000000-0000-0136-7fff-ffff00000055/attribute/displayed] with no body
[debug] &amp#27;[35m[WD Proxy]&amp#27;[39m Got response with status 200: {"sessionId":"1ba6c3f2-83d8-4411-bd70-b85c0b3a5be5","value":"true"}
[debug] &amp#27;[35m[W3C (8bc46446)]&amp#27;[39m Responding to client with driver.elementDisplayed() result: true
&amp#27;[35m[HTTP]&amp#27;[39m &amp#27;[37m<-- GET /wd/hub/session/8bc46446-73b9-46f3-8673-a9e1e5431af5/element/00000000-0000-0136-7fff-ffff00000055/displayed &amp#27;[39m&amp#27;[32m200&amp#27;[39m &amp#27;[90m16 ms - 14&amp#27;[39m
&amp#27;[35m[HTTP]&amp#27;[39m &amp#27;[90m&amp#27;[39m
&amp#27;[35m[HTTP]&amp#27;[39m &amp#27;[37m-->&amp#27;[39m &amp#27;[37mGET&amp#27;[39m &amp#27;[37m/wd/hub/session/8bc46446-73b9-46f3-8673-a9e1e5431af5/context&amp#27;[39m
&amp#27;[35m[HTTP]&amp#27;[39m &amp#27;[90m{}&amp#27;[39m
[debug] &amp#27;[35m[W3C (8bc46446)]&amp#27;[39m Calling AppiumDriver.getCurrentContext() with args: ["8bc46446-73b9-46f3-8673-a9e1e5431af5"]
[debug] &amp#27;[35m[W3C (8bc46446)]&amp#27;[39m Responding to client with driver.getCurrentContext() result: "NATIVE_APP"
&amp#27;[35m[HTTP]&amp#27;[39m &amp#27;[37m<-- GET /wd/hub/session/8bc46446-73b9-46f3-8673-a9e1e5431af5/context &amp#27;[39m&amp#27;[32m200&amp#27;[39m &amp#27;[90m1 ms - 22&amp#27;[39m
&amp#27;[35m[HTTP]&amp#27;[39m &amp#27;[90m&amp#27;[39m
&amp#27;[35m[HTTP]&amp#27;[39m &amp#27;[37m-->&amp#27;[39m &amp#27;[37mPOST&amp#27;[39m &amp#27;[37m/wd/hub/session/8bc46446-73b9-46f3-8673-a9e1e5431af5/element&amp#27;[39m
&amp#27;[35m[HTTP]&amp#27;[39m &amp#27;[90m{"using":"accessibility id","value":"button-LOGIN"}&amp#27;[39m
[debug] &amp#27;[35m[W3C (8bc46446)]&amp#27;[39m Calling AppiumDriver.findElement() with args: ["accessibility id","button-LOGIN","8bc46446-73b9-46f3-8673-a9e1e5431af5"]
[debug] &amp#27;[35m[BaseDriver]&amp#27;[39m Valid locator strategies for this request: xpath, id, class name, accessibility id, css selector, -android uiautomator
[debug] &amp#27;[35m[BaseDriver]&amp#27;[39m Waiting up to 30000 ms for condition
[debug] &amp#27;[35m[WD Proxy]&amp#27;[39m Matched '/element' to command name 'findElement'
[debug] &amp#27;[35m[WD Proxy]&amp#27;[39m Proxying [POST /element] to [POST http://127.0.0.1:8204/wd/hub/session/1ba6c3f2-83d8-4411-bd70-b85c0b3a5be5/element] with body: {"strategy":"accessibility id","selector":"button-LOGIN","context":"","multiple":false}
[debug] &amp#27;[35m[WD Proxy]&amp#27;[39m Got response with status 200: {"sessionId":"1ba6c3f2-83d8-4411-bd70-b85c0b3a5be5","value":{"ELEMENT":"00000000-0000-0136-7fff-ffff00000055","element-6066-11e4-a52e-4f735466cecf":"00000000-0000-0136-7fff-ffff00000055"}}
[debug] &amp#27;[35m[W3C (8bc46446)]&amp#27;[39m Responding to client with driver.findElement() result: {"element-6066-11e4-a52e-4f735466cecf":"00000000-0000-0136-7fff-ffff00000055","ELEMENT":"00000000-0000-0136-7fff-ffff00000055"}
&amp#27;[35m[HTTP]&amp#27;[39m &amp#27;[37m<-- POST /wd/hub/session/8bc46446-73b9-46f3-8673-a9e1e5431af5/element &amp#27;[39m&amp#27;[32m200&amp#27;[39m &amp#27;[90m61 ms - 137&amp#27;[39m
&amp#27;[35m[HTTP]&amp#27;[39m &amp#27;[90m&amp#27;[39m
&amp#27;[35m[HTTP]&amp#27;[39m &amp#27;[37m-->&amp#27;[39m &amp#27;[37mPOST&amp#27;[39m &amp#27;[37m/wd/hub/session/8bc46446-73b9-46f3-8673-a9e1e5431af5/element/00000000-0000-0136-7fff-ffff00000055/click&amp#27;[39m
&amp#27;[35m[HTTP]&amp#27;[39m &amp#27;[90m{"id":"00000000-0000-0136-7fff-ffff00000055"}&amp#27;[39m
[debug] &amp#27;[35m[W3C (8bc46446)]&amp#27;[39m Calling AppiumDriver.click() with args: ["00000000-0000-0136-7fff-ffff00000055","8bc46446-73b9-46f3-8673-a9e1e5431af5"]
[debug] &amp#27;[35m[WD Proxy]&amp#27;[39m Matched '/element/00000000-0000-0136-7fff-ffff00000055/click' to command name 'click'
[debug] &amp#27;[35m[WD Proxy]&amp#27;[39m Proxying [POST /element/00000000-0000-0136-7fff-ffff00000055/click] to [POST http://127.0.0.1:8204/wd/hub/session/1ba6c3f2-83d8-4411-bd70-b85c0b3a5be5/element/00000000-0000-0136-7fff-ffff00000055/click] with body: {"element":"00000000-0000-0136-7fff-ffff00000055"}
[debug] &amp#27;[35m[WD Proxy]&amp#27;[39m Got response with status 200: {"sessionId":"1ba6c3f2-83d8-4411-bd70-b85c0b3a5be5","value":null}
[debug] &amp#27;[35m[W3C (8bc46446)]&amp#27;[39m Responding to client with driver.click() result: null
&amp#27;[35m[HTTP]&amp#27;[39m &amp#27;[37m<-- POST /wd/hub/session/8bc46446-73b9-46f3-8673-a9e1e5431af5/element/00000000-0000-0136-7fff-ffff00000055/click &amp#27;[39m&amp#27;[32m200&amp#27;[39m &amp#27;[90m38 ms - 14&amp#27;[39m
&amp#27;[35m[HTTP]&amp#27;[39m &amp#27;[90m&amp#27;[39m
&amp#27;[35m[HTTP]&amp#27;[39m &amp#27;[37m-->&amp#27;[39m &amp#27;[37mGET&amp#27;[39m &amp#27;[37m/wd/hub/session/8bc46446-73b9-46f3-8673-a9e1e5431af5/context&amp#27;[39m
&amp#27;[35m[HTTP]&amp#27;[39m &amp#27;[90m{}&amp#27;[39m
[debug] &amp#27;[35m[W3C (8bc46446)]&amp#27;[39m Calling AppiumDriver.getCurrentContext() with args: ["8bc46446-73b9-46f3-8673-a9e1e5431af5"]
[debug] &amp#27;[35m[W3C (8bc46446)]&amp#27;[39m Responding to client with driver.getCurrentContext() result: "NATIVE_APP"
&amp#27;[35m[HTTP]&amp#27;[39m &amp#27;[37m<-- GET /wd/hub/session/8bc46446-73b9-46f3-8673-a9e1e5431af5/context &amp#27;[39m&amp#27;[32m200&amp#27;[39m &amp#27;[90m2 ms - 22&amp#27;[39m
&amp#27;[35m[HTTP]&amp#27;[39m &amp#27;[90m&amp#27;[39m
&amp#27;[35m[HTTP]&amp#27;[39m &amp#27;[37m-->&amp#27;[39m &amp#27;[37mPOST&amp#27;[39m &amp#27;[37m/wd/hub/session/8bc46446-73b9-46f3-8673-a9e1e5431af5/element&amp#27;[39m
&amp#27;[35m[HTTP]&amp#27;[39m &amp#27;[90m{"using":"id","value":"android:id/alertTitle"}&amp#27;[39m
[debug] &amp#27;[35m[W3C (8bc46446)]&amp#27;[39m Calling AppiumDriver.findElement() with args: ["id","android:id/alertTitle","8bc46446-73b9-46f3-8673-a9e1e5431af5"]
[debug] &amp#27;[35m[BaseDriver]&amp#27;[39m Valid locator strategies for this request: xpath, id, class name, accessibility id, css selector, -android uiautomator
[debug] &amp#27;[35m[BaseDriver]&amp#27;[39m Waiting up to 30000 ms for condition
[debug] &amp#27;[35m[WD Proxy]&amp#27;[39m Matched '/element' to command name 'findElement'
[debug] &amp#27;[35m[WD Proxy]&amp#27;[39m Proxying [POST /element] to [POST http://127.0.0.1:8204/wd/hub/session/1ba6c3f2-83d8-4411-bd70-b85c0b3a5be5/element] with body: {"strategy":"id","selector":"android:id/alertTitle","context":"","multiple":false}
&amp#27;[35m[WD Proxy]&amp#27;[39m Got response with status 404: {"sessionId":"1ba6c3f2-83d8-4411-bd70-b85c0b3a5be5","value":{"error":"no such element","message":"An element could not be located on the page using the given search parameters","stacktrace":"io.appium.uiautomator2.common.exceptions.ElementNotFoundException: An element could not be located on the page using the given search parameters\n\tat io.appium.uiautomator2.handler.FindElement.safeHandle(FindElement.java:70)\n\tat io.appium.uiautomator2.handler.request.SafeRequestHandler.handle(SafeRequestHandler.java:59)\n\tat io.appium.uiautomator2.server.AppiumServlet.handleRequest(AppiumServlet.java:264)\n\tat io.appium.uiautomator2.server.AppiumServlet.handleHttpRequest(AppiumServlet.java:258)\n\tat io.appium.uiautomator2.http.ServerHandler.channelRead(ServerHandler.java:68)\n\tat io.netty.channel.AbstractChannelHandlerContext.invokeChannelRead(AbstractChannelHandlerContext.java:366)\n\tat io.netty.channel.AbstractChannelHandlerContext.invokeChannelRead(AbstractChannelHandlerContext.java:352)\n\tat io.netty.chann...
[debug] &amp#27;[35m[W3C]&amp#27;[39m Matched W3C error code 'no such element' to NoSuchElementError
[debug] &amp#27;[35m[BaseDriver]&amp#27;[39m Waited for 65 ms so far
[debug] &amp#27;[35m[WD Proxy]&amp#27;[39m Matched '/element' to command name 'findElement'
[debug] &amp#27;[35m[WD Proxy]&amp#27;[39m Proxying [POST /element] to [POST http://127.0.0.1:8204/wd/hub/session/1ba6c3f2-83d8-4411-bd70-b85c0b3a5be5/element] with body: {"strategy":"id","selector":"android:id/alertTitle","context":"","multiple":false}
&amp#27;[35m[WD Proxy]&amp#27;[39m Got response with status 404: {"sessionId":"1ba6c3f2-83d8-4411-bd70-b85c0b3a5be5","value":{"error":"no such element","message":"An element could not be located on the page using the given search parameters","stacktrace":"io.appium.uiautomator2.common.exceptions.ElementNotFoundException: An element could not be located on the page using the given search parameters\n\tat io.appium.uiautomator2.handler.FindElement.safeHandle(FindElement.java:70)\n\tat io.appium.uiautomator2.handler.request.SafeRequestHandler.handle(SafeRequestHandler.java:59)\n\tat io.appium.uiautomator2.server.AppiumServlet.handleRequest(AppiumServlet.java:264)\n\tat io.appium.uiautomator2.server.AppiumServlet.handleHttpRequest(AppiumServlet.java:258)\n\tat io.appium.uiautomator2.http.ServerHandler.channelRead(ServerHandler.java:68)\n\tat io.netty.channel.AbstractChannelHandlerContext.invokeChannelRead(AbstractChannelHandlerContext.java:366)\n\tat io.netty.channel.AbstractChannelHandlerContext.invokeChannelRead(AbstractChannelHandlerContext.java:352)\n\tat io.netty.chann...
[debug] &amp#27;[35m[W3C]&amp#27;[39m Matched W3C error code 'no such element' to NoSuchElementError
[debug] &amp#27;[35m[BaseDriver]&amp#27;[39m Waited for 881 ms so far
[debug] &amp#27;[35m[WD Proxy]&amp#27;[39m Matched '/element' to command name 'findElement'
[debug] &amp#27;[35m[WD Proxy]&amp#27;[39m Proxying [POST /element] to [POST http://127.0.0.1:8204/wd/hub/session/1ba6c3f2-83d8-4411-bd70-b85c0b3a5be5/element] with body: {"strategy":"id","selector":"android:id/alertTitle","context":"","multiple":false}
[debug] &amp#27;[35m[WD Proxy]&amp#27;[39m Got response with status 200: {"sessionId":"1ba6c3f2-83d8-4411-bd70-b85c0b3a5be5","value":{"ELEMENT":"00000000-0000-0137-7fff-ffff00000072","element-6066-11e4-a52e-4f735466cecf":"00000000-0000-0137-7fff-ffff00000072"}}
[debug] &amp#27;[35m[W3C (8bc46446)]&amp#27;[39m Responding to client with driver.findElement() result: {"element-6066-11e4-a52e-4f735466cecf":"00000000-0000-0137-7fff-ffff00000072","ELEMENT":"00000000-0000-0137-7fff-ffff00000072"}
&amp#27;[35m[HTTP]&amp#27;[39m &amp#27;[37m<-- POST /wd/hub/session/8bc46446-73b9-46f3-8673-a9e1e5431af5/element &amp#27;[39m&amp#27;[32m200&amp#27;[39m &amp#27;[90m2310 ms - 137&amp#27;[39m
&amp#27;[35m[HTTP]&amp#27;[39m &amp#27;[90m&amp#27;[39m
&amp#27;[35m[HTTP]&amp#27;[39m &amp#27;[37m-->&amp#27;[39m &amp#27;[37mGET&amp#27;[39m &amp#27;[37m/wd/hub/session/8bc46446-73b9-46f3-8673-a9e1e5431af5/element/00000000-0000-0137-7fff-ffff00000072/displayed&amp#27;[39m
&amp#27;[35m[HTTP]&amp#27;[39m &amp#27;[90m{}&amp#27;[39m
[debug] &amp#27;[35m[W3C (8bc46446)]&amp#27;[39m Calling AppiumDriver.elementDisplayed() with args: ["00000000-0000-0137-7fff-ffff00000072","8bc46446-73b9-46f3-8673-a9e1e5431af5"]
[debug] &amp#27;[35m[WD Proxy]&amp#27;[39m Matched '/element/00000000-0000-0137-7fff-ffff00000072/attribute/displayed' to command name 'getAttribute'
[debug] &amp#27;[35m[WD Proxy]&amp#27;[39m Proxying [GET /element/00000000-0000-0137-7fff-ffff00000072/attribute/displayed] to [GET http://127.0.0.1:8204/wd/hub/session/1ba6c3f2-83d8-4411-bd70-b85c0b3a5be5/element/00000000-0000-0137-7fff-ffff00000072/attribute/displayed] with no body
[debug] &amp#27;[35m[WD Proxy]&amp#27;[39m Got response with status 200: {"sessionId":"1ba6c3f2-83d8-4411-bd70-b85c0b3a5be5","value":"true"}
[debug] &amp#27;[35m[W3C (8bc46446)]&amp#27;[39m Responding to client with driver.elementDisplayed() result: true
&amp#27;[35m[HTTP]&amp#27;[39m &amp#27;[37m<-- GET /wd/hub/session/8bc46446-73b9-46f3-8673-a9e1e5431af5/element/00000000-0000-0137-7fff-ffff00000072/displayed &amp#27;[39m&amp#27;[32m200&amp#27;[39m &amp#27;[90m19 ms - 14&amp#27;[39m
&amp#27;[35m[HTTP]&amp#27;[39m &amp#27;[90m&amp#27;[39m
&amp#27;[35m[HTTP]&amp#27;[39m &amp#27;[37m-->&amp#27;[39m &amp#27;[37mGET&amp#27;[39m &amp#27;[37m/wd/hub/session/8bc46446-73b9-46f3-8673-a9e1e5431af5/context&amp#27;[39m
&amp#27;[35m[HTTP]&amp#27;[39m &amp#27;[90m{}&amp#27;[39m
[debug] &amp#27;[35m[W3C (8bc46446)]&amp#27;[39m Calling AppiumDriver.getCurrentContext() with args: ["8bc46446-73b9-46f3-8673-a9e1e5431af5"]
[debug] &amp#27;[35m[W3C (8bc46446)]&amp#27;[39m Responding to client with driver.getCurrentContext() result: "NATIVE_APP"
&amp#27;[35m[HTTP]&amp#27;[39m &amp#27;[37m<-- GET /wd/hub/session/8bc46446-73b9-46f3-8673-a9e1e5431af5/context &amp#27;[39m&amp#27;[32m200&amp#27;[39m &amp#27;[90m1 ms - 22&amp#27;[39m
&amp#27;[35m[HTTP]&amp#27;[39m &amp#27;[90m&amp#27;[39m
&amp#27;[35m[HTTP]&amp#27;[39m &amp#27;[37m-->&amp#27;[39m &amp#27;[37mPOST&amp#27;[39m &amp#27;[37m/wd/hub/session/8bc46446-73b9-46f3-8673-a9e1e5431af5/element&amp#27;[39m
&amp#27;[35m[HTTP]&amp#27;[39m &amp#27;[90m{"using":"id","value":"android:id/alertTitle"}&amp#27;[39m
[debug] &amp#27;[35m[W3C (8bc46446)]&amp#27;[39m Calling AppiumDriver.findElement() with args: ["id","android:id/alertTitle","8bc46446-73b9-46f3-8673-a9e1e5431af5"]
[debug] &amp#27;[35m[BaseDriver]&amp#27;[39m Valid locator strategies for this request: xpath, id, class name, accessibility id, css selector, -android uiautomator
[debug] &amp#27;[35m[BaseDriver]&amp#27;[39m Waiting up to 30000 ms for condition
[debug] &amp#27;[35m[WD Proxy]&amp#27;[39m Matched '/element' to command name 'findElement'
[debug] &amp#27;[35m[WD Proxy]&amp#27;[39m Proxying [POST /element] to [POST http://127.0.0.1:8204/wd/hub/session/1ba6c3f2-83d8-4411-bd70-b85c0b3a5be5/element] with body: {"strategy":"id","selector":"android:id/alertTitle","context":"","multiple":false}
[debug] &amp#27;[35m[WD Proxy]&amp#27;[39m Got response with status 200: {"sessionId":"1ba6c3f2-83d8-4411-bd70-b85c0b3a5be5","value":{"ELEMENT":"00000000-0000-0137-7fff-ffff00000072","element-6066-11e4-a52e-4f735466cecf":"00000000-0000-0137-7fff-ffff00000072"}}
[debug] &amp#27;[35m[W3C (8bc46446)]&amp#27;[39m Responding to client with driver.findElement() result: {"element-6066-11e4-a52e-4f735466cecf":"00000000-0000-0137-7fff-ffff00000072","ELEMENT":"00000000-0000-0137-7fff-ffff00000072"}
&amp#27;[35m[HTTP]&amp#27;[39m &amp#27;[37m<-- POST /wd/hub/session/8bc46446-73b9-46f3-8673-a9e1e5431af5/element &amp#27;[39m&amp#27;[32m200&amp#27;[39m &amp#27;[90m23 ms - 137&amp#27;[39m
&amp#27;[35m[HTTP]&amp#27;[39m &amp#27;[90m&amp#27;[39m
&amp#27;[35m[HTTP]&amp#27;[39m &amp#27;[37m-->&amp#27;[39m &amp#27;[37mGET&amp#27;[39m &amp#27;[37m/wd/hub/session/8bc46446-73b9-46f3-8673-a9e1e5431af5/element/00000000-0000-0137-7fff-ffff00000072/text&amp#27;[39m
&amp#27;[35m[HTTP]&amp#27;[39m &amp#27;[90m{}&amp#27;[39m
&amp#27;[35m[W3C (8bc46446)]&amp#27;[39m Driver proxy active, passing request on via HTTP proxy
[debug] &amp#27;[35m[WD Proxy]&amp#27;[39m Matched '/wd/hub/session/8bc46446-73b9-46f3-8673-a9e1e5431af5/element/00000000-0000-0137-7fff-ffff00000072/text' to command name 'getText'
[debug] &amp#27;[35m[WD Proxy]&amp#27;[39m Proxying [GET /wd/hub/session/8bc46446-73b9-46f3-8673-a9e1e5431af5/element/00000000-0000-0137-7fff-ffff00000072/text] to [GET http://127.0.0.1:8204/wd/hub/session/1ba6c3f2-83d8-4411-bd70-b85c0b3a5be5/element/00000000-0000-0137-7fff-ffff00000072/text] with no body
[debug] &amp#27;[35m[WD Proxy]&amp#27;[39m Got response with status 200: {"sessionId":"1ba6c3f2-83d8-4411-bd70-b85c0b3a5be5","value":"Success"}
&amp#27;[35m[WD Proxy]&amp#27;[39m Replacing sessionId 1ba6c3f2-83d8-4411-bd70-b85c0b3a5be5 with 8bc46446-73b9-46f3-8673-a9e1e5431af5
&amp#27;[35m[HTTP]&amp#27;[39m &amp#27;[37m<-- GET /wd/hub/session/8bc46446-73b9-46f3-8673-a9e1e5431af5/element/00000000-0000-0137-7fff-ffff00000072/text &amp#27;[39m&amp#27;[32m200&amp#27;[39m &amp#27;[90m14 ms - 70&amp#27;[39m
&amp#27;[35m[HTTP]&amp#27;[39m &amp#27;[90m&amp#27;[39m
&amp#27;[35m[HTTP]&amp#27;[39m &amp#27;[37m-->&amp#27;[39m &amp#27;[37mGET&amp#27;[39m &amp#27;[37m/wd/hub/session/8bc46446-73b9-46f3-8673-a9e1e5431af5/context&amp#27;[39m
&amp#27;[35m[HTTP]&amp#27;[39m &amp#27;[90m{}&amp#27;[39m
[debug] &amp#27;[35m[W3C (8bc46446)]&amp#27;[39m Calling AppiumDriver.getCurrentContext() with args: ["8bc46446-73b9-46f3-8673-a9e1e5431af5"]
[debug] &amp#27;[35m[W3C (8bc46446)]&amp#27;[39m Responding to client with driver.getCurrentContext() result: "NATIVE_APP"
&amp#27;[35m[HTTP]&amp#27;[39m &amp#27;[37m<-- GET /wd/hub/session/8bc46446-73b9-46f3-8673-a9e1e5431af5/context &amp#27;[39m&amp#27;[32m200&amp#27;[39m &amp#27;[90m1 ms - 22&amp#27;[39m
&amp#27;[35m[HTTP]&amp#27;[39m &amp#27;[90m&amp#27;[39m
&amp#27;[35m[HTTP]&amp#27;[39m &amp#27;[37m-->&amp#27;[39m &amp#27;[37mPOST&amp#27;[39m &amp#27;[37m/wd/hub/session/8bc46446-73b9-46f3-8673-a9e1e5431af5/element&amp#27;[39m
&amp#27;[35m[HTTP]&amp#27;[39m &amp#27;[90m{"using":"id","value":"android:id/message"}&amp#27;[39m
[debug] &amp#27;[35m[W3C (8bc46446)]&amp#27;[39m Calling AppiumDriver.findElement() with args: ["id","android:id/message","8bc46446-73b9-46f3-8673-a9e1e5431af5"]
[debug] &amp#27;[35m[BaseDriver]&amp#27;[39m Valid locator strategies for this request: xpath, id, class name, accessibility id, css selector, -android uiautomator
[debug] &amp#27;[35m[BaseDriver]&amp#27;[39m Waiting up to 30000 ms for condition
[debug] &amp#27;[35m[WD Proxy]&amp#27;[39m Matched '/element' to command name 'findElement'
[debug] &amp#27;[35m[WD Proxy]&amp#27;[39m Proxying [POST /element] to [POST http://127.0.0.1:8204/wd/hub/session/1ba6c3f2-83d8-4411-bd70-b85c0b3a5be5/element] with body: {"strategy":"id","selector":"android:id/message","context":"","multiple":false}
[debug] &amp#27;[35m[WD Proxy]&amp#27;[39m Got response with status 200: {"sessionId":"1ba6c3f2-83d8-4411-bd70-b85c0b3a5be5","value":{"ELEMENT":"00000000-0000-0137-7fff-ffff00000071","element-6066-11e4-a52e-4f735466cecf":"00000000-0000-0137-7fff-ffff00000071"}}
[debug] &amp#27;[35m[W3C (8bc46446)]&amp#27;[39m Responding to client with driver.findElement() result: {"element-6066-11e4-a52e-4f735466cecf":"00000000-0000-0137-7fff-ffff00000071","ELEMENT":"00000000-0000-0137-7fff-ffff00000071"}
&amp#27;[35m[HTTP]&amp#27;[39m &amp#27;[37m<-- POST /wd/hub/session/8bc46446-73b9-46f3-8673-a9e1e5431af5/element &amp#27;[39m&amp#27;[32m200&amp#27;[39m &amp#27;[90m22 ms - 137&amp#27;[39m
&amp#27;[35m[HTTP]&amp#27;[39m &amp#27;[90m&amp#27;[39m
&amp#27;[35m[HTTP]&amp#27;[39m &amp#27;[37m-->&amp#27;[39m &amp#27;[37mGET&amp#27;[39m &amp#27;[37m/wd/hub/session/8bc46446-73b9-46f3-8673-a9e1e5431af5/element/00000000-0000-0137-7fff-ffff00000071/displayed&amp#27;[39m
&amp#27;[35m[HTTP]&amp#27;[39m &amp#27;[90m{}&amp#27;[39m
[debug] &amp#27;[35m[W3C (8bc46446)]&amp#27;[39m Calling AppiumDriver.elementDisplayed() with args: ["00000000-0000-0137-7fff-ffff00000071","8bc46446-73b9-46f3-8673-a9e1e5431af5"]
[debug] &amp#27;[35m[WD Proxy]&amp#27;[39m Matched '/element/00000000-0000-0137-7fff-ffff00000071/attribute/displayed' to command name 'getAttribute'
[debug] &amp#27;[35m[WD Proxy]&amp#27;[39m Proxying [GET /element/00000000-0000-0137-7fff-ffff00000071/attribute/displayed] to [GET http://127.0.0.1:8204/wd/hub/session/1ba6c3f2-83d8-4411-bd70-b85c0b3a5be5/element/00000000-0000-0137-7fff-ffff00000071/attribute/displayed] with no body
[debug] &amp#27;[35m[WD Proxy]&amp#27;[39m Got response with status 200: {"sessionId":"1ba6c3f2-83d8-4411-bd70-b85c0b3a5be5","value":"true"}
[debug] &amp#27;[35m[W3C (8bc46446)]&amp#27;[39m Responding to client with driver.elementDisplayed() result: true
&amp#27;[35m[HTTP]&amp#27;[39m &amp#27;[37m<-- GET /wd/hub/session/8bc46446-73b9-46f3-8673-a9e1e5431af5/element/00000000-0000-0137-7fff-ffff00000071/displayed &amp#27;[39m&amp#27;[32m200&amp#27;[39m &amp#27;[90m17 ms - 14&amp#27;[39m
&amp#27;[35m[HTTP]&amp#27;[39m &amp#27;[90m&amp#27;[39m
&amp#27;[35m[HTTP]&amp#27;[39m &amp#27;[37m-->&amp#27;[39m &amp#27;[37mGET&amp#27;[39m &amp#27;[37m/wd/hub/session/8bc46446-73b9-46f3-8673-a9e1e5431af5/context&amp#27;[39m
&amp#27;[35m[HTTP]&amp#27;[39m &amp#27;[90m{}&amp#27;[39m
[debug] &amp#27;[35m[W3C (8bc46446)]&amp#27;[39m Calling AppiumDriver.getCurrentContext() with args: ["8bc46446-73b9-46f3-8673-a9e1e5431af5"]
[debug] &amp#27;[35m[W3C (8bc46446)]&amp#27;[39m Responding to client with driver.getCurrentContext() result: "NATIVE_APP"
&amp#27;[35m[HTTP]&amp#27;[39m &amp#27;[37m<-- GET /wd/hub/session/8bc46446-73b9-46f3-8673-a9e1e5431af5/context &amp#27;[39m&amp#27;[32m200&amp#27;[39m &amp#27;[90m1 ms - 22&amp#27;[39m
&amp#27;[35m[HTTP]&amp#27;[39m &amp#27;[90m&amp#27;[39m
&amp#27;[35m[HTTP]&amp#27;[39m &amp#27;[37m-->&amp#27;[39m &amp#27;[37mPOST&amp#27;[39m &amp#27;[37m/wd/hub/session/8bc46446-73b9-46f3-8673-a9e1e5431af5/element&amp#27;[39m
&amp#27;[35m[HTTP]&amp#27;[39m &amp#27;[90m{"using":"id","value":"android:id/message"}&amp#27;[39m
[debug] &amp#27;[35m[W3C (8bc46446)]&amp#27;[39m Calling AppiumDriver.findElement() with args: ["id","android:id/message","8bc46446-73b9-46f3-8673-a9e1e5431af5"]
[debug] &amp#27;[35m[BaseDriver]&amp#27;[39m Valid locator strategies for this request: xpath, id, class name, accessibility id, css selector, -android uiautomator
[debug] &amp#27;[35m[BaseDriver]&amp#27;[39m Waiting up to 30000 ms for condition
[debug] &amp#27;[35m[WD Proxy]&amp#27;[39m Matched '/element' to command name 'findElement'
[debug] &amp#27;[35m[WD Proxy]&amp#27;[39m Proxying [POST /element] to [POST http://127.0.0.1:8204/wd/hub/session/1ba6c3f2-83d8-4411-bd70-b85c0b3a5be5/element] with body: {"strategy":"id","selector":"android:id/message","context":"","multiple":false}
[debug] &amp#27;[35m[WD Proxy]&amp#27;[39m Got response with status 200: {"sessionId":"1ba6c3f2-83d8-4411-bd70-b85c0b3a5be5","value":{"ELEMENT":"00000000-0000-0137-7fff-ffff00000071","element-6066-11e4-a52e-4f735466cecf":"00000000-0000-0137-7fff-ffff00000071"}}
[debug] &amp#27;[35m[W3C (8bc46446)]&amp#27;[39m Responding to client with driver.findElement() result: {"element-6066-11e4-a52e-4f735466cecf":"00000000-0000-0137-7fff-ffff00000071","ELEMENT":"00000000-0000-0137-7fff-ffff00000071"}
&amp#27;[35m[HTTP]&amp#27;[39m &amp#27;[37m<-- POST /wd/hub/session/8bc46446-73b9-46f3-8673-a9e1e5431af5/element &amp#27;[39m&amp#27;[32m200&amp#27;[39m &amp#27;[90m27 ms - 137&amp#27;[39m
&amp#27;[35m[HTTP]&amp#27;[39m &amp#27;[90m&amp#27;[39m
&amp#27;[35m[HTTP]&amp#27;[39m &amp#27;[37m-->&amp#27;[39m &amp#27;[37mGET&amp#27;[39m &amp#27;[37m/wd/hub/session/8bc46446-73b9-46f3-8673-a9e1e5431af5/element/00000000-0000-0137-7fff-ffff00000071/text&amp#27;[39m
&amp#27;[35m[HTTP]&amp#27;[39m &amp#27;[90m{}&amp#27;[39m
&amp#27;[35m[W3C (8bc46446)]&amp#27;[39m Driver proxy active, passing request on via HTTP proxy
[debug] &amp#27;[35m[WD Proxy]&amp#27;[39m Matched '/wd/hub/session/8bc46446-73b9-46f3-8673-a9e1e5431af5/element/00000000-0000-0137-7fff-ffff00000071/text' to command name 'getText'
[debug] &amp#27;[35m[WD Proxy]&amp#27;[39m Proxying [GET /wd/hub/session/8bc46446-73b9-46f3-8673-a9e1e5431af5/element/00000000-0000-0137-7fff-ffff00000071/text] to [GET http://127.0.0.1:8204/wd/hub/session/1ba6c3f2-83d8-4411-bd70-b85c0b3a5be5/element/00000000-0000-0137-7fff-ffff00000071/text] with no body
[debug] &amp#27;[35m[WD Proxy]&amp#27;[39m Got response with status 200: {"sessionId":"1ba6c3f2-83d8-4411-bd70-b85c0b3a5be5","value":"You are logged in!"}
&amp#27;[35m[WD Proxy]&amp#27;[39m Replacing sessionId 1ba6c3f2-83d8-4411-bd70-b85c0b3a5be5 with 8bc46446-73b9-46f3-8673-a9e1e5431af5
&amp#27;[35m[HTTP]&amp#27;[39m &amp#27;[37m<-- GET /wd/hub/session/8bc46446-73b9-46f3-8673-a9e1e5431af5/element/00000000-0000-0137-7fff-ffff00000071/text &amp#27;[39m&amp#27;[32m200&amp#27;[39m &amp#27;[90m18 ms - 81&amp#27;[39m
&amp#27;[35m[HTTP]&amp#27;[39m &amp#27;[90m&amp#27;[39m
&amp#27;[35m[HTTP]&amp#27;[39m &amp#27;[37m-->&amp#27;[39m &amp#27;[37mGET&amp#27;[39m &amp#27;[37m/wd/hub/session/8bc46446-73b9-46f3-8673-a9e1e5431af5/context&amp#27;[39m
&amp#27;[35m[HTTP]&amp#27;[39m &amp#27;[90m{}&amp#27;[39m
[debug] &amp#27;[35m[W3C (8bc46446)]&amp#27;[39m Calling AppiumDriver.getCurrentContext() with args: ["8bc46446-73b9-46f3-8673-a9e1e5431af5"]
[debug] &amp#27;[35m[W3C (8bc46446)]&amp#27;[39m Responding to client with driver.getCurrentContext() result: "NATIVE_APP"
&amp#27;[35m[HTTP]&amp#27;[39m &amp#27;[37m<-- GET /wd/hub/session/8bc46446-73b9-46f3-8673-a9e1e5431af5/context &amp#27;[39m&amp#27;[32m200&amp#27;[39m &amp#27;[90m1 ms - 22&amp#27;[39m
&amp#27;[35m[HTTP]&amp#27;[39m &amp#27;[90m&amp#27;[39m
&amp#27;[35m[HTTP]&amp#27;[39m &amp#27;[37m-->&amp#27;[39m &amp#27;[37mPOST&amp#27;[39m &amp#27;[37m/wd/hub/session/8bc46446-73b9-46f3-8673-a9e1e5431af5/element&amp#27;[39m
&amp#27;[35m[HTTP]&amp#27;[39m &amp#27;[90m{"using":"id","value":"android:id/button1"}&amp#27;[39m
[debug] &amp#27;[35m[W3C (8bc46446)]&amp#27;[39m Calling AppiumDriver.findElement() with args: ["id","android:id/button1","8bc46446-73b9-46f3-8673-a9e1e5431af5"]
[debug] &amp#27;[35m[BaseDriver]&amp#27;[39m Valid locator strategies for this request: xpath, id, class name, accessibility id, css selector, -android uiautomator
[debug] &amp#27;[35m[BaseDriver]&amp#27;[39m Waiting up to 30000 ms for condition
[debug] &amp#27;[35m[WD Proxy]&amp#27;[39m Matched '/element' to command name 'findElement'
[debug] &amp#27;[35m[WD Proxy]&amp#27;[39m Proxying [POST /element] to [POST http://127.0.0.1:8204/wd/hub/session/1ba6c3f2-83d8-4411-bd70-b85c0b3a5be5/element] with body: {"strategy":"id","selector":"android:id/button1","context":"","multiple":false}
[debug] &amp#27;[35m[WD Proxy]&amp#27;[39m Got response with status 200: {"sessionId":"1ba6c3f2-83d8-4411-bd70-b85c0b3a5be5","value":{"ELEMENT":"00000000-0000-0137-7fff-ffff0000007e","element-6066-11e4-a52e-4f735466cecf":"00000000-0000-0137-7fff-ffff0000007e"}}
[debug] &amp#27;[35m[W3C (8bc46446)]&amp#27;[39m Responding to client with driver.findElement() result: {"element-6066-11e4-a52e-4f735466cecf":"00000000-0000-0137-7fff-ffff0000007e","ELEMENT":"00000000-0000-0137-7fff-ffff0000007e"}
&amp#27;[35m[HTTP]&amp#27;[39m &amp#27;[37m<-- POST /wd/hub/session/8bc46446-73b9-46f3-8673-a9e1e5431af5/element &amp#27;[39m&amp#27;[32m200&amp#27;[39m &amp#27;[90m41 ms - 137&amp#27;[39m
&amp#27;[35m[HTTP]&amp#27;[39m &amp#27;[90m&amp#27;[39m
&amp#27;[35m[HTTP]&amp#27;[39m &amp#27;[37m-->&amp#27;[39m &amp#27;[37mGET&amp#27;[39m &amp#27;[37m/wd/hub/session/8bc46446-73b9-46f3-8673-a9e1e5431af5/element/00000000-0000-0137-7fff-ffff0000007e/displayed&amp#27;[39m
&amp#27;[35m[HTTP]&amp#27;[39m &amp#27;[90m{}&amp#27;[39m
[debug] &amp#27;[35m[W3C (8bc46446)]&amp#27;[39m Calling AppiumDriver.elementDisplayed() with args: ["00000000-0000-0137-7fff-ffff0000007e","8bc46446-73b9-46f3-8673-a9e1e5431af5"]
[debug] &amp#27;[35m[WD Proxy]&amp#27;[39m Matched '/element/00000000-0000-0137-7fff-ffff0000007e/attribute/displayed' to command name 'getAttribute'
[debug] &amp#27;[35m[WD Proxy]&amp#27;[39m Proxying [GET /element/00000000-0000-0137-7fff-ffff0000007e/attribute/displayed] to [GET http://127.0.0.1:8204/wd/hub/session/1ba6c3f2-83d8-4411-bd70-b85c0b3a5be5/element/00000000-0000-0137-7fff-ffff0000007e/attribute/displayed] with no body
[debug] &amp#27;[35m[WD Proxy]&amp#27;[39m Got response with status 200: {"sessionId":"1ba6c3f2-83d8-4411-bd70-b85c0b3a5be5","value":"true"}
[debug] &amp#27;[35m[W3C (8bc46446)]&amp#27;[39m Responding to client with driver.elementDisplayed() result: true
&amp#27;[35m[HTTP]&amp#27;[39m &amp#27;[37m<-- GET /wd/hub/session/8bc46446-73b9-46f3-8673-a9e1e5431af5/element/00000000-0000-0137-7fff-ffff0000007e/displayed &amp#27;[39m&amp#27;[32m200&amp#27;[39m &amp#27;[90m16 ms - 14&amp#27;[39m
&amp#27;[35m[HTTP]&amp#27;[39m &amp#27;[90m&amp#27;[39m
&amp#27;[35m[HTTP]&amp#27;[39m &amp#27;[37m-->&amp#27;[39m &amp#27;[37mGET&amp#27;[39m &amp#27;[37m/wd/hub/session/8bc46446-73b9-46f3-8673-a9e1e5431af5/context&amp#27;[39m
&amp#27;[35m[HTTP]&amp#27;[39m &amp#27;[90m{}&amp#27;[39m
[debug] &amp#27;[35m[W3C (8bc46446)]&amp#27;[39m Calling AppiumDriver.getCurrentContext() with args: ["8bc46446-73b9-46f3-8673-a9e1e5431af5"]
[debug] &amp#27;[35m[W3C (8bc46446)]&amp#27;[39m Responding to client with driver.getCurrentContext() result: "NATIVE_APP"
&amp#27;[35m[HTTP]&amp#27;[39m &amp#27;[37m<-- GET /wd/hub/session/8bc46446-73b9-46f3-8673-a9e1e5431af5/context &amp#27;[39m&amp#27;[32m200&amp#27;[39m &amp#27;[90m1 ms - 22&amp#27;[39m
&amp#27;[35m[HTTP]&amp#27;[39m &amp#27;[90m&amp#27;[39m
&amp#27;[35m[HTTP]&amp#27;[39m &amp#27;[37m-->&amp#27;[39m &amp#27;[37mPOST&amp#27;[39m &amp#27;[37m/wd/hub/session/8bc46446-73b9-46f3-8673-a9e1e5431af5/element&amp#27;[39m
&amp#27;[35m[HTTP]&amp#27;[39m &amp#27;[90m{"using":"id","value":"android:id/button1"}&amp#27;[39m
[debug] &amp#27;[35m[W3C (8bc46446)]&amp#27;[39m Calling AppiumDriver.findElement() with args: ["id","android:id/button1","8bc46446-73b9-46f3-8673-a9e1e5431af5"]
[debug] &amp#27;[35m[BaseDriver]&amp#27;[39m Valid locator strategies for this request: xpath, id, class name, accessibility id, css selector, -android uiautomator
[debug] &amp#27;[35m[BaseDriver]&amp#27;[39m Waiting up to 30000 ms for condition
[debug] &amp#27;[35m[WD Proxy]&amp#27;[39m Matched '/element' to command name 'findElement'
[debug] &amp#27;[35m[WD Proxy]&amp#27;[39m Proxying [POST /element] to [POST http://127.0.0.1:8204/wd/hub/session/1ba6c3f2-83d8-4411-bd70-b85c0b3a5be5/element] with body: {"strategy":"id","selector":"android:id/button1","context":"","multiple":false}
[debug] &amp#27;[35m[WD Proxy]&amp#27;[39m Got response with status 200: {"sessionId":"1ba6c3f2-83d8-4411-bd70-b85c0b3a5be5","value":{"ELEMENT":"00000000-0000-0137-7fff-ffff0000007e","element-6066-11e4-a52e-4f735466cecf":"00000000-0000-0137-7fff-ffff0000007e"}}
[debug] &amp#27;[35m[W3C (8bc46446)]&amp#27;[39m Responding to client with driver.findElement() result: {"element-6066-11e4-a52e-4f735466cecf":"00000000-0000-0137-7fff-ffff0000007e","ELEMENT":"00000000-0000-0137-7fff-ffff0000007e"}
&amp#27;[35m[HTTP]&amp#27;[39m &amp#27;[37m<-- POST /wd/hub/session/8bc46446-73b9-46f3-8673-a9e1e5431af5/element &amp#27;[39m&amp#27;[32m200&amp#27;[39m &amp#27;[90m38 ms - 137&amp#27;[39m
&amp#27;[35m[HTTP]&amp#27;[39m &amp#27;[90m&amp#27;[39m
&amp#27;[35m[HTTP]&amp#27;[39m &amp#27;[37m-->&amp#27;[39m &amp#27;[37mPOST&amp#27;[39m &amp#27;[37m/wd/hub/session/8bc46446-73b9-46f3-8673-a9e1e5431af5/element/00000000-0000-0137-7fff-ffff0000007e/click&amp#27;[39m
&amp#27;[35m[HTTP]&amp#27;[39m &amp#27;[90m{"id":"00000000-0000-0137-7fff-ffff0000007e"}&amp#27;[39m
[debug] &amp#27;[35m[W3C (8bc46446)]&amp#27;[39m Calling AppiumDriver.click() with args: ["00000000-0000-0137-7fff-ffff0000007e","8bc46446-73b9-46f3-8673-a9e1e5431af5"]
[debug] &amp#27;[35m[WD Proxy]&amp#27;[39m Matched '/element/00000000-0000-0137-7fff-ffff0000007e/click' to command name 'click'
[debug] &amp#27;[35m[WD Proxy]&amp#27;[39m Proxying [POST /element/00000000-0000-0137-7fff-ffff0000007e/click] to [POST http://127.0.0.1:8204/wd/hub/session/1ba6c3f2-83d8-4411-bd70-b85c0b3a5be5/element/00000000-0000-0137-7fff-ffff0000007e/click] with body: {"element":"00000000-0000-0137-7fff-ffff0000007e"}
[debug] &amp#27;[35m[WD Proxy]&amp#27;[39m Got response with status 200: {"sessionId":"1ba6c3f2-83d8-4411-bd70-b85c0b3a5be5","value":null}
[debug] &amp#27;[35m[W3C (8bc46446)]&amp#27;[39m Responding to client with driver.click() result: null
&amp#27;[35m[HTTP]&amp#27;[39m &amp#27;[37m<-- POST /wd/hub/session/8bc46446-73b9-46f3-8673-a9e1e5431af5/element/00000000-0000-0137-7fff-ffff0000007e/cl]]></system-out>
  </testcase>
  <testcase name="signUpWithInvalidCreds[LoginCreds{username=&apos;Tunghuynh@gmail.com&apos;, password=&apos;1234&apos;}](1)" classname="TestNG.TestLoginPage.SignUpTest" time="10.331">
    <system-out><![CDATA[ick &amp#27;[39m&amp#27;[32m200&amp#27;[39m &amp#27;[90m45 ms - 14&amp#27;[39m
&amp#27;[35m[HTTP]&amp#27;[39m &amp#27;[90m&amp#27;[39m
&amp#27;[35m[HTTP]&amp#27;[39m &amp#27;[37m-->&amp#27;[39m &amp#27;[37mGET&amp#27;[39m &amp#27;[37m/wd/hub/session/8bc46446-73b9-46f3-8673-a9e1e5431af5/context&amp#27;[39m
&amp#27;[35m[HTTP]&amp#27;[39m &amp#27;[90m{}&amp#27;[39m
[debug] &amp#27;[35m[W3C (8bc46446)]&amp#27;[39m Calling AppiumDriver.getCurrentContext() with args: ["8bc46446-73b9-46f3-8673-a9e1e5431af5"]
[debug] &amp#27;[35m[W3C (8bc46446)]&amp#27;[39m Responding to client with driver.getCurrentContext() result: "NATIVE_APP"
&amp#27;[35m[HTTP]&amp#27;[39m &amp#27;[37m<-- GET /wd/hub/session/8bc46446-73b9-46f3-8673-a9e1e5431af5/context &amp#27;[39m&amp#27;[32m200&amp#27;[39m &amp#27;[90m1 ms - 22&amp#27;[39m
&amp#27;[35m[HTTP]&amp#27;[39m &amp#27;[90m&amp#27;[39m
&amp#27;[35m[HTTP]&amp#27;[39m &amp#27;[37m-->&amp#27;[39m &amp#27;[37mPOST&amp#27;[39m &amp#27;[37m/wd/hub/session/8bc46446-73b9-46f3-8673-a9e1e5431af5/element&amp#27;[39m
&amp#27;[35m[HTTP]&amp#27;[39m &amp#27;[90m{"using":"accessibility id","value":"Login"}&amp#27;[39m
[debug] &amp#27;[35m[W3C (8bc46446)]&amp#27;[39m Calling AppiumDriver.findElement() with args: ["accessibility id","Login","8bc46446-73b9-46f3-8673-a9e1e5431af5"]
[debug] &amp#27;[35m[BaseDriver]&amp#27;[39m Valid locator strategies for this request: xpath, id, class name, accessibility id, css selector, -android uiautomator
[debug] &amp#27;[35m[BaseDriver]&amp#27;[39m Waiting up to 30000 ms for condition
[debug] &amp#27;[35m[WD Proxy]&amp#27;[39m Matched '/element' to command name 'findElement'
[debug] &amp#27;[35m[WD Proxy]&amp#27;[39m Proxying [POST /element] to [POST http://127.0.0.1:8204/wd/hub/session/1ba6c3f2-83d8-4411-bd70-b85c0b3a5be5/element] with body: {"strategy":"accessibility id","selector":"Login","context":"","multiple":false}
[debug] &amp#27;[35m[WD Proxy]&amp#27;[39m Got response with status 200: {"sessionId":"1ba6c3f2-83d8-4411-bd70-b85c0b3a5be5","value":{"ELEMENT":"00000000-0000-0136-7fff-ffff00000013","element-6066-11e4-a52e-4f735466cecf":"00000000-0000-0136-7fff-ffff00000013"}}
[debug] &amp#27;[35m[W3C (8bc46446)]&amp#27;[39m Responding to client with driver.findElement() result: {"element-6066-11e4-a52e-4f735466cecf":"00000000-0000-0136-7fff-ffff00000013","ELEMENT":"00000000-0000-0136-7fff-ffff00000013"}
&amp#27;[35m[HTTP]&amp#27;[39m &amp#27;[37m<-- POST /wd/hub/session/8bc46446-73b9-46f3-8673-a9e1e5431af5/element &amp#27;[39m&amp#27;[32m200&amp#27;[39m &amp#27;[90m572 ms - 137&amp#27;[39m
&amp#27;[35m[HTTP]&amp#27;[39m &amp#27;[90m&amp#27;[39m
&amp#27;[35m[HTTP]&amp#27;[39m &amp#27;[37m-->&amp#27;[39m &amp#27;[37mGET&amp#27;[39m &amp#27;[37m/wd/hub/session/8bc46446-73b9-46f3-8673-a9e1e5431af5/element/00000000-0000-0136-7fff-ffff00000013/displayed&amp#27;[39m
&amp#27;[35m[HTTP]&amp#27;[39m &amp#27;[90m{}&amp#27;[39m
[debug] &amp#27;[35m[W3C (8bc46446)]&amp#27;[39m Calling AppiumDriver.elementDisplayed() with args: ["00000000-0000-0136-7fff-ffff00000013","8bc46446-73b9-46f3-8673-a9e1e5431af5"]
[debug] &amp#27;[35m[WD Proxy]&amp#27;[39m Matched '/element/00000000-0000-0136-7fff-ffff00000013/attribute/displayed' to command name 'getAttribute'
[debug] &amp#27;[35m[WD Proxy]&amp#27;[39m Proxying [GET /element/00000000-0000-0136-7fff-ffff00000013/attribute/displayed] to [GET http://127.0.0.1:8204/wd/hub/session/1ba6c3f2-83d8-4411-bd70-b85c0b3a5be5/element/00000000-0000-0136-7fff-ffff00000013/attribute/displayed] with no body
[debug] &amp#27;[35m[WD Proxy]&amp#27;[39m Got response with status 200: {"sessionId":"1ba6c3f2-83d8-4411-bd70-b85c0b3a5be5","value":"true"}
[debug] &amp#27;[35m[W3C (8bc46446)]&amp#27;[39m Responding to client with driver.elementDisplayed() result: true
&amp#27;[35m[HTTP]&amp#27;[39m &amp#27;[37m<-- GET /wd/hub/session/8bc46446-73b9-46f3-8673-a9e1e5431af5/element/00000000-0000-0136-7fff-ffff00000013/displayed &amp#27;[39m&amp#27;[32m200&amp#27;[39m &amp#27;[90m17 ms - 14&amp#27;[39m
&amp#27;[35m[HTTP]&amp#27;[39m &amp#27;[90m&amp#27;[39m
&amp#27;[35m[HTTP]&amp#27;[39m &amp#27;[37m-->&amp#27;[39m &amp#27;[37mGET&amp#27;[39m &amp#27;[37m/wd/hub/session/8bc46446-73b9-46f3-8673-a9e1e5431af5/context&amp#27;[39m
&amp#27;[35m[HTTP]&amp#27;[39m &amp#27;[90m{}&amp#27;[39m
[debug] &amp#27;[35m[W3C (8bc46446)]&amp#27;[39m Calling AppiumDriver.getCurrentContext() with args: ["8bc46446-73b9-46f3-8673-a9e1e5431af5"]
[debug] &amp#27;[35m[W3C (8bc46446)]&amp#27;[39m Responding to client with driver.getCurrentContext() result: "NATIVE_APP"
&amp#27;[35m[HTTP]&amp#27;[39m &amp#27;[37m<-- GET /wd/hub/session/8bc46446-73b9-46f3-8673-a9e1e5431af5/context &amp#27;[39m&amp#27;[32m200&amp#27;[39m &amp#27;[90m1 ms - 22&amp#27;[39m
&amp#27;[35m[HTTP]&amp#27;[39m &amp#27;[90m&amp#27;[39m
&amp#27;[35m[HTTP]&amp#27;[39m &amp#27;[37m-->&amp#27;[39m &amp#27;[37mPOST&amp#27;[39m &amp#27;[37m/wd/hub/session/8bc46446-73b9-46f3-8673-a9e1e5431af5/element&amp#27;[39m
&amp#27;[35m[HTTP]&amp#27;[39m &amp#27;[90m{"using":"accessibility id","value":"Login"}&amp#27;[39m
[debug] &amp#27;[35m[W3C (8bc46446)]&amp#27;[39m Calling AppiumDriver.findElement() with args: ["accessibility id","Login","8bc46446-73b9-46f3-8673-a9e1e5431af5"]
[debug] &amp#27;[35m[BaseDriver]&amp#27;[39m Valid locator strategies for this request: xpath, id, class name, accessibility id, css selector, -android uiautomator
[debug] &amp#27;[35m[BaseDriver]&amp#27;[39m Waiting up to 30000 ms for condition
[debug] &amp#27;[35m[WD Proxy]&amp#27;[39m Matched '/element' to command name 'findElement'
[debug] &amp#27;[35m[WD Proxy]&amp#27;[39m Proxying [POST /element] to [POST http://127.0.0.1:8204/wd/hub/session/1ba6c3f2-83d8-4411-bd70-b85c0b3a5be5/element] with body: {"strategy":"accessibility id","selector":"Login","context":"","multiple":false}
[debug] &amp#27;[35m[WD Proxy]&amp#27;[39m Got response with status 200: {"sessionId":"1ba6c3f2-83d8-4411-bd70-b85c0b3a5be5","value":{"ELEMENT":"00000000-0000-0136-7fff-ffff00000013","element-6066-11e4-a52e-4f735466cecf":"00000000-0000-0136-7fff-ffff00000013"}}
[debug] &amp#27;[35m[W3C (8bc46446)]&amp#27;[39m Responding to client with driver.findElement() result: {"element-6066-11e4-a52e-4f735466cecf":"00000000-0000-0136-7fff-ffff00000013","ELEMENT":"00000000-0000-0136-7fff-ffff00000013"}
&amp#27;[35m[HTTP]&amp#27;[39m &amp#27;[37m<-- POST /wd/hub/session/8bc46446-73b9-46f3-8673-a9e1e5431af5/element &amp#27;[39m&amp#27;[32m200&amp#27;[39m &amp#27;[90m70 ms - 137&amp#27;[39m
&amp#27;[35m[HTTP]&amp#27;[39m &amp#27;[90m&amp#27;[39m
&amp#27;[35m[HTTP]&amp#27;[39m &amp#27;[37m-->&amp#27;[39m &amp#27;[37mPOST&amp#27;[39m &amp#27;[37m/wd/hub/session/8bc46446-73b9-46f3-8673-a9e1e5431af5/element/00000000-0000-0136-7fff-ffff00000013/click&amp#27;[39m
&amp#27;[35m[HTTP]&amp#27;[39m &amp#27;[90m{"id":"00000000-0000-0136-7fff-ffff00000013"}&amp#27;[39m
[debug] &amp#27;[35m[W3C (8bc46446)]&amp#27;[39m Calling AppiumDriver.click() with args: ["00000000-0000-0136-7fff-ffff00000013","8bc46446-73b9-46f3-8673-a9e1e5431af5"]
[debug] &amp#27;[35m[WD Proxy]&amp#27;[39m Matched '/element/00000000-0000-0136-7fff-ffff00000013/click' to command name 'click'
[debug] &amp#27;[35m[WD Proxy]&amp#27;[39m Proxying [POST /element/00000000-0000-0136-7fff-ffff00000013/click] to [POST http://127.0.0.1:8204/wd/hub/session/1ba6c3f2-83d8-4411-bd70-b85c0b3a5be5/element/00000000-0000-0136-7fff-ffff00000013/click] with body: {"element":"00000000-0000-0136-7fff-ffff00000013"}
[debug] &amp#27;[35m[WD Proxy]&amp#27;[39m Got response with status 200: {"sessionId":"1ba6c3f2-83d8-4411-bd70-b85c0b3a5be5","value":null}
[debug] &amp#27;[35m[W3C (8bc46446)]&amp#27;[39m Responding to client with driver.click() result: null
&amp#27;[35m[HTTP]&amp#27;[39m &amp#27;[37m<-- POST /wd/hub/session/8bc46446-73b9-46f3-8673-a9e1e5431af5/element/00000000-0000-0136-7fff-ffff00000013/click &amp#27;[39m&amp#27;[32m200&amp#27;[39m &amp#27;[90m29 ms - 14&amp#27;[39m
&amp#27;[35m[HTTP]&amp#27;[39m &amp#27;[90m&amp#27;[39m
&amp#27;[35m[HTTP]&amp#27;[39m &amp#27;[37m-->&amp#27;[39m &amp#27;[37mGET&amp#27;[39m &amp#27;[37m/wd/hub/session/8bc46446-73b9-46f3-8673-a9e1e5431af5/context&amp#27;[39m
&amp#27;[35m[HTTP]&amp#27;[39m &amp#27;[90m{}&amp#27;[39m
[debug] &amp#27;[35m[W3C (8bc46446)]&amp#27;[39m Calling AppiumDriver.getCurrentContext() with args: ["8bc46446-73b9-46f3-8673-a9e1e5431af5"]
[debug] &amp#27;[35m[W3C (8bc46446)]&amp#27;[39m Responding to client with driver.getCurrentContext() result: "NATIVE_APP"
&amp#27;[35m[HTTP]&amp#27;[39m &amp#27;[37m<-- GET /wd/hub/session/8bc46446-73b9-46f3-8673-a9e1e5431af5/context &amp#27;[39m&amp#27;[32m200&amp#27;[39m &amp#27;[90m1 ms - 22&amp#27;[39m
&amp#27;[35m[HTTP]&amp#27;[39m &amp#27;[90m&amp#27;[39m
&amp#27;[35m[HTTP]&amp#27;[39m &amp#27;[37m-->&amp#27;[39m &amp#27;[37mPOST&amp#27;[39m &amp#27;[37m/wd/hub/session/8bc46446-73b9-46f3-8673-a9e1e5431af5/element&amp#27;[39m
&amp#27;[35m[HTTP]&amp#27;[39m &amp#27;[90m{"using":"accessibility id","value":"button-sign-up-container"}&amp#27;[39m
[debug] &amp#27;[35m[W3C (8bc46446)]&amp#27;[39m Calling AppiumDriver.findElement() with args: ["accessibility id","button-sign-up-container","8bc46446-73b9-46f3-8673-a9e1e5431af5"]
[debug] &amp#27;[35m[BaseDriver]&amp#27;[39m Valid locator strategies for this request: xpath, id, class name, accessibility id, css selector, -android uiautomator
[debug] &amp#27;[35m[BaseDriver]&amp#27;[39m Waiting up to 30000 ms for condition
[debug] &amp#27;[35m[WD Proxy]&amp#27;[39m Matched '/element' to command name 'findElement'
[debug] &amp#27;[35m[WD Proxy]&amp#27;[39m Proxying [POST /element] to [POST http://127.0.0.1:8204/wd/hub/session/1ba6c3f2-83d8-4411-bd70-b85c0b3a5be5/element] with body: {"strategy":"accessibility id","selector":"button-sign-up-container","context":"","multiple":false}
[debug] &amp#27;[35m[WD Proxy]&amp#27;[39m Got response with status 200: {"sessionId":"1ba6c3f2-83d8-4411-bd70-b85c0b3a5be5","value":{"ELEMENT":"00000000-0000-0136-7fff-ffff00000049","element-6066-11e4-a52e-4f735466cecf":"00000000-0000-0136-7fff-ffff00000049"}}
[debug] &amp#27;[35m[W3C (8bc46446)]&amp#27;[39m Responding to client with driver.findElement() result: {"element-6066-11e4-a52e-4f735466cecf":"00000000-0000-0136-7fff-ffff00000049","ELEMENT":"00000000-0000-0136-7fff-ffff00000049"}
&amp#27;[35m[HTTP]&amp#27;[39m &amp#27;[37m<-- POST /wd/hub/session/8bc46446-73b9-46f3-8673-a9e1e5431af5/element &amp#27;[39m&amp#27;[32m200&amp#27;[39m &amp#27;[90m39 ms - 137&amp#27;[39m
&amp#27;[35m[HTTP]&amp#27;[39m &amp#27;[90m&amp#27;[39m
&amp#27;[35m[HTTP]&amp#27;[39m &amp#27;[37m-->&amp#27;[39m &amp#27;[37mPOST&amp#27;[39m &amp#27;[37m/wd/hub/session/8bc46446-73b9-46f3-8673-a9e1e5431af5/element/00000000-0000-0136-7fff-ffff00000049/click&amp#27;[39m
&amp#27;[35m[HTTP]&amp#27;[39m &amp#27;[90m{"id":"00000000-0000-0136-7fff-ffff00000049"}&amp#27;[39m
[debug] &amp#27;[35m[W3C (8bc46446)]&amp#27;[39m Calling AppiumDriver.click() with args: ["00000000-0000-0136-7fff-ffff00000049","8bc46446-73b9-46f3-8673-a9e1e5431af5"]
[debug] &amp#27;[35m[WD Proxy]&amp#27;[39m Matched '/element/00000000-0000-0136-7fff-ffff00000049/click' to command name 'click'
[debug] &amp#27;[35m[WD Proxy]&amp#27;[39m Proxying [POST /element/00000000-0000-0136-7fff-ffff00000049/click] to [POST http://127.0.0.1:8204/wd/hub/session/1ba6c3f2-83d8-4411-bd70-b85c0b3a5be5/element/00000000-0000-0136-7fff-ffff00000049/click] with body: {"element":"00000000-0000-0136-7fff-ffff00000049"}
[debug] &amp#27;[35m[WD Proxy]&amp#27;[39m Got response with status 200: {"sessionId":"1ba6c3f2-83d8-4411-bd70-b85c0b3a5be5","value":null}
[debug] &amp#27;[35m[W3C (8bc46446)]&amp#27;[39m Responding to client with driver.click() result: null
&amp#27;[35m[HTTP]&amp#27;[39m &amp#27;[37m<-- POST /wd/hub/session/8bc46446-73b9-46f3-8673-a9e1e5431af5/element/00000000-0000-0136-7fff-ffff00000049/click &amp#27;[39m&amp#27;[32m200&amp#27;[39m &amp#27;[90m34 ms - 14&amp#27;[39m
&amp#27;[35m[HTTP]&amp#27;[39m &amp#27;[90m&amp#27;[39m
&amp#27;[35m[HTTP]&amp#27;[39m &amp#27;[37m-->&amp#27;[39m &amp#27;[37mGET&amp#27;[39m &amp#27;[37m/wd/hub/session/8bc46446-73b9-46f3-8673-a9e1e5431af5/context&amp#27;[39m
&amp#27;[35m[HTTP]&amp#27;[39m &amp#27;[90m{}&amp#27;[39m
[debug] &amp#27;[35m[W3C (8bc46446)]&amp#27;[39m Calling AppiumDriver.getCurrentContext() with args: ["8bc46446-73b9-46f3-8673-a9e1e5431af5"]
[debug] &amp#27;[35m[W3C (8bc46446)]&amp#27;[39m Responding to client with driver.getCurrentContext() result: "NATIVE_APP"
&amp#27;[35m[HTTP]&amp#27;[39m &amp#27;[37m<-- GET /wd/hub/session/8bc46446-73b9-46f3-8673-a9e1e5431af5/context &amp#27;[39m&amp#27;[32m200&amp#27;[39m &amp#27;[90m1 ms - 22&amp#27;[39m
&amp#27;[35m[HTTP]&amp#27;[39m &amp#27;[90m&amp#27;[39m
&amp#27;[35m[HTTP]&amp#27;[39m &amp#27;[37m-->&amp#27;[39m &amp#27;[37mPOST&amp#27;[39m &amp#27;[37m/wd/hub/session/8bc46446-73b9-46f3-8673-a9e1e5431af5/element&amp#27;[39m
&amp#27;[35m[HTTP]&amp#27;[39m &amp#27;[90m{"using":"accessibility id","value":"button-SIGN UP"}&amp#27;[39m
[debug] &amp#27;[35m[W3C (8bc46446)]&amp#27;[39m Calling AppiumDriver.findElement() with args: ["accessibility id","button-SIGN UP","8bc46446-73b9-46f3-8673-a9e1e5431af5"]
[debug] &amp#27;[35m[BaseDriver]&amp#27;[39m Valid locator strategies for this request: xpath, id, class name, accessibility id, css selector, -android uiautomator
[debug] &amp#27;[35m[BaseDriver]&amp#27;[39m Waiting up to 30000 ms for condition
[debug] &amp#27;[35m[WD Proxy]&amp#27;[39m Matched '/element' to command name 'findElement'
[debug] &amp#27;[35m[WD Proxy]&amp#27;[39m Proxying [POST /element] to [POST http://127.0.0.1:8204/wd/hub/session/1ba6c3f2-83d8-4411-bd70-b85c0b3a5be5/element] with body: {"strategy":"accessibility id","selector":"button-SIGN UP","context":"","multiple":false}
&amp#27;[35m[WD Proxy]&amp#27;[39m Got response with status 404: {"sessionId":"1ba6c3f2-83d8-4411-bd70-b85c0b3a5be5","value":{"error":"no such element","message":"An element could not be located on the page using the given search parameters","stacktrace":"io.appium.uiautomator2.common.exceptions.ElementNotFoundException: An element could not be located on the page using the given search parameters\n\tat io.appium.uiautomator2.handler.FindElement.safeHandle(FindElement.java:70)\n\tat io.appium.uiautomator2.handler.request.SafeRequestHandler.handle(SafeRequestHandler.java:59)\n\tat io.appium.uiautomator2.server.AppiumServlet.handleRequest(AppiumServlet.java:264)\n\tat io.appium.uiautomator2.server.AppiumServlet.handleHttpRequest(AppiumServlet.java:258)\n\tat io.appium.uiautomator2.http.ServerHandler.channelRead(ServerHandler.java:68)\n\tat io.netty.channel.AbstractChannelHandlerContext.invokeChannelRead(AbstractChannelHandlerContext.java:366)\n\tat io.netty.channel.AbstractChannelHandlerContext.invokeChannelRead(AbstractChannelHandlerContext.java:352)\n\tat io.netty.chann...
[debug] &amp#27;[35m[W3C]&amp#27;[39m Matched W3C error code 'no such element' to NoSuchElementError
[debug] &amp#27;[35m[BaseDriver]&amp#27;[39m Waited for 58 ms so far
[debug] &amp#27;[35m[WD Proxy]&amp#27;[39m Matched '/element' to command name 'findElement'
[debug] &amp#27;[35m[WD Proxy]&amp#27;[39m Proxying [POST /element] to [POST http://127.0.0.1:8204/wd/hub/session/1ba6c3f2-83d8-4411-bd70-b85c0b3a5be5/element] with body: {"strategy":"accessibility id","selector":"button-SIGN UP","context":"","multiple":false}
[debug] &amp#27;[35m[WD Proxy]&amp#27;[39m Got response with status 200: {"sessionId":"1ba6c3f2-83d8-4411-bd70-b85c0b3a5be5","value":{"ELEMENT":"00000000-0000-0136-7fff-ffff00000055","element-6066-11e4-a52e-4f735466cecf":"00000000-0000-0136-7fff-ffff00000055"}}
[debug] &amp#27;[35m[W3C (8bc46446)]&amp#27;[39m Responding to client with driver.findElement() result: {"element-6066-11e4-a52e-4f735466cecf":"00000000-0000-0136-7fff-ffff00000055","ELEMENT":"00000000-0000-0136-7fff-ffff00000055"}
&amp#27;[35m[HTTP]&amp#27;[39m &amp#27;[37m<-- POST /wd/hub/session/8bc46446-73b9-46f3-8673-a9e1e5431af5/element &amp#27;[39m&amp#27;[32m200&amp#27;[39m &amp#27;[90m994 ms - 137&amp#27;[39m
&amp#27;[35m[HTTP]&amp#27;[39m &amp#27;[90m&amp#27;[39m
&amp#27;[35m[HTTP]&amp#27;[39m &amp#27;[37m-->&amp#27;[39m &amp#27;[37mGET&amp#27;[39m &amp#27;[37m/wd/hub/session/8bc46446-73b9-46f3-8673-a9e1e5431af5/element/00000000-0000-0136-7fff-ffff00000055/displayed&amp#27;[39m
&amp#27;[35m[HTTP]&amp#27;[39m &amp#27;[90m{}&amp#27;[39m
[debug] &amp#27;[35m[W3C (8bc46446)]&amp#27;[39m Calling AppiumDriver.elementDisplayed() with args: ["00000000-0000-0136-7fff-ffff00000055","8bc46446-73b9-46f3-8673-a9e1e5431af5"]
[debug] &amp#27;[35m[WD Proxy]&amp#27;[39m Matched '/element/00000000-0000-0136-7fff-ffff00000055/attribute/displayed' to command name 'getAttribute'
[debug] &amp#27;[35m[WD Proxy]&amp#27;[39m Proxying [GET /element/00000000-0000-0136-7fff-ffff00000055/attribute/displayed] to [GET http://127.0.0.1:8204/wd/hub/session/1ba6c3f2-83d8-4411-bd70-b85c0b3a5be5/element/00000000-0000-0136-7fff-ffff00000055/attribute/displayed] with no body
[debug] &amp#27;[35m[WD Proxy]&amp#27;[39m Got response with status 200: {"sessionId":"1ba6c3f2-83d8-4411-bd70-b85c0b3a5be5","value":"true"}
[debug] &amp#27;[35m[W3C (8bc46446)]&amp#27;[39m Responding to client with driver.elementDisplayed() result: true
&amp#27;[35m[HTTP]&amp#27;[39m &amp#27;[37m<-- GET /wd/hub/session/8bc46446-73b9-46f3-8673-a9e1e5431af5/element/00000000-0000-0136-7fff-ffff00000055/displayed &amp#27;[39m&amp#27;[32m200&amp#27;[39m &amp#27;[90m20 ms - 14&amp#27;[39m
&amp#27;[35m[HTTP]&amp#27;[39m &amp#27;[90m&amp#27;[39m
&amp#27;[35m[HTTP]&amp#27;[39m &amp#27;[37m-->&amp#27;[39m &amp#27;[37mGET&amp#27;[39m &amp#27;[37m/wd/hub/session/8bc46446-73b9-46f3-8673-a9e1e5431af5/context&amp#27;[39m
&amp#27;[35m[HTTP]&amp#27;[39m &amp#27;[90m{}&amp#27;[39m
[debug] &amp#27;[35m[W3C (8bc46446)]&amp#27;[39m Calling AppiumDriver.getCurrentContext() with args: ["8bc46446-73b9-46f3-8673-a9e1e5431af5"]
[debug] &amp#27;[35m[W3C (8bc46446)]&amp#27;[39m Responding to client with driver.getCurrentContext() result: "NATIVE_APP"
&amp#27;[35m[HTTP]&amp#27;[39m &amp#27;[37m<-- GET /wd/hub/session/8bc46446-73b9-46f3-8673-a9e1e5431af5/context &amp#27;[39m&amp#27;[32m200&amp#27;[39m &amp#27;[90m1 ms - 22&amp#27;[39m
&amp#27;[35m[HTTP]&amp#27;[39m &amp#27;[90m&amp#27;[39m
&amp#27;[35m[HTTP]&amp#27;[39m &amp#27;[37m-->&amp#27;[39m &amp#27;[37mPOST&amp#27;[39m &amp#27;[37m/wd/hub/session/8bc46446-73b9-46f3-8673-a9e1e5431af5/element&amp#27;[39m
&amp#27;[35m[HTTP]&amp#27;[39m &amp#27;[90m{"using":"accessibility id","value":"button-SIGN UP"}&amp#27;[39m
[debug] &amp#27;[35m[W3C (8bc46446)]&amp#27;[39m Calling AppiumDriver.findElement() with args: ["accessibility id","button-SIGN UP","8bc46446-73b9-46f3-8673-a9e1e5431af5"]
[debug] &amp#27;[35m[BaseDriver]&amp#27;[39m Valid locator strategies for this request: xpath, id, class name, accessibility id, css selector, -android uiautomator
[debug] &amp#27;[35m[BaseDriver]&amp#27;[39m Waiting up to 30000 ms for condition
[debug] &amp#27;[35m[WD Proxy]&amp#27;[39m Matched '/element' to command name 'findElement'
[debug] &amp#27;[35m[WD Proxy]&amp#27;[39m Proxying [POST /element] to [POST http://127.0.0.1:8204/wd/hub/session/1ba6c3f2-83d8-4411-bd70-b85c0b3a5be5/element] with body: {"strategy":"accessibility id","selector":"button-SIGN UP","context":"","multiple":false}
[debug] &amp#27;[35m[WD Proxy]&amp#27;[39m Got response with status 200: {"sessionId":"1ba6c3f2-83d8-4411-bd70-b85c0b3a5be5","value":{"ELEMENT":"00000000-0000-0136-7fff-ffff00000055","element-6066-11e4-a52e-4f735466cecf":"00000000-0000-0136-7fff-ffff00000055"}}
[debug] &amp#27;[35m[W3C (8bc46446)]&amp#27;[39m Responding to client with driver.findElement() result: {"element-6066-11e4-a52e-4f735466cecf":"00000000-0000-0136-7fff-ffff00000055","ELEMENT":"00000000-0000-0136-7fff-ffff00000055"}
&amp#27;[35m[HTTP]&amp#27;[39m &amp#27;[37m<-- POST /wd/hub/session/8bc46446-73b9-46f3-8673-a9e1e5431af5/element &amp#27;[39m&amp#27;[32m200&amp#27;[39m &amp#27;[90m43 ms - 137&amp#27;[39m
&amp#27;[35m[HTTP]&amp#27;[39m &amp#27;[90m&amp#27;[39m
&amp#27;[35m[HTTP]&amp#27;[39m &amp#27;[37m-->&amp#27;[39m &amp#27;[37mGET&amp#27;[39m &amp#27;[37m/wd/hub/session/8bc46446-73b9-46f3-8673-a9e1e5431af5/element/00000000-0000-0136-7fff-ffff00000055/displayed&amp#27;[39m
&amp#27;[35m[HTTP]&amp#27;[39m &amp#27;[90m{}&amp#27;[39m
[debug] &amp#27;[35m[W3C (8bc46446)]&amp#27;[39m Calling AppiumDriver.elementDisplayed() with args: ["00000000-0000-0136-7fff-ffff00000055","8bc46446-73b9-46f3-8673-a9e1e5431af5"]
[debug] &amp#27;[35m[WD Proxy]&amp#27;[39m Matched '/element/00000000-0000-0136-7fff-ffff00000055/attribute/displayed' to command name 'getAttribute'
[debug] &amp#27;[35m[WD Proxy]&amp#27;[39m Proxying [GET /element/00000000-0000-0136-7fff-ffff00000055/attribute/displayed] to [GET http://127.0.0.1:8204/wd/hub/session/1ba6c3f2-83d8-4411-bd70-b85c0b3a5be5/element/00000000-0000-0136-7fff-ffff00000055/attribute/displayed] with no body
[debug] &amp#27;[35m[WD Proxy]&amp#27;[39m Got response with status 200: {"sessionId":"1ba6c3f2-83d8-4411-bd70-b85c0b3a5be5","value":"true"}
[debug] &amp#27;[35m[W3C (8bc46446)]&amp#27;[39m Responding to client with driver.elementDisplayed() result: true
&amp#27;[35m[HTTP]&amp#27;[39m &amp#27;[37m<-- GET /wd/hub/session/8bc46446-73b9-46f3-8673-a9e1e5431af5/element/00000000-0000-0136-7fff-ffff00000055/displayed &amp#27;[39m&amp#27;[32m200&amp#27;[39m &amp#27;[90m14 ms - 14&amp#27;[39m
&amp#27;[35m[HTTP]&amp#27;[39m &amp#27;[90m&amp#27;[39m
&amp#27;[35m[HTTP]&amp#27;[39m &amp#27;[37m-->&amp#27;[39m &amp#27;[37mGET&amp#27;[39m &amp#27;[37m/wd/hub/session/8bc46446-73b9-46f3-8673-a9e1e5431af5/context&amp#27;[39m
&amp#27;[35m[HTTP]&amp#27;[39m &amp#27;[90m{}&amp#27;[39m
[debug] &amp#27;[35m[W3C (8bc46446)]&amp#27;[39m Calling AppiumDriver.getCurrentContext() with args: ["8bc46446-73b9-46f3-8673-a9e1e5431af5"]
[debug] &amp#27;[35m[W3C (8bc46446)]&amp#27;[39m Responding to client with driver.getCurrentContext() result: "NATIVE_APP"
&amp#27;[35m[HTTP]&amp#27;[39m &amp#27;[37m<-- GET /wd/hub/session/8bc46446-73b9-46f3-8673-a9e1e5431af5/context &amp#27;[39m&amp#27;[32m200&amp#27;[39m &amp#27;[90m1 ms - 22&amp#27;[39m
&amp#27;[35m[HTTP]&amp#27;[39m &amp#27;[90m&amp#27;[39m
&amp#27;[35m[HTTP]&amp#27;[39m &amp#27;[37m-->&amp#27;[39m &amp#27;[37mPOST&amp#27;[39m &amp#27;[37m/wd/hub/session/8bc46446-73b9-46f3-8673-a9e1e5431af5/element&amp#27;[39m
&amp#27;[35m[HTTP]&amp#27;[39m &amp#27;[90m{"using":"accessibility id","value":"input-email"}&amp#27;[39m
[debug] &amp#27;[35m[W3C (8bc46446)]&amp#27;[39m Calling AppiumDriver.findElement() with args: ["accessibility id","input-email","8bc46446-73b9-46f3-8673-a9e1e5431af5"]
[debug] &amp#27;[35m[BaseDriver]&amp#27;[39m Valid locator strategies for this request: xpath, id, class name, accessibility id, css selector, -android uiautomator
[debug] &amp#27;[35m[BaseDriver]&amp#27;[39m Waiting up to 30000 ms for condition
[debug] &amp#27;[35m[WD Proxy]&amp#27;[39m Matched '/element' to command name 'findElement'
[debug] &amp#27;[35m[WD Proxy]&amp#27;[39m Proxying [POST /element] to [POST http://127.0.0.1:8204/wd/hub/session/1ba6c3f2-83d8-4411-bd70-b85c0b3a5be5/element] with body: {"strategy":"accessibility id","selector":"input-email","context":"","multiple":false}
[debug] &amp#27;[35m[WD Proxy]&amp#27;[39m Got response with status 200: {"sessionId":"1ba6c3f2-83d8-4411-bd70-b85c0b3a5be5","value":{"ELEMENT":"00000000-0000-0136-7fff-ffff0000003c","element-6066-11e4-a52e-4f735466cecf":"00000000-0000-0136-7fff-ffff0000003c"}}
[debug] &amp#27;[35m[W3C (8bc46446)]&amp#27;[39m Responding to client with driver.findElement() result: {"element-6066-11e4-a52e-4f735466cecf":"00000000-0000-0136-7fff-ffff0000003c","ELEMENT":"00000000-0000-0136-7fff-ffff0000003c"}
&amp#27;[35m[HTTP]&amp#27;[39m &amp#27;[37m<-- POST /wd/hub/session/8bc46446-73b9-46f3-8673-a9e1e5431af5/element &amp#27;[39m&amp#27;[32m200&amp#27;[39m &amp#27;[90m58 ms - 137&amp#27;[39m
&amp#27;[35m[HTTP]&amp#27;[39m &amp#27;[90m&amp#27;[39m
&amp#27;[35m[HTTP]&amp#27;[39m &amp#27;[37m-->&amp#27;[39m &amp#27;[37mGET&amp#27;[39m &amp#27;[37m/wd/hub/session/8bc46446-73b9-46f3-8673-a9e1e5431af5/element/00000000-0000-0136-7fff-ffff0000003c/displayed&amp#27;[39m
&amp#27;[35m[HTTP]&amp#27;[39m &amp#27;[90m{}&amp#27;[39m
[debug] &amp#27;[35m[W3C (8bc46446)]&amp#27;[39m Calling AppiumDriver.elementDisplayed() with args: ["00000000-0000-0136-7fff-ffff0000003c","8bc46446-73b9-46f3-8673-a9e1e5431af5"]
[debug] &amp#27;[35m[WD Proxy]&amp#27;[39m Matched '/element/00000000-0000-0136-7fff-ffff0000003c/attribute/displayed' to command name 'getAttribute'
[debug] &amp#27;[35m[WD Proxy]&amp#27;[39m Proxying [GET /element/00000000-0000-0136-7fff-ffff0000003c/attribute/displayed] to [GET http://127.0.0.1:8204/wd/hub/session/1ba6c3f2-83d8-4411-bd70-b85c0b3a5be5/element/00000000-0000-0136-7fff-ffff0000003c/attribute/displayed] with no body
[debug] &amp#27;[35m[WD Proxy]&amp#27;[39m Got response with status 200: {"sessionId":"1ba6c3f2-83d8-4411-bd70-b85c0b3a5be5","value":"true"}
[debug] &amp#27;[35m[W3C (8bc46446)]&amp#27;[39m Responding to client with driver.elementDisplayed() result: true
&amp#27;[35m[HTTP]&amp#27;[39m &amp#27;[37m<-- GET /wd/hub/session/8bc46446-73b9-46f3-8673-a9e1e5431af5/element/00000000-0000-0136-7fff-ffff0000003c/displayed &amp#27;[39m&amp#27;[32m200&amp#27;[39m &amp#27;[90m16 ms - 14&amp#27;[39m
&amp#27;[35m[HTTP]&amp#27;[39m &amp#27;[90m&amp#27;[39m
&amp#27;[35m[HTTP]&amp#27;[39m &amp#27;[37m-->&amp#27;[39m &amp#27;[37mGET&amp#27;[39m &amp#27;[37m/wd/hub/session/8bc46446-73b9-46f3-8673-a9e1e5431af5/context&amp#27;[39m
&amp#27;[35m[HTTP]&amp#27;[39m &amp#27;[90m{}&amp#27;[39m
[debug] &amp#27;[35m[W3C (8bc46446)]&amp#27;[39m Calling AppiumDriver.getCurrentContext() with args: ["8bc46446-73b9-46f3-8673-a9e1e5431af5"]
[debug] &amp#27;[35m[W3C (8bc46446)]&amp#27;[39m Responding to client with driver.getCurrentContext() result: "NATIVE_APP"
&amp#27;[35m[HTTP]&amp#27;[39m &amp#27;[37m<-- GET /wd/hub/session/8bc46446-73b9-46f3-8673-a9e1e5431af5/context &amp#27;[39m&amp#27;[32m200&amp#27;[39m &amp#27;[90m1 ms - 22&amp#27;[39m
&amp#27;[35m[HTTP]&amp#27;[39m &amp#27;[90m&amp#27;[39m
&amp#27;[35m[HTTP]&amp#27;[39m &amp#27;[37m-->&amp#27;[39m &amp#27;[37mPOST&amp#27;[39m &amp#27;[37m/wd/hub/session/8bc46446-73b9-46f3-8673-a9e1e5431af5/element&amp#27;[39m
&amp#27;[35m[HTTP]&amp#27;[39m &amp#27;[90m{"using":"accessibility id","value":"input-email"}&amp#27;[39m
[debug] &amp#27;[35m[W3C (8bc46446)]&amp#27;[39m Calling AppiumDriver.findElement() with args: ["accessibility id","input-email","8bc46446-73b9-46f3-8673-a9e1e5431af5"]
[debug] &amp#27;[35m[BaseDriver]&amp#27;[39m Valid locator strategies for this request: xpath, id, class name, accessibility id, css selector, -android uiautomator
[debug] &amp#27;[35m[BaseDriver]&amp#27;[39m Waiting up to 30000 ms for condition
[debug] &amp#27;[35m[WD Proxy]&amp#27;[39m Matched '/element' to command name 'findElement'
[debug] &amp#27;[35m[WD Proxy]&amp#27;[39m Proxying [POST /element] to [POST http://127.0.0.1:8204/wd/hub/session/1ba6c3f2-83d8-4411-bd70-b85c0b3a5be5/element] with body: {"strategy":"accessibility id","selector":"input-email","context":"","multiple":false}
[debug] &amp#27;[35m[WD Proxy]&amp#27;[39m Got response with status 200: {"sessionId":"1ba6c3f2-83d8-4411-bd70-b85c0b3a5be5","value":{"ELEMENT":"00000000-0000-0136-7fff-ffff0000003c","element-6066-11e4-a52e-4f735466cecf":"00000000-0000-0136-7fff-ffff0000003c"}}
[debug] &amp#27;[35m[W3C (8bc46446)]&amp#27;[39m Responding to client with driver.findElement() result: {"element-6066-11e4-a52e-4f735466cecf":"00000000-0000-0136-7fff-ffff0000003c","ELEMENT":"00000000-0000-0136-7fff-ffff0000003c"}
&amp#27;[35m[HTTP]&amp#27;[39m &amp#27;[37m<-- POST /wd/hub/session/8bc46446-73b9-46f3-8673-a9e1e5431af5/element &amp#27;[39m&amp#27;[32m200&amp#27;[39m &amp#27;[90m86 ms - 137&amp#27;[39m
&amp#27;[35m[HTTP]&amp#27;[39m &amp#27;[90m&amp#27;[39m
&amp#27;[35m[HTTP]&amp#27;[39m &amp#27;[37m-->&amp#27;[39m &amp#27;[37mPOST&amp#27;[39m &amp#27;[37m/wd/hub/session/8bc46446-73b9-46f3-8673-a9e1e5431af5/element/00000000-0000-0136-7fff-ffff0000003c/clear&amp#27;[39m
&amp#27;[35m[HTTP]&amp#27;[39m &amp#27;[90m{"id":"00000000-0000-0136-7fff-ffff0000003c"}&amp#27;[39m
[debug] &amp#27;[35m[W3C (8bc46446)]&amp#27;[39m Calling AppiumDriver.clear() with args: ["00000000-0000-0136-7fff-ffff0000003c","8bc46446-73b9-46f3-8673-a9e1e5431af5"]
[debug] &amp#27;[35m[WD Proxy]&amp#27;[39m Matched '/element/00000000-0000-0136-7fff-ffff0000003c/clear' to command name 'clear'
[debug] &amp#27;[35m[WD Proxy]&amp#27;[39m Proxying [POST /element/00000000-0000-0136-7fff-ffff0000003c/clear] to [POST http://127.0.0.1:8204/wd/hub/session/1ba6c3f2-83d8-4411-bd70-b85c0b3a5be5/element/00000000-0000-0136-7fff-ffff0000003c/clear] with body: {"elementId":"00000000-0000-0136-7fff-ffff0000003c"}
[debug] &amp#27;[35m[WD Proxy]&amp#27;[39m Got response with status 200: {"sessionId":"1ba6c3f2-83d8-4411-bd70-b85c0b3a5be5","value":null}
[debug] &amp#27;[35m[W3C (8bc46446)]&amp#27;[39m Responding to client with driver.clear() result: null
&amp#27;[35m[HTTP]&amp#27;[39m &amp#27;[37m<-- POST /wd/hub/session/8bc46446-73b9-46f3-8673-a9e1e5431af5/element/00000000-0000-0136-7fff-ffff0000003c/clear &amp#27;[39m&amp#27;[32m200&amp#27;[39m &amp#27;[90m33 ms - 14&amp#27;[39m
&amp#27;[35m[HTTP]&amp#27;[39m &amp#27;[90m&amp#27;[39m
&amp#27;[35m[HTTP]&amp#27;[39m &amp#27;[37m-->&amp#27;[39m &amp#27;[37mGET&amp#27;[39m &amp#27;[37m/wd/hub/session/8bc46446-73b9-46f3-8673-a9e1e5431af5/context&amp#27;[39m
&amp#27;[35m[HTTP]&amp#27;[39m &amp#27;[90m{}&amp#27;[39m
[debug] &amp#27;[35m[W3C (8bc46446)]&amp#27;[39m Calling AppiumDriver.getCurrentContext() with args: ["8bc46446-73b9-46f3-8673-a9e1e5431af5"]
[debug] &amp#27;[35m[W3C (8bc46446)]&amp#27;[39m Responding to client with driver.getCurrentContext() result: "NATIVE_APP"
&amp#27;[35m[HTTP]&amp#27;[39m &amp#27;[37m<-- GET /wd/hub/session/8bc46446-73b9-46f3-8673-a9e1e5431af5/context &amp#27;[39m&amp#27;[32m200&amp#27;[39m &amp#27;[90m1 ms - 22&amp#27;[39m
&amp#27;[35m[HTTP]&amp#27;[39m &amp#27;[90m&amp#27;[39m
&amp#27;[35m[HTTP]&amp#27;[39m &amp#27;[37m-->&amp#27;[39m &amp#27;[37mPOST&amp#27;[39m &amp#27;[37m/wd/hub/session/8bc46446-73b9-46f3-8673-a9e1e5431af5/element&amp#27;[39m
&amp#27;[35m[HTTP]&amp#27;[39m &amp#27;[90m{"using":"accessibility id","value":"input-email"}&amp#27;[39m
[debug] &amp#27;[35m[W3C (8bc46446)]&amp#27;[39m Calling AppiumDriver.findElement() with args: ["accessibility id","input-email","8bc46446-73b9-46f3-8673-a9e1e5431af5"]
[debug] &amp#27;[35m[BaseDriver]&amp#27;[39m Valid locator strategies for this request: xpath, id, class name, accessibility id, css selector, -android uiautomator
[debug] &amp#27;[35m[BaseDriver]&amp#27;[39m Waiting up to 30000 ms for condition
[debug] &amp#27;[35m[WD Proxy]&amp#27;[39m Matched '/element' to command name 'findElement'
[debug] &amp#27;[35m[WD Proxy]&amp#27;[39m Proxying [POST /element] to [POST http://127.0.0.1:8204/wd/hub/session/1ba6c3f2-83d8-4411-bd70-b85c0b3a5be5/element] with body: {"strategy":"accessibility id","selector":"input-email","context":"","multiple":false}
[debug] &amp#27;[35m[WD Proxy]&amp#27;[39m Got response with status 200: {"sessionId":"1ba6c3f2-83d8-4411-bd70-b85c0b3a5be5","value":{"ELEMENT":"00000000-0000-0136-7fff-ffff0000003c","element-6066-11e4-a52e-4f735466cecf":"00000000-0000-0136-7fff-ffff0000003c"}}
[debug] &amp#27;[35m[W3C (8bc46446)]&amp#27;[39m Responding to client with driver.findElement() result: {"element-6066-11e4-a52e-4f735466cecf":"00000000-0000-0136-7fff-ffff0000003c","ELEMENT":"00000000-0000-0136-7fff-ffff0000003c"}
&amp#27;[35m[HTTP]&amp#27;[39m &amp#27;[37m<-- POST /wd/hub/session/8bc46446-73b9-46f3-8673-a9e1e5431af5/element &amp#27;[39m&amp#27;[32m200&amp#27;[39m &amp#27;[90m697 ms - 137&amp#27;[39m
&amp#27;[35m[HTTP]&amp#27;[39m &amp#27;[90m&amp#27;[39m
&amp#27;[35m[HTTP]&amp#27;[39m &amp#27;[37m-->&amp#27;[39m &amp#27;[37mGET&amp#27;[39m &amp#27;[37m/wd/hub/session/8bc46446-73b9-46f3-8673-a9e1e5431af5/element/00000000-0000-0136-7fff-ffff0000003c/displayed&amp#27;[39m
&amp#27;[35m[HTTP]&amp#27;[39m &amp#27;[90m{}&amp#27;[39m
[debug] &amp#27;[35m[W3C (8bc46446)]&amp#27;[39m Calling AppiumDriver.elementDisplayed() with args: ["00000000-0000-0136-7fff-ffff0000003c","8bc46446-73b9-46f3-8673-a9e1e5431af5"]
[debug] &amp#27;[35m[WD Proxy]&amp#27;[39m Matched '/element/00000000-0000-0136-7fff-ffff0000003c/attribute/displayed' to command name 'getAttribute'
[debug] &amp#27;[35m[WD Proxy]&amp#27;[39m Proxying [GET /element/00000000-0000-0136-7fff-ffff0000003c/attribute/displayed] to [GET http://127.0.0.1:8204/wd/hub/session/1ba6c3f2-83d8-4411-bd70-b85c0b3a5be5/element/00000000-0000-0136-7fff-ffff0000003c/attribute/displayed] with no body
[debug] &amp#27;[35m[WD Proxy]&amp#27;[39m Got response with status 200: {"sessionId":"1ba6c3f2-83d8-4411-bd70-b85c0b3a5be5","value":"true"}
[debug] &amp#27;[35m[W3C (8bc46446)]&amp#27;[39m Responding to client with driver.elementDisplayed() result: true
&amp#27;[35m[HTTP]&amp#27;[39m &amp#27;[37m<-- GET /wd/hub/session/8bc46446-73b9-46f3-8673-a9e1e5431af5/element/00000000-0000-0136-7fff-ffff0000003c/displayed &amp#27;[39m&amp#27;[32m200&amp#27;[39m &amp#27;[90m15 ms - 14&amp#27;[39m
&amp#27;[35m[HTTP]&amp#27;[39m &amp#27;[90m&amp#27;[39m
&amp#27;[35m[HTTP]&amp#27;[39m &amp#27;[37m-->&amp#27;[39m &amp#27;[37mGET&amp#27;[39m &amp#27;[37m/wd/hub/session/8bc46446-73b9-46f3-8673-a9e1e5431af5/context&amp#27;[39m
&amp#27;[35m[HTTP]&amp#27;[39m &amp#27;[90m{}&amp#27;[39m
[debug] &amp#27;[35m[W3C (8bc46446)]&amp#27;[39m Calling AppiumDriver.getCurrentContext() with args: ["8bc46446-73b9-46f3-8673-a9e1e5431af5"]
[debug] &amp#27;[35m[W3C (8bc46446)]&amp#27;[39m Responding to client with driver.getCurrentContext() result: "NATIVE_APP"
&amp#27;[35m[HTTP]&amp#27;[39m &amp#27;[37m<-- GET /wd/hub/session/8bc46446-73b9-46f3-8673-a9e1e5431af5/context &amp#27;[39m&amp#27;[32m200&amp#27;[39m &amp#27;[90m1 ms - 22&amp#27;[39m
&amp#27;[35m[HTTP]&amp#27;[39m &amp#27;[90m&amp#27;[39m
&amp#27;[35m[HTTP]&amp#27;[39m &amp#27;[37m-->&amp#27;[39m &amp#27;[37mPOST&amp#27;[39m &amp#27;[37m/wd/hub/session/8bc46446-73b9-46f3-8673-a9e1e5431af5/element&amp#27;[39m
&amp#27;[35m[HTTP]&amp#27;[39m &amp#27;[90m{"using":"accessibility id","value":"input-email"}&amp#27;[39m
[debug] &amp#27;[35m[W3C (8bc46446)]&amp#27;[39m Calling AppiumDriver.findElement() with args: ["accessibility id","input-email","8bc46446-73b9-46f3-8673-a9e1e5431af5"]
[debug] &amp#27;[35m[BaseDriver]&amp#27;[39m Valid locator strategies for this request: xpath, id, class name, accessibility id, css selector, -android uiautomator
[debug] &amp#27;[35m[BaseDriver]&amp#27;[39m Waiting up to 30000 ms for condition
[debug] &amp#27;[35m[WD Proxy]&amp#27;[39m Matched '/element' to command name 'findElement'
[debug] &amp#27;[35m[WD Proxy]&amp#27;[39m Proxying [POST /element] to [POST http://127.0.0.1:8204/wd/hub/session/1ba6c3f2-83d8-4411-bd70-b85c0b3a5be5/element] with body: {"strategy":"accessibility id","selector":"input-email","context":"","multiple":false}
[debug] &amp#27;[35m[WD Proxy]&amp#27;[39m Got response with status 200: {"sessionId":"1ba6c3f2-83d8-4411-bd70-b85c0b3a5be5","value":{"ELEMENT":"00000000-0000-0136-7fff-ffff0000003c","element-6066-11e4-a52e-4f735466cecf":"00000000-0000-0136-7fff-ffff0000003c"}}
[debug] &amp#27;[35m[W3C (8bc46446)]&amp#27;[39m Responding to client with driver.findElement() result: {"element-6066-11e4-a52e-4f735466cecf":"00000000-0000-0136-7fff-ffff0000003c","ELEMENT":"00000000-0000-0136-7fff-ffff0000003c"}
&amp#27;[35m[HTTP]&amp#27;[39m &amp#27;[37m<-- POST /wd/hub/session/8bc46446-73b9-46f3-8673-a9e1e5431af5/element &amp#27;[39m&amp#27;[32m200&amp#27;[39m &amp#27;[90m45 ms - 137&amp#27;[39m
&amp#27;[35m[HTTP]&amp#27;[39m &amp#27;[90m&amp#27;[39m
&amp#27;[35m[HTTP]&amp#27;[39m &amp#27;[37m-->&amp#27;[39m &amp#27;[37mPOST&amp#27;[39m &amp#27;[37m/wd/hub/session/8bc46446-73b9-46f3-8673-a9e1e5431af5/element/00000000-0000-0136-7fff-ffff0000003c/value&amp#27;[39m
&amp#27;[35m[HTTP]&amp#27;[39m &amp#27;[90m{"id":"00000000-0000-0136-7fff-ffff0000003c","text":"Tunghuynh@gmail.com","value":["T","u","n","g","h","u","y","n","h","@","g","m","a","i","l",".","c","o","m"]}&amp#27;[39m
[debug] &amp#27;[35m[W3C (8bc46446)]&amp#27;[39m Calling AppiumDriver.setValue() with args: [["T","u","n","g","h","u","y","n","h","@","g","m","a","i","l",".","c","o","m"],"00000000-0000-0136-7fff-ffff0000003c","8bc46446-73b9-46f3-8673-a9e1e5431af5"]
[debug] &amp#27;[35m[WD Proxy]&amp#27;[39m Matched '/element/00000000-0000-0136-7fff-ffff0000003c/value' to command name 'setValue'
[debug] &amp#27;[35m[Protocol Converter]&amp#27;[39m Added 'value' property ["T","u","n","g","h","u","y","n","h","@","g","m","a","i","l",".","c","o","m"] to 'setValue' request body
[debug] &amp#27;[35m[WD Proxy]&amp#27;[39m Proxying [POST /element/00000000-0000-0136-7fff-ffff0000003c/value] to [POST http://127.0.0.1:8204/wd/hub/session/1ba6c3f2-83d8-4411-bd70-b85c0b3a5be5/element/00000000-0000-0136-7fff-ffff0000003c/value] with body: {"elementId":"00000000-0000-0136-7fff-ffff0000003c","text":"Tunghuynh@gmail.com","replace":false,"value":["T","u","n","g","h","u","y","n","h","@","g","m","a","i","l",".","c","o","m"]}
[debug] &amp#27;[35m[WD Proxy]&amp#27;[39m Got response with status 200: {"sessionId":"1ba6c3f2-83d8-4411-bd70-b85c0b3a5be5","value":null}
[debug] &amp#27;[35m[W3C (8bc46446)]&amp#27;[39m Responding to client with driver.setValue() result: null
&amp#27;[35m[HTTP]&amp#27;[39m &amp#27;[37m<-- POST /wd/hub/session/8bc46446-73b9-46f3-8673-a9e1e5431af5/element/00000000-0000-0136-7fff-ffff0000003c/value &amp#27;[39m&amp#27;[32m200&amp#27;[39m &amp#27;[90m591 ms - 14&amp#27;[39m
&amp#27;[35m[HTTP]&amp#27;[39m &amp#27;[90m&amp#27;[39m
&amp#27;[35m[HTTP]&amp#27;[39m &amp#27;[37m-->&amp#27;[39m &amp#27;[37mGET&amp#27;[39m &amp#27;[37m/wd/hub/session/8bc46446-73b9-46f3-8673-a9e1e5431af5/context&amp#27;[39m
&amp#27;[35m[HTTP]&amp#27;[39m &amp#27;[90m{}&amp#27;[39m
[debug] &amp#27;[35m[W3C (8bc46446)]&amp#27;[39m Calling AppiumDriver.getCurrentContext() with args: ["8bc46446-73b9-46f3-8673-a9e1e5431af5"]
[debug] &amp#27;[35m[W3C (8bc46446)]&amp#27;[39m Responding to client with driver.getCurrentContext() result: "NATIVE_APP"
&amp#27;[35m[HTTP]&amp#27;[39m &amp#27;[37m<-- GET /wd/hub/session/8bc46446-73b9-46f3-8673-a9e1e5431af5/context &amp#27;[39m&amp#27;[32m200&amp#27;[39m &amp#27;[90m1 ms - 22&amp#27;[39m
&amp#27;[35m[HTTP]&amp#27;[39m &amp#27;[90m&amp#27;[39m
&amp#27;[35m[HTTP]&amp#27;[39m &amp#27;[37m-->&amp#27;[39m &amp#27;[37mPOST&amp#27;[39m &amp#27;[37m/wd/hub/session/8bc46446-73b9-46f3-8673-a9e1e5431af5/element&amp#27;[39m
&amp#27;[35m[HTTP]&amp#27;[39m &amp#27;[90m{"using":"accessibility id","value":"input-password"}&amp#27;[39m
[debug] &amp#27;[35m[W3C (8bc46446)]&amp#27;[39m Calling AppiumDriver.findElement() with args: ["accessibility id","input-password","8bc46446-73b9-46f3-8673-a9e1e5431af5"]
[debug] &amp#27;[35m[BaseDriver]&amp#27;[39m Valid locator strategies for this request: xpath, id, class name, accessibility id, css selector, -android uiautomator
[debug] &amp#27;[35m[BaseDriver]&amp#27;[39m Waiting up to 30000 ms for condition
[debug] &amp#27;[35m[WD Proxy]&amp#27;[39m Matched '/element' to command name 'findElement'
[debug] &amp#27;[35m[WD Proxy]&amp#27;[39m Proxying [POST /element] to [POST http://127.0.0.1:8204/wd/hub/session/1ba6c3f2-83d8-4411-bd70-b85c0b3a5be5/element] with body: {"strategy":"accessibility id","selector":"input-password","context":"","multiple":false}
[debug] &amp#27;[35m[WD Proxy]&amp#27;[39m Got response with status 200: {"sessionId":"1ba6c3f2-83d8-4411-bd70-b85c0b3a5be5","value":{"ELEMENT":"00000000-0000-0136-7fff-ffff0000003e","element-6066-11e4-a52e-4f735466cecf":"00000000-0000-0136-7fff-ffff0000003e"}}
[debug] &amp#27;[35m[W3C (8bc46446)]&amp#27;[39m Responding to client with driver.findElement() result: {"element-6066-11e4-a52e-4f735466cecf":"00000000-0000-0136-7fff-ffff0000003e","ELEMENT":"00000000-0000-0136-7fff-ffff0000003e"}
&amp#27;[35m[HTTP]&amp#27;[39m &amp#27;[37m<-- POST /wd/hub/session/8bc46446-73b9-46f3-8673-a9e1e5431af5/element &amp#27;[39m&amp#27;[32m200&amp#27;[39m &amp#27;[90m716 ms - 137&amp#27;[39m
&amp#27;[35m[HTTP]&amp#27;[39m &amp#27;[90m&amp#27;[39m
&amp#27;[35m[HTTP]&amp#27;[39m &amp#27;[37m-->&amp#27;[39m &amp#27;[37mGET&amp#27;[39m &amp#27;[37m/wd/hub/session/8bc46446-73b9-46f3-8673-a9e1e5431af5/element/00000000-0000-0136-7fff-ffff0000003e/displayed&amp#27;[39m
&amp#27;[35m[HTTP]&amp#27;[39m &amp#27;[90m{}&amp#27;[39m
[debug] &amp#27;[35m[W3C (8bc46446)]&amp#27;[39m Calling AppiumDriver.elementDisplayed() with args: ["00000000-0000-0136-7fff-ffff0000003e","8bc46446-73b9-46f3-8673-a9e1e5431af5"]
[debug] &amp#27;[35m[WD Proxy]&amp#27;[39m Matched '/element/00000000-0000-0136-7fff-ffff0000003e/attribute/displayed' to command name 'getAttribute'
[debug] &amp#27;[35m[WD Proxy]&amp#27;[39m Proxying [GET /element/00000000-0000-0136-7fff-ffff0000003e/attribute/displayed] to [GET http://127.0.0.1:8204/wd/hub/session/1ba6c3f2-83d8-4411-bd70-b85c0b3a5be5/element/00000000-0000-0136-7fff-ffff0000003e/attribute/displayed] with no body
[debug] &amp#27;[35m[WD Proxy]&amp#27;[39m Got response with status 200: {"sessionId":"1ba6c3f2-83d8-4411-bd70-b85c0b3a5be5","value":"true"}
[debug] &amp#27;[35m[W3C (8bc46446)]&amp#27;[39m Responding to client with driver.elementDisplayed() result: true
&amp#27;[35m[HTTP]&amp#27;[39m &amp#27;[37m<-- GET /wd/hub/session/8bc46446-73b9-46f3-8673-a9e1e5431af5/element/00000000-0000-0136-7fff-ffff0000003e/displayed &amp#27;[39m&amp#27;[32m200&amp#27;[39m &amp#27;[90m24 ms - 14&amp#27;[39m
&amp#27;[35m[HTTP]&amp#27;[39m &amp#27;[90m&amp#27;[39m
&amp#27;[35m[HTTP]&amp#27;[39m &amp#27;[37m-->&amp#27;[39m &amp#27;[37mGET&amp#27;[39m &amp#27;[37m/wd/hub/session/8bc46446-73b9-46f3-8673-a9e1e5431af5/context&amp#27;[39m
&amp#27;[35m[HTTP]&amp#27;[39m &amp#27;[90m{}&amp#27;[39m
[debug] &amp#27;[35m[W3C (8bc46446)]&amp#27;[39m Calling AppiumDriver.getCurrentContext() with args: ["8bc46446-73b9-46f3-8673-a9e1e5431af5"]
[debug] &amp#27;[35m[W3C (8bc46446)]&amp#27;[39m Responding to client with driver.getCurrentContext() result: "NATIVE_APP"
&amp#27;[35m[HTTP]&amp#27;[39m &amp#27;[37m<-- GET /wd/hub/session/8bc46446-73b9-46f3-8673-a9e1e5431af5/context &amp#27;[39m&amp#27;[32m200&amp#27;[39m &amp#27;[90m1 ms - 22&amp#27;[39m
&amp#27;[35m[HTTP]&amp#27;[39m &amp#27;[90m&amp#27;[39m
&amp#27;[35m[HTTP]&amp#27;[39m &amp#27;[37m-->&amp#27;[39m &amp#27;[37mPOST&amp#27;[39m &amp#27;[37m/wd/hub/session/8bc46446-73b9-46f3-8673-a9e1e5431af5/element&amp#27;[39m
&amp#27;[35m[HTTP]&amp#27;[39m &amp#27;[90m{"using":"accessibility id","value":"input-password"}&amp#27;[39m
[debug] &amp#27;[35m[W3C (8bc46446)]&amp#27;[39m Calling AppiumDriver.findElement() with args: ["accessibility id","input-password","8bc46446-73b9-46f3-8673-a9e1e5431af5"]
[debug] &amp#27;[35m[BaseDriver]&amp#27;[39m Valid locator strategies for this request: xpath, id, class name, accessibility id, css selector, -android uiautomator
[debug] &amp#27;[35m[BaseDriver]&amp#27;[39m Waiting up to 30000 ms for condition
[debug] &amp#27;[35m[WD Proxy]&amp#27;[39m Matched '/element' to command name 'findElement'
[debug] &amp#27;[35m[WD Proxy]&amp#27;[39m Proxying [POST /element] to [POST http://127.0.0.1:8204/wd/hub/session/1ba6c3f2-83d8-4411-bd70-b85c0b3a5be5/element] with body: {"strategy":"accessibility id","selector":"input-password","context":"","multiple":false}
[debug] &amp#27;[35m[WD Proxy]&amp#27;[39m Got response with status 200: {"sessionId":"1ba6c3f2-83d8-4411-bd70-b85c0b3a5be5","value":{"ELEMENT":"00000000-0000-0136-7fff-ffff0000003e","element-6066-11e4-a52e-4f735466cecf":"00000000-0000-0136-7fff-ffff0000003e"}}
[debug] &amp#27;[35m[W3C (8bc46446)]&amp#27;[39m Responding to client with driver.findElement() result: {"element-6066-11e4-a52e-4f735466cecf":"00000000-0000-0136-7fff-ffff0000003e","ELEMENT":"00000000-0000-0136-7fff-ffff0000003e"}
&amp#27;[35m[HTTP]&amp#27;[39m &amp#27;[37m<-- POST /wd/hub/session/8bc46446-73b9-46f3-8673-a9e1e5431af5/element &amp#27;[39m&amp#27;[32m200&amp#27;[39m &amp#27;[90m66 ms - 137&amp#27;[39m
&amp#27;[35m[HTTP]&amp#27;[39m &amp#27;[90m&amp#27;[39m
&amp#27;[35m[HTTP]&amp#27;[39m &amp#27;[37m-->&amp#27;[39m &amp#27;[37mPOST&amp#27;[39m &amp#27;[37m/wd/hub/session/8bc46446-73b9-46f3-8673-a9e1e5431af5/element/00000000-0000-0136-7fff-ffff0000003e/clear&amp#27;[39m
&amp#27;[35m[HTTP]&amp#27;[39m &amp#27;[90m{"id":"00000000-0000-0136-7fff-ffff0000003e"}&amp#27;[39m
[debug] &amp#27;[35m[W3C (8bc46446)]&amp#27;[39m Calling AppiumDriver.clear() with args: ["00000000-0000-0136-7fff-ffff0000003e","8bc46446-73b9-46f3-8673-a9e1e5431af5"]
[debug] &amp#27;[35m[WD Proxy]&amp#27;[39m Matched '/element/00000000-0000-0136-7fff-ffff0000003e/clear' to command name 'clear'
[debug] &amp#27;[35m[WD Proxy]&amp#27;[39m Proxying [POST /element/00000000-0000-0136-7fff-ffff0000003e/clear] to [POST http://127.0.0.1:8204/wd/hub/session/1ba6c3f2-83d8-4411-bd70-b85c0b3a5be5/element/00000000-0000-0136-7fff-ffff0000003e/clear] with body: {"elementId":"00000000-0000-0136-7fff-ffff0000003e"}
[debug] &amp#27;[35m[WD Proxy]&amp#27;[39m Got response with status 200: {"sessionId":"1ba6c3f2-83d8-4411-bd70-b85c0b3a5be5","value":null}
[debug] &amp#27;[35m[W3C (8bc46446)]&amp#27;[39m Responding to client with driver.clear() result: null
&amp#27;[35m[HTTP]&amp#27;[39m &amp#27;[37m<-- POST /wd/hub/session/8bc46446-73b9-46f3-8673-a9e1e5431af5/element/00000000-0000-0136-7fff-ffff0000003e/clear &amp#27;[39m&amp#27;[32m200&amp#27;[39m &amp#27;[90m37 ms - 14&amp#27;[39m
&amp#27;[35m[HTTP]&amp#27;[39m &amp#27;[90m&amp#27;[39m
&amp#27;[35m[HTTP]&amp#27;[39m &amp#27;[37m-->&amp#27;[39m &amp#27;[37mGET&amp#27;[39m &amp#27;[37m/wd/hub/session/8bc46446-73b9-46f3-8673-a9e1e5431af5/context&amp#27;[39m
&amp#27;[35m[HTTP]&amp#27;[39m &amp#27;[90m{}&amp#27;[39m
[debug] &amp#27;[35m[W3C (8bc46446)]&amp#27;[39m Calling AppiumDriver.getCurrentContext() with args: ["8bc46446-73b9-46f3-8673-a9e1e5431af5"]
[debug] &amp#27;[35m[W3C (8bc46446)]&amp#27;[39m Responding to client with driver.getCurrentContext() result: "NATIVE_APP"
&amp#27;[35m[HTTP]&amp#27;[39m &amp#27;[37m<-- GET /wd/hub/session/8bc46446-73b9-46f3-8673-a9e1e5431af5/context &amp#27;[39m&amp#27;[32m200&amp#27;[39m &amp#27;[90m1 ms - 22&amp#27;[39m
&amp#27;[35m[HTTP]&amp#27;[39m &amp#27;[90m&amp#27;[39m
&amp#27;[35m[HTTP]&amp#27;[39m &amp#27;[37m-->&amp#27;[39m &amp#27;[37mPOST&amp#27;[39m &amp#27;[37m/wd/hub/session/8bc46446-73b9-46f3-8673-a9e1e5431af5/element&amp#27;[39m
&amp#27;[35m[HTTP]&amp#27;[39m &amp#27;[90m{"using":"accessibility id","value":"input-password"}&amp#27;[39m
[debug] &amp#27;[35m[W3C (8bc46446)]&amp#27;[39m Calling AppiumDriver.findElement() with args: ["accessibility id","input-password","8bc46446-73b9-46f3-8673-a9e1e5431af5"]
[debug] &amp#27;[35m[BaseDriver]&amp#27;[39m Valid locator strategies for this request: xpath, id, class name, accessibility id, css selector, -android uiautomator
[debug] &amp#27;[35m[BaseDriver]&amp#27;[39m Waiting up to 30000 ms for condition
[debug] &amp#27;[35m[WD Proxy]&amp#27;[39m Matched '/element' to command name 'findElement'
[debug] &amp#27;[35m[WD Proxy]&amp#27;[39m Proxying [POST /element] to [POST http://127.0.0.1:8204/wd/hub/session/1ba6c3f2-83d8-4411-bd70-b85c0b3a5be5/element] with body: {"strategy":"accessibility id","selector":"input-password","context":"","multiple":false}
[debug] &amp#27;[35m[WD Proxy]&amp#27;[39m Got response with status 200: {"sessionId":"1ba6c3f2-83d8-4411-bd70-b85c0b3a5be5","value":{"ELEMENT":"00000000-0000-0136-7fff-ffff0000003e","element-6066-11e4-a52e-4f735466cecf":"00000000-0000-0136-7fff-ffff0000003e"}}
[debug] &amp#27;[35m[W3C (8bc46446)]&amp#27;[39m Responding to client with driver.findElement() result: {"element-6066-11e4-a52e-4f735466cecf":"00000000-0000-0136-7fff-ffff0000003e","ELEMENT":"00000000-0000-0136-7fff-ffff0000003e"}
&amp#27;[35m[HTTP]&amp#27;[39m &amp#27;[37m<-- POST /wd/hub/session/8bc46446-73b9-46f3-8673-a9e1e5431af5/element &amp#27;[39m&amp#27;[32m200&amp#27;[39m &amp#27;[90m724 ms - 137&amp#27;[39m
&amp#27;[35m[HTTP]&amp#27;[39m &amp#27;[90m&amp#27;[39m
&amp#27;[35m[HTTP]&amp#27;[39m &amp#27;[37m-->&amp#27;[39m &amp#27;[37mGET&amp#27;[39m &amp#27;[37m/wd/hub/session/8bc46446-73b9-46f3-8673-a9e1e5431af5/element/00000000-0000-0136-7fff-ffff0000003e/displayed&amp#27;[39m
&amp#27;[35m[HTTP]&amp#27;[39m &amp#27;[90m{}&amp#27;[39m
[debug] &amp#27;[35m[W3C (8bc46446)]&amp#27;[39m Calling AppiumDriver.elementDisplayed() with args: ["00000000-0000-0136-7fff-ffff0000003e","8bc46446-73b9-46f3-8673-a9e1e5431af5"]
[debug] &amp#27;[35m[WD Proxy]&amp#27;[39m Matched '/element/00000000-0000-0136-7fff-ffff0000003e/attribute/displayed' to command name 'getAttribute'
[debug] &amp#27;[35m[WD Proxy]&amp#27;[39m Proxying [GET /element/00000000-0000-0136-7fff-ffff0000003e/attribute/displayed] to [GET http://127.0.0.1:8204/wd/hub/session/1ba6c3f2-83d8-4411-bd70-b85c0b3a5be5/element/00000000-0000-0136-7fff-ffff0000003e/attribute/displayed] with no body
[debug] &amp#27;[35m[WD Proxy]&amp#27;[39m Got response with status 200: {"sessionId":"1ba6c3f2-83d8-4411-bd70-b85c0b3a5be5","value":"true"}
[debug] &amp#27;[35m[W3C (8bc46446)]&amp#27;[39m Responding to client with driver.elementDisplayed() result: true
&amp#27;[35m[HTTP]&amp#27;[39m &amp#27;[37m<-- GET /wd/hub/session/8bc46446-73b9-46f3-8673-a9e1e5431af5/element/00000000-0000-0136-7fff-ffff0000003e/displayed &amp#27;[39m&amp#27;[32m200&amp#27;[39m &amp#27;[90m18 ms - 14&amp#27;[39m
&amp#27;[35m[HTTP]&amp#27;[39m &amp#27;[90m&amp#27;[39m
&amp#27;[35m[HTTP]&amp#27;[39m &amp#27;[37m-->&amp#27;[39m &amp#27;[37mGET&amp#27;[39m &amp#27;[37m/wd/hub/session/8bc46446-73b9-46f3-8673-a9e1e5431af5/context&amp#27;[39m
&amp#27;[35m[HTTP]&amp#27;[39m &amp#27;[90m{}&amp#27;[39m
[debug] &amp#27;[35m[W3C (8bc46446)]&amp#27;[39m Calling AppiumDriver.getCurrentContext() with args: ["8bc46446-73b9-46f3-8673-a9e1e5431af5"]
[debug] &amp#27;[35m[W3C (8bc46446)]&amp#27;[39m Responding to client with driver.getCurrentContext() result: "NATIVE_APP"
&amp#27;[35m[HTTP]&amp#27;[39m &amp#27;[37m<-- GET /wd/hub/session/8bc46446-73b9-46f3-8673-a9e1e5431af5/context &amp#27;[39m&amp#27;[32m200&amp#27;[39m &amp#27;[90m1 ms - 22&amp#27;[39m
&amp#27;[35m[HTTP]&amp#27;[39m &amp#27;[90m&amp#27;[39m
&amp#27;[35m[HTTP]&amp#27;[39m &amp#27;[37m-->&amp#27;[39m &amp#27;[37mPOST&amp#27;[39m &amp#27;[37m/wd/hub/session/8bc46446-73b9-46f3-8673-a9e1e5431af5/element&amp#27;[39m
&amp#27;[35m[HTTP]&amp#27;[39m &amp#27;[90m{"using":"accessibility id","value":"input-password"}&amp#27;[39m
[debug] &amp#27;[35m[W3C (8bc46446)]&amp#27;[39m Calling AppiumDriver.findElement() with args: ["accessibility id","input-password","8bc46446-73b9-46f3-8673-a9e1e5431af5"]
[debug] &amp#27;[35m[BaseDriver]&amp#27;[39m Valid locator strategies for this request: xpath, id, class name, accessibility id, css selector, -android uiautomator
[debug] &amp#27;[35m[BaseDriver]&amp#27;[39m Waiting up to 30000 ms for condition
[debug] &amp#27;[35m[WD Proxy]&amp#27;[39m Matched '/element' to command name 'findElement'
[debug] &amp#27;[35m[WD Proxy]&amp#27;[39m Proxying [POST /element] to [POST http://127.0.0.1:8204/wd/hub/session/1ba6c3f2-83d8-4411-bd70-b85c0b3a5be5/element] with body: {"strategy":"accessibility id","selector":"input-password","context":"","multiple":false}
[debug] &amp#27;[35m[WD Proxy]&amp#27;[39m Got response with status 200: {"sessionId":"1ba6c3f2-83d8-4411-bd70-b85c0b3a5be5","value":{"ELEMENT":"00000000-0000-0136-7fff-ffff0000003e","element-6066-11e4-a52e-4f735466cecf":"00000000-0000-0136-7fff-ffff0000003e"}}
[debug] &amp#27;[35m[W3C (8bc46446)]&amp#27;[39m Responding to client with driver.findElement() result: {"element-6066-11e4-a52e-4f735466cecf":"00000000-0000-0136-7fff-ffff0000003e","ELEMENT":"00000000-0000-0136-7fff-ffff0000003e"}
&amp#27;[35m[HTTP]&amp#27;[39m &amp#27;[37m<-- POST /wd/hub/session/8bc46446-73b9-46f3-8673-a9e1e5431af5/element &amp#27;[39m&amp#27;[32m200&amp#27;[39m &amp#27;[90m49 ms - 137&amp#27;[39m
&amp#27;[35m[HTTP]&amp#27;[39m &amp#27;[90m&amp#27;[39m
&amp#27;[35m[HTTP]&amp#27;[39m &amp#27;[37m-->&amp#27;[39m &amp#27;[37mPOST&amp#27;[39m &amp#27;[37m/wd/hub/session/8bc46446-73b9-46f3-8673-a9e1e5431af5/element/00000000-0000-0136-7fff-ffff0000003e/value&amp#27;[39m
&amp#27;[35m[HTTP]&amp#27;[39m &amp#27;[90m{"id":"00000000-0000-0136-7fff-ffff0000003e","text":"1234","value":["1","2","3","4"]}&amp#27;[39m
[debug] &amp#27;[35m[W3C (8bc46446)]&amp#27;[39m Calling AppiumDriver.setValue() with args: [["1","2","3","4"],"00000000-0000-0136-7fff-ffff0000003e","8bc46446-73b9-46f3-8673-a9e1e5431af5"]
[debug] &amp#27;[35m[WD Proxy]&amp#27;[39m Matched '/element/00000000-0000-0136-7fff-ffff0000003e/value' to command name 'setValue'
[debug] &amp#27;[35m[Protocol Converter]&amp#27;[39m Added 'value' property ["1","2","3","4"] to 'setValue' request body
[debug] &amp#27;[35m[WD Proxy]&amp#27;[39m Proxying [POST /element/00000000-0000-0136-7fff-ffff0000003e/value] to [POST http://127.0.0.1:8204/wd/hub/session/1ba6c3f2-83d8-4411-bd70-b85c0b3a5be5/element/00000000-0000-0136-7fff-ffff0000003e/value] with body: {"elementId":"00000000-0000-0136-7fff-ffff0000003e","text":"1234","replace":false,"value":["1","2","3","4"]}
[debug] &amp#27;[35m[WD Proxy]&amp#27;[39m Got response with status 200: {"sessionId":"1ba6c3f2-83d8-4411-bd70-b85c0b3a5be5","value":null}
[debug] &amp#27;[35m[W3C (8bc46446)]&amp#27;[39m Responding to client with driver.setValue() result: null
&amp#27;[35m[HTTP]&amp#27;[39m &amp#27;[37m<-- POST /wd/hub/session/8bc46446-73b9-46f3-8673-a9e1e5431af5/element/00000000-0000-0136-7fff-ffff0000003e/value &amp#27;[39m&amp#27;[32m200&amp#27;[39m &amp#27;[90m584 ms - 14&amp#27;[39m
&amp#27;[35m[HTTP]&amp#27;[39m &amp#27;[90m&amp#27;[39m
&amp#27;[35m[HTTP]&amp#27;[39m &amp#27;[37m-->&amp#27;[39m &amp#27;[37mGET&amp#27;[39m &amp#27;[37m/wd/hub/session/8bc46446-73b9-46f3-8673-a9e1e5431af5/context&amp#27;[39m
&amp#27;[35m[HTTP]&amp#27;[39m &amp#27;[90m{}&amp#27;[39m
[debug] &amp#27;[35m[W3C (8bc46446)]&amp#27;[39m Calling AppiumDriver.getCurrentContext() with args: ["8bc46446-73b9-46f3-8673-a9e1e5431af5"]
[debug] &amp#27;[35m[W3C (8bc46446)]&amp#27;[39m Responding to client with driver.getCurrentContext() result: "NATIVE_APP"
&amp#27;[35m[HTTP]&amp#27;[39m &amp#27;[37m<-- GET /wd/hub/session/8bc46446-73b9-46f3-8673-a9e1e5431af5/context &amp#27;[39m&amp#27;[32m200&amp#27;[39m &amp#27;[90m1 ms - 22&amp#27;[39m
&amp#27;[35m[HTTP]&amp#27;[39m &amp#27;[90m&amp#27;[39m
&amp#27;[35m[HTTP]&amp#27;[39m &amp#27;[37m-->&amp#27;[39m &amp#27;[37mPOST&amp#27;[39m &amp#27;[37m/wd/hub/session/8bc46446-73b9-46f3-8673-a9e1e5431af5/element&amp#27;[39m
&amp#27;[35m[HTTP]&amp#27;[39m &amp#27;[90m{"using":"accessibility id","value":"input-repeat-password"}&amp#27;[39m
[debug] &amp#27;[35m[W3C (8bc46446)]&amp#27;[39m Calling AppiumDriver.findElement() with args: ["accessibility id","input-repeat-password","8bc46446-73b9-46f3-8673-a9e1e5431af5"]
[debug] &amp#27;[35m[BaseDriver]&amp#27;[39m Valid locator strategies for this request: xpath, id, class name, accessibility id, css selector, -android uiautomator
[debug] &amp#27;[35m[BaseDriver]&amp#27;[39m Waiting up to 30000 ms for condition
[debug] &amp#27;[35m[WD Proxy]&amp#27;[39m Matched '/element' to command name 'findElement'
[debug] &amp#27;[35m[WD Proxy]&amp#27;[39m Proxying [POST /element] to [POST http://127.0.0.1:8204/wd/hub/session/1ba6c3f2-83d8-4411-bd70-b85c0b3a5be5/element] with body: {"strategy":"accessibility id","selector":"input-repeat-password","context":"","multiple":false}
[debug] &amp#27;[35m[WD Proxy]&amp#27;[39m Got response with status 200: {"sessionId":"1ba6c3f2-83d8-4411-bd70-b85c0b3a5be5","value":{"ELEMENT":"00000000-0000-0136-7fff-ffff00000087","element-6066-11e4-a52e-4f735466cecf":"00000000-0000-0136-7fff-ffff00000087"}}
[debug] &amp#27;[35m[W3C (8bc46446)]&amp#27;[39m Responding to client with driver.findElement() result: {"element-6066-11e4-a52e-4f735466cecf":"00000000-0000-0136-7fff-ffff00000087","ELEMENT":"00000000-0000-0136-7fff-ffff00000087"}
&amp#27;[35m[HTTP]&amp#27;[39m &amp#27;[37m<-- POST /wd/hub/session/8bc46446-73b9-46f3-8673-a9e1e5431af5/element &amp#27;[39m&amp#27;[32m200&amp#27;[39m &amp#27;[90m738 ms - 137&amp#27;[39m
&amp#27;[35m[HTTP]&amp#27;[39m &amp#27;[90m&amp#27;[39m
&amp#27;[35m[HTTP]&amp#27;[39m &amp#27;[37m-->&amp#27;[39m &amp#27;[37mGET&amp#27;[39m &amp#27;[37m/wd/hub/session/8bc46446-73b9-46f3-8673-a9e1e5431af5/element/00000000-0000-0136-7fff-ffff00000087/displayed&amp#27;[39m
&amp#27;[35m[HTTP]&amp#27;[39m &amp#27;[90m{}&amp#27;[39m
[debug] &amp#27;[35m[W3C (8bc46446)]&amp#27;[39m Calling AppiumDriver.elementDisplayed() with args: ["00000000-0000-0136-7fff-ffff00000087","8bc46446-73b9-46f3-8673-a9e1e5431af5"]
[debug] &amp#27;[35m[WD Proxy]&amp#27;[39m Matched '/element/00000000-0000-0136-7fff-ffff00000087/attribute/displayed' to command name 'getAttribute'
[debug] &amp#27;[35m[WD Proxy]&amp#27;[39m Proxying [GET /element/00000000-0000-0136-7fff-ffff00000087/attribute/displayed] to [GET http://127.0.0.1:8204/wd/hub/session/1ba6c3f2-83d8-4411-bd70-b85c0b3a5be5/element/00000000-0000-0136-7fff-ffff00000087/attribute/displayed] with no body
[debug] &amp#27;[35m[WD Proxy]&amp#27;[39m Got response with status 200: {"sessionId":"1ba6c3f2-83d8-4411-bd70-b85c0b3a5be5","value":"true"}
[debug] &amp#27;[35m[W3C (8bc46446)]&amp#27;[39m Responding to client with driver.elementDisplayed() result: true
&amp#27;[35m[HTTP]&amp#27;[39m &amp#27;[37m<-- GET /wd/hub/session/8bc46446-73b9-46f3-8673-a9e1e5431af5/element/00000000-0000-0136-7fff-ffff00000087/displayed &amp#27;[39m&amp#27;[32m200&amp#27;[39m &amp#27;[90m32 ms - 14&amp#27;[39m
&amp#27;[35m[HTTP]&amp#27;[39m &amp#27;[90m&amp#27;[39m
&amp#27;[35m[HTTP]&amp#27;[39m &amp#27;[37m-->&amp#27;[39m &amp#27;[37mGET&amp#27;[39m &amp#27;[37m/wd/hub/session/8bc46446-73b9-46f3-8673-a9e1e5431af5/context&amp#27;[39m
&amp#27;[35m[HTTP]&amp#27;[39m &amp#27;[90m{}&amp#27;[39m
[debug] &amp#27;[35m[W3C (8bc46446)]&amp#27;[39m Calling AppiumDriver.getCurrentContext() with args: ["8bc46446-73b9-46f3-8673-a9e1e5431af5"]
[debug] &amp#27;[35m[W3C (8bc46446)]&amp#27;[39m Responding to client with driver.getCurrentContext() result: "NATIVE_APP"
&amp#27;[35m[HTTP]&amp#27;[39m &amp#27;[37m<-- GET /wd/hub/session/8bc46446-73b9-46f3-8673-a9e1e5431af5/context &amp#27;[39m&amp#27;[32m200&amp#27;[39m &amp#27;[90m1 ms - 22&amp#27;[39m
&amp#27;[35m[HTTP]&amp#27;[39m &amp#27;[90m&amp#27;[39m
&amp#27;[35m[HTTP]&amp#27;[39m &amp#27;[37m-->&amp#27;[39m &amp#27;[37mPOST&amp#27;[39m &amp#27;[37m/wd/hub/session/8bc46446-73b9-46f3-8673-a9e1e5431af5/element&amp#27;[39m
&amp#27;[35m[HTTP]&amp#27;[39m &amp#27;[90m{"using":"accessibility id","value":"input-repeat-password"}&amp#27;[39m
[debug] &amp#27;[35m[W3C (8bc46446)]&amp#27;[39m Calling AppiumDriver.findElement() with args: ["accessibility id","input-repeat-password","8bc46446-73b9-46f3-8673-a9e1e5431af5"]
[debug] &amp#27;[35m[BaseDriver]&amp#27;[39m Valid locator strategies for this request: xpath, id, class name, accessibility id, css selector, -android uiautomator
[debug] &amp#27;[35m[BaseDriver]&amp#27;[39m Waiting up to 30000 ms for condition
[debug] &amp#27;[35m[WD Proxy]&amp#27;[39m Matched '/element' to command name 'findElement'
[debug] &amp#27;[35m[WD Proxy]&amp#27;[39m Proxying [POST /element] to [POST http://127.0.0.1:8204/wd/hub/session/1ba6c3f2-83d8-4411-bd70-b85c0b3a5be5/element] with body: {"strategy":"accessibility id","selector":"input-repeat-password","context":"","multiple":false}
[debug] &amp#27;[35m[WD Proxy]&amp#27;[39m Got response with status 200: {"sessionId":"1ba6c3f2-83d8-4411-bd70-b85c0b3a5be5","value":{"ELEMENT":"00000000-0000-0136-7fff-ffff00000087","element-6066-11e4-a52e-4f735466cecf":"00000000-0000-0136-7fff-ffff00000087"}}
[debug] &amp#27;[35m[W3C (8bc46446)]&amp#27;[39m Responding to client with driver.findElement() result: {"element-6066-11e4-a52e-4f735466cecf":"00000000-0000-0136-7fff-ffff00000087","ELEMENT":"00000000-0000-0136-7fff-ffff00000087"}
&amp#27;[35m[HTTP]&amp#27;[39m &amp#27;[37m<-- POST /wd/hub/session/8bc46446-73b9-46f3-8673-a9e1e5431af5/element &amp#27;[39m&amp#27;[32m200&amp#27;[39m &amp#27;[90m56 ms - 137&amp#27;[39m
&amp#27;[35m[HTTP]&amp#27;[39m &amp#27;[90m&amp#27;[39m
&amp#27;[35m[HTTP]&amp#27;[39m &amp#27;[37m-->&amp#27;[39m &amp#27;[37mPOST&amp#27;[39m &amp#27;[37m/wd/hub/session/8bc46446-73b9-46f3-8673-a9e1e5431af5/element/00000000-0000-0136-7fff-ffff00000087/clear&amp#27;[39m
&amp#27;[35m[HTTP]&amp#27;[39m &amp#27;[90m{"id":"00000000-0000-0136-7fff-ffff00000087"}&amp#27;[39m
[debug] &amp#27;[35m[W3C (8bc46446)]&amp#27;[39m Calling AppiumDriver.clear() with args: ["00000000-0000-0136-7fff-ffff00000087","8bc46446-73b9-46f3-8673-a9e1e5431af5"]
[debug] &amp#27;[35m[WD Proxy]&amp#27;[39m Matched '/element/00000000-0000-0136-7fff-ffff00000087/clear' to command name 'clear'
[debug] &amp#27;[35m[WD Proxy]&amp#27;[39m Proxying [POST /element/00000000-0000-0136-7fff-ffff00000087/clear] to [POST http://127.0.0.1:8204/wd/hub/session/1ba6c3f2-83d8-4411-bd70-b85c0b3a5be5/element/00000000-0000-0136-7fff-ffff00000087/clear] with body: {"elementId":"00000000-0000-0136-7fff-ffff00000087"}
[debug] &amp#27;[35m[WD Proxy]&amp#27;[39m Got response with status 200: {"sessionId":"1ba6c3f2-83d8-4411-bd70-b85c0b3a5be5","value":null}
[debug] &amp#27;[35m[W3C (8bc46446)]&amp#27;[39m Responding to client with driver.clear() result: null
&amp#27;[35m[HTTP]&amp#27;[39m &amp#27;[37m<-- POST /wd/hub/session/8bc46446-73b9-46f3-8673-a9e1e5431af5/element/00000000-0000-0136-7fff-ffff00000087/clear &amp#27;[39m&amp#27;[32m200&amp#27;[39m &amp#27;[90m26 ms - 14&amp#27;[39m
&amp#27;[35m[HTTP]&amp#27;[39m &amp#27;[90m&amp#27;[39m
&amp#27;[35m[HTTP]&amp#27;[39m &amp#27;[37m-->&amp#27;[39m &amp#27;[37mGET&amp#27;[39m &amp#27;[37m/wd/hub/session/8bc46446-73b9-46f3-8673-a9e1e5431af5/context&amp#27;[39m
&amp#27;[35m[HTTP]&amp#27;[39m &amp#27;[90m{}&amp#27;[39m
[debug] &amp#27;[35m[W3C (8bc46446)]&amp#27;[39m Calling AppiumDriver.getCurrentContext() with args: ["8bc46446-73b9-46f3-8673-a9e1e5431af5"]
[debug] &amp#27;[35m[W3C (8bc46446)]&amp#27;[39m Responding to client with driver.getCurrentContext() result: "NATIVE_APP"
&amp#27;[35m[HTTP]&amp#27;[39m &amp#27;[37m<-- GET /wd/hub/session/8bc46446-73b9-46f3-8673-a9e1e5431af5/context &amp#27;[39m&amp#27;[32m200&amp#27;[39m &amp#27;[90m1 ms - 22&amp#27;[39m
&amp#27;[35m[HTTP]&amp#27;[39m &amp#27;[90m&amp#27;[39m
&amp#27;[35m[HTTP]&amp#27;[39m &amp#27;[37m-->&amp#27;[39m &amp#27;[37mPOST&amp#27;[39m &amp#27;[37m/wd/hub/session/8bc46446-73b9-46f3-8673-a9e1e5431af5/element&amp#27;[39m
&amp#27;[35m[HTTP]&amp#27;[39m &amp#27;[90m{"using":"accessibility id","value":"input-repeat-password"}&amp#27;[39m
[debug] &amp#27;[35m[W3C (8bc46446)]&amp#27;[39m Calling AppiumDriver.findElement() with args: ["accessibility id","input-repeat-password","8bc46446-73b9-46f3-8673-a9e1e5431af5"]
[debug] &amp#27;[35m[BaseDriver]&amp#27;[39m Valid locator strategies for this request: xpath, id, class name, accessibility id, css selector, -android uiautomator
[debug] &amp#27;[35m[BaseDriver]&amp#27;[39m Waiting up to 30000 ms for condition
[debug] &amp#27;[35m[WD Proxy]&amp#27;[39m Matched '/element' to command name 'findElement'
[debug] &amp#27;[35m[WD Proxy]&amp#27;[39m Proxying [POST /element] to [POST http://127.0.0.1:8204/wd/hub/session/1ba6c3f2-83d8-4411-bd70-b85c0b3a5be5/element] with body: {"strategy":"accessibility id","selector":"input-repeat-password","context":"","multiple":false}
[debug] &amp#27;[35m[WD Proxy]&amp#27;[39m Got response with status 200: {"sessionId":"1ba6c3f2-83d8-4411-bd70-b85c0b3a5be5","value":{"ELEMENT":"00000000-0000-0136-7fff-ffff00000087","element-6066-11e4-a52e-4f735466cecf":"00000000-0000-0136-7fff-ffff00000087"}}
[debug] &amp#27;[35m[W3C (8bc46446)]&amp#27;[39m Responding to client with driver.findElement() result: {"element-6066-11e4-a52e-4f735466cecf":"00000000-0000-0136-7fff-ffff00000087","ELEMENT":"00000000-0000-0136-7fff-ffff00000087"}
&amp#27;[35m[HTTP]&amp#27;[39m &amp#27;[37m<-- POST /wd/hub/session/8bc46446-73b9-46f3-8673-a9e1e5431af5/element &amp#27;[39m&amp#27;[32m200&amp#27;[39m &amp#27;[90m534 ms - 137&amp#27;[39m
&amp#27;[35m[HTTP]&amp#27;[39m &amp#27;[90m&amp#27;[39m
&amp#27;[35m[HTTP]&amp#27;[39m &amp#27;[37m-->&amp#27;[39m &amp#27;[37mGET&amp#27;[39m &amp#27;[37m/wd/hub/session/8bc46446-73b9-46f3-8673-a9e1e5431af5/element/00000000-0000-0136-7fff-ffff00000087/displayed&amp#27;[39m
&amp#27;[35m[HTTP]&amp#27;[39m &amp#27;[90m{}&amp#27;[39m
[debug] &amp#27;[35m[W3C (8bc46446)]&amp#27;[39m Calling AppiumDriver.elementDisplayed() with args: ["00000000-0000-0136-7fff-ffff00000087","8bc46446-73b9-46f3-8673-a9e1e5431af5"]
[debug] &amp#27;[35m[WD Proxy]&amp#27;[39m Matched '/element/00000000-0000-0136-7fff-ffff00000087/attribute/displayed' to command name 'getAttribute'
[debug] &amp#27;[35m[WD Proxy]&amp#27;[39m Proxying [GET /element/00000000-0000-0136-7fff-ffff00000087/attribute/displayed] to [GET http://127.0.0.1:8204/wd/hub/session/1ba6c3f2-83d8-4411-bd70-b85c0b3a5be5/element/00000000-0000-0136-7fff-ffff00000087/attribute/displayed] with no body
[debug] &amp#27;[35m[WD Proxy]&amp#27;[39m Got response with status 200: {"sessionId":"1ba6c3f2-83d8-4411-bd70-b85c0b3a5be5","value":"true"}
[debug] &amp#27;[35m[W3C (8bc46446)]&amp#27;[39m Responding to client with driver.elementDisplayed() result: true
&amp#27;[35m[HTTP]&amp#27;[39m &amp#27;[37m<-- GET /wd/hub/session/8bc46446-73b9-46f3-8673-a9e1e5431af5/element/00000000-0000-0136-7fff-ffff00000087/displayed &amp#27;[39m&amp#27;[32m200&amp#27;[39m &amp#27;[90m22 ms - 14&amp#27;[39m
&amp#27;[35m[HTTP]&amp#27;[39m &amp#27;[90m&amp#27;[39m
&amp#27;[35m[HTTP]&amp#27;[39m &amp#27;[37m-->&amp#27;[39m &amp#27;[37mGET&amp#27;[39m &amp#27;[37m/wd/hub/session/8bc46446-73b9-46f3-8673-a9e1e5431af5/context&amp#27;[39m
&amp#27;[35m[HTTP]&amp#27;[39m &amp#27;[90m{}&amp#27;[39m
[debug] &amp#27;[35m[W3C (8bc46446)]&amp#27;[39m Calling AppiumDriver.getCurrentContext() with args: ["8bc46446-73b9-46f3-8673-a9e1e5431af5"]
[debug] &amp#27;[35m[W3C (8bc46446)]&amp#27;[39m Responding to client with driver.getCurrentContext() result: "NATIVE_APP"
&amp#27;[35m[HTTP]&amp#27;[39m &amp#27;[37m<-- GET /wd/hub/session/8bc46446-73b9-46f3-8673-a9e1e5431af5/context &amp#27;[39m&amp#27;[32m200&amp#27;[39m &amp#27;[90m1 ms - 22&amp#27;[39m
&amp#27;[35m[HTTP]&amp#27;[39m &amp#27;[90m&amp#27;[39m
&amp#27;[35m[HTTP]&amp#27;[39m &amp#27;[37m-->&amp#27;[39m &amp#27;[37mPOST&amp#27;[39m &amp#27;[37m/wd/hub/session/8bc46446-73b9-46f3-8673-a9e1e5431af5/element&amp#27;[39m
&amp#27;[35m[HTTP]&amp#27;[39m &amp#27;[90m{"using":"accessibility id","value":"input-repeat-password"}&amp#27;[39m
[debug] &amp#27;[35m[W3C (8bc46446)]&amp#27;[39m Calling AppiumDriver.findElement() with args: ["accessibility id","input-repeat-password","8bc46446-73b9-46f3-8673-a9e1e5431af5"]
[debug] &amp#27;[35m[BaseDriver]&amp#27;[39m Valid locator strategies for this request: xpath, id, class name, accessibility id, css selector, -android uiautomator
[debug] &amp#27;[35m[BaseDriver]&amp#27;[39m Waiting up to 30000 ms for condition
[debug] &amp#27;[35m[WD Proxy]&amp#27;[39m Matched '/element' to command name 'findElement'
[debug] &amp#27;[35m[WD Proxy]&amp#27;[39m Proxying [POST /element] to [POST http://127.0.0.1:8204/wd/hub/session/1ba6c3f2-83d8-4411-bd70-b85c0b3a5be5/element] with body: {"strategy":"accessibility id","selector":"input-repeat-password","context":"","multiple":false}
[debug] &amp#27;[35m[WD Proxy]&amp#27;[39m Got response with status 200: {"sessionId":"1ba6c3f2-83d8-4411-bd70-b85c0b3a5be5","value":{"ELEMENT":"00000000-0000-0136-7fff-ffff00000087","element-6066-11e4-a52e-4f735466cecf":"00000000-0000-0136-7fff-ffff00000087"}}
[debug] &amp#27;[35m[W3C (8bc46446)]&amp#27;[39m Responding to client with driver.findElement() result: {"element-6066-11e4-a52e-4f735466cecf":"00000000-0000-0136-7fff-ffff00000087","ELEMENT":"00000000-0000-0136-7fff-ffff00000087"}
&amp#27;[35m[HTTP]&amp#27;[39m &amp#27;[37m<-- POST /wd/hub/session/8bc46446-73b9-46f3-8673-a9e1e5431af5/element &amp#27;[39m&amp#27;[32m200&amp#27;[39m &amp#27;[90m53 ms - 137&amp#27;[39m
&amp#27;[35m[HTTP]&amp#27;[39m &amp#27;[90m&amp#27;[39m
&amp#27;[35m[HTTP]&amp#27;[39m &amp#27;[37m-->&amp#27;[39m &amp#27;[37mPOST&amp#27;[39m &amp#27;[37m/wd/hub/session/8bc46446-73b9-46f3-8673-a9e1e5431af5/element/00000000-0000-0136-7fff-ffff00000087/value&amp#27;[39m
&amp#27;[35m[HTTP]&amp#27;[39m &amp#27;[90m{"id":"00000000-0000-0136-7fff-ffff00000087","text":"123422","value":["1","2","3","4","2","2"]}&amp#27;[39m
[debug] &amp#27;[35m[W3C (8bc46446)]&amp#27;[39m Calling AppiumDriver.setValue() with args: [["1","2","3","4","2","2"],"00000000-0000-0136-7fff-ffff00000087","8bc46446-73b9-46f3-8673-a9e1e5431af5"]
[debug] &amp#27;[35m[WD Proxy]&amp#27;[39m Matched '/element/00000000-0000-0136-7fff-ffff00000087/value' to command name 'setValue'
[debug] &amp#27;[35m[Protocol Converter]&amp#27;[39m Added 'value' property ["1","2","3","4","2","2"] to 'setValue' request body
[debug] &amp#27;[35m[WD Proxy]&amp#27;[39m Proxying [POST /element/00000000-0000-0136-7fff-ffff00000087/value] to [POST http://127.0.0.1:8204/wd/hub/session/1ba6c3f2-83d8-4411-bd70-b85c0b3a5be5/element/00000000-0000-0136-7fff-ffff00000087/value] with body: {"elementId":"00000000-0000-0136-7fff-ffff00000087","text":"123422","replace":false,"value":["1","2","3","4","2","2"]}
[debug] &amp#27;[35m[WD Proxy]&amp#27;[39m Got response with status 200: {"sessionId":"1ba6c3f2-83d8-4411-bd70-b85c0b3a5be5","value":null}
[debug] &amp#27;[35m[W3C (8bc46446)]&amp#27;[39m Responding to client with driver.setValue() result: null
&amp#27;[35m[HTTP]&amp#27;[39m &amp#27;[37m<-- POST /wd/hub/session/8bc46446-73b9-46f3-8673-a9e1e5431af5/element/00000000-0000-0136-7fff-ffff00000087/value &amp#27;[39m&amp#27;[32m200&amp#27;[39m &amp#27;[90m574 ms - 14&amp#27;[39m
&amp#27;[35m[HTTP]&amp#27;[39m &amp#27;[90m&amp#27;[39m
&amp#27;[35m[HTTP]&amp#27;[39m &amp#27;[37m-->&amp#27;[39m &amp#27;[37mGET&amp#27;[39m &amp#27;[37m/wd/hub/session/8bc46446-73b9-46f3-8673-a9e1e5431af5/context&amp#27;[39m
&amp#27;[35m[HTTP]&amp#27;[39m &amp#27;[90m{}&amp#27;[39m
[debug] &amp#27;[35m[W3C (8bc46446)]&amp#27;[39m Calling AppiumDriver.getCurrentContext() with args: ["8bc46446-73b9-46f3-8673-a9e1e5431af5"]
[debug] &amp#27;[35m[W3C (8bc46446)]&amp#27;[39m Responding to client with driver.getCurrentContext() result: "NATIVE_APP"
&amp#27;[35m[HTTP]&amp#27;[39m &amp#27;[37m<-- GET /wd/hub/session/8bc46446-73b9-46f3-8673-a9e1e5431af5/context &amp#27;[39m&amp#27;[32m200&amp#27;[39m &amp#27;[90m1 ms - 22&amp#27;[39m
&amp#27;[35m[HTTP]&amp#27;[39m &amp#27;[90m&amp#27;[39m
&amp#27;[35m[HTTP]&amp#27;[39m &amp#27;[37m-->&amp#27;[39m &amp#27;[37mPOST&amp#27;[39m &amp#27;[37m/wd/hub/session/8bc46446-73b9-46f3-8673-a9e1e5431af5/element&amp#27;[39m
&amp#27;[35m[HTTP]&amp#27;[39m &amp#27;[90m{"using":"accessibility id","value":"button-SIGN UP"}&amp#27;[39m
[debug] &amp#27;[35m[W3C (8bc46446)]&amp#27;[39m Calling AppiumDriver.findElement() with args: ["accessibility id","button-SIGN UP","8bc46446-73b9-46f3-8673-a9e1e5431af5"]
[debug] &amp#27;[35m[BaseDriver]&amp#27;[39m Valid locator strategies for this request: xpath, id, class name, accessibility id, css selector, -android uiautomator
[debug] &amp#27;[35m[BaseDriver]&amp#27;[39m Waiting up to 30000 ms for condition
[debug] &amp#27;[35m[WD Proxy]&amp#27;[39m Matched '/element' to command name 'findElement'
[debug] &amp#27;[35m[WD Proxy]&amp#27;[39m Proxying [POST /element] to [POST http://127.0.0.1:8204/wd/hub/session/1ba6c3f2-83d8-4411-bd70-b85c0b3a5be5/element] with body: {"strategy":"accessibility id","selector":"button-SIGN UP","context":"","multiple":false}
[debug] &amp#27;[35m[WD Proxy]&amp#27;[39m Got response with status 200: {"sessionId":"1ba6c3f2-83d8-4411-bd70-b85c0b3a5be5","value":{"ELEMENT":"00000000-0000-0136-7fff-ffff00000055","element-6066-11e4-a52e-4f735466cecf":"00000000-0000-0136-7fff-ffff00000055"}}
[debug] &amp#27;[35m[W3C (8bc46446)]&amp#27;[39m Responding to client with driver.findElement() result: {"element-6066-11e4-a52e-4f735466cecf":"00000000-0000-0136-7fff-ffff00000055","ELEMENT":"00000000-0000-0136-7fff-ffff00000055"}
&amp#27;[35m[HTTP]&amp#27;[39m &amp#27;[37m<-- POST /wd/hub/session/8bc46446-73b9-46f3-8673-a9e1e5431af5/element &amp#27;[39m&amp#27;[32m200&amp#27;[39m &amp#27;[90m732 ms - 137&amp#27;[39m
&amp#27;[35m[HTTP]&amp#27;[39m &amp#27;[90m&amp#27;[39m
&amp#27;[35m[HTTP]&amp#27;[39m &amp#27;[37m-->&amp#27;[39m &amp#27;[37mGET&amp#27;[39m &amp#27;[37m/wd/hub/session/8bc46446-73b9-46f3-8673-a9e1e5431af5/element/00000000-0000-0136-7fff-ffff00000055/displayed&amp#27;[39m
&amp#27;[35m[HTTP]&amp#27;[39m &amp#27;[90m{}&amp#27;[39m
[debug] &amp#27;[35m[W3C (8bc46446)]&amp#27;[39m Calling AppiumDriver.elementDisplayed() with args: ["00000000-0000-0136-7fff-ffff00000055","8bc46446-73b9-46f3-8673-a9e1e5431af5"]
[debug] &amp#27;[35m[WD Proxy]&amp#27;[39m Matched '/element/00000000-0000-0136-7fff-ffff00000055/attribute/displayed' to command name 'getAttribute'
[debug] &amp#27;[35m[WD Proxy]&amp#27;[39m Proxying [GET /element/00000000-0000-0136-7fff-ffff00000055/attribute/displayed] to [GET http://127.0.0.1:8204/wd/hub/session/1ba6c3f2-83d8-4411-bd70-b85c0b3a5be5/element/00000000-0000-0136-7fff-ffff00000055/attribute/displayed] with no body
[debug] &amp#27;[35m[WD Proxy]&amp#27;[39m Got response with status 200: {"sessionId":"1ba6c3f2-83d8-4411-bd70-b85c0b3a5be5","value":"true"}
[debug] &amp#27;[35m[W3C (8bc46446)]&amp#27;[39m Responding to client with driver.elementDisplayed() result: true
&amp#27;[35m[HTTP]&amp#27;[39m &amp#27;[37m<-- GET /wd/hub/session/8bc46446-73b9-46f3-8673-a9e1e5431af5/element/00000000-0000-0136-7fff-ffff00000055/displayed &amp#27;[39m&amp#27;[32m200&amp#27;[39m &amp#27;[90m17 ms - 14&amp#27;[39m
&amp#27;[35m[HTTP]&amp#27;[39m &amp#27;[90m&amp#27;[39m
&amp#27;[35m[HTTP]&amp#27;[39m &amp#27;[37m-->&amp#27;[39m &amp#27;[37mGET&amp#27;[39m &amp#27;[37m/wd/hub/session/8bc46446-73b9-46f3-8673-a9e1e5431af5/context&amp#27;[39m
&amp#27;[35m[HTTP]&amp#27;[39m &amp#27;[90m{}&amp#27;[39m
[debug] &amp#27;[35m[W3C (8bc46446)]&amp#27;[39m Calling AppiumDriver.getCurrentContext() with args: ["8bc46446-73b9-46f3-8673-a9e1e5431af5"]
[debug] &amp#27;[35m[W3C (8bc46446)]&amp#27;[39m Responding to client with driver.getCurrentContext() result: "NATIVE_APP"
&amp#27;[35m[HTTP]&amp#27;[39m &amp#27;[37m<-- GET /wd/hub/session/8bc46446-73b9-46f3-8673-a9e1e5431af5/context &amp#27;[39m&amp#27;[32m200&amp#27;[39m &amp#27;[90m1 ms - 22&amp#27;[39m
&amp#27;[35m[HTTP]&amp#27;[39m &amp#27;[90m&amp#27;[39m
&amp#27;[35m[HTTP]&amp#27;[39m &amp#27;[37m-->&amp#27;[39m &amp#27;[37mPOST&amp#27;[39m &amp#27;[37m/wd/hub/session/8bc46446-73b9-46f3-8673-a9e1e5431af5/element&amp#27;[39m
&amp#27;[35m[HTTP]&amp#27;[39m &amp#27;[90m{"using":"accessibility id","value":"button-SIGN UP"}&amp#27;[39m
[debug] &amp#27;[35m[W3C (8bc46446)]&amp#27;[39m Calling AppiumDriver.findElement() with args: ["accessibility id","button-SIGN UP","8bc46446-73b9-46f3-8673-a9e1e5431af5"]
[debug] &amp#27;[35m[BaseDriver]&amp#27;[39m Valid locator strategies for this request: xpath, id, class name, accessibility id, css selector, -android uiautomator
[debug] &amp#27;[35m[BaseDriver]&amp#27;[39m Waiting up to 30000 ms for condition
[debug] &amp#27;[35m[WD Proxy]&amp#27;[39m Matched '/element' to command name 'findElement'
[debug] &amp#27;[35m[WD Proxy]&amp#27;[39m Proxying [POST /element] to [POST http://127.0.0.1:8204/wd/hub/session/1ba6c3f2-83d8-4411-bd70-b85c0b3a5be5/element] with body: {"strategy":"accessibility id","selector":"button-SIGN UP","context":"","multiple":false}
[debug] &amp#27;[35m[WD Proxy]&amp#27;[39m Got response with status 200: {"sessionId":"1ba6c3f2-83d8-4411-bd70-b85c0b3a5be5","value":{"ELEMENT":"00000000-0000-0136-7fff-ffff00000055","element-6066-11e4-a52e-4f735466cecf":"00000000-0000-0136-7fff-ffff00000055"}}
[debug] &amp#27;[35m[W3C (8bc46446)]&amp#27;[39m Responding to client with driver.findElement() result: {"element-6066-11e4-a52e-4f735466cecf":"00000000-0000-0136-7fff-ffff00000055","ELEMENT":"00000000-0000-0136-7fff-ffff00000055"}
&amp#27;[35m[HTTP]&amp#27;[39m &amp#27;[37m<-- POST /wd/hub/session/8bc46446-73b9-46f3-8673-a9e1e5431af5/element &amp#27;[39m&amp#27;[32m200&amp#27;[39m &amp#27;[90m53 ms - 137&amp#27;[39m
&amp#27;[35m[HTTP]&amp#27;[39m &amp#27;[90m&amp#27;[39m
&amp#27;[35m[HTTP]&amp#27;[39m &amp#27;[37m-->&amp#27;[39m &amp#27;[37mPOST&amp#27;[39m &amp#27;[37m/wd/hub/session/8bc46446-73b9-46f3-8673-a9e1e5431af5/element/00000000-0000-0136-7fff-ffff00000055/click&amp#27;[39m
&amp#27;[35m[HTTP]&amp#27;[39m &amp#27;[90m{"id":"00000000-0000-0136-7fff-ffff00000055"}&amp#27;[39m
[debug] &amp#27;[35m[W3C (8bc46446)]&amp#27;[39m Calling AppiumDriver.click() with args: ["00000000-0000-0136-7fff-ffff00000055","8bc46446-73b9-46f3-8673-a9e1e5431af5"]
[debug] &amp#27;[35m[WD Proxy]&amp#27;[39m Matched '/element/00000000-0000-0136-7fff-ffff00000055/click' to command name 'click'
[debug] &amp#27;[35m[WD Proxy]&amp#27;[39m Proxying [POST /element/00000000-0000-0136-7fff-ffff00000055/click] to [POST http://127.0.0.1:8204/wd/hub/session/1ba6c3f2-83d8-4411-bd70-b85c0b3a5be5/element/00000000-0000-0136-7fff-ffff00000055/click] with body: {"element":"00000000-0000-0136-7fff-ffff00000055"}
[debug] &amp#27;[35m[WD Proxy]&amp#27;[39m Got response with status 200: {"sessionId":"1ba6c3f2-83d8-4411-bd70-b85c0b3a5be5","value":null}
[debug] &amp#27;[35m[W3C (8bc46446)]&amp#27;[39m Responding to client with driver.click() result: null
&amp#27;[35m[HTTP]&amp#27;[39m &amp#27;[37m<-- POST /wd/hub/session/8bc46446-73b9-46f3-8673-a9e1e5431af5/element/00000000-0000-0136-7fff-ffff00000055/click &amp#27;[39m&amp#27;[32m200&amp#27;[39m &amp#27;[90m27 ms - 14&amp#27;[39m
&amp#27;[35m[HTTP]&amp#27;[39m &amp#27;[90m&amp#27;[39m
&amp#27;[35m[HTTP]&amp#27;[39m &amp#27;[37m-->&amp#27;[39m &amp#27;[37mGET&amp#27;[39m &amp#27;[37m/wd/hub/session/8bc46446-73b9-46f3-8673-a9e1e5431af5/context&amp#27;[39m
&amp#27;[35m[HTTP]&amp#27;[39m &amp#27;[90m{}&amp#27;[39m
[debug] &amp#27;[35m[W3C (8bc46446)]&amp#27;[39m Calling AppiumDriver.getCurrentContext() with args: ["8bc46446-73b9-46f3-8673-a9e1e5431af5"]
[debug] &amp#27;[35m[W3C (8bc46446)]&amp#27;[39m Responding to client with driver.getCurrentContext() result: "NATIVE_APP"
&amp#27;[35m[HTTP]&amp#27;[39m &amp#27;[37m<-- GET /wd/hub/session/8bc46446-73b9-46f3-8673-a9e1e5431af5/context &amp#27;[39m&amp#27;[32m200&amp#27;[39m &amp#27;[90m1 ms - 22&amp#27;[39m
&amp#27;[35m[HTTP]&amp#27;[39m &amp#27;[90m&amp#27;[39m
&amp#27;[35m[HTTP]&amp#27;[39m &amp#27;[37m-->&amp#27;[39m &amp#27;[37mPOST&amp#27;[39m &amp#27;[37m/wd/hub/session/8bc46446-73b9-46f3-8673-a9e1e5431af5/element&amp#27;[39m
&amp#27;[35m[HTTP]&amp#27;[39m &amp#27;[90m{"using":"xpath","value":"//*[@content-desc='button-SIGN UP']/preceding-sibling::android.widget.TextView[2]"}&amp#27;[39m
[debug] &amp#27;[35m[W3C (8bc46446)]&amp#27;[39m Calling AppiumDriver.findElement() with args: ["xpath","//*[@content-desc='button-SIGN UP']/preceding-sibling::android.widget.TextView[2]","8bc46446-73b9-46f3-8673-a9e1e5431af5"]
[debug] &amp#27;[35m[BaseDriver]&amp#27;[39m Valid locator strategies for this request: xpath, id, class name, accessibility id, css selector, -android uiautomator
[debug] &amp#27;[35m[BaseDriver]&amp#27;[39m Waiting up to 30000 ms for condition
[debug] &amp#27;[35m[WD Proxy]&amp#27;[39m Matched '/element' to command name 'findElement'
[debug] &amp#27;[35m[WD Proxy]&amp#27;[39m Proxying [POST /element] to [POST http://127.0.0.1:8204/wd/hub/session/1ba6c3f2-83d8-4411-bd70-b85c0b3a5be5/element] with body: {"strategy":"xpath","selector":"//*[@content-desc='button-SIGN UP']/preceding-sibling::android.widget.TextView[2]","context":"","multiple":false}
[debug] &amp#27;[35m[WD Proxy]&amp#27;[39m Got response with status 200: {"sessionId":"1ba6c3f2-83d8-4411-bd70-b85c0b3a5be5","value":{"ELEMENT":"00000000-0000-0136-7fff-ffff00000053","element-6066-11e4-a52e-4f735466cecf":"00000000-0000-0136-7fff-ffff00000053"}}
[debug] &amp#27;[35m[W3C (8bc46446)]&amp#27;[39m Responding to client with driver.findElement() result: {"element-6066-11e4-a52e-4f735466cecf":"00000000-0000-0136-7fff-ffff00000053","ELEMENT":"00000000-0000-0136-7fff-ffff00000053"}
&amp#27;[35m[HTTP]&amp#27;[39m &amp#27;[37m<-- POST /wd/hub/session/8bc46446-73b9-46f3-8673-a9e1e5431af5/element &amp#27;[39m&amp#27;[32m200&amp#27;[39m &amp#27;[90m103 ms - 137&amp#27;[39m
&amp#27;[35m[HTTP]&amp#27;[39m &amp#27;[90m&amp#27;[39m
&amp#27;[35m[HTTP]&amp#27;[39m &amp#27;[37m-->&amp#27;[39m &amp#27;[37mGET&amp#27;[39m &amp#27;[37m/wd/hub/session/8bc46446-73b9-46f3-8673-a9e1e5431af5/element/00000000-0000-0136-7fff-ffff00000053/displayed&amp#27;[39m
&amp#27;[35m[HTTP]&amp#27;[39m &amp#27;[90m{}&amp#27;[39m
[debug] &amp#27;[35m[W3C (8bc46446)]&amp#27;[39m Calling AppiumDriver.elementDisplayed() with args: ["00000000-0000-0136-7fff-ffff00000053","8bc46446-73b9-46f3-8673-a9e1e5431af5"]
[debug] &amp#27;[35m[WD Proxy]&amp#27;[39m Matched '/element/00000000-0000-0136-7fff-ffff00000053/attribute/displayed' to command name 'getAttribute'
[debug] &amp#27;[35m[WD Proxy]&amp#27;[39m Proxying [GET /element/00000000-0000-0136-7fff-ffff00000053/attribute/displayed] to [GET http://127.0.0.1:8204/wd/hub/session/1ba6c3f2-83d8-4411-bd70-b85c0b3a5be5/element/00000000-0000-0136-7fff-ffff00000053/attribute/displayed] with no body
[debug] &amp#27;[35m[WD Proxy]&amp#27;[39m Got response with status 200: {"sessionId":"1ba6c3f2-83d8-4411-bd70-b85c0b3a5be5","value":"true"}
[debug] &amp#27;[35m[W3C (8bc46446)]&amp#27;[39m Responding to client with driver.elementDisplayed() result: true
&amp#27;[35m[HTTP]&amp#27;[39m &amp#27;[37m<-- GET /wd/hub/session/8bc46446-73b9-46f3-8673-a9e1e5431af5/element/00000000-0000-0136-7fff-ffff00000053/displayed &amp#27;[39m&amp#27;[32m200&amp#27;[39m &amp#27;[90m896 ms - 14&amp#27;[39m
&amp#27;[35m[HTTP]&amp#27;[39m &amp#27;[90m&amp#27;[39m
&amp#27;[35m[HTTP]&amp#27;[39m &amp#27;[37m-->&amp#27;[39m &amp#27;[37mGET&amp#27;[39m &amp#27;[37m/wd/hub/session/8bc46446-73b9-46f3-8673-a9e1e5431af5/context&amp#27;[39m
&amp#27;[35m[HTTP]&amp#27;[39m &amp#27;[90m{}&amp#27;[39m
[debug] &amp#27;[35m[W3C (8bc46446)]&amp#27;[39m Calling AppiumDriver.getCurrentContext() with args: ["8bc46446-73b9-46f3-8673-a9e1e5431af5"]
[debug] &amp#27;[35m[W3C (8bc46446)]&amp#27;[39m Responding to client with driver.getCurrentContext() result: "NATIVE_APP"
&amp#27;[35m[HTTP]&amp#27;[39m &amp#27;[37m<-- GET /wd/hub/session/8bc46446-73b9-46f3-8673-a9e1e5431af5/context &amp#27;[39m&amp#27;[32m200&amp#27;[39m &amp#27;[90m1 ms - 22&amp#27;[39m
&amp#27;[35m[HTTP]&amp#27;[39m &amp#27;[90m&amp#27;[39m
&amp#27;[35m[HTTP]&amp#27;[39m &amp#27;[37m-->&amp#27;[39m &amp#27;[37mPOST&amp#27;[39m &amp#27;[37m/wd/hub/session/8bc46446-73b9-46f3-8673-a9e1e5431af5/element&amp#27;[39m
&amp#27;[35m[HTTP]&amp#27;[39m &amp#27;[90m{"using":"xpath","value":"//*[@content-desc='button-SIGN UP']/preceding-sibling::android.widget.TextView[2]"}&amp#27;[39m
[debug] &amp#27;[35m[W3C (8bc46446)]&amp#27;[39m Calling AppiumDriver.findElement() with args: ["xpath","//*[@content-desc='button-SIGN UP']/preceding-sibling::android.widget.TextView[2]","8bc46446-73b9-46f3-8673-a9e1e5431af5"]
[debug] &amp#27;[35m[BaseDriver]&amp#27;[39m Valid locator strategies for this request: xpath, id, class name, accessibility id, css selector, -android uiautomator
[debug] &amp#27;[35m[BaseDriver]&amp#27;[39m Waiting up to 30000 ms for condition
[debug] &amp#27;[35m[WD Proxy]&amp#27;[39m Matched '/element' to command name 'findElement'
[debug] &amp#27;[35m[WD Proxy]&amp#27;[39m Proxying [POST /element] to [POST http://127.0.0.1:8204/wd/hub/session/1ba6c3f2-83d8-4411-bd70-b85c0b3a5be5/element] with body: {"strategy":"xpath","selector":"//*[@content-desc='button-SIGN UP']/preceding-sibling::android.widget.TextView[2]","context":"","multiple":false}
[debug] &amp#27;[35m[WD Proxy]&amp#27;[39m Got response with status 200: {"sessionId":"1ba6c3f2-83d8-4411-bd70-b85c0b3a5be5","value":{"ELEMENT":"00000000-0000-0136-7fff-ffff00000053","element-6066-11e4-a52e-4f735466cecf":"00000000-0000-0136-7fff-ffff00000053"}}
[debug] &amp#27;[35m[W3C (8bc46446)]&amp#27;[39m Responding to client with driver.findElement() result: {"element-6066-11e4-a52e-4f735466cecf":"00000000-0000-0136-7fff-ffff00000053","ELEMENT":"00000000-0000-0136-7fff-ffff00000053"}
&amp#27;[35m[HTTP]&amp#27;[39m &amp#27;[37m<-- POST /wd/hub/session/8bc46446-73b9-46f3-8673-a9e1e5431af5/element &amp#27;[39m&amp#27;[32m200&amp#27;[39m &amp#27;[90m124 ms - 137&amp#27;[39m
&amp#27;[35m[HTTP]&amp#27;[39m &amp#27;[90m&amp#27;[39m
&amp#27;[35m[HTTP]&amp#27;[39m &amp#27;[37m-->&amp#27;[39m &amp#27;[37mGET&amp#27;[39m &amp#27;[37m/wd/hub/session/8bc46446-73b9-46f3-8673-a9e1e5431af5/element/00000000-0000-0136-7fff-ffff00000053/text&amp#27;[39m
&amp#27;[35m[HTTP]&amp#27;[39m &amp#27;[90m{}&amp#27;[39m
&amp#27;[35m[W3C (8bc46446)]&amp#27;[39m Driver proxy active, passing request on via HTTP proxy
[debug] &amp#27;[35m[WD Proxy]&amp#27;[39m Matched '/wd/hub/session/8bc46446-73b9-46f3-8673-a9e1e5431af5/element/00000000-0000-0136-7fff-ffff00000053/text' to command name 'getText'
[debug] &amp#27;[35m[WD Proxy]&amp#27;[39m Proxying [GET /wd/hub/session/8bc46446-73b9-46f3-8673-a9e1e5431af5/element/00000000-0000-0136-7fff-ffff00000053/text] to [GET http://127.0.0.1:8204/wd/hub/session/1ba6c3f2-83d8-4411-bd70-b85c0b3a5be5/element/00000000-0000-0136-7fff-ffff00000053/text] with no body
[debug] &amp#27;[35m[WD Proxy]&amp#27;[39m Got response with status 200: {"sessionId":"1ba6c3f2-83d8-4411-bd70-b85c0b3a5be5","value":"Please enter at least 8 characters"}
&amp#27;[35m[WD Proxy]&amp#27;[39m Replacing sessionId 1ba6c3f2-83d8-4411-bd70-b85c0b3a5be5 with 8bc46446-73b9-46f3-8673-a9e1e5431af5
&amp#27;[35m[HTTP]&amp#27;[39m &amp#27;[37m<-- GET /wd/hub/session/8bc46446-73b9-46f3-8673-a9e1e5431af5/element/00000000-0000-0136-7fff-ffff00000053/text &amp#27;[39m&amp#27;[32m200&amp#27;[39m &amp#27;[90m13 ms - 97&amp#27;[39m
&amp#27;[35m[HTTP]&amp#27;[39m &amp#27;[90m&amp#27;[39m
&amp#27;[35m[HTTP]&amp#27;[39m &amp#27;[37m-->&amp#27;[39m &amp#27;[37mGET&amp#27;[39m &amp#27;[37m/wd/hub/session/8bc46446-73b9-46f3-8673-a9e1e5431af5/context&amp#27;[39m
&amp#27;[35m[HTTP]&amp#27;[39m &amp#27;[90m{}&amp#27;[39m
[debug] &amp#27;[35m[W3C (8bc46446)]&amp#27;[39m Calling AppiumDriver.getCurrentContext() with args: ["8bc46446-73b9-46f3-8673-a9e1e5431af5"]
[debug] &amp#27;[35m[W3C (8bc46446)]&amp#27;[39m Responding to client with driver.getCurrentContext() result: "NATIVE_APP"
&amp#27;[35m[HTTP]&amp#27;[39m &amp#27;[37m<-- GET /wd/hub/session/8bc46446-73b9-46f3-8673-a9e1e5431af5/context &amp#27;[39m&amp#27;[32m200&amp#27;[39m &amp#27;[90m1 ms - 22&amp#27;[39m
&amp#27;[35m[HTTP]&amp#27;[39m &amp#27;[90m&amp#27;[39m
&amp#27;[35m[HTTP]&amp#27;[39m &amp#27;[37m-->&amp#27;[39m &amp#27;[37mPOST&amp#27;[39m &amp#27;[37m/wd/hub/session/8bc46446-73b9-46f3-8673-a9e1e5431af5/element&amp#27;[39m
&amp#27;[35m[HTTP]&amp#27;[39m &amp#27;[90m{"using":"xpath","value":"//*[@content-desc='button-SIGN UP']/preceding-sibling::android.widget.TextView[1]"}&amp#27;[39m
[debug] &amp#27;[35m[W3C (8bc46446)]&amp#27;[39m Calling AppiumDriver.findElement() with args: ["xpath","//*[@content-desc='button-SIGN UP']/preceding-sibling::android.widget.TextView[1]","8bc46446-73b9-46f3-8673-a9e1e5431af5"]
[debug] &amp#27;[35m[BaseDriver]&amp#27;[39m Valid locator strategies for this request: xpath, id, class name, accessibility id, css selector, -android uiautomator
[debug] &amp#27;[35m[BaseDriver]&amp#27;[39m Waiting up to 30000 ms for condition
[debug] &amp#27;[35m[WD Proxy]&amp#27;[39m Matched '/element' to command name 'findElement'
[debug] &amp#27;[35m[WD Proxy]&amp#27;[39m Proxying [POST /element] to [POST http://127.0.0.1:8204/wd/hub/session/1ba6c3f2-83d8-4411-bd70-b85c0b3a5be5/element] with body: {"strategy":"xpath","selector":"//*[@content-desc='button-SIGN UP']/preceding-sibling::android.widget.TextView[1]","context":"","multiple":false}
[debug] &amp#27;[35m[WD Proxy]&amp#27;[39m Got response with status 200: {"sessionId":"1ba6c3f2-83d8-4411-bd70-b85c0b3a5be5","value":{"ELEMENT":"00000000-0000-0136-7fff-ffff00000089","element-6066-11e4-a52e-4f735466cecf":"00000000-0000-0136-7fff-ffff00000089"}}
[debug] &amp#27;[35m[W3C (8bc46446)]&amp#27;[39m Responding to client with driver.findElement() result: {"element-6066-11e4-a52e-4f735466cecf":"00000000-0000-0136-7fff-ffff00000089","ELEMENT":"00000000-0000-0136-7fff-ffff00000089"}
&amp#27;[35m[HTTP]&amp#27;[39m &amp#27;[37m<-- POST /wd/hub/session/8bc46446-73b9-46f3-8673-a9e1e5431af5/element &amp#27;[39m&amp#27;[32m200&amp#27;[39m &amp#27;[90m168 ms - 137&amp#27;[39m
&amp#27;[35m[HTTP]&amp#27;[39m &amp#27;[90m&amp#27;[39m
&amp#27;[35m[HTTP]&amp#27;[39m &amp#27;[37m-->&amp#27;[39m &amp#27;[37mGET&amp#27;[39m &amp#27;[37m/wd/hub/session/8bc46446-73b9-46f3-8673-a9e1e5431af5/element/00000000-0000-0136-7fff-ffff00000089/displayed&amp#27;[39m
&amp#27;[35m[HTTP]&amp#27;[39m &amp#27;[90m{}&amp#27;[39m
[debug] &amp#27;[35m[W3C (8bc46446)]&amp#27;[39m Calling AppiumDriver.elementDisplayed() with args: ["00000000-0000-0136-7fff-ffff00000089","8bc46446-73b9-46f3-8673-a9e1e5431af5"]
[debug] &amp#27;[35m[WD Proxy]&amp#27;[39m Matched '/element/00000000-0000-0136-7fff-ffff00000089/attribute/displayed' to command name 'getAttribute'
[debug] &amp#27;[35m[WD Proxy]&amp#27;[39m Proxying [GET /element/00000000-0000-0136-7fff-ffff00000089/attribute/displayed] to [GET http://127.0.0.1:8204/wd/hub/session/1ba6c3f2-83d8-4411-bd70-b85c0b3a5be5/element/00000000-0000-0136-7fff-ffff00000089/attribute/displayed] with no body
[debug] &amp#27;[35m[WD Proxy]&amp#27;[39m Got response with status 200: {"sessionId":"1ba6c3f2-83d8-4411-bd70-b85c0b3a5be5","value":"true"}
[debug] &amp#27;[35m[W3C (8bc46446)]&amp#27;[39m Responding to client with driver.elementDisplayed() result: true
&amp#27;[35m[HTTP]&amp#27;[39m &amp#27;[37m<-- GET /wd/hub/session/8bc46446-73b9-46f3-8673-a9e1e5431af5/element/00000000-0000-0136-7fff-ffff00000089/displayed &amp#27;[39m&amp#27;[32m200&amp#27;[39m &amp#27;[90m12 ms - 14&amp#27;[39m
&amp#27;[35m[HTTP]&amp#27;[39m &amp#27;[90m&amp#27;[39m
&amp#27;[35m[HTTP]&amp#27;[39m &amp#27;[37m-->&amp#27;[39m &amp#27;[37mGET&amp#27;[39m &amp#27;[37m/wd/hub/session/8bc46446-73b9-46f3-8673-a9e1e5431af5/context&amp#27;[39m
&amp#27;[35m[HTTP]&amp#27;[39m &amp#27;[90m{}&amp#27;[39m
[debug] &amp#27;[35m[W3C (8bc46446)]&amp#27;[39m Calling AppiumDriver.getCurrentContext() with args: ["8bc46446-73b9-46f3-8673-a9e1e5431af5"]
[debug] &amp#27;[35m[W3C (8bc46446)]&amp#27;[39m Responding to client with driver.getCurrentContext() result: "NATIVE_APP"
&amp#27;[35m[HTTP]&amp#27;[39m &amp#27;[37m<-- GET /wd/hub/session/8bc46446-73b9-46f3-8673-a9e1e5431af5/context &amp#27;[39m&amp#27;[32m200&amp#27;[39m &amp#27;[90m1 ms - 22&amp#27;[39m
&amp#27;[35m[HTTP]&amp#27;[39m &amp#27;[90m&amp#27;[39m
&amp#27;[35m[HTTP]&amp#27;[39m &amp#27;[37m-->&amp#27;[39m &amp#27;[37mPOST&amp#27;[39m &amp#27;[37m/wd/hub/session/8bc46446-73b9-46f3-8673-a9e1e5431af5/element&amp#27;[39m
&amp#27;[35m[HTTP]&amp#27;[39m &amp#27;[90m{"using":"xpath","value":"//*[@content-desc='button-SIGN UP']/preceding-sibling::android.widget.TextView[1]"}&amp#27;[39m
[debug] &amp#27;[35m[W3C (8bc46446)]&amp#27;[39m Calling AppiumDriver.findElement() with args: ["xpath","//*[@content-desc='button-SIGN UP']/preceding-sibling::android.widget.TextView[1]","8bc46446-73b9-46f3-8673-a9e1e5431af5"]
[debug] &amp#27;[35m[BaseDriver]&amp#27;[39m Valid locator strategies for this request: xpath, id, class name, accessibility id, css selector, -android uiautomator
[debug] &amp#27;[35m[BaseDriver]&amp#27;[39m Waiting up to 30000 ms for condition
[debug] &amp#27;[35m[WD Proxy]&amp#27;[39m Matched '/element' to command name 'findElement'
[debug] &amp#27;[35m[WD Proxy]&amp#27;[39m Proxying [POST /element] to [POST http://127.0.0.1:8204/wd/hub/session/1ba6c3f2-83d8-4411-bd70-b85c0b3a5be5/element] with body: {"strategy":"xpath","selector":"//*[@content-desc='button-SIGN UP']/preceding-sibling::android.widget.TextView[1]","context":"","multiple":false}
[debug] &amp#27;[35m[WD Proxy]&amp#27;[39m Got response with status 200: {"sessionId":"1ba6c3f2-83d8-4411-bd70-b85c0b3a5be5","value":{"ELEMENT":"00000000-0000-0136-7fff-ffff00000089","element-6066-11e4-a52e-4f735466cecf":"00000000-0000-0136-7fff-ffff00000089"}}
[debug] &amp#27;[35m[W3C (8bc46446)]&amp#27;[39m Responding to client with driver.findElement() result: {"element-6066-11e4-a52e-4f735466cecf":"00000000-0000-0136-7fff-ffff00000089","ELEMENT":"00000000-0000-0136-7fff-ffff00000089"}
&amp#27;[35m[HTTP]&amp#27;[39m &amp#27;[37m<-- POST /wd/hub/session/8bc46446-73b9-46f3-8673-a9e1e5431af5/element &amp#27;[39m&amp#27;[32m200&amp#27;[39m &amp#27;[90m94 ms - 137&amp#27;[39m
&amp#27;[35m[HTTP]&amp#27;[39m &amp#27;[90m&amp#27;[39m
&amp#27;[35m[HTTP]&amp#27;[39m &amp#27;[37m-->&amp#27;[39m &amp#27;[37mGET&amp#27;[39m &amp#27;[37m/wd/hub/session/8bc46446-73b9-46f3-8673-a9e1e5431af5/element/00000000-0000-0136-7fff-ffff00000089/text&amp#27;[39m
&amp#27;[35m[HTTP]&amp#27;[39m &amp#27;[90m{}&amp#27;[39m
&amp#27;[35m[W3C (8bc46446)]&amp#27;[39m Driver proxy active, passing request on via HTTP proxy
[debug] &amp#27;[35m[WD Proxy]&amp#27;[39m Matched '/wd/hub/session/8bc46446-73b9-46f3-8673-a9e1e5431af5/element/00000000-0000-0136-7fff-ffff00000089/text' to command name 'getText'
[debug] &amp#27;[35m[WD Proxy]&amp#27;[39m Proxying [GET /wd/hub/session/8bc46446-73b9-46f3-8673-a9e1e5431af5/element/00000000-0000-0136-7fff-ffff00000089/text] to [GET http://127.0.0.1:8204/wd/hub/session/1ba6c3f2-83d8-4411-bd70-b85c0b3a5be5/element/00000000-0000-0136-7fff-ffff00000089/text] with no body
[debug] &amp#27;[35m[WD Proxy]&amp#27;[39m Got response with status 200: {"sessionId":"1ba6c3f2-83d8-4411-bd70-b85c0b3a5be5","value":"Please enter the same password"}
&amp#27;[35m[WD Proxy]&amp#27;[39m Replacing sessionId 1ba6c3f2-83d8-4411-bd70-b85c0b3a5be5 with 8bc46446-73b9-46f3-8673-a9e1e5431af5
&amp#27;[35m[HTTP]&amp#27;[39m &amp#27;[37m<-- GET /wd/hub/session/8bc46446-73b9-46f3-8673-a9e1e5431af5/element/00000000-0000-0136-7fff-ffff00000089/text &amp#27;[39m&amp#27;[32m200&amp#27;[39m &amp#27;[90m12 ms - 93&amp#27;[39m
&amp#27;[35m[HTTP]&amp#27;[39m &amp#27;[90m&amp#27;[39m
]]></system-out>
  </testcase>
  <testcase name="signUpWithInvalidCreds[LoginCreds{username=&apos;tunghuynh.gmail.com&apos;, password=&apos;12345678&apos;}](2)" classname="TestNG.TestLoginPage.SignUpTest" time="11.36">
    <system-out><![CDATA[&amp#27;[35m[HTTP]&amp#27;[39m &amp#27;[37m-->&amp#27;[39m &amp#27;[37mGET&amp#27;[39m &amp#27;[37m/wd/hub/session/8bc46446-73b9-46f3-8673-a9e1e5431af5/context&amp#27;[39m
&amp#27;[35m[HTTP]&amp#27;[39m &amp#27;[90m{}&amp#27;[39m
[debug] &amp#27;[35m[W3C (8bc46446)]&amp#27;[39m Calling AppiumDriver.getCurrentContext() with args: ["8bc46446-73b9-46f3-8673-a9e1e5431af5"]
[debug] &amp#27;[35m[W3C (8bc46446)]&amp#27;[39m Responding to client with driver.getCurrentContext() result: "NATIVE_APP"
&amp#27;[35m[HTTP]&amp#27;[39m &amp#27;[37m<-- GET /wd/hub/session/8bc46446-73b9-46f3-8673-a9e1e5431af5/context &amp#27;[39m&amp#27;[32m200&amp#27;[39m &amp#27;[90m1 ms - 22&amp#27;[39m
&amp#27;[35m[HTTP]&amp#27;[39m &amp#27;[90m&amp#27;[39m
&amp#27;[35m[HTTP]&amp#27;[39m &amp#27;[37m-->&amp#27;[39m &amp#27;[37mPOST&amp#27;[39m &amp#27;[37m/wd/hub/session/8bc46446-73b9-46f3-8673-a9e1e5431af5/element&amp#27;[39m
&amp#27;[35m[HTTP]&amp#27;[39m &amp#27;[90m{"using":"accessibility id","value":"Login"}&amp#27;[39m
[debug] &amp#27;[35m[W3C (8bc46446)]&amp#27;[39m Calling AppiumDriver.findElement() with args: ["accessibility id","Login","8bc46446-73b9-46f3-8673-a9e1e5431af5"]
[debug] &amp#27;[35m[BaseDriver]&amp#27;[39m Valid locator strategies for this request: xpath, id, class name, accessibility id, css selector, -android uiautomator
[debug] &amp#27;[35m[BaseDriver]&amp#27;[39m Waiting up to 30000 ms for condition
[debug] &amp#27;[35m[WD Proxy]&amp#27;[39m Matched '/element' to command name 'findElement'
[debug] &amp#27;[35m[WD Proxy]&amp#27;[39m Proxying [POST /element] to [POST http://127.0.0.1:8204/wd/hub/session/1ba6c3f2-83d8-4411-bd70-b85c0b3a5be5/element] with body: {"strategy":"accessibility id","selector":"Login","context":"","multiple":false}
[debug] &amp#27;[35m[WD Proxy]&amp#27;[39m Got response with status 200: {"sessionId":"1ba6c3f2-83d8-4411-bd70-b85c0b3a5be5","value":{"ELEMENT":"00000000-0000-0136-7fff-ffff00000013","element-6066-11e4-a52e-4f735466cecf":"00000000-0000-0136-7fff-ffff00000013"}}
[debug] &amp#27;[35m[W3C (8bc46446)]&amp#27;[39m Responding to client with driver.findElement() result: {"element-6066-11e4-a52e-4f735466cecf":"00000000-0000-0136-7fff-ffff00000013","ELEMENT":"00000000-0000-0136-7fff-ffff00000013"}
&amp#27;[35m[HTTP]&amp#27;[39m &amp#27;[37m<-- POST /wd/hub/session/8bc46446-73b9-46f3-8673-a9e1e5431af5/element &amp#27;[39m&amp#27;[32m200&amp#27;[39m &amp#27;[90m69 ms - 137&amp#27;[39m
&amp#27;[35m[HTTP]&amp#27;[39m &amp#27;[90m&amp#27;[39m
&amp#27;[35m[HTTP]&amp#27;[39m &amp#27;[37m-->&amp#27;[39m &amp#27;[37mGET&amp#27;[39m &amp#27;[37m/wd/hub/session/8bc46446-73b9-46f3-8673-a9e1e5431af5/element/00000000-0000-0136-7fff-ffff00000013/displayed&amp#27;[39m
&amp#27;[35m[HTTP]&amp#27;[39m &amp#27;[90m{}&amp#27;[39m
[debug] &amp#27;[35m[W3C (8bc46446)]&amp#27;[39m Calling AppiumDriver.elementDisplayed() with args: ["00000000-0000-0136-7fff-ffff00000013","8bc46446-73b9-46f3-8673-a9e1e5431af5"]
[debug] &amp#27;[35m[WD Proxy]&amp#27;[39m Matched '/element/00000000-0000-0136-7fff-ffff00000013/attribute/displayed' to command name 'getAttribute'
[debug] &amp#27;[35m[WD Proxy]&amp#27;[39m Proxying [GET /element/00000000-0000-0136-7fff-ffff00000013/attribute/displayed] to [GET http://127.0.0.1:8204/wd/hub/session/1ba6c3f2-83d8-4411-bd70-b85c0b3a5be5/element/00000000-0000-0136-7fff-ffff00000013/attribute/displayed] with no body
[debug] &amp#27;[35m[WD Proxy]&amp#27;[39m Got response with status 200: {"sessionId":"1ba6c3f2-83d8-4411-bd70-b85c0b3a5be5","value":"true"}
[debug] &amp#27;[35m[W3C (8bc46446)]&amp#27;[39m Responding to client with driver.elementDisplayed() result: true
&amp#27;[35m[HTTP]&amp#27;[39m &amp#27;[37m<-- GET /wd/hub/session/8bc46446-73b9-46f3-8673-a9e1e5431af5/element/00000000-0000-0136-7fff-ffff00000013/displayed &amp#27;[39m&amp#27;[32m200&amp#27;[39m &amp#27;[90m17 ms - 14&amp#27;[39m
&amp#27;[35m[HTTP]&amp#27;[39m &amp#27;[90m&amp#27;[39m
&amp#27;[35m[HTTP]&amp#27;[39m &amp#27;[37m-->&amp#27;[39m &amp#27;[37mGET&amp#27;[39m &amp#27;[37m/wd/hub/session/8bc46446-73b9-46f3-8673-a9e1e5431af5/context&amp#27;[39m
&amp#27;[35m[HTTP]&amp#27;[39m &amp#27;[90m{}&amp#27;[39m
[debug] &amp#27;[35m[W3C (8bc46446)]&amp#27;[39m Calling AppiumDriver.getCurrentContext() with args: ["8bc46446-73b9-46f3-8673-a9e1e5431af5"]
[debug] &amp#27;[35m[W3C (8bc46446)]&amp#27;[39m Responding to client with driver.getCurrentContext() result: "NATIVE_APP"
&amp#27;[35m[HTTP]&amp#27;[39m &amp#27;[37m<-- GET /wd/hub/session/8bc46446-73b9-46f3-8673-a9e1e5431af5/context &amp#27;[39m&amp#27;[32m200&amp#27;[39m &amp#27;[90m1 ms - 22&amp#27;[39m
&amp#27;[35m[HTTP]&amp#27;[39m &amp#27;[90m&amp#27;[39m
&amp#27;[35m[HTTP]&amp#27;[39m &amp#27;[37m-->&amp#27;[39m &amp#27;[37mPOST&amp#27;[39m &amp#27;[37m/wd/hub/session/8bc46446-73b9-46f3-8673-a9e1e5431af5/element&amp#27;[39m
&amp#27;[35m[HTTP]&amp#27;[39m &amp#27;[90m{"using":"accessibility id","value":"Login"}&amp#27;[39m
[debug] &amp#27;[35m[W3C (8bc46446)]&amp#27;[39m Calling AppiumDriver.findElement() with args: ["accessibility id","Login","8bc46446-73b9-46f3-8673-a9e1e5431af5"]
[debug] &amp#27;[35m[BaseDriver]&amp#27;[39m Valid locator strategies for this request: xpath, id, class name, accessibility id, css selector, -android uiautomator
[debug] &amp#27;[35m[BaseDriver]&amp#27;[39m Waiting up to 30000 ms for condition
[debug] &amp#27;[35m[WD Proxy]&amp#27;[39m Matched '/element' to command name 'findElement'
[debug] &amp#27;[35m[WD Proxy]&amp#27;[39m Proxying [POST /element] to [POST http://127.0.0.1:8204/wd/hub/session/1ba6c3f2-83d8-4411-bd70-b85c0b3a5be5/element] with body: {"strategy":"accessibility id","selector":"Login","context":"","multiple":false}
[debug] &amp#27;[35m[WD Proxy]&amp#27;[39m Got response with status 200: {"sessionId":"1ba6c3f2-83d8-4411-bd70-b85c0b3a5be5","value":{"ELEMENT":"00000000-0000-0136-7fff-ffff00000013","element-6066-11e4-a52e-4f735466cecf":"00000000-0000-0136-7fff-ffff00000013"}}
[debug] &amp#27;[35m[W3C (8bc46446)]&amp#27;[39m Responding to client with driver.findElement() result: {"element-6066-11e4-a52e-4f735466cecf":"00000000-0000-0136-7fff-ffff00000013","ELEMENT":"00000000-0000-0136-7fff-ffff00000013"}
&amp#27;[35m[HTTP]&amp#27;[39m &amp#27;[37m<-- POST /wd/hub/session/8bc46446-73b9-46f3-8673-a9e1e5431af5/element &amp#27;[39m&amp#27;[32m200&amp#27;[39m &amp#27;[90m66 ms - 137&amp#27;[39m
&amp#27;[35m[HTTP]&amp#27;[39m &amp#27;[90m&amp#27;[39m
&amp#27;[35m[HTTP]&amp#27;[39m &amp#27;[37m-->&amp#27;[39m &amp#27;[37mPOST&amp#27;[39m &amp#27;[37m/wd/hub/session/8bc46446-73b9-46f3-8673-a9e1e5431af5/element/00000000-0000-0136-7fff-ffff00000013/click&amp#27;[39m
&amp#27;[35m[HTTP]&amp#27;[39m &amp#27;[90m{"id":"00000000-0000-0136-7fff-ffff00000013"}&amp#27;[39m
[debug] &amp#27;[35m[W3C (8bc46446)]&amp#27;[39m Calling AppiumDriver.click() with args: ["00000000-0000-0136-7fff-ffff00000013","8bc46446-73b9-46f3-8673-a9e1e5431af5"]
[debug] &amp#27;[35m[WD Proxy]&amp#27;[39m Matched '/element/00000000-0000-0136-7fff-ffff00000013/click' to command name 'click'
[debug] &amp#27;[35m[WD Proxy]&amp#27;[39m Proxying [POST /element/00000000-0000-0136-7fff-ffff00000013/click] to [POST http://127.0.0.1:8204/wd/hub/session/1ba6c3f2-83d8-4411-bd70-b85c0b3a5be5/element/00000000-0000-0136-7fff-ffff00000013/click] with body: {"element":"00000000-0000-0136-7fff-ffff00000013"}
[debug] &amp#27;[35m[WD Proxy]&amp#27;[39m Got response with status 200: {"sessionId":"1ba6c3f2-83d8-4411-bd70-b85c0b3a5be5","value":null}
[debug] &amp#27;[35m[W3C (8bc46446)]&amp#27;[39m Responding to client with driver.click() result: null
&amp#27;[35m[HTTP]&amp#27;[39m &amp#27;[37m<-- POST /wd/hub/session/8bc46446-73b9-46f3-8673-a9e1e5431af5/element/00000000-0000-0136-7fff-ffff00000013/click &amp#27;[39m&amp#27;[32m200&amp#27;[39m &amp#27;[90m36 ms - 14&amp#27;[39m
&amp#27;[35m[HTTP]&amp#27;[39m &amp#27;[90m&amp#27;[39m
&amp#27;[35m[HTTP]&amp#27;[39m &amp#27;[37m-->&amp#27;[39m &amp#27;[37mGET&amp#27;[39m &amp#27;[37m/wd/hub/session/8bc46446-73b9-46f3-8673-a9e1e5431af5/context&amp#27;[39m
&amp#27;[35m[HTTP]&amp#27;[39m &amp#27;[90m{}&amp#27;[39m
[debug] &amp#27;[35m[W3C (8bc46446)]&amp#27;[39m Calling AppiumDriver.getCurrentContext() with args: ["8bc46446-73b9-46f3-8673-a9e1e5431af5"]
[debug] &amp#27;[35m[W3C (8bc46446)]&amp#27;[39m Responding to client with driver.getCurrentContext() result: "NATIVE_APP"
&amp#27;[35m[HTTP]&amp#27;[39m &amp#27;[37m<-- GET /wd/hub/session/8bc46446-73b9-46f3-8673-a9e1e5431af5/context &amp#27;[39m&amp#27;[32m200&amp#27;[39m &amp#27;[90m1 ms - 22&amp#27;[39m
&amp#27;[35m[HTTP]&amp#27;[39m &amp#27;[90m&amp#27;[39m
&amp#27;[35m[HTTP]&amp#27;[39m &amp#27;[37m-->&amp#27;[39m &amp#27;[37mPOST&amp#27;[39m &amp#27;[37m/wd/hub/session/8bc46446-73b9-46f3-8673-a9e1e5431af5/element&amp#27;[39m
&amp#27;[35m[HTTP]&amp#27;[39m &amp#27;[90m{"using":"accessibility id","value":"button-sign-up-container"}&amp#27;[39m
[debug] &amp#27;[35m[W3C (8bc46446)]&amp#27;[39m Calling AppiumDriver.findElement() with args: ["accessibility id","button-sign-up-container","8bc46446-73b9-46f3-8673-a9e1e5431af5"]
[debug] &amp#27;[35m[BaseDriver]&amp#27;[39m Valid locator strategies for this request: xpath, id, class name, accessibility id, css selector, -android uiautomator
[debug] &amp#27;[35m[BaseDriver]&amp#27;[39m Waiting up to 30000 ms for condition
[debug] &amp#27;[35m[WD Proxy]&amp#27;[39m Matched '/element' to command name 'findElement'
[debug] &amp#27;[35m[WD Proxy]&amp#27;[39m Proxying [POST /element] to [POST http://127.0.0.1:8204/wd/hub/session/1ba6c3f2-83d8-4411-bd70-b85c0b3a5be5/element] with body: {"strategy":"accessibility id","selector":"button-sign-up-container","context":"","multiple":false}
[debug] &amp#27;[35m[WD Proxy]&amp#27;[39m Got response with status 200: {"sessionId":"1ba6c3f2-83d8-4411-bd70-b85c0b3a5be5","value":{"ELEMENT":"00000000-0000-0136-7fff-ffff00000049","element-6066-11e4-a52e-4f735466cecf":"00000000-0000-0136-7fff-ffff00000049"}}
[debug] &amp#27;[35m[W3C (8bc46446)]&amp#27;[39m Responding to client with driver.findElement() result: {"element-6066-11e4-a52e-4f735466cecf":"00000000-0000-0136-7fff-ffff00000049","ELEMENT":"00000000-0000-0136-7fff-ffff00000049"}
&amp#27;[35m[HTTP]&amp#27;[39m &amp#27;[37m<-- POST /wd/hub/session/8bc46446-73b9-46f3-8673-a9e1e5431af5/element &amp#27;[39m&amp#27;[32m200&amp#27;[39m &amp#27;[90m50 ms - 137&amp#27;[39m
&amp#27;[35m[HTTP]&amp#27;[39m &amp#27;[90m&amp#27;[39m
&amp#27;[35m[HTTP]&amp#27;[39m &amp#27;[37m-->&amp#27;[39m &amp#27;[37mPOST&amp#27;[39m &amp#27;[37m/wd/hub/session/8bc46446-73b9-46f3-8673-a9e1e5431af5/element/00000000-0000-0136-7fff-ffff00000049/click&amp#27;[39m
&amp#27;[35m[HTTP]&amp#27;[39m &amp#27;[90m{"id":"00000000-0000-0136-7fff-ffff00000049"}&amp#27;[39m
[debug] &amp#27;[35m[W3C (8bc46446)]&amp#27;[39m Calling AppiumDriver.click() with args: ["00000000-0000-0136-7fff-ffff00000049","8bc46446-73b9-46f3-8673-a9e1e5431af5"]
[debug] &amp#27;[35m[WD Proxy]&amp#27;[39m Matched '/element/00000000-0000-0136-7fff-ffff00000049/click' to command name 'click'
[debug] &amp#27;[35m[WD Proxy]&amp#27;[39m Proxying [POST /element/00000000-0000-0136-7fff-ffff00000049/click] to [POST http://127.0.0.1:8204/wd/hub/session/1ba6c3f2-83d8-4411-bd70-b85c0b3a5be5/element/00000000-0000-0136-7fff-ffff00000049/click] with body: {"element":"00000000-0000-0136-7fff-ffff00000049"}
[debug] &amp#27;[35m[WD Proxy]&amp#27;[39m Got response with status 200: {"sessionId":"1ba6c3f2-83d8-4411-bd70-b85c0b3a5be5","value":null}
[debug] &amp#27;[35m[W3C (8bc46446)]&amp#27;[39m Responding to client with driver.click() result: null
&amp#27;[35m[HTTP]&amp#27;[39m &amp#27;[37m<-- POST /wd/hub/session/8bc46446-73b9-46f3-8673-a9e1e5431af5/element/00000000-0000-0136-7fff-ffff00000049/click &amp#27;[39m&amp#27;[32m200&amp#27;[39m &amp#27;[90m31 ms - 14&amp#27;[39m
&amp#27;[35m[HTTP]&amp#27;[39m &amp#27;[90m&amp#27;[39m
&amp#27;[35m[HTTP]&amp#27;[39m &amp#27;[37m-->&amp#27;[39m &amp#27;[37mGET&amp#27;[39m &amp#27;[37m/wd/hub/session/8bc46446-73b9-46f3-8673-a9e1e5431af5/context&amp#27;[39m
&amp#27;[35m[HTTP]&amp#27;[39m &amp#27;[90m{}&amp#27;[39m
[debug] &amp#27;[35m[W3C (8bc46446)]&amp#27;[39m Calling AppiumDriver.getCurrentContext() with args: ["8bc46446-73b9-46f3-8673-a9e1e5431af5"]
[debug] &amp#27;[35m[W3C (8bc46446)]&amp#27;[39m Responding to client with driver.getCurrentContext() result: "NATIVE_APP"
&amp#27;[35m[HTTP]&amp#27;[39m &amp#27;[37m<-- GET /wd/hub/session/8bc46446-73b9-46f3-8673-a9e1e5431af5/context &amp#27;[39m&amp#27;[32m200&amp#27;[39m &amp#27;[90m1 ms - 22&amp#27;[39m
&amp#27;[35m[HTTP]&amp#27;[39m &amp#27;[90m&amp#27;[39m
&amp#27;[35m[HTTP]&amp#27;[39m &amp#27;[37m-->&amp#27;[39m &amp#27;[37mPOST&amp#27;[39m &amp#27;[37m/wd/hub/session/8bc46446-73b9-46f3-8673-a9e1e5431af5/element&amp#27;[39m
&amp#27;[35m[HTTP]&amp#27;[39m &amp#27;[90m{"using":"accessibility id","value":"button-SIGN UP"}&amp#27;[39m
[debug] &amp#27;[35m[W3C (8bc46446)]&amp#27;[39m Calling AppiumDriver.findElement() with args: ["accessibility id","button-SIGN UP","8bc46446-73b9-46f3-8673-a9e1e5431af5"]
[debug] &amp#27;[35m[BaseDriver]&amp#27;[39m Valid locator strategies for this request: xpath, id, class name, accessibility id, css selector, -android uiautomator
[debug] &amp#27;[35m[BaseDriver]&amp#27;[39m Waiting up to 30000 ms for condition
[debug] &amp#27;[35m[WD Proxy]&amp#27;[39m Matched '/element' to command name 'findElement'
[debug] &amp#27;[35m[WD Proxy]&amp#27;[39m Proxying [POST /element] to [POST http://127.0.0.1:8204/wd/hub/session/1ba6c3f2-83d8-4411-bd70-b85c0b3a5be5/element] with body: {"strategy":"accessibility id","selector":"button-SIGN UP","context":"","multiple":false}
[debug] &amp#27;[35m[WD Proxy]&amp#27;[39m Got response with status 200: {"sessionId":"1ba6c3f2-83d8-4411-bd70-b85c0b3a5be5","value":{"ELEMENT":"00000000-0000-0136-7fff-ffff00000055","element-6066-11e4-a52e-4f735466cecf":"00000000-0000-0136-7fff-ffff00000055"}}
[debug] &amp#27;[35m[W3C (8bc46446)]&amp#27;[39m Responding to client with driver.findElement() result: {"element-6066-11e4-a52e-4f735466cecf":"00000000-0000-0136-7fff-ffff00000055","ELEMENT":"00000000-0000-0136-7fff-ffff00000055"}
&amp#27;[35m[HTTP]&amp#27;[39m &amp#27;[37m<-- POST /wd/hub/session/8bc46446-73b9-46f3-8673-a9e1e5431af5/element &amp#27;[39m&amp#27;[32m200&amp#27;[39m &amp#27;[90m70 ms - 137&amp#27;[39m
&amp#27;[35m[HTTP]&amp#27;[39m &amp#27;[90m&amp#27;[39m
&amp#27;[35m[HTTP]&amp#27;[39m &amp#27;[37m-->&amp#27;[39m &amp#27;[37mGET&amp#27;[39m &amp#27;[37m/wd/hub/session/8bc46446-73b9-46f3-8673-a9e1e5431af5/element/00000000-0000-0136-7fff-ffff00000055/displayed&amp#27;[39m
&amp#27;[35m[HTTP]&amp#27;[39m &amp#27;[90m{}&amp#27;[39m
[debug] &amp#27;[35m[W3C (8bc46446)]&amp#27;[39m Calling AppiumDriver.elementDisplayed() with args: ["00000000-0000-0136-7fff-ffff00000055","8bc46446-73b9-46f3-8673-a9e1e5431af5"]
[debug] &amp#27;[35m[WD Proxy]&amp#27;[39m Matched '/element/00000000-0000-0136-7fff-ffff00000055/attribute/displayed' to command name 'getAttribute'
[debug] &amp#27;[35m[WD Proxy]&amp#27;[39m Proxying [GET /element/00000000-0000-0136-7fff-ffff00000055/attribute/displayed] to [GET http://127.0.0.1:8204/wd/hub/session/1ba6c3f2-83d8-4411-bd70-b85c0b3a5be5/element/00000000-0000-0136-7fff-ffff00000055/attribute/displayed] with no body
[debug] &amp#27;[35m[WD Proxy]&amp#27;[39m Got response with status 200: {"sessionId":"1ba6c3f2-83d8-4411-bd70-b85c0b3a5be5","value":"true"}
[debug] &amp#27;[35m[W3C (8bc46446)]&amp#27;[39m Responding to client with driver.elementDisplayed() result: true
&amp#27;[35m[HTTP]&amp#27;[39m &amp#27;[37m<-- GET /wd/hub/session/8bc46446-73b9-46f3-8673-a9e1e5431af5/element/00000000-0000-0136-7fff-ffff00000055/displayed &amp#27;[39m&amp#27;[32m200&amp#27;[39m &amp#27;[90m15 ms - 14&amp#27;[39m
&amp#27;[35m[HTTP]&amp#27;[39m &amp#27;[90m&amp#27;[39m
&amp#27;[35m[HTTP]&amp#27;[39m &amp#27;[37m-->&amp#27;[39m &amp#27;[37mGET&amp#27;[39m &amp#27;[37m/wd/hub/session/8bc46446-73b9-46f3-8673-a9e1e5431af5/context&amp#27;[39m
&amp#27;[35m[HTTP]&amp#27;[39m &amp#27;[90m{}&amp#27;[39m
[debug] &amp#27;[35m[W3C (8bc46446)]&amp#27;[39m Calling AppiumDriver.getCurrentContext() with args: ["8bc46446-73b9-46f3-8673-a9e1e5431af5"]
[debug] &amp#27;[35m[W3C (8bc46446)]&amp#27;[39m Responding to client with driver.getCurrentContext() result: "NATIVE_APP"
&amp#27;[35m[HTTP]&amp#27;[39m &amp#27;[37m<-- GET /wd/hub/session/8bc46446-73b9-46f3-8673-a9e1e5431af5/context &amp#27;[39m&amp#27;[32m200&amp#27;[39m &amp#27;[90m1 ms - 22&amp#27;[39m
&amp#27;[35m[HTTP]&amp#27;[39m &amp#27;[90m&amp#27;[39m
&amp#27;[35m[HTTP]&amp#27;[39m &amp#27;[37m-->&amp#27;[39m &amp#27;[37mPOST&amp#27;[39m &amp#27;[37m/wd/hub/session/8bc46446-73b9-46f3-8673-a9e1e5431af5/element&amp#27;[39m
&amp#27;[35m[HTTP]&amp#27;[39m &amp#27;[90m{"using":"accessibility id","value":"button-SIGN UP"}&amp#27;[39m
[debug] &amp#27;[35m[W3C (8bc46446)]&amp#27;[39m Calling AppiumDriver.findElement() with args: ["accessibility id","button-SIGN UP","8bc46446-73b9-46f3-8673-a9e1e5431af5"]
[debug] &amp#27;[35m[BaseDriver]&amp#27;[39m Valid locator strategies for this request: xpath, id, class name, accessibility id, css selector, -android uiautomator
[debug] &amp#27;[35m[BaseDriver]&amp#27;[39m Waiting up to 30000 ms for condition
[debug] &amp#27;[35m[WD Proxy]&amp#27;[39m Matched '/element' to command name 'findElement'
[debug] &amp#27;[35m[WD Proxy]&amp#27;[39m Proxying [POST /element] to [POST http://127.0.0.1:8204/wd/hub/session/1ba6c3f2-83d8-4411-bd70-b85c0b3a5be5/element] with body: {"strategy":"accessibility id","selector":"button-SIGN UP","context":"","multiple":false}
[debug] &amp#27;[35m[WD Proxy]&amp#27;[39m Got response with status 200: {"sessionId":"1ba6c3f2-83d8-4411-bd70-b85c0b3a5be5","value":{"ELEMENT":"00000000-0000-0136-7fff-ffff00000055","element-6066-11e4-a52e-4f735466cecf":"00000000-0000-0136-7fff-ffff00000055"}}
[debug] &amp#27;[35m[W3C (8bc46446)]&amp#27;[39m Responding to client with driver.findElement() result: {"element-6066-11e4-a52e-4f735466cecf":"00000000-0000-0136-7fff-ffff00000055","ELEMENT":"00000000-0000-0136-7fff-ffff00000055"}
&amp#27;[35m[HTTP]&amp#27;[39m &amp#27;[37m<-- POST /wd/hub/session/8bc46446-73b9-46f3-8673-a9e1e5431af5/element &amp#27;[39m&amp#27;[32m200&amp#27;[39m &amp#27;[90m57 ms - 137&amp#27;[39m
&amp#27;[35m[HTTP]&amp#27;[39m &amp#27;[90m&amp#27;[39m
&amp#27;[35m[HTTP]&amp#27;[39m &amp#27;[37m-->&amp#27;[39m &amp#27;[37mGET&amp#27;[39m &amp#27;[37m/wd/hub/session/8bc46446-73b9-46f3-8673-a9e1e5431af5/element/00000000-0000-0136-7fff-ffff00000055/displayed&amp#27;[39m
&amp#27;[35m[HTTP]&amp#27;[39m &amp#27;[90m{}&amp#27;[39m
[debug] &amp#27;[35m[W3C (8bc46446)]&amp#27;[39m Calling AppiumDriver.elementDisplayed() with args: ["00000000-0000-0136-7fff-ffff00000055","8bc46446-73b9-46f3-8673-a9e1e5431af5"]
[debug] &amp#27;[35m[WD Proxy]&amp#27;[39m Matched '/element/00000000-0000-0136-7fff-ffff00000055/attribute/displayed' to command name 'getAttribute'
[debug] &amp#27;[35m[WD Proxy]&amp#27;[39m Proxying [GET /element/00000000-0000-0136-7fff-ffff00000055/attribute/displayed] to [GET http://127.0.0.1:8204/wd/hub/session/1ba6c3f2-83d8-4411-bd70-b85c0b3a5be5/element/00000000-0000-0136-7fff-ffff00000055/attribute/displayed] with no body
[debug] &amp#27;[35m[WD Proxy]&amp#27;[39m Got response with status 200: {"sessionId":"1ba6c3f2-83d8-4411-bd70-b85c0b3a5be5","value":"true"}
[debug] &amp#27;[35m[W3C (8bc46446)]&amp#27;[39m Responding to client with driver.elementDisplayed() result: true
&amp#27;[35m[HTTP]&amp#27;[39m &amp#27;[37m<-- GET /wd/hub/session/8bc46446-73b9-46f3-8673-a9e1e5431af5/element/00000000-0000-0136-7fff-ffff00000055/displayed &amp#27;[39m&amp#27;[32m200&amp#27;[39m &amp#27;[90m18 ms - 14&amp#27;[39m
&amp#27;[35m[HTTP]&amp#27;[39m &amp#27;[90m&amp#27;[39m
&amp#27;[35m[HTTP]&amp#27;[39m &amp#27;[37m-->&amp#27;[39m &amp#27;[37mGET&amp#27;[39m &amp#27;[37m/wd/hub/session/8bc46446-73b9-46f3-8673-a9e1e5431af5/context&amp#27;[39m
&amp#27;[35m[HTTP]&amp#27;[39m &amp#27;[90m{}&amp#27;[39m
[debug] &amp#27;[35m[W3C (8bc46446)]&amp#27;[39m Calling AppiumDriver.getCurrentContext() with args: ["8bc46446-73b9-46f3-8673-a9e1e5431af5"]
[debug] &amp#27;[35m[W3C (8bc46446)]&amp#27;[39m Responding to client with driver.getCurrentContext() result: "NATIVE_APP"
&amp#27;[35m[HTTP]&amp#27;[39m &amp#27;[37m<-- GET /wd/hub/session/8bc46446-73b9-46f3-8673-a9e1e5431af5/context &amp#27;[39m&amp#27;[32m200&amp#27;[39m &amp#27;[90m1 ms - 22&amp#27;[39m
&amp#27;[35m[HTTP]&amp#27;[39m &amp#27;[90m&amp#27;[39m
&amp#27;[35m[HTTP]&amp#27;[39m &amp#27;[37m-->&amp#27;[39m &amp#27;[37mPOST&amp#27;[39m &amp#27;[37m/wd/hub/session/8bc46446-73b9-46f3-8673-a9e1e5431af5/element&amp#27;[39m
&amp#27;[35m[HTTP]&amp#27;[39m &amp#27;[90m{"using":"accessibility id","value":"input-email"}&amp#27;[39m
[debug] &amp#27;[35m[W3C (8bc46446)]&amp#27;[39m Calling AppiumDriver.findElement() with args: ["accessibility id","input-email","8bc46446-73b9-46f3-8673-a9e1e5431af5"]
[debug] &amp#27;[35m[BaseDriver]&amp#27;[39m Valid locator strategies for this request: xpath, id, class name, accessibility id, css selector, -android uiautomator
[debug] &amp#27;[35m[BaseDriver]&amp#27;[39m Waiting up to 30000 ms for condition
[debug] &amp#27;[35m[WD Proxy]&amp#27;[39m Matched '/element' to command name 'findElement'
[debug] &amp#27;[35m[WD Proxy]&amp#27;[39m Proxying [POST /element] to [POST http://127.0.0.1:8204/wd/hub/session/1ba6c3f2-83d8-4411-bd70-b85c0b3a5be5/element] with body: {"strategy":"accessibility id","selector":"input-email","context":"","multiple":false}
[debug] &amp#27;[35m[WD Proxy]&amp#27;[39m Got response with status 200: {"sessionId":"1ba6c3f2-83d8-4411-bd70-b85c0b3a5be5","value":{"ELEMENT":"00000000-0000-0136-7fff-ffff0000003c","element-6066-11e4-a52e-4f735466cecf":"00000000-0000-0136-7fff-ffff0000003c"}}
[debug] &amp#27;[35m[W3C (8bc46446)]&amp#27;[39m Responding to client with driver.findElement() result: {"element-6066-11e4-a52e-4f735466cecf":"00000000-0000-0136-7fff-ffff0000003c","ELEMENT":"00000000-0000-0136-7fff-ffff0000003c"}
&amp#27;[35m[HTTP]&amp#27;[39m &amp#27;[37m<-- POST /wd/hub/session/8bc46446-73b9-46f3-8673-a9e1e5431af5/element &amp#27;[39m&amp#27;[32m200&amp#27;[39m &amp#27;[90m52 ms - 137&amp#27;[39m
&amp#27;[35m[HTTP]&amp#27;[39m &amp#27;[90m&amp#27;[39m
&amp#27;[35m[HTTP]&amp#27;[39m &amp#27;[37m-->&amp#27;[39m &amp#27;[37mGET&amp#27;[39m &amp#27;[37m/wd/hub/session/8bc46446-73b9-46f3-8673-a9e1e5431af5/element/00000000-0000-0136-7fff-ffff0000003c/displayed&amp#27;[39m
&amp#27;[35m[HTTP]&amp#27;[39m &amp#27;[90m{}&amp#27;[39m
[debug] &amp#27;[35m[W3C (8bc46446)]&amp#27;[39m Calling AppiumDriver.elementDisplayed() with args: ["00000000-0000-0136-7fff-ffff0000003c","8bc46446-73b9-46f3-8673-a9e1e5431af5"]
[debug] &amp#27;[35m[WD Proxy]&amp#27;[39m Matched '/element/00000000-0000-0136-7fff-ffff0000003c/attribute/displayed' to command name 'getAttribute'
[debug] &amp#27;[35m[WD Proxy]&amp#27;[39m Proxying [GET /element/00000000-0000-0136-7fff-ffff0000003c/attribute/displayed] to [GET http://127.0.0.1:8204/wd/hub/session/1ba6c3f2-83d8-4411-bd70-b85c0b3a5be5/element/00000000-0000-0136-7fff-ffff0000003c/attribute/displayed] with no body
[debug] &amp#27;[35m[WD Proxy]&amp#27;[39m Got response with status 200: {"sessionId":"1ba6c3f2-83d8-4411-bd70-b85c0b3a5be5","value":"true"}
[debug] &amp#27;[35m[W3C (8bc46446)]&amp#27;[39m Responding to client with driver.elementDisplayed() result: true
&amp#27;[35m[HTTP]&amp#27;[39m &amp#27;[37m<-- GET /wd/hub/session/8bc46446-73b9-46f3-8673-a9e1e5431af5/element/00000000-0000-0136-7fff-ffff0000003c/displayed &amp#27;[39m&amp#27;[32m200&amp#27;[39m &amp#27;[90m18 ms - 14&amp#27;[39m
&amp#27;[35m[HTTP]&amp#27;[39m &amp#27;[90m&amp#27;[39m
&amp#27;[35m[HTTP]&amp#27;[39m &amp#27;[37m-->&amp#27;[39m &amp#27;[37mGET&amp#27;[39m &amp#27;[37m/wd/hub/session/8bc46446-73b9-46f3-8673-a9e1e5431af5/context&amp#27;[39m
&amp#27;[35m[HTTP]&amp#27;[39m &amp#27;[90m{}&amp#27;[39m
[debug] &amp#27;[35m[W3C (8bc46446)]&amp#27;[39m Calling AppiumDriver.getCurrentContext() with args: ["8bc46446-73b9-46f3-8673-a9e1e5431af5"]
[debug] &amp#27;[35m[W3C (8bc46446)]&amp#27;[39m Responding to client with driver.getCurrentContext() result: "NATIVE_APP"
&amp#27;[35m[HTTP]&amp#27;[39m &amp#27;[37m<-- GET /wd/hub/session/8bc46446-73b9-46f3-8673-a9e1e5431af5/context &amp#27;[39m&amp#27;[32m200&amp#27;[39m &amp#27;[90m1 ms - 22&amp#27;[39m
&amp#27;[35m[HTTP]&amp#27;[39m &amp#27;[90m&amp#27;[39m
&amp#27;[35m[HTTP]&amp#27;[39m &amp#27;[37m-->&amp#27;[39m &amp#27;[37mPOST&amp#27;[39m &amp#27;[37m/wd/hub/session/8bc46446-73b9-46f3-8673-a9e1e5431af5/element&amp#27;[39m
&amp#27;[35m[HTTP]&amp#27;[39m &amp#27;[90m{"using":"accessibility id","value":"input-email"}&amp#27;[39m
[debug] &amp#27;[35m[W3C (8bc46446)]&amp#27;[39m Calling AppiumDriver.findElement() with args: ["accessibility id","input-email","8bc46446-73b9-46f3-8673-a9e1e5431af5"]
[debug] &amp#27;[35m[BaseDriver]&amp#27;[39m Valid locator strategies for this request: xpath, id, class name, accessibility id, css selector, -android uiautomator
[debug] &amp#27;[35m[BaseDriver]&amp#27;[39m Waiting up to 30000 ms for condition
[debug] &amp#27;[35m[WD Proxy]&amp#27;[39m Matched '/element' to command name 'findElement'
[debug] &amp#27;[35m[WD Proxy]&amp#27;[39m Proxying [POST /element] to [POST http://127.0.0.1:8204/wd/hub/session/1ba6c3f2-83d8-4411-bd70-b85c0b3a5be5/element] with body: {"strategy":"accessibility id","selector":"input-email","context":"","multiple":false}
[debug] &amp#27;[35m[WD Proxy]&amp#27;[39m Got response with status 200: {"sessionId":"1ba6c3f2-83d8-4411-bd70-b85c0b3a5be5","value":{"ELEMENT":"00000000-0000-0136-7fff-ffff0000003c","element-6066-11e4-a52e-4f735466cecf":"00000000-0000-0136-7fff-ffff0000003c"}}
[debug] &amp#27;[35m[W3C (8bc46446)]&amp#27;[39m Responding to client with driver.findElement() result: {"element-6066-11e4-a52e-4f735466cecf":"00000000-0000-0136-7fff-ffff0000003c","ELEMENT":"00000000-0000-0136-7fff-ffff0000003c"}
&amp#27;[35m[HTTP]&amp#27;[39m &amp#27;[37m<-- POST /wd/hub/session/8bc46446-73b9-46f3-8673-a9e1e5431af5/element &amp#27;[39m&amp#27;[32m200&amp#27;[39m &amp#27;[90m50 ms - 137&amp#27;[39m
&amp#27;[35m[HTTP]&amp#27;[39m &amp#27;[90m&amp#27;[39m
&amp#27;[35m[HTTP]&amp#27;[39m &amp#27;[37m-->&amp#27;[39m &amp#27;[37mPOST&amp#27;[39m &amp#27;[37m/wd/hub/session/8bc46446-73b9-46f3-8673-a9e1e5431af5/element/00000000-0000-0136-7fff-ffff0000003c/clear&amp#27;[39m
&amp#27;[35m[HTTP]&amp#27;[39m &amp#27;[90m{"id":"00000000-0000-0136-7fff-ffff0000003c"}&amp#27;[39m
[debug] &amp#27;[35m[W3C (8bc46446)]&amp#27;[39m Calling AppiumDriver.clear() with args: ["00000000-0000-0136-7fff-ffff0000003c","8bc46446-73b9-46f3-8673-a9e1e5431af5"]
[debug] &amp#27;[35m[WD Proxy]&amp#27;[39m Matched '/element/00000000-0000-0136-7fff-ffff0000003c/clear' to command name 'clear'
[debug] &amp#27;[35m[WD Proxy]&amp#27;[39m Proxying [POST /element/00000000-0000-0136-7fff-ffff0000003c/clear] to [POST http://127.0.0.1:8204/wd/hub/session/1ba6c3f2-83d8-4411-bd70-b85c0b3a5be5/element/00000000-0000-0136-7fff-ffff0000003c/clear] with body: {"elementId":"00000000-0000-0136-7fff-ffff0000003c"}
[debug] &amp#27;[35m[WD Proxy]&amp#27;[39m Got response with status 200: {"sessionId":"1ba6c3f2-83d8-4411-bd70-b85c0b3a5be5","value":null}
[debug] &amp#27;[35m[W3C (8bc46446)]&amp#27;[39m Responding to client with driver.clear() result: null
&amp#27;[35m[HTTP]&amp#27;[39m &amp#27;[37m<-- POST /wd/hub/session/8bc46446-73b9-46f3-8673-a9e1e5431af5/element/00000000-0000-0136-7fff-ffff0000003c/clear &amp#27;[39m&amp#27;[32m200&amp#27;[39m &amp#27;[90m33 ms - 14&amp#27;[39m
&amp#27;[35m[HTTP]&amp#27;[39m &amp#27;[90m&amp#27;[39m
&amp#27;[35m[HTTP]&amp#27;[39m &amp#27;[37m-->&amp#27;[39m &amp#27;[37mGET&amp#27;[39m &amp#27;[37m/wd/hub/session/8bc46446-73b9-46f3-8673-a9e1e5431af5/context&amp#27;[39m
&amp#27;[35m[HTTP]&amp#27;[39m &amp#27;[90m{}&amp#27;[39m
[debug] &amp#27;[35m[W3C (8bc46446)]&amp#27;[39m Calling AppiumDriver.getCurrentContext() with args: ["8bc46446-73b9-46f3-8673-a9e1e5431af5"]
[debug] &amp#27;[35m[W3C (8bc46446)]&amp#27;[39m Responding to client with driver.getCurrentContext() result: "NATIVE_APP"
&amp#27;[35m[HTTP]&amp#27;[39m &amp#27;[37m<-- GET /wd/hub/session/8bc46446-73b9-46f3-8673-a9e1e5431af5/context &amp#27;[39m&amp#27;[32m200&amp#27;[39m &amp#27;[90m1 ms - 22&amp#27;[39m
&amp#27;[35m[HTTP]&amp#27;[39m &amp#27;[90m&amp#27;[39m
&amp#27;[35m[HTTP]&amp#27;[39m &amp#27;[37m-->&amp#27;[39m &amp#27;[37mPOST&amp#27;[39m &amp#27;[37m/wd/hub/session/8bc46446-73b9-46f3-8673-a9e1e5431af5/element&amp#27;[39m
&amp#27;[35m[HTTP]&amp#27;[39m &amp#27;[90m{"using":"accessibility id","value":"input-email"}&amp#27;[39m
[debug] &amp#27;[35m[W3C (8bc46446)]&amp#27;[39m Calling AppiumDriver.findElement() with args: ["accessibility id","input-email","8bc46446-73b9-46f3-8673-a9e1e5431af5"]
[debug] &amp#27;[35m[BaseDriver]&amp#27;[39m Valid locator strategies for this request: xpath, id, class name, accessibility id, css selector, -android uiautomator
[debug] &amp#27;[35m[BaseDriver]&amp#27;[39m Waiting up to 30000 ms for condition
[debug] &amp#27;[35m[WD Proxy]&amp#27;[39m Matched '/element' to command name 'findElement'
[debug] &amp#27;[35m[WD Proxy]&amp#27;[39m Proxying [POST /element] to [POST http://127.0.0.1:8204/wd/hub/session/1ba6c3f2-83d8-4411-bd70-b85c0b3a5be5/element] with body: {"strategy":"accessibility id","selector":"input-email","context":"","multiple":false}
[debug] &amp#27;[35m[WD Proxy]&amp#27;[39m Got response with status 200: {"sessionId":"1ba6c3f2-83d8-4411-bd70-b85c0b3a5be5","value":{"ELEMENT":"00000000-0000-0136-7fff-ffff0000003c","element-6066-11e4-a52e-4f735466cecf":"00000000-0000-0136-7fff-ffff0000003c"}}
[debug] &amp#27;[35m[W3C (8bc46446)]&amp#27;[39m Responding to client with driver.findElement() result: {"element-6066-11e4-a52e-4f735466cecf":"00000000-0000-0136-7fff-ffff0000003c","ELEMENT":"00000000-0000-0136-7fff-ffff0000003c"}
&amp#27;[35m[HTTP]&amp#27;[39m &amp#27;[37m<-- POST /wd/hub/session/8bc46446-73b9-46f3-8673-a9e1e5431af5/element &amp#27;[39m&amp#27;[32m200&amp#27;[39m &amp#27;[90m1158 ms - 137&amp#27;[39m
&amp#27;[35m[HTTP]&amp#27;[39m &amp#27;[90m&amp#27;[39m
&amp#27;[35m[HTTP]&amp#27;[39m &amp#27;[37m-->&amp#27;[39m &amp#27;[37mGET&amp#27;[39m &amp#27;[37m/wd/hub/session/8bc46446-73b9-46f3-8673-a9e1e5431af5/element/00000000-0000-0136-7fff-ffff0000003c/displayed&amp#27;[39m
&amp#27;[35m[HTTP]&amp#27;[39m &amp#27;[90m{}&amp#27;[39m
[debug] &amp#27;[35m[W3C (8bc46446)]&amp#27;[39m Calling AppiumDriver.elementDisplayed() with args: ["00000000-0000-0136-7fff-ffff0000003c","8bc46446-73b9-46f3-8673-a9e1e5431af5"]
[debug] &amp#27;[35m[WD Proxy]&amp#27;[39m Matched '/element/00000000-0000-0136-7fff-ffff0000003c/attribute/displayed' to command name 'getAttribute'
[debug] &amp#27;[35m[WD Proxy]&amp#27;[39m Proxying [GET /element/00000000-0000-0136-7fff-ffff0000003c/attribute/displayed] to [GET http://127.0.0.1:8204/wd/hub/session/1ba6c3f2-83d8-4411-bd70-b85c0b3a5be5/element/00000000-0000-0136-7fff-ffff0000003c/attribute/displayed] with no body
[debug] &amp#27;[35m[WD Proxy]&amp#27;[39m Got response with status 200: {"sessionId":"1ba6c3f2-83d8-4411-bd70-b85c0b3a5be5","value":"true"}
[debug] &amp#27;[35m[W3C (8bc46446)]&amp#27;[39m Responding to client with driver.elementDisplayed() result: true
&amp#27;[35m[HTTP]&amp#27;[39m &amp#27;[37m<-- GET /wd/hub/session/8bc46446-73b9-46f3-8673-a9e1e5431af5/element/00000000-0000-0136-7fff-ffff0000003c/displayed &amp#27;[39m&amp#27;[32m200&amp#27;[39m &amp#27;[90m17 ms - 14&amp#27;[39m
&amp#27;[35m[HTTP]&amp#27;[39m &amp#27;[90m&amp#27;[39m
&amp#27;[35m[HTTP]&amp#27;[39m &amp#27;[37m-->&amp#27;[39m &amp#27;[37mGET&amp#27;[39m &amp#27;[37m/wd/hub/session/8bc46446-73b9-46f3-8673-a9e1e5431af5/context&amp#27;[39m
&amp#27;[35m[HTTP]&amp#27;[39m &amp#27;[90m{}&amp#27;[39m
[debug] &amp#27;[35m[W3C (8bc46446)]&amp#27;[39m Calling AppiumDriver.getCurrentContext() with args: ["8bc46446-73b9-46f3-8673-a9e1e5431af5"]
[debug] &amp#27;[35m[W3C (8bc46446)]&amp#27;[39m Responding to client with driver.getCurrentContext() result: "NATIVE_APP"
&amp#27;[35m[HTTP]&amp#27;[39m &amp#27;[37m<-- GET /wd/hub/session/8bc46446-73b9-46f3-8673-a9e1e5431af5/context &amp#27;[39m&amp#27;[32m200&amp#27;[39m &amp#27;[90m1 ms - 22&amp#27;[39m
&amp#27;[35m[HTTP]&amp#27;[39m &amp#27;[90m&amp#27;[39m
&amp#27;[35m[HTTP]&amp#27;[39m &amp#27;[37m-->&amp#27;[39m &amp#27;[37mPOST&amp#27;[39m &amp#27;[37m/wd/hub/session/8bc46446-73b9-46f3-8673-a9e1e5431af5/element&amp#27;[39m
&amp#27;[35m[HTTP]&amp#27;[39m &amp#27;[90m{"using":"accessibility id","value":"input-email"}&amp#27;[39m
[debug] &amp#27;[35m[W3C (8bc46446)]&amp#27;[39m Calling AppiumDriver.findElement() with args: ["accessibility id","input-email","8bc46446-73b9-46f3-8673-a9e1e5431af5"]
[debug] &amp#27;[35m[BaseDriver]&amp#27;[39m Valid locator strategies for this request: xpath, id, class name, accessibility id, css selector, -android uiautomator
[debug] &amp#27;[35m[BaseDriver]&amp#27;[39m Waiting up to 30000 ms for condition
[debug] &amp#27;[35m[WD Proxy]&amp#27;[39m Matched '/element' to command name 'findElement'
[debug] &amp#27;[35m[WD Proxy]&amp#27;[39m Proxying [POST /element] to [POST http://127.0.0.1:8204/wd/hub/session/1ba6c3f2-83d8-4411-bd70-b85c0b3a5be5/element] with body: {"strategy":"accessibility id","selector":"input-email","context":"","multiple":false}
[debug] &amp#27;[35m[WD Proxy]&amp#27;[39m Got response with status 200: {"sessionId":"1ba6c3f2-83d8-4411-bd70-b85c0b3a5be5","value":{"ELEMENT":"00000000-0000-0136-7fff-ffff0000003c","element-6066-11e4-a52e-4f735466cecf":"00000000-0000-0136-7fff-ffff0000003c"}}
[debug] &amp#27;[35m[W3C (8bc46446)]&amp#27;[39m Responding to client with driver.findElement() result: {"element-6066-11e4-a52e-4f735466cecf":"00000000-0000-0136-7fff-ffff0000003c","ELEMENT":"00000000-0000-0136-7fff-ffff0000003c"}
&amp#27;[35m[HTTP]&amp#27;[39m &amp#27;[37m<-- POST /wd/hub/session/8bc46446-73b9-46f3-8673-a9e1e5431af5/element &amp#27;[39m&amp#27;[32m200&amp#27;[39m &amp#27;[90m54 ms - 137&amp#27;[39m
&amp#27;[35m[HTTP]&amp#27;[39m &amp#27;[90m&amp#27;[39m
&amp#27;[35m[HTTP]&amp#27;[39m &amp#27;[37m-->&amp#27;[39m &amp#27;[37mPOST&amp#27;[39m &amp#27;[37m/wd/hub/session/8bc46446-73b9-46f3-8673-a9e1e5431af5/element/00000000-0000-0136-7fff-ffff0000003c/value&amp#27;[39m
&amp#27;[35m[HTTP]&amp#27;[39m &amp#27;[90m{"id":"00000000-0000-0136-7fff-ffff0000003c","text":"tunghuynh.gmail.com","value":["t","u","n","g","h","u","y","n","h",".","g","m","a","i","l",".","c","o","m"]}&amp#27;[39m
[debug] &amp#27;[35m[W3C (8bc46446)]&amp#27;[39m Calling AppiumDriver.setValue() with args: [["t","u","n","g","h","u","y","n","h",".","g","m","a","i","l",".","c","o","m"],"00000000-0000-0136-7fff-ffff0000003c","8bc46446-73b9-46f3-8673-a9e1e5431af5"]
[debug] &amp#27;[35m[WD Proxy]&amp#27;[39m Matched '/element/00000000-0000-0136-7fff-ffff0000003c/value' to command name 'setValue'
[debug] &amp#27;[35m[Protocol Converter]&amp#27;[39m Added 'value' property ["t","u","n","g","h","u","y","n","h",".","g","m","a","i","l",".","c","o","m"] to 'setValue' request body
[debug] &amp#27;[35m[WD Proxy]&amp#27;[39m Proxying [POST /element/00000000-0000-0136-7fff-ffff0000003c/value] to [POST http://127.0.0.1:8204/wd/hub/session/1ba6c3f2-83d8-4411-bd70-b85c0b3a5be5/element/00000000-0000-0136-7fff-ffff0000003c/value] with body: {"elementId":"00000000-0000-0136-7fff-ffff0000003c","text":"tunghuynh.gmail.com","replace":false,"value":["t","u","n","g","h","u","y","n","h",".","g","m","a","i","l",".","c","o","m"]}
[debug] &amp#27;[35m[WD Proxy]&amp#27;[39m Got response with status 200: {"sessionId":"1ba6c3f2-83d8-4411-bd70-b85c0b3a5be5","value":null}
[debug] &amp#27;[35m[W3C (8bc46446)]&amp#27;[39m Responding to client with driver.setValue() result: null
&amp#27;[35m[HTTP]&amp#27;[39m &amp#27;[37m<-- POST /wd/hub/session/8bc46446-73b9-46f3-8673-a9e1e5431af5/element/00000000-0000-0136-7fff-ffff0000003c/value &amp#27;[39m&amp#27;[32m200&amp#27;[39m &amp#27;[90m872 ms - 14&amp#27;[39m
&amp#27;[35m[HTTP]&amp#27;[39m &amp#27;[90m&amp#27;[39m
&amp#27;[35m[HTTP]&amp#27;[39m &amp#27;[37m-->&amp#27;[39m &amp#27;[37mGET&amp#27;[39m &amp#27;[37m/wd/hub/session/8bc46446-73b9-46f3-8673-a9e1e5431af5/context&amp#27;[39m
&amp#27;[35m[HTTP]&amp#27;[39m &amp#27;[90m{}&amp#27;[39m
[debug] &amp#27;[35m[W3C (8bc46446)]&amp#27;[39m Calling AppiumDriver.getCurrentContext() with args: ["8bc46446-73b9-46f3-8673-a9e1e5431af5"]
[debug] &amp#27;[35m[W3C (8bc46446)]&amp#27;[39m Responding to client with driver.getCurrentContext() result: "NATIVE_APP"
&amp#27;[35m[HTTP]&amp#27;[39m &amp#27;[37m<-- GET /wd/hub/session/8bc46446-73b9-46f3-8673-a9e1e5431af5/context &amp#27;[39m&amp#27;[32m200&amp#27;[39m &amp#27;[90m1 ms - 22&amp#27;[39m
&amp#27;[35m[HTTP]&amp#27;[39m &amp#27;[90m&amp#27;[39m
&amp#27;[35m[HTTP]&amp#27;[39m &amp#27;[37m-->&amp#27;[39m &amp#27;[37mPOST&amp#27;[39m &amp#27;[37m/wd/hub/session/8bc46446-73b9-46f3-8673-a9e1e5431af5/element&amp#27;[39m
&amp#27;[35m[HTTP]&amp#27;[39m &amp#27;[90m{"using":"accessibility id","value":"input-password"}&amp#27;[39m
[debug] &amp#27;[35m[W3C (8bc46446)]&amp#27;[39m Calling AppiumDriver.findElement() with args: ["accessibility id","input-password","8bc46446-73b9-46f3-8673-a9e1e5431af5"]
[debug] &amp#27;[35m[BaseDriver]&amp#27;[39m Valid locator strategies for this request: xpath, id, class name, accessibility id, css selector, -android uiautomator
[debug] &amp#27;[35m[BaseDriver]&amp#27;[39m Waiting up to 30000 ms for condition
[debug] &amp#27;[35m[WD Proxy]&amp#27;[39m Matched '/element' to command name 'findElement'
[debug] &amp#27;[35m[WD Proxy]&amp#27;[39m Proxying [POST /element] to [POST http://127.0.0.1:8204/wd/hub/session/1ba6c3f2-83d8-4411-bd70-b85c0b3a5be5/element] with body: {"strategy":"accessibility id","selector":"input-password","context":"","multiple":false}
[debug] &amp#27;[35m[WD Proxy]&amp#27;[39m Got response with status 200: {"sessionId":"1ba6c3f2-83d8-4411-bd70-b85c0b3a5be5","value":{"ELEMENT":"00000000-0000-0136-7fff-ffff0000003e","element-6066-11e4-a52e-4f735466cecf":"00000000-0000-0136-7fff-ffff0000003e"}}
[debug] &amp#27;[35m[W3C (8bc46446)]&amp#27;[39m Responding to client with driver.findElement() result: {"element-6066-11e4-a52e-4f735466cecf":"00000000-0000-0136-7fff-ffff0000003e","ELEMENT":"00000000-0000-0136-7fff-ffff0000003e"}
&amp#27;[35m[HTTP]&amp#27;[39m &amp#27;[37m<-- POST /wd/hub/session/8bc46446-73b9-46f3-8673-a9e1e5431af5/element &amp#27;[39m&amp#27;[32m200&amp#27;[39m &amp#27;[90m1033 ms - 137&amp#27;[39m
&amp#27;[35m[HTTP]&amp#27;[39m &amp#27;[90m&amp#27;[39m
&amp#27;[35m[HTTP]&amp#27;[39m &amp#27;[37m-->&amp#27;[39m &amp#27;[37mGET&amp#27;[39m &amp#27;[37m/wd/hub/session/8bc46446-73b9-46f3-8673-a9e1e5431af5/element/00000000-0000-0136-7fff-ffff0000003e/displayed&amp#27;[39m
&amp#27;[35m[HTTP]&amp#27;[39m &amp#27;[90m{}&amp#27;[39m
[debug] &amp#27;[35m[W3C (8bc46446)]&amp#27;[39m Calling AppiumDriver.elementDisplayed() with args: ["00000000-0000-0136-7fff-ffff0000003e","8bc46446-73b9-46f3-8673-a9e1e5431af5"]
[debug] &amp#27;[35m[WD Proxy]&amp#27;[39m Matched '/element/00000000-0000-0136-7fff-ffff0000003e/attribute/displayed' to command name 'getAttribute'
[debug] &amp#27;[35m[WD Proxy]&amp#27;[39m Proxying [GET /element/00000000-0000-0136-7fff-ffff0000003e/attribute/displayed] to [GET http://127.0.0.1:8204/wd/hub/session/1ba6c3f2-83d8-4411-bd70-b85c0b3a5be5/element/00000000-0000-0136-7fff-ffff0000003e/attribute/displayed] with no body
[debug] &amp#27;[35m[WD Proxy]&amp#27;[39m Got response with status 200: {"sessionId":"1ba6c3f2-83d8-4411-bd70-b85c0b3a5be5","value":"true"}
[debug] &amp#27;[35m[W3C (8bc46446)]&amp#27;[39m Responding to client with driver.elementDisplayed() result: true
&amp#27;[35m[HTTP]&amp#27;[39m &amp#27;[37m<-- GET /wd/hub/session/8bc46446-73b9-46f3-8673-a9e1e5431af5/element/00000000-0000-0136-7fff-ffff0000003e/displayed &amp#27;[39m&amp#27;[32m200&amp#27;[39m &amp#27;[90m18 ms - 14&amp#27;[39m
&amp#27;[35m[HTTP]&amp#27;[39m &amp#27;[90m&amp#27;[39m
&amp#27;[35m[HTTP]&amp#27;[39m &amp#27;[37m-->&amp#27;[39m &amp#27;[37mGET&amp#27;[39m &amp#27;[37m/wd/hub/session/8bc46446-73b9-46f3-8673-a9e1e5431af5/context&amp#27;[39m
&amp#27;[35m[HTTP]&amp#27;[39m &amp#27;[90m{}&amp#27;[39m
[debug] &amp#27;[35m[W3C (8bc46446)]&amp#27;[39m Calling AppiumDriver.getCurrentContext() with args: ["8bc46446-73b9-46f3-8673-a9e1e5431af5"]
[debug] &amp#27;[35m[W3C (8bc46446)]&amp#27;[39m Responding to client with driver.getCurrentContext() result: "NATIVE_APP"
&amp#27;[35m[HTTP]&amp#27;[39m &amp#27;[37m<-- GET /wd/hub/session/8bc46446-73b9-46f3-8673-a9e1e5431af5/context &amp#27;[39m&amp#27;[32m200&amp#27;[39m &amp#27;[90m1 ms - 22&amp#27;[39m
&amp#27;[35m[HTTP]&amp#27;[39m &amp#27;[90m&amp#27;[39m
&amp#27;[35m[HTTP]&amp#27;[39m &amp#27;[37m-->&amp#27;[39m &amp#27;[37mPOST&amp#27;[39m &amp#27;[37m/wd/hub/session/8bc46446-73b9-46f3-8673-a9e1e5431af5/element&amp#27;[39m
&amp#27;[35m[HTTP]&amp#27;[39m &amp#27;[90m{"using":"accessibility id","value":"input-password"}&amp#27;[39m
[debug] &amp#27;[35m[W3C (8bc46446)]&amp#27;[39m Calling AppiumDriver.findElement() with args: ["accessibility id","input-password","8bc46446-73b9-46f3-8673-a9e1e5431af5"]
[debug] &amp#27;[35m[BaseDriver]&amp#27;[39m Valid locator strategies for this request: xpath, id, class name, accessibility id, css selector, -android uiautomator
[debug] &amp#27;[35m[BaseDriver]&amp#27;[39m Waiting up to 30000 ms for condition
[debug] &amp#27;[35m[WD Proxy]&amp#27;[39m Matched '/element' to command name 'findElement'
[debug] &amp#27;[35m[WD Proxy]&amp#27;[39m Proxying [POST /element] to [POST http://127.0.0.1:8204/wd/hub/session/1ba6c3f2-83d8-4411-bd70-b85c0b3a5be5/element] with body: {"strategy":"accessibility id","selector":"input-password","context":"","multiple":false}
[debug] &amp#27;[35m[WD Proxy]&amp#27;[39m Got response with status 200: {"sessionId":"1ba6c3f2-83d8-4411-bd70-b85c0b3a5be5","value":{"ELEMENT":"00000000-0000-0136-7fff-ffff0000003e","element-6066-11e4-a52e-4f735466cecf":"00000000-0000-0136-7fff-ffff0000003e"}}
[debug] &amp#27;[35m[W3C (8bc46446)]&amp#27;[39m Responding to client with driver.findElement() result: {"element-6066-11e4-a52e-4f735466cecf":"00000000-0000-0136-7fff-ffff0000003e","ELEMENT":"00000000-0000-0136-7fff-ffff0000003e"}
&amp#27;[35m[HTTP]&amp#27;[39m &amp#27;[37m<-- POST /wd/hub/session/8bc46446-73b9-46f3-8673-a9e1e5431af5/element &amp#27;[39m&amp#27;[32m200&amp#27;[39m &amp#27;[90m52 ms - 137&amp#27;[39m
&amp#27;[35m[HTTP]&amp#27;[39m &amp#27;[90m&amp#27;[39m
&amp#27;[35m[HTTP]&amp#27;[39m &amp#27;[37m-->&amp#27;[39m &amp#27;[37mPOST&amp#27;[39m &amp#27;[37m/wd/hub/session/8bc46446-73b9-46f3-8673-a9e1e5431af5/element/00000000-0000-0136-7fff-ffff0000003e/clear&amp#27;[39m
&amp#27;[35m[HTTP]&amp#27;[39m &amp#27;[90m{"id":"00000000-0000-0136-7fff-ffff0000003e"}&amp#27;[39m
[debug] &amp#27;[35m[W3C (8bc46446)]&amp#27;[39m Calling AppiumDriver.clear() with args: ["00000000-0000-0136-7fff-ffff0000003e","8bc46446-73b9-46f3-8673-a9e1e5431af5"]
[debug] &amp#27;[35m[WD Proxy]&amp#27;[39m Matched '/element/00000000-0000-0136-7fff-ffff0000003e/clear' to command name 'clear'
[debug] &amp#27;[35m[WD Proxy]&amp#27;[39m Proxying [POST /element/00000000-0000-0136-7fff-ffff0000003e/clear] to [POST http://127.0.0.1:8204/wd/hub/session/1ba6c3f2-83d8-4411-bd70-b85c0b3a5be5/element/00000000-0000-0136-7fff-ffff0000003e/clear] with body: {"elementId":"00000000-0000-0136-7fff-ffff0000003e"}
[debug] &amp#27;[35m[WD Proxy]&amp#27;[39m Got response with status 200: {"sessionId":"1ba6c3f2-83d8-4411-bd70-b85c0b3a5be5","value":null}
[debug] &amp#27;[35m[W3C (8bc46446)]&amp#27;[39m Responding to client with driver.clear() result: null
&amp#27;[35m[HTTP]&amp#27;[39m &amp#27;[37m<-- POST /wd/hub/session/8bc46446-73b9-46f3-8673-a9e1e5431af5/element/00000000-0000-0136-7fff-ffff0000003e/clear &amp#27;[39m&amp#27;[32m200&amp#27;[39m &amp#27;[90m26 ms - 14&amp#27;[39m
&amp#27;[35m[HTTP]&amp#27;[39m &amp#27;[90m&amp#27;[39m
&amp#27;[35m[HTTP]&amp#27;[39m &amp#27;[37m-->&amp#27;[39m &amp#27;[37mGET&amp#27;[39m &amp#27;[37m/wd/hub/session/8bc46446-73b9-46f3-8673-a9e1e5431af5/context&amp#27;[39m
&amp#27;[35m[HTTP]&amp#27;[39m &amp#27;[90m{}&amp#27;[39m
[debug] &amp#27;[35m[W3C (8bc46446)]&amp#27;[39m Calling AppiumDriver.getCurrentContext() with args: ["8bc46446-73b9-46f3-8673-a9e1e5431af5"]
[debug] &amp#27;[35m[W3C (8bc46446)]&amp#27;[39m Responding to client with driver.getCurrentContext() result: "NATIVE_APP"
&amp#27;[35m[HTTP]&amp#27;[39m &amp#27;[37m<-- GET /wd/hub/session/8bc46446-73b9-46f3-8673-a9e1e5431af5/context &amp#27;[39m&amp#27;[32m200&amp#27;[39m &amp#27;[90m1 ms - 22&amp#27;[39m
&amp#27;[35m[HTTP]&amp#27;[39m &amp#27;[90m&amp#27;[39m
&amp#27;[35m[HTTP]&amp#27;[39m &amp#27;[37m-->&amp#27;[39m &amp#27;[37mPOST&amp#27;[39m &amp#27;[37m/wd/hub/session/8bc46446-73b9-46f3-8673-a9e1e5431af5/element&amp#27;[39m
&amp#27;[35m[HTTP]&amp#27;[39m &amp#27;[90m{"using":"accessibility id","value":"input-password"}&amp#27;[39m
[debug] &amp#27;[35m[W3C (8bc46446)]&amp#27;[39m Calling AppiumDriver.findElement() with args: ["accessibility id","input-password","8bc46446-73b9-46f3-8673-a9e1e5431af5"]
[debug] &amp#27;[35m[BaseDriver]&amp#27;[39m Valid locator strategies for this request: xpath, id, class name, accessibility id, css selector, -android uiautomator
[debug] &amp#27;[35m[BaseDriver]&amp#27;[39m Waiting up to 30000 ms for condition
[debug] &amp#27;[35m[WD Proxy]&amp#27;[39m Matched '/element' to command name 'findElement'
[debug] &amp#27;[35m[WD Proxy]&amp#27;[39m Proxying [POST /element] to [POST http://127.0.0.1:8204/wd/hub/session/1ba6c3f2-83d8-4411-bd70-b85c0b3a5be5/element] with body: {"strategy":"accessibility id","selector":"input-password","context":"","multiple":false}
[debug] &amp#27;[35m[WD Proxy]&amp#27;[39m Got response with status 200: {"sessionId":"1ba6c3f2-83d8-4411-bd70-b85c0b3a5be5","value":{"ELEMENT":"00000000-0000-0136-7fff-ffff0000003e","element-6066-11e4-a52e-4f735466cecf":"00000000-0000-0136-7fff-ffff0000003e"}}
[debug] &amp#27;[35m[W3C (8bc46446)]&amp#27;[39m Responding to client with driver.findElement() result: {"element-6066-11e4-a52e-4f735466cecf":"00000000-0000-0136-7fff-ffff0000003e","ELEMENT":"00000000-0000-0136-7fff-ffff0000003e"}
&amp#27;[35m[HTTP]&amp#27;[39m &amp#27;[37m<-- POST /wd/hub/session/8bc46446-73b9-46f3-8673-a9e1e5431af5/element &amp#27;[39m&amp#27;[32m200&amp#27;[39m &amp#27;[90m871 ms - 137&amp#27;[39m
&amp#27;[35m[HTTP]&amp#27;[39m &amp#27;[90m&amp#27;[39m
&amp#27;[35m[HTTP]&amp#27;[39m &amp#27;[37m-->&amp#27;[39m &amp#27;[37mGET&amp#27;[39m &amp#27;[37m/wd/hub/session/8bc46446-73b9-46f3-8673-a9e1e5431af5/element/00000000-0000-0136-7fff-ffff0000003e/displayed&amp#27;[39m
&amp#27;[35m[HTTP]&amp#27;[39m &amp#27;[90m{}&amp#27;[39m
[debug] &amp#27;[35m[W3C (8bc46446)]&amp#27;[39m Calling AppiumDriver.elementDisplayed() with args: ["00000000-0000-0136-7fff-ffff0000003e","8bc46446-73b9-46f3-8673-a9e1e5431af5"]
[debug] &amp#27;[35m[WD Proxy]&amp#27;[39m Matched '/element/00000000-0000-0136-7fff-ffff0000003e/attribute/displayed' to command name 'getAttribute'
[debug] &amp#27;[35m[WD Proxy]&amp#27;[39m Proxying [GET /element/00000000-0000-0136-7fff-ffff0000003e/attribute/displayed] to [GET http://127.0.0.1:8204/wd/hub/session/1ba6c3f2-83d8-4411-bd70-b85c0b3a5be5/element/00000000-0000-0136-7fff-ffff0000003e/attribute/displayed] with no body
[debug] &amp#27;[35m[WD Proxy]&amp#27;[39m Got response with status 200: {"sessionId":"1ba6c3f2-83d8-4411-bd70-b85c0b3a5be5","value":"true"}
[debug] &amp#27;[35m[W3C (8bc46446)]&amp#27;[39m Responding to client with driver.elementDisplayed() result: true
&amp#27;[35m[HTTP]&amp#27;[39m &amp#27;[37m<-- GET /wd/hub/session/8bc46446-73b9-46f3-8673-a9e1e5431af5/element/00000000-0000-0136-7fff-ffff0000003e/displayed &amp#27;[39m&amp#27;[32m200&amp#27;[39m &amp#27;[90m19 ms - 14&amp#27;[39m
&amp#27;[35m[HTTP]&amp#27;[39m &amp#27;[90m&amp#27;[39m
&amp#27;[35m[HTTP]&amp#27;[39m &amp#27;[37m-->&amp#27;[39m &amp#27;[37mGET&amp#27;[39m &amp#27;[37m/wd/hub/session/8bc46446-73b9-46f3-8673-a9e1e5431af5/context&amp#27;[39m
&amp#27;[35m[HTTP]&amp#27;[39m &amp#27;[90m{}&amp#27;[39m
[debug] &amp#27;[35m[W3C (8bc46446)]&amp#27;[39m Calling AppiumDriver.getCurrentContext() with args: ["8bc46446-73b9-46f3-8673-a9e1e5431af5"]
[debug] &amp#27;[35m[W3C (8bc46446)]&amp#27;[39m Responding to client with driver.getCurrentContext() result: "NATIVE_APP"
&amp#27;[35m[HTTP]&amp#27;[39m &amp#27;[37m<-- GET /wd/hub/session/8bc46446-73b9-46f3-8673-a9e1e5431af5/context &amp#27;[39m&amp#27;[32m200&amp#27;[39m &amp#27;[90m1 ms - 22&amp#27;[39m
&amp#27;[35m[HTTP]&amp#27;[39m &amp#27;[90m&amp#27;[39m
&amp#27;[35m[HTTP]&amp#27;[39m &amp#27;[37m-->&amp#27;[39m &amp#27;[37mPOST&amp#27;[39m &amp#27;[37m/wd/hub/session/8bc46446-73b9-46f3-8673-a9e1e5431af5/element&amp#27;[39m
&amp#27;[35m[HTTP]&amp#27;[39m &amp#27;[90m{"using":"accessibility id","value":"input-password"}&amp#27;[39m
[debug] &amp#27;[35m[W3C (8bc46446)]&amp#27;[39m Calling AppiumDriver.findElement() with args: ["accessibility id","input-password","8bc46446-73b9-46f3-8673-a9e1e5431af5"]
[debug] &amp#27;[35m[BaseDriver]&amp#27;[39m Valid locator strategies for this request: xpath, id, class name, accessibility id, css selector, -android uiautomator
[debug] &amp#27;[35m[BaseDriver]&amp#27;[39m Waiting up to 30000 ms for condition
[debug] &amp#27;[35m[WD Proxy]&amp#27;[39m Matched '/element' to command name 'findElement'
[debug] &amp#27;[35m[WD Proxy]&amp#27;[39m Proxying [POST /element] to [POST http://127.0.0.1:8204/wd/hub/session/1ba6c3f2-83d8-4411-bd70-b85c0b3a5be5/element] with body: {"strategy":"accessibility id","selector":"input-password","context":"","multiple":false}
[debug] &amp#27;[35m[WD Proxy]&amp#27;[39m Got response with status 200: {"sessionId":"1ba6c3f2-83d8-4411-bd70-b85c0b3a5be5","value":{"ELEMENT":"00000000-0000-0136-7fff-ffff0000003e","element-6066-11e4-a52e-4f735466cecf":"00000000-0000-0136-7fff-ffff0000003e"}}
[debug] &amp#27;[35m[W3C (8bc46446)]&amp#27;[39m Responding to client with driver.findElement() result: {"element-6066-11e4-a52e-4f735466cecf":"00000000-0000-0136-7fff-ffff0000003e","ELEMENT":"00000000-0000-0136-7fff-ffff0000003e"}
&amp#27;[35m[HTTP]&amp#27;[39m &amp#27;[37m<-- POST /wd/hub/session/8bc46446-73b9-46f3-8673-a9e1e5431af5/element &amp#27;[39m&amp#27;[32m200&amp#27;[39m &amp#27;[90m71 ms - 137&amp#27;[39m
&amp#27;[35m[HTTP]&amp#27;[39m &amp#27;[90m&amp#27;[39m
&amp#27;[35m[HTTP]&amp#27;[39m &amp#27;[37m-->&amp#27;[39m &amp#27;[37mPOST&amp#27;[39m &amp#27;[37m/wd/hub/session/8bc46446-73b9-46f3-8673-a9e1e5431af5/element/00000000-0000-0136-7fff-ffff0000003e/value&amp#27;[39m
&amp#27;[35m[HTTP]&amp#27;[39m &amp#27;[90m{"id":"00000000-0000-0136-7fff-ffff0000003e","text":"12345678","value":["1","2","3","4","5","6","7","8"]}&amp#27;[39m
[debug] &amp#27;[35m[W3C (8bc46446)]&amp#27;[39m Calling AppiumDriver.setValue() with args: [["1","2","3","4","5","6","7","8"],"00000000-0000-0136-7fff-ffff0000003e","8bc46446-73b9-46f3-8673-a9e1e5431af5"]
[debug] &amp#27;[35m[WD Proxy]&amp#27;[39m Matched '/element/00000000-0000-0136-7fff-ffff0000003e/value' to command name 'setValue'
[debug] &amp#27;[35m[Protocol Converter]&amp#27;[39m Added 'value' property ["1","2","3","4","5","6","7","8"] to 'setValue' request body
[debug] &amp#27;[35m[WD Proxy]&amp#27;[39m Proxying [POST /element/00000000-0000-0136-7fff-ffff0000003e/value] to [POST http://127.0.0.1:8204/wd/hub/session/1ba6c3f2-83d8-4411-bd70-b85c0b3a5be5/element/00000000-0000-0136-7fff-ffff0000003e/value] with body: {"elementId":"00000000-0000-0136-7fff-ffff0000003e","text":"12345678","replace":false,"value":["1","2","3","4","5","6","7","8"]}
[debug] &amp#27;[35m[WD Proxy]&amp#27;[39m Got response with status 200: {"sessionId":"1ba6c3f2-83d8-4411-bd70-b85c0b3a5be5","value":null}
[debug] &amp#27;[35m[W3C (8bc46446)]&amp#27;[39m Responding to client with driver.setValue() result: null
&amp#27;[35m[HTTP]&amp#27;[39m &amp#27;[37m<-- POST /wd/hub/session/8bc46446-73b9-46f3-8673-a9e1e5431af5/element/00000000-0000-0136-7fff-ffff0000003e/value &amp#27;[39m&amp#27;[32m200&amp#27;[39m &amp#27;[90m867 ms - 14&amp#27;[39m
&amp#27;[35m[HTTP]&amp#27;[39m &amp#27;[90m&amp#27;[39m
&amp#27;[35m[HTTP]&amp#27;[39m &amp#27;[37m-->&amp#27;[39m &amp#27;[37mGET&amp#27;[39m &amp#27;[37m/wd/hub/session/8bc46446-73b9-46f3-8673-a9e1e5431af5/context&amp#27;[39m
&amp#27;[35m[HTTP]&amp#27;[39m &amp#27;[90m{}&amp#27;[39m
[debug] &amp#27;[35m[W3C (8bc46446)]&amp#27;[39m Calling AppiumDriver.getCurrentContext() with args: ["8bc46446-73b9-46f3-8673-a9e1e5431af5"]
[debug] &amp#27;[35m[W3C (8bc46446)]&amp#27;[39m Responding to client with driver.getCurrentContext() result: "NATIVE_APP"
&amp#27;[35m[HTTP]&amp#27;[39m &amp#27;[37m<-- GET /wd/hub/session/8bc46446-73b9-46f3-8673-a9e1e5431af5/context &amp#27;[39m&amp#27;[32m200&amp#27;[39m &amp#27;[90m1 ms - 22&amp#27;[39m
&amp#27;[35m[HTTP]&amp#27;[39m &amp#27;[90m&amp#27;[39m
&amp#27;[35m[HTTP]&amp#27;[39m &amp#27;[37m-->&amp#27;[39m &amp#27;[37mPOST&amp#27;[39m &amp#27;[37m/wd/hub/session/8bc46446-73b9-46f3-8673-a9e1e5431af5/element&amp#27;[39m
&amp#27;[35m[HTTP]&amp#27;[39m &amp#27;[90m{"using":"accessibility id","value":"input-repeat-password"}&amp#27;[39m
[debug] &amp#27;[35m[W3C (8bc46446)]&amp#27;[39m Calling AppiumDriver.findElement() with args: ["accessibility id","input-repeat-password","8bc46446-73b9-46f3-8673-a9e1e5431af5"]
[debug] &amp#27;[35m[BaseDriver]&amp#27;[39m Valid locator strategies for this request: xpath, id, class name, accessibility id, css selector, -android uiautomator
[debug] &amp#27;[35m[BaseDriver]&amp#27;[39m Waiting up to 30000 ms for condition
[debug] &amp#27;[35m[WD Proxy]&amp#27;[39m Matched '/element' to command name 'findElement'
[debug] &amp#27;[35m[WD Proxy]&amp#27;[39m Proxying [POST /element] to [POST http://127.0.0.1:8204/wd/hub/session/1ba6c3f2-83d8-4411-bd70-b85c0b3a5be5/element] with body: {"strategy":"accessibility id","selector":"input-repeat-password","context":"","multiple":false}
[debug] &amp#27;[35m[WD Proxy]&amp#27;[39m Got response with status 200: {"sessionId":"1ba6c3f2-83d8-4411-bd70-b85c0b3a5be5","value":{"ELEMENT":"00000000-0000-0136-7fff-ffff00000087","element-6066-11e4-a52e-4f735466cecf":"00000000-0000-0136-7fff-ffff00000087"}}
[debug] &amp#27;[35m[W3C (8bc46446)]&amp#27;[39m Responding to client with driver.findElement() result: {"element-6066-11e4-a52e-4f735466cecf":"00000000-0000-0136-7fff-ffff00000087","ELEMENT":"00000000-0000-0136-7fff-ffff00000087"}
&amp#27;[35m[HTTP]&amp#27;[39m &amp#27;[37m<-- POST /wd/hub/session/8bc46446-73b9-46f3-8673-a9e1e5431af5/element &amp#27;[39m&amp#27;[32m200&amp#27;[39m &amp#27;[90m712 ms - 137&amp#27;[39m
&amp#27;[35m[HTTP]&amp#27;[39m &amp#27;[90m&amp#27;[39m
&amp#27;[35m[HTTP]&amp#27;[39m &amp#27;[37m-->&amp#27;[39m &amp#27;[37mGET&amp#27;[39m &amp#27;[37m/wd/hub/session/8bc46446-73b9-46f3-8673-a9e1e5431af5/element/00000000-0000-0136-7fff-ffff00000087/displayed&amp#27;[39m
&amp#27;[35m[HTTP]&amp#27;[39m &amp#27;[90m{}&amp#27;[39m
[debug] &amp#27;[35m[W3C (8bc46446)]&amp#27;[39m Calling AppiumDriver.elementDisplayed() with args: ["00000000-0000-0136-7fff-ffff00000087","8bc46446-73b9-46f3-8673-a9e1e5431af5"]
[debug] &amp#27;[35m[WD Proxy]&amp#27;[39m Matched '/element/00000000-0000-0136-7fff-ffff00000087/attribute/displayed' to command name 'getAttribute'
[debug] &amp#27;[35m[WD Proxy]&amp#27;[39m Proxying [GET /element/00000000-0000-0136-7fff-ffff00000087/attribute/displayed] to [GET http://127.0.0.1:8204/wd/hub/session/1ba6c3f2-83d8-4411-bd70-b85c0b3a5be5/element/00000000-0000-0136-7fff-ffff00000087/attribute/displayed] with no body
[debug] &amp#27;[35m[WD Proxy]&amp#27;[39m Got response with status 200: {"sessionId":"1ba6c3f2-83d8-4411-bd70-b85c0b3a5be5","value":"true"}
[debug] &amp#27;[35m[W3C (8bc46446)]&amp#27;[39m Responding to client with driver.elementDisplayed() result: true
&amp#27;[35m[HTTP]&amp#27;[39m &amp#27;[37m<-- GET /wd/hub/session/8bc46446-73b9-46f3-8673-a9e1e5431af5/element/00000000-0000-0136-7fff-ffff00000087/displayed &amp#27;[39m&amp#27;[32m200&amp#27;[39m &amp#27;[90m19 ms - 14&amp#27;[39m
&amp#27;[35m[HTTP]&amp#27;[39m &amp#27;[90m&amp#27;[39m
&amp#27;[35m[HTTP]&amp#27;[39m &amp#27;[37m-->&amp#27;[39m &amp#27;[37mGET&amp#27;[39m &amp#27;[37m/wd/hub/session/8bc46446-73b9-46f3-8673-a9e1e5431af5/context&amp#27;[39m
&amp#27;[35m[HTTP]&amp#27;[39m &amp#27;[90m{}&amp#27;[39m
[debug] &amp#27;[35m[W3C (8bc46446)]&amp#27;[39m Calling AppiumDriver.getCurrentContext() with args: ["8bc46446-73b9-46f3-8673-a9e1e5431af5"]
[debug] &amp#27;[35m[W3C (8bc46446)]&amp#27;[39m Responding to client with driver.getCurrentContext() result: "NATIVE_APP"
&amp#27;[35m[HTTP]&amp#27;[39m &amp#27;[37m<-- GET /wd/hub/session/8bc46446-73b9-46f3-8673-a9e1e5431af5/context &amp#27;[39m&amp#27;[32m200&amp#27;[39m &amp#27;[90m1 ms - 22&amp#27;[39m
&amp#27;[35m[HTTP]&amp#27;[39m &amp#27;[90m&amp#27;[39m
&amp#27;[35m[HTTP]&amp#27;[39m &amp#27;[37m-->&amp#27;[39m &amp#27;[37mPOST&amp#27;[39m &amp#27;[37m/wd/hub/session/8bc46446-73b9-46f3-8673-a9e1e5431af5/element&amp#27;[39m
&amp#27;[35m[HTTP]&amp#27;[39m &amp#27;[90m{"using":"accessibility id","value":"input-repeat-password"}&amp#27;[39m
[debug] &amp#27;[35m[W3C (8bc46446)]&amp#27;[39m Calling AppiumDriver.findElement() with args: ["accessibility id","input-repeat-password","8bc46446-73b9-46f3-8673-a9e1e5431af5"]
[debug] &amp#27;[35m[BaseDriver]&amp#27;[39m Valid locator strategies for this request: xpath, id, class name, accessibility id, css selector, -android uiautomator
[debug] &amp#27;[35m[BaseDriver]&amp#27;[39m Waiting up to 30000 ms for condition
[debug] &amp#27;[35m[WD Proxy]&amp#27;[39m Matched '/element' to command name 'findElement'
[debug] &amp#27;[35m[WD Proxy]&amp#27;[39m Proxying [POST /element] to [POST http://127.0.0.1:8204/wd/hub/session/1ba6c3f2-83d8-4411-bd70-b85c0b3a5be5/element] with body: {"strategy":"accessibility id","selector":"input-repeat-password","context":"","multiple":false}
[debug] &amp#27;[35m[WD Proxy]&amp#27;[39m Got response with status 200: {"sessionId":"1ba6c3f2-83d8-4411-bd70-b85c0b3a5be5","value":{"ELEMENT":"00000000-0000-0136-7fff-ffff00000087","element-6066-11e4-a52e-4f735466cecf":"00000000-0000-0136-7fff-ffff00000087"}}
[debug] &amp#27;[35m[W3C (8bc46446)]&amp#27;[39m Responding to client with driver.findElement() result: {"element-6066-11e4-a52e-4f735466cecf":"00000000-0000-0136-7fff-ffff00000087","ELEMENT":"00000000-0000-0136-7fff-ffff00000087"}
&amp#27;[35m[HTTP]&amp#27;[39m &amp#27;[37m<-- POST /wd/hub/session/8bc46446-73b9-46f3-8673-a9e1e5431af5/element &amp#27;[39m&amp#27;[32m200&amp#27;[39m &amp#27;[90m66 ms - 137&amp#27;[39m
&amp#27;[35m[HTTP]&amp#27;[39m &amp#27;[90m&amp#27;[39m
&amp#27;[35m[HTTP]&amp#27;[39m &amp#27;[37m-->&amp#27;[39m &amp#27;[37mPOST&amp#27;[39m &amp#27;[37m/wd/hub/session/8bc46446-73b9-46f3-8673-a9e1e5431af5/element/00000000-0000-0136-7fff-ffff00000087/clear&amp#27;[39m
&amp#27;[35m[HTTP]&amp#27;[39m &amp#27;[90m{"id":"00000000-0000-0136-7fff-ffff00000087"}&amp#27;[39m
[debug] &amp#27;[35m[W3C (8bc46446)]&amp#27;[39m Calling AppiumDriver.clear() with args: ["00000000-0000-0136-7fff-ffff00000087","8bc46446-73b9-46f3-8673-a9e1e5431af5"]
[debug] &amp#27;[35m[WD Proxy]&amp#27;[39m Matched '/element/00000000-0000-0136-7fff-ffff00000087/clear' to command name 'clear'
[debug] &amp#27;[35m[WD Proxy]&amp#27;[39m Proxying [POST /element/00000000-0000-0136-7fff-ffff00000087/clear] to [POST http://127.0.0.1:8204/wd/hub/session/1ba6c3f2-83d8-4411-bd70-b85c0b3a5be5/element/00000000-0000-0136-7fff-ffff00000087/clear] with body: {"elementId":"00000000-0000-0136-7fff-ffff00000087"}
[debug] &amp#27;[35m[WD Proxy]&amp#27;[39m Got response with status 200: {"sessionId":"1ba6c3f2-83d8-4411-bd70-b85c0b3a5be5","value":null}
[debug] &amp#27;[35m[W3C (8bc46446)]&amp#27;[39m Responding to client with driver.clear() result: null
&amp#27;[35m[HTTP]&amp#27;[39m &amp#27;[37m<-- POST /wd/hub/session/8bc46446-73b9-46f3-8673-a9e1e5431af5/element/00000000-0000-0136-7fff-ffff00000087/clear &amp#27;[39m&amp#27;[32m200&amp#27;[39m &amp#27;[90m46 ms - 14&amp#27;[39m
&amp#27;[35m[HTTP]&amp#27;[39m &amp#27;[90m&amp#27;[39m
&amp#27;[35m[HTTP]&amp#27;[39m &amp#27;[37m-->&amp#27;[39m &amp#27;[37mGET&amp#27;[39m &amp#27;[37m/wd/hub/session/8bc46446-73b9-46f3-8673-a9e1e5431af5/context&amp#27;[39m
&amp#27;[35m[HTTP]&amp#27;[39m &amp#27;[90m{}&amp#27;[39m
[debug] &amp#27;[35m[W3C (8bc46446)]&amp#27;[39m Calling AppiumDriver.getCurrentContext() with args: ["8bc46446-73b9-46f3-8673-a9e1e5431af5"]
[debug] &amp#27;[35m[W3C (8bc46446)]&amp#27;[39m Responding to client with driver.getCurrentContext() result: "NATIVE_APP"
&amp#27;[35m[HTTP]&amp#27;[39m &amp#27;[37m<-- GET /wd/hub/session/8bc46446-73b9-46f3-8673-a9e1e5431af5/context &amp#27;[39m&amp#27;[32m200&amp#27;[39m &amp#27;[90m1 ms - 22&amp#27;[39m
&amp#27;[35m[HTTP]&amp#27;[39m &amp#27;[90m&amp#27;[39m
&amp#27;[35m[HTTP]&amp#27;[39m &amp#27;[37m-->&amp#27;[39m &amp#27;[37mPOST&amp#27;[39m &amp#27;[37m/wd/hub/session/8bc46446-73b9-46f3-8673-a9e1e5431af5/element&amp#27;[39m
&amp#27;[35m[HTTP]&amp#27;[39m &amp#27;[90m{"using":"accessibility id","value":"input-repeat-password"}&amp#27;[39m
[debug] &amp#27;[35m[W3C (8bc46446)]&amp#27;[39m Calling AppiumDriver.findElement() with args: ["accessibility id","input-repeat-password","8bc46446-73b9-46f3-8673-a9e1e5431af5"]
[debug] &amp#27;[35m[BaseDriver]&amp#27;[39m Valid locator strategies for this request: xpath, id, class name, accessibility id, css selector, -android uiautomator
[debug] &amp#27;[35m[BaseDriver]&amp#27;[39m Waiting up to 30000 ms for condition
[debug] &amp#27;[35m[WD Proxy]&amp#27;[39m Matched '/element' to command name 'findElement'
[debug] &amp#27;[35m[WD Proxy]&amp#27;[39m Proxying [POST /element] to [POST http://127.0.0.1:8204/wd/hub/session/1ba6c3f2-83d8-4411-bd70-b85c0b3a5be5/element] with body: {"strategy":"accessibility id","selector":"input-repeat-password","context":"","multiple":false}
[debug] &amp#27;[35m[WD Proxy]&amp#27;[39m Got response with status 200: {"sessionId":"1ba6c3f2-83d8-4411-bd70-b85c0b3a5be5","value":{"ELEMENT":"00000000-0000-0136-7fff-ffff00000087","element-6066-11e4-a52e-4f735466cecf":"00000000-0000-0136-7fff-ffff00000087"}}
[debug] &amp#27;[35m[W3C (8bc46446)]&amp#27;[39m Responding to client with driver.findElement() result: {"element-6066-11e4-a52e-4f735466cecf":"00000000-0000-0136-7fff-ffff00000087","ELEMENT":"00000000-0000-0136-7fff-ffff00000087"}
&amp#27;[35m[HTTP]&amp#27;[39m &amp#27;[37m<-- POST /wd/hub/session/8bc46446-73b9-46f3-8673-a9e1e5431af5/element &amp#27;[39m&amp#27;[32m200&amp#27;[39m &amp#27;[90m1142 ms - 137&amp#27;[39m
&amp#27;[35m[HTTP]&amp#27;[39m &amp#27;[90m&amp#27;[39m
&amp#27;[35m[HTTP]&amp#27;[39m &amp#27;[37m-->&amp#27;[39m &amp#27;[37mGET&amp#27;[39m &amp#27;[37m/wd/hub/session/8bc46446-73b9-46f3-8673-a9e1e5431af5/element/00000000-0000-0136-7fff-ffff00000087/displayed&amp#27;[39m
&amp#27;[35m[HTTP]&amp#27;[39m &amp#27;[90m{}&amp#27;[39m
[debug] &amp#27;[35m[W3C (8bc46446)]&amp#27;[39m Calling AppiumDriver.elementDisplayed() with args: ["00000000-0000-0136-7fff-ffff00000087","8bc46446-73b9-46f3-8673-a9e1e5431af5"]
[debug] &amp#27;[35m[WD Proxy]&amp#27;[39m Matched '/element/00000000-0000-0136-7fff-ffff00000087/attribute/displayed' to command name 'getAttribute'
[debug] &amp#27;[35m[WD Proxy]&amp#27;[39m Proxying [GET /element/00000000-0000-0136-7fff-ffff00000087/attribute/displayed] to [GET http://127.0.0.1:8204/wd/hub/session/1ba6c3f2-83d8-4411-bd70-b85c0b3a5be5/element/00000000-0000-0136-7fff-ffff00000087/attribute/displayed] with no body
[debug] &amp#27;[35m[WD Proxy]&amp#27;[39m Got response with status 200: {"sessionId":"1ba6c3f2-83d8-4411-bd70-b85c0b3a5be5","value":"true"}
[debug] &amp#27;[35m[W3C (8bc46446)]&amp#27;[39m Responding to client with driver.elementDisplayed() result: true
&amp#27;[35m[HTTP]&amp#27;[39m &amp#27;[37m<-- GET /wd/hub/session/8bc46446-73b9-46f3-8673-a9e1e5431af5/element/00000000-0000-0136-7fff-ffff00000087/displayed &amp#27;[39m&amp#27;[32m200&amp#27;[39m &amp#27;[90m25 ms - 14&amp#27;[39m
&amp#27;[35m[HTTP]&amp#27;[39m &amp#27;[90m&amp#27;[39m
&amp#27;[35m[HTTP]&amp#27;[39m &amp#27;[37m-->&amp#27;[39m &amp#27;[37mGET&amp#27;[39m &amp#27;[37m/wd/hub/session/8bc46446-73b9-46f3-8673-a9e1e5431af5/context&amp#27;[39m
&amp#27;[35m[HTTP]&amp#27;[39m &amp#27;[90m{}&amp#27;[39m
[debug] &amp#27;[35m[W3C (8bc46446)]&amp#27;[39m Calling AppiumDriver.getCurrentContext() with args: ["8bc46446-73b9-46f3-8673-a9e1e5431af5"]
[debug] &amp#27;[35m[W3C (8bc46446)]&amp#27;[39m Responding to client with driver.getCurrentContext() result: "NATIVE_APP"
&amp#27;[35m[HTTP]&amp#27;[39m &amp#27;[37m<-- GET /wd/hub/session/8bc46446-73b9-46f3-8673-a9e1e5431af5/context &amp#27;[39m&amp#27;[32m200&amp#27;[39m &amp#27;[90m1 ms - 22&amp#27;[39m
&amp#27;[35m[HTTP]&amp#27;[39m &amp#27;[90m&amp#27;[39m
&amp#27;[35m[HTTP]&amp#27;[39m &amp#27;[37m-->&amp#27;[39m &amp#27;[37mPOST&amp#27;[39m &amp#27;[37m/wd/hub/session/8bc46446-73b9-46f3-8673-a9e1e5431af5/element&amp#27;[39m
&amp#27;[35m[HTTP]&amp#27;[39m &amp#27;[90m{"using":"accessibility id","value":"input-repeat-password"}&amp#27;[39m
[debug] &amp#27;[35m[W3C (8bc46446)]&amp#27;[39m Calling AppiumDriver.findElement() with args: ["accessibility id","input-repeat-password","8bc46446-73b9-46f3-8673-a9e1e5431af5"]
[debug] &amp#27;[35m[BaseDriver]&amp#27;[39m Valid locator strategies for this request: xpath, id, class name, accessibility id, css selector, -android uiautomator
[debug] &amp#27;[35m[BaseDriver]&amp#27;[39m Waiting up to 30000 ms for condition
[debug] &amp#27;[35m[WD Proxy]&amp#27;[39m Matched '/element' to command name 'findElement'
[debug] &amp#27;[35m[WD Proxy]&amp#27;[39m Proxying [POST /element] to [POST http://127.0.0.1:8204/wd/hub/session/1ba6c3f2-83d8-4411-bd70-b85c0b3a5be5/element] with body: {"strategy":"accessibility id","selector":"input-repeat-password","context":"","multiple":false}
[debug] &amp#27;[35m[WD Proxy]&amp#27;[39m Got response with status 200: {"sessionId":"1ba6c3f2-83d8-4411-bd70-b85c0b3a5be5","value":{"ELEMENT":"00000000-0000-0136-7fff-ffff00000087","element-6066-11e4-a52e-4f735466cecf":"00000000-0000-0136-7fff-ffff00000087"}}
[debug] &amp#27;[35m[W3C (8bc46446)]&amp#27;[39m Responding to client with driver.findElement() result: {"element-6066-11e4-a52e-4f735466cecf":"00000000-0000-0136-7fff-ffff00000087","ELEMENT":"00000000-0000-0136-7fff-ffff00000087"}
&amp#27;[35m[HTTP]&amp#27;[39m &amp#27;[37m<-- POST /wd/hub/session/8bc46446-73b9-46f3-8673-a9e1e5431af5/element &amp#27;[39m&amp#27;[32m200&amp#27;[39m &amp#27;[90m78 ms - 137&amp#27;[39m
&amp#27;[35m[HTTP]&amp#27;[39m &amp#27;[90m&amp#27;[39m
&amp#27;[35m[HTTP]&amp#27;[39m &amp#27;[37m-->&amp#27;[39m &amp#27;[37mPOST&amp#27;[39m &amp#27;[37m/wd/hub/session/8bc46446-73b9-46f3-8673-a9e1e5431af5/element/00000000-0000-0136-7fff-ffff00000087/value&amp#27;[39m
&amp#27;[35m[HTTP]&amp#27;[39m &amp#27;[90m{"id":"00000000-0000-0136-7fff-ffff00000087","text":"123478","value":["1","2","3","4","7","8"]}&amp#27;[39m
[debug] &amp#27;[35m[W3C (8bc46446)]&amp#27;[39m Calling AppiumDriver.setValue() with args: [["1","2","3","4","7","8"],"00000000-0000-0136-7fff-ffff00000087","8bc46446-73b9-46f3-8673-a9e1e5431af5"]
[debug] &amp#27;[35m[WD Proxy]&amp#27;[39m Matched '/element/00000000-0000-0136-7fff-ffff00000087/value' to command name 'setValue'
[debug] &amp#27;[35m[Protocol Converter]&amp#27;[39m Added 'value' property ["1","2","3","4","7","8"] to 'setValue' request body
[debug] &amp#27;[35m[WD Proxy]&amp#27;[39m Proxying [POST /element/00000000-0000-0136-7fff-ffff00000087/value] to [POST http://127.0.0.1:8204/wd/hub/session/1ba6c3f2-83d8-4411-bd70-b85c0b3a5be5/element/00000000-0000-0136-7fff-ffff00000087/value] with body: {"elementId":"00000000-0000-0136-7fff-ffff00000087","text":"123478","replace":false,"value":["1","2","3","4","7","8"]}
[debug] &amp#27;[35m[WD Proxy]&amp#27;[39m Got response with status 200: {"sessionId":"1ba6c3f2-83d8-4411-bd70-b85c0b3a5be5","value":null}
[debug] &amp#27;[35m[W3C (8bc46446)]&amp#27;[39m Responding to client with driver.setValue() result: null
&amp#27;[35m[HTTP]&amp#27;[39m &amp#27;[37m<-- POST /wd/hub/session/8bc46446-73b9-46f3-8673-a9e1e5431af5/element/00000000-0000-0136-7fff-ffff00000087/value &amp#27;[39m&amp#27;[32m200&amp#27;[39m &amp#27;[90m562 ms - 14&amp#27;[39m
&amp#27;[35m[HTTP]&amp#27;[39m &amp#27;[90m&amp#27;[39m
&amp#27;[35m[HTTP]&amp#27;[39m &amp#27;[37m-->&amp#27;[39m &amp#27;[37mGET&amp#27;[39m &amp#27;[37m/wd/hub/session/8bc46446-73b9-46f3-8673-a9e1e5431af5/context&amp#27;[39m
&amp#27;[35m[HTTP]&amp#27;[39m &amp#27;[90m{}&amp#27;[39m
[debug] &amp#27;[35m[W3C (8bc46446)]&amp#27;[39m Calling AppiumDriver.getCurrentContext() with args: ["8bc46446-73b9-46f3-8673-a9e1e5431af5"]
[debug] &amp#27;[35m[W3C (8bc46446)]&amp#27;[39m Responding to client with driver.getCurrentContext() result: "NATIVE_APP"
&amp#27;[35m[HTTP]&amp#27;[39m &amp#27;[37m<-- GET /wd/hub/session/8bc46446-73b9-46f3-8673-a9e1e5431af5/context &amp#27;[39m&amp#27;[32m200&amp#27;[39m &amp#27;[90m1 ms - 22&amp#27;[39m
&amp#27;[35m[HTTP]&amp#27;[39m &amp#27;[90m&amp#27;[39m
&amp#27;[35m[HTTP]&amp#27;[39m &amp#27;[37m-->&amp#27;[39m &amp#27;[37mPOST&amp#27;[39m &amp#27;[37m/wd/hub/session/8bc46446-73b9-46f3-8673-a9e1e5431af5/element&amp#27;[39m
&amp#27;[35m[HTTP]&amp#27;[39m &amp#27;[90m{"using":"accessibility id","value":"button-SIGN UP"}&amp#27;[39m
[debug] &amp#27;[35m[W3C (8bc46446)]&amp#27;[39m Calling AppiumDriver.findElement() with args: ["accessibility id","button-SIGN UP","8bc46446-73b9-46f3-8673-a9e1e5431af5"]
[debug] &amp#27;[35m[BaseDriver]&amp#27;[39m Valid locator strategies for this request: xpath, id, class name, accessibility id, css selector, -android uiautomator
[debug] &amp#27;[35m[BaseDriver]&amp#27;[39m Waiting up to 30000 ms for condition
[debug] &amp#27;[35m[WD Proxy]&amp#27;[39m Matched '/element' to command name 'findElement'
[debug] &amp#27;[35m[WD Proxy]&amp#27;[39m Proxying [POST /element] to [POST http://127.0.0.1:8204/wd/hub/session/1ba6c3f2-83d8-4411-bd70-b85c0b3a5be5/element] with body: {"strategy":"accessibility id","selector":"button-SIGN UP","context":"","multiple":false}
[debug] &amp#27;[35m[WD Proxy]&amp#27;[39m Got response with status 200: {"sessionId":"1ba6c3f2-83d8-4411-bd70-b85c0b3a5be5","value":{"ELEMENT":"00000000-0000-0136-7fff-ffff00000055","element-6066-11e4-a52e-4f735466cecf":"00000000-0000-0136-7fff-ffff00000055"}}
[debug] &amp#27;[35m[W3C (8bc46446)]&amp#27;[39m Responding to client with driver.findElement() result: {"element-6066-11e4-a52e-4f735466cecf":"00000000-0000-0136-7fff-ffff00000055","ELEMENT":"00000000-0000-0136-7fff-ffff00000055"}
&amp#27;[35m[HTTP]&amp#27;[39m &amp#27;[37m<-- POST /wd/hub/session/8bc46446-73b9-46f3-8673-a9e1e5431af5/element &amp#27;[39m&amp#27;[32m200&amp#27;[39m &amp#27;[90m731 ms - 137&amp#27;[39m
&amp#27;[35m[HTTP]&amp#27;[39m &amp#27;[90m&amp#27;[39m
&amp#27;[35m[HTTP]&amp#27;[39m &amp#27;[37m-->&amp#27;[39m &amp#27;[37mGET&amp#27;[39m &amp#27;[37m/wd/hub/session/8bc46446-73b9-46f3-8673-a9e1e5431af5/element/00000000-0000-0136-7fff-ffff00000055/displayed&amp#27;[39m
&amp#27;[35m[HTTP]&amp#27;[39m &amp#27;[90m{}&amp#27;[39m
[debug] &amp#27;[35m[W3C (8bc46446)]&amp#27;[39m Calling AppiumDriver.elementDisplayed() with args: ["00000000-0000-0136-7fff-ffff00000055","8bc46446-73b9-46f3-8673-a9e1e5431af5"]
[debug] &amp#27;[35m[WD Proxy]&amp#27;[39m Matched '/element/00000000-0000-0136-7fff-ffff00000055/attribute/displayed' to command name 'getAttribute'
[debug] &amp#27;[35m[WD Proxy]&amp#27;[39m Proxying [GET /element/00000000-0000-0136-7fff-ffff00000055/attribute/displayed] to [GET http://127.0.0.1:8204/wd/hub/session/1ba6c3f2-83d8-4411-bd70-b85c0b3a5be5/element/00000000-0000-0136-7fff-ffff00000055/attribute/displayed] with no body
[debug] &amp#27;[35m[WD Proxy]&amp#27;[39m Got response with status 200: {"sessionId":"1ba6c3f2-83d8-4411-bd70-b85c0b3a5be5","value":"true"}
[debug] &amp#27;[35m[W3C (8bc46446)]&amp#27;[39m Responding to client with driver.elementDisplayed() result: true
&amp#27;[35m[HTTP]&amp#27;[39m &amp#27;[37m<-- GET /wd/hub/session/8bc46446-73b9-46f3-8673-a9e1e5431af5/element/00000000-0000-0136-7fff-ffff00000055/displayed &amp#27;[39m&amp#27;[32m200&amp#27;[39m &amp#27;[90m491 ms - 14&amp#27;[39m
&amp#27;[35m[HTTP]&amp#27;[39m &amp#27;[90m&amp#27;[39m
&amp#27;[35m[HTTP]&amp#27;[39m &amp#27;[37m-->&amp#27;[39m &amp#27;[37mGET&amp#27;[39m &amp#27;[37m/wd/hub/session/8bc46446-73b9-46f3-8673-a9e1e5431af5/context&amp#27;[39m
&amp#27;[35m[HTTP]&amp#27;[39m &amp#27;[90m{}&amp#27;[39m
[debug] &amp#27;[35m[W3C (8bc46446)]&amp#27;[39m Calling AppiumDriver.getCurrentContext() with args: ["8bc46446-73b9-46f3-8673-a9e1e5431af5"]
[debug] &amp#27;[35m[W3C (8bc46446)]&amp#27;[39m Responding to client with driver.getCurrentContext() result: "NATIVE_APP"
&amp#27;[35m[HTTP]&amp#27;[39m &amp#27;[37m<-- GET /wd/hub/session/8bc46446-73b9-46f3-8673-a9e1e5431af5/context &amp#27;[39m&amp#27;[32m200&amp#27;[39m &amp#27;[90m1 ms - 22&amp#27;[39m
&amp#27;[35m[HTTP]&amp#27;[39m &amp#27;[90m&amp#27;[39m
&amp#27;[35m[HTTP]&amp#27;[39m &amp#27;[37m-->&amp#27;[39m &amp#27;[37mPOST&amp#27;[39m &amp#27;[37m/wd/hub/session/8bc46446-73b9-46f3-8673-a9e1e5431af5/element&amp#27;[39m
&amp#27;[35m[HTTP]&amp#27;[39m &amp#27;[90m{"using":"accessibility id","value":"button-SIGN UP"}&amp#27;[39m
[debug] &amp#27;[35m[W3C (8bc46446)]&amp#27;[39m Calling AppiumDriver.findElement() with args: ["accessibility id","button-SIGN UP","8bc46446-73b9-46f3-8673-a9e1e5431af5"]
[debug] &amp#27;[35m[BaseDriver]&amp#27;[39m Valid locator strategies for this request: xpath, id, class name, accessibility id, css selector, -android uiautomator
[debug] &amp#27;[35m[BaseDriver]&amp#27;[39m Waiting up to 30000 ms for condition
[debug] &amp#27;[35m[WD Proxy]&amp#27;[39m Matched '/element' to command name 'findElement'
[debug] &amp#27;[35m[WD Proxy]&amp#27;[39m Proxying [POST /element] to [POST http://127.0.0.1:8204/wd/hub/session/1ba6c3f2-83d8-4411-bd70-b85c0b3a5be5/element] with body: {"strategy":"accessibility id","selector":"button-SIGN UP","context":"","multiple":false}
[debug] &amp#27;[35m[WD Proxy]&amp#27;[39m Got response with status 200: {"sessionId":"1ba6c3f2-83d8-4411-bd70-b85c0b3a5be5","value":{"ELEMENT":"00000000-0000-0136-7fff-ffff00000055","element-6066-11e4-a52e-4f735466cecf":"00000000-0000-0136-7fff-ffff00000055"}}
[debug] &amp#27;[35m[W3C (8bc46446)]&amp#27;[39m Responding to client with driver.findElement() result: {"element-6066-11e4-a52e-4f735466cecf":"00000000-0000-0136-7fff-ffff00000055","ELEMENT":"00000000-0000-0136-7fff-ffff00000055"}
&amp#27;[35m[HTTP]&amp#27;[39m &amp#27;[37m<-- POST /wd/hub/session/8bc46446-73b9-46f3-8673-a9e1e5431af5/element &amp#27;[39m&amp#27;[32m200&amp#27;[39m &amp#27;[90m69 ms - 137&amp#27;[39m
&amp#27;[35m[HTTP]&amp#27;[39m &amp#27;[90m&amp#27;[39m
&amp#27;[35m[HTTP]&amp#27;[39m &amp#27;[37m-->&amp#27;[39m &amp#27;[37mPOST&amp#27;[39m &amp#27;[37m/wd/hub/session/8bc46446-73b9-46f3-8673-a9e1e5431af5/element/00000000-0000-0136-7fff-ffff00000055/click&amp#27;[39m
&amp#27;[35m[HTTP]&amp#27;[39m &amp#27;[90m{"id":"00000000-0000-0136-7fff-ffff00000055"}&amp#27;[39m
[debug] &amp#27;[35m[W3C (8bc46446)]&amp#27;[39m Calling AppiumDriver.click() with args: ["00000000-0000-0136-7fff-ffff00000055","8bc46446-73b9-46f3-8673-a9e1e5431af5"]
[debug] &amp#27;[35m[WD Proxy]&amp#27;[39m Matched '/element/00000000-0000-0136-7fff-ffff00000055/click' to command name 'click'
[debug] &amp#27;[35m[WD Proxy]&amp#27;[39m Proxying [POST /element/00000000-0000-0136-7fff-ffff00000055/click] to [POST http://127.0.0.1:8204/wd/hub/session/1ba6c3f2-83d8-4411-bd70-b85c0b3a5be5/element/00000000-0000-0136-7fff-ffff00000055/click] with body: {"element":"00000000-0000-0136-7fff-ffff00000055"}
[debug] &amp#27;[35m[WD Proxy]&amp#27;[39m Got response with status 200: {"sessionId":"1ba6c3f2-83d8-4411-bd70-b85c0b3a5be5","value":null}
[debug] &amp#27;[35m[W3C (8bc46446)]&amp#27;[39m Responding to client with driver.click() result: null
&amp#27;[35m[HTTP]&amp#27;[39m &amp#27;[37m<-- POST /wd/hub/session/8bc46446-73b9-46f3-8673-a9e1e5431af5/element/00000000-0000-0136-7fff-ffff00000055/click &amp#27;[39m&amp#27;[32m200&amp#27;[39m &amp#27;[90m43 ms - 14&amp#27;[39m
&amp#27;[35m[HTTP]&amp#27;[39m &amp#27;[90m&amp#27;[39m
&amp#27;[35m[HTTP]&amp#27;[39m &amp#27;[37m-->&amp#27;[39m &amp#27;[37mGET&amp#27;[39m &amp#27;[37m/wd/hub/session/8bc46446-73b9-46f3-8673-a9e1e5431af5/context&amp#27;[39m
&amp#27;[35m[HTTP]&amp#27;[39m &amp#27;[90m{}&amp#27;[39m
[debug] &amp#27;[35m[W3C (8bc46446)]&amp#27;[39m Calling AppiumDriver.getCurrentContext() with args: ["8bc46446-73b9-46f3-8673-a9e1e5431af5"]
[debug] &amp#27;[35m[W3C (8bc46446)]&amp#27;[39m Responding to client with driver.getCurrentContext() result: "NATIVE_APP"
&amp#27;[35m[HTTP]&amp#27;[39m &amp#27;[37m<-- GET /wd/hub/session/8bc46446-73b9-46f3-8673-a9e1e5431af5/context &amp#27;[39m&amp#27;[32m200&amp#27;[39m &amp#27;[90m1 ms - 22&amp#27;[39m
&amp#27;[35m[HTTP]&amp#27;[39m &amp#27;[90m&amp#27;[39m
&amp#27;[35m[HTTP]&amp#27;[39m &amp#27;[37m-->&amp#27;[39m &amp#27;[37mPOST&amp#27;[39m &amp#27;[37m/wd/hub/session/8bc46446-73b9-46f3-8673-a9e1e5431af5/element&amp#27;[39m
&amp#27;[35m[HTTP]&amp#27;[39m &amp#27;[90m{"using":"xpath","value":"//*[@content-desc='button-SIGN UP']/preceding-sibling::android.widget.TextView[3]"}&amp#27;[39m
[debug] &amp#27;[35m[W3C (8bc46446)]&amp#27;[39m Calling AppiumDriver.findElement() with args: ["xpath","//*[@content-desc='button-SIGN UP']/preceding-sibling::android.widget.TextView[3]","8bc46446-73b9-46f3-8673-a9e1e5431af5"]
[debug] &amp#27;[35m[BaseDriver]&amp#27;[39m Valid locator strategies for this request: xpath, id, class name, accessibility id, css selector, -android uiautomator
[debug] &amp#27;[35m[BaseDriver]&amp#27;[39m Waiting up to 30000 ms for condition
[debug] &amp#27;[35m[WD Proxy]&amp#27;[39m Matched '/element' to command name 'findElement'
[debug] &amp#27;[35m[WD Proxy]&amp#27;[39m Proxying [POST /element] to [POST http://127.0.0.1:8204/wd/hub/session/1ba6c3f2-83d8-4411-bd70-b85c0b3a5be5/element] with body: {"strategy":"xpath","selector":"//*[@content-desc='button-SIGN UP']/preceding-sibling::android.widget.TextView[3]","context":"","multiple":false}
[debug] &amp#27;[35m[WD Proxy]&amp#27;[39m Got response with status 200: {"sessionId":"1ba6c3f2-83d8-4411-bd70-b85c0b3a5be5","value":{"ELEMENT":"00000000-0000-0136-7fff-ffff00000050","element-6066-11e4-a52e-4f735466cecf":"00000000-0000-0136-7fff-ffff00000050"}}
[debug] &amp#27;[35m[W3C (8bc46446)]&amp#27;[39m Responding to client with driver.findElement() result: {"element-6066-11e4-a52e-4f735466cecf":"00000000-0000-0136-7fff-ffff00000050","ELEMENT":"00000000-0000-0136-7fff-ffff00000050"}
&amp#27;[35m[HTTP]&amp#27;[39m &amp#27;[37m<-- POST /wd/hub/session/8bc46446-73b9-46f3-8673-a9e1e5431af5/element &amp#27;[39m&amp#27;[32m200&amp#27;[39m &amp#27;[90m130 ms - 137&amp#27;[39m
&amp#27;[35m[HTTP]&amp#27;[39m &amp#27;[90m&amp#27;[39m
&amp#27;[35m[HTTP]&amp#27;[39m &amp#27;[37m-->&amp#27;[39m &amp#27;[37mGET&amp#27;[39m &amp#27;[37m/wd/hub/session/8bc46446-73b9-46f3-8673-a9e1e5431af5/element/00000000-0000-0136-7fff-ffff00000050/displayed&amp#27;[39m
&amp#27;[35m[HTTP]&amp#27;[39m &amp#27;[90m{}&amp#27;[39m
[debug] &amp#27;[35m[W3C (8bc46446)]&amp#27;[39m Calling AppiumDriver.elementDisplayed() with args: ["00000000-0000-0136-7fff-ffff00000050","8bc46446-73b9-46f3-8673-a9e1e5431af5"]
[debug] &amp#27;[35m[WD Proxy]&amp#27;[39m Matched '/element/00000000-0000-0136-7fff-ffff00000050/attribute/displayed' to command name 'getAttribute'
[debug] &amp#27;[35m[WD Proxy]&amp#27;[39m Proxying [GET /element/00000000-0000-0136-7fff-ffff00000050/attribute/displayed] to [GET http://127.0.0.1:8204/wd/hub/session/1ba6c3f2-83d8-4411-bd70-b85c0b3a5be5/element/00000000-0000-0136-7fff-ffff00000050/attribute/displayed] with no body
[debug] &amp#27;[35m[WD Proxy]&amp#27;[39m Got response with status 200: {"sessionId":"1ba6c3f2-83d8-4411-bd70-b85c0b3a5be5","value":"true"}
[debug] &amp#27;[35m[W3C (8bc46446)]&amp#27;[39m Responding to client with driver.elementDisplayed() result: true
&amp#27;[35m[HTTP]&amp#27;[39m &amp#27;[37m<-- GET /wd/hub/session/8bc46446-73b9-46f3-8673-a9e1e5431af5/element/00000000-0000-0136-7fff-ffff00000050/displayed &amp#27;[39m&amp#27;[32m200&amp#27;[39m &amp#27;[90m820 ms - 14&amp#27;[39m
&amp#27;[35m[HTTP]&amp#27;[39m &amp#27;[90m&amp#27;[39m
&amp#27;[35m[HTTP]&amp#27;[39m &amp#27;[37m-->&amp#27;[39m &amp#27;[37mGET&amp#27;[39m &amp#27;[37m/wd/hub/session/8bc46446-73b9-46f3-8673-a9e1e5431af5/context&amp#27;[39m
&amp#27;[35m[HTTP]&amp#27;[39m &amp#27;[90m{}&amp#27;[39m
[debug] &amp#27;[35m[W3C (8bc46446)]&amp#27;[39m Calling AppiumDriver.getCurrentContext() with args: ["8bc46446-73b9-46f3-8673-a9e1e5431af5"]
[debug] &amp#27;[35m[W3C (8bc46446)]&amp#27;[39m Responding to client with driver.getCurrentContext() result: "NATIVE_APP"
&amp#27;[35m[HTTP]&amp#27;[39m &amp#27;[37m<-- GET /wd/hub/session/8bc46446-73b9-46f3-8673-a9e1e5431af5/context &amp#27;[39m&amp#27;[32m200&amp#27;[39m &amp#27;[90m1 ms - 22&amp#27;[39m
&amp#27;[35m[HTTP]&amp#27;[39m &amp#27;[90m&amp#27;[39m
&amp#27;[35m[HTTP]&amp#27;[39m &amp#27;[37m-->&amp#27;[39m &amp#27;[37mPOST&amp#27;[39m &amp#27;[37m/wd/hub/session/8bc46446-73b9-46f3-8673-a9e1e5431af5/element&amp#27;[39m
&amp#27;[35m[HTTP]&amp#27;[39m &amp#27;[90m{"using":"xpath","value":"//*[@content-desc='button-SIGN UP']/preceding-sibling::android.widget.TextView[3]"}&amp#27;[39m
[debug] &amp#27;[35m[W3C (8bc46446)]&amp#27;[39m Calling AppiumDriver.findElement() with args: ["xpath","//*[@content-desc='button-SIGN UP']/preceding-sibling::android.widget.TextView[3]","8bc46446-73b9-46f3-8673-a9e1e5431af5"]
[debug] &amp#27;[35m[BaseDriver]&amp#27;[39m Valid locator strategies for this request: xpath, id, class name, accessibility id, css selector, -android uiautomator
[debug] &amp#27;[35m[BaseDriver]&amp#27;[39m Waiting up to 30000 ms for condition
[debug] &amp#27;[35m[WD Proxy]&amp#27;[39m Matched '/element' to command name 'findElement'
[debug] &amp#27;[35m[WD Proxy]&amp#27;[39m Proxying [POST /element] to [POST http://127.0.0.1:8204/wd/hub/session/1ba6c3f2-83d8-4411-bd70-b85c0b3a5be5/element] with body: {"strategy":"xpath","selector":"//*[@content-desc='button-SIGN UP']/preceding-sibling::android.widget.TextView[3]","context":"","multiple":false}
[debug] &amp#27;[35m[WD Proxy]&amp#27;[39m Got response with status 200: {"sessionId":"1ba6c3f2-83d8-4411-bd70-b85c0b3a5be5","value":{"ELEMENT":"00000000-0000-0136-7fff-ffff00000050","element-6066-11e4-a52e-4f735466cecf":"00000000-0000-0136-7fff-ffff00000050"}}
[debug] &amp#27;[35m[W3C (8bc46446)]&amp#27;[39m Responding to client with driver.findElement() result: {"element-6066-11e4-a52e-4f735466cecf":"00000000-0000-0136-7fff-ffff00000050","ELEMENT":"00000000-0000-0136-7fff-ffff00000050"}
&amp#27;[35m[HTTP]&amp#27;[39m &amp#27;[37m<-- POST /wd/hub/session/8bc46446-73b9-46f3-8673-a9e1e5431af5/element &amp#27;[39m&amp#27;[32m200&amp#27;[39m &amp#27;[90m149 ms - 137&amp#27;[39m
&amp#27;[35m[HTTP]&amp#27;[39m &amp#27;[90m&amp#27;[39m
&amp#27;[35m[HTTP]&amp#27;[39m &amp#27;[37m-->&amp#27;[39m &amp#27;[37mGET&amp#27;[39m &amp#27;[37m/wd/hub/session/8bc46446-73b9-46f3-8673-a9e1e5431af5/element/00000000-0000-0136-7fff-ffff00000050/text&amp#27;[39m
&amp#27;[35m[HTTP]&amp#27;[39m &amp#27;[90m{}&amp#27;[39m
&amp#27;[35m[W3C (8bc46446)]&amp#27;[39m Driver proxy active, passing request on via HTTP proxy
[debug] &amp#27;[35m[WD Proxy]&amp#27;[39m Matched '/wd/hub/session/8bc46446-73b9-46f3-8673-a9e1e5431af5/element/00000000-0000-0136-7fff-ffff00000050/text' to command name 'getText'
[debug] &amp#27;[35m[WD Proxy]&amp#27;[39m Proxying [GET /wd/hub/session/8bc46446-73b9-46f3-8673-a9e1e5431af5/element/00000000-0000-0136-7fff-ffff00000050/text] to [GET http://127.0.0.1:8204/wd/hub/session/1ba6c3f2-83d8-4411-bd70-b85c0b3a5be5/element/00000000-0000-0136-7fff-ffff00000050/text] with no body
[debug] &amp#27;[35m[WD Proxy]&amp#27;[39m Got response with status 200: {"sessionId":"1ba6c3f2-83d8-4411-bd70-b85c0b3a5be5","value":"Please enter a valid email address"}
&amp#27;[35m[WD Proxy]&amp#27;[39m Replacing sessionId 1ba6c3f2-83d8-4411-bd70-b85c0b3a5be5 with 8bc46446-73b9-46f3-8673-a9e1e5431af5
&amp#27;[35m[HTTP]&amp#27;[39m &amp#27;[37m<-- GET /wd/hub/session/8bc46446-73b9-46f3-8673-a9e1e5431af5/element/00000000-0000-0136-7fff-ffff00000050/text &amp#27;[39m&amp#27;[32m200&amp#27;[39m &amp#27;[90m15 ms - 97&amp#27;[39m
&amp#27;[35m[HTTP]&amp#27;[39m &amp#27;[90m&amp#27;[39m
&amp#27;[35m[HTTP]&amp#27;[39m &amp#27;[37m-->&amp#27;[39m &amp#27;[37mGET&amp#27;[39m &amp#27;[37m/wd/hub/session/8bc46446-73b9-46f3-8673-a9e1e5431af5/context&amp#27;[39m
&amp#27;[35m[HTTP]&amp#27;[39m &amp#27;[90m{}&amp#27;[39m
[debug] &amp#27;[35m[W3C (8bc46446)]&amp#27;[39m Calling AppiumDriver.getCurrentContext() with args: ["8bc46446-73b9-46f3-8673-a9e1e5431af5"]
[debug] &amp#27;[35m[W3C (8bc46446)]&amp#27;[39m Responding to client with driver.getCurrentContext() result: "NATIVE_APP"
&amp#27;[35m[HTTP]&amp#27;[39m &amp#27;[37m<-- GET /wd/hub/session/8bc46446-73b9-46f3-8673-a9e1e5431af5/context &amp#27;[39m&amp#27;[32m200&amp#27;[39m &amp#27;[90m1 ms - 22&amp#27;[39m
&amp#27;[35m[HTTP]&amp#27;[39m &amp#27;[90m&amp#27;[39m
&amp#27;[35m[HTTP]&amp#27;[39m &amp#27;[37m-->&amp#27;[39m &amp#27;[37mPOST&amp#27;[39m &amp#27;[37m/wd/hub/session/8bc46446-73b9-46f3-8673-a9e1e5431af5/element&amp#27;[39m
&amp#27;[35m[HTTP]&amp#27;[39m &amp#27;[90m{"using":"xpath","value":"//*[@content-desc='button-SIGN UP']/preceding-sibling::android.widget.TextView[1]"}&amp#27;[39m
[debug] &amp#27;[35m[W3C (8bc46446)]&amp#27;[39m Calling AppiumDriver.findElement() with args: ["xpath","//*[@content-desc='button-SIGN UP']/preceding-sibling::android.widget.TextView[1]","8bc46446-73b9-46f3-8673-a9e1e5431af5"]
[debug] &amp#27;[35m[BaseDriver]&amp#27;[39m Valid locator strategies for this request: xpath, id, class name, accessibility id, css selector, -android uiautomator
[debug] &amp#27;[35m[BaseDriver]&amp#27;[39m Waiting up to 30000 ms for condition
[debug] &amp#27;[35m[WD Proxy]&amp#27;[39m Matched '/element' to command name 'findElement'
[debug] &amp#27;[35m[WD Proxy]&amp#27;[39m Proxying [POST /element] to [POST http://127.0.0.1:8204/wd/hub/session/1ba6c3f2-83d8-4411-bd70-b85c0b3a5be5/element] with body: {"strategy":"xpath","selector":"//*[@content-desc='button-SIGN UP']/preceding-sibling::android.widget.TextView[1]","context":"","multiple":false}
[debug] &amp#27;[35m[WD Proxy]&amp#27;[39m Got response with status 200: {"sessionId":"1ba6c3f2-83d8-4411-bd70-b85c0b3a5be5","value":{"ELEMENT":"00000000-0000-0136-7fff-ffff00000089","element-6066-11e4-a52e-4f735466cecf":"00000000-0000-0136-7fff-ffff00000089"}}
[debug] &amp#27;[35m[W3C (8bc46446)]&amp#27;[39m Responding to client with driver.findElement() result: {"element-6066-11e4-a52e-4f735466cecf":"00000000-0000-0136-7fff-ffff00000089","ELEMENT":"00000000-0000-0136-7fff-ffff00000089"}
&amp#27;[35m[HTTP]&amp#27;[39m &amp#27;[37m<-- POST /wd/hub/session/8bc46446-73b9-46f3-8673-a9e1e5431af5/element &amp#27;[39m&amp#27;[32m200&amp#27;[39m &amp#27;[90m90 ms - 137&amp#27;[39m
&amp#27;[35m[HTTP]&amp#27;[39m &amp#27;[90m&amp#27;[39m
&amp#27;[35m[HTTP]&amp#27;[39m &amp#27;[37m-->&amp#27;[39m &amp#27;[37mGET&amp#27;[39m &amp#27;[37m/wd/hub/session/8bc46446-73b9-46f3-8673-a9e1e5431af5/element/00000000-0000-0136-7fff-ffff00000089/displayed&amp#27;[39m
&amp#27;[35m[HTTP]&amp#27;[39m &amp#27;[90m{}&amp#27;[39m
[debug] &amp#27;[35m[W3C (8bc46446)]&amp#27;[39m Calling AppiumDriver.elementDisplayed() with args: ["00000000-0000-0136-7fff-ffff00000089","8bc46446-73b9-46f3-8673-a9e1e5431af5"]
[debug] &amp#27;[35m[WD Proxy]&amp#27;[39m Matched '/element/00000000-0000-0136-7fff-ffff00000089/attribute/displayed' to command name 'getAttribute'
[debug] &amp#27;[35m[WD Proxy]&amp#27;[39m Proxying [GET /element/00000000-0000-0136-7fff-ffff00000089/attribute/displayed] to [GET http://127.0.0.1:8204/wd/hub/session/1ba6c3f2-83d8-4411-bd70-b85c0b3a5be5/element/00000000-0000-0136-7fff-ffff00000089/attribute/displayed] with no body
[debug] &amp#27;[35m[WD Proxy]&amp#27;[39m Got response with status 200: {"sessionId":"1ba6c3f2-83d8-4411-bd70-b85c0b3a5be5","value":"true"}
[debug] &amp#27;[35m[W3C (8bc46446)]&amp#27;[39m Responding to client with driver.elementDisplayed() result: true
&amp#27;[35m[HTTP]&amp#27;[39m &amp#27;[37m<-- GET /wd/hub/session/8bc46446-73b9-46f3-8673-a9e1e5431af5/element/00000000-0000-0136-7fff-ffff00000089/displayed &amp#27;[39m&amp#27;[32m200&amp#27;[39m &amp#27;[90m12 ms - 14&amp#27;[39m
&amp#27;[35m[HTTP]&amp#27;[39m &amp#27;[90m&amp#27;[39m
&amp#27;[35m[HTTP]&amp#27;[39m &amp#27;[37m-->&amp#27;[39m &amp#27;[37mGET&amp#27;[39m &amp#27;[37m/wd/hub/session/8bc46446-73b9-46f3-8673-a9e1e5431af5/context&amp#27;[39m
&amp#27;[35m[HTTP]&amp#27;[39m &amp#27;[90m{}&amp#27;[39m
[debug] &amp#27;[35m[W3C (8bc46446)]&amp#27;[39m Calling AppiumDriver.getCurrentContext() with args: ["8bc46446-73b9-46f3-8673-a9e1e5431af5"]
[debug] &amp#27;[35m[W3C (8bc46446)]&amp#27;[39m Responding to client with driver.getCurrentContext() result: "NATIVE_APP"
&amp#27;[35m[HTTP]&amp#27;[39m &amp#27;[37m<-- GET /wd/hub/session/8bc46446-73b9-46f3-8673-a9e1e5431af5/context &amp#27;[39m&amp#27;[32m200&amp#27;[39m &amp#27;[90m1 ms - 22&amp#27;[39m
&amp#27;[35m[HTTP]&amp#27;[39m &amp#27;[90m&amp#27;[39m
&amp#27;[35m[HTTP]&amp#27;[39m &amp#27;[37m-->&amp#27;[39m &amp#27;[37mPOST&amp#27;[39m &amp#27;[37m/wd/hub/session/8bc46446-73b9-46f3-8673-a9e1e5431af5/element&amp#27;[39m
&amp#27;[35m[HTTP]&amp#27;[39m &amp#27;[90m{"using":"xpath","value":"//*[@content-desc='button-SIGN UP']/preceding-sibling::android.widget.TextView[1]"}&amp#27;[39m
[debug] &amp#27;[35m[W3C (8bc46446)]&amp#27;[39m Calling AppiumDriver.findElement() with args: ["xpath","//*[@content-desc='button-SIGN UP']/preceding-sibling::android.widget.TextView[1]","8bc46446-73b9-46f3-8673-a9e1e5431af5"]
[debug] &amp#27;[35m[BaseDriver]&amp#27;[39m Valid locator strategies for this request: xpath, id, class name, accessibility id, css selector, -android uiautomator
[debug] &amp#27;[35m[BaseDriver]&amp#27;[39m Waiting up to 30000 ms for condition
[debug] &amp#27;[35m[WD Proxy]&amp#27;[39m Matched '/element' to command name 'findElement'
[debug] &amp#27;[35m[WD Proxy]&amp#27;[39m Proxying [POST /element] to [POST http://127.0.0.1:8204/wd/hub/session/1ba6c3f2-83d8-4411-bd70-b85c0b3a5be5/element] with body: {"strategy":"xpath","selector":"//*[@content-desc='button-SIGN UP']/preceding-sibling::android.widget.TextView[1]","context":"","multiple":false}
[debug] &amp#27;[35m[WD Proxy]&amp#27;[39m Got response with status 200: {"sessionId":"1ba6c3f2-83d8-4411-bd70-b85c0b3a5be5","value":{"ELEMENT":"00000000-0000-0136-7fff-ffff00000089","element-6066-11e4-a52e-4f735466cecf":"00000000-0000-0136-7fff-ffff00000089"}}
[debug] &amp#27;[35m[W3C (8bc46446)]&amp#27;[39m Responding to client with driver.findElement() result: {"element-6066-11e4-a52e-4f735466cecf":"00000000-0000-0136-7fff-ffff00000089","ELEMENT":"00000000-0000-0136-7fff-ffff00000089"}
&amp#27;[35m[HTTP]&amp#27;[39m &amp#27;[37m<-- POST /wd/hub/session/8bc46446-73b9-46f3-8673-a9e1e5431af5/element &amp#27;[39m&amp#27;[32m200&amp#27;[39m &amp#27;[90m92 ms - 137&amp#27;[39m
&amp#27;[35m[HTTP]&amp#27;[39m &amp#27;[90m&amp#27;[39m
&amp#27;[35m[HTTP]&amp#27;[39m &amp#27;[37m-->&amp#27;[39m &amp#27;[37mGET&amp#27;[39m &amp#27;[37m/wd/hub/session/8bc46446-73b9-46f3-8673-a9e1e5431af5/element/00000000-0000-0136-7fff-ffff00000089/text&amp#27;[39m
&amp#27;[35m[HTTP]&amp#27;[39m &amp#27;[90m{}&amp#27;[39m
&amp#27;[35m[W3C (8bc46446)]&amp#27;[39m Driver proxy active, passing request on via HTTP proxy
[debug] &amp#27;[35m[WD Proxy]&amp#27;[39m Matched '/wd/hub/session/8bc46446-73b9-46f3-8673-a9e1e5431af5/element/00000000-0000-0136-7fff-ffff00000089/text' to command name 'getText'
[debug] &amp#27;[35m[WD Proxy]&amp#27;[39m Proxying [GET /wd/hub/session/8bc46446-73b9-46f3-8673-a9e1e5431af5/element/00000000-0000-0136-7fff-ffff00000089/text] to [GET http://127.0.0.1:8204/wd/hub/session/1ba6c3f2-83d8-4411-bd70-b85c0b3a5be5/element/00000000-0000-0136-7fff-ffff00000089/text] with no body
[debug] &amp#27;[35m[WD Proxy]&amp#27;[39m Got response with status 200: {"sessionId":"1ba6c3f2-83d8-4411-bd70-b85c0b3a5be5","value":"Please enter the same password"}
&amp#27;[35m[WD Proxy]&amp#27;[39m Replacing sessionId 1ba6c3f2-83d8-4411-bd70-b85c0b3a5be5 with 8bc46446-73b9-46f3-8673-a9e1e5431af5
&amp#27;[35m[HTTP]&amp#27;[39m &amp#27;[37m<-- GET /wd/hub/session/8bc46446-73b9-46f3-8673-a9e1e5431af5/element/00000000-0000-0136-7fff-ffff00000089/text &amp#27;[39m&amp#27;[32m200&amp#27;[39m &amp#27;[90m14 ms - 93&amp#27;[39m
&amp#27;[35m[HTTP]&amp#27;[39m &amp#27;[90m&amp#27;[39m
]]></system-out>
  </testcase>
  <testcase name="signUpWithInvalidCreds[LoginCreds{username=&apos;tunghuynh@&apos;, password=&apos;12345678&apos;}](3)" classname="TestNG.TestLoginPage.SignUpTest" time="8.883">
    <system-out><![CDATA[&amp#27;[35m[HTTP]&amp#27;[39m &amp#27;[37m-->&amp#27;[39m &amp#27;[37mGET&amp#27;[39m &amp#27;[37m/wd/hub/session/8bc46446-73b9-46f3-8673-a9e1e5431af5/context&amp#27;[39m
&amp#27;[35m[HTTP]&amp#27;[39m &amp#27;[90m{}&amp#27;[39m
[debug] &amp#27;[35m[W3C (8bc46446)]&amp#27;[39m Calling AppiumDriver.getCurrentContext() with args: ["8bc46446-73b9-46f3-8673-a9e1e5431af5"]
[debug] &amp#27;[35m[W3C (8bc46446)]&amp#27;[39m Responding to client with driver.getCurrentContext() result: "NATIVE_APP"
&amp#27;[35m[HTTP]&amp#27;[39m &amp#27;[37m<-- GET /wd/hub/session/8bc46446-73b9-46f3-8673-a9e1e5431af5/context &amp#27;[39m&amp#27;[32m200&amp#27;[39m &amp#27;[90m1 ms - 22&amp#27;[39m
&amp#27;[35m[HTTP]&amp#27;[39m &amp#27;[90m&amp#27;[39m
&amp#27;[35m[HTTP]&amp#27;[39m &amp#27;[37m-->&amp#27;[39m &amp#27;[37mPOST&amp#27;[39m &amp#27;[37m/wd/hub/session/8bc46446-73b9-46f3-8673-a9e1e5431af5/element&amp#27;[39m
&amp#27;[35m[HTTP]&amp#27;[39m &amp#27;[90m{"using":"accessibility id","value":"Login"}&amp#27;[39m
[debug] &amp#27;[35m[W3C (8bc46446)]&amp#27;[39m Calling AppiumDriver.findElement() with args: ["accessibility id","Login","8bc46446-73b9-46f3-8673-a9e1e5431af5"]
[debug] &amp#27;[35m[BaseDriver]&amp#27;[39m Valid locator strategies for this request: xpath, id, class name, accessibility id, css selector, -android uiautomator
[debug] &amp#27;[35m[BaseDriver]&amp#27;[39m Waiting up to 30000 ms for condition
[debug] &amp#27;[35m[WD Proxy]&amp#27;[39m Matched '/element' to command name 'findElement'
[debug] &amp#27;[35m[WD Proxy]&amp#27;[39m Proxying [POST /element] to [POST http://127.0.0.1:8204/wd/hub/session/1ba6c3f2-83d8-4411-bd70-b85c0b3a5be5/element] with body: {"strategy":"accessibility id","selector":"Login","context":"","multiple":false}
[debug] &amp#27;[35m[WD Proxy]&amp#27;[39m Got response with status 200: {"sessionId":"1ba6c3f2-83d8-4411-bd70-b85c0b3a5be5","value":{"ELEMENT":"00000000-0000-0136-7fff-ffff00000013","element-6066-11e4-a52e-4f735466cecf":"00000000-0000-0136-7fff-ffff00000013"}}
[debug] &amp#27;[35m[W3C (8bc46446)]&amp#27;[39m Responding to client with driver.findElement() result: {"element-6066-11e4-a52e-4f735466cecf":"00000000-0000-0136-7fff-ffff00000013","ELEMENT":"00000000-0000-0136-7fff-ffff00000013"}
&amp#27;[35m[HTTP]&amp#27;[39m &amp#27;[37m<-- POST /wd/hub/session/8bc46446-73b9-46f3-8673-a9e1e5431af5/element &amp#27;[39m&amp#27;[32m200&amp#27;[39m &amp#27;[90m67 ms - 137&amp#27;[39m
&amp#27;[35m[HTTP]&amp#27;[39m &amp#27;[90m&amp#27;[39m
&amp#27;[35m[HTTP]&amp#27;[39m &amp#27;[37m-->&amp#27;[39m &amp#27;[37mGET&amp#27;[39m &amp#27;[37m/wd/hub/session/8bc46446-73b9-46f3-8673-a9e1e5431af5/element/00000000-0000-0136-7fff-ffff00000013/displayed&amp#27;[39m
&amp#27;[35m[HTTP]&amp#27;[39m &amp#27;[90m{}&amp#27;[39m
[debug] &amp#27;[35m[W3C (8bc46446)]&amp#27;[39m Calling AppiumDriver.elementDisplayed() with args: ["00000000-0000-0136-7fff-ffff00000013","8bc46446-73b9-46f3-8673-a9e1e5431af5"]
[debug] &amp#27;[35m[WD Proxy]&amp#27;[39m Matched '/element/00000000-0000-0136-7fff-ffff00000013/attribute/displayed' to command name 'getAttribute'
[debug] &amp#27;[35m[WD Proxy]&amp#27;[39m Proxying [GET /element/00000000-0000-0136-7fff-ffff00000013/attribute/displayed] to [GET http://127.0.0.1:8204/wd/hub/session/1ba6c3f2-83d8-4411-bd70-b85c0b3a5be5/element/00000000-0000-0136-7fff-ffff00000013/attribute/displayed] with no body
[debug] &amp#27;[35m[WD Proxy]&amp#27;[39m Got response with status 200: {"sessionId":"1ba6c3f2-83d8-4411-bd70-b85c0b3a5be5","value":"true"}
[debug] &amp#27;[35m[W3C (8bc46446)]&amp#27;[39m Responding to client with driver.elementDisplayed() result: true
&amp#27;[35m[HTTP]&amp#27;[39m &amp#27;[37m<-- GET /wd/hub/session/8bc46446-73b9-46f3-8673-a9e1e5431af5/element/00000000-0000-0136-7fff-ffff00000013/displayed &amp#27;[39m&amp#27;[32m200&amp#27;[39m &amp#27;[90m15 ms - 14&amp#27;[39m
&amp#27;[35m[HTTP]&amp#27;[39m &amp#27;[90m&amp#27;[39m
&amp#27;[35m[HTTP]&amp#27;[39m &amp#27;[37m-->&amp#27;[39m &amp#27;[37mGET&amp#27;[39m &amp#27;[37m/wd/hub/session/8bc46446-73b9-46f3-8673-a9e1e5431af5/context&amp#27;[39m
&amp#27;[35m[HTTP]&amp#27;[39m &amp#27;[90m{}&amp#27;[39m
[debug] &amp#27;[35m[W3C (8bc46446)]&amp#27;[39m Calling AppiumDriver.getCurrentContext() with args: ["8bc46446-73b9-46f3-8673-a9e1e5431af5"]
[debug] &amp#27;[35m[W3C (8bc46446)]&amp#27;[39m Responding to client with driver.getCurrentContext() result: "NATIVE_APP"
&amp#27;[35m[HTTP]&amp#27;[39m &amp#27;[37m<-- GET /wd/hub/session/8bc46446-73b9-46f3-8673-a9e1e5431af5/context &amp#27;[39m&amp#27;[32m200&amp#27;[39m &amp#27;[90m1 ms - 22&amp#27;[39m
&amp#27;[35m[HTTP]&amp#27;[39m &amp#27;[90m&amp#27;[39m
&amp#27;[35m[HTTP]&amp#27;[39m &amp#27;[37m-->&amp#27;[39m &amp#27;[37mPOST&amp#27;[39m &amp#27;[37m/wd/hub/session/8bc46446-73b9-46f3-8673-a9e1e5431af5/element&amp#27;[39m
&amp#27;[35m[HTTP]&amp#27;[39m &amp#27;[90m{"using":"accessibility id","value":"Login"}&amp#27;[39m
[debug] &amp#27;[35m[W3C (8bc46446)]&amp#27;[39m Calling AppiumDriver.findElement() with args: ["accessibility id","Login","8bc46446-73b9-46f3-8673-a9e1e5431af5"]
[debug] &amp#27;[35m[BaseDriver]&amp#27;[39m Valid locator strategies for this request: xpath, id, class name, accessibility id, css selector, -android uiautomator
[debug] &amp#27;[35m[BaseDriver]&amp#27;[39m Waiting up to 30000 ms for condition
[debug] &amp#27;[35m[WD Proxy]&amp#27;[39m Matched '/element' to command name 'findElement'
[debug] &amp#27;[35m[WD Proxy]&amp#27;[39m Proxying [POST /element] to [POST http://127.0.0.1:8204/wd/hub/session/1ba6c3f2-83d8-4411-bd70-b85c0b3a5be5/element] with body: {"strategy":"accessibility id","selector":"Login","context":"","multiple":false}
[debug] &amp#27;[35m[WD Proxy]&amp#27;[39m Got response with status 200: {"sessionId":"1ba6c3f2-83d8-4411-bd70-b85c0b3a5be5","value":{"ELEMENT":"00000000-0000-0136-7fff-ffff00000013","element-6066-11e4-a52e-4f735466cecf":"00000000-0000-0136-7fff-ffff00000013"}}
[debug] &amp#27;[35m[W3C (8bc46446)]&amp#27;[39m Responding to client with driver.findElement() result: {"element-6066-11e4-a52e-4f735466cecf":"00000000-0000-0136-7fff-ffff00000013","ELEMENT":"00000000-0000-0136-7fff-ffff00000013"}
&amp#27;[35m[HTTP]&amp#27;[39m &amp#27;[37m<-- POST /wd/hub/session/8bc46446-73b9-46f3-8673-a9e1e5431af5/element &amp#27;[39m&amp#27;[32m200&amp#27;[39m &amp#27;[90m56 ms - 137&amp#27;[39m
&amp#27;[35m[HTTP]&amp#27;[39m &amp#27;[90m&amp#27;[39m
&amp#27;[35m[HTTP]&amp#27;[39m &amp#27;[37m-->&amp#27;[39m &amp#27;[37mPOST&amp#27;[39m &amp#27;[37m/wd/hub/session/8bc46446-73b9-46f3-8673-a9e1e5431af5/element/00000000-0000-0136-7fff-ffff00000013/click&amp#27;[39m
&amp#27;[35m[HTTP]&amp#27;[39m &amp#27;[90m{"id":"00000000-0000-0136-7fff-ffff00000013"}&amp#27;[39m
[debug] &amp#27;[35m[W3C (8bc46446)]&amp#27;[39m Calling AppiumDriver.click() with args: ["00000000-0000-0136-7fff-ffff00000013","8bc46446-73b9-46f3-8673-a9e1e5431af5"]
[debug] &amp#27;[35m[WD Proxy]&amp#27;[39m Matched '/element/00000000-0000-0136-7fff-ffff00000013/click' to command name 'click'
[debug] &amp#27;[35m[WD Proxy]&amp#27;[39m Proxying [POST /element/00000000-0000-0136-7fff-ffff00000013/click] to [POST http://127.0.0.1:8204/wd/hub/session/1ba6c3f2-83d8-4411-bd70-b85c0b3a5be5/element/00000000-0000-0136-7fff-ffff00000013/click] with body: {"element":"00000000-0000-0136-7fff-ffff00000013"}
[debug] &amp#27;[35m[WD Proxy]&amp#27;[39m Got response with status 200: {"sessionId":"1ba6c3f2-83d8-4411-bd70-b85c0b3a5be5","value":null}
[debug] &amp#27;[35m[W3C (8bc46446)]&amp#27;[39m Responding to client with driver.click() result: null
&amp#27;[35m[HTTP]&amp#27;[39m &amp#27;[37m<-- POST /wd/hub/session/8bc46446-73b9-46f3-8673-a9e1e5431af5/element/00000000-0000-0136-7fff-ffff00000013/click &amp#27;[39m&amp#27;[32m200&amp#27;[39m &amp#27;[90m43 ms - 14&amp#27;[39m
&amp#27;[35m[HTTP]&amp#27;[39m &amp#27;[90m&amp#27;[39m
&amp#27;[35m[HTTP]&amp#27;[39m &amp#27;[37m-->&amp#27;[39m &amp#27;[37mGET&amp#27;[39m &amp#27;[37m/wd/hub/session/8bc46446-73b9-46f3-8673-a9e1e5431af5/context&amp#27;[39m
&amp#27;[35m[HTTP]&amp#27;[39m &amp#27;[90m{}&amp#27;[39m
[debug] &amp#27;[35m[W3C (8bc46446)]&amp#27;[39m Calling AppiumDriver.getCurrentContext() with args: ["8bc46446-73b9-46f3-8673-a9e1e5431af5"]
[debug] &amp#27;[35m[W3C (8bc46446)]&amp#27;[39m Responding to client with driver.getCurrentContext() result: "NATIVE_APP"
&amp#27;[35m[HTTP]&amp#27;[39m &amp#27;[37m<-- GET /wd/hub/session/8bc46446-73b9-46f3-8673-a9e1e5431af5/context &amp#27;[39m&amp#27;[32m200&amp#27;[39m &amp#27;[90m1 ms - 22&amp#27;[39m
&amp#27;[35m[HTTP]&amp#27;[39m &amp#27;[90m&amp#27;[39m
&amp#27;[35m[HTTP]&amp#27;[39m &amp#27;[37m-->&amp#27;[39m &amp#27;[37mPOST&amp#27;[39m &amp#27;[37m/wd/hub/session/8bc46446-73b9-46f3-8673-a9e1e5431af5/element&amp#27;[39m
&amp#27;[35m[HTTP]&amp#27;[39m &amp#27;[90m{"using":"accessibility id","value":"button-sign-up-container"}&amp#27;[39m
[debug] &amp#27;[35m[W3C (8bc46446)]&amp#27;[39m Calling AppiumDriver.findElement() with args: ["accessibility id","button-sign-up-container","8bc46446-73b9-46f3-8673-a9e1e5431af5"]
[debug] &amp#27;[35m[BaseDriver]&amp#27;[39m Valid locator strategies for this request: xpath, id, class name, accessibility id, css selector, -android uiautomator
[debug] &amp#27;[35m[BaseDriver]&amp#27;[39m Waiting up to 30000 ms for condition
[debug] &amp#27;[35m[WD Proxy]&amp#27;[39m Matched '/element' to command name 'findElement'
[debug] &amp#27;[35m[WD Proxy]&amp#27;[39m Proxying [POST /element] to [POST http://127.0.0.1:8204/wd/hub/session/1ba6c3f2-83d8-4411-bd70-b85c0b3a5be5/element] with body: {"strategy":"accessibility id","selector":"button-sign-up-container","context":"","multiple":false}
[debug] &amp#27;[35m[WD Proxy]&amp#27;[39m Got response with status 200: {"sessionId":"1ba6c3f2-83d8-4411-bd70-b85c0b3a5be5","value":{"ELEMENT":"00000000-0000-0136-7fff-ffff00000049","element-6066-11e4-a52e-4f735466cecf":"00000000-0000-0136-7fff-ffff00000049"}}
[debug] &amp#27;[35m[W3C (8bc46446)]&amp#27;[39m Responding to client with driver.findElement() result: {"element-6066-11e4-a52e-4f735466cecf":"00000000-0000-0136-7fff-ffff00000049","ELEMENT":"00000000-0000-0136-7fff-ffff00000049"}
&amp#27;[35m[HTTP]&amp#27;[39m &amp#27;[37m<-- POST /wd/hub/session/8bc46446-73b9-46f3-8673-a9e1e5431af5/element &amp#27;[39m&amp#27;[32m200&amp#27;[39m &amp#27;[90m40 ms - 137&amp#27;[39m
&amp#27;[35m[HTTP]&amp#27;[39m &amp#27;[90m&amp#27;[39m
&amp#27;[35m[HTTP]&amp#27;[39m &amp#27;[37m-->&amp#27;[39m &amp#27;[37mPOST&amp#27;[39m &amp#27;[37m/wd/hub/session/8bc46446-73b9-46f3-8673-a9e1e5431af5/element/00000000-0000-0136-7fff-ffff00000049/click&amp#27;[39m
&amp#27;[35m[HTTP]&amp#27;[39m &amp#27;[90m{"id":"00000000-0000-0136-7fff-ffff00000049"}&amp#27;[39m
[debug] &amp#27;[35m[W3C (8bc46446)]&amp#27;[39m Calling AppiumDriver.click() with args: ["00000000-0000-0136-7fff-ffff00000049","8bc46446-73b9-46f3-8673-a9e1e5431af5"]
[debug] &amp#27;[35m[WD Proxy]&amp#27;[39m Matched '/element/00000000-0000-0136-7fff-ffff00000049/click' to command name 'click'
[debug] &amp#27;[35m[WD Proxy]&amp#27;[39m Proxying [POST /element/00000000-0000-0136-7fff-ffff00000049/click] to [POST http://127.0.0.1:8204/wd/hub/session/1ba6c3f2-83d8-4411-bd70-b85c0b3a5be5/element/00000000-0000-0136-7fff-ffff00000049/click] with body: {"element":"00000000-0000-0136-7fff-ffff00000049"}
[debug] &amp#27;[35m[WD Proxy]&amp#27;[39m Got response with status 200: {"sessionId":"1ba6c3f2-83d8-4411-bd70-b85c0b3a5be5","value":null}
[debug] &amp#27;[35m[W3C (8bc46446)]&amp#27;[39m Responding to client with driver.click() result: null
&amp#27;[35m[HTTP]&amp#27;[39m &amp#27;[37m<-- POST /wd/hub/session/8bc46446-73b9-46f3-8673-a9e1e5431af5/element/00000000-0000-0136-7fff-ffff00000049/click &amp#27;[39m&amp#27;[32m200&amp#27;[39m &amp#27;[90m35 ms - 14&amp#27;[39m
&amp#27;[35m[HTTP]&amp#27;[39m &amp#27;[90m&amp#27;[39m
&amp#27;[35m[HTTP]&amp#27;[39m &amp#27;[37m-->&amp#27;[39m &amp#27;[37mGET&amp#27;[39m &amp#27;[37m/wd/hub/session/8bc46446-73b9-46f3-8673-a9e1e5431af5/context&amp#27;[39m
&amp#27;[35m[HTTP]&amp#27;[39m &amp#27;[90m{}&amp#27;[39m
[debug] &amp#27;[35m[W3C (8bc46446)]&amp#27;[39m Calling AppiumDriver.getCurrentContext() with args: ["8bc46446-73b9-46f3-8673-a9e1e5431af5"]
[debug] &amp#27;[35m[W3C (8bc46446)]&amp#27;[39m Responding to client with driver.getCurrentContext() result: "NATIVE_APP"
&amp#27;[35m[HTTP]&amp#27;[39m &amp#27;[37m<-- GET /wd/hub/session/8bc46446-73b9-46f3-8673-a9e1e5431af5/context &amp#27;[39m&amp#27;[32m200&amp#27;[39m &amp#27;[90m1 ms - 22&amp#27;[39m
&amp#27;[35m[HTTP]&amp#27;[39m &amp#27;[90m&amp#27;[39m
&amp#27;[35m[HTTP]&amp#27;[39m &amp#27;[37m-->&amp#27;[39m &amp#27;[37mPOST&amp#27;[39m &amp#27;[37m/wd/hub/session/8bc46446-73b9-46f3-8673-a9e1e5431af5/element&amp#27;[39m
&amp#27;[35m[HTTP]&amp#27;[39m &amp#27;[90m{"using":"accessibility id","value":"button-SIGN UP"}&amp#27;[39m
[debug] &amp#27;[35m[W3C (8bc46446)]&amp#27;[39m Calling AppiumDriver.findElement() with args: ["accessibility id","button-SIGN UP","8bc46446-73b9-46f3-8673-a9e1e5431af5"]
[debug] &amp#27;[35m[BaseDriver]&amp#27;[39m Valid locator strategies for this request: xpath, id, class name, accessibility id, css selector, -android uiautomator
[debug] &amp#27;[35m[BaseDriver]&amp#27;[39m Waiting up to 30000 ms for condition
[debug] &amp#27;[35m[WD Proxy]&amp#27;[39m Matched '/element' to command name 'findElement'
[debug] &amp#27;[35m[WD Proxy]&amp#27;[39m Proxying [POST /element] to [POST http://127.0.0.1:8204/wd/hub/session/1ba6c3f2-83d8-4411-bd70-b85c0b3a5be5/element] with body: {"strategy":"accessibility id","selector":"button-SIGN UP","context":"","multiple":false}
[debug] &amp#27;[35m[WD Proxy]&amp#27;[39m Got response with status 200: {"sessionId":"1ba6c3f2-83d8-4411-bd70-b85c0b3a5be5","value":{"ELEMENT":"00000000-0000-0136-7fff-ffff00000055","element-6066-11e4-a52e-4f735466cecf":"00000000-0000-0136-7fff-ffff00000055"}}
[debug] &amp#27;[35m[W3C (8bc46446)]&amp#27;[39m Responding to client with driver.findElement() result: {"element-6066-11e4-a52e-4f735466cecf":"00000000-0000-0136-7fff-ffff00000055","ELEMENT":"00000000-0000-0136-7fff-ffff00000055"}
&amp#27;[35m[HTTP]&amp#27;[39m &amp#27;[37m<-- POST /wd/hub/session/8bc46446-73b9-46f3-8673-a9e1e5431af5/element &amp#27;[39m&amp#27;[32m200&amp#27;[39m &amp#27;[90m91 ms - 137&amp#27;[39m
&amp#27;[35m[HTTP]&amp#27;[39m &amp#27;[90m&amp#27;[39m
&amp#27;[35m[HTTP]&amp#27;[39m &amp#27;[37m-->&amp#27;[39m &amp#27;[37mGET&amp#27;[39m &amp#27;[37m/wd/hub/session/8bc46446-73b9-46f3-8673-a9e1e5431af5/element/00000000-0000-0136-7fff-ffff00000055/displayed&amp#27;[39m
&amp#27;[35m[HTTP]&amp#27;[39m &amp#27;[90m{}&amp#27;[39m
[debug] &amp#27;[35m[W3C (8bc46446)]&amp#27;[39m Calling AppiumDriver.elementDisplayed() with args: ["00000000-0000-0136-7fff-ffff00000055","8bc46446-73b9-46f3-8673-a9e1e5431af5"]
[debug] &amp#27;[35m[WD Proxy]&amp#27;[39m Matched '/element/00000000-0000-0136-7fff-ffff00000055/attribute/displayed' to command name 'getAttribute'
[debug] &amp#27;[35m[WD Proxy]&amp#27;[39m Proxying [GET /element/00000000-0000-0136-7fff-ffff00000055/attribute/displayed] to [GET http://127.0.0.1:8204/wd/hub/session/1ba6c3f2-83d8-4411-bd70-b85c0b3a5be5/element/00000000-0000-0136-7fff-ffff00000055/attribute/displayed] with no body
[debug] &amp#27;[35m[WD Proxy]&amp#27;[39m Got response with status 200: {"sessionId":"1ba6c3f2-83d8-4411-bd70-b85c0b3a5be5","value":"true"}
[debug] &amp#27;[35m[W3C (8bc46446)]&amp#27;[39m Responding to client with driver.elementDisplayed() result: true
&amp#27;[35m[HTTP]&amp#27;[39m &amp#27;[37m<-- GET /wd/hub/session/8bc46446-73b9-46f3-8673-a9e1e5431af5/element/00000000-0000-0136-7fff-ffff00000055/displayed &amp#27;[39m&amp#27;[32m200&amp#27;[39m &amp#27;[90m19 ms - 14&amp#27;[39m
&amp#27;[35m[HTTP]&amp#27;[39m &amp#27;[90m&amp#27;[39m
&amp#27;[35m[HTTP]&amp#27;[39m &amp#27;[37m-->&amp#27;[39m &amp#27;[37mGET&amp#27;[39m &amp#27;[37m/wd/hub/session/8bc46446-73b9-46f3-8673-a9e1e5431af5/context&amp#27;[39m
&amp#27;[35m[HTTP]&amp#27;[39m &amp#27;[90m{}&amp#27;[39m
[debug] &amp#27;[35m[W3C (8bc46446)]&amp#27;[39m Calling AppiumDriver.getCurrentContext() with args: ["8bc46446-73b9-46f3-8673-a9e1e5431af5"]
[debug] &amp#27;[35m[W3C (8bc46446)]&amp#27;[39m Responding to client with driver.getCurrentContext() result: "NATIVE_APP"
&amp#27;[35m[HTTP]&amp#27;[39m &amp#27;[37m<-- GET /wd/hub/session/8bc46446-73b9-46f3-8673-a9e1e5431af5/context &amp#27;[39m&amp#27;[32m200&amp#27;[39m &amp#27;[90m1 ms - 22&amp#27;[39m
&amp#27;[35m[HTTP]&amp#27;[39m &amp#27;[90m&amp#27;[39m
&amp#27;[35m[HTTP]&amp#27;[39m &amp#27;[37m-->&amp#27;[39m &amp#27;[37mPOST&amp#27;[39m &amp#27;[37m/wd/hub/session/8bc46446-73b9-46f3-8673-a9e1e5431af5/element&amp#27;[39m
&amp#27;[35m[HTTP]&amp#27;[39m &amp#27;[90m{"using":"accessibility id","value":"button-SIGN UP"}&amp#27;[39m
[debug] &amp#27;[35m[W3C (8bc46446)]&amp#27;[39m Calling AppiumDriver.findElement() with args: ["accessibility id","button-SIGN UP","8bc46446-73b9-46f3-8673-a9e1e5431af5"]
[debug] &amp#27;[35m[BaseDriver]&amp#27;[39m Valid locator strategies for this request: xpath, id, class name, accessibility id, css selector, -android uiautomator
[debug] &amp#27;[35m[BaseDriver]&amp#27;[39m Waiting up to 30000 ms for condition
[debug] &amp#27;[35m[WD Proxy]&amp#27;[39m Matched '/element' to command name 'findElement'
[debug] &amp#27;[35m[WD Proxy]&amp#27;[39m Proxying [POST /element] to [POST http://127.0.0.1:8204/wd/hub/session/1ba6c3f2-83d8-4411-bd70-b85c0b3a5be5/element] with body: {"strategy":"accessibility id","selector":"button-SIGN UP","context":"","multiple":false}
[debug] &amp#27;[35m[WD Proxy]&amp#27;[39m Got response with status 200: {"sessionId":"1ba6c3f2-83d8-4411-bd70-b85c0b3a5be5","value":{"ELEMENT":"00000000-0000-0136-7fff-ffff00000055","element-6066-11e4-a52e-4f735466cecf":"00000000-0000-0136-7fff-ffff00000055"}}
[debug] &amp#27;[35m[W3C (8bc46446)]&amp#27;[39m Responding to client with driver.findElement() result: {"element-6066-11e4-a52e-4f735466cecf":"00000000-0000-0136-7fff-ffff00000055","ELEMENT":"00000000-0000-0136-7fff-ffff00000055"}
&amp#27;[35m[HTTP]&amp#27;[39m &amp#27;[37m<-- POST /wd/hub/session/8bc46446-73b9-46f3-8673-a9e1e5431af5/element &amp#27;[39m&amp#27;[32m200&amp#27;[39m &amp#27;[90m61 ms - 137&amp#27;[39m
&amp#27;[35m[HTTP]&amp#27;[39m &amp#27;[90m&amp#27;[39m
&amp#27;[35m[HTTP]&amp#27;[39m &amp#27;[37m-->&amp#27;[39m &amp#27;[37mGET&amp#27;[39m &amp#27;[37m/wd/hub/session/8bc46446-73b9-46f3-8673-a9e1e5431af5/element/00000000-0000-0136-7fff-ffff00000055/displayed&amp#27;[39m
&amp#27;[35m[HTTP]&amp#27;[39m &amp#27;[90m{}&amp#27;[39m
[debug] &amp#27;[35m[W3C (8bc46446)]&amp#27;[39m Calling AppiumDriver.elementDisplayed() with args: ["00000000-0000-0136-7fff-ffff00000055","8bc46446-73b9-46f3-8673-a9e1e5431af5"]
[debug] &amp#27;[35m[WD Proxy]&amp#27;[39m Matched '/element/00000000-0000-0136-7fff-ffff00000055/attribute/displayed' to command name 'getAttribute'
[debug] &amp#27;[35m[WD Proxy]&amp#27;[39m Proxying [GET /element/00000000-0000-0136-7fff-ffff00000055/attribute/displayed] to [GET http://127.0.0.1:8204/wd/hub/session/1ba6c3f2-83d8-4411-bd70-b85c0b3a5be5/element/00000000-0000-0136-7fff-ffff00000055/attribute/displayed] with no body
[debug] &amp#27;[35m[WD Proxy]&amp#27;[39m Got response with status 200: {"sessionId":"1ba6c3f2-83d8-4411-bd70-b85c0b3a5be5","value":"true"}
[debug] &amp#27;[35m[W3C (8bc46446)]&amp#27;[39m Responding to client with driver.elementDisplayed() result: true
&amp#27;[35m[HTTP]&amp#27;[39m &amp#27;[37m<-- GET /wd/hub/session/8bc46446-73b9-46f3-8673-a9e1e5431af5/element/00000000-0000-0136-7fff-ffff00000055/displayed &amp#27;[39m&amp#27;[32m200&amp#27;[39m &amp#27;[90m18 ms - 14&amp#27;[39m
&amp#27;[35m[HTTP]&amp#27;[39m &amp#27;[90m&amp#27;[39m
&amp#27;[35m[HTTP]&amp#27;[39m &amp#27;[37m-->&amp#27;[39m &amp#27;[37mGET&amp#27;[39m &amp#27;[37m/wd/hub/session/8bc46446-73b9-46f3-8673-a9e1e5431af5/context&amp#27;[39m
&amp#27;[35m[HTTP]&amp#27;[39m &amp#27;[90m{}&amp#27;[39m
[debug] &amp#27;[35m[W3C (8bc46446)]&amp#27;[39m Calling AppiumDriver.getCurrentContext() with args: ["8bc46446-73b9-46f3-8673-a9e1e5431af5"]
[debug] &amp#27;[35m[W3C (8bc46446)]&amp#27;[39m Responding to client with driver.getCurrentContext() result: "NATIVE_APP"
&amp#27;[35m[HTTP]&amp#27;[39m &amp#27;[37m<-- GET /wd/hub/session/8bc46446-73b9-46f3-8673-a9e1e5431af5/context &amp#27;[39m&amp#27;[32m200&amp#27;[39m &amp#27;[90m1 ms - 22&amp#27;[39m
&amp#27;[35m[HTTP]&amp#27;[39m &amp#27;[90m&amp#27;[39m
&amp#27;[35m[HTTP]&amp#27;[39m &amp#27;[37m-->&amp#27;[39m &amp#27;[37mPOST&amp#27;[39m &amp#27;[37m/wd/hub/session/8bc46446-73b9-46f3-8673-a9e1e5431af5/element&amp#27;[39m
&amp#27;[35m[HTTP]&amp#27;[39m &amp#27;[90m{"using":"accessibility id","value":"input-email"}&amp#27;[39m
[debug] &amp#27;[35m[W3C (8bc46446)]&amp#27;[39m Calling AppiumDriver.findElement() with args: ["accessibility id","input-email","8bc46446-73b9-46f3-8673-a9e1e5431af5"]
[debug] &amp#27;[35m[BaseDriver]&amp#27;[39m Valid locator strategies for this request: xpath, id, class name, accessibility id, css selector, -android uiautomator
[debug] &amp#27;[35m[BaseDriver]&amp#27;[39m Waiting up to 30000 ms for condition
[debug] &amp#27;[35m[WD Proxy]&amp#27;[39m Matched '/element' to command name 'findElement'
[debug] &amp#27;[35m[WD Proxy]&amp#27;[39m Proxying [POST /element] to [POST http://127.0.0.1:8204/wd/hub/session/1ba6c3f2-83d8-4411-bd70-b85c0b3a5be5/element] with body: {"strategy":"accessibility id","selector":"input-email","context":"","multiple":false}
[debug] &amp#27;[35m[WD Proxy]&amp#27;[39m Got response with status 200: {"sessionId":"1ba6c3f2-83d8-4411-bd70-b85c0b3a5be5","value":{"ELEMENT":"00000000-0000-0136-7fff-ffff0000003c","element-6066-11e4-a52e-4f735466cecf":"00000000-0000-0136-7fff-ffff0000003c"}}
[debug] &amp#27;[35m[W3C (8bc46446)]&amp#27;[39m Responding to client with driver.findElement() result: {"element-6066-11e4-a52e-4f735466cecf":"00000000-0000-0136-7fff-ffff0000003c","ELEMENT":"00000000-0000-0136-7fff-ffff0000003c"}
&amp#27;[35m[HTTP]&amp#27;[39m &amp#27;[37m<-- POST /wd/hub/session/8bc46446-73b9-46f3-8673-a9e1e5431af5/element &amp#27;[39m&amp#27;[32m200&amp#27;[39m &amp#27;[90m51 ms - 137&amp#27;[39m
&amp#27;[35m[HTTP]&amp#27;[39m &amp#27;[90m&amp#27;[39m
&amp#27;[35m[HTTP]&amp#27;[39m &amp#27;[37m-->&amp#27;[39m &amp#27;[37mGET&amp#27;[39m &amp#27;[37m/wd/hub/session/8bc46446-73b9-46f3-8673-a9e1e5431af5/element/00000000-0000-0136-7fff-ffff0000003c/displayed&amp#27;[39m
&amp#27;[35m[HTTP]&amp#27;[39m &amp#27;[90m{}&amp#27;[39m
[debug] &amp#27;[35m[W3C (8bc46446)]&amp#27;[39m Calling AppiumDriver.elementDisplayed() with args: ["00000000-0000-0136-7fff-ffff0000003c","8bc46446-73b9-46f3-8673-a9e1e5431af5"]
[debug] &amp#27;[35m[WD Proxy]&amp#27;[39m Matched '/element/00000000-0000-0136-7fff-ffff0000003c/attribute/displayed' to command name 'getAttribute'
[debug] &amp#27;[35m[WD Proxy]&amp#27;[39m Proxying [GET /element/00000000-0000-0136-7fff-ffff0000003c/attribute/displayed] to [GET http://127.0.0.1:8204/wd/hub/session/1ba6c3f2-83d8-4411-bd70-b85c0b3a5be5/element/00000000-0000-0136-7fff-ffff0000003c/attribute/displayed] with no body
[debug] &amp#27;[35m[WD Proxy]&amp#27;[39m Got response with status 200: {"sessionId":"1ba6c3f2-83d8-4411-bd70-b85c0b3a5be5","value":"true"}
[debug] &amp#27;[35m[W3C (8bc46446)]&amp#27;[39m Responding to client with driver.elementDisplayed() result: true
&amp#27;[35m[HTTP]&amp#27;[39m &amp#27;[37m<-- GET /wd/hub/session/8bc46446-73b9-46f3-8673-a9e1e5431af5/element/00000000-0000-0136-7fff-ffff0000003c/displayed &amp#27;[39m&amp#27;[32m200&amp#27;[39m &amp#27;[90m16 ms - 14&amp#27;[39m
&amp#27;[35m[HTTP]&amp#27;[39m &amp#27;[90m&amp#27;[39m
&amp#27;[35m[HTTP]&amp#27;[39m &amp#27;[37m-->&amp#27;[39m &amp#27;[37mGET&amp#27;[39m &amp#27;[37m/wd/hub/session/8bc46446-73b9-46f3-8673-a9e1e5431af5/context&amp#27;[39m
&amp#27;[35m[HTTP]&amp#27;[39m &amp#27;[90m{}&amp#27;[39m
[debug] &amp#27;[35m[W3C (8bc46446)]&amp#27;[39m Calling AppiumDriver.getCurrentContext() with args: ["8bc46446-73b9-46f3-8673-a9e1e5431af5"]
[debug] &amp#27;[35m[W3C (8bc46446)]&amp#27;[39m Responding to client with driver.getCurrentContext() result: "NATIVE_APP"
&amp#27;[35m[HTTP]&amp#27;[39m &amp#27;[37m<-- GET /wd/hub/session/8bc46446-73b9-46f3-8673-a9e1e5431af5/context &amp#27;[39m&amp#27;[32m200&amp#27;[39m &amp#27;[90m1 ms - 22&amp#27;[39m
&amp#27;[35m[HTTP]&amp#27;[39m &amp#27;[90m&amp#27;[39m
&amp#27;[35m[HTTP]&amp#27;[39m &amp#27;[37m-->&amp#27;[39m &amp#27;[37mPOST&amp#27;[39m &amp#27;[37m/wd/hub/session/8bc46446-73b9-46f3-8673-a9e1e5431af5/element&amp#27;[39m
&amp#27;[35m[HTTP]&amp#27;[39m &amp#27;[90m{"using":"accessibility id","value":"input-email"}&amp#27;[39m
[debug] &amp#27;[35m[W3C (8bc46446)]&amp#27;[39m Calling AppiumDriver.findElement() with args: ["accessibility id","input-email","8bc46446-73b9-46f3-8673-a9e1e5431af5"]
[debug] &amp#27;[35m[BaseDriver]&amp#27;[39m Valid locator strategies for this request: xpath, id, class name, accessibility id, css selector, -android uiautomator
[debug] &amp#27;[35m[BaseDriver]&amp#27;[39m Waiting up to 30000 ms for condition
[debug] &amp#27;[35m[WD Proxy]&amp#27;[39m Matched '/element' to command name 'findElement'
[debug] &amp#27;[35m[WD Proxy]&amp#27;[39m Proxying [POST /element] to [POST http://127.0.0.1:8204/wd/hub/session/1ba6c3f2-83d8-4411-bd70-b85c0b3a5be5/element] with body: {"strategy":"accessibility id","selector":"input-email","context":"","multiple":false}
[debug] &amp#27;[35m[WD Proxy]&amp#27;[39m Got response with status 200: {"sessionId":"1ba6c3f2-83d8-4411-bd70-b85c0b3a5be5","value":{"ELEMENT":"00000000-0000-0136-7fff-ffff0000003c","element-6066-11e4-a52e-4f735466cecf":"00000000-0000-0136-7fff-ffff0000003c"}}
[debug] &amp#27;[35m[W3C (8bc46446)]&amp#27;[39m Responding to client with driver.findElement() result: {"element-6066-11e4-a52e-4f735466cecf":"00000000-0000-0136-7fff-ffff0000003c","ELEMENT":"00000000-0000-0136-7fff-ffff0000003c"}
&amp#27;[35m[HTTP]&amp#27;[39m &amp#27;[37m<-- POST /wd/hub/session/8bc46446-73b9-46f3-8673-a9e1e5431af5/element &amp#27;[39m&amp#27;[32m200&amp#27;[39m &amp#27;[90m50 ms - 137&amp#27;[39m
&amp#27;[35m[HTTP]&amp#27;[39m &amp#27;[90m&amp#27;[39m
&amp#27;[35m[HTTP]&amp#27;[39m &amp#27;[37m-->&amp#27;[39m &amp#27;[37mPOST&amp#27;[39m &amp#27;[37m/wd/hub/session/8bc46446-73b9-46f3-8673-a9e1e5431af5/element/00000000-0000-0136-7fff-ffff0000003c/clear&amp#27;[39m
&amp#27;[35m[HTTP]&amp#27;[39m &amp#27;[90m{"id":"00000000-0000-0136-7fff-ffff0000003c"}&amp#27;[39m
[debug] &amp#27;[35m[W3C (8bc46446)]&amp#27;[39m Calling AppiumDriver.clear() with args: ["00000000-0000-0136-7fff-ffff0000003c","8bc46446-73b9-46f3-8673-a9e1e5431af5"]
[debug] &amp#27;[35m[WD Proxy]&amp#27;[39m Matched '/element/00000000-0000-0136-7fff-ffff0000003c/clear' to command name 'clear'
[debug] &amp#27;[35m[WD Proxy]&amp#27;[39m Proxying [POST /element/00000000-0000-0136-7fff-ffff0000003c/clear] to [POST http://127.0.0.1:8204/wd/hub/session/1ba6c3f2-83d8-4411-bd70-b85c0b3a5be5/element/00000000-0000-0136-7fff-ffff0000003c/clear] with body: {"elementId":"00000000-0000-0136-7fff-ffff0000003c"}
[debug] &amp#27;[35m[WD Proxy]&amp#27;[39m Got response with status 200: {"sessionId":"1ba6c3f2-83d8-4411-bd70-b85c0b3a5be5","value":null}
[debug] &amp#27;[35m[W3C (8bc46446)]&amp#27;[39m Responding to client with driver.clear() result: null
&amp#27;[35m[HTTP]&amp#27;[39m &amp#27;[37m<-- POST /wd/hub/session/8bc46446-73b9-46f3-8673-a9e1e5431af5/element/00000000-0000-0136-7fff-ffff0000003c/clear &amp#27;[39m&amp#27;[32m200&amp#27;[39m &amp#27;[90m34 ms - 14&amp#27;[39m
&amp#27;[35m[HTTP]&amp#27;[39m &amp#27;[90m&amp#27;[39m
&amp#27;[35m[HTTP]&amp#27;[39m &amp#27;[37m-->&amp#27;[39m &amp#27;[37mGET&amp#27;[39m &amp#27;[37m/wd/hub/session/8bc46446-73b9-46f3-8673-a9e1e5431af5/context&amp#27;[39m
&amp#27;[35m[HTTP]&amp#27;[39m &amp#27;[90m{}&amp#27;[39m
[debug] &amp#27;[35m[W3C (8bc46446)]&amp#27;[39m Calling AppiumDriver.getCurrentContext() with args: ["8bc46446-73b9-46f3-8673-a9e1e5431af5"]
[debug] &amp#27;[35m[W3C (8bc46446)]&amp#27;[39m Responding to client with driver.getCurrentContext() result: "NATIVE_APP"
&amp#27;[35m[HTTP]&amp#27;[39m &amp#27;[37m<-- GET /wd/hub/session/8bc46446-73b9-46f3-8673-a9e1e5431af5/context &amp#27;[39m&amp#27;[32m200&amp#27;[39m &amp#27;[90m1 ms - 22&amp#27;[39m
&amp#27;[35m[HTTP]&amp#27;[39m &amp#27;[90m&amp#27;[39m
&amp#27;[35m[HTTP]&amp#27;[39m &amp#27;[37m-->&amp#27;[39m &amp#27;[37mPOST&amp#27;[39m &amp#27;[37m/wd/hub/session/8bc46446-73b9-46f3-8673-a9e1e5431af5/element&amp#27;[39m
&amp#27;[35m[HTTP]&amp#27;[39m &amp#27;[90m{"using":"accessibility id","value":"input-email"}&amp#27;[39m
[debug] &amp#27;[35m[W3C (8bc46446)]&amp#27;[39m Calling AppiumDriver.findElement() with args: ["accessibility id","input-email","8bc46446-73b9-46f3-8673-a9e1e5431af5"]
[debug] &amp#27;[35m[BaseDriver]&amp#27;[39m Valid locator strategies for this request: xpath, id, class name, accessibility id, css selector, -android uiautomator
[debug] &amp#27;[35m[BaseDriver]&amp#27;[39m Waiting up to 30000 ms for condition
[debug] &amp#27;[35m[WD Proxy]&amp#27;[39m Matched '/element' to command name 'findElement'
[debug] &amp#27;[35m[WD Proxy]&amp#27;[39m Proxying [POST /element] to [POST http://127.0.0.1:8204/wd/hub/session/1ba6c3f2-83d8-4411-bd70-b85c0b3a5be5/element] with body: {"strategy":"accessibility id","selector":"input-email","context":"","multiple":false}
[debug] &amp#27;[35m[WD Proxy]&amp#27;[39m Got response with status 200: {"sessionId":"1ba6c3f2-83d8-4411-bd70-b85c0b3a5be5","value":{"ELEMENT":"00000000-0000-0136-7fff-ffff0000003c","element-6066-11e4-a52e-4f735466cecf":"00000000-0000-0136-7fff-ffff0000003c"}}
[debug] &amp#27;[35m[W3C (8bc46446)]&amp#27;[39m Responding to client with driver.findElement() result: {"element-6066-11e4-a52e-4f735466cecf":"00000000-0000-0136-7fff-ffff0000003c","ELEMENT":"00000000-0000-0136-7fff-ffff0000003c"}
&amp#27;[35m[HTTP]&amp#27;[39m &amp#27;[37m<-- POST /wd/hub/session/8bc46446-73b9-46f3-8673-a9e1e5431af5/element &amp#27;[39m&amp#27;[32m200&amp#27;[39m &amp#27;[90m720 ms - 137&amp#27;[39m
&amp#27;[35m[HTTP]&amp#27;[39m &amp#27;[90m&amp#27;[39m
&amp#27;[35m[HTTP]&amp#27;[39m &amp#27;[37m-->&amp#27;[39m &amp#27;[37mGET&amp#27;[39m &amp#27;[37m/wd/hub/session/8bc46446-73b9-46f3-8673-a9e1e5431af5/element/00000000-0000-0136-7fff-ffff0000003c/displayed&amp#27;[39m
&amp#27;[35m[HTTP]&amp#27;[39m &amp#27;[90m{}&amp#27;[39m
[debug] &amp#27;[35m[W3C (8bc46446)]&amp#27;[39m Calling AppiumDriver.elementDisplayed() with args: ["00000000-0000-0136-7fff-ffff0000003c","8bc46446-73b9-46f3-8673-a9e1e5431af5"]
[debug] &amp#27;[35m[WD Proxy]&amp#27;[39m Matched '/element/00000000-0000-0136-7fff-ffff0000003c/attribute/displayed' to command name 'getAttribute'
[debug] &amp#27;[35m[WD Proxy]&amp#27;[39m Proxying [GET /element/00000000-0000-0136-7fff-ffff0000003c/attribute/displayed] to [GET http://127.0.0.1:8204/wd/hub/session/1ba6c3f2-83d8-4411-bd70-b85c0b3a5be5/element/00000000-0000-0136-7fff-ffff0000003c/attribute/displayed] with no body
[debug] &amp#27;[35m[WD Proxy]&amp#27;[39m Got response with status 200: {"sessionId":"1ba6c3f2-83d8-4411-bd70-b85c0b3a5be5","value":"true"}
[debug] &amp#27;[35m[W3C (8bc46446)]&amp#27;[39m Responding to client with driver.elementDisplayed() result: true
&amp#27;[35m[HTTP]&amp#27;[39m &amp#27;[37m<-- GET /wd/hub/session/8bc46446-73b9-46f3-8673-a9e1e5431af5/element/00000000-0000-0136-7fff-ffff0000003c/displayed &amp#27;[39m&amp#27;[32m200&amp#27;[39m &amp#27;[90m20 ms - 14&amp#27;[39m
&amp#27;[35m[HTTP]&amp#27;[39m &amp#27;[90m&amp#27;[39m
&amp#27;[35m[HTTP]&amp#27;[39m &amp#27;[37m-->&amp#27;[39m &amp#27;[37mGET&amp#27;[39m &amp#27;[37m/wd/hub/session/8bc46446-73b9-46f3-8673-a9e1e5431af5/context&amp#27;[39m
&amp#27;[35m[HTTP]&amp#27;[39m &amp#27;[90m{}&amp#27;[39m
[debug] &amp#27;[35m[W3C (8bc46446)]&amp#27;[39m Calling AppiumDriver.getCurrentContext() with args: ["8bc46446-73b9-46f3-8673-a9e1e5431af5"]
[debug] &amp#27;[35m[W3C (8bc46446)]&amp#27;[39m Responding to client with driver.getCurrentContext() result: "NATIVE_APP"
&amp#27;[35m[HTTP]&amp#27;[39m &amp#27;[37m<-- GET /wd/hub/session/8bc46446-73b9-46f3-8673-a9e1e5431af5/context &amp#27;[39m&amp#27;[32m200&amp#27;[39m &amp#27;[90m1 ms - 22&amp#27;[39m
&amp#27;[35m[HTTP]&amp#27;[39m &amp#27;[90m&amp#27;[39m
&amp#27;[35m[HTTP]&amp#27;[39m &amp#27;[37m-->&amp#27;[39m &amp#27;[37mPOST&amp#27;[39m &amp#27;[37m/wd/hub/session/8bc46446-73b9-46f3-8673-a9e1e5431af5/element&amp#27;[39m
&amp#27;[35m[HTTP]&amp#27;[39m &amp#27;[90m{"using":"accessibility id","value":"input-email"}&amp#27;[39m
[debug] &amp#27;[35m[W3C (8bc46446)]&amp#27;[39m Calling AppiumDriver.findElement() with args: ["accessibility id","input-email","8bc46446-73b9-46f3-8673-a9e1e5431af5"]
[debug] &amp#27;[35m[BaseDriver]&amp#27;[39m Valid locator strategies for this request: xpath, id, class name, accessibility id, css selector, -android uiautomator
[debug] &amp#27;[35m[BaseDriver]&amp#27;[39m Waiting up to 30000 ms for condition
[debug] &amp#27;[35m[WD Proxy]&amp#27;[39m Matched '/element' to command name 'findElement'
[debug] &amp#27;[35m[WD Proxy]&amp#27;[39m Proxying [POST /element] to [POST http://127.0.0.1:8204/wd/hub/session/1ba6c3f2-83d8-4411-bd70-b85c0b3a5be5/element] with body: {"strategy":"accessibility id","selector":"input-email","context":"","multiple":false}
[debug] &amp#27;[35m[WD Proxy]&amp#27;[39m Got response with status 200: {"sessionId":"1ba6c3f2-83d8-4411-bd70-b85c0b3a5be5","value":{"ELEMENT":"00000000-0000-0136-7fff-ffff0000003c","element-6066-11e4-a52e-4f735466cecf":"00000000-0000-0136-7fff-ffff0000003c"}}
[debug] &amp#27;[35m[W3C (8bc46446)]&amp#27;[39m Responding to client with driver.findElement() result: {"element-6066-11e4-a52e-4f735466cecf":"00000000-0000-0136-7fff-ffff0000003c","ELEMENT":"00000000-0000-0136-7fff-ffff0000003c"}
&amp#27;[35m[HTTP]&amp#27;[39m &amp#27;[37m<-- POST /wd/hub/session/8bc46446-73b9-46f3-8673-a9e1e5431af5/element &amp#27;[39m&amp#27;[32m200&amp#27;[39m &amp#27;[90m62 ms - 137&amp#27;[39m
&amp#27;[35m[HTTP]&amp#27;[39m &amp#27;[90m&amp#27;[39m
&amp#27;[35m[HTTP]&amp#27;[39m &amp#27;[37m-->&amp#27;[39m &amp#27;[37mPOST&amp#27;[39m &amp#27;[37m/wd/hub/session/8bc46446-73b9-46f3-8673-a9e1e5431af5/element/00000000-0000-0136-7fff-ffff0000003c/value&amp#27;[39m
&amp#27;[35m[HTTP]&amp#27;[39m &amp#27;[90m{"id":"00000000-0000-0136-7fff-ffff0000003c","text":"tunghuynh@","value":["t","u","n","g","h","u","y","n","h","@"]}&amp#27;[39m
[debug] &amp#27;[35m[W3C (8bc46446)]&amp#27;[39m Calling AppiumDriver.setValue() with args: [["t","u","n","g","h","u","y","n","h","@"],"00000000-0000-0136-7fff-ffff0000003c","8bc46446-73b9-46f3-8673-a9e1e5431af5"]
[debug] &amp#27;[35m[WD Proxy]&amp#27;[39m Matched '/element/00000000-0000-0136-7fff-ffff0000003c/value' to command name 'setValue'
[debug] &amp#27;[35m[Protocol Converter]&amp#27;[39m Added 'value' property ["t","u","n","g","h","u","y","n","h","@"] to 'setValue' request body
[debug] &amp#27;[35m[WD Proxy]&amp#27;[39m Proxying [POST /element/00000000-0000-0136-7fff-ffff0000003c/value] to [POST http://127.0.0.1:8204/wd/hub/session/1ba6c3f2-83d8-4411-bd70-b85c0b3a5be5/element/00000000-0000-0136-7fff-ffff0000003c/value] with body: {"elementId":"00000000-0000-0136-7fff-ffff0000003c","text":"tunghuynh@","replace":false,"value":["t","u","n","g","h","u","y","n","h","@"]}
[debug] &amp#27;[35m[WD Proxy]&amp#27;[39m Got response with status 200: {"sessionId":"1ba6c3f2-83d8-4411-bd70-b85c0b3a5be5","value":null}
[debug] &amp#27;[35m[W3C (8bc46446)]&amp#27;[39m Responding to client with driver.setValue() result: null
&amp#27;[35m[HTTP]&amp#27;[39m &amp#27;[37m<-- POST /wd/hub/session/8bc46446-73b9-46f3-8673-a9e1e5431af5/element/00000000-0000-0136-7fff-ffff0000003c/value &amp#27;[39m&amp#27;[32m200&amp#27;[39m &amp#27;[90m586 ms - 14&amp#27;[39m
&amp#27;[35m[HTTP]&amp#27;[39m &amp#27;[90m&amp#27;[39m
&amp#27;[35m[HTTP]&amp#27;[39m &amp#27;[37m-->&amp#27;[39m &amp#27;[37mGET&amp#27;[39m &amp#27;[37m/wd/hub/session/8bc46446-73b9-46f3-8673-a9e1e5431af5/context&amp#27;[39m
&amp#27;[35m[HTTP]&amp#27;[39m &amp#27;[90m{}&amp#27;[39m
[debug] &amp#27;[35m[W3C (8bc46446)]&amp#27;[39m Calling AppiumDriver.getCurrentContext() with args: ["8bc46446-73b9-46f3-8673-a9e1e5431af5"]
[debug] &amp#27;[35m[W3C (8bc46446)]&amp#27;[39m Responding to client with driver.getCurrentContext() result: "NATIVE_APP"
&amp#27;[35m[HTTP]&amp#27;[39m &amp#27;[37m<-- GET /wd/hub/session/8bc46446-73b9-46f3-8673-a9e1e5431af5/context &amp#27;[39m&amp#27;[32m200&amp#27;[39m &amp#27;[90m1 ms - 22&amp#27;[39m
&amp#27;[35m[HTTP]&amp#27;[39m &amp#27;[90m&amp#27;[39m
&amp#27;[35m[HTTP]&amp#27;[39m &amp#27;[37m-->&amp#27;[39m &amp#27;[37mPOST&amp#27;[39m &amp#27;[37m/wd/hub/session/8bc46446-73b9-46f3-8673-a9e1e5431af5/element&amp#27;[39m
&amp#27;[35m[HTTP]&amp#27;[39m &amp#27;[90m{"using":"accessibility id","value":"input-password"}&amp#27;[39m
[debug] &amp#27;[35m[W3C (8bc46446)]&amp#27;[39m Calling AppiumDriver.findElement() with args: ["accessibility id","input-password","8bc46446-73b9-46f3-8673-a9e1e5431af5"]
[debug] &amp#27;[35m[BaseDriver]&amp#27;[39m Valid locator strategies for this request: xpath, id, class name, accessibility id, css selector, -android uiautomator
[debug] &amp#27;[35m[BaseDriver]&amp#27;[39m Waiting up to 30000 ms for condition
[debug] &amp#27;[35m[WD Proxy]&amp#27;[39m Matched '/element' to command name 'findElement'
[debug] &amp#27;[35m[WD Proxy]&amp#27;[39m Proxying [POST /element] to [POST http://127.0.0.1:8204/wd/hub/session/1ba6c3f2-83d8-4411-bd70-b85c0b3a5be5/element] with body: {"strategy":"accessibility id","selector":"input-password","context":"","multiple":false}
[debug] &amp#27;[35m[WD Proxy]&amp#27;[39m Got response with status 200: {"sessionId":"1ba6c3f2-83d8-4411-bd70-b85c0b3a5be5","value":{"ELEMENT":"00000000-0000-0136-7fff-ffff0000003e","element-6066-11e4-a52e-4f735466cecf":"00000000-0000-0136-7fff-ffff0000003e"}}
[debug] &amp#27;[35m[W3C (8bc46446)]&amp#27;[39m Responding to client with driver.findElement() result: {"element-6066-11e4-a52e-4f735466cecf":"00000000-0000-0136-7fff-ffff0000003e","ELEMENT":"00000000-0000-0136-7fff-ffff0000003e"}
&amp#27;[35m[HTTP]&amp#27;[39m &amp#27;[37m<-- POST /wd/hub/session/8bc46446-73b9-46f3-8673-a9e1e5431af5/element &amp#27;[39m&amp#27;[32m200&amp#27;[39m &amp#27;[90m758 ms - 137&amp#27;[39m
&amp#27;[35m[HTTP]&amp#27;[39m &amp#27;[90m&amp#27;[39m
&amp#27;[35m[HTTP]&amp#27;[39m &amp#27;[37m-->&amp#27;[39m &amp#27;[37mGET&amp#27;[39m &amp#27;[37m/wd/hub/session/8bc46446-73b9-46f3-8673-a9e1e5431af5/element/00000000-0000-0136-7fff-ffff0000003e/displayed&amp#27;[39m
&amp#27;[35m[HTTP]&amp#27;[39m &amp#27;[90m{}&amp#27;[39m
[debug] &amp#27;[35m[W3C (8bc46446)]&amp#27;[39m Calling AppiumDriver.elementDisplayed() with args: ["00000000-0000-0136-7fff-ffff0000003e","8bc46446-73b9-46f3-8673-a9e1e5431af5"]
[debug] &amp#27;[35m[WD Proxy]&amp#27;[39m Matched '/element/00000000-0000-0136-7fff-ffff0000003e/attribute/displayed' to command name 'getAttribute'
[debug] &amp#27;[35m[WD Proxy]&amp#27;[39m Proxying [GET /element/00000000-0000-0136-7fff-ffff0000003e/attribute/displayed] to [GET http://127.0.0.1:8204/wd/hub/session/1ba6c3f2-83d8-4411-bd70-b85c0b3a5be5/element/00000000-0000-0136-7fff-ffff0000003e/attribute/displayed] with no body
[debug] &amp#27;[35m[WD Proxy]&amp#27;[39m Got response with status 200: {"sessionId":"1ba6c3f2-83d8-4411-bd70-b85c0b3a5be5","value":"true"}
[debug] &amp#27;[35m[W3C (8bc46446)]&amp#27;[39m Responding to client with driver.elementDisplayed() result: true
&amp#27;[35m[HTTP]&amp#27;[39m &amp#27;[37m<-- GET /wd/hub/session/8bc46446-73b9-46f3-8673-a9e1e5431af5/element/00000000-0000-0136-7fff-ffff0000003e/displayed &amp#27;[39m&amp#27;[32m200&amp#27;[39m &amp#27;[90m23 ms - 14&amp#27;[39m
&amp#27;[35m[HTTP]&amp#27;[39m &amp#27;[90m&amp#27;[39m
&amp#27;[35m[HTTP]&amp#27;[39m &amp#27;[37m-->&amp#27;[39m &amp#27;[37mGET&amp#27;[39m &amp#27;[37m/wd/hub/session/8bc46446-73b9-46f3-8673-a9e1e5431af5/context&amp#27;[39m
&amp#27;[35m[HTTP]&amp#27;[39m &amp#27;[90m{}&amp#27;[39m
[debug] &amp#27;[35m[W3C (8bc46446)]&amp#27;[39m Calling AppiumDriver.getCurrentContext() with args: ["8bc46446-73b9-46f3-8673-a9e1e5431af5"]
[debug] &amp#27;[35m[W3C (8bc46446)]&amp#27;[39m Responding to client with driver.getCurrentContext() result: "NATIVE_APP"
&amp#27;[35m[HTTP]&amp#27;[39m &amp#27;[37m<-- GET /wd/hub/session/8bc46446-73b9-46f3-8673-a9e1e5431af5/context &amp#27;[39m&amp#27;[32m200&amp#27;[39m &amp#27;[90m1 ms - 22&amp#27;[39m
&amp#27;[35m[HTTP]&amp#27;[39m &amp#27;[90m&amp#27;[39m
&amp#27;[35m[HTTP]&amp#27;[39m &amp#27;[37m-->&amp#27;[39m &amp#27;[37mPOST&amp#27;[39m &amp#27;[37m/wd/hub/session/8bc46446-73b9-46f3-8673-a9e1e5431af5/element&amp#27;[39m
&amp#27;[35m[HTTP]&amp#27;[39m &amp#27;[90m{"using":"accessibility id","value":"input-password"}&amp#27;[39m
[debug] &amp#27;[35m[W3C (8bc46446)]&amp#27;[39m Calling AppiumDriver.findElement() with args: ["accessibility id","input-password","8bc46446-73b9-46f3-8673-a9e1e5431af5"]
[debug] &amp#27;[35m[BaseDriver]&amp#27;[39m Valid locator strategies for this request: xpath, id, class name, accessibility id, css selector, -android uiautomator
[debug] &amp#27;[35m[BaseDriver]&amp#27;[39m Waiting up to 30000 ms for condition
[debug] &amp#27;[35m[WD Proxy]&amp#27;[39m Matched '/element' to command name 'findElement'
[debug] &amp#27;[35m[WD Proxy]&amp#27;[39m Proxying [POST /element] to [POST http://127.0.0.1:8204/wd/hub/session/1ba6c3f2-83d8-4411-bd70-b85c0b3a5be5/element] with body: {"strategy":"accessibility id","selector":"input-password","context":"","multiple":false}
[debug] &amp#27;[35m[WD Proxy]&amp#27;[39m Got response with status 200: {"sessionId":"1ba6c3f2-83d8-4411-bd70-b85c0b3a5be5","value":{"ELEMENT":"00000000-0000-0136-7fff-ffff0000003e","element-6066-11e4-a52e-4f735466cecf":"00000000-0000-0136-7fff-ffff0000003e"}}
[debug] &amp#27;[35m[W3C (8bc46446)]&amp#27;[39m Responding to client with driver.findElement() result: {"element-6066-11e4-a52e-4f735466cecf":"00000000-0000-0136-7fff-ffff0000003e","ELEMENT":"00000000-0000-0136-7fff-ffff0000003e"}
&amp#27;[35m[HTTP]&amp#27;[39m &amp#27;[37m<-- POST /wd/hub/session/8bc46446-73b9-46f3-8673-a9e1e5431af5/element &amp#27;[39m&amp#27;[32m200&amp#27;[39m &amp#27;[90m49 ms - 137&amp#27;[39m
&amp#27;[35m[HTTP]&amp#27;[39m &amp#27;[90m&amp#27;[39m
&amp#27;[35m[HTTP]&amp#27;[39m &amp#27;[37m-->&amp#27;[39m &amp#27;[37mPOST&amp#27;[39m &amp#27;[37m/wd/hub/session/8bc46446-73b9-46f3-8673-a9e1e5431af5/element/00000000-0000-0136-7fff-ffff0000003e/clear&amp#27;[39m
&amp#27;[35m[HTTP]&amp#27;[39m &amp#27;[90m{"id":"00000000-0000-0136-7fff-ffff0000003e"}&amp#27;[39m
[debug] &amp#27;[35m[W3C (8bc46446)]&amp#27;[39m Calling AppiumDriver.clear() with args: ["00000000-0000-0136-7fff-ffff0000003e","8bc46446-73b9-46f3-8673-a9e1e5431af5"]
[debug] &amp#27;[35m[WD Proxy]&amp#27;[39m Matched '/element/00000000-0000-0136-7fff-ffff0000003e/clear' to command name 'clear'
[debug] &amp#27;[35m[WD Proxy]&amp#27;[39m Proxying [POST /element/00000000-0000-0136-7fff-ffff0000003e/clear] to [POST http://127.0.0.1:8204/wd/hub/session/1ba6c3f2-83d8-4411-bd70-b85c0b3a5be5/element/00000000-0000-0136-7fff-ffff0000003e/clear] with body: {"elementId":"00000000-0000-0136-7fff-ffff0000003e"}
[debug] &amp#27;[35m[WD Proxy]&amp#27;[39m Got response with status 200: {"sessionId":"1ba6c3f2-83d8-4411-bd70-b85c0b3a5be5","value":null}
[debug] &amp#27;[35m[W3C (8bc46446)]&amp#27;[39m Responding to client with driver.clear() result: null
&amp#27;[35m[HTTP]&amp#27;[39m &amp#27;[37m<-- POST /wd/hub/session/8bc46446-73b9-46f3-8673-a9e1e5431af5/element/00000000-0000-0136-7fff-ffff0000003e/clear &amp#27;[39m&amp#27;[32m200&amp#27;[39m &amp#27;[90m44 ms - 14&amp#27;[39m
&amp#27;[35m[HTTP]&amp#27;[39m &amp#27;[90m&amp#27;[39m
&amp#27;[35m[HTTP]&amp#27;[39m &amp#27;[37m-->&amp#27;[39m &amp#27;[37mGET&amp#27;[39m &amp#27;[37m/wd/hub/session/8bc46446-73b9-46f3-8673-a9e1e5431af5/context&amp#27;[39m
&amp#27;[35m[HTTP]&amp#27;[39m &amp#27;[90m{}&amp#27;[39m
[debug] &amp#27;[35m[W3C (8bc46446)]&amp#27;[39m Calling AppiumDriver.getCurrentContext() with args: ["8bc46446-73b9-46f3-8673-a9e1e5431af5"]
[debug] &amp#27;[35m[W3C (8bc46446)]&amp#27;[39m Responding to client with driver.getCurrentContext() result: "NATIVE_APP"
&amp#27;[35m[HTTP]&amp#27;[39m &amp#27;[37m<-- GET /wd/hub/session/8bc46446-73b9-46f3-8673-a9e1e5431af5/context &amp#27;[39m&amp#27;[32m200&amp#27;[39m &amp#27;[90m1 ms - 22&amp#27;[39m
&amp#27;[35m[HTTP]&amp#27;[39m &amp#27;[90m&amp#27;[39m
&amp#27;[35m[HTTP]&amp#27;[39m &amp#27;[37m-->&amp#27;[39m &amp#27;[37mPOST&amp#27;[39m &amp#27;[37m/wd/hub/session/8bc46446-73b9-46f3-8673-a9e1e5431af5/element&amp#27;[39m
&amp#27;[35m[HTTP]&amp#27;[39m &amp#27;[90m{"using":"accessibility id","value":"input-password"}&amp#27;[39m
[debug] &amp#27;[35m[W3C (8bc46446)]&amp#27;[39m Calling AppiumDriver.findElement() with args: ["accessibility id","input-password","8bc46446-73b9-46f3-8673-a9e1e5431af5"]
[debug] &amp#27;[35m[BaseDriver]&amp#27;[39m Valid locator strategies for this request: xpath, id, class name, accessibility id, css selector, -android uiautomator
[debug] &amp#27;[35m[BaseDriver]&amp#27;[39m Waiting up to 30000 ms for condition
[debug] &amp#27;[35m[WD Proxy]&amp#27;[39m Matched '/element' to command name 'findElement'
[debug] &amp#27;[35m[WD Proxy]&amp#27;[39m Proxying [POST /element] to [POST http://127.0.0.1:8204/wd/hub/session/1ba6c3f2-83d8-4411-bd70-b85c0b3a5be5/element] with body: {"strategy":"accessibility id","selector":"input-password","context":"","multiple":false}
[debug] &amp#27;[35m[WD Proxy]&amp#27;[39m Got response with status 200: {"sessionId":"1ba6c3f2-83d8-4411-bd70-b85c0b3a5be5","value":{"ELEMENT":"00000000-0000-0136-7fff-ffff0000003e","element-6066-11e4-a52e-4f735466cecf":"00000000-0000-0136-7fff-ffff0000003e"}}
[debug] &amp#27;[35m[W3C (8bc46446)]&amp#27;[39m Responding to client with driver.findElement() result: {"element-6066-11e4-a52e-4f735466cecf":"00000000-0000-0136-7fff-ffff0000003e","ELEMENT":"00000000-0000-0136-7fff-ffff0000003e"}
&amp#27;[35m[HTTP]&amp#27;[39m &amp#27;[37m<-- POST /wd/hub/session/8bc46446-73b9-46f3-8673-a9e1e5431af5/element &amp#27;[39m&amp#27;[32m200&amp#27;[39m &amp#27;[90m728 ms - 137&amp#27;[39m
&amp#27;[35m[HTTP]&amp#27;[39m &amp#27;[90m&amp#27;[39m
&amp#27;[35m[HTTP]&amp#27;[39m &amp#27;[37m-->&amp#27;[39m &amp#27;[37mGET&amp#27;[39m &amp#27;[37m/wd/hub/session/8bc46446-73b9-46f3-8673-a9e1e5431af5/element/00000000-0000-0136-7fff-ffff0000003e/displayed&amp#27;[39m
&amp#27;[35m[HTTP]&amp#27;[39m &amp#27;[90m{}&amp#27;[39m
[debug] &amp#27;[35m[W3C (8bc46446)]&amp#27;[39m Calling AppiumDriver.elementDisplayed() with args: ["00000000-0000-0136-7fff-ffff0000003e","8bc46446-73b9-46f3-8673-a9e1e5431af5"]
[debug] &amp#27;[35m[WD Proxy]&amp#27;[39m Matched '/element/00000000-0000-0136-7fff-ffff0000003e/attribute/displayed' to command name 'getAttribute'
[debug] &amp#27;[35m[WD Proxy]&amp#27;[39m Proxying [GET /element/00000000-0000-0136-7fff-ffff0000003e/attribute/displayed] to [GET http://127.0.0.1:8204/wd/hub/session/1ba6c3f2-83d8-4411-bd70-b85c0b3a5be5/element/00000000-0000-0136-7fff-ffff0000003e/attribute/displayed] with no body
[debug] &amp#27;[35m[WD Proxy]&amp#27;[39m Got response with status 200: {"sessionId":"1ba6c3f2-83d8-4411-bd70-b85c0b3a5be5","value":"true"}
[debug] &amp#27;[35m[W3C (8bc46446)]&amp#27;[39m Responding to client with driver.elementDisplayed() result: true
&amp#27;[35m[HTTP]&amp#27;[39m &amp#27;[37m<-- GET /wd/hub/session/8bc46446-73b9-46f3-8673-a9e1e5431af5/element/00000000-0000-0136-7fff-ffff0000003e/displayed &amp#27;[39m&amp#27;[32m200&amp#27;[39m &amp#27;[90m20 ms - 14&amp#27;[39m
&amp#27;[35m[HTTP]&amp#27;[39m &amp#27;[90m&amp#27;[39m
&amp#27;[35m[HTTP]&amp#27;[39m &amp#27;[37m-->&amp#27;[39m &amp#27;[37mGET&amp#27;[39m &amp#27;[37m/wd/hub/session/8bc46446-73b9-46f3-8673-a9e1e5431af5/context&amp#27;[39m
&amp#27;[35m[HTTP]&amp#27;[39m &amp#27;[90m{}&amp#27;[39m
[debug] &amp#27;[35m[W3C (8bc46446)]&amp#27;[39m Calling AppiumDriver.getCurrentContext() with args: ["8bc46446-73b9-46f3-8673-a9e1e5431af5"]
[debug] &amp#27;[35m[W3C (8bc46446)]&amp#27;[39m Responding to client with driver.getCurrentContext() result: "NATIVE_APP"
&amp#27;[35m[HTTP]&amp#27;[39m &amp#27;[37m<-- GET /wd/hub/session/8bc46446-73b9-46f3-8673-a9e1e5431af5/context &amp#27;[39m&amp#27;[32m200&amp#27;[39m &amp#27;[90m1 ms - 22&amp#27;[39m
&amp#27;[35m[HTTP]&amp#27;[39m &amp#27;[90m&amp#27;[39m
&amp#27;[35m[HTTP]&amp#27;[39m &amp#27;[37m-->&amp#27;[39m &amp#27;[37mPOST&amp#27;[39m &amp#27;[37m/wd/hub/session/8bc46446-73b9-46f3-8673-a9e1e5431af5/element&amp#27;[39m
&amp#27;[35m[HTTP]&amp#27;[39m &amp#27;[90m{"using":"accessibility id","value":"input-password"}&amp#27;[39m
[debug] &amp#27;[35m[W3C (8bc46446)]&amp#27;[39m Calling AppiumDriver.findElement() with args: ["accessibility id","input-password","8bc46446-73b9-46f3-8673-a9e1e5431af5"]
[debug] &amp#27;[35m[BaseDriver]&amp#27;[39m Valid locator strategies for this request: xpath, id, class name, accessibility id, css selector, -android uiautomator
[debug] &amp#27;[35m[BaseDriver]&amp#27;[39m Waiting up to 30000 ms for condition
[debug] &amp#27;[35m[WD Proxy]&amp#27;[39m Matched '/element' to command name 'findElement'
[debug] &amp#27;[35m[WD Proxy]&amp#27;[39m Proxying [POST /element] to [POST http://127.0.0.1:8204/wd/hub/session/1ba6c3f2-83d8-4411-bd70-b85c0b3a5be5/element] with body: {"strategy":"accessibility id","selector":"input-password","context":"","multiple":false}
[debug] &amp#27;[35m[WD Proxy]&amp#27;[39m Got response with status 200: {"sessionId":"1ba6c3f2-83d8-4411-bd70-b85c0b3a5be5","value":{"ELEMENT":"00000000-0000-0136-7fff-ffff0000003e","element-6066-11e4-a52e-4f735466cecf":"00000000-0000-0136-7fff-ffff0000003e"}}
[debug] &amp#27;[35m[W3C (8bc46446)]&amp#27;[39m Responding to client with driver.findElement() result: {"element-6066-11e4-a52e-4f735466cecf":"00000000-0000-0136-7fff-ffff0000003e","ELEMENT":"00000000-0000-0136-7fff-ffff0000003e"}
&amp#27;[35m[HTTP]&amp#27;[39m &amp#27;[37m<-- POST /wd/hub/session/8bc46446-73b9-46f3-8673-a9e1e5431af5/element &amp#27;[39m&amp#27;[32m200&amp#27;[39m &amp#27;[90m49 ms - 137&amp#27;[39m
&amp#27;[35m[HTTP]&amp#27;[39m &amp#27;[90m&amp#27;[39m
&amp#27;[35m[HTTP]&amp#27;[39m &amp#27;[37m-->&amp#27;[39m &amp#27;[37mPOST&amp#27;[39m &amp#27;[37m/wd/hub/session/8bc46446-73b9-46f3-8673-a9e1e5431af5/element/00000000-0000-0136-7fff-ffff0000003e/value&amp#27;[39m
&amp#27;[35m[HTTP]&amp#27;[39m &amp#27;[90m{"id":"00000000-0000-0136-7fff-ffff0000003e","text":"12345678","value":["1","2","3","4","5","6","7","8"]}&amp#27;[39m
[debug] &amp#27;[35m[W3C (8bc46446)]&amp#27;[39m Calling AppiumDriver.setValue() with args: [["1","2","3","4","5","6","7","8"],"00000000-0000-0136-7fff-ffff0000003e","8bc46446-73b9-46f3-8673-a9e1e5431af5"]
[debug] &amp#27;[35m[WD Proxy]&amp#27;[39m Matched '/element/00000000-0000-0136-7fff-ffff0000003e/value' to command name 'setValue'
[debug] &amp#27;[35m[Protocol Converter]&amp#27;[39m Added 'value' property ["1","2","3","4","5","6","7","8"] to 'setValue' request body
[debug] &amp#27;[35m[WD Proxy]&amp#27;[39m Proxying [POST /element/00000000-0000-0136-7fff-ffff0000003e/value] to [POST http://127.0.0.1:8204/wd/hub/session/1ba6c3f2-83d8-4411-bd70-b85c0b3a5be5/element/00000000-0000-0136-7fff-ffff0000003e/value] with body: {"elementId":"00000000-0000-0136-7fff-ffff0000003e","text":"12345678","replace":false,"value":["1","2","3","4","5","6","7","8"]}
[debug] &amp#27;[35m[WD Proxy]&amp#27;[39m Got response with status 200: {"sessionId":"1ba6c3f2-83d8-4411-bd70-b85c0b3a5be5","value":null}
[debug] &amp#27;[35m[W3C (8bc46446)]&amp#27;[39m Responding to client with driver.setValue() result: null
&amp#27;[35m[HTTP]&amp#27;[39m &amp#27;[37m<-- POST /wd/hub/session/8bc46446-73b9-46f3-8673-a9e1e5431af5/element/00000000-0000-0136-7fff-ffff0000003e/value &amp#27;[39m&amp#27;[32m200&amp#27;[39m &amp#27;[90m75 ms - 14&amp#27;[39m
&amp#27;[35m[HTTP]&amp#27;[39m &amp#27;[90m&amp#27;[39m
&amp#27;[35m[HTTP]&amp#27;[39m &amp#27;[37m-->&amp#27;[39m &amp#27;[37mGET&amp#27;[39m &amp#27;[37m/wd/hub/session/8bc46446-73b9-46f3-8673-a9e1e5431af5/context&amp#27;[39m
&amp#27;[35m[HTTP]&amp#27;[39m &amp#27;[90m{}&amp#27;[39m
[debug] &amp#27;[35m[W3C (8bc46446)]&amp#27;[39m Calling AppiumDriver.getCurrentContext() with args: ["8bc46446-73b9-46f3-8673-a9e1e5431af5"]
[debug] &amp#27;[35m[W3C (8bc46446)]&amp#27;[39m Responding to client with driver.getCurrentContext() result: "NATIVE_APP"
&amp#27;[35m[HTTP]&amp#27;[39m &amp#27;[37m<-- GET /wd/hub/session/8bc46446-73b9-46f3-8673-a9e1e5431af5/context &amp#27;[39m&amp#27;[32m200&amp#27;[39m &amp#27;[90m1 ms - 22&amp#27;[39m
&amp#27;[35m[HTTP]&amp#27;[39m &amp#27;[90m&amp#27;[39m
&amp#27;[35m[HTTP]&amp#27;[39m &amp#27;[37m-->&amp#27;[39m &amp#27;[37mPOST&amp#27;[39m &amp#27;[37m/wd/hub/session/8bc46446-73b9-46f3-8673-a9e1e5431af5/element&amp#27;[39m
&amp#27;[35m[HTTP]&amp#27;[39m &amp#27;[90m{"using":"accessibility id","value":"input-repeat-password"}&amp#27;[39m
[debug] &amp#27;[35m[W3C (8bc46446)]&amp#27;[39m Calling AppiumDriver.findElement() with args: ["accessibility id","input-repeat-password","8bc46446-73b9-46f3-8673-a9e1e5431af5"]
[debug] &amp#27;[35m[BaseDriver]&amp#27;[39m Valid locator strategies for this request: xpath, id, class name, accessibility id, css selector, -android uiautomator
[debug] &amp#27;[35m[BaseDriver]&amp#27;[39m Waiting up to 30000 ms for condition
[debug] &amp#27;[35m[WD Proxy]&amp#27;[39m Matched '/element' to command name 'findElement'
[debug] &amp#27;[35m[WD Proxy]&amp#27;[39m Proxying [POST /element] to [POST http://127.0.0.1:8204/wd/hub/session/1ba6c3f2-83d8-4411-bd70-b85c0b3a5be5/element] with body: {"strategy":"accessibility id","selector":"input-repeat-password","context":"","multiple":false}
[debug] &amp#27;[35m[WD Proxy]&amp#27;[39m Got response with status 200: {"sessionId":"1ba6c3f2-83d8-4411-bd70-b85c0b3a5be5","value":{"ELEMENT":"00000000-0000-0136-7fff-ffff00000087","element-6066-11e4-a52e-4f735466cecf":"00000000-0000-0136-7fff-ffff00000087"}}
[debug] &amp#27;[35m[W3C (8bc46446)]&amp#27;[39m Responding to client with driver.findElement() result: {"element-6066-11e4-a52e-4f735466cecf":"00000000-0000-0136-7fff-ffff00000087","ELEMENT":"00000000-0000-0136-7fff-ffff00000087"}
&amp#27;[35m[HTTP]&amp#27;[39m &amp#27;[37m<-- POST /wd/hub/session/8bc46446-73b9-46f3-8673-a9e1e5431af5/element &amp#27;[39m&amp#27;[32m200&amp#27;[39m &amp#27;[90m716 ms - 137&amp#27;[39m
&amp#27;[35m[HTTP]&amp#27;[39m &amp#27;[90m&amp#27;[39m
&amp#27;[35m[HTTP]&amp#27;[39m &amp#27;[37m-->&amp#27;[39m &amp#27;[37mGET&amp#27;[39m &amp#27;[37m/wd/hub/session/8bc46446-73b9-46f3-8673-a9e1e5431af5/element/00000000-0000-0136-7fff-ffff00000087/displayed&amp#27;[39m
&amp#27;[35m[HTTP]&amp#27;[39m &amp#27;[90m{}&amp#27;[39m
[debug] &amp#27;[35m[W3C (8bc46446)]&amp#27;[39m Calling AppiumDriver.elementDisplayed() with args: ["00000000-0000-0136-7fff-ffff00000087","8bc46446-73b9-46f3-8673-a9e1e5431af5"]
[debug] &amp#27;[35m[WD Proxy]&amp#27;[39m Matched '/element/00000000-0000-0136-7fff-ffff00000087/attribute/displayed' to command name 'getAttribute'
[debug] &amp#27;[35m[WD Proxy]&amp#27;[39m Proxying [GET /element/00000000-0000-0136-7fff-ffff00000087/attribute/displayed] to [GET http://127.0.0.1:8204/wd/hub/session/1ba6c3f2-83d8-4411-bd70-b85c0b3a5be5/element/00000000-0000-0136-7fff-ffff00000087/attribute/displayed] with no body
[debug] &amp#27;[35m[WD Proxy]&amp#27;[39m Got response with status 200: {"sessionId":"1ba6c3f2-83d8-4411-bd70-b85c0b3a5be5","value":"true"}
[debug] &amp#27;[35m[W3C (8bc46446)]&amp#27;[39m Responding to client with driver.elementDisplayed() result: true
&amp#27;[35m[HTTP]&amp#27;[39m &amp#27;[37m<-- GET /wd/hub/session/8bc46446-73b9-46f3-8673-a9e1e5431af5/element/00000000-0000-0136-7fff-ffff00000087/displayed &amp#27;[39m&amp#27;[32m200&amp#27;[39m &amp#27;[90m21 ms - 14&amp#27;[39m
&amp#27;[35m[HTTP]&amp#27;[39m &amp#27;[90m&amp#27;[39m
&amp#27;[35m[HTTP]&amp#27;[39m &amp#27;[37m-->&amp#27;[39m &amp#27;[37mGET&amp#27;[39m &amp#27;[37m/wd/hub/session/8bc46446-73b9-46f3-8673-a9e1e5431af5/context&amp#27;[39m
&amp#27;[35m[HTTP]&amp#27;[39m &amp#27;[90m{}&amp#27;[39m
[debug] &amp#27;[35m[W3C (8bc46446)]&amp#27;[39m Calling AppiumDriver.getCurrentContext() with args: ["8bc46446-73b9-46f3-8673-a9e1e5431af5"]
[debug] &amp#27;[35m[W3C (8bc46446)]&amp#27;[39m Responding to client with driver.getCurrentContext() result: "NATIVE_APP"
&amp#27;[35m[HTTP]&amp#27;[39m &amp#27;[37m<-- GET /wd/hub/session/8bc46446-73b9-46f3-8673-a9e1e5431af5/context &amp#27;[39m&amp#27;[32m200&amp#27;[39m &amp#27;[90m1 ms - 22&amp#27;[39m
&amp#27;[35m[HTTP]&amp#27;[39m &amp#27;[90m&amp#27;[39m
&amp#27;[35m[HTTP]&amp#27;[39m &amp#27;[37m-->&amp#27;[39m &amp#27;[37mPOST&amp#27;[39m &amp#27;[37m/wd/hub/session/8bc46446-73b9-46f3-8673-a9e1e5431af5/element&amp#27;[39m
&amp#27;[35m[HTTP]&amp#27;[39m &amp#27;[90m{"using":"accessibility id","value":"input-repeat-password"}&amp#27;[39m
[debug] &amp#27;[35m[W3C (8bc46446)]&amp#27;[39m Calling AppiumDriver.findElement() with args: ["accessibility id","input-repeat-password","8bc46446-73b9-46f3-8673-a9e1e5431af5"]
[debug] &amp#27;[35m[BaseDriver]&amp#27;[39m Valid locator strategies for this request: xpath, id, class name, accessibility id, css selector, -android uiautomator
[debug] &amp#27;[35m[BaseDriver]&amp#27;[39m Waiting up to 30000 ms for condition
[debug] &amp#27;[35m[WD Proxy]&amp#27;[39m Matched '/element' to command name 'findElement'
[debug] &amp#27;[35m[WD Proxy]&amp#27;[39m Proxying [POST /element] to [POST http://127.0.0.1:8204/wd/hub/session/1ba6c3f2-83d8-4411-bd70-b85c0b3a5be5/element] with body: {"strategy":"accessibility id","selector":"input-repeat-password","context":"","multiple":false}
[debug] &amp#27;[35m[WD Proxy]&amp#27;[39m Got response with status 200: {"sessionId":"1ba6c3f2-83d8-4411-bd70-b85c0b3a5be5","value":{"ELEMENT":"00000000-0000-0136-7fff-ffff00000087","element-6066-11e4-a52e-4f735466cecf":"00000000-0000-0136-7fff-ffff00000087"}}
[debug] &amp#27;[35m[W3C (8bc46446)]&amp#27;[39m Responding to client with driver.findElement() result: {"element-6066-11e4-a52e-4f735466cecf":"00000000-0000-0136-7fff-ffff00000087","ELEMENT":"00000000-0000-0136-7fff-ffff00000087"}
&amp#27;[35m[HTTP]&amp#27;[39m &amp#27;[37m<-- POST /wd/hub/session/8bc46446-73b9-46f3-8673-a9e1e5431af5/element &amp#27;[39m&amp#27;[32m200&amp#27;[39m &amp#27;[90m60 ms - 137&amp#27;[39m
&amp#27;[35m[HTTP]&amp#27;[39m &amp#27;[90m&amp#27;[39m
&amp#27;[35m[HTTP]&amp#27;[39m &amp#27;[37m-->&amp#27;[39m &amp#27;[37mPOST&amp#27;[39m &amp#27;[37m/wd/hub/session/8bc46446-73b9-46f3-8673-a9e1e5431af5/element/00000000-0000-0136-7fff-ffff00000087/clear&amp#27;[39m
&amp#27;[35m[HTTP]&amp#27;[39m &amp#27;[90m{"id":"00000000-0000-0136-7fff-ffff00000087"}&amp#27;[39m
[debug] &amp#27;[35m[W3C (8bc46446)]&amp#27;[39m Calling AppiumDriver.clear() with args: ["00000000-0000-0136-7fff-ffff00000087","8bc46446-73b9-46f3-8673-a9e1e5431af5"]
[debug] &amp#27;[35m[WD Proxy]&amp#27;[39m Matched '/element/00000000-0000-0136-7fff-ffff00000087/clear' to command name 'clear'
[debug] &amp#27;[35m[WD Proxy]&amp#27;[39m Proxying [POST /element/00000000-0000-0136-7fff-ffff00000087/clear] to [POST http://127.0.0.1:8204/wd/hub/session/1ba6c3f2-83d8-4411-bd70-b85c0b3a5be5/element/00000000-0000-0136-7fff-ffff00000087/clear] with body: {"elementId":"00000000-0000-0136-7fff-ffff00000087"}
[debug] &amp#27;[35m[WD Proxy]&amp#27;[39m Got response with status 200: {"sessionId":"1ba6c3f2-83d8-4411-bd70-b85c0b3a5be5","value":null}
[debug] &amp#27;[35m[W3C (8bc46446)]&amp#27;[39m Responding to client with driver.clear() result: null
&amp#27;[35m[HTTP]&amp#27;[39m &amp#27;[37m<-- POST /wd/hub/session/8bc46446-73b9-46f3-8673-a9e1e5431af5/element/00000000-0000-0136-7fff-ffff00000087/clear &amp#27;[39m&amp#27;[32m200&amp#27;[39m &amp#27;[90m26 ms - 14&amp#27;[39m
&amp#27;[35m[HTTP]&amp#27;[39m &amp#27;[90m&amp#27;[39m
&amp#27;[35m[HTTP]&amp#27;[39m &amp#27;[37m-->&amp#27;[39m &amp#27;[37mGET&amp#27;[39m &amp#27;[37m/wd/hub/session/8bc46446-73b9-46f3-8673-a9e1e5431af5/context&amp#27;[39m
&amp#27;[35m[HTTP]&amp#27;[39m &amp#27;[90m{}&amp#27;[39m
[debug] &amp#27;[35m[W3C (8bc46446)]&amp#27;[39m Calling AppiumDriver.getCurrentContext() with args: ["8bc46446-73b9-46f3-8673-a9e1e5431af5"]
[debug] &amp#27;[35m[W3C (8bc46446)]&amp#27;[39m Responding to client with driver.getCurrentContext() result: "NATIVE_APP"
&amp#27;[35m[HTTP]&amp#27;[39m &amp#27;[37m<-- GET /wd/hub/session/8bc46446-73b9-46f3-8673-a9e1e5431af5/context &amp#27;[39m&amp#27;[32m200&amp#27;[39m &amp#27;[90m1 ms - 22&amp#27;[39m
&amp#27;[35m[HTTP]&amp#27;[39m &amp#27;[90m&amp#27;[39m
&amp#27;[35m[HTTP]&amp#27;[39m &amp#27;[37m-->&amp#27;[39m &amp#27;[37mPOST&amp#27;[39m &amp#27;[37m/wd/hub/session/8bc46446-73b9-46f3-8673-a9e1e5431af5/element&amp#27;[39m
&amp#27;[35m[HTTP]&amp#27;[39m &amp#27;[90m{"using":"accessibility id","value":"input-repeat-password"}&amp#27;[39m
[debug] &amp#27;[35m[W3C (8bc46446)]&amp#27;[39m Calling AppiumDriver.findElement() with args: ["accessibility id","input-repeat-password","8bc46446-73b9-46f3-8673-a9e1e5431af5"]
[debug] &amp#27;[35m[BaseDriver]&amp#27;[39m Valid locator strategies for this request: xpath, id, class name, accessibility id, css selector, -android uiautomator
[debug] &amp#27;[35m[BaseDriver]&amp#27;[39m Waiting up to 30000 ms for condition
[debug] &amp#27;[35m[WD Proxy]&amp#27;[39m Matched '/element' to command name 'findElement'
[debug] &amp#27;[35m[WD Proxy]&amp#27;[39m Proxying [POST /element] to [POST http://127.0.0.1:8204/wd/hub/session/1ba6c3f2-83d8-4411-bd70-b85c0b3a5be5/element] with body: {"strategy":"accessibility id","selector":"input-repeat-password","context":"","multiple":false}
[debug] &amp#27;[35m[WD Proxy]&amp#27;[39m Got response with status 200: {"sessionId":"1ba6c3f2-83d8-4411-bd70-b85c0b3a5be5","value":{"ELEMENT":"00000000-0000-0136-7fff-ffff00000087","element-6066-11e4-a52e-4f735466cecf":"00000000-0000-0136-7fff-ffff00000087"}}
[debug] &amp#27;[35m[W3C (8bc46446)]&amp#27;[39m Responding to client with driver.findElement() result: {"element-6066-11e4-a52e-4f735466cecf":"00000000-0000-0136-7fff-ffff00000087","ELEMENT":"00000000-0000-0136-7fff-ffff00000087"}
&amp#27;[35m[HTTP]&amp#27;[39m &amp#27;[37m<-- POST /wd/hub/session/8bc46446-73b9-46f3-8673-a9e1e5431af5/element &amp#27;[39m&amp#27;[32m200&amp#27;[39m &amp#27;[90m733 ms - 137&amp#27;[39m
&amp#27;[35m[HTTP]&amp#27;[39m &amp#27;[90m&amp#27;[39m
&amp#27;[35m[HTTP]&amp#27;[39m &amp#27;[37m-->&amp#27;[39m &amp#27;[37mGET&amp#27;[39m &amp#27;[37m/wd/hub/session/8bc46446-73b9-46f3-8673-a9e1e5431af5/element/00000000-0000-0136-7fff-ffff00000087/displayed&amp#27;[39m
&amp#27;[35m[HTTP]&amp#27;[39m &amp#27;[90m{}&amp#27;[39m
[debug] &amp#27;[35m[W3C (8bc46446)]&amp#27;[39m Calling AppiumDriver.elementDisplayed() with args: ["00000000-0000-0136-7fff-ffff00000087","8bc46446-73b9-46f3-8673-a9e1e5431af5"]
[debug] &amp#27;[35m[WD Proxy]&amp#27;[39m Matched '/element/00000000-0000-0136-7fff-ffff00000087/attribute/displayed' to command name 'getAttribute'
[debug] &amp#27;[35m[WD Proxy]&amp#27;[39m Proxying [GET /element/00000000-0000-0136-7fff-ffff00000087/attribute/displayed] to [GET http://127.0.0.1:8204/wd/hub/session/1ba6c3f2-83d8-4411-bd70-b85c0b3a5be5/element/00000000-0000-0136-7fff-ffff00000087/attribute/displayed] with no body
[debug] &amp#27;[35m[WD Proxy]&amp#27;[39m Got response with status 200: {"sessionId":"1ba6c3f2-83d8-4411-bd70-b85c0b3a5be5","value":"true"}
[debug] &amp#27;[35m[W3C (8bc46446)]&amp#27;[39m Responding to client with driver.elementDisplayed() result: true
&amp#27;[35m[HTTP]&amp#27;[39m &amp#27;[37m<-- GET /wd/hub/session/8bc46446-73b9-46f3-8673-a9e1e5431af5/element/00000000-0000-0136-7fff-ffff00000087/displayed &amp#27;[39m&amp#27;[32m200&amp#27;[39m &amp#27;[90m20 ms - 14&amp#27;[39m
&amp#27;[35m[HTTP]&amp#27;[39m &amp#27;[90m&amp#27;[39m
&amp#27;[35m[HTTP]&amp#27;[39m &amp#27;[37m-->&amp#27;[39m &amp#27;[37mGET&amp#27;[39m &amp#27;[37m/wd/hub/session/8bc46446-73b9-46f3-8673-a9e1e5431af5/context&amp#27;[39m
&amp#27;[35m[HTTP]&amp#27;[39m &amp#27;[90m{}&amp#27;[39m
[debug] &amp#27;[35m[W3C (8bc46446)]&amp#27;[39m Calling AppiumDriver.getCurrentContext() with args: ["8bc46446-73b9-46f3-8673-a9e1e5431af5"]
[debug] &amp#27;[35m[W3C (8bc46446)]&amp#27;[39m Responding to client with driver.getCurrentContext() result: "NATIVE_APP"
&amp#27;[35m[HTTP]&amp#27;[39m &amp#27;[37m<-- GET /wd/hub/session/8bc46446-73b9-46f3-8673-a9e1e5431af5/context &amp#27;[39m&amp#27;[32m200&amp#27;[39m &amp#27;[90m1 ms - 22&amp#27;[39m
&amp#27;[35m[HTTP]&amp#27;[39m &amp#27;[90m&amp#27;[39m
&amp#27;[35m[HTTP]&amp#27;[39m &amp#27;[37m-->&amp#27;[39m &amp#27;[37mPOST&amp#27;[39m &amp#27;[37m/wd/hub/session/8bc46446-73b9-46f3-8673-a9e1e5431af5/element&amp#27;[39m
&amp#27;[35m[HTTP]&amp#27;[39m &amp#27;[90m{"using":"accessibility id","value":"input-repeat-password"}&amp#27;[39m
[debug] &amp#27;[35m[W3C (8bc46446)]&amp#27;[39m Calling AppiumDriver.findElement() with args: ["accessibility id","input-repeat-password","8bc46446-73b9-46f3-8673-a9e1e5431af5"]
[debug] &amp#27;[35m[BaseDriver]&amp#27;[39m Valid locator strategies for this request: xpath, id, class name, accessibility id, css selector, -android uiautomator
[debug] &amp#27;[35m[BaseDriver]&amp#27;[39m Waiting up to 30000 ms for condition
[debug] &amp#27;[35m[WD Proxy]&amp#27;[39m Matched '/element' to command name 'findElement'
[debug] &amp#27;[35m[WD Proxy]&amp#27;[39m Proxying [POST /element] to [POST http://127.0.0.1:8204/wd/hub/session/1ba6c3f2-83d8-4411-bd70-b85c0b3a5be5/element] with body: {"strategy":"accessibility id","selector":"input-repeat-password","context":"","multiple":false}
[debug] &amp#27;[35m[WD Proxy]&amp#27;[39m Got response with status 200: {"sessionId":"1ba6c3f2-83d8-4411-bd70-b85c0b3a5be5","value":{"ELEMENT":"00000000-0000-0136-7fff-ffff00000087","element-6066-11e4-a52e-4f735466cecf":"00000000-0000-0136-7fff-ffff00000087"}}
[debug] &amp#27;[35m[W3C (8bc46446)]&amp#27;[39m Responding to client with driver.findElement() result: {"element-6066-11e4-a52e-4f735466cecf":"00000000-0000-0136-7fff-ffff00000087","ELEMENT":"00000000-0000-0136-7fff-ffff00000087"}
&amp#27;[35m[HTTP]&amp#27;[39m &amp#27;[37m<-- POST /wd/hub/session/8bc46446-73b9-46f3-8673-a9e1e5431af5/element &amp#27;[39m&amp#27;[32m200&amp#27;[39m &amp#27;[90m69 ms - 137&amp#27;[39m
&amp#27;[35m[HTTP]&amp#27;[39m &amp#27;[90m&amp#27;[39m
&amp#27;[35m[HTTP]&amp#27;[39m &amp#27;[37m-->&amp#27;[39m &amp#27;[37mPOST&amp#27;[39m &amp#27;[37m/wd/hub/session/8bc46446-73b9-46f3-8673-a9e1e5431af5/element/00000000-0000-0136-7fff-ffff00000087/value&amp#27;[39m
&amp#27;[35m[HTTP]&amp#27;[39m &amp#27;[90m{"id":"00000000-0000-0136-7fff-ffff00000087","text":"12345678","value":["1","2","3","4","5","6","7","8"]}&amp#27;[39m
[debug] &amp#27;[35m[W3C (8bc46446)]&amp#27;[39m Calling AppiumDriver.setValue() with args: [["1","2","3","4","5","6","7","8"],"00000000-0000-0136-7fff-ffff00000087","8bc46446-73b9-46f3-8673-a9e1e5431af5"]
[debug] &amp#27;[35m[WD Proxy]&amp#27;[39m Matched '/element/00000000-0000-0136-7fff-ffff00000087/value' to command name 'setValue'
[debug] &amp#27;[35m[Protocol Converter]&amp#27;[39m Added 'value' property ["1","2","3","4","5","6","7","8"] to 'setValue' request body
[debug] &amp#27;[35m[WD Proxy]&amp#27;[39m Proxying [POST /element/00000000-0000-0136-7fff-ffff00000087/value] to [POST http://127.0.0.1:8204/wd/hub/session/1ba6c3f2-83d8-4411-bd70-b85c0b3a5be5/element/00000000-0000-0136-7fff-ffff00000087/value] with body: {"elementId":"00000000-0000-0136-7fff-ffff00000087","text":"12345678","replace":false,"value":["1","2","3","4","5","6","7","8"]}
[debug] &amp#27;[35m[WD Proxy]&amp#27;[39m Got response with status 200: {"sessionId":"1ba6c3f2-83d8-4411-bd70-b85c0b3a5be5","value":null}
[debug] &amp#27;[35m[W3C (8bc46446)]&amp#27;[39m Responding to client with driver.setValue() result: null
&amp#27;[35m[HTTP]&amp#27;[39m &amp#27;[37m<-- POST /wd/hub/session/8bc46446-73b9-46f3-8673-a9e1e5431af5/element/00000000-0000-0136-7fff-ffff00000087/value &amp#27;[39m&amp#27;[32m200&amp#27;[39m &amp#27;[90m1032 ms - 14&amp#27;[39m
&amp#27;[35m[HTTP]&amp#27;[39m &amp#27;[90m&amp#27;[39m
&amp#27;[35m[HTTP]&amp#27;[39m &amp#27;[37m-->&amp#27;[39m &amp#27;[37mGET&amp#27;[39m &amp#27;[37m/wd/hub/session/8bc46446-73b9-46f3-8673-a9e1e5431af5/context&amp#27;[39m
&amp#27;[35m[HTTP]&amp#27;[39m &amp#27;[90m{}&amp#27;[39m
[debug] &amp#27;[35m[W3C (8bc46446)]&amp#27;[39m Calling AppiumDriver.getCurrentContext() with args: ["8bc46446-73b9-46f3-8673-a9e1e5431af5"]
[debug] &amp#27;[35m[W3C (8bc46446)]&amp#27;[39m Responding to client with driver.getCurrentContext() result: "NATIVE_APP"
&amp#27;[35m[HTTP]&amp#27;[39m &amp#27;[37m<-- GET /wd/hub/session/8bc46446-73b9-46f3-8673-a9e1e5431af5/context &amp#27;[39m&amp#27;[32m200&amp#27;[39m &amp#27;[90m1 ms - 22&amp#27;[39m
&amp#27;[35m[HTTP]&amp#27;[39m &amp#27;[90m&amp#27;[39m
&amp#27;[35m[HTTP]&amp#27;[39m &amp#27;[37m-->&amp#27;[39m &amp#27;[37mPOST&amp#27;[39m &amp#27;[37m/wd/hub/session/8bc46446-73b9-46f3-8673-a9e1e5431af5/element&amp#27;[39m
&amp#27;[35m[HTTP]&amp#27;[39m &amp#27;[90m{"using":"accessibility id","value":"button-SIGN UP"}&amp#27;[39m
[debug] &amp#27;[35m[W3C (8bc46446)]&amp#27;[39m Calling AppiumDriver.findElement() with args: ["accessibility id","button-SIGN UP","8bc46446-73b9-46f3-8673-a9e1e5431af5"]
[debug] &amp#27;[35m[BaseDriver]&amp#27;[39m Valid locator strategies for this request: xpath, id, class name, accessibility id, css selector, -android uiautomator
[debug] &amp#27;[35m[BaseDriver]&amp#27;[39m Waiting up to 30000 ms for condition
[debug] &amp#27;[35m[WD Proxy]&amp#27;[39m Matched '/element' to command name 'findElement'
[debug] &amp#27;[35m[WD Proxy]&amp#27;[39m Proxying [POST /element] to [POST http://127.0.0.1:8204/wd/hub/session/1ba6c3f2-83d8-4411-bd70-b85c0b3a5be5/element] with body: {"strategy":"accessibility id","selector":"button-SIGN UP","context":"","multiple":false}
[debug] &amp#27;[35m[WD Proxy]&amp#27;[39m Got response with status 200: {"sessionId":"1ba6c3f2-83d8-4411-bd70-b85c0b3a5be5","value":{"ELEMENT":"00000000-0000-0136-7fff-ffff00000055","element-6066-11e4-a52e-4f735466cecf":"00000000-0000-0136-7fff-ffff00000055"}}
[debug] &amp#27;[35m[W3C (8bc46446)]&amp#27;[39m Responding to client with driver.findElement() result: {"element-6066-11e4-a52e-4f735466cecf":"00000000-0000-0136-7fff-ffff00000055","ELEMENT":"00000000-0000-0136-7fff-ffff00000055"}
&amp#27;[35m[HTTP]&amp#27;[39m &amp#27;[37m<-- POST /wd/hub/session/8bc46446-73b9-46f3-8673-a9e1e5431af5/element &amp#27;[39m&amp#27;[32m200&amp#27;[39m &amp#27;[90m726 ms - 137&amp#27;[39m
&amp#27;[35m[HTTP]&amp#27;[39m &amp#27;[90m&amp#27;[39m
&amp#27;[35m[HTTP]&amp#27;[39m &amp#27;[37m-->&amp#27;[39m &amp#27;[37mGET&amp#27;[39m &amp#27;[37m/wd/hub/session/8bc46446-73b9-46f3-8673-a9e1e5431af5/element/00000000-0000-0136-7fff-ffff00000055/displayed&amp#27;[39m
&amp#27;[35m[HTTP]&amp#27;[39m &amp#27;[90m{}&amp#27;[39m
[debug] &amp#27;[35m[W3C (8bc46446)]&amp#27;[39m Calling AppiumDriver.elementDisplayed() with args: ["00000000-0000-0136-7fff-ffff00000055","8bc46446-73b9-46f3-8673-a9e1e5431af5"]
[debug] &amp#27;[35m[WD Proxy]&amp#27;[39m Matched '/element/00000000-0000-0136-7fff-ffff00000055/attribute/displayed' to command name 'getAttribute'
[debug] &amp#27;[35m[WD Proxy]&amp#27;[39m Proxying [GET /element/00000000-0000-0136-7fff-ffff00000055/attribute/displayed] to [GET http://127.0.0.1:8204/wd/hub/session/1ba6c3f2-83d8-4411-bd70-b85c0b3a5be5/element/00000000-0000-0136-7fff-ffff00000055/attribute/displayed] with no body
[debug] &amp#27;[35m[WD Proxy]&amp#27;[39m Got response with status 200: {"sessionId":"1ba6c3f2-83d8-4411-bd70-b85c0b3a5be5","value":"true"}
[debug] &amp#27;[35m[W3C (8bc46446)]&amp#27;[39m Responding to client with driver.elementDisplayed() result: true
&amp#27;[35m[HTTP]&amp#27;[39m &amp#27;[37m<-- GET /wd/hub/session/8bc46446-73b9-46f3-8673-a9e1e5431af5/element/00000000-0000-0136-7fff-ffff00000055/displayed &amp#27;[39m&amp#27;[32m200&amp#27;[39m &amp#27;[90m19 ms - 14&amp#27;[39m
&amp#27;[35m[HTTP]&amp#27;[39m &amp#27;[90m&amp#27;[39m
&amp#27;[35m[HTTP]&amp#27;[39m &amp#27;[37m-->&amp#27;[39m &amp#27;[37mGET&amp#27;[39m &amp#27;[37m/wd/hub/session/8bc46446-73b9-46f3-8673-a9e1e5431af5/context&amp#27;[39m
&amp#27;[35m[HTTP]&amp#27;[39m &amp#27;[90m{}&amp#27;[39m
[debug] &amp#27;[35m[W3C (8bc46446)]&amp#27;[39m Calling AppiumDriver.getCurrentContext() with args: ["8bc46446-73b9-46f3-8673-a9e1e5431af5"]
[debug] &amp#27;[35m[W3C (8bc46446)]&amp#27;[39m Responding to client with driver.getCurrentContext() result: "NATIVE_APP"
&amp#27;[35m[HTTP]&amp#27;[39m &amp#27;[37m<-- GET /wd/hub/session/8bc46446-73b9-46f3-8673-a9e1e5431af5/context &amp#27;[39m&amp#27;[32m200&amp#27;[39m &amp#27;[90m1 ms - 22&amp#27;[39m
&amp#27;[35m[HTTP]&amp#27;[39m &amp#27;[90m&amp#27;[39m
&amp#27;[35m[HTTP]&amp#27;[39m &amp#27;[37m-->&amp#27;[39m &amp#27;[37mPOST&amp#27;[39m &amp#27;[37m/wd/hub/session/8bc46446-73b9-46f3-8673-a9e1e5431af5/element&amp#27;[39m
&amp#27;[35m[HTTP]&amp#27;[39m &amp#27;[90m{"using":"accessibility id","value":"button-SIGN UP"}&amp#27;[39m
[debug] &amp#27;[35m[W3C (8bc46446)]&amp#27;[39m Calling AppiumDriver.findElement() with args: ["accessibility id","button-SIGN UP","8bc46446-73b9-46f3-8673-a9e1e5431af5"]
[debug] &amp#27;[35m[BaseDriver]&amp#27;[39m Valid locator strategies for this request: xpath, id, class name, accessibility id, css selector, -android uiautomator
[debug] &amp#27;[35m[BaseDriver]&amp#27;[39m Waiting up to 30000 ms for condition
[debug] &amp#27;[35m[WD Proxy]&amp#27;[39m Matched '/element' to command name 'findElement'
[debug] &amp#27;[35m[WD Proxy]&amp#27;[39m Proxying [POST /element] to [POST http://127.0.0.1:8204/wd/hub/session/1ba6c3f2-83d8-4411-bd70-b85c0b3a5be5/element] with body: {"strategy":"accessibility id","selector":"button-SIGN UP","context":"","multiple":false}
[debug] &amp#27;[35m[WD Proxy]&amp#27;[39m Got response with status 200: {"sessionId":"1ba6c3f2-83d8-4411-bd70-b85c0b3a5be5","value":{"ELEMENT":"00000000-0000-0136-7fff-ffff00000055","element-6066-11e4-a52e-4f735466cecf":"00000000-0000-0136-7fff-ffff00000055"}}
[debug] &amp#27;[35m[W3C (8bc46446)]&amp#27;[39m Responding to client with driver.findElement() result: {"element-6066-11e4-a52e-4f735466cecf":"00000000-0000-0136-7fff-ffff00000055","ELEMENT":"00000000-0000-0136-7fff-ffff00000055"}
&amp#27;[35m[HTTP]&amp#27;[39m &amp#27;[37m<-- POST /wd/hub/session/8bc46446-73b9-46f3-8673-a9e1e5431af5/element &amp#27;[39m&amp#27;[32m200&amp#27;[39m &amp#27;[90m76 ms - 137&amp#27;[39m
&amp#27;[35m[HTTP]&amp#27;[39m &amp#27;[90m&amp#27;[39m
&amp#27;[35m[HTTP]&amp#27;[39m &amp#27;[37m-->&amp#27;[39m &amp#27;[37mPOST&amp#27;[39m &amp#27;[37m/wd/hub/session/8bc46446-73b9-46f3-8673-a9e1e5431af5/element/00000000-0000-0136-7fff-ffff00000055/click&amp#27;[39m
&amp#27;[35m[HTTP]&amp#27;[39m &amp#27;[90m{"id":"00000000-0000-0136-7fff-ffff00000055"}&amp#27;[39m
[debug] &amp#27;[35m[W3C (8bc46446)]&amp#27;[39m Calling AppiumDriver.click() with args: ["00000000-0000-0136-7fff-ffff00000055","8bc46446-73b9-46f3-8673-a9e1e5431af5"]
[debug] &amp#27;[35m[WD Proxy]&amp#27;[39m Matched '/element/00000000-0000-0136-7fff-ffff00000055/click' to command name 'click'
[debug] &amp#27;[35m[WD Proxy]&amp#27;[39m Proxying [POST /element/00000000-0000-0136-7fff-ffff00000055/click] to [POST http://127.0.0.1:8204/wd/hub/session/1ba6c3f2-83d8-4411-bd70-b85c0b3a5be5/element/00000000-0000-0136-7fff-ffff00000055/click] with body: {"element":"00000000-0000-0136-7fff-ffff00000055"}
[debug] &amp#27;[35m[WD Proxy]&amp#27;[39m Got response with status 200: {"sessionId":"1ba6c3f2-83d8-4411-bd70-b85c0b3a5be5","value":null}
[debug] &amp#27;[35m[W3C (8bc46446)]&amp#27;[39m Responding to client with driver.click() result: null
&amp#27;[35m[HTTP]&amp#27;[39m &amp#27;[37m<-- POST /wd/hub/session/8bc46446-73b9-46f3-8673-a9e1e5431af5/element/00000000-0000-0136-7fff-ffff00000055/click &amp#27;[39m&amp#27;[32m200&amp#27;[39m &amp#27;[90m63 ms - 14&amp#27;[39m
&amp#27;[35m[HTTP]&amp#27;[39m &amp#27;[90m&amp#27;[39m
&amp#27;[35m[HTTP]&amp#27;[39m &amp#27;[37m-->&amp#27;[39m &amp#27;[37mGET&amp#27;[39m &amp#27;[37m/wd/hub/session/8bc46446-73b9-46f3-8673-a9e1e5431af5/context&amp#27;[39m
&amp#27;[35m[HTTP]&amp#27;[39m &amp#27;[90m{}&amp#27;[39m
[debug] &amp#27;[35m[W3C (8bc46446)]&amp#27;[39m Calling AppiumDriver.getCurrentContext() with args: ["8bc46446-73b9-46f3-8673-a9e1e5431af5"]
[debug] &amp#27;[35m[W3C (8bc46446)]&amp#27;[39m Responding to client with driver.getCurrentContext() result: "NATIVE_APP"
&amp#27;[35m[HTTP]&amp#27;[39m &amp#27;[37m<-- GET /wd/hub/session/8bc46446-73b9-46f3-8673-a9e1e5431af5/context &amp#27;[39m&amp#27;[32m200&amp#27;[39m &amp#27;[90m1 ms - 22&amp#27;[39m
&amp#27;[35m[HTTP]&amp#27;[39m &amp#27;[90m&amp#27;[39m
&amp#27;[35m[HTTP]&amp#27;[39m &amp#27;[37m-->&amp#27;[39m &amp#27;[37mPOST&amp#27;[39m &amp#27;[37m/wd/hub/session/8bc46446-73b9-46f3-8673-a9e1e5431af5/element&amp#27;[39m
&amp#27;[35m[HTTP]&amp#27;[39m &amp#27;[90m{"using":"xpath","value":"//*[@content-desc='button-SIGN UP']/preceding-sibling::android.widget.TextView[3]"}&amp#27;[39m
[debug] &amp#27;[35m[W3C (8bc46446)]&amp#27;[39m Calling AppiumDriver.findElement() with args: ["xpath","//*[@content-desc='button-SIGN UP']/preceding-sibling::android.widget.TextView[3]","8bc46446-73b9-46f3-8673-a9e1e5431af5"]
[debug] &amp#27;[35m[BaseDriver]&amp#27;[39m Valid locator strategies for this request: xpath, id, class name, accessibility id, css selector, -android uiautomator
[debug] &amp#27;[35m[BaseDriver]&amp#27;[39m Waiting up to 30000 ms for condition
[debug] &amp#27;[35m[WD Proxy]&amp#27;[39m Matched '/element' to command name 'findElement'
[debug] &amp#27;[35m[WD Proxy]&amp#27;[39m Proxying [POST /element] to [POST http://127.0.0.1:8204/wd/hub/session/1ba6c3f2-83d8-4411-bd70-b85c0b3a5be5/element] with body: {"strategy":"xpath","selector":"//*[@content-desc='button-SIGN UP']/preceding-sibling::android.widget.TextView[3]","context":"","multiple":false}
[debug] &amp#27;[35m[WD Proxy]&amp#27;[39m Got response with status 200: {"sessionId":"1ba6c3f2-83d8-4411-bd70-b85c0b3a5be5","value":{"ELEMENT":"00000000-0000-0136-7fff-ffff00000050","element-6066-11e4-a52e-4f735466cecf":"00000000-0000-0136-7fff-ffff00000050"}}
[debug] &amp#27;[35m[W3C (8bc46446)]&amp#27;[39m Responding to client with driver.findElement() result: {"element-6066-11e4-a52e-4f735466cecf":"00000000-0000-0136-7fff-ffff00000050","ELEMENT":"00000000-0000-0136-7fff-ffff00000050"}
&amp#27;[35m[HTTP]&amp#27;[39m &amp#27;[37m<-- POST /wd/hub/session/8bc46446-73b9-46f3-8673-a9e1e5431af5/element &amp#27;[39m&amp#27;[32m200&amp#27;[39m &amp#27;[90m122 ms - 137&amp#27;[39m
&amp#27;[35m[HTTP]&amp#27;[39m &amp#27;[90m&amp#27;[39m
&amp#27;[35m[HTTP]&amp#27;[39m &amp#27;[37m-->&amp#27;[39m &amp#27;[37mGET&amp#27;[39m &amp#27;[37m/wd/hub/session/8bc46446-73b9-46f3-8673-a9e1e5431af5/element/00000000-0000-0136-7fff-ffff00000050/displayed&amp#27;[39m
&amp#27;[35m[HTTP]&amp#27;[39m &amp#27;[90m{}&amp#27;[39m
[debug] &amp#27;[35m[W3C (8bc46446)]&amp#27;[39m Calling AppiumDriver.elementDisplayed() with args: ["00000000-0000-0136-7fff-ffff00000050","8bc46446-73b9-46f3-8673-a9e1e5431af5"]
[debug] &amp#27;[35m[WD Proxy]&amp#27;[39m Matched '/element/00000000-0000-0136-7fff-ffff00000050/attribute/displayed' to command name 'getAttribute'
[debug] &amp#27;[35m[WD Proxy]&amp#27;[39m Proxying [GET /element/00000000-0000-0136-7fff-ffff00000050/attribute/displayed] to [GET http://127.0.0.1:8204/wd/hub/session/1ba6c3f2-83d8-4411-bd70-b85c0b3a5be5/element/00000000-0000-0136-7fff-ffff00000050/attribute/displayed] with no body
[debug] &amp#27;[35m[WD Proxy]&amp#27;[39m Got response with status 200: {"sessionId":"1ba6c3f2-83d8-4411-bd70-b85c0b3a5be5","value":"true"}
[debug] &amp#27;[35m[W3C (8bc46446)]&amp#27;[39m Responding to client with driver.elementDisplayed() result: true
&amp#27;[35m[HTTP]&amp#27;[39m &amp#27;[37m<-- GET /wd/hub/session/8bc46446-73b9-46f3-8673-a9e1e5431af5/element/00000000-0000-0136-7fff-ffff00000050/displayed &amp#27;[39m&amp#27;[32m200&amp#27;[39m &amp#27;[90m884 ms - 14&amp#27;[39m
&amp#27;[35m[HTTP]&amp#27;[39m &amp#27;[90m&amp#27;[39m
&amp#27;[35m[HTTP]&amp#27;[39m &amp#27;[37m-->&amp#27;[39m &amp#27;[37mGET&amp#27;[39m &amp#27;[37m/wd/hub/session/8bc46446-73b9-46f3-8673-a9e1e5431af5/context&amp#27;[39m
&amp#27;[35m[HTTP]&amp#27;[39m &amp#27;[90m{}&amp#27;[39m
[debug] &amp#27;[35m[W3C (8bc46446)]&amp#27;[39m Calling AppiumDriver.getCurrentContext() with args: ["8bc46446-73b9-46f3-8673-a9e1e5431af5"]
[debug] &amp#27;[35m[W3C (8bc46446)]&amp#27;[39m Responding to client with driver.getCurrentContext() result: "NATIVE_APP"
&amp#27;[35m[HTTP]&amp#27;[39m &amp#27;[37m<-- GET /wd/hub/session/8bc46446-73b9-46f3-8673-a9e1e5431af5/context &amp#27;[39m&amp#27;[32m200&amp#27;[39m &amp#27;[90m1 ms - 22&amp#27;[39m
&amp#27;[35m[HTTP]&amp#27;[39m &amp#27;[90m&amp#27;[39m
&amp#27;[35m[HTTP]&amp#27;[39m &amp#27;[37m-->&amp#27;[39m &amp#27;[37mPOST&amp#27;[39m &amp#27;[37m/wd/hub/session/8bc46446-73b9-46f3-8673-a9e1e5431af5/element&amp#27;[39m
&amp#27;[35m[HTTP]&amp#27;[39m &amp#27;[90m{"using":"xpath","value":"//*[@content-desc='button-SIGN UP']/preceding-sibling::android.widget.TextView[3]"}&amp#27;[39m
[debug] &amp#27;[35m[W3C (8bc46446)]&amp#27;[39m Calling AppiumDriver.findElement() with args: ["xpath","//*[@content-desc='button-SIGN UP']/preceding-sibling::android.widget.TextView[3]","8bc46446-73b9-46f3-8673-a9e1e5431af5"]
[debug] &amp#27;[35m[BaseDriver]&amp#27;[39m Valid locator strategies for this request: xpath, id, class name, accessibility id, css selector, -android uiautomator
[debug] &amp#27;[35m[BaseDriver]&amp#27;[39m Waiting up to 30000 ms for condition
[debug] &amp#27;[35m[WD Proxy]&amp#27;[39m Matched '/element' to command name 'findElement'
[debug] &amp#27;[35m[WD Proxy]&amp#27;[39m Proxying [POST /element] to [POST http://127.0.0.1:8204/wd/hub/session/1ba6c3f2-83d8-4411-bd70-b85c0b3a5be5/element] with body: {"strategy":"xpath","selector":"//*[@content-desc='button-SIGN UP']/preceding-sibling::android.widget.TextView[3]","context":"","multiple":false}
[debug] &amp#27;[35m[WD Proxy]&amp#27;[39m Got response with status 200: {"sessionId":"1ba6c3f2-83d8-4411-bd70-b85c0b3a5be5","value":{"ELEMENT":"00000000-0000-0136-7fff-ffff00000050","element-6066-11e4-a52e-4f735466cecf":"00000000-0000-0136-7fff-ffff00000050"}}
[debug] &amp#27;[35m[W3C (8bc46446)]&amp#27;[39m Responding to client with driver.findElement() result: {"element-6066-11e4-a52e-4f735466cecf":"00000000-0000-0136-7fff-ffff00000050","ELEMENT":"00000000-0000-0136-7fff-ffff00000050"}
&amp#27;[35m[HTTP]&amp#27;[39m &amp#27;[37m<-- POST /wd/hub/session/8bc46446-73b9-46f3-8673-a9e1e5431af5/element &amp#27;[39m&amp#27;[32m200&amp#27;[39m &amp#27;[90m132 ms - 137&amp#27;[39m
&amp#27;[35m[HTTP]&amp#27;[39m &amp#27;[90m&amp#27;[39m
&amp#27;[35m[HTTP]&amp#27;[39m &amp#27;[37m-->&amp#27;[39m &amp#27;[37mGET&amp#27;[39m &amp#27;[37m/wd/hub/session/8bc46446-73b9-46f3-8673-a9e1e5431af5/element/00000000-0000-0136-7fff-ffff00000050/text&amp#27;[39m
&amp#27;[35m[HTTP]&amp#27;[39m &amp#27;[90m{}&amp#27;[39m
&amp#27;[35m[W3C (8bc46446)]&amp#27;[39m Driver proxy active, passing request on via HTTP proxy
[debug] &amp#27;[35m[WD Proxy]&amp#27;[39m Matched '/wd/hub/session/8bc46446-73b9-46f3-8673-a9e1e5431af5/element/00000000-0000-0136-7fff-ffff00000050/text' to command name 'getText'
[debug] &amp#27;[35m[WD Proxy]&amp#27;[39m Proxying [GET /wd/hub/session/8bc46446-73b9-46f3-8673-a9e1e5431af5/element/00000000-0000-0136-7fff-ffff00000050/text] to [GET http://127.0.0.1:8204/wd/hub/session/1ba6c3f2-83d8-4411-bd70-b85c0b3a5be5/element/00000000-0000-0136-7fff-ffff00000050/text] with no body
[debug] &amp#27;[35m[WD Proxy]&amp#27;[39m Got response with status 200: {"sessionId":"1ba6c3f2-83d8-4411-bd70-b85c0b3a5be5","value":"Please enter a valid email address"}
&amp#27;[35m[WD Proxy]&amp#27;[39m Replacing sessionId 1ba6c3f2-83d8-4411-bd70-b85c0b3a5be5 with 8bc46446-73b9-46f3-8673-a9e1e5431af5
&amp#27;[35m[HTTP]&amp#27;[39m &amp#27;[37m<-- GET /wd/hub/session/8bc46446-73b9-46f3-8673-a9e1e5431af5/element/00000000-0000-0136-7fff-ffff00000050/text &amp#27;[39m&amp#27;[32m200&amp#27;[39m &amp#27;[90m25 ms - 97&amp#27;[39m
&amp#27;[35m[HTTP]&amp#27;[39m &amp#27;[90m&amp#27;[39m
]]></system-out>
  </testcase>
  <testcase name="signUpWithValidCreds" classname="TestNG.TestLoginPage.SignUpTest" time="10.203">
    <system-out><![CDATA[&amp#27;[35m[HTTP]&amp#27;[39m &amp#27;[37m-->&amp#27;[39m &amp#27;[37mGET&amp#27;[39m &amp#27;[37m/wd/hub/session/8bc46446-73b9-46f3-8673-a9e1e5431af5/context&amp#27;[39m
&amp#27;[35m[HTTP]&amp#27;[39m &amp#27;[90m{}&amp#27;[39m
[debug] &amp#27;[35m[W3C (8bc46446)]&amp#27;[39m Calling AppiumDriver.getCurrentContext() with args: ["8bc46446-73b9-46f3-8673-a9e1e5431af5"]
[debug] &amp#27;[35m[W3C (8bc46446)]&amp#27;[39m Responding to client with driver.getCurrentContext() result: "NATIVE_APP"
&amp#27;[35m[HTTP]&amp#27;[39m &amp#27;[37m<-- GET /wd/hub/session/8bc46446-73b9-46f3-8673-a9e1e5431af5/context &amp#27;[39m&amp#27;[32m200&amp#27;[39m &amp#27;[90m1 ms - 22&amp#27;[39m
&amp#27;[35m[HTTP]&amp#27;[39m &amp#27;[90m&amp#27;[39m
&amp#27;[35m[HTTP]&amp#27;[39m &amp#27;[37m-->&amp#27;[39m &amp#27;[37mPOST&amp#27;[39m &amp#27;[37m/wd/hub/session/8bc46446-73b9-46f3-8673-a9e1e5431af5/element&amp#27;[39m
&amp#27;[35m[HTTP]&amp#27;[39m &amp#27;[90m{"using":"accessibility id","value":"Login"}&amp#27;[39m
[debug] &amp#27;[35m[W3C (8bc46446)]&amp#27;[39m Calling AppiumDriver.findElement() with args: ["accessibility id","Login","8bc46446-73b9-46f3-8673-a9e1e5431af5"]
[debug] &amp#27;[35m[BaseDriver]&amp#27;[39m Valid locator strategies for this request: xpath, id, class name, accessibility id, css selector, -android uiautomator
[debug] &amp#27;[35m[BaseDriver]&amp#27;[39m Waiting up to 30000 ms for condition
[debug] &amp#27;[35m[WD Proxy]&amp#27;[39m Matched '/element' to command name 'findElement'
[debug] &amp#27;[35m[WD Proxy]&amp#27;[39m Proxying [POST /element] to [POST http://127.0.0.1:8204/wd/hub/session/1ba6c3f2-83d8-4411-bd70-b85c0b3a5be5/element] with body: {"strategy":"accessibility id","selector":"Login","context":"","multiple":false}
[debug] &amp#27;[35m[WD Proxy]&amp#27;[39m Got response with status 200: {"sessionId":"1ba6c3f2-83d8-4411-bd70-b85c0b3a5be5","value":{"ELEMENT":"00000000-0000-0136-7fff-ffff00000013","element-6066-11e4-a52e-4f735466cecf":"00000000-0000-0136-7fff-ffff00000013"}}
[debug] &amp#27;[35m[W3C (8bc46446)]&amp#27;[39m Responding to client with driver.findElement() result: {"element-6066-11e4-a52e-4f735466cecf":"00000000-0000-0136-7fff-ffff00000013","ELEMENT":"00000000-0000-0136-7fff-ffff00000013"}
&amp#27;[35m[HTTP]&amp#27;[39m &amp#27;[37m<-- POST /wd/hub/session/8bc46446-73b9-46f3-8673-a9e1e5431af5/element &amp#27;[39m&amp#27;[32m200&amp#27;[39m &amp#27;[90m59 ms - 137&amp#27;[39m
&amp#27;[35m[HTTP]&amp#27;[39m &amp#27;[90m&amp#27;[39m
&amp#27;[35m[HTTP]&amp#27;[39m &amp#27;[37m-->&amp#27;[39m &amp#27;[37mGET&amp#27;[39m &amp#27;[37m/wd/hub/session/8bc46446-73b9-46f3-8673-a9e1e5431af5/element/00000000-0000-0136-7fff-ffff00000013/displayed&amp#27;[39m
&amp#27;[35m[HTTP]&amp#27;[39m &amp#27;[90m{}&amp#27;[39m
[debug] &amp#27;[35m[W3C (8bc46446)]&amp#27;[39m Calling AppiumDriver.elementDisplayed() with args: ["00000000-0000-0136-7fff-ffff00000013","8bc46446-73b9-46f3-8673-a9e1e5431af5"]
[debug] &amp#27;[35m[WD Proxy]&amp#27;[39m Matched '/element/00000000-0000-0136-7fff-ffff00000013/attribute/displayed' to command name 'getAttribute'
[debug] &amp#27;[35m[WD Proxy]&amp#27;[39m Proxying [GET /element/00000000-0000-0136-7fff-ffff00000013/attribute/displayed] to [GET http://127.0.0.1:8204/wd/hub/session/1ba6c3f2-83d8-4411-bd70-b85c0b3a5be5/element/00000000-0000-0136-7fff-ffff00000013/attribute/displayed] with no body
[debug] &amp#27;[35m[WD Proxy]&amp#27;[39m Got response with status 200: {"sessionId":"1ba6c3f2-83d8-4411-bd70-b85c0b3a5be5","value":"true"}
[debug] &amp#27;[35m[W3C (8bc46446)]&amp#27;[39m Responding to client with driver.elementDisplayed() result: true
&amp#27;[35m[HTTP]&amp#27;[39m &amp#27;[37m<-- GET /wd/hub/session/8bc46446-73b9-46f3-8673-a9e1e5431af5/element/00000000-0000-0136-7fff-ffff00000013/displayed &amp#27;[39m&amp#27;[32m200&amp#27;[39m &amp#27;[90m17 ms - 14&amp#27;[39m
&amp#27;[35m[HTTP]&amp#27;[39m &amp#27;[90m&amp#27;[39m
&amp#27;[35m[HTTP]&amp#27;[39m &amp#27;[37m-->&amp#27;[39m &amp#27;[37mGET&amp#27;[39m &amp#27;[37m/wd/hub/session/8bc46446-73b9-46f3-8673-a9e1e5431af5/context&amp#27;[39m
&amp#27;[35m[HTTP]&amp#27;[39m &amp#27;[90m{}&amp#27;[39m
[debug] &amp#27;[35m[W3C (8bc46446)]&amp#27;[39m Calling AppiumDriver.getCurrentContext() with args: ["8bc46446-73b9-46f3-8673-a9e1e5431af5"]
[debug] &amp#27;[35m[W3C (8bc46446)]&amp#27;[39m Responding to client with driver.getCurrentContext() result: "NATIVE_APP"
&amp#27;[35m[HTTP]&amp#27;[39m &amp#27;[37m<-- GET /wd/hub/session/8bc46446-73b9-46f3-8673-a9e1e5431af5/context &amp#27;[39m&amp#27;[32m200&amp#27;[39m &amp#27;[90m1 ms - 22&amp#27;[39m
&amp#27;[35m[HTTP]&amp#27;[39m &amp#27;[90m&amp#27;[39m
&amp#27;[35m[HTTP]&amp#27;[39m &amp#27;[37m-->&amp#27;[39m &amp#27;[37mPOST&amp#27;[39m &amp#27;[37m/wd/hub/session/8bc46446-73b9-46f3-8673-a9e1e5431af5/element&amp#27;[39m
&amp#27;[35m[HTTP]&amp#27;[39m &amp#27;[90m{"using":"accessibility id","value":"Login"}&amp#27;[39m
[debug] &amp#27;[35m[W3C (8bc46446)]&amp#27;[39m Calling AppiumDriver.findElement() with args: ["accessibility id","Login","8bc46446-73b9-46f3-8673-a9e1e5431af5"]
[debug] &amp#27;[35m[BaseDriver]&amp#27;[39m Valid locator strategies for this request: xpath, id, class name, accessibility id, css selector, -android uiautomator
[debug] &amp#27;[35m[BaseDriver]&amp#27;[39m Waiting up to 30000 ms for condition
[debug] &amp#27;[35m[WD Proxy]&amp#27;[39m Matched '/element' to command name 'findElement'
[debug] &amp#27;[35m[WD Proxy]&amp#27;[39m Proxying [POST /element] to [POST http://127.0.0.1:8204/wd/hub/session/1ba6c3f2-83d8-4411-bd70-b85c0b3a5be5/element] with body: {"strategy":"accessibility id","selector":"Login","context":"","multiple":false}
[debug] &amp#27;[35m[WD Proxy]&amp#27;[39m Got response with status 200: {"sessionId":"1ba6c3f2-83d8-4411-bd70-b85c0b3a5be5","value":{"ELEMENT":"00000000-0000-0136-7fff-ffff00000013","element-6066-11e4-a52e-4f735466cecf":"00000000-0000-0136-7fff-ffff00000013"}}
[debug] &amp#27;[35m[W3C (8bc46446)]&amp#27;[39m Responding to client with driver.findElement() result: {"element-6066-11e4-a52e-4f735466cecf":"00000000-0000-0136-7fff-ffff00000013","ELEMENT":"00000000-0000-0136-7fff-ffff00000013"}
&amp#27;[35m[HTTP]&amp#27;[39m &amp#27;[37m<-- POST /wd/hub/session/8bc46446-73b9-46f3-8673-a9e1e5431af5/element &amp#27;[39m&amp#27;[32m200&amp#27;[39m &amp#27;[90m85 ms - 137&amp#27;[39m
&amp#27;[35m[HTTP]&amp#27;[39m &amp#27;[90m&amp#27;[39m
&amp#27;[35m[HTTP]&amp#27;[39m &amp#27;[37m-->&amp#27;[39m &amp#27;[37mPOST&amp#27;[39m &amp#27;[37m/wd/hub/session/8bc46446-73b9-46f3-8673-a9e1e5431af5/element/00000000-0000-0136-7fff-ffff00000013/click&amp#27;[39m
&amp#27;[35m[HTTP]&amp#27;[39m &amp#27;[90m{"id":"00000000-0000-0136-7fff-ffff00000013"}&amp#27;[39m
[debug] &amp#27;[35m[W3C (8bc46446)]&amp#27;[39m Calling AppiumDriver.click() with args: ["00000000-0000-0136-7fff-ffff00000013","8bc46446-73b9-46f3-8673-a9e1e5431af5"]
[debug] &amp#27;[35m[WD Proxy]&amp#27;[39m Matched '/element/00000000-0000-0136-7fff-ffff00000013/click' to command name 'click'
[debug] &amp#27;[35m[WD Proxy]&amp#27;[39m Proxying [POST /element/00000000-0000-0136-7fff-ffff00000013/click] to [POST http://127.0.0.1:8204/wd/hub/session/1ba6c3f2-83d8-4411-bd70-b85c0b3a5be5/element/00000000-0000-0136-7fff-ffff00000013/click] with body: {"element":"00000000-0000-0136-7fff-ffff00000013"}
[debug] &amp#27;[35m[WD Proxy]&amp#27;[39m Got response with status 200: {"sessionId":"1ba6c3f2-83d8-4411-bd70-b85c0b3a5be5","value":null}
[debug] &amp#27;[35m[W3C (8bc46446)]&amp#27;[39m Responding to client with driver.click() result: null
&amp#27;[35m[HTTP]&amp#27;[39m &amp#27;[37m<-- POST /wd/hub/session/8bc46446-73b9-46f3-8673-a9e1e5431af5/element/00000000-0000-0136-7fff-ffff00000013/click &amp#27;[39m&amp#27;[32m200&amp#27;[39m &amp#27;[90m41 ms - 14&amp#27;[39m
&amp#27;[35m[HTTP]&amp#27;[39m &amp#27;[90m&amp#27;[39m
&amp#27;[35m[HTTP]&amp#27;[39m &amp#27;[37m-->&amp#27;[39m &amp#27;[37mGET&amp#27;[39m &amp#27;[37m/wd/hub/session/8bc46446-73b9-46f3-8673-a9e1e5431af5/context&amp#27;[39m
&amp#27;[35m[HTTP]&amp#27;[39m &amp#27;[90m{}&amp#27;[39m
[debug] &amp#27;[35m[W3C (8bc46446)]&amp#27;[39m Calling AppiumDriver.getCurrentContext() with args: ["8bc46446-73b9-46f3-8673-a9e1e5431af5"]
[debug] &amp#27;[35m[W3C (8bc46446)]&amp#27;[39m Responding to client with driver.getCurrentContext() result: "NATIVE_APP"
&amp#27;[35m[HTTP]&amp#27;[39m &amp#27;[37m<-- GET /wd/hub/session/8bc46446-73b9-46f3-8673-a9e1e5431af5/context &amp#27;[39m&amp#27;[32m200&amp#27;[39m &amp#27;[90m1 ms - 22&amp#27;[39m
&amp#27;[35m[HTTP]&amp#27;[39m &amp#27;[90m&amp#27;[39m
&amp#27;[35m[HTTP]&amp#27;[39m &amp#27;[37m-->&amp#27;[39m &amp#27;[37mPOST&amp#27;[39m &amp#27;[37m/wd/hub/session/8bc46446-73b9-46f3-8673-a9e1e5431af5/element&amp#27;[39m
&amp#27;[35m[HTTP]&amp#27;[39m &amp#27;[90m{"using":"accessibility id","value":"button-sign-up-container"}&amp#27;[39m
[debug] &amp#27;[35m[W3C (8bc46446)]&amp#27;[39m Calling AppiumDriver.findElement() with args: ["accessibility id","button-sign-up-container","8bc46446-73b9-46f3-8673-a9e1e5431af5"]
[debug] &amp#27;[35m[BaseDriver]&amp#27;[39m Valid locator strategies for this request: xpath, id, class name, accessibility id, css selector, -android uiautomator
[debug] &amp#27;[35m[BaseDriver]&amp#27;[39m Waiting up to 30000 ms for condition
[debug] &amp#27;[35m[WD Proxy]&amp#27;[39m Matched '/element' to command name 'findElement'
[debug] &amp#27;[35m[WD Proxy]&amp#27;[39m Proxying [POST /element] to [POST http://127.0.0.1:8204/wd/hub/session/1ba6c3f2-83d8-4411-bd70-b85c0b3a5be5/element] with body: {"strategy":"accessibility id","selector":"button-sign-up-container","context":"","multiple":false}
[debug] &amp#27;[35m[WD Proxy]&amp#27;[39m Got response with status 200: {"sessionId":"1ba6c3f2-83d8-4411-bd70-b85c0b3a5be5","value":{"ELEMENT":"00000000-0000-0136-7fff-ffff00000049","element-6066-11e4-a52e-4f735466cecf":"00000000-0000-0136-7fff-ffff00000049"}}
[debug] &amp#27;[35m[W3C (8bc46446)]&amp#27;[39m Responding to client with driver.findElement() result: {"element-6066-11e4-a52e-4f735466cecf":"00000000-0000-0136-7fff-ffff00000049","ELEMENT":"00000000-0000-0136-7fff-ffff00000049"}
&amp#27;[35m[HTTP]&amp#27;[39m &amp#27;[37m<-- POST /wd/hub/session/8bc46446-73b9-46f3-8673-a9e1e5431af5/element &amp#27;[39m&amp#27;[32m200&amp#27;[39m &amp#27;[90m34 ms - 137&amp#27;[39m
&amp#27;[35m[HTTP]&amp#27;[39m &amp#27;[90m&amp#27;[39m
&amp#27;[35m[HTTP]&amp#27;[39m &amp#27;[37m-->&amp#27;[39m &amp#27;[37mPOST&amp#27;[39m &amp#27;[37m/wd/hub/session/8bc46446-73b9-46f3-8673-a9e1e5431af5/element/00000000-0000-0136-7fff-ffff00000049/click&amp#27;[39m
&amp#27;[35m[HTTP]&amp#27;[39m &amp#27;[90m{"id":"00000000-0000-0136-7fff-ffff00000049"}&amp#27;[39m
[debug] &amp#27;[35m[W3C (8bc46446)]&amp#27;[39m Calling AppiumDriver.click() with args: ["00000000-0000-0136-7fff-ffff00000049","8bc46446-73b9-46f3-8673-a9e1e5431af5"]
[debug] &amp#27;[35m[WD Proxy]&amp#27;[39m Matched '/element/00000000-0000-0136-7fff-ffff00000049/click' to command name 'click'
[debug] &amp#27;[35m[WD Proxy]&amp#27;[39m Proxying [POST /element/00000000-0000-0136-7fff-ffff00000049/click] to [POST http://127.0.0.1:8204/wd/hub/session/1ba6c3f2-83d8-4411-bd70-b85c0b3a5be5/element/00000000-0000-0136-7fff-ffff00000049/click] with body: {"element":"00000000-0000-0136-7fff-ffff00000049"}
[debug] &amp#27;[35m[WD Proxy]&amp#27;[39m Got response with status 200: {"sessionId":"1ba6c3f2-83d8-4411-bd70-b85c0b3a5be5","value":null}
[debug] &amp#27;[35m[W3C (8bc46446)]&amp#27;[39m Responding to client with driver.click() result: null
&amp#27;[35m[HTTP]&amp#27;[39m &amp#27;[37m<-- POST /wd/hub/session/8bc46446-73b9-46f3-8673-a9e1e5431af5/element/00000000-0000-0136-7fff-ffff00000049/click &amp#27;[39m&amp#27;[32m200&amp#27;[39m &amp#27;[90m24 ms - 14&amp#27;[39m
&amp#27;[35m[HTTP]&amp#27;[39m &amp#27;[90m&amp#27;[39m
&amp#27;[35m[HTTP]&amp#27;[39m &amp#27;[37m-->&amp#27;[39m &amp#27;[37mGET&amp#27;[39m &amp#27;[37m/wd/hub/session/8bc46446-73b9-46f3-8673-a9e1e5431af5/context&amp#27;[39m
&amp#27;[35m[HTTP]&amp#27;[39m &amp#27;[90m{}&amp#27;[39m
[debug] &amp#27;[35m[W3C (8bc46446)]&amp#27;[39m Calling AppiumDriver.getCurrentContext() with args: ["8bc46446-73b9-46f3-8673-a9e1e5431af5"]
[debug] &amp#27;[35m[W3C (8bc46446)]&amp#27;[39m Responding to client with driver.getCurrentContext() result: "NATIVE_APP"
&amp#27;[35m[HTTP]&amp#27;[39m &amp#27;[37m<-- GET /wd/hub/session/8bc46446-73b9-46f3-8673-a9e1e5431af5/context &amp#27;[39m&amp#27;[32m200&amp#27;[39m &amp#27;[90m1 ms - 22&amp#27;[39m
&amp#27;[35m[HTTP]&amp#27;[39m &amp#27;[90m&amp#27;[39m
&amp#27;[35m[HTTP]&amp#27;[39m &amp#27;[37m-->&amp#27;[39m &amp#27;[37mPOST&amp#27;[39m &amp#27;[37m/wd/hub/session/8bc46446-73b9-46f3-8673-a9e1e5431af5/element&amp#27;[39m
&amp#27;[35m[HTTP]&amp#27;[39m &amp#27;[90m{"using":"accessibility id","value":"button-SIGN UP"}&amp#27;[39m
[debug] &amp#27;[35m[W3C (8bc46446)]&amp#27;[39m Calling AppiumDriver.findElement() with args: ["accessibility id","button-SIGN UP","8bc46446-73b9-46f3-8673-a9e1e5431af5"]
[debug] &amp#27;[35m[BaseDriver]&amp#27;[39m Valid locator strategies for this request: xpath, id, class name, accessibility id, css selector, -android uiautomator
[debug] &amp#27;[35m[BaseDriver]&amp#27;[39m Waiting up to 30000 ms for condition
[debug] &amp#27;[35m[WD Proxy]&amp#27;[39m Matched '/element' to command name 'findElement'
[debug] &amp#27;[35m[WD Proxy]&amp#27;[39m Proxying [POST /element] to [POST http://127.0.0.1:8204/wd/hub/session/1ba6c3f2-83d8-4411-bd70-b85c0b3a5be5/element] with body: {"strategy":"accessibility id","selector":"button-SIGN UP","context":"","multiple":false}
[debug] &amp#27;[35m[WD Proxy]&amp#27;[39m Got response with status 200: {"sessionId":"1ba6c3f2-83d8-4411-bd70-b85c0b3a5be5","value":{"ELEMENT":"00000000-0000-0136-7fff-ffff00000055","element-6066-11e4-a52e-4f735466cecf":"00000000-0000-0136-7fff-ffff00000055"}}
[debug] &amp#27;[35m[W3C (8bc46446)]&amp#27;[39m Responding to client with driver.findElement() result: {"element-6066-11e4-a52e-4f735466cecf":"00000000-0000-0136-7fff-ffff00000055","ELEMENT":"00000000-0000-0136-7fff-ffff00000055"}
&amp#27;[35m[HTTP]&amp#27;[39m &amp#27;[37m<-- POST /wd/hub/session/8bc46446-73b9-46f3-8673-a9e1e5431af5/element &amp#27;[39m&amp#27;[32m200&amp#27;[39m &amp#27;[90m51 ms - 137&amp#27;[39m
&amp#27;[35m[HTTP]&amp#27;[39m &amp#27;[90m&amp#27;[39m
&amp#27;[35m[HTTP]&amp#27;[39m &amp#27;[37m-->&amp#27;[39m &amp#27;[37mGET&amp#27;[39m &amp#27;[37m/wd/hub/session/8bc46446-73b9-46f3-8673-a9e1e5431af5/element/00000000-0000-0136-7fff-ffff00000055/displayed&amp#27;[39m
&amp#27;[35m[HTTP]&amp#27;[39m &amp#27;[90m{}&amp#27;[39m
[debug] &amp#27;[35m[W3C (8bc46446)]&amp#27;[39m Calling AppiumDriver.elementDisplayed() with args: ["00000000-0000-0136-7fff-ffff00000055","8bc46446-73b9-46f3-8673-a9e1e5431af5"]
[debug] &amp#27;[35m[WD Proxy]&amp#27;[39m Matched '/element/00000000-0000-0136-7fff-ffff00000055/attribute/displayed' to command name 'getAttribute'
[debug] &amp#27;[35m[WD Proxy]&amp#27;[39m Proxying [GET /element/00000000-0000-0136-7fff-ffff00000055/attribute/displayed] to [GET http://127.0.0.1:8204/wd/hub/session/1ba6c3f2-83d8-4411-bd70-b85c0b3a5be5/element/00000000-0000-0136-7fff-ffff00000055/attribute/displayed] with no body
[debug] &amp#27;[35m[WD Proxy]&amp#27;[39m Got response with status 200: {"sessionId":"1ba6c3f2-83d8-4411-bd70-b85c0b3a5be5","value":"true"}
[debug] &amp#27;[35m[W3C (8bc46446)]&amp#27;[39m Responding to client with driver.elementDisplayed() result: true
&amp#27;[35m[HTTP]&amp#27;[39m &amp#27;[37m<-- GET /wd/hub/session/8bc46446-73b9-46f3-8673-a9e1e5431af5/element/00000000-0000-0136-7fff-ffff00000055/displayed &amp#27;[39m&amp#27;[32m200&amp#27;[39m &amp#27;[90m18 ms - 14&amp#27;[39m
&amp#27;[35m[HTTP]&amp#27;[39m &amp#27;[90m&amp#27;[39m
&amp#27;[35m[HTTP]&amp#27;[39m &amp#27;[37m-->&amp#27;[39m &amp#27;[37mGET&amp#27;[39m &amp#27;[37m/wd/hub/session/8bc46446-73b9-46f3-8673-a9e1e5431af5/context&amp#27;[39m
&amp#27;[35m[HTTP]&amp#27;[39m &amp#27;[90m{}&amp#27;[39m
[debug] &amp#27;[35m[W3C (8bc46446)]&amp#27;[39m Calling AppiumDriver.getCurrentContext() with args: ["8bc46446-73b9-46f3-8673-a9e1e5431af5"]
[debug] &amp#27;[35m[W3C (8bc46446)]&amp#27;[39m Responding to client with driver.getCurrentContext() result: "NATIVE_APP"
&amp#27;[35m[HTTP]&amp#27;[39m &amp#27;[37m<-- GET /wd/hub/session/8bc46446-73b9-46f3-8673-a9e1e5431af5/context &amp#27;[39m&amp#27;[32m200&amp#27;[39m &amp#27;[90m1 ms - 22&amp#27;[39m
&amp#27;[35m[HTTP]&amp#27;[39m &amp#27;[90m&amp#27;[39m
&amp#27;[35m[HTTP]&amp#27;[39m &amp#27;[37m-->&amp#27;[39m &amp#27;[37mPOST&amp#27;[39m &amp#27;[37m/wd/hub/session/8bc46446-73b9-46f3-8673-a9e1e5431af5/element&amp#27;[39m
&amp#27;[35m[HTTP]&amp#27;[39m &amp#27;[90m{"using":"accessibility id","value":"button-SIGN UP"}&amp#27;[39m
[debug] &amp#27;[35m[W3C (8bc46446)]&amp#27;[39m Calling AppiumDriver.findElement() with args: ["accessibility id","button-SIGN UP","8bc46446-73b9-46f3-8673-a9e1e5431af5"]
[debug] &amp#27;[35m[BaseDriver]&amp#27;[39m Valid locator strategies for this request: xpath, id, class name, accessibility id, css selector, -android uiautomator
[debug] &amp#27;[35m[BaseDriver]&amp#27;[39m Waiting up to 30000 ms for condition
[debug] &amp#27;[35m[WD Proxy]&amp#27;[39m Matched '/element' to command name 'findElement'
[debug] &amp#27;[35m[WD Proxy]&amp#27;[39m Proxying [POST /element] to [POST http://127.0.0.1:8204/wd/hub/session/1ba6c3f2-83d8-4411-bd70-b85c0b3a5be5/element] with body: {"strategy":"accessibility id","selector":"button-SIGN UP","context":"","multiple":false}
[debug] &amp#27;[35m[WD Proxy]&amp#27;[39m Got response with status 200: {"sessionId":"1ba6c3f2-83d8-4411-bd70-b85c0b3a5be5","value":{"ELEMENT":"00000000-0000-0136-7fff-ffff00000055","element-6066-11e4-a52e-4f735466cecf":"00000000-0000-0136-7fff-ffff00000055"}}
[debug] &amp#27;[35m[W3C (8bc46446)]&amp#27;[39m Responding to client with driver.findElement() result: {"element-6066-11e4-a52e-4f735466cecf":"00000000-0000-0136-7fff-ffff00000055","ELEMENT":"00000000-0000-0136-7fff-ffff00000055"}
&amp#27;[35m[HTTP]&amp#27;[39m &amp#27;[37m<-- POST /wd/hub/session/8bc46446-73b9-46f3-8673-a9e1e5431af5/element &amp#27;[39m&amp#27;[32m200&amp#27;[39m &amp#27;[90m73 ms - 137&amp#27;[39m
&amp#27;[35m[HTTP]&amp#27;[39m &amp#27;[90m&amp#27;[39m
&amp#27;[35m[HTTP]&amp#27;[39m &amp#27;[37m-->&amp#27;[39m &amp#27;[37mGET&amp#27;[39m &amp#27;[37m/wd/hub/session/8bc46446-73b9-46f3-8673-a9e1e5431af5/element/00000000-0000-0136-7fff-ffff00000055/displayed&amp#27;[39m
&amp#27;[35m[HTTP]&amp#27;[39m &amp#27;[90m{}&amp#27;[39m
[debug] &amp#27;[35m[W3C (8bc46446)]&amp#27;[39m Calling AppiumDriver.elementDisplayed() with args: ["00000000-0000-0136-7fff-ffff00000055","8bc46446-73b9-46f3-8673-a9e1e5431af5"]
[debug] &amp#27;[35m[WD Proxy]&amp#27;[39m Matched '/element/00000000-0000-0136-7fff-ffff00000055/attribute/displayed' to command name 'getAttribute'
[debug] &amp#27;[35m[WD Proxy]&amp#27;[39m Proxying [GET /element/00000000-0000-0136-7fff-ffff00000055/attribute/displayed] to [GET http://127.0.0.1:8204/wd/hub/session/1ba6c3f2-83d8-4411-bd70-b85c0b3a5be5/element/00000000-0000-0136-7fff-ffff00000055/attribute/displayed] with no body
[debug] &amp#27;[35m[WD Proxy]&amp#27;[39m Got response with status 200: {"sessionId":"1ba6c3f2-83d8-4411-bd70-b85c0b3a5be5","value":"true"}
[debug] &amp#27;[35m[W3C (8bc46446)]&amp#27;[39m Responding to client with driver.elementDisplayed() result: true
&amp#27;[35m[HTTP]&amp#27;[39m &amp#27;[37m<-- GET /wd/hub/session/8bc46446-73b9-46f3-8673-a9e1e5431af5/element/00000000-0000-0136-7fff-ffff00000055/displayed &amp#27;[39m&amp#27;[32m200&amp#27;[39m &amp#27;[90m19 ms - 14&amp#27;[39m
&amp#27;[35m[HTTP]&amp#27;[39m &amp#27;[90m&amp#27;[39m
&amp#27;[35m[HTTP]&amp#27;[39m &amp#27;[37m-->&amp#27;[39m &amp#27;[37mGET&amp#27;[39m &amp#27;[37m/wd/hub/session/8bc46446-73b9-46f3-8673-a9e1e5431af5/context&amp#27;[39m
&amp#27;[35m[HTTP]&amp#27;[39m &amp#27;[90m{}&amp#27;[39m
[debug] &amp#27;[35m[W3C (8bc46446)]&amp#27;[39m Calling AppiumDriver.getCurrentContext() with args: ["8bc46446-73b9-46f3-8673-a9e1e5431af5"]
[debug] &amp#27;[35m[W3C (8bc46446)]&amp#27;[39m Responding to client with driver.getCurrentContext() result: "NATIVE_APP"
&amp#27;[35m[HTTP]&amp#27;[39m &amp#27;[37m<-- GET /wd/hub/session/8bc46446-73b9-46f3-8673-a9e1e5431af5/context &amp#27;[39m&amp#27;[32m200&amp#27;[39m &amp#27;[90m1 ms - 22&amp#27;[39m
&amp#27;[35m[HTTP]&amp#27;[39m &amp#27;[90m&amp#27;[39m
&amp#27;[35m[HTTP]&amp#27;[39m &amp#27;[37m-->&amp#27;[39m &amp#27;[37mPOST&amp#27;[39m &amp#27;[37m/wd/hub/session/8bc46446-73b9-46f3-8673-a9e1e5431af5/element&amp#27;[39m
&amp#27;[35m[HTTP]&amp#27;[39m &amp#27;[90m{"using":"accessibility id","value":"input-email"}&amp#27;[39m
[debug] &amp#27;[35m[W3C (8bc46446)]&amp#27;[39m Calling AppiumDriver.findElement() with args: ["accessibility id","input-email","8bc46446-73b9-46f3-8673-a9e1e5431af5"]
[debug] &amp#27;[35m[BaseDriver]&amp#27;[39m Valid locator strategies for this request: xpath, id, class name, accessibility id, css selector, -android uiautomator
[debug] &amp#27;[35m[BaseDriver]&amp#27;[39m Waiting up to 30000 ms for condition
[debug] &amp#27;[35m[WD Proxy]&amp#27;[39m Matched '/element' to command name 'findElement'
[debug] &amp#27;[35m[WD Proxy]&amp#27;[39m Proxying [POST /element] to [POST http://127.0.0.1:8204/wd/hub/session/1ba6c3f2-83d8-4411-bd70-b85c0b3a5be5/element] with body: {"strategy":"accessibility id","selector":"input-email","context":"","multiple":false}
[debug] &amp#27;[35m[WD Proxy]&amp#27;[39m Got response with status 200: {"sessionId":"1ba6c3f2-83d8-4411-bd70-b85c0b3a5be5","value":{"ELEMENT":"00000000-0000-0136-7fff-ffff0000003c","element-6066-11e4-a52e-4f735466cecf":"00000000-0000-0136-7fff-ffff0000003c"}}
[debug] &amp#27;[35m[W3C (8bc46446)]&amp#27;[39m Responding to client with driver.findElement() result: {"element-6066-11e4-a52e-4f735466cecf":"00000000-0000-0136-7fff-ffff0000003c","ELEMENT":"00000000-0000-0136-7fff-ffff0000003c"}
&amp#27;[35m[HTTP]&amp#27;[39m &amp#27;[37m<-- POST /wd/hub/session/8bc46446-73b9-46f3-8673-a9e1e5431af5/element &amp#27;[39m&amp#27;[32m200&amp#27;[39m &amp#27;[90m49 ms - 137&amp#27;[39m
&amp#27;[35m[HTTP]&amp#27;[39m &amp#27;[90m&amp#27;[39m
&amp#27;[35m[HTTP]&amp#27;[39m &amp#27;[37m-->&amp#27;[39m &amp#27;[37mGET&amp#27;[39m &amp#27;[37m/wd/hub/session/8bc46446-73b9-46f3-8673-a9e1e5431af5/element/00000000-0000-0136-7fff-ffff0000003c/displayed&amp#27;[39m
&amp#27;[35m[HTTP]&amp#27;[39m &amp#27;[90m{}&amp#27;[39m
[debug] &amp#27;[35m[W3C (8bc46446)]&amp#27;[39m Calling AppiumDriver.elementDisplayed() with args: ["00000000-0000-0136-7fff-ffff0000003c","8bc46446-73b9-46f3-8673-a9e1e5431af5"]
[debug] &amp#27;[35m[WD Proxy]&amp#27;[39m Matched '/element/00000000-0000-0136-7fff-ffff0000003c/attribute/displayed' to command name 'getAttribute'
[debug] &amp#27;[35m[WD Proxy]&amp#27;[39m Proxying [GET /element/00000000-0000-0136-7fff-ffff0000003c/attribute/displayed] to [GET http://127.0.0.1:8204/wd/hub/session/1ba6c3f2-83d8-4411-bd70-b85c0b3a5be5/element/00000000-0000-0136-7fff-ffff0000003c/attribute/displayed] with no body
[debug] &amp#27;[35m[WD Proxy]&amp#27;[39m Got response with status 200: {"sessionId":"1ba6c3f2-83d8-4411-bd70-b85c0b3a5be5","value":"true"}
[debug] &amp#27;[35m[W3C (8bc46446)]&amp#27;[39m Responding to client with driver.elementDisplayed() result: true
&amp#27;[35m[HTTP]&amp#27;[39m &amp#27;[37m<-- GET /wd/hub/session/8bc46446-73b9-46f3-8673-a9e1e5431af5/element/00000000-0000-0136-7fff-ffff0000003c/displayed &amp#27;[39m&amp#27;[32m200&amp#27;[39m &amp#27;[90m17 ms - 14&amp#27;[39m
&amp#27;[35m[HTTP]&amp#27;[39m &amp#27;[90m&amp#27;[39m
&amp#27;[35m[HTTP]&amp#27;[39m &amp#27;[37m-->&amp#27;[39m &amp#27;[37mGET&amp#27;[39m &amp#27;[37m/wd/hub/session/8bc46446-73b9-46f3-8673-a9e1e5431af5/context&amp#27;[39m
&amp#27;[35m[HTTP]&amp#27;[39m &amp#27;[90m{}&amp#27;[39m
[debug] &amp#27;[35m[W3C (8bc46446)]&amp#27;[39m Calling AppiumDriver.getCurrentContext() with args: ["8bc46446-73b9-46f3-8673-a9e1e5431af5"]
[debug] &amp#27;[35m[W3C (8bc46446)]&amp#27;[39m Responding to client with driver.getCurrentContext() result: "NATIVE_APP"
&amp#27;[35m[HTTP]&amp#27;[39m &amp#27;[37m<-- GET /wd/hub/session/8bc46446-73b9-46f3-8673-a9e1e5431af5/context &amp#27;[39m&amp#27;[32m200&amp#27;[39m &amp#27;[90m1 ms - 22&amp#27;[39m
&amp#27;[35m[HTTP]&amp#27;[39m &amp#27;[90m&amp#27;[39m
&amp#27;[35m[HTTP]&amp#27;[39m &amp#27;[37m-->&amp#27;[39m &amp#27;[37mPOST&amp#27;[39m &amp#27;[37m/wd/hub/session/8bc46446-73b9-46f3-8673-a9e1e5431af5/element&amp#27;[39m
&amp#27;[35m[HTTP]&amp#27;[39m &amp#27;[90m{"using":"accessibility id","value":"input-email"}&amp#27;[39m
[debug] &amp#27;[35m[W3C (8bc46446)]&amp#27;[39m Calling AppiumDriver.findElement() with args: ["accessibility id","input-email","8bc46446-73b9-46f3-8673-a9e1e5431af5"]
[debug] &amp#27;[35m[BaseDriver]&amp#27;[39m Valid locator strategies for this request: xpath, id, class name, accessibility id, css selector, -android uiautomator
[debug] &amp#27;[35m[BaseDriver]&amp#27;[39m Waiting up to 30000 ms for condition
[debug] &amp#27;[35m[WD Proxy]&amp#27;[39m Matched '/element' to command name 'findElement'
[debug] &amp#27;[35m[WD Proxy]&amp#27;[39m Proxying [POST /element] to [POST http://127.0.0.1:8204/wd/hub/session/1ba6c3f2-83d8-4411-bd70-b85c0b3a5be5/element] with body: {"strategy":"accessibility id","selector":"input-email","context":"","multiple":false}
[debug] &amp#27;[35m[WD Proxy]&amp#27;[39m Got response with status 200: {"sessionId":"1ba6c3f2-83d8-4411-bd70-b85c0b3a5be5","value":{"ELEMENT":"00000000-0000-0136-7fff-ffff0000003c","element-6066-11e4-a52e-4f735466cecf":"00000000-0000-0136-7fff-ffff0000003c"}}
[debug] &amp#27;[35m[W3C (8bc46446)]&amp#27;[39m Responding to client with driver.findElement() result: {"element-6066-11e4-a52e-4f735466cecf":"00000000-0000-0136-7fff-ffff0000003c","ELEMENT":"00000000-0000-0136-7fff-ffff0000003c"}
&amp#27;[35m[HTTP]&amp#27;[39m &amp#27;[37m<-- POST /wd/hub/session/8bc46446-73b9-46f3-8673-a9e1e5431af5/element &amp#27;[39m&amp#27;[32m200&amp#27;[39m &amp#27;[90m56 ms - 137&amp#27;[39m
&amp#27;[35m[HTTP]&amp#27;[39m &amp#27;[90m&amp#27;[39m
&amp#27;[35m[HTTP]&amp#27;[39m &amp#27;[37m-->&amp#27;[39m &amp#27;[37mPOST&amp#27;[39m &amp#27;[37m/wd/hub/session/8bc46446-73b9-46f3-8673-a9e1e5431af5/element/00000000-0000-0136-7fff-ffff0000003c/clear&amp#27;[39m
&amp#27;[35m[HTTP]&amp#27;[39m &amp#27;[90m{"id":"00000000-0000-0136-7fff-ffff0000003c"}&amp#27;[39m
[debug] &amp#27;[35m[W3C (8bc46446)]&amp#27;[39m Calling AppiumDriver.clear() with args: ["00000000-0000-0136-7fff-ffff0000003c","8bc46446-73b9-46f3-8673-a9e1e5431af5"]
[debug] &amp#27;[35m[WD Proxy]&amp#27;[39m Matched '/element/00000000-0000-0136-7fff-ffff0000003c/clear' to command name 'clear'
[debug] &amp#27;[35m[WD Proxy]&amp#27;[39m Proxying [POST /element/00000000-0000-0136-7fff-ffff0000003c/clear] to [POST http://127.0.0.1:8204/wd/hub/session/1ba6c3f2-83d8-4411-bd70-b85c0b3a5be5/element/00000000-0000-0136-7fff-ffff0000003c/clear] with body: {"elementId":"00000000-0000-0136-7fff-ffff0000003c"}
[debug] &amp#27;[35m[WD Proxy]&amp#27;[39m Got response with status 200: {"sessionId":"1ba6c3f2-83d8-4411-bd70-b85c0b3a5be5","value":null}
[debug] &amp#27;[35m[W3C (8bc46446)]&amp#27;[39m Responding to client with driver.clear() result: null
&amp#27;[35m[HTTP]&amp#27;[39m &amp#27;[37m<-- POST /wd/hub/session/8bc46446-73b9-46f3-8673-a9e1e5431af5/element/00000000-0000-0136-7fff-ffff0000003c/clear &amp#27;[39m&amp#27;[32m200&amp#27;[39m &amp#27;[90m30 ms - 14&amp#27;[39m
&amp#27;[35m[HTTP]&amp#27;[39m &amp#27;[90m&amp#27;[39m
&amp#27;[35m[HTTP]&amp#27;[39m &amp#27;[37m-->&amp#27;[39m &amp#27;[37mGET&amp#27;[39m &amp#27;[37m/wd/hub/session/8bc46446-73b9-46f3-8673-a9e1e5431af5/context&amp#27;[39m
&amp#27;[35m[HTTP]&amp#27;[39m &amp#27;[90m{}&amp#27;[39m
[debug] &amp#27;[35m[W3C (8bc46446)]&amp#27;[39m Calling AppiumDriver.getCurrentContext() with args: ["8bc46446-73b9-46f3-8673-a9e1e5431af5"]
[debug] &amp#27;[35m[W3C (8bc46446)]&amp#27;[39m Responding to client with driver.getCurrentContext() result: "NATIVE_APP"
&amp#27;[35m[HTTP]&amp#27;[39m &amp#27;[37m<-- GET /wd/hub/session/8bc46446-73b9-46f3-8673-a9e1e5431af5/context &amp#27;[39m&amp#27;[32m200&amp#27;[39m &amp#27;[90m1 ms - 22&amp#27;[39m
&amp#27;[35m[HTTP]&amp#27;[39m &amp#27;[90m&amp#27;[39m
&amp#27;[35m[HTTP]&amp#27;[39m &amp#27;[37m-->&amp#27;[39m &amp#27;[37mPOST&amp#27;[39m &amp#27;[37m/wd/hub/session/8bc46446-73b9-46f3-8673-a9e1e5431af5/element&amp#27;[39m
&amp#27;[35m[HTTP]&amp#27;[39m &amp#27;[90m{"using":"accessibility id","value":"input-email"}&amp#27;[39m
[debug] &amp#27;[35m[W3C (8bc46446)]&amp#27;[39m Calling AppiumDriver.findElement() with args: ["accessibility id","input-email","8bc46446-73b9-46f3-8673-a9e1e5431af5"]
[debug] &amp#27;[35m[BaseDriver]&amp#27;[39m Valid locator strategies for this request: xpath, id, class name, accessibility id, css selector, -android uiautomator
[debug] &amp#27;[35m[BaseDriver]&amp#27;[39m Waiting up to 30000 ms for condition
[debug] &amp#27;[35m[WD Proxy]&amp#27;[39m Matched '/element' to command name 'findElement'
[debug] &amp#27;[35m[WD Proxy]&amp#27;[39m Proxying [POST /element] to [POST http://127.0.0.1:8204/wd/hub/session/1ba6c3f2-83d8-4411-bd70-b85c0b3a5be5/element] with body: {"strategy":"accessibility id","selector":"input-email","context":"","multiple":false}
[debug] &amp#27;[35m[WD Proxy]&amp#27;[39m Got response with status 200: {"sessionId":"1ba6c3f2-83d8-4411-bd70-b85c0b3a5be5","value":{"ELEMENT":"00000000-0000-0136-7fff-ffff0000003c","element-6066-11e4-a52e-4f735466cecf":"00000000-0000-0136-7fff-ffff0000003c"}}
[debug] &amp#27;[35m[W3C (8bc46446)]&amp#27;[39m Responding to client with driver.findElement() result: {"element-6066-11e4-a52e-4f735466cecf":"00000000-0000-0136-7fff-ffff0000003c","ELEMENT":"00000000-0000-0136-7fff-ffff0000003c"}
&amp#27;[35m[HTTP]&amp#27;[39m &amp#27;[37m<-- POST /wd/hub/session/8bc46446-73b9-46f3-8673-a9e1e5431af5/element &amp#27;[39m&amp#27;[32m200&amp#27;[39m &amp#27;[90m727 ms - 137&amp#27;[39m
&amp#27;[35m[HTTP]&amp#27;[39m &amp#27;[90m&amp#27;[39m
&amp#27;[35m[HTTP]&amp#27;[39m &amp#27;[37m-->&amp#27;[39m &amp#27;[37mGET&amp#27;[39m &amp#27;[37m/wd/hub/session/8bc46446-73b9-46f3-8673-a9e1e5431af5/element/00000000-0000-0136-7fff-ffff0000003c/displayed&amp#27;[39m
&amp#27;[35m[HTTP]&amp#27;[39m &amp#27;[90m{}&amp#27;[39m
[debug] &amp#27;[35m[W3C (8bc46446)]&amp#27;[39m Calling AppiumDriver.elementDisplayed() with args: ["00000000-0000-0136-7fff-ffff0000003c","8bc46446-73b9-46f3-8673-a9e1e5431af5"]
[debug] &amp#27;[35m[WD Proxy]&amp#27;[39m Matched '/element/00000000-0000-0136-7fff-ffff0000003c/attribute/displayed' to command name 'getAttribute'
[debug] &amp#27;[35m[WD Proxy]&amp#27;[39m Proxying [GET /element/00000000-0000-0136-7fff-ffff0000003c/attribute/displayed] to [GET http://127.0.0.1:8204/wd/hub/session/1ba6c3f2-83d8-4411-bd70-b85c0b3a5be5/element/00000000-0000-0136-7fff-ffff0000003c/attribute/displayed] with no body
[debug] &amp#27;[35m[WD Proxy]&amp#27;[39m Got response with status 200: {"sessionId":"1ba6c3f2-83d8-4411-bd70-b85c0b3a5be5","value":"true"}
[debug] &amp#27;[35m[W3C (8bc46446)]&amp#27;[39m Responding to client with driver.elementDisplayed() result: true
&amp#27;[35m[HTTP]&amp#27;[39m &amp#27;[37m<-- GET /wd/hub/session/8bc46446-73b9-46f3-8673-a9e1e5431af5/element/00000000-0000-0136-7fff-ffff0000003c/displayed &amp#27;[39m&amp#27;[32m200&amp#27;[39m &amp#27;[90m19 ms - 14&amp#27;[39m
&amp#27;[35m[HTTP]&amp#27;[39m &amp#27;[90m&amp#27;[39m
&amp#27;[35m[HTTP]&amp#27;[39m &amp#27;[37m-->&amp#27;[39m &amp#27;[37mGET&amp#27;[39m &amp#27;[37m/wd/hub/session/8bc46446-73b9-46f3-8673-a9e1e5431af5/context&amp#27;[39m
&amp#27;[35m[HTTP]&amp#27;[39m &amp#27;[90m{}&amp#27;[39m
[debug] &amp#27;[35m[W3C (8bc46446)]&amp#27;[39m Calling AppiumDriver.getCurrentContext() with args: ["8bc46446-73b9-46f3-8673-a9e1e5431af5"]
[debug] &amp#27;[35m[W3C (8bc46446)]&amp#27;[39m Responding to client with driver.getCurrentContext() result: "NATIVE_APP"
&amp#27;[35m[HTTP]&amp#27;[39m &amp#27;[37m<-- GET /wd/hub/session/8bc46446-73b9-46f3-8673-a9e1e5431af5/context &amp#27;[39m&amp#27;[32m200&amp#27;[39m &amp#27;[90m1 ms - 22&amp#27;[39m
&amp#27;[35m[HTTP]&amp#27;[39m &amp#27;[90m&amp#27;[39m
&amp#27;[35m[HTTP]&amp#27;[39m &amp#27;[37m-->&amp#27;[39m &amp#27;[37mPOST&amp#27;[39m &amp#27;[37m/wd/hub/session/8bc46446-73b9-46f3-8673-a9e1e5431af5/element&amp#27;[39m
&amp#27;[35m[HTTP]&amp#27;[39m &amp#27;[90m{"using":"accessibility id","value":"input-email"}&amp#27;[39m
[debug] &amp#27;[35m[W3C (8bc46446)]&amp#27;[39m Calling AppiumDriver.findElement() with args: ["accessibility id","input-email","8bc46446-73b9-46f3-8673-a9e1e5431af5"]
[debug] &amp#27;[35m[BaseDriver]&amp#27;[39m Valid locator strategies for this request: xpath, id, class name, accessibility id, css selector, -android uiautomator
[debug] &amp#27;[35m[BaseDriver]&amp#27;[39m Waiting up to 30000 ms for condition
[debug] &amp#27;[35m[WD Proxy]&amp#27;[39m Matched '/element' to command name 'findElement'
[debug] &amp#27;[35m[WD Proxy]&amp#27;[39m Proxying [POST /element] to [POST http://127.0.0.1:8204/wd/hub/session/1ba6c3f2-83d8-4411-bd70-b85c0b3a5be5/element] with body: {"strategy":"accessibility id","selector":"input-email","context":"","multiple":false}
[debug] &amp#27;[35m[WD Proxy]&amp#27;[39m Got response with status 200: {"sessionId":"1ba6c3f2-83d8-4411-bd70-b85c0b3a5be5","value":{"ELEMENT":"00000000-0000-0136-7fff-ffff0000003c","element-6066-11e4-a52e-4f735466cecf":"00000000-0000-0136-7fff-ffff0000003c"}}
[debug] &amp#27;[35m[W3C (8bc46446)]&amp#27;[39m Responding to client with driver.findElement() result: {"element-6066-11e4-a52e-4f735466cecf":"00000000-0000-0136-7fff-ffff0000003c","ELEMENT":"00000000-0000-0136-7fff-ffff0000003c"}
&amp#27;[35m[HTTP]&amp#27;[39m &amp#27;[37m<-- POST /wd/hub/session/8bc46446-73b9-46f3-8673-a9e1e5431af5/element &amp#27;[39m&amp#27;[32m200&amp#27;[39m &amp#27;[90m52 ms - 137&amp#27;[39m
&amp#27;[35m[HTTP]&amp#27;[39m &amp#27;[90m&amp#27;[39m
&amp#27;[35m[HTTP]&amp#27;[39m &amp#27;[37m-->&amp#27;[39m &amp#27;[37mPOST&amp#27;[39m &amp#27;[37m/wd/hub/session/8bc46446-73b9-46f3-8673-a9e1e5431af5/element/00000000-0000-0136-7fff-ffff0000003c/value&amp#27;[39m
&amp#27;[35m[HTTP]&amp#27;[39m &amp#27;[90m{"id":"00000000-0000-0136-7fff-ffff0000003c","text":"Tunghuynh@gmail.com","value":["T","u","n","g","h","u","y","n","h","@","g","m","a","i","l",".","c","o","m"]}&amp#27;[39m
[debug] &amp#27;[35m[W3C (8bc46446)]&amp#27;[39m Calling AppiumDriver.setValue() with args: [["T","u","n","g","h","u","y","n","h","@","g","m","a","i","l",".","c","o","m"],"00000000-0000-0136-7fff-ffff0000003c","8bc46446-73b9-46f3-8673-a9e1e5431af5"]
[debug] &amp#27;[35m[WD Proxy]&amp#27;[39m Matched '/element/00000000-0000-0136-7fff-ffff0000003c/value' to command name 'setValue'
[debug] &amp#27;[35m[Protocol Converter]&amp#27;[39m Added 'value' property ["T","u","n","g","h","u","y","n","h","@","g","m","a","i","l",".","c","o","m"] to 'setValue' request body
[debug] &amp#27;[35m[WD Proxy]&amp#27;[39m Proxying [POST /element/00000000-0000-0136-7fff-ffff0000003c/value] to [POST http://127.0.0.1:8204/wd/hub/session/1ba6c3f2-83d8-4411-bd70-b85c0b3a5be5/element/00000000-0000-0136-7fff-ffff0000003c/value] with body: {"elementId":"00000000-0000-0136-7fff-ffff0000003c","text":"Tunghuynh@gmail.com","replace":false,"value":["T","u","n","g","h","u","y","n","h","@","g","m","a","i","l",".","c","o","m"]}
[debug] &amp#27;[35m[WD Proxy]&amp#27;[39m Got response with status 200: {"sessionId":"1ba6c3f2-83d8-4411-bd70-b85c0b3a5be5","value":null}
[debug] &amp#27;[35m[W3C (8bc46446)]&amp#27;[39m Responding to client with driver.setValue() result: null
&amp#27;[35m[HTTP]&amp#27;[39m &amp#27;[37m<-- POST /wd/hub/session/8bc46446-73b9-46f3-8673-a9e1e5431af5/element/00000000-0000-0136-7fff-ffff0000003c/value &amp#27;[39m&amp#27;[32m200&amp#27;[39m &amp#27;[90m559 ms - 14&amp#27;[39m
&amp#27;[35m[HTTP]&amp#27;[39m &amp#27;[90m&amp#27;[39m
&amp#27;[35m[HTTP]&amp#27;[39m &amp#27;[37m-->&amp#27;[39m &amp#27;[37mGET&amp#27;[39m &amp#27;[37m/wd/hub/session/8bc46446-73b9-46f3-8673-a9e1e5431af5/context&amp#27;[39m
&amp#27;[35m[HTTP]&amp#27;[39m &amp#27;[90m{}&amp#27;[39m
[debug] &amp#27;[35m[W3C (8bc46446)]&amp#27;[39m Calling AppiumDriver.getCurrentContext() with args: ["8bc46446-73b9-46f3-8673-a9e1e5431af5"]
[debug] &amp#27;[35m[W3C (8bc46446)]&amp#27;[39m Responding to client with driver.getCurrentContext() result: "NATIVE_APP"
&amp#27;[35m[HTTP]&amp#27;[39m &amp#27;[37m<-- GET /wd/hub/session/8bc46446-73b9-46f3-8673-a9e1e5431af5/context &amp#27;[39m&amp#27;[32m200&amp#27;[39m &amp#27;[90m1 ms - 22&amp#27;[39m
&amp#27;[35m[HTTP]&amp#27;[39m &amp#27;[90m&amp#27;[39m
&amp#27;[35m[HTTP]&amp#27;[39m &amp#27;[37m-->&amp#27;[39m &amp#27;[37mPOST&amp#27;[39m &amp#27;[37m/wd/hub/session/8bc46446-73b9-46f3-8673-a9e1e5431af5/element&amp#27;[39m
&amp#27;[35m[HTTP]&amp#27;[39m &amp#27;[90m{"using":"accessibility id","value":"input-password"}&amp#27;[39m
[debug] &amp#27;[35m[W3C (8bc46446)]&amp#27;[39m Calling AppiumDriver.findElement() with args: ["accessibility id","input-password","8bc46446-73b9-46f3-8673-a9e1e5431af5"]
[debug] &amp#27;[35m[BaseDriver]&amp#27;[39m Valid locator strategies for this request: xpath, id, class name, accessibility id, css selector, -android uiautomator
[debug] &amp#27;[35m[BaseDriver]&amp#27;[39m Waiting up to 30000 ms for condition
[debug] &amp#27;[35m[WD Proxy]&amp#27;[39m Matched '/element' to command name 'findElement'
[debug] &amp#27;[35m[WD Proxy]&amp#27;[39m Proxying [POST /element] to [POST http://127.0.0.1:8204/wd/hub/session/1ba6c3f2-83d8-4411-bd70-b85c0b3a5be5/element] with body: {"strategy":"accessibility id","selector":"input-password","context":"","multiple":false}
[debug] &amp#27;[35m[WD Proxy]&amp#27;[39m Got response with status 200: {"sessionId":"1ba6c3f2-83d8-4411-bd70-b85c0b3a5be5","value":{"ELEMENT":"00000000-0000-0136-7fff-ffff0000003e","element-6066-11e4-a52e-4f735466cecf":"00000000-0000-0136-7fff-ffff0000003e"}}
[debug] &amp#27;[35m[W3C (8bc46446)]&amp#27;[39m Responding to client with driver.findElement() result: {"element-6066-11e4-a52e-4f735466cecf":"00000000-0000-0136-7fff-ffff0000003e","ELEMENT":"00000000-0000-0136-7fff-ffff0000003e"}
&amp#27;[35m[HTTP]&amp#27;[39m &amp#27;[37m<-- POST /wd/hub/session/8bc46446-73b9-46f3-8673-a9e1e5431af5/element &amp#27;[39m&amp#27;[32m200&amp#27;[39m &amp#27;[90m727 ms - 137&amp#27;[39m
&amp#27;[35m[HTTP]&amp#27;[39m &amp#27;[90m&amp#27;[39m
&amp#27;[35m[HTTP]&amp#27;[39m &amp#27;[37m-->&amp#27;[39m &amp#27;[37mGET&amp#27;[39m &amp#27;[37m/wd/hub/session/8bc46446-73b9-46f3-8673-a9e1e5431af5/element/00000000-0000-0136-7fff-ffff0000003e/displayed&amp#27;[39m
&amp#27;[35m[HTTP]&amp#27;[39m &amp#27;[90m{}&amp#27;[39m
[debug] &amp#27;[35m[W3C (8bc46446)]&amp#27;[39m Calling AppiumDriver.elementDisplayed() with args: ["00000000-0000-0136-7fff-ffff0000003e","8bc46446-73b9-46f3-8673-a9e1e5431af5"]
[debug] &amp#27;[35m[WD Proxy]&amp#27;[39m Matched '/element/00000000-0000-0136-7fff-ffff0000003e/attribute/displayed' to command name 'getAttribute'
[debug] &amp#27;[35m[WD Proxy]&amp#27;[39m Proxying [GET /element/00000000-0000-0136-7fff-ffff0000003e/attribute/displayed] to [GET http://127.0.0.1:8204/wd/hub/session/1ba6c3f2-83d8-4411-bd70-b85c0b3a5be5/element/00000000-0000-0136-7fff-ffff0000003e/attribute/displayed] with no body
[debug] &amp#27;[35m[WD Proxy]&amp#27;[39m Got response with status 200: {"sessionId":"1ba6c3f2-83d8-4411-bd70-b85c0b3a5be5","value":"true"}
[debug] &amp#27;[35m[W3C (8bc46446)]&amp#27;[39m Responding to client with driver.elementDisplayed() result: true
&amp#27;[35m[HTTP]&amp#27;[39m &amp#27;[37m<-- GET /wd/hub/session/8bc46446-73b9-46f3-8673-a9e1e5431af5/element/00000000-0000-0136-7fff-ffff0000003e/displayed &amp#27;[39m&amp#27;[32m200&amp#27;[39m &amp#27;[90m20 ms - 14&amp#27;[39m
&amp#27;[35m[HTTP]&amp#27;[39m &amp#27;[90m&amp#27;[39m
&amp#27;[35m[HTTP]&amp#27;[39m &amp#27;[37m-->&amp#27;[39m &amp#27;[37mGET&amp#27;[39m &amp#27;[37m/wd/hub/session/8bc46446-73b9-46f3-8673-a9e1e5431af5/context&amp#27;[39m
&amp#27;[35m[HTTP]&amp#27;[39m &amp#27;[90m{}&amp#27;[39m
[debug] &amp#27;[35m[W3C (8bc46446)]&amp#27;[39m Calling AppiumDriver.getCurrentContext() with args: ["8bc46446-73b9-46f3-8673-a9e1e5431af5"]
[debug] &amp#27;[35m[W3C (8bc46446)]&amp#27;[39m Responding to client with driver.getCurrentContext() result: "NATIVE_APP"
&amp#27;[35m[HTTP]&amp#27;[39m &amp#27;[37m<-- GET /wd/hub/session/8bc46446-73b9-46f3-8673-a9e1e5431af5/context &amp#27;[39m&amp#27;[32m200&amp#27;[39m &amp#27;[90m1 ms - 22&amp#27;[39m
&amp#27;[35m[HTTP]&amp#27;[39m &amp#27;[90m&amp#27;[39m
&amp#27;[35m[HTTP]&amp#27;[39m &amp#27;[37m-->&amp#27;[39m &amp#27;[37mPOST&amp#27;[39m &amp#27;[37m/wd/hub/session/8bc46446-73b9-46f3-8673-a9e1e5431af5/element&amp#27;[39m
&amp#27;[35m[HTTP]&amp#27;[39m &amp#27;[90m{"using":"accessibility id","value":"input-password"}&amp#27;[39m
[debug] &amp#27;[35m[W3C (8bc46446)]&amp#27;[39m Calling AppiumDriver.findElement() with args: ["accessibility id","input-password","8bc46446-73b9-46f3-8673-a9e1e5431af5"]
[debug] &amp#27;[35m[BaseDriver]&amp#27;[39m Valid locator strategies for this request: xpath, id, class name, accessibility id, css selector, -android uiautomator
[debug] &amp#27;[35m[BaseDriver]&amp#27;[39m Waiting up to 30000 ms for condition
[debug] &amp#27;[35m[WD Proxy]&amp#27;[39m Matched '/element' to command name 'findElement'
[debug] &amp#27;[35m[WD Proxy]&amp#27;[39m Proxying [POST /element] to [POST http://127.0.0.1:8204/wd/hub/session/1ba6c3f2-83d8-4411-bd70-b85c0b3a5be5/element] with body: {"strategy":"accessibility id","selector":"input-password","context":"","multiple":false}
[debug] &amp#27;[35m[WD Proxy]&amp#27;[39m Got response with status 200: {"sessionId":"1ba6c3f2-83d8-4411-bd70-b85c0b3a5be5","value":{"ELEMENT":"00000000-0000-0136-7fff-ffff0000003e","element-6066-11e4-a52e-4f735466cecf":"00000000-0000-0136-7fff-ffff0000003e"}}
[debug] &amp#27;[35m[W3C (8bc46446)]&amp#27;[39m Responding to client with driver.findElement() result: {"element-6066-11e4-a52e-4f735466cecf":"00000000-0000-0136-7fff-ffff0000003e","ELEMENT":"00000000-0000-0136-7fff-ffff0000003e"}
&amp#27;[35m[HTTP]&amp#27;[39m &amp#27;[37m<-- POST /wd/hub/session/8bc46446-73b9-46f3-8673-a9e1e5431af5/element &amp#27;[39m&amp#27;[32m200&amp#27;[39m &amp#27;[90m58 ms - 137&amp#27;[39m
&amp#27;[35m[HTTP]&amp#27;[39m &amp#27;[90m&amp#27;[39m
&amp#27;[35m[HTTP]&amp#27;[39m &amp#27;[37m-->&amp#27;[39m &amp#27;[37mPOST&amp#27;[39m &amp#27;[37m/wd/hub/session/8bc46446-73b9-46f3-8673-a9e1e5431af5/element/00000000-0000-0136-7fff-ffff0000003e/clear&amp#27;[39m
&amp#27;[35m[HTTP]&amp#27;[39m &amp#27;[90m{"id":"00000000-0000-0136-7fff-ffff0000003e"}&amp#27;[39m
[debug] &amp#27;[35m[W3C (8bc46446)]&amp#27;[39m Calling AppiumDriver.clear() with args: ["00000000-0000-0136-7fff-ffff0000003e","8bc46446-73b9-46f3-8673-a9e1e5431af5"]
[debug] &amp#27;[35m[WD Proxy]&amp#27;[39m Matched '/element/00000000-0000-0136-7fff-ffff0000003e/clear' to command name 'clear'
[debug] &amp#27;[35m[WD Proxy]&amp#27;[39m Proxying [POST /element/00000000-0000-0136-7fff-ffff0000003e/clear] to [POST http://127.0.0.1:8204/wd/hub/session/1ba6c3f2-83d8-4411-bd70-b85c0b3a5be5/element/00000000-0000-0136-7fff-ffff0000003e/clear] with body: {"elementId":"00000000-0000-0136-7fff-ffff0000003e"}
[debug] &amp#27;[35m[WD Proxy]&amp#27;[39m Got response with status 200: {"sessionId":"1ba6c3f2-83d8-4411-bd70-b85c0b3a5be5","value":null}
[debug] &amp#27;[35m[W3C (8bc46446)]&amp#27;[39m Responding to client with driver.clear() result: null
&amp#27;[35m[HTTP]&amp#27;[39m &amp#27;[37m<-- POST /wd/hub/session/8bc46446-73b9-46f3-8673-a9e1e5431af5/element/00000000-0000-0136-7fff-ffff0000003e/clear &amp#27;[39m&amp#27;[32m200&amp#27;[39m &amp#27;[90m40 ms - 14&amp#27;[39m
&amp#27;[35m[HTTP]&amp#27;[39m &amp#27;[90m&amp#27;[39m
&amp#27;[35m[HTTP]&amp#27;[39m &amp#27;[37m-->&amp#27;[39m &amp#27;[37mGET&amp#27;[39m &amp#27;[37m/wd/hub/session/8bc46446-73b9-46f3-8673-a9e1e5431af5/context&amp#27;[39m
&amp#27;[35m[HTTP]&amp#27;[39m &amp#27;[90m{}&amp#27;[39m
[debug] &amp#27;[35m[W3C (8bc46446)]&amp#27;[39m Calling AppiumDriver.getCurrentContext() with args: ["8bc46446-73b9-46f3-8673-a9e1e5431af5"]
[debug] &amp#27;[35m[W3C (8bc46446)]&amp#27;[39m Responding to client with driver.getCurrentContext() result: "NATIVE_APP"
&amp#27;[35m[HTTP]&amp#27;[39m &amp#27;[37m<-- GET /wd/hub/session/8bc46446-73b9-46f3-8673-a9e1e5431af5/context &amp#27;[39m&amp#27;[32m200&amp#27;[39m &amp#27;[90m1 ms - 22&amp#27;[39m
&amp#27;[35m[HTTP]&amp#27;[39m &amp#27;[90m&amp#27;[39m
&amp#27;[35m[HTTP]&amp#27;[39m &amp#27;[37m-->&amp#27;[39m &amp#27;[37mPOST&amp#27;[39m &amp#27;[37m/wd/hub/session/8bc46446-73b9-46f3-8673-a9e1e5431af5/element&amp#27;[39m
&amp#27;[35m[HTTP]&amp#27;[39m &amp#27;[90m{"using":"accessibility id","value":"input-password"}&amp#27;[39m
[debug] &amp#27;[35m[W3C (8bc46446)]&amp#27;[39m Calling AppiumDriver.findElement() with args: ["accessibility id","input-password","8bc46446-73b9-46f3-8673-a9e1e5431af5"]
[debug] &amp#27;[35m[BaseDriver]&amp#27;[39m Valid locator strategies for this request: xpath, id, class name, accessibility id, css selector, -android uiautomator
[debug] &amp#27;[35m[BaseDriver]&amp#27;[39m Waiting up to 30000 ms for condition
[debug] &amp#27;[35m[WD Proxy]&amp#27;[39m Matched '/element' to command name 'findElement'
[debug] &amp#27;[35m[WD Proxy]&amp#27;[39m Proxying [POST /element] to [POST http://127.0.0.1:8204/wd/hub/session/1ba6c3f2-83d8-4411-bd70-b85c0b3a5be5/element] with body: {"strategy":"accessibility id","selector":"input-password","context":"","multiple":false}
[debug] &amp#27;[35m[WD Proxy]&amp#27;[39m Got response with status 200: {"sessionId":"1ba6c3f2-83d8-4411-bd70-b85c0b3a5be5","value":{"ELEMENT":"00000000-0000-0136-7fff-ffff0000003e","element-6066-11e4-a52e-4f735466cecf":"00000000-0000-0136-7fff-ffff0000003e"}}
[debug] &amp#27;[35m[W3C (8bc46446)]&amp#27;[39m Responding to client with driver.findElement() result: {"element-6066-11e4-a52e-4f735466cecf":"00000000-0000-0136-7fff-ffff0000003e","ELEMENT":"00000000-0000-0136-7fff-ffff0000003e"}
&amp#27;[35m[HTTP]&amp#27;[39m &amp#27;[37m<-- POST /wd/hub/session/8bc46446-73b9-46f3-8673-a9e1e5431af5/element &amp#27;[39m&amp#27;[32m200&amp#27;[39m &amp#27;[90m716 ms - 137&amp#27;[39m
&amp#27;[35m[HTTP]&amp#27;[39m &amp#27;[90m&amp#27;[39m
&amp#27;[35m[HTTP]&amp#27;[39m &amp#27;[37m-->&amp#27;[39m &amp#27;[37mGET&amp#27;[39m &amp#27;[37m/wd/hub/session/8bc46446-73b9-46f3-8673-a9e1e5431af5/element/00000000-0000-0136-7fff-ffff0000003e/displayed&amp#27;[39m
&amp#27;[35m[HTTP]&amp#27;[39m &amp#27;[90m{}&amp#27;[39m
[debug] &amp#27;[35m[W3C (8bc46446)]&amp#27;[39m Calling AppiumDriver.elementDisplayed() with args: ["00000000-0000-0136-7fff-ffff0000003e","8bc46446-73b9-46f3-8673-a9e1e5431af5"]
[debug] &amp#27;[35m[WD Proxy]&amp#27;[39m Matched '/element/00000000-0000-0136-7fff-ffff0000003e/attribute/displayed' to command name 'getAttribute'
[debug] &amp#27;[35m[WD Proxy]&amp#27;[39m Proxying [GET /element/00000000-0000-0136-7fff-ffff0000003e/attribute/displayed] to [GET http://127.0.0.1:8204/wd/hub/session/1ba6c3f2-83d8-4411-bd70-b85c0b3a5be5/element/00000000-0000-0136-7fff-ffff0000003e/attribute/displayed] with no body
[debug] &amp#27;[35m[WD Proxy]&amp#27;[39m Got response with status 200: {"sessionId":"1ba6c3f2-83d8-4411-bd70-b85c0b3a5be5","value":"true"}
[debug] &amp#27;[35m[W3C (8bc46446)]&amp#27;[39m Responding to client with driver.elementDisplayed() result: true
&amp#27;[35m[HTTP]&amp#27;[39m &amp#27;[37m<-- GET /wd/hub/session/8bc46446-73b9-46f3-8673-a9e1e5431af5/element/00000000-0000-0136-7fff-ffff0000003e/displayed &amp#27;[39m&amp#27;[32m200&amp#27;[39m &amp#27;[90m23 ms - 14&amp#27;[39m
&amp#27;[35m[HTTP]&amp#27;[39m &amp#27;[90m&amp#27;[39m
&amp#27;[35m[HTTP]&amp#27;[39m &amp#27;[37m-->&amp#27;[39m &amp#27;[37mGET&amp#27;[39m &amp#27;[37m/wd/hub/session/8bc46446-73b9-46f3-8673-a9e1e5431af5/context&amp#27;[39m
&amp#27;[35m[HTTP]&amp#27;[39m &amp#27;[90m{}&amp#27;[39m
[debug] &amp#27;[35m[W3C (8bc46446)]&amp#27;[39m Calling AppiumDriver.getCurrentContext() with args: ["8bc46446-73b9-46f3-8673-a9e1e5431af5"]
[debug] &amp#27;[35m[W3C (8bc46446)]&amp#27;[39m Responding to client with driver.getCurrentContext() result: "NATIVE_APP"
&amp#27;[35m[HTTP]&amp#27;[39m &amp#27;[37m<-- GET /wd/hub/session/8bc46446-73b9-46f3-8673-a9e1e5431af5/context &amp#27;[39m&amp#27;[32m200&amp#27;[39m &amp#27;[90m1 ms - 22&amp#27;[39m
&amp#27;[35m[HTTP]&amp#27;[39m &amp#27;[90m&amp#27;[39m
&amp#27;[35m[HTTP]&amp#27;[39m &amp#27;[37m-->&amp#27;[39m &amp#27;[37mPOST&amp#27;[39m &amp#27;[37m/wd/hub/session/8bc46446-73b9-46f3-8673-a9e1e5431af5/element&amp#27;[39m
&amp#27;[35m[HTTP]&amp#27;[39m &amp#27;[90m{"using":"accessibility id","value":"input-password"}&amp#27;[39m
[debug] &amp#27;[35m[W3C (8bc46446)]&amp#27;[39m Calling AppiumDriver.findElement() with args: ["accessibility id","input-password","8bc46446-73b9-46f3-8673-a9e1e5431af5"]
[debug] &amp#27;[35m[BaseDriver]&amp#27;[39m Valid locator strategies for this request: xpath, id, class name, accessibility id, css selector, -android uiautomator
[debug] &amp#27;[35m[BaseDriver]&amp#27;[39m Waiting up to 30000 ms for condition
[debug] &amp#27;[35m[WD Proxy]&amp#27;[39m Matched '/element' to command name 'findElement'
[debug] &amp#27;[35m[WD Proxy]&amp#27;[39m Proxying [POST /element] to [POST http://127.0.0.1:8204/wd/hub/session/1ba6c3f2-83d8-4411-bd70-b85c0b3a5be5/element] with body: {"strategy":"accessibility id","selector":"input-password","context":"","multiple":false}
[debug] &amp#27;[35m[WD Proxy]&amp#27;[39m Got response with status 200: {"sessionId":"1ba6c3f2-83d8-4411-bd70-b85c0b3a5be5","value":{"ELEMENT":"00000000-0000-0136-7fff-ffff0000003e","element-6066-11e4-a52e-4f735466cecf":"00000000-0000-0136-7fff-ffff0000003e"}}
[debug] &amp#27;[35m[W3C (8bc46446)]&amp#27;[39m Responding to client with driver.findElement() result: {"element-6066-11e4-a52e-4f735466cecf":"00000000-0000-0136-7fff-ffff0000003e","ELEMENT":"00000000-0000-0136-7fff-ffff0000003e"}
&amp#27;[35m[HTTP]&amp#27;[39m &amp#27;[37m<-- POST /wd/hub/session/8bc46446-73b9-46f3-8673-a9e1e5431af5/element &amp#27;[39m&amp#27;[32m200&amp#27;[39m &amp#27;[90m66 ms - 137&amp#27;[39m
&amp#27;[35m[HTTP]&amp#27;[39m &amp#27;[90m&amp#27;[39m
&amp#27;[35m[HTTP]&amp#27;[39m &amp#27;[37m-->&amp#27;[39m &amp#27;[37mPOST&amp#27;[39m &amp#27;[37m/wd/hub/session/8bc46446-73b9-46f3-8673-a9e1e5431af5/element/00000000-0000-0136-7fff-ffff0000003e/value&amp#27;[39m
&amp#27;[35m[HTTP]&amp#27;[39m &amp#27;[90m{"id":"00000000-0000-0136-7fff-ffff0000003e","text":"12345678","value":["1","2","3","4","5","6","7","8"]}&amp#27;[39m
[debug] &amp#27;[35m[W3C (8bc46446)]&amp#27;[39m Calling AppiumDriver.setValue() with args: [["1","2","3","4","5","6","7","8"],"00000000-0000-0136-7fff-ffff0000003e","8bc46446-73b9-46f3-8673-a9e1e5431af5"]
[debug] &amp#27;[35m[WD Proxy]&amp#27;[39m Matched '/element/00000000-0000-0136-7fff-ffff0000003e/value' to command name 'setValue'
[debug] &amp#27;[35m[Protocol Converter]&amp#27;[39m Added 'value' property ["1","2","3","4","5","6","7","8"] to 'setValue' request body
[debug] &amp#27;[35m[WD Proxy]&amp#27;[39m Proxying [POST /element/00000000-0000-0136-7fff-ffff0000003e/value] to [POST http://127.0.0.1:8204/wd/hub/session/1ba6c3f2-83d8-4411-bd70-b85c0b3a5be5/element/00000000-0000-0136-7fff-ffff0000003e/value] with body: {"elementId":"00000000-0000-0136-7fff-ffff0000003e","text":"12345678","replace":false,"value":["1","2","3","4","5","6","7","8"]}
[debug] &amp#27;[35m[WD Proxy]&amp#27;[39m Got response with status 200: {"sessionId":"1ba6c3f2-83d8-4411-bd70-b85c0b3a5be5","value":null}
[debug] &amp#27;[35m[W3C (8bc46446)]&amp#27;[39m Responding to client with driver.setValue() result: null
&amp#27;[35m[HTTP]&amp#27;[39m &amp#27;[37m<-- POST /wd/hub/session/8bc46446-73b9-46f3-8673-a9e1e5431af5/element/00000000-0000-0136-7fff-ffff0000003e/value &amp#27;[39m&amp#27;[32m200&amp#27;[39m &amp#27;[90m581 ms - 14&amp#27;[39m
&amp#27;[35m[HTTP]&amp#27;[39m &amp#27;[90m&amp#27;[39m
&amp#27;[35m[HTTP]&amp#27;[39m &amp#27;[37m-->&amp#27;[39m &amp#27;[37mGET&amp#27;[39m &amp#27;[37m/wd/hub/session/8bc46446-73b9-46f3-8673-a9e1e5431af5/context&amp#27;[39m
&amp#27;[35m[HTTP]&amp#27;[39m &amp#27;[90m{}&amp#27;[39m
[debug] &amp#27;[35m[W3C (8bc46446)]&amp#27;[39m Calling AppiumDriver.getCurrentContext() with args: ["8bc46446-73b9-46f3-8673-a9e1e5431af5"]
[debug] &amp#27;[35m[W3C (8bc46446)]&amp#27;[39m Responding to client with driver.getCurrentContext() result: "NATIVE_APP"
&amp#27;[35m[HTTP]&amp#27;[39m &amp#27;[37m<-- GET /wd/hub/session/8bc46446-73b9-46f3-8673-a9e1e5431af5/context &amp#27;[39m&amp#27;[32m200&amp#27;[39m &amp#27;[90m1 ms - 22&amp#27;[39m
&amp#27;[35m[HTTP]&amp#27;[39m &amp#27;[90m&amp#27;[39m
&amp#27;[35m[HTTP]&amp#27;[39m &amp#27;[37m-->&amp#27;[39m &amp#27;[37mPOST&amp#27;[39m &amp#27;[37m/wd/hub/session/8bc46446-73b9-46f3-8673-a9e1e5431af5/element&amp#27;[39m
&amp#27;[35m[HTTP]&amp#27;[39m &amp#27;[90m{"using":"accessibility id","value":"input-repeat-password"}&amp#27;[39m
[debug] &amp#27;[35m[W3C (8bc46446)]&amp#27;[39m Calling AppiumDriver.findElement() with args: ["accessibility id","input-repeat-password","8bc46446-73b9-46f3-8673-a9e1e5431af5"]
[debug] &amp#27;[35m[BaseDriver]&amp#27;[39m Valid locator strategies for this request: xpath, id, class name, accessibility id, css selector, -android uiautomator
[debug] &amp#27;[35m[BaseDriver]&amp#27;[39m Waiting up to 30000 ms for condition
[debug] &amp#27;[35m[WD Proxy]&amp#27;[39m Matched '/element' to command name 'findElement'
[debug] &amp#27;[35m[WD Proxy]&amp#27;[39m Proxying [POST /element] to [POST http://127.0.0.1:8204/wd/hub/session/1ba6c3f2-83d8-4411-bd70-b85c0b3a5be5/element] with body: {"strategy":"accessibility id","selector":"input-repeat-password","context":"","multiple":false}
[debug] &amp#27;[35m[WD Proxy]&amp#27;[39m Got response with status 200: {"sessionId":"1ba6c3f2-83d8-4411-bd70-b85c0b3a5be5","value":{"ELEMENT":"00000000-0000-0136-7fff-ffff00000087","element-6066-11e4-a52e-4f735466cecf":"00000000-0000-0136-7fff-ffff00000087"}}
[debug] &amp#27;[35m[W3C (8bc46446)]&amp#27;[39m Responding to client with driver.findElement() result: {"element-6066-11e4-a52e-4f735466cecf":"00000000-0000-0136-7fff-ffff00000087","ELEMENT":"00000000-0000-0136-7fff-ffff00000087"}
&amp#27;[35m[HTTP]&amp#27;[39m &amp#27;[37m<-- POST /wd/hub/session/8bc46446-73b9-46f3-8673-a9e1e5431af5/element &amp#27;[39m&amp#27;[32m200&amp#27;[39m &amp#27;[90m716 ms - 137&amp#27;[39m
&amp#27;[35m[HTTP]&amp#27;[39m &amp#27;[90m&amp#27;[39m
&amp#27;[35m[HTTP]&amp#27;[39m &amp#27;[37m-->&amp#27;[39m &amp#27;[37mGET&amp#27;[39m &amp#27;[37m/wd/hub/session/8bc46446-73b9-46f3-8673-a9e1e5431af5/element/00000000-0000-0136-7fff-ffff00000087/displayed&amp#27;[39m
&amp#27;[35m[HTTP]&amp#27;[39m &amp#27;[90m{}&amp#27;[39m
[debug] &amp#27;[35m[W3C (8bc46446)]&amp#27;[39m Calling AppiumDriver.elementDisplayed() with args: ["00000000-0000-0136-7fff-ffff00000087","8bc46446-73b9-46f3-8673-a9e1e5431af5"]
[debug] &amp#27;[35m[WD Proxy]&amp#27;[39m Matched '/element/00000000-0000-0136-7fff-ffff00000087/attribute/displayed' to command name 'getAttribute'
[debug] &amp#27;[35m[WD Proxy]&amp#27;[39m Proxying [GET /element/00000000-0000-0136-7fff-ffff00000087/attribute/displayed] to [GET http://127.0.0.1:8204/wd/hub/session/1ba6c3f2-83d8-4411-bd70-b85c0b3a5be5/element/00000000-0000-0136-7fff-ffff00000087/attribute/displayed] with no body
[debug] &amp#27;[35m[WD Proxy]&amp#27;[39m Got response with status 200: {"sessionId":"1ba6c3f2-83d8-4411-bd70-b85c0b3a5be5","value":"true"}
[debug] &amp#27;[35m[W3C (8bc46446)]&amp#27;[39m Responding to client with driver.elementDisplayed() result: true
&amp#27;[35m[HTTP]&amp#27;[39m &amp#27;[37m<-- GET /wd/hub/session/8bc46446-73b9-46f3-8673-a9e1e5431af5/element/00000000-0000-0136-7fff-ffff00000087/displayed &amp#27;[39m&amp#27;[32m200&amp#27;[39m &amp#27;[90m17 ms - 14&amp#27;[39m
&amp#27;[35m[HTTP]&amp#27;[39m &amp#27;[90m&amp#27;[39m
&amp#27;[35m[HTTP]&amp#27;[39m &amp#27;[37m-->&amp#27;[39m &amp#27;[37mGET&amp#27;[39m &amp#27;[37m/wd/hub/session/8bc46446-73b9-46f3-8673-a9e1e5431af5/context&amp#27;[39m
&amp#27;[35m[HTTP]&amp#27;[39m &amp#27;[90m{}&amp#27;[39m
[debug] &amp#27;[35m[W3C (8bc46446)]&amp#27;[39m Calling AppiumDriver.getCurrentContext() with args: ["8bc46446-73b9-46f3-8673-a9e1e5431af5"]
[debug] &amp#27;[35m[W3C (8bc46446)]&amp#27;[39m Responding to client with driver.getCurrentContext() result: "NATIVE_APP"
&amp#27;[35m[HTTP]&amp#27;[39m &amp#27;[37m<-- GET /wd/hub/session/8bc46446-73b9-46f3-8673-a9e1e5431af5/context &amp#27;[39m&amp#27;[32m200&amp#27;[39m &amp#27;[90m1 ms - 22&amp#27;[39m
&amp#27;[35m[HTTP]&amp#27;[39m &amp#27;[90m&amp#27;[39m
&amp#27;[35m[HTTP]&amp#27;[39m &amp#27;[37m-->&amp#27;[39m &amp#27;[37mPOST&amp#27;[39m &amp#27;[37m/wd/hub/session/8bc46446-73b9-46f3-8673-a9e1e5431af5/element&amp#27;[39m
&amp#27;[35m[HTTP]&amp#27;[39m &amp#27;[90m{"using":"accessibility id","value":"input-repeat-password"}&amp#27;[39m
[debug] &amp#27;[35m[W3C (8bc46446)]&amp#27;[39m Calling AppiumDriver.findElement() with args: ["accessibility id","input-repeat-password","8bc46446-73b9-46f3-8673-a9e1e5431af5"]
[debug] &amp#27;[35m[BaseDriver]&amp#27;[39m Valid locator strategies for this request: xpath, id, class name, accessibility id, css selector, -android uiautomator
[debug] &amp#27;[35m[BaseDriver]&amp#27;[39m Waiting up to 30000 ms for condition
[debug] &amp#27;[35m[WD Proxy]&amp#27;[39m Matched '/element' to command name 'findElement'
[debug] &amp#27;[35m[WD Proxy]&amp#27;[39m Proxying [POST /element] to [POST http://127.0.0.1:8204/wd/hub/session/1ba6c3f2-83d8-4411-bd70-b85c0b3a5be5/element] with body: {"strategy":"accessibility id","selector":"input-repeat-password","context":"","multiple":false}
[debug] &amp#27;[35m[WD Proxy]&amp#27;[39m Got response with status 200: {"sessionId":"1ba6c3f2-83d8-4411-bd70-b85c0b3a5be5","value":{"ELEMENT":"00000000-0000-0136-7fff-ffff00000087","element-6066-11e4-a52e-4f735466cecf":"00000000-0000-0136-7fff-ffff00000087"}}
[debug] &amp#27;[35m[W3C (8bc46446)]&amp#27;[39m Responding to client with driver.findElement() result: {"element-6066-11e4-a52e-4f735466cecf":"00000000-0000-0136-7fff-ffff00000087","ELEMENT":"00000000-0000-0136-7fff-ffff00000087"}
&amp#27;[35m[HTTP]&amp#27;[39m &amp#27;[37m<-- POST /wd/hub/session/8bc46446-73b9-46f3-8673-a9e1e5431af5/element &amp#27;[39m&amp#27;[32m200&amp#27;[39m &amp#27;[90m60 ms - 137&amp#27;[39m
&amp#27;[35m[HTTP]&amp#27;[39m &amp#27;[90m&amp#27;[39m
&amp#27;[35m[HTTP]&amp#27;[39m &amp#27;[37m-->&amp#27;[39m &amp#27;[37mPOST&amp#27;[39m &amp#27;[37m/wd/hub/session/8bc46446-73b9-46f3-8673-a9e1e5431af5/element/00000000-0000-0136-7fff-ffff00000087/clear&amp#27;[39m
&amp#27;[35m[HTTP]&amp#27;[39m &amp#27;[90m{"id":"00000000-0000-0136-7fff-ffff00000087"}&amp#27;[39m
[debug] &amp#27;[35m[W3C (8bc46446)]&amp#27;[39m Calling AppiumDriver.clear() with args: ["00000000-0000-0136-7fff-ffff00000087","8bc46446-73b9-46f3-8673-a9e1e5431af5"]
[debug] &amp#27;[35m[WD Proxy]&amp#27;[39m Matched '/element/00000000-0000-0136-7fff-ffff00000087/clear' to command name 'clear'
[debug] &amp#27;[35m[WD Proxy]&amp#27;[39m Proxying [POST /element/00000000-0000-0136-7fff-ffff00000087/clear] to [POST http://127.0.0.1:8204/wd/hub/session/1ba6c3f2-83d8-4411-bd70-b85c0b3a5be5/element/00000000-0000-0136-7fff-ffff00000087/clear] with body: {"elementId":"00000000-0000-0136-7fff-ffff00000087"}
[debug] &amp#27;[35m[WD Proxy]&amp#27;[39m Got response with status 200: {"sessionId":"1ba6c3f2-83d8-4411-bd70-b85c0b3a5be5","value":null}
[debug] &amp#27;[35m[W3C (8bc46446)]&amp#27;[39m Responding to client with driver.clear() result: null
&amp#27;[35m[HTTP]&amp#27;[39m &amp#27;[37m<-- POST /wd/hub/session/8bc46446-73b9-46f3-8673-a9e1e5431af5/element/00000000-0000-0136-7fff-ffff00000087/clear &amp#27;[39m&amp#27;[32m200&amp#27;[39m &amp#27;[90m64 ms - 14&amp#27;[39m
&amp#27;[35m[HTTP]&amp#27;[39m &amp#27;[90m&amp#27;[39m
&amp#27;[35m[HTTP]&amp#27;[39m &amp#27;[37m-->&amp#27;[39m &amp#27;[37mGET&amp#27;[39m &amp#27;[37m/wd/hub/session/8bc46446-73b9-46f3-8673-a9e1e5431af5/context&amp#27;[39m
&amp#27;[35m[HTTP]&amp#27;[39m &amp#27;[90m{}&amp#27;[39m
[debug] &amp#27;[35m[W3C (8bc46446)]&amp#27;[39m Calling AppiumDriver.getCurrentContext() with args: ["8bc46446-73b9-46f3-8673-a9e1e5431af5"]
[debug] &amp#27;[35m[W3C (8bc46446)]&amp#27;[39m Responding to client with driver.getCurrentContext() result: "NATIVE_APP"
&amp#27;[35m[HTTP]&amp#27;[39m &amp#27;[37m<-- GET /wd/hub/session/8bc46446-73b9-46f3-8673-a9e1e5431af5/context &amp#27;[39m&amp#27;[32m200&amp#27;[39m &amp#27;[90m2 ms - 22&amp#27;[39m
&amp#27;[35m[HTTP]&amp#27;[39m &amp#27;[90m&amp#27;[39m
&amp#27;[35m[HTTP]&amp#27;[39m &amp#27;[37m-->&amp#27;[39m &amp#27;[37mPOST&amp#27;[39m &amp#27;[37m/wd/hub/session/8bc46446-73b9-46f3-8673-a9e1e5431af5/element&amp#27;[39m
&amp#27;[35m[HTTP]&amp#27;[39m &amp#27;[90m{"using":"accessibility id","value":"input-repeat-password"}&amp#27;[39m
[debug] &amp#27;[35m[W3C (8bc46446)]&amp#27;[39m Calling AppiumDriver.findElement() with args: ["accessibility id","input-repeat-password","8bc46446-73b9-46f3-8673-a9e1e5431af5"]
[debug] &amp#27;[35m[BaseDriver]&amp#27;[39m Valid locator strategies for this request: xpath, id, class name, accessibility id, css selector, -android uiautomator
[debug] &amp#27;[35m[BaseDriver]&amp#27;[39m Waiting up to 30000 ms for condition
[debug] &amp#27;[35m[WD Proxy]&amp#27;[39m Matched '/element' to command name 'findElement'
[debug] &amp#27;[35m[WD Proxy]&amp#27;[39m Proxying [POST /element] to [POST http://127.0.0.1:8204/wd/hub/session/1ba6c3f2-83d8-4411-bd70-b85c0b3a5be5/element] with body: {"strategy":"accessibility id","selector":"input-repeat-password","context":"","multiple":false}
[debug] &amp#27;[35m[WD Proxy]&amp#27;[39m Got response with status 200: {"sessionId":"1ba6c3f2-83d8-4411-bd70-b85c0b3a5be5","value":{"ELEMENT":"00000000-0000-0136-7fff-ffff00000087","element-6066-11e4-a52e-4f735466cecf":"00000000-0000-0136-7fff-ffff00000087"}}
[debug] &amp#27;[35m[W3C (8bc46446)]&amp#27;[39m Responding to client with driver.findElement() result: {"element-6066-11e4-a52e-4f735466cecf":"00000000-0000-0136-7fff-ffff00000087","ELEMENT":"00000000-0000-0136-7fff-ffff00000087"}
&amp#27;[35m[HTTP]&amp#27;[39m &amp#27;[37m<-- POST /wd/hub/session/8bc46446-73b9-46f3-8673-a9e1e5431af5/element &amp#27;[39m&amp#27;[32m200&amp#27;[39m &amp#27;[90m707 ms - 137&amp#27;[39m
&amp#27;[35m[HTTP]&amp#27;[39m &amp#27;[90m&amp#27;[39m
&amp#27;[35m[HTTP]&amp#27;[39m &amp#27;[37m-->&amp#27;[39m &amp#27;[37mGET&amp#27;[39m &amp#27;[37m/wd/hub/session/8bc46446-73b9-46f3-8673-a9e1e5431af5/element/00000000-0000-0136-7fff-ffff00000087/displayed&amp#27;[39m
&amp#27;[35m[HTTP]&amp#27;[39m &amp#27;[90m{}&amp#27;[39m
[debug] &amp#27;[35m[W3C (8bc46446)]&amp#27;[39m Calling AppiumDriver.elementDisplayed() with args: ["00000000-0000-0136-7fff-ffff00000087","8bc46446-73b9-46f3-8673-a9e1e5431af5"]
[debug] &amp#27;[35m[WD Proxy]&amp#27;[39m Matched '/element/00000000-0000-0136-7fff-ffff00000087/attribute/displayed' to command name 'getAttribute'
[debug] &amp#27;[35m[WD Proxy]&amp#27;[39m Proxying [GET /element/00000000-0000-0136-7fff-ffff00000087/attribute/displayed] to [GET http://127.0.0.1:8204/wd/hub/session/1ba6c3f2-83d8-4411-bd70-b85c0b3a5be5/element/00000000-0000-0136-7fff-ffff00000087/attribute/displayed] with no body
[debug] &amp#27;[35m[WD Proxy]&amp#27;[39m Got response with status 200: {"sessionId":"1ba6c3f2-83d8-4411-bd70-b85c0b3a5be5","value":"true"}
[debug] &amp#27;[35m[W3C (8bc46446)]&amp#27;[39m Responding to client with driver.elementDisplayed() result: true
&amp#27;[35m[HTTP]&amp#27;[39m &amp#27;[37m<-- GET /wd/hub/session/8bc46446-73b9-46f3-8673-a9e1e5431af5/element/00000000-0000-0136-7fff-ffff00000087/displayed &amp#27;[39m&amp#27;[32m200&amp#27;[39m &amp#27;[90m24 ms - 14&amp#27;[39m
&amp#27;[35m[HTTP]&amp#27;[39m &amp#27;[90m&amp#27;[39m
&amp#27;[35m[HTTP]&amp#27;[39m &amp#27;[37m-->&amp#27;[39m &amp#27;[37mGET&amp#27;[39m &amp#27;[37m/wd/hub/session/8bc46446-73b9-46f3-8673-a9e1e5431af5/context&amp#27;[39m
&amp#27;[35m[HTTP]&amp#27;[39m &amp#27;[90m{}&amp#27;[39m
[debug] &amp#27;[35m[W3C (8bc46446)]&amp#27;[39m Calling AppiumDriver.getCurrentContext() with args: ["8bc46446-73b9-46f3-8673-a9e1e5431af5"]
[debug] &amp#27;[35m[W3C (8bc46446)]&amp#27;[39m Responding to client with driver.getCurrentContext() result: "NATIVE_APP"
&amp#27;[35m[HTTP]&amp#27;[39m &amp#27;[37m<-- GET /wd/hub/session/8bc46446-73b9-46f3-8673-a9e1e5431af5/context &amp#27;[39m&amp#27;[32m200&amp#27;[39m &amp#27;[90m1 ms - 22&amp#27;[39m
&amp#27;[35m[HTTP]&amp#27;[39m &amp#27;[90m&amp#27;[39m
&amp#27;[35m[HTTP]&amp#27;[39m &amp#27;[37m-->&amp#27;[39m &amp#27;[37mPOST&amp#27;[39m &amp#27;[37m/wd/hub/session/8bc46446-73b9-46f3-8673-a9e1e5431af5/element&amp#27;[39m
&amp#27;[35m[HTTP]&amp#27;[39m &amp#27;[90m{"using":"accessibility id","value":"input-repeat-password"}&amp#27;[39m
[debug] &amp#27;[35m[W3C (8bc46446)]&amp#27;[39m Calling AppiumDriver.findElement() with args: ["accessibility id","input-repeat-password","8bc46446-73b9-46f3-8673-a9e1e5431af5"]
[debug] &amp#27;[35m[BaseDriver]&amp#27;[39m Valid locator strategies for this request: xpath, id, class name, accessibility id, css selector, -android uiautomator
[debug] &amp#27;[35m[BaseDriver]&amp#27;[39m Waiting up to 30000 ms for condition
[debug] &amp#27;[35m[WD Proxy]&amp#27;[39m Matched '/element' to command name 'findElement'
[debug] &amp#27;[35m[WD Proxy]&amp#27;[39m Proxying [POST /element] to [POST http://127.0.0.1:8204/wd/hub/session/1ba6c3f2-83d8-4411-bd70-b85c0b3a5be5/element] with body: {"strategy":"accessibility id","selector":"input-repeat-password","context":"","multiple":false}
[debug] &amp#27;[35m[WD Proxy]&amp#27;[39m Got response with status 200: {"sessionId":"1ba6c3f2-83d8-4411-bd70-b85c0b3a5be5","value":{"ELEMENT":"00000000-0000-0136-7fff-ffff00000087","element-6066-11e4-a52e-4f735466cecf":"00000000-0000-0136-7fff-ffff00000087"}}
[debug] &amp#27;[35m[W3C (8bc46446)]&amp#27;[39m Responding to client with driver.findElement() result: {"element-6066-11e4-a52e-4f735466cecf":"00000000-0000-0136-7fff-ffff00000087","ELEMENT":"00000000-0000-0136-7fff-ffff00000087"}
&amp#27;[35m[HTTP]&amp#27;[39m &amp#27;[37m<-- POST /wd/hub/session/8bc46446-73b9-46f3-8673-a9e1e5431af5/element &amp#27;[39m&amp#27;[32m200&amp#27;[39m &amp#27;[90m73 ms - 137&amp#27;[39m
&amp#27;[35m[HTTP]&amp#27;[39m &amp#27;[90m&amp#27;[39m
&amp#27;[35m[HTTP]&amp#27;[39m &amp#27;[37m-->&amp#27;[39m &amp#27;[37mPOST&amp#27;[39m &amp#27;[37m/wd/hub/session/8bc46446-73b9-46f3-8673-a9e1e5431af5/element/00000000-0000-0136-7fff-ffff00000087/value&amp#27;[39m
&amp#27;[35m[HTTP]&amp#27;[39m &amp#27;[90m{"id":"00000000-0000-0136-7fff-ffff00000087","text":"12345678","value":["1","2","3","4","5","6","7","8"]}&amp#27;[39m
[debug] &amp#27;[35m[W3C (8bc46446)]&amp#27;[39m Calling AppiumDriver.setValue() with args: [["1","2","3","4","5","6","7","8"],"00000000-0000-0136-7fff-ffff00000087","8bc46446-73b9-46f3-8673-a9e1e5431af5"]
[debug] &amp#27;[35m[WD Proxy]&amp#27;[39m Matched '/element/00000000-0000-0136-7fff-ffff00000087/value' to command name 'setValue'
[debug] &amp#27;[35m[Protocol Converter]&amp#27;[39m Added 'value' property ["1","2","3","4","5","6","7","8"] to 'setValue' request body
[debug] &amp#27;[35m[WD Proxy]&amp#27;[39m Proxying [POST /element/00000000-0000-0136-7fff-ffff00000087/value] to [POST http://127.0.0.1:8204/wd/hub/session/1ba6c3f2-83d8-4411-bd70-b85c0b3a5be5/element/00000000-0000-0136-7fff-ffff00000087/value] with body: {"elementId":"00000000-0000-0136-7fff-ffff00000087","text":"12345678","replace":false,"value":["1","2","3","4","5","6","7","8"]}
[debug] &amp#27;[35m[WD Proxy]&amp#27;[39m Got response with status 200: {"sessionId":"1ba6c3f2-83d8-4411-bd70-b85c0b3a5be5","value":null}
[debug] &amp#27;[35m[W3C (8bc46446)]&amp#27;[39m Responding to client with driver.setValue() result: null
&amp#27;[35m[HTTP]&amp#27;[39m &amp#27;[37m<-- POST /wd/hub/session/8bc46446-73b9-46f3-8673-a9e1e5431af5/element/00000000-0000-0136-7fff-ffff00000087/value &amp#27;[39m&amp#27;[32m200&amp#27;[39m &amp#27;[90m576 ms - 14&amp#27;[39m
&amp#27;[35m[HTTP]&amp#27;[39m &amp#27;[90m&amp#27;[39m
&amp#27;[35m[HTTP]&amp#27;[39m &amp#27;[37m-->&amp#27;[39m &amp#27;[37mGET&amp#27;[39m &amp#27;[37m/wd/hub/session/8bc46446-73b9-46f3-8673-a9e1e5431af5/context&amp#27;[39m
&amp#27;[35m[HTTP]&amp#27;[39m &amp#27;[90m{}&amp#27;[39m
[debug] &amp#27;[35m[W3C (8bc46446)]&amp#27;[39m Calling AppiumDriver.getCurrentContext() with args: ["8bc46446-73b9-46f3-8673-a9e1e5431af5"]
[debug] &amp#27;[35m[W3C (8bc46446)]&amp#27;[39m Responding to client with driver.getCurrentContext() result: "NATIVE_APP"
&amp#27;[35m[HTTP]&amp#27;[39m &amp#27;[37m<-- GET /wd/hub/session/8bc46446-73b9-46f3-8673-a9e1e5431af5/context &amp#27;[39m&amp#27;[32m200&amp#27;[39m &amp#27;[90m1 ms - 22&amp#27;[39m
&amp#27;[35m[HTTP]&amp#27;[39m &amp#27;[90m&amp#27;[39m
&amp#27;[35m[HTTP]&amp#27;[39m &amp#27;[37m-->&amp#27;[39m &amp#27;[37mPOST&amp#27;[39m &amp#27;[37m/wd/hub/session/8bc46446-73b9-46f3-8673-a9e1e5431af5/element&amp#27;[39m
&amp#27;[35m[HTTP]&amp#27;[39m &amp#27;[90m{"using":"accessibility id","value":"button-SIGN UP"}&amp#27;[39m
[debug] &amp#27;[35m[W3C (8bc46446)]&amp#27;[39m Calling AppiumDriver.findElement() with args: ["accessibility id","button-SIGN UP","8bc46446-73b9-46f3-8673-a9e1e5431af5"]
[debug] &amp#27;[35m[BaseDriver]&amp#27;[39m Valid locator strategies for this request: xpath, id, class name, accessibility id, css selector, -android uiautomator
[debug] &amp#27;[35m[BaseDriver]&amp#27;[39m Waiting up to 30000 ms for condition
[debug] &amp#27;[35m[WD Proxy]&amp#27;[39m Matched '/element' to command name 'findElement'
[debug] &amp#27;[35m[WD Proxy]&amp#27;[39m Proxying [POST /element] to [POST http://127.0.0.1:8204/wd/hub/session/1ba6c3f2-83d8-4411-bd70-b85c0b3a5be5/element] with body: {"strategy":"accessibility id","selector":"button-SIGN UP","context":"","multiple":false}
[debug] &amp#27;[35m[WD Proxy]&amp#27;[39m Got response with status 200: {"sessionId":"1ba6c3f2-83d8-4411-bd70-b85c0b3a5be5","value":{"ELEMENT":"00000000-0000-0136-7fff-ffff00000055","element-6066-11e4-a52e-4f735466cecf":"00000000-0000-0136-7fff-ffff00000055"}}
[debug] &amp#27;[35m[W3C (8bc46446)]&amp#27;[39m Responding to client with driver.findElement() result: {"element-6066-11e4-a52e-4f735466cecf":"00000000-0000-0136-7fff-ffff00000055","ELEMENT":"00000000-0000-0136-7fff-ffff00000055"}
&amp#27;[35m[HTTP]&amp#27;[39m &amp#27;[37m<-- POST /wd/hub/session/8bc46446-73b9-46f3-8673-a9e1e5431af5/element &amp#27;[39m&amp#27;[32m200&amp#27;[39m &amp#27;[90m727 ms - 137&amp#27;[39m
&amp#27;[35m[HTTP]&amp#27;[39m &amp#27;[90m&amp#27;[39m
&amp#27;[35m[HTTP]&amp#27;[39m &amp#27;[37m-->&amp#27;[39m &amp#27;[37mGET&amp#27;[39m &amp#27;[37m/wd/hub/session/8bc46446-73b9-46f3-8673-a9e1e5431af5/element/00000000-0000-0136-7fff-ffff00000055/displayed&amp#27;[39m
&amp#27;[35m[HTTP]&amp#27;[39m &amp#27;[90m{}&amp#27;[39m
[debug] &amp#27;[35m[W3C (8bc46446)]&amp#27;[39m Calling AppiumDriver.elementDisplayed() with args: ["00000000-0000-0136-7fff-ffff00000055","8bc46446-73b9-46f3-8673-a9e1e5431af5"]
[debug] &amp#27;[35m[WD Proxy]&amp#27;[39m Matched '/element/00000000-0000-0136-7fff-ffff00000055/attribute/displayed' to command name 'getAttribute'
[debug] &amp#27;[35m[WD Proxy]&amp#27;[39m Proxying [GET /element/00000000-0000-0136-7fff-ffff00000055/attribute/displayed] to [GET http://127.0.0.1:8204/wd/hub/session/1ba6c3f2-83d8-4411-bd70-b85c0b3a5be5/element/00000000-0000-0136-7fff-ffff00000055/attribute/displayed] with no body
[debug] &amp#27;[35m[WD Proxy]&amp#27;[39m Got response with status 200: {"sessionId":"1ba6c3f2-83d8-4411-bd70-b85c0b3a5be5","value":"true"}
[debug] &amp#27;[35m[W3C (8bc46446)]&amp#27;[39m Responding to client with driver.elementDisplayed() result: true
&amp#27;[35m[HTTP]&amp#27;[39m &amp#27;[37m<-- GET /wd/hub/session/8bc46446-73b9-46f3-8673-a9e1e5431af5/element/00000000-0000-0136-7fff-ffff00000055/displayed &amp#27;[39m&amp#27;[32m200&amp#27;[39m &amp#27;[90m17 ms - 14&amp#27;[39m
&amp#27;[35m[HTTP]&amp#27;[39m &amp#27;[90m&amp#27;[39m
&amp#27;[35m[HTTP]&amp#27;[39m &amp#27;[37m-->&amp#27;[39m &amp#27;[37mGET&amp#27;[39m &amp#27;[37m/wd/hub/session/8bc46446-73b9-46f3-8673-a9e1e5431af5/context&amp#27;[39m
&amp#27;[35m[HTTP]&amp#27;[39m &amp#27;[90m{}&amp#27;[39m
[debug] &amp#27;[35m[W3C (8bc46446)]&amp#27;[39m Calling AppiumDriver.getCurrentContext() with args: ["8bc46446-73b9-46f3-8673-a9e1e5431af5"]
[debug] &amp#27;[35m[W3C (8bc46446)]&amp#27;[39m Responding to client with driver.getCurrentContext() result: "NATIVE_APP"
&amp#27;[35m[HTTP]&amp#27;[39m &amp#27;[37m<-- GET /wd/hub/session/8bc46446-73b9-46f3-8673-a9e1e5431af5/context &amp#27;[39m&amp#27;[32m200&amp#27;[39m &amp#27;[90m2 ms - 22&amp#27;[39m
&amp#27;[35m[HTTP]&amp#27;[39m &amp#27;[90m&amp#27;[39m
&amp#27;[35m[HTTP]&amp#27;[39m &amp#27;[37m-->&amp#27;[39m &amp#27;[37mPOST&amp#27;[39m &amp#27;[37m/wd/hub/session/8bc46446-73b9-46f3-8673-a9e1e5431af5/element&amp#27;[39m
&amp#27;[35m[HTTP]&amp#27;[39m &amp#27;[90m{"using":"accessibility id","value":"button-SIGN UP"}&amp#27;[39m
[debug] &amp#27;[35m[W3C (8bc46446)]&amp#27;[39m Calling AppiumDriver.findElement() with args: ["accessibility id","button-SIGN UP","8bc46446-73b9-46f3-8673-a9e1e5431af5"]
[debug] &amp#27;[35m[BaseDriver]&amp#27;[39m Valid locator strategies for this request: xpath, id, class name, accessibility id, css selector, -android uiautomator
[debug] &amp#27;[35m[BaseDriver]&amp#27;[39m Waiting up to 30000 ms for condition
[debug] &amp#27;[35m[WD Proxy]&amp#27;[39m Matched '/element' to command name 'findElement'
[debug] &amp#27;[35m[WD Proxy]&amp#27;[39m Proxying [POST /element] to [POST http://127.0.0.1:8204/wd/hub/session/1ba6c3f2-83d8-4411-bd70-b85c0b3a5be5/element] with body: {"strategy":"accessibility id","selector":"button-SIGN UP","context":"","multiple":false}
[debug] &amp#27;[35m[WD Proxy]&amp#27;[39m Got response with status 200: {"sessionId":"1ba6c3f2-83d8-4411-bd70-b85c0b3a5be5","value":{"ELEMENT":"00000000-0000-0136-7fff-ffff00000055","element-6066-11e4-a52e-4f735466cecf":"00000000-0000-0136-7fff-ffff00000055"}}
[debug] &amp#27;[35m[W3C (8bc46446)]&amp#27;[39m Responding to client with driver.findElement() result: {"element-6066-11e4-a52e-4f735466cecf":"00000000-0000-0136-7fff-ffff00000055","ELEMENT":"00000000-0000-0136-7fff-ffff00000055"}
&amp#27;[35m[HTTP]&amp#27;[39m &amp#27;[37m<-- POST /wd/hub/session/8bc46446-73b9-46f3-8673-a9e1e5431af5/element &amp#27;[39m&amp#27;[32m200&amp#27;[39m &amp#27;[90m49 ms - 137&amp#27;[39m
&amp#27;[35m[HTTP]&amp#27;[39m &amp#27;[90m&amp#27;[39m
&amp#27;[35m[HTTP]&amp#27;[39m &amp#27;[37m-->&amp#27;[39m &amp#27;[37mPOST&amp#27;[39m &amp#27;[37m/wd/hub/session/8bc46446-73b9-46f3-8673-a9e1e5431af5/element/00000000-0000-0136-7fff-ffff00000055/click&amp#27;[39m
&amp#27;[35m[HTTP]&amp#27;[39m &amp#27;[90m{"id":"00000000-0000-0136-7fff-ffff00000055"}&amp#27;[39m
[debug] &amp#27;[35m[W3C (8bc46446)]&amp#27;[39m Calling AppiumDriver.click() with args: ["00000000-0000-0136-7fff-ffff00000055","8bc46446-73b9-46f3-8673-a9e1e5431af5"]
[debug] &amp#27;[35m[WD Proxy]&amp#27;[39m Matched '/element/00000000-0000-0136-7fff-ffff00000055/click' to command name 'click'
[debug] &amp#27;[35m[WD Proxy]&amp#27;[39m Proxying [POST /element/00000000-0000-0136-7fff-ffff00000055/click] to [POST http://127.0.0.1:8204/wd/hub/session/1ba6c3f2-83d8-4411-bd70-b85c0b3a5be5/element/00000000-0000-0136-7fff-ffff00000055/click] with body: {"element":"00000000-0000-0136-7fff-ffff00000055"}
[debug] &amp#27;[35m[WD Proxy]&amp#27;[39m Got response with status 200: {"sessionId":"1ba6c3f2-83d8-4411-bd70-b85c0b3a5be5","value":null}
[debug] &amp#27;[35m[W3C (8bc46446)]&amp#27;[39m Responding to client with driver.click() result: null
&amp#27;[35m[HTTP]&amp#27;[39m &amp#27;[37m<-- POST /wd/hub/session/8bc46446-73b9-46f3-8673-a9e1e5431af5/element/00000000-0000-0136-7fff-ffff00000055/click &amp#27;[39m&amp#27;[32m200&amp#27;[39m &amp#27;[90m43 ms - 14&amp#27;[39m
&amp#27;[35m[HTTP]&amp#27;[39m &amp#27;[90m&amp#27;[39m
&amp#27;[35m[HTTP]&amp#27;[39m &amp#27;[37m-->&amp#27;[39m &amp#27;[37mGET&amp#27;[39m &amp#27;[37m/wd/hub/session/8bc46446-73b9-46f3-8673-a9e1e5431af5/context&amp#27;[39m
&amp#27;[35m[HTTP]&amp#27;[39m &amp#27;[90m{}&amp#27;[39m
[debug] &amp#27;[35m[W3C (8bc46446)]&amp#27;[39m Calling AppiumDriver.getCurrentContext() with args: ["8bc46446-73b9-46f3-8673-a9e1e5431af5"]
[debug] &amp#27;[35m[W3C (8bc46446)]&amp#27;[39m Responding to client with driver.getCurrentContext() result: "NATIVE_APP"
&amp#27;[35m[HTTP]&amp#27;[39m &amp#27;[37m<-- GET /wd/hub/session/8bc46446-73b9-46f3-8673-a9e1e5431af5/context &amp#27;[39m&amp#27;[32m200&amp#27;[39m &amp#27;[90m1 ms - 22&amp#27;[39m
&amp#27;[35m[HTTP]&amp#27;[39m &amp#27;[90m&amp#27;[39m
&amp#27;[35m[HTTP]&amp#27;[39m &amp#27;[37m-->&amp#27;[39m &amp#27;[37mPOST&amp#27;[39m &amp#27;[37m/wd/hub/session/8bc46446-73b9-46f3-8673-a9e1e5431af5/element&amp#27;[39m
&amp#27;[35m[HTTP]&amp#27;[39m &amp#27;[90m{"using":"id","value":"android:id/alertTitle"}&amp#27;[39m
[debug] &amp#27;[35m[W3C (8bc46446)]&amp#27;[39m Calling AppiumDriver.findElement() with args: ["id","android:id/alertTitle","8bc46446-73b9-46f3-8673-a9e1e5431af5"]
[debug] &amp#27;[35m[BaseDriver]&amp#27;[39m Valid locator strategies for this request: xpath, id, class name, accessibility id, css selector, -android uiautomator
[debug] &amp#27;[35m[BaseDriver]&amp#27;[39m Waiting up to 30000 ms for condition
[debug] &amp#27;[35m[WD Proxy]&amp#27;[39m Matched '/element' to command name 'findElement'
[debug] &amp#27;[35m[WD Proxy]&amp#27;[39m Proxying [POST /element] to [POST http://127.0.0.1:8204/wd/hub/session/1ba6c3f2-83d8-4411-bd70-b85c0b3a5be5/element] with body: {"strategy":"id","selector":"android:id/alertTitle","context":"","multiple":false}
&amp#27;[35m[WD Proxy]&amp#27;[39m Got response with status 404: {"sessionId":"1ba6c3f2-83d8-4411-bd70-b85c0b3a5be5","value":{"error":"no such element","message":"An element could not be located on the page using the given search parameters","stacktrace":"io.appium.uiautomator2.common.exceptions.ElementNotFoundException: An element could not be located on the page using the given search parameters\n\tat io.appium.uiautomator2.handler.FindElement.safeHandle(FindElement.java:70)\n\tat io.appium.uiautomator2.handler.request.SafeRequestHandler.handle(SafeRequestHandler.java:59)\n\tat io.appium.uiautomator2.server.AppiumServlet.handleRequest(AppiumServlet.java:264)\n\tat io.appium.uiautomator2.server.AppiumServlet.handleHttpRequest(AppiumServlet.java:258)\n\tat io.appium.uiautomator2.http.ServerHandler.channelRead(ServerHandler.java:68)\n\tat io.netty.channel.AbstractChannelHandlerContext.invokeChannelRead(AbstractChannelHandlerContext.java:366)\n\tat io.netty.channel.AbstractChannelHandlerContext.invokeChannelRead(AbstractChannelHandlerContext.java:352)\n\tat io.netty.chann...
[debug] &amp#27;[35m[W3C]&amp#27;[39m Matched W3C error code 'no such element' to NoSuchElementError
[debug] &amp#27;[35m[BaseDriver]&amp#27;[39m Waited for 58 ms so far
[debug] &amp#27;[35m[WD Proxy]&amp#27;[39m Matched '/element' to command name 'findElement'
[debug] &amp#27;[35m[WD Proxy]&amp#27;[39m Proxying [POST /element] to [POST http://127.0.0.1:8204/wd/hub/session/1ba6c3f2-83d8-4411-bd70-b85c0b3a5be5/element] with body: {"strategy":"id","selector":"android:id/alertTitle","context":"","multiple":false}
&amp#27;[35m[WD Proxy]&amp#27;[39m Got response with status 404: {"sessionId":"1ba6c3f2-83d8-4411-bd70-b85c0b3a5be5","value":{"error":"no such element","message":"An element could not be located on the page using the given search parameters","stacktrace":"io.appium.uiautomator2.common.exceptions.ElementNotFoundException: An element could not be located on the page using the given search parameters\n\tat io.appium.uiautomator2.handler.FindElement.safeHandle(FindElement.java:70)\n\tat io.appium.uiautomator2.handler.request.SafeRequestHandler.handle(SafeRequestHandler.java:59)\n\tat io.appium.uiautomator2.server.AppiumServlet.handleRequest(AppiumServlet.java:264)\n\tat io.appium.uiautomator2.server.AppiumServlet.handleHttpRequest(AppiumServlet.java:258)\n\tat io.appium.uiautomator2.http.ServerHandler.channelRead(ServerHandler.java:68)\n\tat io.netty.channel.AbstractChannelHandlerContext.invokeChannelRead(AbstractChannelHandlerContext.java:366)\n\tat io.netty.channel.AbstractChannelHandlerContext.invokeChannelRead(AbstractChannelHandlerContext.java:352)\n\tat io.netty.chann...
[debug] &amp#27;[35m[W3C]&amp#27;[39m Matched W3C error code 'no such element' to NoSuchElementError
[debug] &amp#27;[35m[BaseDriver]&amp#27;[39m Waited for 1028 ms so far
[debug] &amp#27;[35m[WD Proxy]&amp#27;[39m Matched '/element' to command name 'findElement'
[debug] &amp#27;[35m[WD Proxy]&amp#27;[39m Proxying [POST /element] to [POST http://127.0.0.1:8204/wd/hub/session/1ba6c3f2-83d8-4411-bd70-b85c0b3a5be5/element] with body: {"strategy":"id","selector":"android:id/alertTitle","context":"","multiple":false}
&amp#27;[35m[WD Proxy]&amp#27;[39m Got response with status 404: {"sessionId":"1ba6c3f2-83d8-4411-bd70-b85c0b3a5be5","value":{"error":"no such element","message":"An element could not be located on the page using the given search parameters","stacktrace":"io.appium.uiautomator2.common.exceptions.ElementNotFoundException: An element could not be located on the page using the given search parameters\n\tat io.appium.uiautomator2.handler.FindElement.safeHandle(FindElement.java:70)\n\tat io.appium.uiautomator2.handler.request.SafeRequestHandler.handle(SafeRequestHandler.java:59)\n\tat io.appium.uiautomator2.server.AppiumServlet.handleRequest(AppiumServlet.java:264)\n\tat io.appium.uiautomator2.server.AppiumServlet.handleHttpRequest(AppiumServlet.java:258)\n\tat io.appium.uiautomator2.http.ServerHandler.channelRead(ServerHandler.java:68)\n\tat io.netty.channel.AbstractChannelHandlerContext.invokeChannelRead(AbstractChannelHandlerContext.java:366)\n\tat io.netty.channel.AbstractChannelHandlerContext.invokeChannelRead(AbstractChannelHandlerContext.java:352)\n\tat io.netty.chann...
[debug] &amp#27;[35m[W3C]&amp#27;[39m Matched W3C error code 'no such element' to NoSuchElementError
[debug] &amp#27;[35m[BaseDriver]&amp#27;[39m Waited for 1762 ms so far
[debug] &amp#27;[35m[WD Proxy]&amp#27;[39m Matched '/element' to command name 'findElement'
[debug] &amp#27;[35m[WD Proxy]&amp#27;[39m Proxying [POST /element] to [POST http://127.0.0.1:8204/wd/hub/session/1ba6c3f2-83d8-4411-bd70-b85c0b3a5be5/element] with body: {"strategy":"id","selector":"android:id/alertTitle","context":"","multiple":false}
[debug] &amp#27;[35m[WD Proxy]&amp#27;[39m Got response with status 200: {"sessionId":"1ba6c3f2-83d8-4411-bd70-b85c0b3a5be5","value":{"ELEMENT":"00000000-0000-0138-7fff-ffff000000ad","element-6066-11e4-a52e-4f735466cecf":"00000000-0000-0138-7fff-ffff000000ad"}}
[debug] &amp#27;[35m[W3C (8bc46446)]&amp#27;[39m Responding to client with driver.findElement() result: {"element-6066-11e4-a52e-4f735466cecf":"00000000-0000-0138-7fff-ffff000000ad","ELEMENT":"00000000-0000-0138-7fff-ffff000000ad"}
&amp#27;[35m[HTTP]&amp#27;[39m &amp#27;[37m<-- POST /wd/hub/session/8bc46446-73b9-46f3-8673-a9e1e5431af5/element &amp#27;[39m&amp#27;[32m200&amp#27;[39m &amp#27;[90m2307 ms - 137&amp#27;[39m
&amp#27;[35m[HTTP]&amp#27;[39m &amp#27;[90m&amp#27;[39m
&amp#27;[35m[HTTP]&amp#27;[39m &amp#27;[37m-->&amp#27;[39m &amp#27;[37mGET&amp#27;[39m &amp#27;[37m/wd/hub/session/8bc46446-73b9-46f3-8673-a9e1e5431af5/element/00000000-0000-0138-7fff-ffff000000ad/displayed&amp#27;[39m
&amp#27;[35m[HTTP]&amp#27;[39m &amp#27;[90m{}&amp#27;[39m
[debug] &amp#27;[35m[W3C (8bc46446)]&amp#27;[39m Calling AppiumDriver.elementDisplayed() with args: ["00000000-0000-0138-7fff-ffff000000ad","8bc46446-73b9-46f3-8673-a9e1e5431af5"]
[debug] &amp#27;[35m[WD Proxy]&amp#27;[39m Matched '/element/00000000-0000-0138-7fff-ffff000000ad/attribute/displayed' to command name 'getAttribute'
[debug] &amp#27;[35m[WD Proxy]&amp#27;[39m Proxying [GET /element/00000000-0000-0138-7fff-ffff000000ad/attribute/displayed] to [GET http://127.0.0.1:8204/wd/hub/session/1ba6c3f2-83d8-4411-bd70-b85c0b3a5be5/element/00000000-0000-0138-7fff-ffff000000ad/attribute/displayed] with no body
[debug] &amp#27;[35m[WD Proxy]&amp#27;[39m Got response with status 200: {"sessionId":"1ba6c3f2-83d8-4411-bd70-b85c0b3a5be5","value":"true"}
[debug] &amp#27;[35m[W3C (8bc46446)]&amp#27;[39m Responding to client with driver.elementDisplayed() result: true
&amp#27;[35m[HTTP]&amp#27;[39m &amp#27;[37m<-- GET /wd/hub/session/8bc46446-73b9-46f3-8673-a9e1e5431af5/element/00000000-0000-0138-7fff-ffff000000ad/displayed &amp#27;[39m&amp#27;[32m200&amp#27;[39m &amp#27;[90m18 ms - 14&amp#27;[39m
&amp#27;[35m[HTTP]&amp#27;[39m &amp#27;[90m&amp#27;[39m
&amp#27;[35m[HTTP]&amp#27;[39m &amp#27;[37m-->&amp#27;[39m &amp#27;[37mGET&amp#27;[39m &amp#27;[37m/wd/hub/session/8bc46446-73b9-46f3-8673-a9e1e5431af5/context&amp#27;[39m
&amp#27;[35m[HTTP]&amp#27;[39m &amp#27;[90m{}&amp#27;[39m
[debug] &amp#27;[35m[W3C (8bc46446)]&amp#27;[39m Calling AppiumDriver.getCurrentContext() with args: ["8bc46446-73b9-46f3-8673-a9e1e5431af5"]
[debug] &amp#27;[35m[W3C (8bc46446)]&amp#27;[39m Responding to client with driver.getCurrentContext() result: "NATIVE_APP"
&amp#27;[35m[HTTP]&amp#27;[39m &amp#27;[37m<-- GET /wd/hub/session/8bc46446-73b9-46f3-8673-a9e1e5431af5/context &amp#27;[39m&amp#27;[32m200&amp#27;[39m &amp#27;[90m1 ms - 22&amp#27;[39m
&amp#27;[35m[HTTP]&amp#27;[39m &amp#27;[90m&amp#27;[39m
&amp#27;[35m[HTTP]&amp#27;[39m &amp#27;[37m-->&amp#27;[39m &amp#27;[37mPOST&amp#27;[39m &amp#27;[37m/wd/hub/session/8bc46446-73b9-46f3-8673-a9e1e5431af5/element&amp#27;[39m
&amp#27;[35m[HTTP]&amp#27;[39m &amp#27;[90m{"using":"id","value":"android:id/alertTitle"}&amp#27;[39m
[debug] &amp#27;[35m[W3C (8bc46446)]&amp#27;[39m Calling AppiumDriver.findElement() with args: ["id","android:id/alertTitle","8bc46446-73b9-46f3-8673-a9e1e5431af5"]
[debug] &amp#27;[35m[BaseDriver]&amp#27;[39m Valid locator strategies for this request: xpath, id, class name, accessibility id, css selector, -android uiautomator
[debug] &amp#27;[35m[BaseDriver]&amp#27;[39m Waiting up to 30000 ms for condition
[debug] &amp#27;[35m[WD Proxy]&amp#27;[39m Matched '/element' to command name 'findElement'
[debug] &amp#27;[35m[WD Proxy]&amp#27;[39m Proxying [POST /element] to [POST http://127.0.0.1:8204/wd/hub/session/1ba6c3f2-83d8-4411-bd70-b85c0b3a5be5/element] with body: {"strategy":"id","selector":"android:id/alertTitle","context":"","multiple":false}
[debug] &amp#27;[35m[WD Proxy]&amp#27;[39m Got response with status 200: {"sessionId":"1ba6c3f2-83d8-4411-bd70-b85c0b3a5be5","value":{"ELEMENT":"00000000-0000-0138-7fff-ffff000000ad","element-6066-11e4-a52e-4f735466cecf":"00000000-0000-0138-7fff-ffff000000ad"}}
[debug] &amp#27;[35m[W3C (8bc46446)]&amp#27;[39m Responding to client with driver.findElement() result: {"element-6066-11e4-a52e-4f735466cecf":"00000000-0000-0138-7fff-ffff000000ad","ELEMENT":"00000000-0000-0138-7fff-ffff000000ad"}
&amp#27;[35m[HTTP]&amp#27;[39m &amp#27;[37m<-- POST /wd/hub/session/8bc46446-73b9-46f3-8673-a9e1e5431af5/element &amp#27;[39m&amp#27;[32m200&amp#27;[39m &amp#27;[90m28 ms - 137&amp#27;[39m
&amp#27;[35m[HTTP]&amp#27;[39m &amp#27;[90m&amp#27;[39m
&amp#27;[35m[HTTP]&amp#27;[39m &amp#27;[37m-->&amp#27;[39m &amp#27;[37mGET&amp#27;[39m &amp#27;[37m/wd/hub/session/8bc46446-73b9-46f3-8673-a9e1e5431af5/element/00000000-0000-0138-7fff-ffff000000ad/text&amp#27;[39m
&amp#27;[35m[HTTP]&amp#27;[39m &amp#27;[90m{}&amp#27;[39m
&amp#27;[35m[W3C (8bc46446)]&amp#27;[39m Driver proxy active, passing request on via HTTP proxy
[debug] &amp#27;[35m[WD Proxy]&amp#27;[39m Matched '/wd/hub/session/8bc46446-73b9-46f3-8673-a9e1e5431af5/element/00000000-0000-0138-7fff-ffff000000ad/text' to command name 'getText'
[debug] &amp#27;[35m[WD Proxy]&amp#27;[39m Proxying [GET /wd/hub/session/8bc46446-73b9-46f3-8673-a9e1e5431af5/element/00000000-0000-0138-7fff-ffff000000ad/text] to [GET http://127.0.0.1:8204/wd/hub/session/1ba6c3f2-83d8-4411-bd70-b85c0b3a5be5/element/00000000-0000-0138-7fff-ffff000000ad/text] with no body
[debug] &amp#27;[35m[WD Proxy]&amp#27;[39m Got response with status 200: {"sessionId":"1ba6c3f2-83d8-4411-bd70-b85c0b3a5be5","value":"Signed Up!"}
&amp#27;[35m[WD Proxy]&amp#27;[39m Replacing sessionId 1ba6c3f2-83d8-4411-bd70-b85c0b3a5be5 with 8bc46446-73b9-46f3-8673-a9e1e5431af5
&amp#27;[35m[HTTP]&amp#27;[39m &amp#27;[37m<-- GET /wd/hub/session/8bc46446-73b9-46f3-8673-a9e1e5431af5/element/00000000-0000-0138-7fff-ffff000000ad/text &amp#27;[39m&amp#27;[32m200&amp#27;[39m &amp#27;[90m16 ms - 73&amp#27;[39m
&amp#27;[35m[HTTP]&amp#27;[39m &amp#27;[90m&amp#27;[39m
&amp#27;[35m[HTTP]&amp#27;[39m &amp#27;[37m-->&amp#27;[39m &amp#27;[37mGET&amp#27;[39m &amp#27;[37m/wd/hub/session/8bc46446-73b9-46f3-8673-a9e1e5431af5/context&amp#27;[39m
&amp#27;[35m[HTTP]&amp#27;[39m &amp#27;[90m{}&amp#27;[39m
[debug] &amp#27;[35m[W3C (8bc46446)]&amp#27;[39m Calling AppiumDriver.getCurrentContext() with args: ["8bc46446-73b9-46f3-8673-a9e1e5431af5"]
[debug] &amp#27;[35m[W3C (8bc46446)]&amp#27;[39m Responding to client with driver.getCurrentContext() result: "NATIVE_APP"
&amp#27;[35m[HTTP]&amp#27;[39m &amp#27;[37m<-- GET /wd/hub/session/8bc46446-73b9-46f3-8673-a9e1e5431af5/context &amp#27;[39m&amp#27;[32m200&amp#27;[39m &amp#27;[90m1 ms - 22&amp#27;[39m
&amp#27;[35m[HTTP]&amp#27;[39m &amp#27;[90m&amp#27;[39m
&amp#27;[35m[HTTP]&amp#27;[39m &amp#27;[37m-->&amp#27;[39m &amp#27;[37mPOST&amp#27;[39m &amp#27;[37m/wd/hub/session/8bc46446-73b9-46f3-8673-a9e1e5431af5/element&amp#27;[39m
&amp#27;[35m[HTTP]&amp#27;[39m &amp#27;[90m{"using":"id","value":"android:id/message"}&amp#27;[39m
[debug] &amp#27;[35m[W3C (8bc46446)]&amp#27;[39m Calling AppiumDriver.findElement() with args: ["id","android:id/message","8bc46446-73b9-46f3-8673-a9e1e5431af5"]
[debug] &amp#27;[35m[BaseDriver]&amp#27;[39m Valid locator strategies for this request: xpath, id, class name, accessibility id, css selector, -android uiautomator
[debug] &amp#27;[35m[BaseDriver]&amp#27;[39m Waiting up to 30000 ms for condition
[debug] &amp#27;[35m[WD Proxy]&amp#27;[39m Matched '/element' to command name 'findElement'
[debug] &amp#27;[35m[WD Proxy]&amp#27;[39m Proxying [POST /element] to [POST http://127.0.0.1:8204/wd/hub/session/1ba6c3f2-83d8-4411-bd70-b85c0b3a5be5/element] with body: {"strategy":"id","selector":"android:id/message","context":"","multiple":false}
[debug] &amp#27;[35m[WD Proxy]&amp#27;[39m Got response with status 200: {"sessionId":"1ba6c3f2-83d8-4411-bd70-b85c0b3a5be5","value":{"ELEMENT":"00000000-0000-0138-7fff-ffff000000ac","element-6066-11e4-a52e-4f735466cecf":"00000000-0000-0138-7fff-ffff000000ac"}}
[debug] &amp#27;[35m[W3C (8bc46446)]&amp#27;[39m Responding to client with driver.findElement() result: {"element-6066-11e4-a52e-4f735466cecf":"00000000-0000-0138-7fff-ffff000000ac","ELEMENT":"00000000-0000-0138-7fff-ffff000000ac"}
&amp#27;[35m[HTTP]&amp#27;[39m &amp#27;[37m<-- POST /wd/hub/session/8bc46446-73b9-46f3-8673-a9e1e5431af5/element &amp#27;[39m&amp#27;[32m200&amp#27;[39m &amp#27;[90m29 ms - 137&amp#27;[39m
&amp#27;[35m[HTTP]&amp#27;[39m &amp#27;[90m&amp#27;[39m
&amp#27;[35m[HTTP]&amp#27;[39m &amp#27;[37m-->&amp#27;[39m &amp#27;[37mGET&amp#27;[39m &amp#27;[37m/wd/hub/session/8bc46446-73b9-46f3-8673-a9e1e5431af5/element/00000000-0000-0138-7fff-ffff000000ac/displayed&amp#27;[39m
&amp#27;[35m[HTTP]&amp#27;[39m &amp#27;[90m{}&amp#27;[39m
[debug] &amp#27;[35m[W3C (8bc46446)]&amp#27;[39m Calling AppiumDriver.elementDisplayed() with args: ["00000000-0000-0138-7fff-ffff000000ac","8bc46446-73b9-46f3-8673-a9e1e5431af5"]
[debug] &amp#27;[35m[WD Proxy]&amp#27;[39m Matched '/element/00000000-0000-0138-7fff-ffff000000ac/attribute/displayed' to command name 'getAttribute'
[debug] &amp#27;[35m[WD Proxy]&amp#27;[39m Proxying [GET /element/00000000-0000-0138-7fff-ffff000000ac/attribute/displayed] to [GET http://127.0.0.1:8204/wd/hub/session/1ba6c3f2-83d8-4411-bd70-b85c0b3a5be5/element/00000000-0000-0138-7fff-ffff000000ac/attribute/displayed] with no body
[debug] &amp#27;[35m[WD Proxy]&amp#27;[39m Got response with status 200: {"sessionId":"1ba6c3f2-83d8-4411-bd70-b85c0b3a5be5","value":"true"}
[debug] &amp#27;[35m[W3C (8bc46446)]&amp#27;[39m Responding to client with driver.elementDisplayed() result: true
&amp#27;[35m[HTTP]&amp#27;[39m &amp#27;[37m<-- GET /wd/hub/session/8bc46446-73b9-46f3-8673-a9e1e5431af5/element/00000000-0000-0138-7fff-ffff000000ac/displayed &amp#27;[39m&amp#27;[32m200&amp#27;[39m &amp#27;[90m16 ms - 14&amp#27;[39m
&amp#27;[35m[HTTP]&amp#27;[39m &amp#27;[90m&amp#27;[39m
&amp#27;[35m[HTTP]&amp#27;[39m &amp#27;[37m-->&amp#27;[39m &amp#27;[37mGET&amp#27;[39m &amp#27;[37m/wd/hub/session/8bc46446-73b9-46f3-8673-a9e1e5431af5/context&amp#27;[39m
&amp#27;[35m[HTTP]&amp#27;[39m &amp#27;[90m{}&amp#27;[39m
[debug] &amp#27;[35m[W3C (8bc46446)]&amp#27;[39m Calling AppiumDriver.getCurrentContext() with args: ["8bc46446-73b9-46f3-8673-a9e1e5431af5"]
[debug] &amp#27;[35m[W3C (8bc46446)]&amp#27;[39m Responding to client with driver.getCurrentContext() result: "NATIVE_APP"
&amp#27;[35m[HTTP]&amp#27;[39m &amp#27;[37m<-- GET /wd/hub/session/8bc46446-73b9-46f3-8673-a9e1e5431af5/context &amp#27;[39m&amp#27;[32m200&amp#27;[39m &amp#27;[90m1 ms - 22&amp#27;[39m
&amp#27;[35m[HTTP]&amp#27;[39m &amp#27;[90m&amp#27;[39m
&amp#27;[35m[HTTP]&amp#27;[39m &amp#27;[37m-->&amp#27;[39m &amp#27;[37mPOST&amp#27;[39m &amp#27;[37m/wd/hub/session/8bc46446-73b9-46f3-8673-a9e1e5431af5/element&amp#27;[39m
&amp#27;[35m[HTTP]&amp#27;[39m &amp#27;[90m{"using":"id","value":"android:id/message"}&amp#27;[39m
[debug] &amp#27;[35m[W3C (8bc46446)]&amp#27;[39m Calling AppiumDriver.findElement() with args: ["id","android:id/message","8bc46446-73b9-46f3-8673-a9e1e5431af5"]
[debug] &amp#27;[35m[BaseDriver]&amp#27;[39m Valid locator strategies for this request: xpath, id, class name, accessibility id, css selector, -android uiautomator
[debug] &amp#27;[35m[BaseDriver]&amp#27;[39m Waiting up to 30000 ms for condition
[debug] &amp#27;[35m[WD Proxy]&amp#27;[39m Matched '/element' to command name 'findElement'
[debug] &amp#27;[35m[WD Proxy]&amp#27;[39m Proxying [POST /element] to [POST http://127.0.0.1:8204/wd/hub/session/1ba6c3f2-83d8-4411-bd70-b85c0b3a5be5/element] with body: {"strategy":"id","selector":"android:id/message","context":"","multiple":false}
[debug] &amp#27;[35m[WD Proxy]&amp#27;[39m Got response with status 200: {"sessionId":"1ba6c3f2-83d8-4411-bd70-b85c0b3a5be5","value":{"ELEMENT":"00000000-0000-0138-7fff-ffff000000ac","element-6066-11e4-a52e-4f735466cecf":"00000000-0000-0138-7fff-ffff000000ac"}}
[debug] &amp#27;[35m[W3C (8bc46446)]&amp#27;[39m Responding to client with driver.findElement() result: {"element-6066-11e4-a52e-4f735466cecf":"00000000-0000-0138-7fff-ffff000000ac","ELEMENT":"00000000-0000-0138-7fff-ffff000000ac"}
&amp#27;[35m[HTTP]&amp#27;[39m &amp#27;[37m<-- POST /wd/hub/session/8bc46446-73b9-46f3-8673-a9e1e5431af5/element &amp#27;[39m&amp#27;[32m200&amp#27;[39m &amp#27;[90m34 ms - 137&amp#27;[39m
&amp#27;[35m[HTTP]&amp#27;[39m &amp#27;[90m&amp#27;[39m
&amp#27;[35m[HTTP]&amp#27;[39m &amp#27;[37m-->&amp#27;[39m &amp#27;[37mGET&amp#27;[39m &amp#27;[37m/wd/hub/session/8bc46446-73b9-46f3-8673-a9e1e5431af5/element/00000000-0000-0138-7fff-ffff000000ac/text&amp#27;[39m
&amp#27;[35m[HTTP]&amp#27;[39m &amp#27;[90m{}&amp#27;[39m
&amp#27;[35m[W3C (8bc46446)]&amp#27;[39m Driver proxy active, passing request on via HTTP proxy
[debug] &amp#27;[35m[WD Proxy]&amp#27;[39m Matched '/wd/hub/session/8bc46446-73b9-46f3-8673-a9e1e5431af5/element/00000000-0000-0138-7fff-ffff000000ac/text' to command name 'getText'
[debug] &amp#27;[35m[WD Proxy]&amp#27;[39m Proxying [GET /wd/hub/session/8bc46446-73b9-46f3-8673-a9e1e5431af5/element/00000000-0000-0138-7fff-ffff000000ac/text] to [GET http://127.0.0.1:8204/wd/hub/session/1ba6c3f2-83d8-4411-bd70-b85c0b3a5be5/element/00000000-0000-0138-7fff-ffff000000ac/text] with no body
[debug] &amp#27;[35m[WD Proxy]&amp#27;[39m Got response with status 200: {"sessionId":"1ba6c3f2-83d8-4411-bd70-b85c0b3a5be5","value":"You successfully signed up!"}
&amp#27;[35m[WD Proxy]&amp#27;[39m Replacing sessionId 1ba6c3f2-83d8-4411-bd70-b85c0b3a5be5 with 8bc46446-73b9-46f3-8673-a9e1e5431af5
&amp#27;[35m[HTTP]&amp#27;[39m &amp#27;[37m<-- GET /wd/hub/session/8bc46446-73b9-46f3-8673-a9e1e5431af5/element/00000000-0000-0138-7fff-ffff000000ac/text &amp#27;[39m&amp#27;[32m200&amp#27;[39m &amp#27;[90m21 ms - 90&amp#27;[39m
&amp#27;[35m[HTTP]&amp#27;[39m &amp#27;[90m&amp#27;[39m
&amp#27;[35m[HTTP]&amp#27;[39m &amp#27;[37m-->&amp#27;[39m &amp#27;[37mGET&amp#27;[39m &amp#27;[37m/wd/hub/session/8bc46446-73b9-46f3-8673-a9e1e5431af5/context&amp#27;[39m
&amp#27;[35m[HTTP]&amp#27;[39m &amp#27;[90m{}&amp#27;[39m
[debug] &amp#27;[35m[W3C (8bc46446)]&amp#27;[39m Calling AppiumDriver.getCurrentContext() with args: ["8bc46446-73b9-46f3-8673-a9e1e5431af5"]
[debug] &amp#27;[35m[W3C (8bc46446)]&amp#27;[39m Responding to client with driver.getCurrentContext() result: "NATIVE_APP"
&amp#27;[35m[HTTP]&amp#27;[39m &amp#27;[37m<-- GET /wd/hub/session/8bc46446-73b9-46f3-8673-a9e1e5431af5/context &amp#27;[39m&amp#27;[32m200&amp#27;[39m &amp#27;[90m1 ms - 22&amp#27;[39m
&amp#27;[35m[HTTP]&amp#27;[39m &amp#27;[90m&amp#27;[39m
&amp#27;[35m[HTTP]&amp#27;[39m &amp#27;[37m-->&amp#27;[39m &amp#27;[37mPOST&amp#27;[39m &amp#27;[37m/wd/hub/session/8bc46446-73b9-46f3-8673-a9e1e5431af5/element&amp#27;[39m
&amp#27;[35m[HTTP]&amp#27;[39m &amp#27;[90m{"using":"id","value":"android:id/button1"}&amp#27;[39m
[debug] &amp#27;[35m[W3C (8bc46446)]&amp#27;[39m Calling AppiumDriver.findElement() with args: ["id","android:id/button1","8bc46446-73b9-46f3-8673-a9e1e5431af5"]
[debug] &amp#27;[35m[BaseDriver]&amp#27;[39m Valid locator strategies for this request: xpath, id, class name, accessibility id, css selector, -android uiautomator
[debug] &amp#27;[35m[BaseDriver]&amp#27;[39m Waiting up to 30000 ms for condition
[debug] &amp#27;[35m[WD Proxy]&amp#27;[39m Matched '/element' to command name 'findElement'
[debug] &amp#27;[35m[WD Proxy]&amp#27;[39m Proxying [POST /element] to [POST http://127.0.0.1:8204/wd/hub/session/1ba6c3f2-83d8-4411-bd70-b85c0b3a5be5/element] with body: {"strategy":"id","selector":"android:id/button1","context":"","multiple":false}
[debug] &amp#27;[35m[WD Proxy]&amp#27;[39m Got response with status 200: {"sessionId":"1ba6c3f2-83d8-4411-bd70-b85c0b3a5be5","value":{"ELEMENT":"00000000-0000-0138-7fff-ffff000000b9","element-6066-11e4-a52e-4f735466cecf":"00000000-0000-0138-7fff-ffff000000b9"}}
[debug] &amp#27;[35m[W3C (8bc46446)]&amp#27;[39m Responding to client with driver.findElement() result: {"element-6066-11e4-a52e-4f735466cecf":"00000000-0000-0138-7fff-ffff000000b9","ELEMENT":"00000000-0000-0138-7fff-ffff000000b9"}
&amp#27;[35m[HTTP]&amp#27;[39m &amp#27;[37m<-- POST /wd/hub/session/8bc46446-73b9-46f3-8673-a9e1e5431af5/element &amp#27;[39m&amp#27;[32m200&amp#27;[39m &amp#27;[90m24 ms - 137&amp#27;[39m
&amp#27;[35m[HTTP]&amp#27;[39m &amp#27;[90m&amp#27;[39m
&amp#27;[35m[HTTP]&amp#27;[39m &amp#27;[37m-->&amp#27;[39m &amp#27;[37mGET&amp#27;[39m &amp#27;[37m/wd/hub/session/8bc46446-73b9-46f3-8673-a9e1e5431af5/element/00000000-0000-0138-7fff-ffff000000b9/displayed&amp#27;[39m
&amp#27;[35m[HTTP]&amp#27;[39m &amp#27;[90m{}&amp#27;[39m
[debug] &amp#27;[35m[W3C (8bc46446)]&amp#27;[39m Calling AppiumDriver.elementDisplayed() with args: ["00000000-0000-0138-7fff-ffff000000b9","8bc46446-73b9-46f3-8673-a9e1e5431af5"]
[debug] &amp#27;[35m[WD Proxy]&amp#27;[39m Matched '/element/00000000-0000-0138-7fff-ffff000000b9/attribute/displayed' to command name 'getAttribute'
[debug] &amp#27;[35m[WD Proxy]&amp#27;[39m Proxying [GET /element/00000000-0000-0138-7fff-ffff000000b9/attribute/displayed] to [GET http://127.0.0.1:8204/wd/hub/session/1ba6c3f2-83d8-4411-bd70-b85c0b3a5be5/element/00000000-0000-0138-7fff-ffff000000b9/attribute/displayed] with no body
[debug] &amp#27;[35m[WD Proxy]&amp#27;[39m Got response with status 200: {"sessionId":"1ba6c3f2-83d8-4411-bd70-b85c0b3a5be5","value":"true"}
[debug] &amp#27;[35m[W3C (8bc46446)]&amp#27;[39m Responding to client with driver.elementDisplayed() result: true
&amp#27;[35m[HTTP]&amp#27;[39m &amp#27;[37m<-- GET /wd/hub/session/8bc46446-73b9-46f3-8673-a9e1e5431af5/element/00000000-0000-0138-7fff-ffff000000b9/displayed &amp#27;[39m&amp#27;[32m200&amp#27;[39m &amp#27;[90m15 ms - 14&amp#27;[39m
&amp#27;[35m[HTTP]&amp#27;[39m &amp#27;[90m&amp#27;[39m
&amp#27;[35m[HTTP]&amp#27;[39m &amp#27;[37m-->&amp#27;[39m &amp#27;[37mGET&amp#27;[39m &amp#27;[37m/wd/hub/session/8bc46446-73b9-46f3-8673-a9e1e5431af5/context&amp#27;[39m
&amp#27;[35m[HTTP]&amp#27;[39m &amp#27;[90m{}&amp#27;[39m
[debug] &amp#27;[35m[W3C (8bc46446)]&amp#27;[39m Calling AppiumDriver.getCurrentContext() with args: ["8bc46446-73b9-46f3-8673-a9e1e5431af5"]
[debug] &amp#27;[35m[W3C (8bc46446)]&amp#27;[39m Responding to client with driver.getCurrentContext() result: "NATIVE_APP"
&amp#27;[35m[HTTP]&amp#27;[39m &amp#27;[37m<-- GET /wd/hub/session/8bc46446-73b9-46f3-8673-a9e1e5431af5/context &amp#27;[39m&amp#27;[32m200&amp#27;[39m &amp#27;[90m1 ms - 22&amp#27;[39m
&amp#27;[35m[HTTP]&amp#27;[39m &amp#27;[90m&amp#27;[39m
&amp#27;[35m[HTTP]&amp#27;[39m &amp#27;[37m-->&amp#27;[39m &amp#27;[37mPOST&amp#27;[39m &amp#27;[37m/wd/hub/session/8bc46446-73b9-46f3-8673-a9e1e5431af5/element&amp#27;[39m
&amp#27;[35m[HTTP]&amp#27;[39m &amp#27;[90m{"using":"id","value":"android:id/button1"}&amp#27;[39m
[debug] &amp#27;[35m[W3C (8bc46446)]&amp#27;[39m Calling AppiumDriver.findElement() with args: ["id","android:id/button1","8bc46446-73b9-46f3-8673-a9e1e5431af5"]
[debug] &amp#27;[35m[BaseDriver]&amp#27;[39m Valid locator strategies for this request: xpath, id, class name, accessibility id, css selector, -android uiautomator
[debug] &amp#27;[35m[BaseDriver]&amp#27;[39m Waiting up to 30000 ms for condition
[debug] &amp#27;[35m[WD Proxy]&amp#27;[39m Matched '/element' to command name 'findElement'
[debug] &amp#27;[35m[WD Proxy]&amp#27;[39m Proxying [POST /element] to [POST http://127.0.0.1:8204/wd/hub/session/1ba6c3f2-83d8-4411-bd70-b85c0b3a5be5/element] with body: {"strategy":"id","selector":"android:id/button1","context":"","multiple":false}
[debug] &amp#27;[35m[WD Proxy]&amp#27;[39m Got response with status 200: {"sessionId":"1ba6c3f2-83d8-4411-bd70-b85c0b3a5be5","value":{"ELEMENT":"00000000-0000-0138-7fff-ffff000000b9","element-6066-11e4-a52e-4f735466cecf":"00000000-0000-0138-7fff-ffff000000b9"}}
[debug] &amp#27;[35m[W3C (8bc46446)]&amp#27;[39m Responding to client with driver.findElement() result: {"element-6066-11e4-a52e-4f735466cecf":"00000000-0000-0138-7fff-ffff000000b9","ELEMENT":"00000000-0000-0138-7fff-ffff000000b9"}
&amp#27;[35m[HTTP]&amp#27;[39m &amp#27;[37m<-- POST /wd/hub/session/8bc46446-73b9-46f3-8673-a9e1e5431af5/element &amp#27;[39m&amp#27;[32m200&amp#27;[39m &amp#27;[90m19 ms - 137&amp#27;[39m
&amp#27;[35m[HTTP]&amp#27;[39m &amp#27;[90m&amp#27;[39m
&amp#27;[35m[HTTP]&amp#27;[39m &amp#27;[37m-->&amp#27;[39m &amp#27;[37mPOST&amp#27;[39m &amp#27;[37m/wd/hub/session/8bc46446-73b9-46f3-8673-a9e1e5431af5/element/00000000-0000-0138-7fff-ffff000000b9/click&amp#27;[39m
&amp#27;[35m[HTTP]&amp#27;[39m &amp#27;[90m{"id":"00000000-0000-0138-7fff-ffff000000b9"}&amp#27;[39m
[debug] &amp#27;[35m[W3C (8bc46446)]&amp#27;[39m Calling AppiumDriver.click() with args: ["00000000-0000-0138-7fff-ffff000000b9","8bc46446-73b9-46f3-8673-a9e1e5431af5"]
[debug] &amp#27;[35m[WD Proxy]&amp#27;[39m Matched '/element/00000000-0000-0138-7fff-ffff000000b9/click' to command name 'click'
[debug] &amp#27;[35m[WD Proxy]&amp#27;[39m Proxying [POST /element/00000000-0000-0138-7fff-ffff000000b9/click] to [POST http://127.0.0.1:8204/wd/hub/session/1ba6c3f2-83d8-4411-bd70-b85c0b3a5be5/element/00000000-0000-0138-7fff-ffff000000b9/click] with body: {"element":"00000000-0000-0138-7fff-ffff000000b9"}
[debug] &amp#27;[35m[WD Proxy]&amp#27;[39m Got response with status 200: {"sessionId":"1ba6c3f2-83d8-4411-bd70-b85c0b3a5be5","value":null}
[debug] &amp#27;[35m[W3C (8bc46446)]&amp#27;[39m Responding to client with driver.click() result: null
&amp#27;[35m[HTTP]&amp#27;[39m &amp#27;[37m<-- POST /wd/hub/session/8bc46446-73b9-46f3-8673-a9e1e5431af5/element/00000000-0000-0138-7fff-ffff000000b9/click &amp#27;[39m&amp#27;[32m200&amp#27;[39m &amp#27;[90m25 ms - 14&amp#27;[39m
&amp#27;[35m[HTTP]&amp#27;[39m &amp#27;[90m&amp#27;[39m
]]></system-out>
  </testcase>
</testsuite>