<?xml version="1.0" encoding="UTF-8"?>
<testsuite xmlns:xsi="http://www.w3.org/2001/XMLSchema-instance" xsi:noNamespaceSchemaLocation="https://maven.apache.org/surefire/maven-surefire-plugin/xsd/surefire-test-report-3.0.xsd" version="3.0" name="TestSuite" time="123.088" tests="6" errors="0" skipped="0" failures="0">
  <properties>
    <property name="sun.desktop" value="windows"/>
    <property name="awt.toolkit" value="sun.awt.windows.WToolkit"/>
    <property name="file.encoding.pkg" value="sun.io"/>
    <property name="java.specification.version" value="1.8"/>
    <property name="sun.cpu.isalist" value="amd64"/>
    <property name="sun.jnu.encoding" value="Cp1252"/>
    <property name="java.class.path" value="F:\Java-Mobile-Automation\FirstAppiumProject\target\test-classes;F:\Java-Mobile-Automation\FirstAppiumProject\target\classes;C:\Users\tungh\.m2\repository\io\appium\java-client\7.6.0\java-client-7.6.0.jar;C:\Users\tungh\.m2\repository\org\seleniumhq\selenium\selenium-java\3.141.59\selenium-java-3.141.59.jar;C:\Users\tungh\.m2\repository\org\seleniumhq\selenium\selenium-chrome-driver\3.141.59\selenium-chrome-driver-3.141.59.jar;C:\Users\tungh\.m2\repository\org\seleniumhq\selenium\selenium-edge-driver\3.141.59\selenium-edge-driver-3.141.59.jar;C:\Users\tungh\.m2\repository\org\seleniumhq\selenium\selenium-firefox-driver\3.141.59\selenium-firefox-driver-3.141.59.jar;C:\Users\tungh\.m2\repository\org\seleniumhq\selenium\selenium-ie-driver\3.141.59\selenium-ie-driver-3.141.59.jar;C:\Users\tungh\.m2\repository\org\seleniumhq\selenium\selenium-opera-driver\3.141.59\selenium-opera-driver-3.141.59.jar;C:\Users\tungh\.m2\repository\org\seleniumhq\selenium\selenium-remote-driver\3.141.59\selenium-remote-driver-3.141.59.jar;C:\Users\tungh\.m2\repository\org\seleniumhq\selenium\selenium-safari-driver\3.141.59\selenium-safari-driver-3.141.59.jar;C:\Users\tungh\.m2\repository\net\bytebuddy\byte-buddy\1.8.15\byte-buddy-1.8.15.jar;C:\Users\tungh\.m2\repository\org\apache\commons\commons-exec\1.3\commons-exec-1.3.jar;C:\Users\tungh\.m2\repository\com\google\guava\guava\25.0-jre\guava-25.0-jre.jar;C:\Users\tungh\.m2\repository\com\google\code\findbugs\jsr305\1.3.9\jsr305-1.3.9.jar;C:\Users\tungh\.m2\repository\org\checkerframework\checker-compat-qual\2.0.0\checker-compat-qual-2.0.0.jar;C:\Users\tungh\.m2\repository\com\google\errorprone\error_prone_annotations\2.1.3\error_prone_annotations-2.1.3.jar;C:\Users\tungh\.m2\repository\com\google\j2objc\j2objc-annotations\1.1\j2objc-annotations-1.1.jar;C:\Users\tungh\.m2\repository\org\codehaus\mojo\animal-sniffer-annotations\1.14\animal-sniffer-annotations-1.14.jar;C:\Users\tungh\.m2\repository\com\squareup\okhttp3\okhttp\3.11.0\okhttp-3.11.0.jar;C:\Users\tungh\.m2\repository\com\squareup\okio\okio\1.14.0\okio-1.14.0.jar;C:\Users\tungh\.m2\repository\org\seleniumhq\selenium\selenium-support\3.141.59\selenium-support-3.141.59.jar;C:\Users\tungh\.m2\repository\org\seleniumhq\selenium\selenium-api\3.141.59\selenium-api-3.141.59.jar;C:\Users\tungh\.m2\repository\com\google\code\gson\gson\2.8.8\gson-2.8.8.jar;C:\Users\tungh\.m2\repository\org\apache\httpcomponents\httpclient\4.5.13\httpclient-4.5.13.jar;C:\Users\tungh\.m2\repository\org\apache\httpcomponents\httpcore\4.4.13\httpcore-4.4.13.jar;C:\Users\tungh\.m2\repository\commons-logging\commons-logging\1.2\commons-logging-1.2.jar;C:\Users\tungh\.m2\repository\commons-codec\commons-codec\1.11\commons-codec-1.11.jar;C:\Users\tungh\.m2\repository\cglib\cglib\3.3.0\cglib-3.3.0.jar;C:\Users\tungh\.m2\repository\org\ow2\asm\asm\7.1\asm-7.1.jar;C:\Users\tungh\.m2\repository\commons-validator\commons-validator\1.7\commons-validator-1.7.jar;C:\Users\tungh\.m2\repository\commons-beanutils\commons-beanutils\1.9.4\commons-beanutils-1.9.4.jar;C:\Users\tungh\.m2\repository\commons-digester\commons-digester\2.1\commons-digester-2.1.jar;C:\Users\tungh\.m2\repository\commons-collections\commons-collections\3.2.2\commons-collections-3.2.2.jar;C:\Users\tungh\.m2\repository\org\apache\commons\commons-lang3\3.12.0\commons-lang3-3.12.0.jar;C:\Users\tungh\.m2\repository\org\springframework\spring-context\5.3.10\spring-context-5.3.10.jar;C:\Users\tungh\.m2\repository\org\springframework\spring-aop\5.3.10\spring-aop-5.3.10.jar;C:\Users\tungh\.m2\repository\org\springframework\spring-beans\5.3.10\spring-beans-5.3.10.jar;C:\Users\tungh\.m2\repository\org\springframework\spring-core\5.3.10\spring-core-5.3.10.jar;C:\Users\tungh\.m2\repository\org\springframework\spring-jcl\5.3.10\spring-jcl-5.3.10.jar;C:\Users\tungh\.m2\repository\org\springframework\spring-expression\5.3.10\spring-expression-5.3.10.jar;C:\Users\tungh\.m2\repository\org\aspectj\aspectjweaver\1.9.7\aspectjweaver-1.9.7.jar;C:\Users\tungh\.m2\repository\org\slf4j\slf4j-api\1.7.32\slf4j-api-1.7.32.jar;C:\Users\tungh\.m2\repository\org\testng\testng\7.4.0\testng-7.4.0.jar;C:\Users\tungh\.m2\repository\com\beust\jcommander\1.78\jcommander-1.78.jar;C:\Users\tungh\.m2\repository\org\webjars\jquery\3.5.1\jquery-3.5.1.jar;C:\Users\tungh\.m2\repository\org\json\json\20210307\json-20210307.jar;C:\Users\tungh\.m2\repository\commons-io\commons-io\2.11.0\commons-io-2.11.0.jar;"/>
    <property name="java.vm.vendor" value="Oracle Corporation"/>
    <property name="sun.arch.data.model" value="64"/>
    <property name="user.variant" value=""/>
    <property name="java.vendor.url" value="http://java.oracle.com/"/>
    <property name="user.timezone" value="Asia/Bangkok"/>
    <property name="suiteXmlFile" value="src/test/resources/test-suites/Regression.xml"/>
    <property name="java.vm.specification.version" value="1.8"/>
    <property name="os.name" value="Windows 10"/>
    <property name="user.country" value="US"/>
    <property name="sun.java.launcher" value="SUN_STANDARD"/>
    <property name="sun.boot.library.path" value="C:\Program Files\Java\jdk1.8.0_181\jre\bin"/>
    <property name="sun.java.command" value="C:\Users\tungh\AppData\Local\Temp\surefire466969246605622922\surefirebooter4739893511019505411.jar C:\Users\tungh\AppData\Local\Temp\surefire466969246605622922 2021-11-28T17-08-47_838-jvmRun1 surefire6266568075033854420tmp surefire_06108403248735366123tmp"/>
    <property name="surefire.test.class.path" value="F:\Java-Mobile-Automation\FirstAppiumProject\target\test-classes;F:\Java-Mobile-Automation\FirstAppiumProject\target\classes;C:\Users\tungh\.m2\repository\io\appium\java-client\7.6.0\java-client-7.6.0.jar;C:\Users\tungh\.m2\repository\org\seleniumhq\selenium\selenium-java\3.141.59\selenium-java-3.141.59.jar;C:\Users\tungh\.m2\repository\org\seleniumhq\selenium\selenium-chrome-driver\3.141.59\selenium-chrome-driver-3.141.59.jar;C:\Users\tungh\.m2\repository\org\seleniumhq\selenium\selenium-edge-driver\3.141.59\selenium-edge-driver-3.141.59.jar;C:\Users\tungh\.m2\repository\org\seleniumhq\selenium\selenium-firefox-driver\3.141.59\selenium-firefox-driver-3.141.59.jar;C:\Users\tungh\.m2\repository\org\seleniumhq\selenium\selenium-ie-driver\3.141.59\selenium-ie-driver-3.141.59.jar;C:\Users\tungh\.m2\repository\org\seleniumhq\selenium\selenium-opera-driver\3.141.59\selenium-opera-driver-3.141.59.jar;C:\Users\tungh\.m2\repository\org\seleniumhq\selenium\selenium-remote-driver\3.141.59\selenium-remote-driver-3.141.59.jar;C:\Users\tungh\.m2\repository\org\seleniumhq\selenium\selenium-safari-driver\3.141.59\selenium-safari-driver-3.141.59.jar;C:\Users\tungh\.m2\repository\net\bytebuddy\byte-buddy\1.8.15\byte-buddy-1.8.15.jar;C:\Users\tungh\.m2\repository\org\apache\commons\commons-exec\1.3\commons-exec-1.3.jar;C:\Users\tungh\.m2\repository\com\google\guava\guava\25.0-jre\guava-25.0-jre.jar;C:\Users\tungh\.m2\repository\com\google\code\findbugs\jsr305\1.3.9\jsr305-1.3.9.jar;C:\Users\tungh\.m2\repository\org\checkerframework\checker-compat-qual\2.0.0\checker-compat-qual-2.0.0.jar;C:\Users\tungh\.m2\repository\com\google\errorprone\error_prone_annotations\2.1.3\error_prone_annotations-2.1.3.jar;C:\Users\tungh\.m2\repository\com\google\j2objc\j2objc-annotations\1.1\j2objc-annotations-1.1.jar;C:\Users\tungh\.m2\repository\org\codehaus\mojo\animal-sniffer-annotations\1.14\animal-sniffer-annotations-1.14.jar;C:\Users\tungh\.m2\repository\com\squareup\okhttp3\okhttp\3.11.0\okhttp-3.11.0.jar;C:\Users\tungh\.m2\repository\com\squareup\okio\okio\1.14.0\okio-1.14.0.jar;C:\Users\tungh\.m2\repository\org\seleniumhq\selenium\selenium-support\3.141.59\selenium-support-3.141.59.jar;C:\Users\tungh\.m2\repository\org\seleniumhq\selenium\selenium-api\3.141.59\selenium-api-3.141.59.jar;C:\Users\tungh\.m2\repository\com\google\code\gson\gson\2.8.8\gson-2.8.8.jar;C:\Users\tungh\.m2\repository\org\apache\httpcomponents\httpclient\4.5.13\httpclient-4.5.13.jar;C:\Users\tungh\.m2\repository\org\apache\httpcomponents\httpcore\4.4.13\httpcore-4.4.13.jar;C:\Users\tungh\.m2\repository\commons-logging\commons-logging\1.2\commons-logging-1.2.jar;C:\Users\tungh\.m2\repository\commons-codec\commons-codec\1.11\commons-codec-1.11.jar;C:\Users\tungh\.m2\repository\cglib\cglib\3.3.0\cglib-3.3.0.jar;C:\Users\tungh\.m2\repository\org\ow2\asm\asm\7.1\asm-7.1.jar;C:\Users\tungh\.m2\repository\commons-validator\commons-validator\1.7\commons-validator-1.7.jar;C:\Users\tungh\.m2\repository\commons-beanutils\commons-beanutils\1.9.4\commons-beanutils-1.9.4.jar;C:\Users\tungh\.m2\repository\commons-digester\commons-digester\2.1\commons-digester-2.1.jar;C:\Users\tungh\.m2\repository\commons-collections\commons-collections\3.2.2\commons-collections-3.2.2.jar;C:\Users\tungh\.m2\repository\org\apache\commons\commons-lang3\3.12.0\commons-lang3-3.12.0.jar;C:\Users\tungh\.m2\repository\org\springframework\spring-context\5.3.10\spring-context-5.3.10.jar;C:\Users\tungh\.m2\repository\org\springframework\spring-aop\5.3.10\spring-aop-5.3.10.jar;C:\Users\tungh\.m2\repository\org\springframework\spring-beans\5.3.10\spring-beans-5.3.10.jar;C:\Users\tungh\.m2\repository\org\springframework\spring-core\5.3.10\spring-core-5.3.10.jar;C:\Users\tungh\.m2\repository\org\springframework\spring-jcl\5.3.10\spring-jcl-5.3.10.jar;C:\Users\tungh\.m2\repository\org\springframework\spring-expression\5.3.10\spring-expression-5.3.10.jar;C:\Users\tungh\.m2\repository\org\aspectj\aspectjweaver\1.9.7\aspectjweaver-1.9.7.jar;C:\Users\tungh\.m2\repository\org\slf4j\slf4j-api\1.7.32\slf4j-api-1.7.32.jar;C:\Users\tungh\.m2\repository\org\testng\testng\7.4.0\testng-7.4.0.jar;C:\Users\tungh\.m2\repository\com\beust\jcommander\1.78\jcommander-1.78.jar;C:\Users\tungh\.m2\repository\org\webjars\jquery\3.5.1\jquery-3.5.1.jar;C:\Users\tungh\.m2\repository\org\json\json\20210307\json-20210307.jar;C:\Users\tungh\.m2\repository\commons-io\commons-io\2.11.0\commons-io-2.11.0.jar;"/>
    <property name="sun.cpu.endian" value="little"/>
    <property name="user.home" value="C:\Users\tungh"/>
    <property name="user.language" value="en"/>
    <property name="java.specification.vendor" value="Oracle Corporation"/>
    <property name="java.home" value="C:\Program Files\Java\jdk1.8.0_181\jre"/>
    <property name="basedir" value="F:\Java-Mobile-Automation\FirstAppiumProject"/>
    <property name="file.separator" value="\"/>
    <property name="line.separator" value="&#10;"/>
    <property name="java.vm.specification.vendor" value="Oracle Corporation"/>
    <property name="java.specification.name" value="Java Platform API Specification"/>
    <property name="java.awt.graphicsenv" value="sun.awt.Win32GraphicsEnvironment"/>
    <property name="surefire.real.class.path" value="C:\Users\tungh\AppData\Local\Temp\surefire466969246605622922\surefirebooter4739893511019505411.jar"/>
    <property name="sun.boot.class.path" value="C:\Program Files\Java\jdk1.8.0_181\jre\lib\resources.jar;C:\Program Files\Java\jdk1.8.0_181\jre\lib\rt.jar;C:\Program Files\Java\jdk1.8.0_181\jre\lib\sunrsasign.jar;C:\Program Files\Java\jdk1.8.0_181\jre\lib\jsse.jar;C:\Program Files\Java\jdk1.8.0_181\jre\lib\jce.jar;C:\Program Files\Java\jdk1.8.0_181\jre\lib\charsets.jar;C:\Program Files\Java\jdk1.8.0_181\jre\lib\jfr.jar;C:\Program Files\Java\jdk1.8.0_181\jre\classes"/>
    <property name="user.script" value=""/>
    <property name="sun.management.compiler" value="HotSpot 64-Bit Tiered Compilers"/>
    <property name="java.runtime.version" value="1.8.0_181-b13"/>
    <property name="user.name" value="tungh"/>
    <property name="path.separator" value=";"/>
    <property name="os.version" value="10.0"/>
    <property name="java.endorsed.dirs" value="C:\Program Files\Java\jdk1.8.0_181\jre\lib\endorsed"/>
    <property name="java.runtime.name" value="Java(TM) SE Runtime Environment"/>
    <property name="file.encoding" value="Cp1252"/>
    <property name="java.vm.name" value="Java HotSpot(TM) 64-Bit Server VM"/>
    <property name="localRepository" value="C:\Users\tungh\.m2\repository"/>
    <property name="java.vendor.url.bug" value="http://bugreport.sun.com/bugreport/"/>
    <property name="java.io.tmpdir" value="C:\Users\tungh\AppData\Local\Temp\"/>
    <property name="java.version" value="1.8.0_181"/>
    <property name="user.dir" value="F:\Java-Mobile-Automation\FirstAppiumProject"/>
    <property name="os.arch" value="amd64"/>
    <property name="java.vm.specification.name" value="Java Virtual Machine Specification"/>
    <property name="java.awt.printerjob" value="sun.awt.windows.WPrinterJob"/>
    <property name="sun.os.patch.level" value=""/>
    <property name="java.library.path" value="C:\Program Files\Java\jdk1.8.0_181\jre\bin;C:\WINDOWS\Sun\Java\bin;C:\WINDOWS\system32;C:\WINDOWS;C:\Program Files (x86)\VMware\VMware Workstation\bin\;C:\Python310\Scripts\;C:\Python310\;C:\Program Files (x86)\Common Files\Oracle\Java\javapath;C:\Program Files (x86)\Razer Chroma SDK\bin;C:\Program Files\Razer Chroma SDK\bin;C:\apache-maven-3.8.1\bin;C:\Program Files\Python;C:\Program Files\Python\Scripts;C:\Windows\system32;C:\Users\tungh\AppData\Roaming\Python\Python39\Scripts;C:\Windows;C:\Windows\System32\Wbem;C:\Windows\System32\WindowsPowerShell\v1.0\;C:\Windows\System32\OpenSSH\;C:\Program Files (x86)\NVIDIA Corporation\PhysX\Common;C:\Program Files\NVIDIA Corporation\NVIDIA NvDLISR;C:\Program Files\Microsoft SQL Server\130\Tools\Binn\;C:\Program Files\Microsoft SQL Server\Client SDK\ODBC\170\Tools\Binn\;C:\Windows\system32\config\systemprofile\AppData\Local\Microsoft\WindowsApps;C:\Program Files (x86)\Razer\ChromaBroadcast\bin;C:\Program Files\Razer\ChromaBroadcast\bin;C:\Users\tungh\AppData\Local\Microsoft\WindowsApps;C:\Users\tungh\AppData\Local\Programs\Microsoft VS Code\bin;C:\Users\tungh\.dotnet\tools;C:\Program Files\JetBrains\PyCharm Community Edition 2021.1\bin;C:\Program Files\dotnet\;C:\Program Files (x86)\dotnet\;C:\Program Files\Java\jdk1.8.0_181\bin;C:\Program Files\Java\scripts;C:\WINDOWS\system32;C:\WINDOWS;C:\WINDOWS\System32\Wbem;C:\WINDOWS\System32\WindowsPowerShell\v1.0\;C:\WINDOWS\System32\OpenSSH\;C:\Gradle\gradle-7.2\bin;C:\Android\sdk\cmdline-tools\tools\bin;C:\Android\sdk\tools\bin;C:\Android\sdk\platform-tools;C:\Android\sdk\emulator;C:\Program Files\nodejs\;C:\ProgramData\chocolatey\bin;C:\apache-maven-3.8.3\bin;automation-user;RWoH31Pw6Max;2FVB3DuheKTSjhzSr4zo;C:\Program Files\Git\cmd;C:\Users\tungh\AppData\Local\Programs\Python\Python39-32\Scripts\;C:\Users\tungh\AppData\Local\Programs\Python\Python39-32\;C:\Users\tungh\AppData\Local\Microsoft\WindowsApps;C:\Users\tungh\AppData\Local\Programs\Microsoft VS Code\bin;C:\Program Files\JetBrains\PyCharm Community Edition 2021.1.3\bin;;C:\Users\tungh\.dotnet\tools;C:\Program Files\JetBrains\PhpStorm 2021.2.1\bin;;C:\Program Files\heroku\bin;C:\Users\tungh\AppData\Roaming\npm;C:\Program Files\TestProject Agent;."/>
    <property name="java.vm.info" value="mixed mode"/>
    <property name="java.vendor" value="Oracle Corporation"/>
    <property name="java.vm.version" value="25.181-b13"/>
    <property name="java.ext.dirs" value="C:\Program Files\Java\jdk1.8.0_181\jre\lib\ext;C:\WINDOWS\Sun\Java\lib\ext"/>
    <property name="sun.io.unicode.encoding" value="UnicodeLittle"/>
    <property name="java.class.version" value="52.0"/>
  </properties>
  <testcase name="loginWithInvalidEmail" classname="TestNG.TestLoginPage.LoginTest" time="7.082">
    <system-out><![CDATA[&amp#27;[35m[Appium]&amp#27;[39m Welcome to Appium v1.22.0
&amp#27;[35m[Appium]&amp#27;[39m Non-default server args:
&amp#27;[35m[Appium]&amp#27;[39m   address: 127.0.0.1
&amp#27;[35m[Appium]&amp#27;[39m   port: 30781
&amp#27;[35m[Appium]&amp#27;[39m   allowInsecure: {
&amp#27;[35m[Appium]&amp#27;[39m     0: chromedriver_autodownload
&amp#27;[35m[Appium]&amp#27;[39m   }
&amp#27;[35m[Appium]&amp#27;[39m Appium REST http interface listener started on 127.0.0.1:30781
&amp#27;[35m[HTTP]&amp#27;[39m &amp#27;[37m-->&amp#27;[39m &amp#27;[37mGET&amp#27;[39m &amp#27;[37m/wd/hub/status&amp#27;[39m
&amp#27;[35m[HTTP]&amp#27;[39m &amp#27;[90m{}&amp#27;[39m
[debug] &amp#27;[35m[GENERIC]&amp#27;[39m Calling AppiumDriver.getStatus() with args: []
[debug] &amp#27;[35m[GENERIC]&amp#27;[39m Responding to client with driver.getStatus() result: {"build":{"version":"1.22.0"}}
&amp#27;[35m[HTTP]&amp#27;[39m &amp#27;[37m<-- GET /wd/hub/status &amp#27;[39m&amp#27;[32m200&amp#27;[39m &amp#27;[90m5 ms - 68&amp#27;[39m
&amp#27;[35m[HTTP]&amp#27;[39m &amp#27;[90m&amp#27;[39m
[debug] &amp#27;[35m[HTTP]&amp#27;[39m Request idempotency key: 67609eb6-a7a1-40cd-b560-0afb8e4e4f2f
&amp#27;[35m[HTTP]&amp#27;[39m &amp#27;[37m-->&amp#27;[39m &amp#27;[37mPOST&amp#27;[39m &amp#27;[37m/wd/hub/session&amp#27;[39m
&amp#27;[35m[HTTP]&amp#27;[39m &amp#27;[90m{"desiredCapabilities":{"appActivity":"com.wdiodemoapp.MainActivity","appPackage":"com.wdiodemoapp","avdLaunchTimeout":120000,"newCommandTimeout":120,"automationName":"UiAutomator2","platformName":"Android","udid":"05157df58940201b","deviceName":"S6 Edge"},"capabilities":{"firstMatch":[{"appium:appActivity":"com.wdiodemoapp.MainActivity","appium:appPackage":"com.wdiodemoapp","appium:automationName":"UiAutomator2","appium:avdLaunchTimeout":120000,"appium:deviceName":"S6 Edge","appium:newCommandTimeout":120,"platformName":"android","appium:udid":"05157df58940201b"}]}}&amp#27;[39m
[debug] &amp#27;[35m[W3C]&amp#27;[39m Calling AppiumDriver.createSession() with args: [{"appActivity":"com.wdiodemoapp.MainActivity","appPackage":"com.wdiodemoapp","avdLaunchTimeout":120000,"newCommandTimeout":120,"automationName":"UiAutomator2","platformName":"Android","udid":"05157df58940201b","deviceName":"S6 Edge"},null,{"firstMatch":[{"appium:appActivity":"com.wdiodemoapp.MainActivity","appium:appPackage":"com.wdiodemoapp","appium:automationName":"UiAutomator2","appium:avdLaunchTimeout":120000,"appium:deviceName":"S6 Edge","appium:newCommandTimeout":120,"platformName":"android","appium:udid":"05157df58940201b"}]}]
[debug] &amp#27;[35m[BaseDriver]&amp#27;[39m Event 'newSessionRequested' logged at 1638094133038 (17:08:53 GMT+0700 (Indochina Time))
&amp#27;[35m[Appium]&amp#27;[39m Appium v1.22.0 creating new AndroidUiautomator2Driver (v1.69.0) session
&amp#27;[35m[Appium]&amp#27;[39m Explicitly enabling use of insecure features:
&amp#27;[35m[Appium]&amp#27;[39m     chromedriver_autodownload
[debug] &amp#27;[35m[BaseDriver]&amp#27;[39m W3C capabilities and MJSONWP desired capabilities were provided
[debug] &amp#27;[35m[BaseDriver]&amp#27;[39m Creating session with W3C capabilities: {
[debug] &amp#27;[35m[BaseDriver]&amp#27;[39m   "alwaysMatch": {
[debug] &amp#27;[35m[BaseDriver]&amp#27;[39m     "platformName": "android",
[debug] &amp#27;[35m[BaseDriver]&amp#27;[39m     "appium:appActivity": "com.wdiodemoapp.MainActivity",
[debug] &amp#27;[35m[BaseDriver]&amp#27;[39m     "appium:appPackage": "com.wdiodemoapp",
[debug] &amp#27;[35m[BaseDriver]&amp#27;[39m     "appium:automationName": "UiAutomator2",
[debug] &amp#27;[35m[BaseDriver]&amp#27;[39m     "appium:avdLaunchTimeout": 120000,
[debug] &amp#27;[35m[BaseDriver]&amp#27;[39m     "appium:deviceName": "S6 Edge",
[debug] &amp#27;[35m[BaseDriver]&amp#27;[39m     "appium:newCommandTimeout": 120,
[debug] &amp#27;[35m[BaseDriver]&amp#27;[39m     "appium:udid": "05157df58940201b"
[debug] &amp#27;[35m[BaseDriver]&amp#27;[39m   },
[debug] &amp#27;[35m[BaseDriver]&amp#27;[39m   "firstMatch": [
[debug] &amp#27;[35m[BaseDriver]&amp#27;[39m     {}
[debug] &amp#27;[35m[BaseDriver]&amp#27;[39m   ]
[debug] &amp#27;[35m[BaseDriver]&amp#27;[39m }
&amp#27;[35m[BaseDriver]&amp#27;[39m Session created with session id: 46befbd9-2dc4-4ba2-82d3-2455fdc9676b
&amp#27;[35m[UiAutomator2]&amp#27;[39m Starting 'com.wdiodemoapp' directly on the device
&amp#27;[35m[ADB]&amp#27;[39m Found 1 'build-tools' folders under 'C:\Android\sdk' (newest first):
&amp#27;[35m[ADB]&amp#27;[39m     C:/Android/sdk/build-tools/31.0.0
&amp#27;[35m[ADB]&amp#27;[39m Using 'adb.exe' from 'C:\Android\sdk\platform-tools\adb.exe'
[debug] &amp#27;[35m[ADB]&amp#27;[39m Running 'C:\Android\sdk\platform-tools\adb.exe -P 5037 start-server'
&amp#27;[35m[AndroidDriver]&amp#27;[39m Retrieving device list
[debug] &amp#27;[35m[ADB]&amp#27;[39m Trying to find a connected android device
[debug] &amp#27;[35m[ADB]&amp#27;[39m Getting connected devices
[debug] &amp#27;[35m[ADB]&amp#27;[39m Connected devices: [{"udid":"05157df58940201b","state":"device"}]
&amp#27;[35m[AndroidDriver]&amp#27;[39m Using device: 05157df58940201b
&amp#27;[35m[ADB]&amp#27;[39m Using 'adb.exe' from 'C:\Android\sdk\platform-tools\adb.exe'
[debug] &amp#27;[35m[ADB]&amp#27;[39m Running 'C:\Android\sdk\platform-tools\adb.exe -P 5037 start-server'
[debug] &amp#27;[35m[ADB]&amp#27;[39m Setting device id to 05157df58940201b
[debug] &amp#27;[35m[ADB]&amp#27;[39m Running 'C:\Android\sdk\platform-tools\adb.exe -P 5037 -s 05157df58940201b shell getprop ro.build.version.sdk'
[debug] &amp#27;[35m[ADB]&amp#27;[39m Current device property 'ro.build.version.sdk': 24
[debug] &amp#27;[35m[ADB]&amp#27;[39m Device API level: 24
&amp#27;[35m[AndroidDriver]&amp#27;[39m No app sent in, not parsing package/activity
[debug] &amp#27;[35m[ADB]&amp#27;[39m Running 'C:\Android\sdk\platform-tools\adb.exe -P 5037 -s 05157df58940201b wait-for-device'
[debug] &amp#27;[35m[ADB]&amp#27;[39m Running 'C:\Android\sdk\platform-tools\adb.exe -P 5037 -s 05157df58940201b shell echo ping'
[debug] &amp#27;[35m[AndroidDriver]&amp#27;[39m Pushing settings apk to device...
[debug] &amp#27;[35m[ADB]&amp#27;[39m Getting install status for io.appium.settings
[debug] &amp#27;[35m[ADB]&amp#27;[39m Running 'C:\Android\sdk\platform-tools\adb.exe -P 5037 -s 05157df58940201b shell dumpsys package io.appium.settings'
[debug] &amp#27;[35m[ADB]&amp#27;[39m 'io.appium.settings' is installed
[debug] &amp#27;[35m[ADB]&amp#27;[39m Getting package info for 'io.appium.settings'
[debug] &amp#27;[35m[ADB]&amp#27;[39m Running 'C:\Android\sdk\platform-tools\adb.exe -P 5037 -s 05157df58940201b shell dumpsys package io.appium.settings'
[debug] &amp#27;[35m[ADB]&amp#27;[39m The version name of the installed 'io.appium.settings' is greater or equal to the application version name ('3.4.0' >= '3.4.0')
[debug] &amp#27;[35m[ADB]&amp#27;[39m There is no need to install/upgrade 'C:\Users\tungh\AppData\Roaming\npm\node_modules\appium\node_modules\io.appium.settings\apks\settings_apk-debug.apk'
[debug] &amp#27;[35m[ADB]&amp#27;[39m Getting IDs of all 'io.appium.settings' processes
[debug] &amp#27;[35m[ADB]&amp#27;[39m Running 'C:\Android\sdk\platform-tools\adb.exe -P 5037 -s 05157df58940201b shell 'pgrep --help; echo $?''
[debug] &amp#27;[35m[ADB]&amp#27;[39m Running 'C:\Android\sdk\platform-tools\adb.exe -P 5037 -s 05157df58940201b shell 'pgrep ^appium\\.settings$ || pgrep ^io\\.appium\\.setti$''
[debug] &amp#27;[35m[AndroidDriver]&amp#27;[39m io.appium.settings is already running. There is no need to reset its permissions.
[debug] &amp#27;[35m[ADB]&amp#27;[39m Running 'C:\Android\sdk\platform-tools\adb.exe -P 5037 -s 05157df58940201b shell appops set io.appium.settings android:mock_location allow'
[debug] &amp#27;[35m[Logcat]&amp#27;[39m Starting logs capture with command: C:\\Android\\sdk\\platform-tools\\adb.exe -P 5037 -s 05157df58940201b logcat -v threadtime
[debug] &amp#27;[35m[UiAutomator2]&amp#27;[39m Forwarding UiAutomator2 Server port 6790 to local port 8204
[debug] &amp#27;[35m[ADB]&amp#27;[39m Forwarding system: 8204 to device: 6790
[debug] &amp#27;[35m[ADB]&amp#27;[39m Running 'C:\Android\sdk\platform-tools\adb.exe -P 5037 -s 05157df58940201b forward tcp:8204 tcp:6790'
[debug] &amp#27;[35m[ADB]&amp#27;[39m Getting install status for io.appium.uiautomator2.server
[debug] &amp#27;[35m[ADB]&amp#27;[39m Running 'C:\Android\sdk\platform-tools\adb.exe -P 5037 -s 05157df58940201b shell dumpsys package io.appium.uiautomator2.server'
[debug] &amp#27;[35m[ADB]&amp#27;[39m 'io.appium.uiautomator2.server' is installed
[debug] &amp#27;[35m[ADB]&amp#27;[39m Getting package info for 'io.appium.uiautomator2.server'
[debug] &amp#27;[35m[ADB]&amp#27;[39m Running 'C:\Android\sdk\platform-tools\adb.exe -P 5037 -s 05157df58940201b shell dumpsys package io.appium.uiautomator2.server'
[debug] &amp#27;[35m[ADB]&amp#27;[39m The version name of the installed 'io.appium.uiautomator2.server' is greater or equal to the application version name ('4.24.0' >= '4.24.0')
[debug] &amp#27;[35m[UiAutomator2]&amp#27;[39m io.appium.uiautomator2.server installation state: sameVersionInstalled
[debug] &amp#27;[35m[ADB]&amp#27;[39m Checking app cert for C:\Users\tungh\AppData\Roaming\npm\node_modules\appium\node_modules\appium-uiautomator2-server\apks\appium-uiautomator2-server-v4.24.0.apk
&amp#27;[35m[ADB]&amp#27;[39m Using 'apksigner.jar' from 'C:\Android\sdk\build-tools\31.0.0\lib\apksigner.jar'
[debug] &amp#27;[35m[ADB]&amp#27;[39m Starting apksigner: 'C:\\Program Files\\Java\\jdk1.8.0_181\\bin\\java.exe' -Xmx1024M -Xss1m -jar C:\\Android\\sdk\\build-tools\\31.0.0\\lib\\apksigner.jar verify --print-certs C:\\Users\\tungh\\AppData\\Roaming\\npm\\node_modules\\appium\\node_modules\\appium-uiautomator2-server\\apks\\appium-uiautomator2-server-v4.24.0.apk
[debug] &amp#27;[35m[ADB]&amp#27;[39m apksigner stdout: Signer #1 certificate DN: EMAILADDRESS=android@android.com, CN=Android, OU=Android, O=Android, L=Mountain View, ST=California, C=US
[debug] &amp#27;[35m[ADB]&amp#27;[39m Signer #1 certificate SHA-256 digest: a40da80a59d170caa950cf15c18c454d47a39b26989d8b640ecd745ba71bf5dc
[debug] &amp#27;[35m[ADB]&amp#27;[39m Signer #1 certificate SHA-1 digest: 61ed377e85d386a8dfee6b864bd85b0bfaa5af81
[debug] &amp#27;[35m[ADB]&amp#27;[39m Signer #1 certificate MD5 digest: e89b158e4bcf988ebd09eb83f5378e87
[debug] &amp#27;[35m[ADB]&amp#27;[39m 
[debug] &amp#27;[35m[ADB]&amp#27;[39m sha256 hash did match for 'appium-uiautomator2-server-v4.24.0.apk'
&amp#27;[35m[ADB]&amp#27;[39m 'C:\Users\tungh\AppData\Roaming\npm\node_modules\appium\node_modules\appium-uiautomator2-server\apks\appium-uiautomator2-server-v4.24.0.apk' is signed with the default certificate
[debug] &amp#27;[35m[ADB]&amp#27;[39m Getting install status for io.appium.uiautomator2.server.test
[debug] &amp#27;[35m[ADB]&amp#27;[39m Running 'C:\Android\sdk\platform-tools\adb.exe -P 5037 -s 05157df58940201b shell dumpsys package io.appium.uiautomator2.server.test'
[debug] &amp#27;[35m[ADB]&amp#27;[39m 'io.appium.uiautomator2.server.test' is installed
[debug] &amp#27;[35m[ADB]&amp#27;[39m Checking app cert for C:\Users\tungh\AppData\Roaming\npm\node_modules\appium\node_modules\appium-uiautomator2-server\apks\appium-uiautomator2-server-debug-androidTest.apk
[debug] &amp#27;[35m[ADB]&amp#27;[39m Starting apksigner: 'C:\\Program Files\\Java\\jdk1.8.0_181\\bin\\java.exe' -Xmx1024M -Xss1m -jar C:\\Android\\sdk\\build-tools\\31.0.0\\lib\\apksigner.jar verify --print-certs C:\\Users\\tungh\\AppData\\Roaming\\npm\\node_modules\\appium\\node_modules\\appium-uiautomator2-server\\apks\\appium-uiautomator2-server-debug-androidTest.apk
[debug] &amp#27;[35m[ADB]&amp#27;[39m apksigner stdout: Signer #1 certificate DN: EMAILADDRESS=android@android.com, CN=Android, OU=Android, O=Android, L=Mountain View, ST=California, C=US
[debug] &amp#27;[35m[ADB]&amp#27;[39m Signer #1 certificate SHA-256 digest: a40da80a59d170caa950cf15c18c454d47a39b26989d8b640ecd745ba71bf5dc
[debug] &amp#27;[35m[ADB]&amp#27;[39m Signer #1 certificate SHA-1 digest: 61ed377e85d386a8dfee6b864bd85b0bfaa5af81
[debug] &amp#27;[35m[ADB]&amp#27;[39m Signer #1 certificate MD5 digest: e89b158e4bcf988ebd09eb83f5378e87
[debug] &amp#27;[35m[ADB]&amp#27;[39m 
[debug] &amp#27;[35m[ADB]&amp#27;[39m sha256 hash did match for 'appium-uiautomator2-server-debug-androidTest.apk'
&amp#27;[35m[ADB]&amp#27;[39m 'C:\Users\tungh\AppData\Roaming\npm\node_modules\appium\node_modules\appium-uiautomator2-server\apks\appium-uiautomator2-server-debug-androidTest.apk' is signed with the default certificate
&amp#27;[35m[UiAutomator2]&amp#27;[39m Server packages are not going to be (re)installed
[debug] &amp#27;[35m[UiAutomator2]&amp#27;[39m Waiting up to 30000ms for services to be available
[debug] &amp#27;[35m[ADB]&amp#27;[39m Running 'C:\Android\sdk\platform-tools\adb.exe -P 5037 -s 05157df58940201b shell pm list instrumentation'
[debug] &amp#27;[35m[UiAutomator2]&amp#27;[39m Instrumentation target 'io.appium.uiautomator2.server.test/androidx.test.runner.AndroidJUnitRunner' is available
&amp#27;[35m[ADB]&amp#27;[39m Adding packages ["io.appium.settings","io.appium.uiautomator2.server","io.appium.uiautomator2.server.test"] to Doze whitelist
[debug] &amp#27;[35m[ADB]&amp#27;[39m Got the following command chunks to execute: [["dumpsys","deviceidle","whitelist","+io.appium.settings",";","dumpsys","deviceidle","whitelist","+io.appium.uiautomator2.server",";","dumpsys","deviceidle","whitelist","+io.appium.uiautomator2.server.test",";"]]
[debug] &amp#27;[35m[ADB]&amp#27;[39m Running 'C:\Android\sdk\platform-tools\adb.exe -P 5037 -s 05157df58940201b shell dumpsys deviceidle whitelist +io.appium.settings ; dumpsys deviceidle whitelist +io.appium.uiautomator2.server ; dumpsys deviceidle whitelist +io.appium.uiautomator2.server.test ;'
[debug] &amp#27;[35m[UiAutomator2]&amp#27;[39m No app capability. Assuming it is already on the device
[debug] &amp#27;[35m[ADB]&amp#27;[39m Getting install status for com.wdiodemoapp
[debug] &amp#27;[35m[ADB]&amp#27;[39m Running 'C:\Android\sdk\platform-tools\adb.exe -P 5037 -s 05157df58940201b shell dumpsys package com.wdiodemoapp'
[debug] &amp#27;[35m[ADB]&amp#27;[39m 'com.wdiodemoapp' is installed
[debug] &amp#27;[35m[ADB]&amp#27;[39m Running 'C:\Android\sdk\platform-tools\adb.exe -P 5037 -s 05157df58940201b shell am force-stop com.wdiodemoapp'
[debug] &amp#27;[35m[ADB]&amp#27;[39m Running 'C:\Android\sdk\platform-tools\adb.exe -P 5037 -s 05157df58940201b shell pm clear com.wdiodemoapp'
[debug] &amp#27;[35m[AndroidDriver]&amp#27;[39m Performed fast reset on the installed 'com.wdiodemoapp' application (stop and clear)
[debug] &amp#27;[35m[UiAutomator2]&amp#27;[39m Performing shallow cleanup of automation leftovers
[debug] &amp#27;[35m[UiAutomator2]&amp#27;[39m The following obsolete sessions are still running: ["45a7e1bd-20af-49f2-a1e6-663ba8311130"]
[debug] &amp#27;[35m[UiAutomator2]&amp#27;[39m Cleaning up 1 obsolete session
[debug] &amp#27;[35m[ADB]&amp#27;[39m Running 'C:\Android\sdk\platform-tools\adb.exe -P 5037 -s 05157df58940201b shell am force-stop io.appium.uiautomator2.server.test'
&amp#27;[35m[UiAutomator2]&amp#27;[39m Starting UIAutomator2 server 4.24.0
&amp#27;[35m[UiAutomator2]&amp#27;[39m Using UIAutomator2 server from 'C:\Users\tungh\AppData\Roaming\npm\node_modules\appium\node_modules\appium-uiautomator2-server\apks\appium-uiautomator2-server-v4.24.0.apk' and test from 'C:\Users\tungh\AppData\Roaming\npm\node_modules\appium\node_modules\appium-uiautomator2-server\apks\appium-uiautomator2-server-debug-androidTest.apk'
&amp#27;[35m[UiAutomator2]&amp#27;[39m Waiting up to 30000ms for UiAutomator2 to be online...
[debug] &amp#27;[35m[ADB]&amp#27;[39m Creating ADB subprocess with args: ["-P",5037,"-s","05157df58940201b","shell","am","instrument","-w","-e","disableAnalytics",true,"io.appium.uiautomator2.server.test/androidx.test.runner.AndroidJUnitRunner"]
[debug] &amp#27;[35m[WD Proxy]&amp#27;[39m Matched '/status' to command name 'getStatus'
[debug] &amp#27;[35m[WD Proxy]&amp#27;[39m Proxying [GET /status] to [GET http://127.0.0.1:8204/wd/hub/status] with no body
&amp#27;[35m[WD Proxy]&amp#27;[39m socket hang up
[debug] &amp#27;[35m[WD Proxy]&amp#27;[39m Matched '/status' to command name 'getStatus'
[debug] &amp#27;[35m[WD Proxy]&amp#27;[39m Proxying [GET /status] to [GET http://127.0.0.1:8204/wd/hub/status] with no body
&amp#27;[35m[WD Proxy]&amp#27;[39m socket hang up
[debug] &amp#27;[35m[Instrumentation]&amp#27;[39m io.appium.uiautomator2.server.test.AppiumUiAutomator2Server:
[debug] &amp#27;[35m[WD Proxy]&amp#27;[39m Matched '/status' to command name 'getStatus'
[debug] &amp#27;[35m[WD Proxy]&amp#27;[39m Proxying [GET /status] to [GET http://127.0.0.1:8204/wd/hub/status] with no body
&amp#27;[35m[WD Proxy]&amp#27;[39m socket hang up
[debug] &amp#27;[35m[WD Proxy]&amp#27;[39m Matched '/status' to command name 'getStatus'
[debug] &amp#27;[35m[WD Proxy]&amp#27;[39m Proxying [GET /status] to [GET http://127.0.0.1:8204/wd/hub/status] with no body
[debug] &amp#27;[35m[WD Proxy]&amp#27;[39m Got response with status 200: {"sessionId":"None","value":{"message":"UiAutomator2 Server is ready to accept commands","ready":true}}
[debug] &amp#27;[35m[UiAutomator2]&amp#27;[39m The initialization of the instrumentation process took 3090ms
[debug] &amp#27;[35m[WD Proxy]&amp#27;[39m Matched '/session' to command name 'createSession'
[debug] &amp#27;[35m[WD Proxy]&amp#27;[39m Proxying [POST /session] to [POST http://127.0.0.1:8204/wd/hub/session] with body: {"capabilities":{"firstMatch":[{"platform":"LINUX","webStorageEnabled":false,"takesScreenshot":true,"javascriptEnabled":true,"databaseEnabled":false,"networkConnectionEnabled":true,"locationContextEnabled":false,"warnings":{},"desired":{"platformName":"android","appActivity":"com.wdiodemoapp.MainActivity","appPackage":"com.wdiodemoapp","automationName":"UiAutomator2","avdLaunchTimeout":120000,"deviceName":"S6 Edge","newCommandTimeout":120,"udid":"05157df58940201b"},"platformName":"android","appActivity":"com.wdiodemoapp.MainActivity","appPackage":"com.wdiodemoapp","automationName":"UiAutomator2","avdLaunchTimeout":120000,"deviceName":"05157df58940201b","newCommandTimeout":120,"udid":"05157df58940201b","deviceUDID":"05157df58940201b"}],"alwaysMatch":{}}}
[debug] &amp#27;[35m[WD Proxy]&amp#27;[39m Got response with status 200: {"sessionId":"dac7b961-28c3-4099-ba69-f9a9f81b0d67","value":{"capabilities":{"firstMatch":[{"platform":"LINUX","webStorageEnabled":false,"takesScreenshot":true,"javascriptEnabled":true,"databaseEnabled":false,"networkConnectionEnabled":true,"locationContextEnabled":false,"warnings":{},"desired":{"platformName":"android","appActivity":"com.wdiodemoapp.MainActivity","appPackage":"com.wdiodemoapp","automationName":"UiAutomator2","avdLaunchTimeout":120000,"deviceName":"S6 Edge","newCommandTimeout":120,"udid":"05157df58940201b"},"platformName":"android","appActivity":"com.wdiodemoapp.MainActivity","appPackage":"com.wdiodemoapp","automationName":"UiAutomator2","avdLaunchTimeout":120000,"deviceName":"05157df58940201b","newCommandTimeout":120,"udid":"05157df58940201b","deviceUDID":"05157df58940201b"}],"alwaysMatch":{}},"sessionId":"dac7b961-28c3-4099-ba69-f9a9f81b0d67"}}
&amp#27;[35m[WD Proxy]&amp#27;[39m Determined the downstream protocol as 'W3C'
[debug] &amp#27;[35m[WD Proxy]&amp#27;[39m Proxying [GET /appium/device/info] to [GET http://127.0.0.1:8204/wd/hub/session/dac7b961-28c3-4099-ba69-f9a9f81b0d67/appium/device/info] with no body
[debug] &amp#27;[35m[WD Proxy]&amp#27;[39m Got response with status 200: {"sessionId":"dac7b961-28c3-4099-ba69-f9a9f81b0d67","value":{"androidId":"dea472c4ab2ff71b","apiVersion":"24","bluetooth":{"state":"ON"},"brand":"samsung","carrierName":"","displayDensity":560,"locale":"en_US","manufacturer":"samsung","model":"SM-G925T","networks":[{"capabilities":{"SSID":null,"linkDownBandwidthKbps":1048576,"linkUpstreamBandwidthKbps":1048576,"networkCapabilities":"NET_CAPABILITY_NOT_RESTRICTED,NET_CAPABILITY_NOT_VPN,NET_CAPABILITY_WIFI_P2P,NET_CAPABILITY_TRUSTED","signalStrength":-2147483648,"transportTypes":"TRANSPORT_WIFI"},"detailedState":"IDLE","extraInfo":null,"isAvailable":true,"isConnected":false,"isFailover":false,"isRoaming":false,"state":"UNKNOWN","subtype":0,"subtypeName":"","type":13,"typeName":"WIFI_P2P"}],"platformVersion":"7.0","realDisplaySize":"1440x2560","timeZone":"Asia/Ho_Chi_Minh"}}
[debug] &amp#27;[35m[ADB]&amp#27;[39m Running 'C:\Android\sdk\platform-tools\adb.exe -P 5037 -s 05157df58940201b shell dumpsys window'
&amp#27;[35m[AndroidDriver]&amp#27;[39m Screen already unlocked, doing nothing
&amp#27;[35m[UiAutomator2]&amp#27;[39m Starting 'com.wdiodemoapp/com.wdiodemoapp.MainActivity and waiting for 'com.wdiodemoapp/com.wdiodemoapp.MainActivity'
[debug] &amp#27;[35m[ADB]&amp#27;[39m Running 'C:\Android\sdk\platform-tools\adb.exe -P 5037 -s 05157df58940201b shell am start -W -n com.wdiodemoapp/com.wdiodemoapp.MainActivity -S -a android.intent.action.MAIN -c android.intent.category.LAUNCHER -f 0x10200000'
[debug] &amp#27;[35m[WD Proxy]&amp#27;[39m Proxying [GET /appium/device/pixel_ratio] to [GET http://127.0.0.1:8204/wd/hub/session/dac7b961-28c3-4099-ba69-f9a9f81b0d67/appium/device/pixel_ratio] with no body
[debug] &amp#27;[35m[WD Proxy]&amp#27;[39m Got response with status 200: {"sessionId":"dac7b961-28c3-4099-ba69-f9a9f81b0d67","value":3.5}
[debug] &amp#27;[35m[WD Proxy]&amp#27;[39m Matched '/appium/device/system_bars' to command name 'getSystemBars'
[debug] &amp#27;[35m[WD Proxy]&amp#27;[39m Proxying [GET /appium/device/system_bars] to [GET http://127.0.0.1:8204/wd/hub/session/dac7b961-28c3-4099-ba69-f9a9f81b0d67/appium/device/system_bars] with no body
[debug] &amp#27;[35m[WD Proxy]&amp#27;[39m Got response with status 200: {"sessionId":"dac7b961-28c3-4099-ba69-f9a9f81b0d67","value":{"statusBar":84}}
[debug] &amp#27;[35m[WD Proxy]&amp#27;[39m Matched '/window/current/size' to command name 'getWindowSize'
[debug] &amp#27;[35m[WD Proxy]&amp#27;[39m Proxying [GET /window/current/size] to [GET http://127.0.0.1:8204/wd/hub/session/dac7b961-28c3-4099-ba69-f9a9f81b0d67/window/current/size] with no body
[debug] &amp#27;[35m[WD Proxy]&amp#27;[39m Got response with status 200: {"sessionId":"dac7b961-28c3-4099-ba69-f9a9f81b0d67","value":{"height":2560,"width":1440}}
&amp#27;[35m[Appium]&amp#27;[39m New AndroidUiautomator2Driver session created successfully, session 46befbd9-2dc4-4ba2-82d3-2455fdc9676b added to master session list
[debug] &amp#27;[35m[BaseDriver]&amp#27;[39m Event 'newSessionStarted' logged at 1638094145498 (17:09:05 GMT+0700 (Indochina Time))
[debug] &amp#27;[35m[W3C (46befbd9)]&amp#27;[39m Cached the protocol value 'W3C' for the new session 46befbd9-2dc4-4ba2-82d3-2455fdc9676b
[debug] &amp#27;[35m[W3C (46befbd9)]&amp#27;[39m Responding to client with driver.createSession() result: {"capabilities":{"platform":"LINUX","webStorageEnabled":false,"takesScreenshot":true,"javascriptEnabled":true,"databaseEnabled":false,"networkConnectionEnabled":true,"locationContextEnabled":false,"warnings":{},"desired":{"platformName":"android","appActivity":"com.wdiodemoapp.MainActivity","appPackage":"com.wdiodemoapp","automationName":"UiAutomator2","avdLaunchTimeout":120000,"deviceName":"S6 Edge","newCommandTimeout":120,"udid":"05157df58940201b"},"platformName":"android","appActivity":"com.wdiodemoapp.MainActivity","appPackage":"com.wdiodemoapp","automationName":"UiAutomator2","avdLaunchTimeout":120000,"deviceName":"05157df58940201b","newCommandTimeout":120,"udid":"05157df58940201b","deviceUDID":"05157df58940201b","deviceApiLevel":24,"platformVersion":"7.0","deviceScreenSize":"1440x2560","deviceScreenDensity":560,"deviceModel":"SM-G925T","deviceManufacturer":"samsung","pixelRatio":3.5,"statBarHeight":84,"viewportRect":{"left":0,"top":84,"width":1440,"height":2476}}}
&amp#27;[35m[HTTP]&amp#27;[39m &amp#27;[37m<-- POST /wd/hub/session &amp#27;[39m&amp#27;[32m200&amp#27;[39m &amp#27;[90m12462 ms - 1045&amp#27;[39m
&amp#27;[35m[HTTP]&amp#27;[39m &amp#27;[90m&amp#27;[39m
&amp#27;[35m[HTTP]&amp#27;[39m &amp#27;[37m-->&amp#27;[39m &amp#27;[37mPOST&amp#27;[39m &amp#27;[37m/wd/hub/session/46befbd9-2dc4-4ba2-82d3-2455fdc9676b/timeouts&amp#27;[39m
&amp#27;[35m[HTTP]&amp#27;[39m &amp#27;[90m{"implicit":30000}&amp#27;[39m
[debug] &amp#27;[35m[W3C (46befbd9)]&amp#27;[39m Calling AppiumDriver.timeouts() with args: [null,null,null,null,30000,"46befbd9-2dc4-4ba2-82d3-2455fdc9676b"]
[debug] &amp#27;[35m[BaseDriver]&amp#27;[39m W3C timeout argument: {"implicit":30000}}
[debug] &amp#27;[35m[BaseDriver]&amp#27;[39m Set implicit wait to 30000ms
[debug] &amp#27;[35m[W3C (46befbd9)]&amp#27;[39m Responding to client with driver.timeouts() result: null
&amp#27;[35m[HTTP]&amp#27;[39m &amp#27;[37m<-- POST /wd/hub/session/46befbd9-2dc4-4ba2-82d3-2455fdc9676b/timeouts &amp#27;[39m&amp#27;[32m200&amp#27;[39m &amp#27;[90m4 ms - 14&amp#27;[39m
&amp#27;[35m[HTTP]&amp#27;[39m &amp#27;[90m&amp#27;[39m
Session ID: 46befbd9-2dc4-4ba2-82d3-2455fdc9676b
&amp#27;[35m[HTTP]&amp#27;[39m &amp#27;[37m-->&amp#27;[39m &amp#27;[37mGET&amp#27;[39m &amp#27;[37m/wd/hub/session/46befbd9-2dc4-4ba2-82d3-2455fdc9676b/context&amp#27;[39m
&amp#27;[35m[HTTP]&amp#27;[39m &amp#27;[90m{}&amp#27;[39m
[debug] &amp#27;[35m[W3C (46befbd9)]&amp#27;[39m Calling AppiumDriver.getCurrentContext() with args: ["46befbd9-2dc4-4ba2-82d3-2455fdc9676b"]
[debug] &amp#27;[35m[W3C (46befbd9)]&amp#27;[39m Responding to client with driver.getCurrentContext() result: "NATIVE_APP"
&amp#27;[35m[HTTP]&amp#27;[39m &amp#27;[37m<-- GET /wd/hub/session/46befbd9-2dc4-4ba2-82d3-2455fdc9676b/context &amp#27;[39m&amp#27;[32m200&amp#27;[39m &amp#27;[90m5 ms - 22&amp#27;[39m
&amp#27;[35m[HTTP]&amp#27;[39m &amp#27;[90m&amp#27;[39m
&amp#27;[35m[HTTP]&amp#27;[39m &amp#27;[37m-->&amp#27;[39m &amp#27;[37mPOST&amp#27;[39m &amp#27;[37m/wd/hub/session/46befbd9-2dc4-4ba2-82d3-2455fdc9676b/element&amp#27;[39m
&amp#27;[35m[HTTP]&amp#27;[39m &amp#27;[90m{"using":"accessibility id","value":"Login"}&amp#27;[39m
[debug] &amp#27;[35m[W3C (46befbd9)]&amp#27;[39m Calling AppiumDriver.findElement() with args: ["accessibility id","Login","46befbd9-2dc4-4ba2-82d3-2455fdc9676b"]
[debug] &amp#27;[35m[BaseDriver]&amp#27;[39m Valid locator strategies for this request: xpath, id, class name, accessibility id, css selector, -android uiautomator
[debug] &amp#27;[35m[BaseDriver]&amp#27;[39m Waiting up to 30000 ms for condition
[debug] &amp#27;[35m[WD Proxy]&amp#27;[39m Matched '/element' to command name 'findElement'
[debug] &amp#27;[35m[WD Proxy]&amp#27;[39m Proxying [POST /element] to [POST http://127.0.0.1:8204/wd/hub/session/dac7b961-28c3-4099-ba69-f9a9f81b0d67/element] with body: {"strategy":"accessibility id","selector":"Login","context":"","multiple":false}
[debug] &amp#27;[35m[WD Proxy]&amp#27;[39m Got response with status 200: {"sessionId":"dac7b961-28c3-4099-ba69-f9a9f81b0d67","value":{"ELEMENT":"00000000-0000-006d-7fff-ffff00000011","element-6066-11e4-a52e-4f735466cecf":"00000000-0000-006d-7fff-ffff00000011"}}
[debug] &amp#27;[35m[W3C (46befbd9)]&amp#27;[39m Responding to client with driver.findElement() result: {"element-6066-11e4-a52e-4f735466cecf":"00000000-0000-006d-7fff-ffff00000011","ELEMENT":"00000000-0000-006d-7fff-ffff00000011"}
&amp#27;[35m[HTTP]&amp#27;[39m &amp#27;[37m<-- POST /wd/hub/session/46befbd9-2dc4-4ba2-82d3-2455fdc9676b/element &amp#27;[39m&amp#27;[32m200&amp#27;[39m &amp#27;[90m1041 ms - 137&amp#27;[39m
&amp#27;[35m[HTTP]&amp#27;[39m &amp#27;[90m&amp#27;[39m
&amp#27;[35m[HTTP]&amp#27;[39m &amp#27;[37m-->&amp#27;[39m &amp#27;[37mGET&amp#27;[39m &amp#27;[37m/wd/hub/session/46befbd9-2dc4-4ba2-82d3-2455fdc9676b/element/00000000-0000-006d-7fff-ffff00000011/displayed&amp#27;[39m
&amp#27;[35m[HTTP]&amp#27;[39m &amp#27;[90m{}&amp#27;[39m
[debug] &amp#27;[35m[W3C (46befbd9)]&amp#27;[39m Calling AppiumDriver.elementDisplayed() with args: ["00000000-0000-006d-7fff-ffff00000011","46befbd9-2dc4-4ba2-82d3-2455fdc9676b"]
[debug] &amp#27;[35m[WD Proxy]&amp#27;[39m Matched '/element/00000000-0000-006d-7fff-ffff00000011/attribute/displayed' to command name 'getAttribute'
[debug] &amp#27;[35m[WD Proxy]&amp#27;[39m Proxying [GET /element/00000000-0000-006d-7fff-ffff00000011/attribute/displayed] to [GET http://127.0.0.1:8204/wd/hub/session/dac7b961-28c3-4099-ba69-f9a9f81b0d67/element/00000000-0000-006d-7fff-ffff00000011/attribute/displayed] with no body
[debug] &amp#27;[35m[WD Proxy]&amp#27;[39m Got response with status 200: {"sessionId":"dac7b961-28c3-4099-ba69-f9a9f81b0d67","value":"true"}
[debug] &amp#27;[35m[W3C (46befbd9)]&amp#27;[39m Responding to client with driver.elementDisplayed() result: true
&amp#27;[35m[HTTP]&amp#27;[39m &amp#27;[37m<-- GET /wd/hub/session/46befbd9-2dc4-4ba2-82d3-2455fdc9676b/element/00000000-0000-006d-7fff-ffff00000011/displayed &amp#27;[39m&amp#27;[32m200&amp#27;[39m &amp#27;[90m22 ms - 14&amp#27;[39m
&amp#27;[35m[HTTP]&amp#27;[39m &amp#27;[90m&amp#27;[39m
&amp#27;[35m[HTTP]&amp#27;[39m &amp#27;[37m-->&amp#27;[39m &amp#27;[37mGET&amp#27;[39m &amp#27;[37m/wd/hub/session/46befbd9-2dc4-4ba2-82d3-2455fdc9676b/context&amp#27;[39m
&amp#27;[35m[HTTP]&amp#27;[39m &amp#27;[90m{}&amp#27;[39m
[debug] &amp#27;[35m[W3C (46befbd9)]&amp#27;[39m Calling AppiumDriver.getCurrentContext() with args: ["46befbd9-2dc4-4ba2-82d3-2455fdc9676b"]
[debug] &amp#27;[35m[W3C (46befbd9)]&amp#27;[39m Responding to client with driver.getCurrentContext() result: "NATIVE_APP"
&amp#27;[35m[HTTP]&amp#27;[39m &amp#27;[37m<-- GET /wd/hub/session/46befbd9-2dc4-4ba2-82d3-2455fdc9676b/context &amp#27;[39m&amp#27;[32m200&amp#27;[39m &amp#27;[90m2 ms - 22&amp#27;[39m
&amp#27;[35m[HTTP]&amp#27;[39m &amp#27;[90m&amp#27;[39m
&amp#27;[35m[HTTP]&amp#27;[39m &amp#27;[37m-->&amp#27;[39m &amp#27;[37mPOST&amp#27;[39m &amp#27;[37m/wd/hub/session/46befbd9-2dc4-4ba2-82d3-2455fdc9676b/element&amp#27;[39m
&amp#27;[35m[HTTP]&amp#27;[39m &amp#27;[90m{"using":"accessibility id","value":"Login"}&amp#27;[39m
[debug] &amp#27;[35m[W3C (46befbd9)]&amp#27;[39m Calling AppiumDriver.findElement() with args: ["accessibility id","Login","46befbd9-2dc4-4ba2-82d3-2455fdc9676b"]
[debug] &amp#27;[35m[BaseDriver]&amp#27;[39m Valid locator strategies for this request: xpath, id, class name, accessibility id, css selector, -android uiautomator
[debug] &amp#27;[35m[BaseDriver]&amp#27;[39m Waiting up to 30000 ms for condition
[debug] &amp#27;[35m[WD Proxy]&amp#27;[39m Matched '/element' to command name 'findElement'
[debug] &amp#27;[35m[WD Proxy]&amp#27;[39m Proxying [POST /element] to [POST http://127.0.0.1:8204/wd/hub/session/dac7b961-28c3-4099-ba69-f9a9f81b0d67/element] with body: {"strategy":"accessibility id","selector":"Login","context":"","multiple":false}
[debug] &amp#27;[35m[WD Proxy]&amp#27;[39m Got response with status 200: {"sessionId":"dac7b961-28c3-4099-ba69-f9a9f81b0d67","value":{"ELEMENT":"00000000-0000-006d-7fff-ffff00000011","element-6066-11e4-a52e-4f735466cecf":"00000000-0000-006d-7fff-ffff00000011"}}
[debug] &amp#27;[35m[W3C (46befbd9)]&amp#27;[39m Responding to client with driver.findElement() result: {"element-6066-11e4-a52e-4f735466cecf":"00000000-0000-006d-7fff-ffff00000011","ELEMENT":"00000000-0000-006d-7fff-ffff00000011"}
&amp#27;[35m[HTTP]&amp#27;[39m &amp#27;[37m<-- POST /wd/hub/session/46befbd9-2dc4-4ba2-82d3-2455fdc9676b/element &amp#27;[39m&amp#27;[32m200&amp#27;[39m &amp#27;[90m56 ms - 137&amp#27;[39m
&amp#27;[35m[HTTP]&amp#27;[39m &amp#27;[90m&amp#27;[39m
&amp#27;[35m[HTTP]&amp#27;[39m &amp#27;[37m-->&amp#27;[39m &amp#27;[37mPOST&amp#27;[39m &amp#27;[37m/wd/hub/session/46befbd9-2dc4-4ba2-82d3-2455fdc9676b/element/00000000-0000-006d-7fff-ffff00000011/click&amp#27;[39m
&amp#27;[35m[HTTP]&amp#27;[39m &amp#27;[90m{"id":"00000000-0000-006d-7fff-ffff00000011"}&amp#27;[39m
[debug] &amp#27;[35m[W3C (46befbd9)]&amp#27;[39m Calling AppiumDriver.click() with args: ["00000000-0000-006d-7fff-ffff00000011","46befbd9-2dc4-4ba2-82d3-2455fdc9676b"]
[debug] &amp#27;[35m[WD Proxy]&amp#27;[39m Matched '/element/00000000-0000-006d-7fff-ffff00000011/click' to command name 'click'
[debug] &amp#27;[35m[WD Proxy]&amp#27;[39m Proxying [POST /element/00000000-0000-006d-7fff-ffff00000011/click] to [POST http://127.0.0.1:8204/wd/hub/session/dac7b961-28c3-4099-ba69-f9a9f81b0d67/element/00000000-0000-006d-7fff-ffff00000011/click] with body: {"element":"00000000-0000-006d-7fff-ffff00000011"}
[debug] &amp#27;[35m[WD Proxy]&amp#27;[39m Got response with status 200: {"sessionId":"dac7b961-28c3-4099-ba69-f9a9f81b0d67","value":null}
[debug] &amp#27;[35m[W3C (46befbd9)]&amp#27;[39m Responding to client with driver.click() result: null
&amp#27;[35m[HTTP]&amp#27;[39m &amp#27;[37m<-- POST /wd/hub/session/46befbd9-2dc4-4ba2-82d3-2455fdc9676b/element/00000000-0000-006d-7fff-ffff00000011/click &amp#27;[39m&amp#27;[32m200&amp#27;[39m &amp#27;[90m60 ms - 14&amp#27;[39m
&amp#27;[35m[HTTP]&amp#27;[39m &amp#27;[90m&amp#27;[39m
&amp#27;[35m[HTTP]&amp#27;[39m &amp#27;[37m-->&amp#27;[39m &amp#27;[37mGET&amp#27;[39m &amp#27;[37m/wd/hub/session/46befbd9-2dc4-4ba2-82d3-2455fdc9676b/context&amp#27;[39m
&amp#27;[35m[HTTP]&amp#27;[39m &amp#27;[90m{}&amp#27;[39m
[debug] &amp#27;[35m[W3C (46befbd9)]&amp#27;[39m Calling AppiumDriver.getCurrentContext() with args: ["46befbd9-2dc4-4ba2-82d3-2455fdc9676b"]
[debug] &amp#27;[35m[W3C (46befbd9)]&amp#27;[39m Responding to client with driver.getCurrentContext() result: "NATIVE_APP"
&amp#27;[35m[HTTP]&amp#27;[39m &amp#27;[37m<-- GET /wd/hub/session/46befbd9-2dc4-4ba2-82d3-2455fdc9676b/context &amp#27;[39m&amp#27;[32m200&amp#27;[39m &amp#27;[90m1 ms - 22&amp#27;[39m
&amp#27;[35m[HTTP]&amp#27;[39m &amp#27;[90m&amp#27;[39m
&amp#27;[35m[HTTP]&amp#27;[39m &amp#27;[37m-->&amp#27;[39m &amp#27;[37mPOST&amp#27;[39m &amp#27;[37m/wd/hub/session/46befbd9-2dc4-4ba2-82d3-2455fdc9676b/element&amp#27;[39m
&amp#27;[35m[HTTP]&amp#27;[39m &amp#27;[90m{"using":"accessibility id","value":"button-login-container"}&amp#27;[39m
[debug] &amp#27;[35m[W3C (46befbd9)]&amp#27;[39m Calling AppiumDriver.findElement() with args: ["accessibility id","button-login-container","46befbd9-2dc4-4ba2-82d3-2455fdc9676b"]
[debug] &amp#27;[35m[BaseDriver]&amp#27;[39m Valid locator strategies for this request: xpath, id, class name, accessibility id, css selector, -android uiautomator
[debug] &amp#27;[35m[BaseDriver]&amp#27;[39m Waiting up to 30000 ms for condition
[debug] &amp#27;[35m[WD Proxy]&amp#27;[39m Matched '/element' to command name 'findElement'
[debug] &amp#27;[35m[WD Proxy]&amp#27;[39m Proxying [POST /element] to [POST http://127.0.0.1:8204/wd/hub/session/dac7b961-28c3-4099-ba69-f9a9f81b0d67/element] with body: {"strategy":"accessibility id","selector":"button-login-container","context":"","multiple":false}
&amp#27;[35m[WD Proxy]&amp#27;[39m Got response with status 404: {"sessionId":"dac7b961-28c3-4099-ba69-f9a9f81b0d67","value":{"error":"no such element","message":"An element could not be located on the page using the given search parameters","stacktrace":"io.appium.uiautomator2.common.exceptions.ElementNotFoundException: An element could not be located on the page using the given search parameters\n\tat io.appium.uiautomator2.handler.FindElement.safeHandle(FindElement.java:70)\n\tat io.appium.uiautomator2.handler.request.SafeRequestHandler.handle(SafeRequestHandler.java:59)\n\tat io.appium.uiautomator2.server.AppiumServlet.handleRequest(AppiumServlet.java:264)\n\tat io.appium.uiautomator2.server.AppiumServlet.handleHttpRequest(AppiumServlet.java:258)\n\tat io.appium.uiautomator2.http.ServerHandler.channelRead(ServerHandler.java:68)\n\tat io.netty.channel.AbstractChannelHandlerContext.invokeChannelRead(AbstractChannelHandlerContext.java:366)\n\tat io.netty.channel.AbstractChannelHandlerContext.invokeChannelRead(AbstractChannelHandlerContext.java:352)\n\tat io.netty.chann...
[debug] &amp#27;[35m[W3C]&amp#27;[39m Matched W3C error code 'no such element' to NoSuchElementError
[debug] &amp#27;[35m[BaseDriver]&amp#27;[39m Waited for 54 ms so far
[debug] &amp#27;[35m[WD Proxy]&amp#27;[39m Matched '/element' to command name 'findElement'
[debug] &amp#27;[35m[WD Proxy]&amp#27;[39m Proxying [POST /element] to [POST http://127.0.0.1:8204/wd/hub/session/dac7b961-28c3-4099-ba69-f9a9f81b0d67/element] with body: {"strategy":"accessibility id","selector":"button-login-container","context":"","multiple":false}
[debug] &amp#27;[35m[WD Proxy]&amp#27;[39m Got response with status 200: {"sessionId":"dac7b961-28c3-4099-ba69-f9a9f81b0d67","value":{"ELEMENT":"00000000-0000-006d-7fff-ffff00000044","element-6066-11e4-a52e-4f735466cecf":"00000000-0000-006d-7fff-ffff00000044"}}
[debug] &amp#27;[35m[W3C (46befbd9)]&amp#27;[39m Responding to client with driver.findElement() result: {"element-6066-11e4-a52e-4f735466cecf":"00000000-0000-006d-7fff-ffff00000044","ELEMENT":"00000000-0000-006d-7fff-ffff00000044"}
&amp#27;[35m[HTTP]&amp#27;[39m &amp#27;[37m<-- POST /wd/hub/session/46befbd9-2dc4-4ba2-82d3-2455fdc9676b/element &amp#27;[39m&amp#27;[32m200&amp#27;[39m &amp#27;[90m952 ms - 137&amp#27;[39m
&amp#27;[35m[HTTP]&amp#27;[39m &amp#27;[90m&amp#27;[39m
&amp#27;[35m[HTTP]&amp#27;[39m &amp#27;[37m-->&amp#27;[39m &amp#27;[37mPOST&amp#27;[39m &amp#27;[37m/wd/hub/session/46befbd9-2dc4-4ba2-82d3-2455fdc9676b/element/00000000-0000-006d-7fff-ffff00000044/click&amp#27;[39m
&amp#27;[35m[HTTP]&amp#27;[39m &amp#27;[90m{"id":"00000000-0000-006d-7fff-ffff00000044"}&amp#27;[39m
[debug] &amp#27;[35m[W3C (46befbd9)]&amp#27;[39m Calling AppiumDriver.click() with args: ["00000000-0000-006d-7fff-ffff00000044","46befbd9-2dc4-4ba2-82d3-2455fdc9676b"]
[debug] &amp#27;[35m[WD Proxy]&amp#27;[39m Matched '/element/00000000-0000-006d-7fff-ffff00000044/click' to command name 'click'
[debug] &amp#27;[35m[WD Proxy]&amp#27;[39m Proxying [POST /element/00000000-0000-006d-7fff-ffff00000044/click] to [POST http://127.0.0.1:8204/wd/hub/session/dac7b961-28c3-4099-ba69-f9a9f81b0d67/element/00000000-0000-006d-7fff-ffff00000044/click] with body: {"element":"00000000-0000-006d-7fff-ffff00000044"}
[debug] &amp#27;[35m[WD Proxy]&amp#27;[39m Got response with status 200: {"sessionId":"dac7b961-28c3-4099-ba69-f9a9f81b0d67","value":null}
[debug] &amp#27;[35m[W3C (46befbd9)]&amp#27;[39m Responding to client with driver.click() result: null
&amp#27;[35m[HTTP]&amp#27;[39m &amp#27;[37m<-- POST /wd/hub/session/46befbd9-2dc4-4ba2-82d3-2455fdc9676b/element/00000000-0000-006d-7fff-ffff00000044/click &amp#27;[39m&amp#27;[32m200&amp#27;[39m &amp#27;[90m50 ms - 14&amp#27;[39m
&amp#27;[35m[HTTP]&amp#27;[39m &amp#27;[90m&amp#27;[39m
&amp#27;[35m[HTTP]&amp#27;[39m &amp#27;[37m-->&amp#27;[39m &amp#27;[37mGET&amp#27;[39m &amp#27;[37m/wd/hub/session/46befbd9-2dc4-4ba2-82d3-2455fdc9676b/context&amp#27;[39m
&amp#27;[35m[HTTP]&amp#27;[39m &amp#27;[90m{}&amp#27;[39m
[debug] &amp#27;[35m[W3C (46befbd9)]&amp#27;[39m Calling AppiumDriver.getCurrentContext() with args: ["46befbd9-2dc4-4ba2-82d3-2455fdc9676b"]
[debug] &amp#27;[35m[W3C (46befbd9)]&amp#27;[39m Responding to client with driver.getCurrentContext() result: "NATIVE_APP"
&amp#27;[35m[HTTP]&amp#27;[39m &amp#27;[37m<-- GET /wd/hub/session/46befbd9-2dc4-4ba2-82d3-2455fdc9676b/context &amp#27;[39m&amp#27;[32m200&amp#27;[39m &amp#27;[90m1 ms - 22&amp#27;[39m
&amp#27;[35m[HTTP]&amp#27;[39m &amp#27;[90m&amp#27;[39m
&amp#27;[35m[HTTP]&amp#27;[39m &amp#27;[37m-->&amp#27;[39m &amp#27;[37mPOST&amp#27;[39m &amp#27;[37m/wd/hub/session/46befbd9-2dc4-4ba2-82d3-2455fdc9676b/element&amp#27;[39m
&amp#27;[35m[HTTP]&amp#27;[39m &amp#27;[90m{"using":"accessibility id","value":"button-LOGIN"}&amp#27;[39m
[debug] &amp#27;[35m[W3C (46befbd9)]&amp#27;[39m Calling AppiumDriver.findElement() with args: ["accessibility id","button-LOGIN","46befbd9-2dc4-4ba2-82d3-2455fdc9676b"]
[debug] &amp#27;[35m[BaseDriver]&amp#27;[39m Valid locator strategies for this request: xpath, id, class name, accessibility id, css selector, -android uiautomator
[debug] &amp#27;[35m[BaseDriver]&amp#27;[39m Waiting up to 30000 ms for condition
[debug] &amp#27;[35m[WD Proxy]&amp#27;[39m Matched '/element' to command name 'findElement'
[debug] &amp#27;[35m[WD Proxy]&amp#27;[39m Proxying [POST /element] to [POST http://127.0.0.1:8204/wd/hub/session/dac7b961-28c3-4099-ba69-f9a9f81b0d67/element] with body: {"strategy":"accessibility id","selector":"button-LOGIN","context":"","multiple":false}
[debug] &amp#27;[35m[WD Proxy]&amp#27;[39m Got response with status 200: {"sessionId":"dac7b961-28c3-4099-ba69-f9a9f81b0d67","value":{"ELEMENT":"00000000-0000-006d-7fff-ffff00000053","element-6066-11e4-a52e-4f735466cecf":"00000000-0000-006d-7fff-ffff00000053"}}
[debug] &amp#27;[35m[W3C (46befbd9)]&amp#27;[39m Responding to client with driver.findElement() result: {"element-6066-11e4-a52e-4f735466cecf":"00000000-0000-006d-7fff-ffff00000053","ELEMENT":"00000000-0000-006d-7fff-ffff00000053"}
&amp#27;[35m[HTTP]&amp#27;[39m &amp#27;[37m<-- POST /wd/hub/session/46befbd9-2dc4-4ba2-82d3-2455fdc9676b/element &amp#27;[39m&amp#27;[32m200&amp#27;[39m &amp#27;[90m49 ms - 137&amp#27;[39m
&amp#27;[35m[HTTP]&amp#27;[39m &amp#27;[90m&amp#27;[39m
&amp#27;[35m[HTTP]&amp#27;[39m &amp#27;[37m-->&amp#27;[39m &amp#27;[37mGET&amp#27;[39m &amp#27;[37m/wd/hub/session/46befbd9-2dc4-4ba2-82d3-2455fdc9676b/element/00000000-0000-006d-7fff-ffff00000053/displayed&amp#27;[39m
&amp#27;[35m[HTTP]&amp#27;[39m &amp#27;[90m{}&amp#27;[39m
[debug] &amp#27;[35m[W3C (46befbd9)]&amp#27;[39m Calling AppiumDriver.elementDisplayed() with args: ["00000000-0000-006d-7fff-ffff00000053","46befbd9-2dc4-4ba2-82d3-2455fdc9676b"]
[debug] &amp#27;[35m[WD Proxy]&amp#27;[39m Matched '/element/00000000-0000-006d-7fff-ffff00000053/attribute/displayed' to command name 'getAttribute'
[debug] &amp#27;[35m[WD Proxy]&amp#27;[39m Proxying [GET /element/00000000-0000-006d-7fff-ffff00000053/attribute/displayed] to [GET http://127.0.0.1:8204/wd/hub/session/dac7b961-28c3-4099-ba69-f9a9f81b0d67/element/00000000-0000-006d-7fff-ffff00000053/attribute/displayed] with no body
[debug] &amp#27;[35m[WD Proxy]&amp#27;[39m Got response with status 200: {"sessionId":"dac7b961-28c3-4099-ba69-f9a9f81b0d67","value":"true"}
[debug] &amp#27;[35m[W3C (46befbd9)]&amp#27;[39m Responding to client with driver.elementDisplayed() result: true
&amp#27;[35m[HTTP]&amp#27;[39m &amp#27;[37m<-- GET /wd/hub/session/46befbd9-2dc4-4ba2-82d3-2455fdc9676b/element/00000000-0000-006d-7fff-ffff00000053/displayed &amp#27;[39m&amp#27;[32m200&amp#27;[39m &amp#27;[90m19 ms - 14&amp#27;[39m
&amp#27;[35m[HTTP]&amp#27;[39m &amp#27;[90m&amp#27;[39m
&amp#27;[35m[HTTP]&amp#27;[39m &amp#27;[37m-->&amp#27;[39m &amp#27;[37mGET&amp#27;[39m &amp#27;[37m/wd/hub/session/46befbd9-2dc4-4ba2-82d3-2455fdc9676b/context&amp#27;[39m
&amp#27;[35m[HTTP]&amp#27;[39m &amp#27;[90m{}&amp#27;[39m
[debug] &amp#27;[35m[W3C (46befbd9)]&amp#27;[39m Calling AppiumDriver.getCurrentContext() with args: ["46befbd9-2dc4-4ba2-82d3-2455fdc9676b"]
[debug] &amp#27;[35m[W3C (46befbd9)]&amp#27;[39m Responding to client with driver.getCurrentContext() result: "NATIVE_APP"
&amp#27;[35m[HTTP]&amp#27;[39m &amp#27;[37m<-- GET /wd/hub/session/46befbd9-2dc4-4ba2-82d3-2455fdc9676b/context &amp#27;[39m&amp#27;[32m200&amp#27;[39m &amp#27;[90m1 ms - 22&amp#27;[39m
&amp#27;[35m[HTTP]&amp#27;[39m &amp#27;[90m&amp#27;[39m
&amp#27;[35m[HTTP]&amp#27;[39m &amp#27;[37m-->&amp#27;[39m &amp#27;[37mPOST&amp#27;[39m &amp#27;[37m/wd/hub/session/46befbd9-2dc4-4ba2-82d3-2455fdc9676b/element&amp#27;[39m
&amp#27;[35m[HTTP]&amp#27;[39m &amp#27;[90m{"using":"accessibility id","value":"button-LOGIN"}&amp#27;[39m
[debug] &amp#27;[35m[W3C (46befbd9)]&amp#27;[39m Calling AppiumDriver.findElement() with args: ["accessibility id","button-LOGIN","46befbd9-2dc4-4ba2-82d3-2455fdc9676b"]
[debug] &amp#27;[35m[BaseDriver]&amp#27;[39m Valid locator strategies for this request: xpath, id, class name, accessibility id, css selector, -android uiautomator
[debug] &amp#27;[35m[BaseDriver]&amp#27;[39m Waiting up to 30000 ms for condition
[debug] &amp#27;[35m[WD Proxy]&amp#27;[39m Matched '/element' to command name 'findElement'
[debug] &amp#27;[35m[WD Proxy]&amp#27;[39m Proxying [POST /element] to [POST http://127.0.0.1:8204/wd/hub/session/dac7b961-28c3-4099-ba69-f9a9f81b0d67/element] with body: {"strategy":"accessibility id","selector":"button-LOGIN","context":"","multiple":false}
[debug] &amp#27;[35m[WD Proxy]&amp#27;[39m Got response with status 200: {"sessionId":"dac7b961-28c3-4099-ba69-f9a9f81b0d67","value":{"ELEMENT":"00000000-0000-006d-7fff-ffff00000053","element-6066-11e4-a52e-4f735466cecf":"00000000-0000-006d-7fff-ffff00000053"}}
[debug] &amp#27;[35m[W3C (46befbd9)]&amp#27;[39m Responding to client with driver.findElement() result: {"element-6066-11e4-a52e-4f735466cecf":"00000000-0000-006d-7fff-ffff00000053","ELEMENT":"00000000-0000-006d-7fff-ffff00000053"}
&amp#27;[35m[HTTP]&amp#27;[39m &amp#27;[37m<-- POST /wd/hub/session/46befbd9-2dc4-4ba2-82d3-2455fdc9676b/element &amp#27;[39m&amp#27;[32m200&amp#27;[39m &amp#27;[90m61 ms - 137&amp#27;[39m
&amp#27;[35m[HTTP]&amp#27;[39m &amp#27;[90m&amp#27;[39m
&amp#27;[35m[HTTP]&amp#27;[39m &amp#27;[37m-->&amp#27;[39m &amp#27;[37mGET&amp#27;[39m &amp#27;[37m/wd/hub/session/46befbd9-2dc4-4ba2-82d3-2455fdc9676b/element/00000000-0000-006d-7fff-ffff00000053/displayed&amp#27;[39m
&amp#27;[35m[HTTP]&amp#27;[39m &amp#27;[90m{}&amp#27;[39m
[debug] &amp#27;[35m[W3C (46befbd9)]&amp#27;[39m Calling AppiumDriver.elementDisplayed() with args: ["00000000-0000-006d-7fff-ffff00000053","46befbd9-2dc4-4ba2-82d3-2455fdc9676b"]
[debug] &amp#27;[35m[WD Proxy]&amp#27;[39m Matched '/element/00000000-0000-006d-7fff-ffff00000053/attribute/displayed' to command name 'getAttribute'
[debug] &amp#27;[35m[WD Proxy]&amp#27;[39m Proxying [GET /element/00000000-0000-006d-7fff-ffff00000053/attribute/displayed] to [GET http://127.0.0.1:8204/wd/hub/session/dac7b961-28c3-4099-ba69-f9a9f81b0d67/element/00000000-0000-006d-7fff-ffff00000053/attribute/displayed] with no body
[debug] &amp#27;[35m[WD Proxy]&amp#27;[39m Got response with status 200: {"sessionId":"dac7b961-28c3-4099-ba69-f9a9f81b0d67","value":"true"}
[debug] &amp#27;[35m[W3C (46befbd9)]&amp#27;[39m Responding to client with driver.elementDisplayed() result: true
&amp#27;[35m[HTTP]&amp#27;[39m &amp#27;[37m<-- GET /wd/hub/session/46befbd9-2dc4-4ba2-82d3-2455fdc9676b/element/00000000-0000-006d-7fff-ffff00000053/displayed &amp#27;[39m&amp#27;[32m200&amp#27;[39m &amp#27;[90m16 ms - 14&amp#27;[39m
&amp#27;[35m[HTTP]&amp#27;[39m &amp#27;[90m&amp#27;[39m
&amp#27;[35m[HTTP]&amp#27;[39m &amp#27;[37m-->&amp#27;[39m &amp#27;[37mGET&amp#27;[39m &amp#27;[37m/wd/hub/session/46befbd9-2dc4-4ba2-82d3-2455fdc9676b/context&amp#27;[39m
&amp#27;[35m[HTTP]&amp#27;[39m &amp#27;[90m{}&amp#27;[39m
[debug] &amp#27;[35m[W3C (46befbd9)]&amp#27;[39m Calling AppiumDriver.getCurrentContext() with args: ["46befbd9-2dc4-4ba2-82d3-2455fdc9676b"]
[debug] &amp#27;[35m[W3C (46befbd9)]&amp#27;[39m Responding to client with driver.getCurrentContext() result: "NATIVE_APP"
&amp#27;[35m[HTTP]&amp#27;[39m &amp#27;[37m<-- GET /wd/hub/session/46befbd9-2dc4-4ba2-82d3-2455fdc9676b/context &amp#27;[39m&amp#27;[32m200&amp#27;[39m &amp#27;[90m1 ms - 22&amp#27;[39m
&amp#27;[35m[HTTP]&amp#27;[39m &amp#27;[90m&amp#27;[39m
&amp#27;[35m[HTTP]&amp#27;[39m &amp#27;[37m-->&amp#27;[39m &amp#27;[37mPOST&amp#27;[39m &amp#27;[37m/wd/hub/session/46befbd9-2dc4-4ba2-82d3-2455fdc9676b/element&amp#27;[39m
&amp#27;[35m[HTTP]&amp#27;[39m &amp#27;[90m{"using":"accessibility id","value":"input-email"}&amp#27;[39m
[debug] &amp#27;[35m[W3C (46befbd9)]&amp#27;[39m Calling AppiumDriver.findElement() with args: ["accessibility id","input-email","46befbd9-2dc4-4ba2-82d3-2455fdc9676b"]
[debug] &amp#27;[35m[BaseDriver]&amp#27;[39m Valid locator strategies for this request: xpath, id, class name, accessibility id, css selector, -android uiautomator
[debug] &amp#27;[35m[BaseDriver]&amp#27;[39m Waiting up to 30000 ms for condition
[debug] &amp#27;[35m[WD Proxy]&amp#27;[39m Matched '/element' to command name 'findElement'
[debug] &amp#27;[35m[WD Proxy]&amp#27;[39m Proxying [POST /element] to [POST http://127.0.0.1:8204/wd/hub/session/dac7b961-28c3-4099-ba69-f9a9f81b0d67/element] with body: {"strategy":"accessibility id","selector":"input-email","context":"","multiple":false}
[debug] &amp#27;[35m[WD Proxy]&amp#27;[39m Got response with status 200: {"sessionId":"dac7b961-28c3-4099-ba69-f9a9f81b0d67","value":{"ELEMENT":"00000000-0000-006d-7fff-ffff0000003a","element-6066-11e4-a52e-4f735466cecf":"00000000-0000-006d-7fff-ffff0000003a"}}
[debug] &amp#27;[35m[W3C (46befbd9)]&amp#27;[39m Responding to client with driver.findElement() result: {"element-6066-11e4-a52e-4f735466cecf":"00000000-0000-006d-7fff-ffff0000003a","ELEMENT":"00000000-0000-006d-7fff-ffff0000003a"}
&amp#27;[35m[HTTP]&amp#27;[39m &amp#27;[37m<-- POST /wd/hub/session/46befbd9-2dc4-4ba2-82d3-2455fdc9676b/element &amp#27;[39m&amp#27;[32m200&amp#27;[39m &amp#27;[90m59 ms - 137&amp#27;[39m
&amp#27;[35m[HTTP]&amp#27;[39m &amp#27;[90m&amp#27;[39m
&amp#27;[35m[HTTP]&amp#27;[39m &amp#27;[37m-->&amp#27;[39m &amp#27;[37mGET&amp#27;[39m &amp#27;[37m/wd/hub/session/46befbd9-2dc4-4ba2-82d3-2455fdc9676b/element/00000000-0000-006d-7fff-ffff0000003a/displayed&amp#27;[39m
&amp#27;[35m[HTTP]&amp#27;[39m &amp#27;[90m{}&amp#27;[39m
[debug] &amp#27;[35m[W3C (46befbd9)]&amp#27;[39m Calling AppiumDriver.elementDisplayed() with args: ["00000000-0000-006d-7fff-ffff0000003a","46befbd9-2dc4-4ba2-82d3-2455fdc9676b"]
[debug] &amp#27;[35m[WD Proxy]&amp#27;[39m Matched '/element/00000000-0000-006d-7fff-ffff0000003a/attribute/displayed' to command name 'getAttribute'
[debug] &amp#27;[35m[WD Proxy]&amp#27;[39m Proxying [GET /element/00000000-0000-006d-7fff-ffff0000003a/attribute/displayed] to [GET http://127.0.0.1:8204/wd/hub/session/dac7b961-28c3-4099-ba69-f9a9f81b0d67/element/00000000-0000-006d-7fff-ffff0000003a/attribute/displayed] with no body
[debug] &amp#27;[35m[WD Proxy]&amp#27;[39m Got response with status 200: {"sessionId":"dac7b961-28c3-4099-ba69-f9a9f81b0d67","value":"true"}
[debug] &amp#27;[35m[W3C (46befbd9)]&amp#27;[39m Responding to client with driver.elementDisplayed() result: true
&amp#27;[35m[HTTP]&amp#27;[39m &amp#27;[37m<-- GET /wd/hub/session/46befbd9-2dc4-4ba2-82d3-2455fdc9676b/element/00000000-0000-006d-7fff-ffff0000003a/displayed &amp#27;[39m&amp#27;[32m200&amp#27;[39m &amp#27;[90m22 ms - 14&amp#27;[39m
&amp#27;[35m[HTTP]&amp#27;[39m &amp#27;[90m&amp#27;[39m
&amp#27;[35m[HTTP]&amp#27;[39m &amp#27;[37m-->&amp#27;[39m &amp#27;[37mGET&amp#27;[39m &amp#27;[37m/wd/hub/session/46befbd9-2dc4-4ba2-82d3-2455fdc9676b/context&amp#27;[39m
&amp#27;[35m[HTTP]&amp#27;[39m &amp#27;[90m{}&amp#27;[39m
[debug] &amp#27;[35m[W3C (46befbd9)]&amp#27;[39m Calling AppiumDriver.getCurrentContext() with args: ["46befbd9-2dc4-4ba2-82d3-2455fdc9676b"]
[debug] &amp#27;[35m[W3C (46befbd9)]&amp#27;[39m Responding to client with driver.getCurrentContext() result: "NATIVE_APP"
&amp#27;[35m[HTTP]&amp#27;[39m &amp#27;[37m<-- GET /wd/hub/session/46befbd9-2dc4-4ba2-82d3-2455fdc9676b/context &amp#27;[39m&amp#27;[32m200&amp#27;[39m &amp#27;[90m1 ms - 22&amp#27;[39m
&amp#27;[35m[HTTP]&amp#27;[39m &amp#27;[90m&amp#27;[39m
&amp#27;[35m[HTTP]&amp#27;[39m &amp#27;[37m-->&amp#27;[39m &amp#27;[37mPOST&amp#27;[39m &amp#27;[37m/wd/hub/session/46befbd9-2dc4-4ba2-82d3-2455fdc9676b/element&amp#27;[39m
&amp#27;[35m[HTTP]&amp#27;[39m &amp#27;[90m{"using":"accessibility id","value":"input-email"}&amp#27;[39m
[debug] &amp#27;[35m[W3C (46befbd9)]&amp#27;[39m Calling AppiumDriver.findElement() with args: ["accessibility id","input-email","46befbd9-2dc4-4ba2-82d3-2455fdc9676b"]
[debug] &amp#27;[35m[BaseDriver]&amp#27;[39m Valid locator strategies for this request: xpath, id, class name, accessibility id, css selector, -android uiautomator
[debug] &amp#27;[35m[BaseDriver]&amp#27;[39m Waiting up to 30000 ms for condition
[debug] &amp#27;[35m[WD Proxy]&amp#27;[39m Matched '/element' to command name 'findElement'
[debug] &amp#27;[35m[WD Proxy]&amp#27;[39m Proxying [POST /element] to [POST http://127.0.0.1:8204/wd/hub/session/dac7b961-28c3-4099-ba69-f9a9f81b0d67/element] with body: {"strategy":"accessibility id","selector":"input-email","context":"","multiple":false}
[debug] &amp#27;[35m[WD Proxy]&amp#27;[39m Got response with status 200: {"sessionId":"dac7b961-28c3-4099-ba69-f9a9f81b0d67","value":{"ELEMENT":"00000000-0000-006d-7fff-ffff0000003a","element-6066-11e4-a52e-4f735466cecf":"00000000-0000-006d-7fff-ffff0000003a"}}
[debug] &amp#27;[35m[W3C (46befbd9)]&amp#27;[39m Responding to client with driver.findElement() result: {"element-6066-11e4-a52e-4f735466cecf":"00000000-0000-006d-7fff-ffff0000003a","ELEMENT":"00000000-0000-006d-7fff-ffff0000003a"}
&amp#27;[35m[HTTP]&amp#27;[39m &amp#27;[37m<-- POST /wd/hub/session/46befbd9-2dc4-4ba2-82d3-2455fdc9676b/element &amp#27;[39m&amp#27;[32m200&amp#27;[39m &amp#27;[90m53 ms - 137&amp#27;[39m
&amp#27;[35m[HTTP]&amp#27;[39m &amp#27;[90m&amp#27;[39m
&amp#27;[35m[HTTP]&amp#27;[39m &amp#27;[37m-->&amp#27;[39m &amp#27;[37mPOST&amp#27;[39m &amp#27;[37m/wd/hub/session/46befbd9-2dc4-4ba2-82d3-2455fdc9676b/element/00000000-0000-006d-7fff-ffff0000003a/clear&amp#27;[39m
&amp#27;[35m[HTTP]&amp#27;[39m &amp#27;[90m{"id":"00000000-0000-006d-7fff-ffff0000003a"}&amp#27;[39m
[debug] &amp#27;[35m[W3C (46befbd9)]&amp#27;[39m Calling AppiumDriver.clear() with args: ["00000000-0000-006d-7fff-ffff0000003a","46befbd9-2dc4-4ba2-82d3-2455fdc9676b"]
[debug] &amp#27;[35m[WD Proxy]&amp#27;[39m Matched '/element/00000000-0000-006d-7fff-ffff0000003a/clear' to command name 'clear'
[debug] &amp#27;[35m[WD Proxy]&amp#27;[39m Proxying [POST /element/00000000-0000-006d-7fff-ffff0000003a/clear] to [POST http://127.0.0.1:8204/wd/hub/session/dac7b961-28c3-4099-ba69-f9a9f81b0d67/element/00000000-0000-006d-7fff-ffff0000003a/clear] with body: {"elementId":"00000000-0000-006d-7fff-ffff0000003a"}
[debug] &amp#27;[35m[WD Proxy]&amp#27;[39m Got response with status 200: {"sessionId":"dac7b961-28c3-4099-ba69-f9a9f81b0d67","value":null}
[debug] &amp#27;[35m[W3C (46befbd9)]&amp#27;[39m Responding to client with driver.clear() result: null
&amp#27;[35m[HTTP]&amp#27;[39m &amp#27;[37m<-- POST /wd/hub/session/46befbd9-2dc4-4ba2-82d3-2455fdc9676b/element/00000000-0000-006d-7fff-ffff0000003a/clear &amp#27;[39m&amp#27;[32m200&amp#27;[39m &amp#27;[90m34 ms - 14&amp#27;[39m
&amp#27;[35m[HTTP]&amp#27;[39m &amp#27;[90m&amp#27;[39m
&amp#27;[35m[HTTP]&amp#27;[39m &amp#27;[37m-->&amp#27;[39m &amp#27;[37mGET&amp#27;[39m &amp#27;[37m/wd/hub/session/46befbd9-2dc4-4ba2-82d3-2455fdc9676b/context&amp#27;[39m
&amp#27;[35m[HTTP]&amp#27;[39m &amp#27;[90m{}&amp#27;[39m
[debug] &amp#27;[35m[W3C (46befbd9)]&amp#27;[39m Calling AppiumDriver.getCurrentContext() with args: ["46befbd9-2dc4-4ba2-82d3-2455fdc9676b"]
[debug] &amp#27;[35m[W3C (46befbd9)]&amp#27;[39m Responding to client with driver.getCurrentContext() result: "NATIVE_APP"
&amp#27;[35m[HTTP]&amp#27;[39m &amp#27;[37m<-- GET /wd/hub/session/46befbd9-2dc4-4ba2-82d3-2455fdc9676b/context &amp#27;[39m&amp#27;[32m200&amp#27;[39m &amp#27;[90m1 ms - 22&amp#27;[39m
&amp#27;[35m[HTTP]&amp#27;[39m &amp#27;[90m&amp#27;[39m
&amp#27;[35m[HTTP]&amp#27;[39m &amp#27;[37m-->&amp#27;[39m &amp#27;[37mPOST&amp#27;[39m &amp#27;[37m/wd/hub/session/46befbd9-2dc4-4ba2-82d3-2455fdc9676b/element&amp#27;[39m
&amp#27;[35m[HTTP]&amp#27;[39m &amp#27;[90m{"using":"accessibility id","value":"input-email"}&amp#27;[39m
[debug] &amp#27;[35m[W3C (46befbd9)]&amp#27;[39m Calling AppiumDriver.findElement() with args: ["accessibility id","input-email","46befbd9-2dc4-4ba2-82d3-2455fdc9676b"]
[debug] &amp#27;[35m[BaseDriver]&amp#27;[39m Valid locator strategies for this request: xpath, id, class name, accessibility id, css selector, -android uiautomator
[debug] &amp#27;[35m[BaseDriver]&amp#27;[39m Waiting up to 30000 ms for condition
[debug] &amp#27;[35m[WD Proxy]&amp#27;[39m Matched '/element' to command name 'findElement'
[debug] &amp#27;[35m[WD Proxy]&amp#27;[39m Proxying [POST /element] to [POST http://127.0.0.1:8204/wd/hub/session/dac7b961-28c3-4099-ba69-f9a9f81b0d67/element] with body: {"strategy":"accessibility id","selector":"input-email","context":"","multiple":false}
[debug] &amp#27;[35m[WD Proxy]&amp#27;[39m Got response with status 200: {"sessionId":"dac7b961-28c3-4099-ba69-f9a9f81b0d67","value":{"ELEMENT":"00000000-0000-006d-7fff-ffff0000003a","element-6066-11e4-a52e-4f735466cecf":"00000000-0000-006d-7fff-ffff0000003a"}}
[debug] &amp#27;[35m[W3C (46befbd9)]&amp#27;[39m Responding to client with driver.findElement() result: {"element-6066-11e4-a52e-4f735466cecf":"00000000-0000-006d-7fff-ffff0000003a","ELEMENT":"00000000-0000-006d-7fff-ffff0000003a"}
&amp#27;[35m[HTTP]&amp#27;[39m &amp#27;[37m<-- POST /wd/hub/session/46befbd9-2dc4-4ba2-82d3-2455fdc9676b/element &amp#27;[39m&amp#27;[32m200&amp#27;[39m &amp#27;[90m542 ms - 137&amp#27;[39m
&amp#27;[35m[HTTP]&amp#27;[39m &amp#27;[90m&amp#27;[39m
&amp#27;[35m[HTTP]&amp#27;[39m &amp#27;[37m-->&amp#27;[39m &amp#27;[37mGET&amp#27;[39m &amp#27;[37m/wd/hub/session/46befbd9-2dc4-4ba2-82d3-2455fdc9676b/element/00000000-0000-006d-7fff-ffff0000003a/displayed&amp#27;[39m
&amp#27;[35m[HTTP]&amp#27;[39m &amp#27;[90m{}&amp#27;[39m
[debug] &amp#27;[35m[W3C (46befbd9)]&amp#27;[39m Calling AppiumDriver.elementDisplayed() with args: ["00000000-0000-006d-7fff-ffff0000003a","46befbd9-2dc4-4ba2-82d3-2455fdc9676b"]
[debug] &amp#27;[35m[WD Proxy]&amp#27;[39m Matched '/element/00000000-0000-006d-7fff-ffff0000003a/attribute/displayed' to command name 'getAttribute'
[debug] &amp#27;[35m[WD Proxy]&amp#27;[39m Proxying [GET /element/00000000-0000-006d-7fff-ffff0000003a/attribute/displayed] to [GET http://127.0.0.1:8204/wd/hub/session/dac7b961-28c3-4099-ba69-f9a9f81b0d67/element/00000000-0000-006d-7fff-ffff0000003a/attribute/displayed] with no body
[debug] &amp#27;[35m[WD Proxy]&amp#27;[39m Got response with status 200: {"sessionId":"dac7b961-28c3-4099-ba69-f9a9f81b0d67","value":"true"}
[debug] &amp#27;[35m[W3C (46befbd9)]&amp#27;[39m Responding to client with driver.elementDisplayed() result: true
&amp#27;[35m[HTTP]&amp#27;[39m &amp#27;[37m<-- GET /wd/hub/session/46befbd9-2dc4-4ba2-82d3-2455fdc9676b/element/00000000-0000-006d-7fff-ffff0000003a/displayed &amp#27;[39m&amp#27;[32m200&amp#27;[39m &amp#27;[90m56 ms - 14&amp#27;[39m
&amp#27;[35m[HTTP]&amp#27;[39m &amp#27;[90m&amp#27;[39m
&amp#27;[35m[HTTP]&amp#27;[39m &amp#27;[37m-->&amp#27;[39m &amp#27;[37mGET&amp#27;[39m &amp#27;[37m/wd/hub/session/46befbd9-2dc4-4ba2-82d3-2455fdc9676b/context&amp#27;[39m
&amp#27;[35m[HTTP]&amp#27;[39m &amp#27;[90m{}&amp#27;[39m
[debug] &amp#27;[35m[W3C (46befbd9)]&amp#27;[39m Calling AppiumDriver.getCurrentContext() with args: ["46befbd9-2dc4-4ba2-82d3-2455fdc9676b"]
[debug] &amp#27;[35m[W3C (46befbd9)]&amp#27;[39m Responding to client with driver.getCurrentContext() result: "NATIVE_APP"
&amp#27;[35m[HTTP]&amp#27;[39m &amp#27;[37m<-- GET /wd/hub/session/46befbd9-2dc4-4ba2-82d3-2455fdc9676b/context &amp#27;[39m&amp#27;[32m200&amp#27;[39m &amp#27;[90m1 ms - 22&amp#27;[39m
&amp#27;[35m[HTTP]&amp#27;[39m &amp#27;[90m&amp#27;[39m
&amp#27;[35m[HTTP]&amp#27;[39m &amp#27;[37m-->&amp#27;[39m &amp#27;[37mPOST&amp#27;[39m &amp#27;[37m/wd/hub/session/46befbd9-2dc4-4ba2-82d3-2455fdc9676b/element&amp#27;[39m
&amp#27;[35m[HTTP]&amp#27;[39m &amp#27;[90m{"using":"accessibility id","value":"input-email"}&amp#27;[39m
[debug] &amp#27;[35m[W3C (46befbd9)]&amp#27;[39m Calling AppiumDriver.findElement() with args: ["accessibility id","input-email","46befbd9-2dc4-4ba2-82d3-2455fdc9676b"]
[debug] &amp#27;[35m[BaseDriver]&amp#27;[39m Valid locator strategies for this request: xpath, id, class name, accessibility id, css selector, -android uiautomator
[debug] &amp#27;[35m[BaseDriver]&amp#27;[39m Waiting up to 30000 ms for condition
[debug] &amp#27;[35m[WD Proxy]&amp#27;[39m Matched '/element' to command name 'findElement'
[debug] &amp#27;[35m[WD Proxy]&amp#27;[39m Proxying [POST /element] to [POST http://127.0.0.1:8204/wd/hub/session/dac7b961-28c3-4099-ba69-f9a9f81b0d67/element] with body: {"strategy":"accessibility id","selector":"input-email","context":"","multiple":false}
[debug] &amp#27;[35m[WD Proxy]&amp#27;[39m Got response with status 200: {"sessionId":"dac7b961-28c3-4099-ba69-f9a9f81b0d67","value":{"ELEMENT":"00000000-0000-006d-7fff-ffff0000003a","element-6066-11e4-a52e-4f735466cecf":"00000000-0000-006d-7fff-ffff0000003a"}}
[debug] &amp#27;[35m[W3C (46befbd9)]&amp#27;[39m Responding to client with driver.findElement() result: {"element-6066-11e4-a52e-4f735466cecf":"00000000-0000-006d-7fff-ffff0000003a","ELEMENT":"00000000-0000-006d-7fff-ffff0000003a"}
&amp#27;[35m[HTTP]&amp#27;[39m &amp#27;[37m<-- POST /wd/hub/session/46befbd9-2dc4-4ba2-82d3-2455fdc9676b/element &amp#27;[39m&amp#27;[32m200&amp#27;[39m &amp#27;[90m59 ms - 137&amp#27;[39m
&amp#27;[35m[HTTP]&amp#27;[39m &amp#27;[90m&amp#27;[39m
&amp#27;[35m[HTTP]&amp#27;[39m &amp#27;[37m-->&amp#27;[39m &amp#27;[37mPOST&amp#27;[39m &amp#27;[37m/wd/hub/session/46befbd9-2dc4-4ba2-82d3-2455fdc9676b/element/00000000-0000-006d-7fff-ffff0000003a/value&amp#27;[39m
&amp#27;[35m[HTTP]&amp#27;[39m &amp#27;[90m{"id":"00000000-0000-006d-7fff-ffff0000003a","text":"tunghuynh@@","value":["t","u","n","g","h","u","y","n","h","@","@"]}&amp#27;[39m
[debug] &amp#27;[35m[W3C (46befbd9)]&amp#27;[39m Calling AppiumDriver.setValue() with args: [["t","u","n","g","h","u","y","n","h","@","@"],"00000000-0000-006d-7fff-ffff0000003a","46befbd9-2dc4-4ba2-82d3-2455fdc9676b"]
[debug] &amp#27;[35m[WD Proxy]&amp#27;[39m Matched '/element/00000000-0000-006d-7fff-ffff0000003a/value' to command name 'setValue'
[debug] &amp#27;[35m[Protocol Converter]&amp#27;[39m Added 'value' property ["t","u","n","g","h","u","y","n","h","@","@"] to 'setValue' request body
[debug] &amp#27;[35m[WD Proxy]&amp#27;[39m Proxying [POST /element/00000000-0000-006d-7fff-ffff0000003a/value] to [POST http://127.0.0.1:8204/wd/hub/session/dac7b961-28c3-4099-ba69-f9a9f81b0d67/element/00000000-0000-006d-7fff-ffff0000003a/value] with body: {"elementId":"00000000-0000-006d-7fff-ffff0000003a","text":"tunghuynh@@","replace":false,"value":["t","u","n","g","h","u","y","n","h","@","@"]}
[debug] &amp#27;[35m[WD Proxy]&amp#27;[39m Got response with status 200: {"sessionId":"dac7b961-28c3-4099-ba69-f9a9f81b0d67","value":null}
[debug] &amp#27;[35m[W3C (46befbd9)]&amp#27;[39m Responding to client with driver.setValue() result: null
&amp#27;[35m[HTTP]&amp#27;[39m &amp#27;[37m<-- POST /wd/hub/session/46befbd9-2dc4-4ba2-82d3-2455fdc9676b/element/00000000-0000-006d-7fff-ffff0000003a/value &amp#27;[39m&amp#27;[32m200&amp#27;[39m &amp#27;[90m633 ms - 14&amp#27;[39m
&amp#27;[35m[HTTP]&amp#27;[39m &amp#27;[90m&amp#27;[39m
&amp#27;[35m[HTTP]&amp#27;[39m &amp#27;[37m-->&amp#27;[39m &amp#27;[37mGET&amp#27;[39m &amp#27;[37m/wd/hub/session/46befbd9-2dc4-4ba2-82d3-2455fdc9676b/context&amp#27;[39m
&amp#27;[35m[HTTP]&amp#27;[39m &amp#27;[90m{}&amp#27;[39m
[debug] &amp#27;[35m[W3C (46befbd9)]&amp#27;[39m Calling AppiumDriver.getCurrentContext() with args: ["46befbd9-2dc4-4ba2-82d3-2455fdc9676b"]
[debug] &amp#27;[35m[W3C (46befbd9)]&amp#27;[39m Responding to client with driver.getCurrentContext() result: "NATIVE_APP"
&amp#27;[35m[HTTP]&amp#27;[39m &amp#27;[37m<-- GET /wd/hub/session/46befbd9-2dc4-4ba2-82d3-2455fdc9676b/context &amp#27;[39m&amp#27;[32m200&amp#27;[39m &amp#27;[90m1 ms - 22&amp#27;[39m
&amp#27;[35m[HTTP]&amp#27;[39m &amp#27;[90m&amp#27;[39m
&amp#27;[35m[HTTP]&amp#27;[39m &amp#27;[37m-->&amp#27;[39m &amp#27;[37mPOST&amp#27;[39m &amp#27;[37m/wd/hub/session/46befbd9-2dc4-4ba2-82d3-2455fdc9676b/element&amp#27;[39m
&amp#27;[35m[HTTP]&amp#27;[39m &amp#27;[90m{"using":"accessibility id","value":"input-password"}&amp#27;[39m
[debug] &amp#27;[35m[W3C (46befbd9)]&amp#27;[39m Calling AppiumDriver.findElement() with args: ["accessibility id","input-password","46befbd9-2dc4-4ba2-82d3-2455fdc9676b"]
[debug] &amp#27;[35m[BaseDriver]&amp#27;[39m Valid locator strategies for this request: xpath, id, class name, accessibility id, css selector, -android uiautomator
[debug] &amp#27;[35m[BaseDriver]&amp#27;[39m Waiting up to 30000 ms for condition
[debug] &amp#27;[35m[WD Proxy]&amp#27;[39m Matched '/element' to command name 'findElement'
[debug] &amp#27;[35m[WD Proxy]&amp#27;[39m Proxying [POST /element] to [POST http://127.0.0.1:8204/wd/hub/session/dac7b961-28c3-4099-ba69-f9a9f81b0d67/element] with body: {"strategy":"accessibility id","selector":"input-password","context":"","multiple":false}
[debug] &amp#27;[35m[WD Proxy]&amp#27;[39m Got response with status 200: {"sessionId":"dac7b961-28c3-4099-ba69-f9a9f81b0d67","value":{"ELEMENT":"00000000-0000-006d-7fff-ffff0000003c","element-6066-11e4-a52e-4f735466cecf":"00000000-0000-006d-7fff-ffff0000003c"}}
[debug] &amp#27;[35m[W3C (46befbd9)]&amp#27;[39m Responding to client with driver.findElement() result: {"element-6066-11e4-a52e-4f735466cecf":"00000000-0000-006d-7fff-ffff0000003c","ELEMENT":"00000000-0000-006d-7fff-ffff0000003c"}
&amp#27;[35m[HTTP]&amp#27;[39m &amp#27;[37m<-- POST /wd/hub/session/46befbd9-2dc4-4ba2-82d3-2455fdc9676b/element &amp#27;[39m&amp#27;[32m200&amp#27;[39m &amp#27;[90m737 ms - 137&amp#27;[39m
&amp#27;[35m[HTTP]&amp#27;[39m &amp#27;[90m&amp#27;[39m
&amp#27;[35m[HTTP]&amp#27;[39m &amp#27;[37m-->&amp#27;[39m &amp#27;[37mGET&amp#27;[39m &amp#27;[37m/wd/hub/session/46befbd9-2dc4-4ba2-82d3-2455fdc9676b/element/00000000-0000-006d-7fff-ffff0000003c/displayed&amp#27;[39m
&amp#27;[35m[HTTP]&amp#27;[39m &amp#27;[90m{}&amp#27;[39m
[debug] &amp#27;[35m[W3C (46befbd9)]&amp#27;[39m Calling AppiumDriver.elementDisplayed() with args: ["00000000-0000-006d-7fff-ffff0000003c","46befbd9-2dc4-4ba2-82d3-2455fdc9676b"]
[debug] &amp#27;[35m[WD Proxy]&amp#27;[39m Matched '/element/00000000-0000-006d-7fff-ffff0000003c/attribute/displayed' to command name 'getAttribute'
[debug] &amp#27;[35m[WD Proxy]&amp#27;[39m Proxying [GET /element/00000000-0000-006d-7fff-ffff0000003c/attribute/displayed] to [GET http://127.0.0.1:8204/wd/hub/session/dac7b961-28c3-4099-ba69-f9a9f81b0d67/element/00000000-0000-006d-7fff-ffff0000003c/attribute/displayed] with no body
[debug] &amp#27;[35m[WD Proxy]&amp#27;[39m Got response with status 200: {"sessionId":"dac7b961-28c3-4099-ba69-f9a9f81b0d67","value":"true"}
[debug] &amp#27;[35m[W3C (46befbd9)]&amp#27;[39m Responding to client with driver.elementDisplayed() result: true
&amp#27;[35m[HTTP]&amp#27;[39m &amp#27;[37m<-- GET /wd/hub/session/46befbd9-2dc4-4ba2-82d3-2455fdc9676b/element/00000000-0000-006d-7fff-ffff0000003c/displayed &amp#27;[39m&amp#27;[32m200&amp#27;[39m &amp#27;[90m19 ms - 14&amp#27;[39m
&amp#27;[35m[HTTP]&amp#27;[39m &amp#27;[90m&amp#27;[39m
&amp#27;[35m[HTTP]&amp#27;[39m &amp#27;[37m-->&amp#27;[39m &amp#27;[37mGET&amp#27;[39m &amp#27;[37m/wd/hub/session/46befbd9-2dc4-4ba2-82d3-2455fdc9676b/context&amp#27;[39m
&amp#27;[35m[HTTP]&amp#27;[39m &amp#27;[90m{}&amp#27;[39m
[debug] &amp#27;[35m[W3C (46befbd9)]&amp#27;[39m Calling AppiumDriver.getCurrentContext() with args: ["46befbd9-2dc4-4ba2-82d3-2455fdc9676b"]
[debug] &amp#27;[35m[W3C (46befbd9)]&amp#27;[39m Responding to client with driver.getCurrentContext() result: "NATIVE_APP"
&amp#27;[35m[HTTP]&amp#27;[39m &amp#27;[37m<-- GET /wd/hub/session/46befbd9-2dc4-4ba2-82d3-2455fdc9676b/context &amp#27;[39m&amp#27;[32m200&amp#27;[39m &amp#27;[90m1 ms - 22&amp#27;[39m
&amp#27;[35m[HTTP]&amp#27;[39m &amp#27;[90m&amp#27;[39m
&amp#27;[35m[HTTP]&amp#27;[39m &amp#27;[37m-->&amp#27;[39m &amp#27;[37mPOST&amp#27;[39m &amp#27;[37m/wd/hub/session/46befbd9-2dc4-4ba2-82d3-2455fdc9676b/element&amp#27;[39m
&amp#27;[35m[HTTP]&amp#27;[39m &amp#27;[90m{"using":"accessibility id","value":"input-password"}&amp#27;[39m
[debug] &amp#27;[35m[W3C (46befbd9)]&amp#27;[39m Calling AppiumDriver.findElement() with args: ["accessibility id","input-password","46befbd9-2dc4-4ba2-82d3-2455fdc9676b"]
[debug] &amp#27;[35m[BaseDriver]&amp#27;[39m Valid locator strategies for this request: xpath, id, class name, accessibility id, css selector, -android uiautomator
[debug] &amp#27;[35m[BaseDriver]&amp#27;[39m Waiting up to 30000 ms for condition
[debug] &amp#27;[35m[WD Proxy]&amp#27;[39m Matched '/element' to command name 'findElement'
[debug] &amp#27;[35m[WD Proxy]&amp#27;[39m Proxying [POST /element] to [POST http://127.0.0.1:8204/wd/hub/session/dac7b961-28c3-4099-ba69-f9a9f81b0d67/element] with body: {"strategy":"accessibility id","selector":"input-password","context":"","multiple":false}
[debug] &amp#27;[35m[WD Proxy]&amp#27;[39m Got response with status 200: {"sessionId":"dac7b961-28c3-4099-ba69-f9a9f81b0d67","value":{"ELEMENT":"00000000-0000-006d-7fff-ffff0000003c","element-6066-11e4-a52e-4f735466cecf":"00000000-0000-006d-7fff-ffff0000003c"}}
[debug] &amp#27;[35m[W3C (46befbd9)]&amp#27;[39m Responding to client with driver.findElement() result: {"element-6066-11e4-a52e-4f735466cecf":"00000000-0000-006d-7fff-ffff0000003c","ELEMENT":"00000000-0000-006d-7fff-ffff0000003c"}
&amp#27;[35m[HTTP]&amp#27;[39m &amp#27;[37m<-- POST /wd/hub/session/46befbd9-2dc4-4ba2-82d3-2455fdc9676b/element &amp#27;[39m&amp#27;[32m200&amp#27;[39m &amp#27;[90m34 ms - 137&amp#27;[39m
&amp#27;[35m[HTTP]&amp#27;[39m &amp#27;[90m&amp#27;[39m
&amp#27;[35m[HTTP]&amp#27;[39m &amp#27;[37m-->&amp#27;[39m &amp#27;[37mPOST&amp#27;[39m &amp#27;[37m/wd/hub/session/46befbd9-2dc4-4ba2-82d3-2455fdc9676b/element/00000000-0000-006d-7fff-ffff0000003c/clear&amp#27;[39m
&amp#27;[35m[HTTP]&amp#27;[39m &amp#27;[90m{"id":"00000000-0000-006d-7fff-ffff0000003c"}&amp#27;[39m
[debug] &amp#27;[35m[W3C (46befbd9)]&amp#27;[39m Calling AppiumDriver.clear() with args: ["00000000-0000-006d-7fff-ffff0000003c","46befbd9-2dc4-4ba2-82d3-2455fdc9676b"]
[debug] &amp#27;[35m[WD Proxy]&amp#27;[39m Matched '/element/00000000-0000-006d-7fff-ffff0000003c/clear' to command name 'clear'
[debug] &amp#27;[35m[WD Proxy]&amp#27;[39m Proxying [POST /element/00000000-0000-006d-7fff-ffff0000003c/clear] to [POST http://127.0.0.1:8204/wd/hub/session/dac7b961-28c3-4099-ba69-f9a9f81b0d67/element/00000000-0000-006d-7fff-ffff0000003c/clear] with body: {"elementId":"00000000-0000-006d-7fff-ffff0000003c"}
[debug] &amp#27;[35m[WD Proxy]&amp#27;[39m Got response with status 200: {"sessionId":"dac7b961-28c3-4099-ba69-f9a9f81b0d67","value":null}
[debug] &amp#27;[35m[W3C (46befbd9)]&amp#27;[39m Responding to client with driver.clear() result: null
&amp#27;[35m[HTTP]&amp#27;[39m &amp#27;[37m<-- POST /wd/hub/session/46befbd9-2dc4-4ba2-82d3-2455fdc9676b/element/00000000-0000-006d-7fff-ffff0000003c/clear &amp#27;[39m&amp#27;[32m200&amp#27;[39m &amp#27;[90m22 ms - 14&amp#27;[39m
&amp#27;[35m[HTTP]&amp#27;[39m &amp#27;[90m&amp#27;[39m
&amp#27;[35m[HTTP]&amp#27;[39m &amp#27;[37m-->&amp#27;[39m &amp#27;[37mGET&amp#27;[39m &amp#27;[37m/wd/hub/session/46befbd9-2dc4-4ba2-82d3-2455fdc9676b/context&amp#27;[39m
&amp#27;[35m[HTTP]&amp#27;[39m &amp#27;[90m{}&amp#27;[39m
[debug] &amp#27;[35m[W3C (46befbd9)]&amp#27;[39m Calling AppiumDriver.getCurrentContext() with args: ["46befbd9-2dc4-4ba2-82d3-2455fdc9676b"]
[debug] &amp#27;[35m[W3C (46befbd9)]&amp#27;[39m Responding to client with driver.getCurrentContext() result: "NATIVE_APP"
&amp#27;[35m[HTTP]&amp#27;[39m &amp#27;[37m<-- GET /wd/hub/session/46befbd9-2dc4-4ba2-82d3-2455fdc9676b/context &amp#27;[39m&amp#27;[32m200&amp#27;[39m &amp#27;[90m1 ms - 22&amp#27;[39m
&amp#27;[35m[HTTP]&amp#27;[39m &amp#27;[90m&amp#27;[39m
&amp#27;[35m[HTTP]&amp#27;[39m &amp#27;[37m-->&amp#27;[39m &amp#27;[37mPOST&amp#27;[39m &amp#27;[37m/wd/hub/session/46befbd9-2dc4-4ba2-82d3-2455fdc9676b/element&amp#27;[39m
&amp#27;[35m[HTTP]&amp#27;[39m &amp#27;[90m{"using":"accessibility id","value":"input-password"}&amp#27;[39m
[debug] &amp#27;[35m[W3C (46befbd9)]&amp#27;[39m Calling AppiumDriver.findElement() with args: ["accessibility id","input-password","46befbd9-2dc4-4ba2-82d3-2455fdc9676b"]
[debug] &amp#27;[35m[BaseDriver]&amp#27;[39m Valid locator strategies for this request: xpath, id, class name, accessibility id, css selector, -android uiautomator
[debug] &amp#27;[35m[BaseDriver]&amp#27;[39m Waiting up to 30000 ms for condition
[debug] &amp#27;[35m[WD Proxy]&amp#27;[39m Matched '/element' to command name 'findElement'
[debug] &amp#27;[35m[WD Proxy]&amp#27;[39m Proxying [POST /element] to [POST http://127.0.0.1:8204/wd/hub/session/dac7b961-28c3-4099-ba69-f9a9f81b0d67/element] with body: {"strategy":"accessibility id","selector":"input-password","context":"","multiple":false}
[debug] &amp#27;[35m[WD Proxy]&amp#27;[39m Got response with status 200: {"sessionId":"dac7b961-28c3-4099-ba69-f9a9f81b0d67","value":{"ELEMENT":"00000000-0000-006d-7fff-ffff0000003c","element-6066-11e4-a52e-4f735466cecf":"00000000-0000-006d-7fff-ffff0000003c"}}
[debug] &amp#27;[35m[W3C (46befbd9)]&amp#27;[39m Responding to client with driver.findElement() result: {"element-6066-11e4-a52e-4f735466cecf":"00000000-0000-006d-7fff-ffff0000003c","ELEMENT":"00000000-0000-006d-7fff-ffff0000003c"}
&amp#27;[35m[HTTP]&amp#27;[39m &amp#27;[37m<-- POST /wd/hub/session/46befbd9-2dc4-4ba2-82d3-2455fdc9676b/element &amp#27;[39m&amp#27;[32m200&amp#27;[39m &amp#27;[90m542 ms - 137&amp#27;[39m
&amp#27;[35m[HTTP]&amp#27;[39m &amp#27;[90m&amp#27;[39m
&amp#27;[35m[HTTP]&amp#27;[39m &amp#27;[37m-->&amp#27;[39m &amp#27;[37mGET&amp#27;[39m &amp#27;[37m/wd/hub/session/46befbd9-2dc4-4ba2-82d3-2455fdc9676b/element/00000000-0000-006d-7fff-ffff0000003c/displayed&amp#27;[39m
&amp#27;[35m[HTTP]&amp#27;[39m &amp#27;[90m{}&amp#27;[39m
[debug] &amp#27;[35m[W3C (46befbd9)]&amp#27;[39m Calling AppiumDriver.elementDisplayed() with args: ["00000000-0000-006d-7fff-ffff0000003c","46befbd9-2dc4-4ba2-82d3-2455fdc9676b"]
[debug] &amp#27;[35m[WD Proxy]&amp#27;[39m Matched '/element/00000000-0000-006d-7fff-ffff0000003c/attribute/displayed' to command name 'getAttribute'
[debug] &amp#27;[35m[WD Proxy]&amp#27;[39m Proxying [GET /element/00000000-0000-006d-7fff-ffff0000003c/attribute/displayed] to [GET http://127.0.0.1:8204/wd/hub/session/dac7b961-28c3-4099-ba69-f9a9f81b0d67/element/00000000-0000-006d-7fff-ffff0000003c/attribute/displayed] with no body
[debug] &amp#27;[35m[WD Proxy]&amp#27;[39m Got response with status 200: {"sessionId":"dac7b961-28c3-4099-ba69-f9a9f81b0d67","value":"true"}
[debug] &amp#27;[35m[W3C (46befbd9)]&amp#27;[39m Responding to client with driver.elementDisplayed() result: true
&amp#27;[35m[HTTP]&amp#27;[39m &amp#27;[37m<-- GET /wd/hub/session/46befbd9-2dc4-4ba2-82d3-2455fdc9676b/element/00000000-0000-006d-7fff-ffff0000003c/displayed &amp#27;[39m&amp#27;[32m200&amp#27;[39m &amp#27;[90m20 ms - 14&amp#27;[39m
&amp#27;[35m[HTTP]&amp#27;[39m &amp#27;[90m&amp#27;[39m
&amp#27;[35m[HTTP]&amp#27;[39m &amp#27;[37m-->&amp#27;[39m &amp#27;[37mGET&amp#27;[39m &amp#27;[37m/wd/hub/session/46befbd9-2dc4-4ba2-82d3-2455fdc9676b/context&amp#27;[39m
&amp#27;[35m[HTTP]&amp#27;[39m &amp#27;[90m{}&amp#27;[39m
[debug] &amp#27;[35m[W3C (46befbd9)]&amp#27;[39m Calling AppiumDriver.getCurrentContext() with args: ["46befbd9-2dc4-4ba2-82d3-2455fdc9676b"]
[debug] &amp#27;[35m[W3C (46befbd9)]&amp#27;[39m Responding to client with driver.getCurrentContext() result: "NATIVE_APP"
&amp#27;[35m[HTTP]&amp#27;[39m &amp#27;[37m<-- GET /wd/hub/session/46befbd9-2dc4-4ba2-82d3-2455fdc9676b/context &amp#27;[39m&amp#27;[32m200&amp#27;[39m &amp#27;[90m1 ms - 22&amp#27;[39m
&amp#27;[35m[HTTP]&amp#27;[39m &amp#27;[90m&amp#27;[39m
&amp#27;[35m[HTTP]&amp#27;[39m &amp#27;[37m-->&amp#27;[39m &amp#27;[37mPOST&amp#27;[39m &amp#27;[37m/wd/hub/session/46befbd9-2dc4-4ba2-82d3-2455fdc9676b/element&amp#27;[39m
&amp#27;[35m[HTTP]&amp#27;[39m &amp#27;[90m{"using":"accessibility id","value":"input-password"}&amp#27;[39m
[debug] &amp#27;[35m[W3C (46befbd9)]&amp#27;[39m Calling AppiumDriver.findElement() with args: ["accessibility id","input-password","46befbd9-2dc4-4ba2-82d3-2455fdc9676b"]
[debug] &amp#27;[35m[BaseDriver]&amp#27;[39m Valid locator strategies for this request: xpath, id, class name, accessibility id, css selector, -android uiautomator
[debug] &amp#27;[35m[BaseDriver]&amp#27;[39m Waiting up to 30000 ms for condition
[debug] &amp#27;[35m[WD Proxy]&amp#27;[39m Matched '/element' to command name 'findElement'
[debug] &amp#27;[35m[WD Proxy]&amp#27;[39m Proxying [POST /element] to [POST http://127.0.0.1:8204/wd/hub/session/dac7b961-28c3-4099-ba69-f9a9f81b0d67/element] with body: {"strategy":"accessibility id","selector":"input-password","context":"","multiple":false}
[debug] &amp#27;[35m[WD Proxy]&amp#27;[39m Got response with status 200: {"sessionId":"dac7b961-28c3-4099-ba69-f9a9f81b0d67","value":{"ELEMENT":"00000000-0000-006d-7fff-ffff0000003c","element-6066-11e4-a52e-4f735466cecf":"00000000-0000-006d-7fff-ffff0000003c"}}
[debug] &amp#27;[35m[W3C (46befbd9)]&amp#27;[39m Responding to client with driver.findElement() result: {"element-6066-11e4-a52e-4f735466cecf":"00000000-0000-006d-7fff-ffff0000003c","ELEMENT":"00000000-0000-006d-7fff-ffff0000003c"}
&amp#27;[35m[HTTP]&amp#27;[39m &amp#27;[37m<-- POST /wd/hub/session/46befbd9-2dc4-4ba2-82d3-2455fdc9676b/element &amp#27;[39m&amp#27;[32m200&amp#27;[39m &amp#27;[90m47 ms - 137&amp#27;[39m
&amp#27;[35m[HTTP]&amp#27;[39m &amp#27;[90m&amp#27;[39m
&amp#27;[35m[HTTP]&amp#27;[39m &amp#27;[37m-->&amp#27;[39m &amp#27;[37mPOST&amp#27;[39m &amp#27;[37m/wd/hub/session/46befbd9-2dc4-4ba2-82d3-2455fdc9676b/element/00000000-0000-006d-7fff-ffff0000003c/value&amp#27;[39m
&amp#27;[35m[HTTP]&amp#27;[39m &amp#27;[90m{"id":"00000000-0000-006d-7fff-ffff0000003c","text":"12345678","value":["1","2","3","4","5","6","7","8"]}&amp#27;[39m
[debug] &amp#27;[35m[W3C (46befbd9)]&amp#27;[39m Calling AppiumDriver.setValue() with args: [["1","2","3","4","5","6","7","8"],"00000000-0000-006d-7fff-ffff0000003c","46befbd9-2dc4-4ba2-82d3-2455fdc9676b"]
[debug] &amp#27;[35m[WD Proxy]&amp#27;[39m Matched '/element/00000000-0000-006d-7fff-ffff0000003c/value' to command name 'setValue'
[debug] &amp#27;[35m[Protocol Converter]&amp#27;[39m Added 'value' property ["1","2","3","4","5","6","7","8"] to 'setValue' request body
[debug] &amp#27;[35m[WD Proxy]&amp#27;[39m Proxying [POST /element/00000000-0000-006d-7fff-ffff0000003c/value] to [POST http://127.0.0.1:8204/wd/hub/session/dac7b961-28c3-4099-ba69-f9a9f81b0d67/element/00000000-0000-006d-7fff-ffff0000003c/value] with body: {"elementId":"00000000-0000-006d-7fff-ffff0000003c","text":"12345678","replace":false,"value":["1","2","3","4","5","6","7","8"]}
[debug] &amp#27;[35m[WD Proxy]&amp#27;[39m Got response with status 200: {"sessionId":"dac7b961-28c3-4099-ba69-f9a9f81b0d67","value":null}
[debug] &amp#27;[35m[W3C (46befbd9)]&amp#27;[39m Responding to client with driver.setValue() result: null
&amp#27;[35m[HTTP]&amp#27;[39m &amp#27;[37m<-- POST /wd/hub/session/46befbd9-2dc4-4ba2-82d3-2455fdc9676b/element/00000000-0000-006d-7fff-ffff0000003c/value &amp#27;[39m&amp#27;[32m200&amp#27;[39m &amp#27;[90m619 ms - 14&amp#27;[39m
&amp#27;[35m[HTTP]&amp#27;[39m &amp#27;[90m&amp#27;[39m
&amp#27;[35m[HTTP]&amp#27;[39m &amp#27;[37m-->&amp#27;[39m &amp#27;[37mGET&amp#27;[39m &amp#27;[37m/wd/hub/session/46befbd9-2dc4-4ba2-82d3-2455fdc9676b/context&amp#27;[39m
&amp#27;[35m[HTTP]&amp#27;[39m &amp#27;[90m{}&amp#27;[39m
[debug] &amp#27;[35m[W3C (46befbd9)]&amp#27;[39m Calling AppiumDriver.getCurrentContext() with args: ["46befbd9-2dc4-4ba2-82d3-2455fdc9676b"]
[debug] &amp#27;[35m[W3C (46befbd9)]&amp#27;[39m Responding to client with driver.getCurrentContext() result: "NATIVE_APP"
&amp#27;[35m[HTTP]&amp#27;[39m &amp#27;[37m<-- GET /wd/hub/session/46befbd9-2dc4-4ba2-82d3-2455fdc9676b/context &amp#27;[39m&amp#27;[32m200&amp#27;[39m &amp#27;[90m1 ms - 22&amp#27;[39m
&amp#27;[35m[HTTP]&amp#27;[39m &amp#27;[90m&amp#27;[39m
&amp#27;[35m[HTTP]&amp#27;[39m &amp#27;[37m-->&amp#27;[39m &amp#27;[37mPOST&amp#27;[39m &amp#27;[37m/wd/hub/session/46befbd9-2dc4-4ba2-82d3-2455fdc9676b/element&amp#27;[39m
&amp#27;[35m[HTTP]&amp#27;[39m &amp#27;[90m{"using":"accessibility id","value":"button-LOGIN"}&amp#27;[39m
[debug] &amp#27;[35m[W3C (46befbd9)]&amp#27;[39m Calling AppiumDriver.findElement() with args: ["accessibility id","button-LOGIN","46befbd9-2dc4-4ba2-82d3-2455fdc9676b"]
[debug] &amp#27;[35m[BaseDriver]&amp#27;[39m Valid locator strategies for this request: xpath, id, class name, accessibility id, css selector, -android uiautomator
[debug] &amp#27;[35m[BaseDriver]&amp#27;[39m Waiting up to 30000 ms for condition
[debug] &amp#27;[35m[WD Proxy]&amp#27;[39m Matched '/element' to command name 'findElement'
[debug] &amp#27;[35m[WD Proxy]&amp#27;[39m Proxying [POST /element] to [POST http://127.0.0.1:8204/wd/hub/session/dac7b961-28c3-4099-ba69-f9a9f81b0d67/element] with body: {"strategy":"accessibility id","selector":"button-LOGIN","context":"","multiple":false}
[debug] &amp#27;[35m[WD Proxy]&amp#27;[39m Got response with status 200: {"sessionId":"dac7b961-28c3-4099-ba69-f9a9f81b0d67","value":{"ELEMENT":"00000000-0000-006d-7fff-ffff00000053","element-6066-11e4-a52e-4f735466cecf":"00000000-0000-006d-7fff-ffff00000053"}}
[debug] &amp#27;[35m[W3C (46befbd9)]&amp#27;[39m Responding to client with driver.findElement() result: {"element-6066-11e4-a52e-4f735466cecf":"00000000-0000-006d-7fff-ffff00000053","ELEMENT":"00000000-0000-006d-7fff-ffff00000053"}
&amp#27;[35m[HTTP]&amp#27;[39m &amp#27;[37m<-- POST /wd/hub/session/46befbd9-2dc4-4ba2-82d3-2455fdc9676b/element &amp#27;[39m&amp#27;[32m200&amp#27;[39m &amp#27;[90m719 ms - 137&amp#27;[39m
&amp#27;[35m[HTTP]&amp#27;[39m &amp#27;[90m&amp#27;[39m
&amp#27;[35m[HTTP]&amp#27;[39m &amp#27;[37m-->&amp#27;[39m &amp#27;[37mGET&amp#27;[39m &amp#27;[37m/wd/hub/session/46befbd9-2dc4-4ba2-82d3-2455fdc9676b/element/00000000-0000-006d-7fff-ffff00000053/displayed&amp#27;[39m
&amp#27;[35m[HTTP]&amp#27;[39m &amp#27;[90m{}&amp#27;[39m
[debug] &amp#27;[35m[W3C (46befbd9)]&amp#27;[39m Calling AppiumDriver.elementDisplayed() with args: ["00000000-0000-006d-7fff-ffff00000053","46befbd9-2dc4-4ba2-82d3-2455fdc9676b"]
[debug] &amp#27;[35m[WD Proxy]&amp#27;[39m Matched '/element/00000000-0000-006d-7fff-ffff00000053/attribute/displayed' to command name 'getAttribute'
[debug] &amp#27;[35m[WD Proxy]&amp#27;[39m Proxying [GET /element/00000000-0000-006d-7fff-ffff00000053/attribute/displayed] to [GET http://127.0.0.1:8204/wd/hub/session/dac7b961-28c3-4099-ba69-f9a9f81b0d67/element/00000000-0000-006d-7fff-ffff00000053/attribute/displayed] with no body
[debug] &amp#27;[35m[WD Proxy]&amp#27;[39m Got response with status 200: {"sessionId":"dac7b961-28c3-4099-ba69-f9a9f81b0d67","value":"true"}
[debug] &amp#27;[35m[W3C (46befbd9)]&amp#27;[39m Responding to client with driver.elementDisplayed() result: true
&amp#27;[35m[HTTP]&amp#27;[39m &amp#27;[37m<-- GET /wd/hub/session/46befbd9-2dc4-4ba2-82d3-2455fdc9676b/element/00000000-0000-006d-7fff-ffff00000053/displayed &amp#27;[39m&amp#27;[32m200&amp#27;[39m &amp#27;[90m19 ms - 14&amp#27;[39m
&amp#27;[35m[HTTP]&amp#27;[39m &amp#27;[90m&amp#27;[39m
&amp#27;[35m[HTTP]&amp#27;[39m &amp#27;[37m-->&amp#27;[39m &amp#27;[37mGET&amp#27;[39m &amp#27;[37m/wd/hub/session/46befbd9-2dc4-4ba2-82d3-2455fdc9676b/context&amp#27;[39m
&amp#27;[35m[HTTP]&amp#27;[39m &amp#27;[90m{}&amp#27;[39m
[debug] &amp#27;[35m[W3C (46befbd9)]&amp#27;[39m Calling AppiumDriver.getCurrentContext() with args: ["46befbd9-2dc4-4ba2-82d3-2455fdc9676b"]
[debug] &amp#27;[35m[W3C (46befbd9)]&amp#27;[39m Responding to client with driver.getCurrentContext() result: "NATIVE_APP"
&amp#27;[35m[HTTP]&amp#27;[39m &amp#27;[37m<-- GET /wd/hub/session/46befbd9-2dc4-4ba2-82d3-2455fdc9676b/context &amp#27;[39m&amp#27;[32m200&amp#27;[39m &amp#27;[90m1 ms - 22&amp#27;[39m
&amp#27;[35m[HTTP]&amp#27;[39m &amp#27;[90m&amp#27;[39m
&amp#27;[35m[HTTP]&amp#27;[39m &amp#27;[37m-->&amp#27;[39m &amp#27;[37mPOST&amp#27;[39m &amp#27;[37m/wd/hub/session/46befbd9-2dc4-4ba2-82d3-2455fdc9676b/element&amp#27;[39m
&amp#27;[35m[HTTP]&amp#27;[39m &amp#27;[90m{"using":"accessibility id","value":"button-LOGIN"}&amp#27;[39m
[debug] &amp#27;[35m[W3C (46befbd9)]&amp#27;[39m Calling AppiumDriver.findElement() with args: ["accessibility id","button-LOGIN","46befbd9-2dc4-4ba2-82d3-2455fdc9676b"]
[debug] &amp#27;[35m[BaseDriver]&amp#27;[39m Valid locator strategies for this request: xpath, id, class name, accessibility id, css selector, -android uiautomator
[debug] &amp#27;[35m[BaseDriver]&amp#27;[39m Waiting up to 30000 ms for condition
[debug] &amp#27;[35m[WD Proxy]&amp#27;[39m Matched '/element' to command name 'findElement'
[debug] &amp#27;[35m[WD Proxy]&amp#27;[39m Proxying [POST /element] to [POST http://127.0.0.1:8204/wd/hub/session/dac7b961-28c3-4099-ba69-f9a9f81b0d67/element] with body: {"strategy":"accessibility id","selector":"button-LOGIN","context":"","multiple":false}
[debug] &amp#27;[35m[WD Proxy]&amp#27;[39m Got response with status 200: {"sessionId":"dac7b961-28c3-4099-ba69-f9a9f81b0d67","value":{"ELEMENT":"00000000-0000-006d-7fff-ffff00000053","element-6066-11e4-a52e-4f735466cecf":"00000000-0000-006d-7fff-ffff00000053"}}
[debug] &amp#27;[35m[W3C (46befbd9)]&amp#27;[39m Responding to client with driver.findElement() result: {"element-6066-11e4-a52e-4f735466cecf":"00000000-0000-006d-7fff-ffff00000053","ELEMENT":"00000000-0000-006d-7fff-ffff00000053"}
&amp#27;[35m[HTTP]&amp#27;[39m &amp#27;[37m<-- POST /wd/hub/session/46befbd9-2dc4-4ba2-82d3-2455fdc9676b/element &amp#27;[39m&amp#27;[32m200&amp#27;[39m &amp#27;[90m75 ms - 137&amp#27;[39m
&amp#27;[35m[HTTP]&amp#27;[39m &amp#27;[90m&amp#27;[39m
&amp#27;[35m[HTTP]&amp#27;[39m &amp#27;[37m-->&amp#27;[39m &amp#27;[37mPOST&amp#27;[39m &amp#27;[37m/wd/hub/session/46befbd9-2dc4-4ba2-82d3-2455fdc9676b/element/00000000-0000-006d-7fff-ffff00000053/click&amp#27;[39m
&amp#27;[35m[HTTP]&amp#27;[39m &amp#27;[90m{"id":"00000000-0000-006d-7fff-ffff00000053"}&amp#27;[39m
[debug] &amp#27;[35m[W3C (46befbd9)]&amp#27;[39m Calling AppiumDriver.click() with args: ["00000000-0000-006d-7fff-ffff00000053","46befbd9-2dc4-4ba2-82d3-2455fdc9676b"]
[debug] &amp#27;[35m[WD Proxy]&amp#27;[39m Matched '/element/00000000-0000-006d-7fff-ffff00000053/click' to command name 'click'
[debug] &amp#27;[35m[WD Proxy]&amp#27;[39m Proxying [POST /element/00000000-0000-006d-7fff-ffff00000053/click] to [POST http://127.0.0.1:8204/wd/hub/session/dac7b961-28c3-4099-ba69-f9a9f81b0d67/element/00000000-0000-006d-7fff-ffff00000053/click] with body: {"element":"00000000-0000-006d-7fff-ffff00000053"}
[debug] &amp#27;[35m[WD Proxy]&amp#27;[39m Got response with status 200: {"sessionId":"dac7b961-28c3-4099-ba69-f9a9f81b0d67","value":null}
[debug] &amp#27;[35m[W3C (46befbd9)]&amp#27;[39m Responding to client with driver.click() result: null
&amp#27;[35m[HTTP]&amp#27;[39m &amp#27;[37m<-- POST /wd/hub/session/46befbd9-2dc4-4ba2-82d3-2455fdc9676b/element/00000000-0000-006d-7fff-ffff00000053/click &amp#27;[39m&amp#27;[32m200&amp#27;[39m &amp#27;[90m48 ms - 14&amp#27;[39m
&amp#27;[35m[HTTP]&amp#27;[39m &amp#27;[90m&amp#27;[39m
&amp#27;[35m[HTTP]&amp#27;[39m &amp#27;[37m-->&amp#27;[39m &amp#27;[37mGET&amp#27;[39m &amp#27;[37m/wd/hub/session/46befbd9-2dc4-4ba2-82d3-2455fdc9676b/context&amp#27;[39m
&amp#27;[35m[HTTP]&amp#27;[39m &amp#27;[90m{}&amp#27;[39m
[debug] &amp#27;[35m[W3C (46befbd9)]&amp#27;[39m Calling AppiumDriver.getCurrentContext() with args: ["46befbd9-2dc4-4ba2-82d3-2455fdc9676b"]
[debug] &amp#27;[35m[W3C (46befbd9)]&amp#27;[39m Responding to client with driver.getCurrentContext() result: "NATIVE_APP"
&amp#27;[35m[HTTP]&amp#27;[39m &amp#27;[37m<-- GET /wd/hub/session/46befbd9-2dc4-4ba2-82d3-2455fdc9676b/context &amp#27;[39m&amp#27;[32m200&amp#27;[39m &amp#27;[90m1 ms - 22&amp#27;[39m
&amp#27;[35m[HTTP]&amp#27;[39m &amp#27;[90m&amp#27;[39m
&amp#27;[35m[HTTP]&amp#27;[39m &amp#27;[37m-->&amp#27;[39m &amp#27;[37mPOST&amp#27;[39m &amp#27;[37m/wd/hub/session/46befbd9-2dc4-4ba2-82d3-2455fdc9676b/element&amp#27;[39m
&amp#27;[35m[HTTP]&amp#27;[39m &amp#27;[90m{"using":"xpath","value":"//*[@content-desc='button-LOGIN']/preceding-sibling::android.widget.TextView[3]"}&amp#27;[39m
[debug] &amp#27;[35m[W3C (46befbd9)]&amp#27;[39m Calling AppiumDriver.findElement() with args: ["xpath","//*[@content-desc='button-LOGIN']/preceding-sibling::android.widget.TextView[3]","46befbd9-2dc4-4ba2-82d3-2455fdc9676b"]
[debug] &amp#27;[35m[BaseDriver]&amp#27;[39m Valid locator strategies for this request: xpath, id, class name, accessibility id, css selector, -android uiautomator
[debug] &amp#27;[35m[BaseDriver]&amp#27;[39m Waiting up to 30000 ms for condition
[debug] &amp#27;[35m[WD Proxy]&amp#27;[39m Matched '/element' to command name 'findElement'
[debug] &amp#27;[35m[WD Proxy]&amp#27;[39m Proxying [POST /element] to [POST http://127.0.0.1:8204/wd/hub/session/dac7b961-28c3-4099-ba69-f9a9f81b0d67/element] with body: {"strategy":"xpath","selector":"//*[@content-desc='button-LOGIN']/preceding-sibling::android.widget.TextView[3]","context":"","multiple":false}
[debug] &amp#27;[35m[WD Proxy]&amp#27;[39m Got response with status 200: {"sessionId":"dac7b961-28c3-4099-ba69-f9a9f81b0d67","value":{"ELEMENT":"00000000-0000-006d-7fff-ffff0000004e","element-6066-11e4-a52e-4f735466cecf":"00000000-0000-006d-7fff-ffff0000004e"}}
[debug] &amp#27;[35m[W3C (46befbd9)]&amp#27;[39m Responding to client with driver.findElement() result: {"element-6066-11e4-a52e-4f735466cecf":"00000000-0000-006d-7fff-ffff0000004e","ELEMENT":"00000000-0000-006d-7fff-ffff0000004e"}
&amp#27;[35m[HTTP]&amp#27;[39m &amp#27;[37m<-- POST /wd/hub/session/46befbd9-2dc4-4ba2-82d3-2455fdc9676b/element &amp#27;[39m&amp#27;[32m200&amp#27;[39m &amp#27;[90m258 ms - 137&amp#27;[39m
&amp#27;[35m[HTTP]&amp#27;[39m &amp#27;[90m&amp#27;[39m
&amp#27;[35m[HTTP]&amp#27;[39m &amp#27;[37m-->&amp#27;[39m &amp#27;[37mGET&amp#27;[39m &amp#27;[37m/wd/hub/session/46befbd9-2dc4-4ba2-82d3-2455fdc9676b/element/00000000-0000-006d-7fff-ffff0000004e/displayed&amp#27;[39m
&amp#27;[35m[HTTP]&amp#27;[39m &amp#27;[90m{}&amp#27;[39m
[debug] &amp#27;[35m[W3C (46befbd9)]&amp#27;[39m Calling AppiumDriver.elementDisplayed() with args: ["00000000-0000-006d-7fff-ffff0000004e","46befbd9-2dc4-4ba2-82d3-2455fdc9676b"]
[debug] &amp#27;[35m[WD Proxy]&amp#27;[39m Matched '/element/00000000-0000-006d-7fff-ffff0000004e/attribute/displayed' to command name 'getAttribute'
[debug] &amp#27;[35m[WD Proxy]&amp#27;[39m Proxying [GET /element/00000000-0000-006d-7fff-ffff0000004e/attribute/displayed] to [GET http://127.0.0.1:8204/wd/hub/session/dac7b961-28c3-4099-ba69-f9a9f81b0d67/element/00000000-0000-006d-7fff-ffff0000004e/attribute/displayed] with no body
[debug] &amp#27;[35m[WD Proxy]&amp#27;[39m Got response with status 200: {"sessionId":"dac7b961-28c3-4099-ba69-f9a9f81b0d67","value":"true"}
[debug] &amp#27;[35m[W3C (46befbd9)]&amp#27;[39m Responding to client with driver.elementDisplayed() result: true
&amp#27;[35m[HTTP]&amp#27;[39m &amp#27;[37m<-- GET /wd/hub/session/46befbd9-2dc4-4ba2-82d3-2455fdc9676b/element/00000000-0000-006d-7fff-ffff0000004e/displayed &amp#27;[39m&amp#27;[32m200&amp#27;[39m &amp#27;[90m756 ms - 14&amp#27;[39m
&amp#27;[35m[HTTP]&amp#27;[39m &amp#27;[90m&amp#27;[39m
&amp#27;[35m[HTTP]&amp#27;[39m &amp#27;[37m-->&amp#27;[39m &amp#27;[37mGET&amp#27;[39m &amp#27;[37m/wd/hub/session/46befbd9-2dc4-4ba2-82d3-2455fdc9676b/context&amp#27;[39m
&amp#27;[35m[HTTP]&amp#27;[39m &amp#27;[90m{}&amp#27;[39m
[debug] &amp#27;[35m[W3C (46befbd9)]&amp#27;[39m Calling AppiumDriver.getCurrentContext() with args: ["46befbd9-2dc4-4ba2-82d3-2455fdc9676b"]
[debug] &amp#27;[35m[W3C (46befbd9)]&amp#27;[39m Responding to client with driver.getCurrentContext() result: "NATIVE_APP"
&amp#27;[35m[HTTP]&amp#27;[39m &amp#27;[37m<-- GET /wd/hub/session/46befbd9-2dc4-4ba2-82d3-2455fdc9676b/context &amp#27;[39m&amp#27;[32m200&amp#27;[39m &amp#27;[90m1 ms - 22&amp#27;[39m
&amp#27;[35m[HTTP]&amp#27;[39m &amp#27;[90m&amp#27;[39m
&amp#27;[35m[HTTP]&amp#27;[39m &amp#27;[37m-->&amp#27;[39m &amp#27;[37mPOST&amp#27;[39m &amp#27;[37m/wd/hub/session/46befbd9-2dc4-4ba2-82d3-2455fdc9676b/element&amp#27;[39m
&amp#27;[35m[HTTP]&amp#27;[39m &amp#27;[90m{"using":"xpath","value":"//*[@content-desc='button-LOGIN']/preceding-sibling::android.widget.TextView[3]"}&amp#27;[39m
[debug] &amp#27;[35m[W3C (46befbd9)]&amp#27;[39m Calling AppiumDriver.findElement() with args: ["xpath","//*[@content-desc='button-LOGIN']/preceding-sibling::android.widget.TextView[3]","46befbd9-2dc4-4ba2-82d3-2455fdc9676b"]
[debug] &amp#27;[35m[BaseDriver]&amp#27;[39m Valid locator strategies for this request: xpath, id, class name, accessibility id, css selector, -android uiautomator
[debug] &amp#27;[35m[BaseDriver]&amp#27;[39m Waiting up to 30000 ms for condition
[debug] &amp#27;[35m[WD Proxy]&amp#27;[39m Matched '/element' to command name 'findElement'
[debug] &amp#27;[35m[WD Proxy]&amp#27;[39m Proxying [POST /element] to [POST http://127.0.0.1:8204/wd/hub/session/dac7b961-28c3-4099-ba69-f9a9f81b0d67/element] with body: {"strategy":"xpath","selector":"//*[@content-desc='button-LOGIN']/preceding-sibling::android.widget.TextView[3]","context":"","multiple":false}
[debug] &amp#27;[35m[WD Proxy]&amp#27;[39m Got response with status 200: {"sessionId":"dac7b961-28c3-4099-ba69-f9a9f81b0d67","value":{"ELEMENT":"00000000-0000-006d-7fff-ffff0000004e","element-6066-11e4-a52e-4f735466cecf":"00000000-0000-006d-7fff-ffff0000004e"}}
[debug] &amp#27;[35m[W3C (46befbd9)]&amp#27;[39m Responding to client with driver.findElement() result: {"element-6066-11e4-a52e-4f735466cecf":"00000000-0000-006d-7fff-ffff0000004e","ELEMENT":"00000000-0000-006d-7fff-ffff0000004e"}
&amp#27;[35m[HTTP]&amp#27;[39m &amp#27;[37m<-- POST /wd/hub/session/46befbd9-2dc4-4ba2-82d3-2455fdc9676b/element &amp#27;[39m&amp#27;[32m200&amp#27;[39m &amp#27;[90m200 ms - 137&amp#27;[39m
&amp#27;[35m[HTTP]&amp#27;[39m &amp#27;[90m&amp#27;[39m
&amp#27;[35m[HTTP]&amp#27;[39m &amp#27;[37m-->&amp#27;[39m &amp#27;[37mGET&amp#27;[39m &amp#27;[37m/wd/hub/session/46befbd9-2dc4-4ba2-82d3-2455fdc9676b/element/00000000-0000-006d-7fff-ffff0000004e/text&amp#27;[39m
&amp#27;[35m[HTTP]&amp#27;[39m &amp#27;[90m{}&amp#27;[39m
&amp#27;[35m[W3C (46befbd9)]&amp#27;[39m Driver proxy active, passing request on via HTTP proxy
[debug] &amp#27;[35m[WD Proxy]&amp#27;[39m Matched '/wd/hub/session/46befbd9-2dc4-4ba2-82d3-2455fdc9676b/element/00000000-0000-006d-7fff-ffff0000004e/text' to command name 'getText'
[debug] &amp#27;[35m[WD Proxy]&amp#27;[39m Proxying [GET /wd/hub/session/46befbd9-2dc4-4ba2-82d3-2455fdc9676b/element/00000000-0000-006d-7fff-ffff0000004e/text] to [GET http://127.0.0.1:8204/wd/hub/session/dac7b961-28c3-4099-ba69-f9a9f81b0d67/element/00000000-0000-006d-7fff-ffff0000004e/text] with no body
[debug] &amp#27;[35m[WD Proxy]&amp#27;[39m Got response with status 200: {"sessionId":"dac7b961-28c3-4099-ba69-f9a9f81b0d67","value":"Please enter a valid email address"}
&amp#27;[35m[WD Proxy]&amp#27;[39m Replacing sessionId dac7b961-28c3-4099-ba69-f9a9f81b0d67 with 46befbd9-2dc4-4ba2-82d3-2455fdc9676b
&amp#27;[35m[HTTP]&amp#27;[39m &amp#27;[37m<-- GET /wd/hub/session/46befbd9-2dc4-4ba2-82d3-2455fdc9676b/element/00000000-0000-006d-7fff-ffff0000004e/text &amp#27;[39m&amp#27;[32m200&amp#27;[39m &amp#27;[90m13 ms - 97&amp#27;[39m
&amp#27;[35m[HTTP]&amp#27;[39m &amp#27;[90m&amp#27;[39m
]]></system-out>
    <system-err><![CDATA[SLF4J: Failed to load class "org.slf4j.impl.StaticLoggerBinder".
SLF4J: Defaulting to no-operation (NOP) logger implementation
SLF4J: See http://www.slf4j.org/codes.html#StaticLoggerBinder for further details.
Nov 28, 2021 5:09:05 PM io.appium.java_client.remote.AppiumCommandExecutor$1 lambda$0
INFO: Detected dialect: W3C
]]></system-err>
  </testcase>
  <testcase name="loginWithInvalidPassword" classname="TestNG.TestLoginPage.LoginTest" time="7.786">
    <system-out><![CDATA[&amp#27;[35m[HTTP]&amp#27;[39m &amp#27;[37m-->&amp#27;[39m &amp#27;[37mPOST&amp#27;[39m &amp#27;[37m/wd/hub/session/46befbd9-2dc4-4ba2-82d3-2455fdc9676b/appium/app/close&amp#27;[39m
&amp#27;[35m[HTTP]&amp#27;[39m &amp#27;[90m{}&amp#27;[39m
[debug] &amp#27;[35m[W3C (46befbd9)]&amp#27;[39m Calling AppiumDriver.closeApp() with args: ["46befbd9-2dc4-4ba2-82d3-2455fdc9676b"]
[debug] &amp#27;[35m[ADB]&amp#27;[39m Running 'C:\Android\sdk\platform-tools\adb.exe -P 5037 -s 05157df58940201b shell am force-stop com.wdiodemoapp'
[debug] &amp#27;[35m[W3C (46befbd9)]&amp#27;[39m Responding to client with driver.closeApp() result: null
&amp#27;[35m[HTTP]&amp#27;[39m &amp#27;[37m<-- POST /wd/hub/session/46befbd9-2dc4-4ba2-82d3-2455fdc9676b/appium/app/close &amp#27;[39m&amp#27;[32m200&amp#27;[39m &amp#27;[90m817 ms - 14&amp#27;[39m
&amp#27;[35m[HTTP]&amp#27;[39m &amp#27;[90m&amp#27;[39m
&amp#27;[35m[HTTP]&amp#27;[39m &amp#27;[37m-->&amp#27;[39m &amp#27;[37mPOST&amp#27;[39m &amp#27;[37m/wd/hub/session/46befbd9-2dc4-4ba2-82d3-2455fdc9676b/appium/app/launch&amp#27;[39m
&amp#27;[35m[HTTP]&amp#27;[39m &amp#27;[90m{}&amp#27;[39m
[debug] &amp#27;[35m[W3C (46befbd9)]&amp#27;[39m Calling AppiumDriver.launchApp() with args: ["46befbd9-2dc4-4ba2-82d3-2455fdc9676b"]
[debug] &amp#27;[35m[UiAutomator2]&amp#27;[39m No app capability. Assuming it is already on the device
[debug] &amp#27;[35m[ADB]&amp#27;[39m Getting install status for com.wdiodemoapp
[debug] &amp#27;[35m[ADB]&amp#27;[39m Running 'C:\Android\sdk\platform-tools\adb.exe -P 5037 -s 05157df58940201b shell dumpsys package com.wdiodemoapp'
[debug] &amp#27;[35m[ADB]&amp#27;[39m 'com.wdiodemoapp' is installed
[debug] &amp#27;[35m[ADB]&amp#27;[39m Running 'C:\Android\sdk\platform-tools\adb.exe -P 5037 -s 05157df58940201b shell am force-stop com.wdiodemoapp'
[debug] &amp#27;[35m[ADB]&amp#27;[39m Running 'C:\Android\sdk\platform-tools\adb.exe -P 5037 -s 05157df58940201b shell pm clear com.wdiodemoapp'
[debug] &amp#27;[35m[AndroidDriver]&amp#27;[39m Performed fast reset on the installed 'com.wdiodemoapp' application (stop and clear)
[debug] &amp#27;[35m[ADB]&amp#27;[39m Running 'C:\Android\sdk\platform-tools\adb.exe -P 5037 -s 05157df58940201b shell am start -W -n com.wdiodemoapp/com.wdiodemoapp.MainActivity -S -a android.intent.action.MAIN -c android.intent.category.LAUNCHER -f 0x10200000'
[debug] &amp#27;[35m[W3C (46befbd9)]&amp#27;[39m Responding to client with driver.launchApp() result: null
&amp#27;[35m[HTTP]&amp#27;[39m &amp#27;[37m<-- POST /wd/hub/session/46befbd9-2dc4-4ba2-82d3-2455fdc9676b/appium/app/launch &amp#27;[39m&amp#27;[32m200&amp#27;[39m &amp#27;[90m2881 ms - 14&amp#27;[39m
&amp#27;[35m[HTTP]&amp#27;[39m &amp#27;[90m&amp#27;[39m
&amp#27;[35m[HTTP]&amp#27;[39m &amp#27;[37m-->&amp#27;[39m &amp#27;[37mGET&amp#27;[39m &amp#27;[37m/wd/hub/session/46befbd9-2dc4-4ba2-82d3-2455fdc9676b/context&amp#27;[39m
&amp#27;[35m[HTTP]&amp#27;[39m &amp#27;[90m{}&amp#27;[39m
[debug] &amp#27;[35m[W3C (46befbd9)]&amp#27;[39m Calling AppiumDriver.getCurrentContext() with args: ["46befbd9-2dc4-4ba2-82d3-2455fdc9676b"]
[debug] &amp#27;[35m[W3C (46befbd9)]&amp#27;[39m Responding to client with driver.getCurrentContext() result: "NATIVE_APP"
&amp#27;[35m[HTTP]&amp#27;[39m &amp#27;[37m<-- GET /wd/hub/session/46befbd9-2dc4-4ba2-82d3-2455fdc9676b/context &amp#27;[39m&amp#27;[32m200&amp#27;[39m &amp#27;[90m1 ms - 22&amp#27;[39m
&amp#27;[35m[HTTP]&amp#27;[39m &amp#27;[90m&amp#27;[39m
&amp#27;[35m[HTTP]&amp#27;[39m &amp#27;[37m-->&amp#27;[39m &amp#27;[37mPOST&amp#27;[39m &amp#27;[37m/wd/hub/session/46befbd9-2dc4-4ba2-82d3-2455fdc9676b/element&amp#27;[39m
&amp#27;[35m[HTTP]&amp#27;[39m &amp#27;[90m{"using":"accessibility id","value":"Login"}&amp#27;[39m
[debug] &amp#27;[35m[W3C (46befbd9)]&amp#27;[39m Calling AppiumDriver.findElement() with args: ["accessibility id","Login","46befbd9-2dc4-4ba2-82d3-2455fdc9676b"]
[debug] &amp#27;[35m[BaseDriver]&amp#27;[39m Valid locator strategies for this request: xpath, id, class name, accessibility id, css selector, -android uiautomator
[debug] &amp#27;[35m[BaseDriver]&amp#27;[39m Waiting up to 30000 ms for condition
[debug] &amp#27;[35m[WD Proxy]&amp#27;[39m Matched '/element' to command name 'findElement'
[debug] &amp#27;[35m[WD Proxy]&amp#27;[39m Proxying [POST /element] to [POST http://127.0.0.1:8204/wd/hub/session/dac7b961-28c3-4099-ba69-f9a9f81b0d67/element] with body: {"strategy":"accessibility id","selector":"Login","context":"","multiple":false}
[debug] &amp#27;[35m[WD Proxy]&amp#27;[39m Got response with status 200: {"sessionId":"dac7b961-28c3-4099-ba69-f9a9f81b0d67","value":{"ELEMENT":"00000000-0000-0070-7fff-ffff00000011","element-6066-11e4-a52e-4f735466cecf":"00000000-0000-0070-7fff-ffff00000011"}}
[debug] &amp#27;[35m[W3C (46befbd9)]&amp#27;[39m Responding to client with driver.findElement() result: {"element-6066-11e4-a52e-4f735466cecf":"00000000-0000-0070-7fff-ffff00000011","ELEMENT":"00000000-0000-0070-7fff-ffff00000011"}
&amp#27;[35m[HTTP]&amp#27;[39m &amp#27;[37m<-- POST /wd/hub/session/46befbd9-2dc4-4ba2-82d3-2455fdc9676b/element &amp#27;[39m&amp#27;[32m200&amp#27;[39m &amp#27;[90m1316 ms - 137&amp#27;[39m
&amp#27;[35m[HTTP]&amp#27;[39m &amp#27;[90m&amp#27;[39m
&amp#27;[35m[HTTP]&amp#27;[39m &amp#27;[37m-->&amp#27;[39m &amp#27;[37mGET&amp#27;[39m &amp#27;[37m/wd/hub/session/46befbd9-2dc4-4ba2-82d3-2455fdc9676b/element/00000000-0000-0070-7fff-ffff00000011/displayed&amp#27;[39m
&amp#27;[35m[HTTP]&amp#27;[39m &amp#27;[90m{}&amp#27;[39m
[debug] &amp#27;[35m[W3C (46befbd9)]&amp#27;[39m Calling AppiumDriver.elementDisplayed() with args: ["00000000-0000-0070-7fff-ffff00000011","46befbd9-2dc4-4ba2-82d3-2455fdc9676b"]
[debug] &amp#27;[35m[WD Proxy]&amp#27;[39m Matched '/element/00000000-0000-0070-7fff-ffff00000011/attribute/displayed' to command name 'getAttribute'
[debug] &amp#27;[35m[WD Proxy]&amp#27;[39m Proxying [GET /element/00000000-0000-0070-7fff-ffff00000011/attribute/displayed] to [GET http://127.0.0.1:8204/wd/hub/session/dac7b961-28c3-4099-ba69-f9a9f81b0d67/element/00000000-0000-0070-7fff-ffff00000011/attribute/displayed] with no body
[debug] &amp#27;[35m[WD Proxy]&amp#27;[39m Got response with status 200: {"sessionId":"dac7b961-28c3-4099-ba69-f9a9f81b0d67","value":"true"}
[debug] &amp#27;[35m[W3C (46befbd9)]&amp#27;[39m Responding to client with driver.elementDisplayed() result: true
&amp#27;[35m[HTTP]&amp#27;[39m &amp#27;[37m<-- GET /wd/hub/session/46befbd9-2dc4-4ba2-82d3-2455fdc9676b/element/00000000-0000-0070-7fff-ffff00000011/displayed &amp#27;[39m&amp#27;[32m200&amp#27;[39m &amp#27;[90m23 ms - 14&amp#27;[39m
&amp#27;[35m[HTTP]&amp#27;[39m &amp#27;[90m&amp#27;[39m
&amp#27;[35m[HTTP]&amp#27;[39m &amp#27;[37m-->&amp#27;[39m &amp#27;[37mGET&amp#27;[39m &amp#27;[37m/wd/hub/session/46befbd9-2dc4-4ba2-82d3-2455fdc9676b/context&amp#27;[39m
&amp#27;[35m[HTTP]&amp#27;[39m &amp#27;[90m{}&amp#27;[39m
[debug] &amp#27;[35m[W3C (46befbd9)]&amp#27;[39m Calling AppiumDriver.getCurrentContext() with args: ["46befbd9-2dc4-4ba2-82d3-2455fdc9676b"]
[debug] &amp#27;[35m[W3C (46befbd9)]&amp#27;[39m Responding to client with driver.getCurrentContext() result: "NATIVE_APP"
&amp#27;[35m[HTTP]&amp#27;[39m &amp#27;[37m<-- GET /wd/hub/session/46befbd9-2dc4-4ba2-82d3-2455fdc9676b/context &amp#27;[39m&amp#27;[32m200&amp#27;[39m &amp#27;[90m1 ms - 22&amp#27;[39m
&amp#27;[35m[HTTP]&amp#27;[39m &amp#27;[90m&amp#27;[39m
&amp#27;[35m[HTTP]&amp#27;[39m &amp#27;[37m-->&amp#27;[39m &amp#27;[37mPOST&amp#27;[39m &amp#27;[37m/wd/hub/session/46befbd9-2dc4-4ba2-82d3-2455fdc9676b/element&amp#27;[39m
&amp#27;[35m[HTTP]&amp#27;[39m &amp#27;[90m{"using":"accessibility id","value":"Login"}&amp#27;[39m
[debug] &amp#27;[35m[W3C (46befbd9)]&amp#27;[39m Calling AppiumDriver.findElement() with args: ["accessibility id","Login","46befbd9-2dc4-4ba2-82d3-2455fdc9676b"]
[debug] &amp#27;[35m[BaseDriver]&amp#27;[39m Valid locator strategies for this request: xpath, id, class name, accessibility id, css selector, -android uiautomator
[debug] &amp#27;[35m[BaseDriver]&amp#27;[39m Waiting up to 30000 ms for condition
[debug] &amp#27;[35m[WD Proxy]&amp#27;[39m Matched '/element' to command name 'findElement'
[debug] &amp#27;[35m[WD Proxy]&amp#27;[39m Proxying [POST /element] to [POST http://127.0.0.1:8204/wd/hub/session/dac7b961-28c3-4099-ba69-f9a9f81b0d67/element] with body: {"strategy":"accessibility id","selector":"Login","context":"","multiple":false}
[debug] &amp#27;[35m[WD Proxy]&amp#27;[39m Got response with status 200: {"sessionId":"dac7b961-28c3-4099-ba69-f9a9f81b0d67","value":{"ELEMENT":"00000000-0000-0070-7fff-ffff00000011","element-6066-11e4-a52e-4f735466cecf":"00000000-0000-0070-7fff-ffff00000011"}}
[debug] &amp#27;[35m[W3C (46befbd9)]&amp#27;[39m Responding to client with driver.findElement() result: {"element-6066-11e4-a52e-4f735466cecf":"00000000-0000-0070-7fff-ffff00000011","ELEMENT":"00000000-0000-0070-7fff-ffff00000011"}
&amp#27;[35m[HTTP]&amp#27;[39m &amp#27;[37m<-- POST /wd/hub/session/46befbd9-2dc4-4ba2-82d3-2455fdc9676b/element &amp#27;[39m&amp#27;[32m200&amp#27;[39m &amp#27;[90m47 ms - 137&amp#27;[39m
&amp#27;[35m[HTTP]&amp#27;[39m &amp#27;[90m&amp#27;[39m
&amp#27;[35m[HTTP]&amp#27;[39m &amp#27;[37m-->&amp#27;[39m &amp#27;[37mPOST&amp#27;[39m &amp#27;[37m/wd/hub/session/46befbd9-2dc4-4ba2-82d3-2455fdc9676b/element/00000000-0000-0070-7fff-ffff00000011/click&amp#27;[39m
&amp#27;[35m[HTTP]&amp#27;[39m &amp#27;[90m{"id":"00000000-0000-0070-7fff-ffff00000011"}&amp#27;[39m
[debug] &amp#27;[35m[W3C (46befbd9)]&amp#27;[39m Calling AppiumDriver.click() with args: ["00000000-0000-0070-7fff-ffff00000011","46befbd9-2dc4-4ba2-82d3-2455fdc9676b"]
[debug] &amp#27;[35m[WD Proxy]&amp#27;[39m Matched '/element/00000000-0000-0070-7fff-ffff00000011/click' to command name 'click'
[debug] &amp#27;[35m[WD Proxy]&amp#27;[39m Proxying [POST /element/00000000-0000-0070-7fff-ffff00000011/click] to [POST http://127.0.0.1:8204/wd/hub/session/dac7b961-28c3-4099-ba69-f9a9f81b0d67/element/00000000-0000-0070-7fff-ffff00000011/click] with body: {"element":"00000000-0000-0070-7fff-ffff00000011"}
[debug] &amp#27;[35m[WD Proxy]&amp#27;[39m Got response with status 200: {"sessionId":"dac7b961-28c3-4099-ba69-f9a9f81b0d67","value":null}
[debug] &amp#27;[35m[W3C (46befbd9)]&amp#27;[39m Responding to client with driver.click() result: null
&amp#27;[35m[HTTP]&amp#27;[39m &amp#27;[37m<-- POST /wd/hub/session/46befbd9-2dc4-4ba2-82d3-2455fdc9676b/element/00000000-0000-0070-7fff-ffff00000011/click &amp#27;[39m&amp#27;[32m200&amp#27;[39m &amp#27;[90m54 ms - 14&amp#27;[39m
&amp#27;[35m[HTTP]&amp#27;[39m &amp#27;[90m&amp#27;[39m
&amp#27;[35m[HTTP]&amp#27;[39m &amp#27;[37m-->&amp#27;[39m &amp#27;[37mGET&amp#27;[39m &amp#27;[37m/wd/hub/session/46befbd9-2dc4-4ba2-82d3-2455fdc9676b/context&amp#27;[39m
&amp#27;[35m[HTTP]&amp#27;[39m &amp#27;[90m{}&amp#27;[39m
[debug] &amp#27;[35m[W3C (46befbd9)]&amp#27;[39m Calling AppiumDriver.getCurrentContext() with args: ["46befbd9-2dc4-4ba2-82d3-2455fdc9676b"]
[debug] &amp#27;[35m[W3C (46befbd9)]&amp#27;[39m Responding to client with driver.getCurrentContext() result: "NATIVE_APP"
&amp#27;[35m[HTTP]&amp#27;[39m &amp#27;[37m<-- GET /wd/hub/session/46befbd9-2dc4-4ba2-82d3-2455fdc9676b/context &amp#27;[39m&amp#27;[32m200&amp#27;[39m &amp#27;[90m1 ms - 22&amp#27;[39m
&amp#27;[35m[HTTP]&amp#27;[39m &amp#27;[90m&amp#27;[39m
&amp#27;[35m[HTTP]&amp#27;[39m &amp#27;[37m-->&amp#27;[39m &amp#27;[37mPOST&amp#27;[39m &amp#27;[37m/wd/hub/session/46befbd9-2dc4-4ba2-82d3-2455fdc9676b/element&amp#27;[39m
&amp#27;[35m[HTTP]&amp#27;[39m &amp#27;[90m{"using":"accessibility id","value":"button-login-container"}&amp#27;[39m
[debug] &amp#27;[35m[W3C (46befbd9)]&amp#27;[39m Calling AppiumDriver.findElement() with args: ["accessibility id","button-login-container","46befbd9-2dc4-4ba2-82d3-2455fdc9676b"]
[debug] &amp#27;[35m[BaseDriver]&amp#27;[39m Valid locator strategies for this request: xpath, id, class name, accessibility id, css selector, -android uiautomator
[debug] &amp#27;[35m[BaseDriver]&amp#27;[39m Waiting up to 30000 ms for condition
[debug] &amp#27;[35m[WD Proxy]&amp#27;[39m Matched '/element' to command name 'findElement'
[debug] &amp#27;[35m[WD Proxy]&amp#27;[39m Proxying [POST /element] to [POST http://127.0.0.1:8204/wd/hub/session/dac7b961-28c3-4099-ba69-f9a9f81b0d67/element] with body: {"strategy":"accessibility id","selector":"button-login-container","context":"","multiple":false}
&amp#27;[35m[WD Proxy]&amp#27;[39m Got response with status 404: {"sessionId":"dac7b961-28c3-4099-ba69-f9a9f81b0d67","value":{"error":"no such element","message":"An element could not be located on the page using the given search parameters","stacktrace":"io.appium.uiautomator2.common.exceptions.ElementNotFoundException: An element could not be located on the page using the given search parameters\n\tat io.appium.uiautomator2.handler.FindElement.safeHandle(FindElement.java:70)\n\tat io.appium.uiautomator2.handler.request.SafeRequestHandler.handle(SafeRequestHandler.java:59)\n\tat io.appium.uiautomator2.server.AppiumServlet.handleRequest(AppiumServlet.java:264)\n\tat io.appium.uiautomator2.server.AppiumServlet.handleHttpRequest(AppiumServlet.java:258)\n\tat io.appium.uiautomator2.http.ServerHandler.channelRead(ServerHandler.java:68)\n\tat io.netty.channel.AbstractChannelHandlerContext.invokeChannelRead(AbstractChannelHandlerContext.java:366)\n\tat io.netty.channel.AbstractChannelHandlerContext.invokeChannelRead(AbstractChannelHandlerContext.java:352)\n\tat io.netty.chann...
[debug] &amp#27;[35m[W3C]&amp#27;[39m Matched W3C error code 'no such element' to NoSuchElementError
[debug] &amp#27;[35m[BaseDriver]&amp#27;[39m Waited for 52 ms so far
[debug] &amp#27;[35m[WD Proxy]&amp#27;[39m Matched '/element' to command name 'findElement'
[debug] &amp#27;[35m[WD Proxy]&amp#27;[39m Proxying [POST /element] to [POST http://127.0.0.1:8204/wd/hub/session/dac7b961-28c3-4099-ba69-f9a9f81b0d67/element] with body: {"strategy":"accessibility id","selector":"button-login-container","context":"","multiple":false}
[debug] &amp#27;[35m[WD Proxy]&amp#27;[39m Got response with status 200: {"sessionId":"dac7b961-28c3-4099-ba69-f9a9f81b0d67","value":{"ELEMENT":"00000000-0000-0070-7fff-ffff00000044","element-6066-11e4-a52e-4f735466cecf":"00000000-0000-0070-7fff-ffff00000044"}}
[debug] &amp#27;[35m[W3C (46befbd9)]&amp#27;[39m Responding to client with driver.findElement() result: {"element-6066-11e4-a52e-4f735466cecf":"00000000-0000-0070-7fff-ffff00000044","ELEMENT":"00000000-0000-0070-7fff-ffff00000044"}
&amp#27;[35m[HTTP]&amp#27;[39m &amp#27;[37m<-- POST /wd/hub/session/46befbd9-2dc4-4ba2-82d3-2455fdc9676b/element &amp#27;[39m&amp#27;[32m200&amp#27;[39m &amp#27;[90m975 ms - 137&amp#27;[39m
&amp#27;[35m[HTTP]&amp#27;[39m &amp#27;[90m&amp#27;[39m
&amp#27;[35m[HTTP]&amp#27;[39m &amp#27;[37m-->&amp#27;[39m &amp#27;[37mPOST&amp#27;[39m &amp#27;[37m/wd/hub/session/46befbd9-2dc4-4ba2-82d3-2455fdc9676b/element/00000000-0000-0070-7fff-ffff00000044/click&amp#27;[39m
&amp#27;[35m[HTTP]&amp#27;[39m &amp#27;[90m{"id":"00000000-0000-0070-7fff-ffff00000044"}&amp#27;[39m
[debug] &amp#27;[35m[W3C (46befbd9)]&amp#27;[39m Calling AppiumDriver.click() with args: ["00000000-0000-0070-7fff-ffff00000044","46befbd9-2dc4-4ba2-82d3-2455fdc9676b"]
[debug] &amp#27;[35m[WD Proxy]&amp#27;[39m Matched '/element/00000000-0000-0070-7fff-ffff00000044/click' to command name 'click'
[debug] &amp#27;[35m[WD Proxy]&amp#27;[39m Proxying [POST /element/00000000-0000-0070-7fff-ffff00000044/click] to [POST http://127.0.0.1:8204/wd/hub/session/dac7b961-28c3-4099-ba69-f9a9f81b0d67/element/00000000-0000-0070-7fff-ffff00000044/click] with body: {"element":"00000000-0000-0070-7fff-ffff00000044"}
[debug] &amp#27;[35m[WD Proxy]&amp#27;[39m Got response with status 200: {"sessionId":"dac7b961-28c3-4099-ba69-f9a9f81b0d67","value":null}
[debug] &amp#27;[35m[W3C (46befbd9)]&amp#27;[39m Responding to client with driver.click() result: null
&amp#27;[35m[HTTP]&amp#27;[39m &amp#27;[37m<-- POST /wd/hub/session/46befbd9-2dc4-4ba2-82d3-2455fdc9676b/element/00000000-0000-0070-7fff-ffff00000044/click &amp#27;[39m&amp#27;[32m200&amp#27;[39m &amp#27;[90m44 ms - 14&amp#27;[39m
&amp#27;[35m[HTTP]&amp#27;[39m &amp#27;[90m&amp#27;[39m
&amp#27;[35m[HTTP]&amp#27;[39m &amp#27;[37m-->&amp#27;[39m &amp#27;[37mGET&amp#27;[39m &amp#27;[37m/wd/hub/session/46befbd9-2dc4-4ba2-82d3-2455fdc9676b/context&amp#27;[39m
&amp#27;[35m[HTTP]&amp#27;[39m &amp#27;[90m{}&amp#27;[39m
[debug] &amp#27;[35m[W3C (46befbd9)]&amp#27;[39m Calling AppiumDriver.getCurrentContext() with args: ["46befbd9-2dc4-4ba2-82d3-2455fdc9676b"]
[debug] &amp#27;[35m[W3C (46befbd9)]&amp#27;[39m Responding to client with driver.getCurrentContext() result: "NATIVE_APP"
&amp#27;[35m[HTTP]&amp#27;[39m &amp#27;[37m<-- GET /wd/hub/session/46befbd9-2dc4-4ba2-82d3-2455fdc9676b/context &amp#27;[39m&amp#27;[32m200&amp#27;[39m &amp#27;[90m1 ms - 22&amp#27;[39m
&amp#27;[35m[HTTP]&amp#27;[39m &amp#27;[90m&amp#27;[39m
&amp#27;[35m[HTTP]&amp#27;[39m &amp#27;[37m-->&amp#27;[39m &amp#27;[37mPOST&amp#27;[39m &amp#27;[37m/wd/hub/session/46befbd9-2dc4-4ba2-82d3-2455fdc9676b/element&amp#27;[39m
&amp#27;[35m[HTTP]&amp#27;[39m &amp#27;[90m{"using":"accessibility id","value":"button-LOGIN"}&amp#27;[39m
[debug] &amp#27;[35m[W3C (46befbd9)]&amp#27;[39m Calling AppiumDriver.findElement() with args: ["accessibility id","button-LOGIN","46befbd9-2dc4-4ba2-82d3-2455fdc9676b"]
[debug] &amp#27;[35m[BaseDriver]&amp#27;[39m Valid locator strategies for this request: xpath, id, class name, accessibility id, css selector, -android uiautomator
[debug] &amp#27;[35m[BaseDriver]&amp#27;[39m Waiting up to 30000 ms for condition
[debug] &amp#27;[35m[WD Proxy]&amp#27;[39m Matched '/element' to command name 'findElement'
[debug] &amp#27;[35m[WD Proxy]&amp#27;[39m Proxying [POST /element] to [POST http://127.0.0.1:8204/wd/hub/session/dac7b961-28c3-4099-ba69-f9a9f81b0d67/element] with body: {"strategy":"accessibility id","selector":"button-LOGIN","context":"","multiple":false}
[debug] &amp#27;[35m[WD Proxy]&amp#27;[39m Got response with status 200: {"sessionId":"dac7b961-28c3-4099-ba69-f9a9f81b0d67","value":{"ELEMENT":"00000000-0000-0070-7fff-ffff00000053","element-6066-11e4-a52e-4f735466cecf":"00000000-0000-0070-7fff-ffff00000053"}}
[debug] &amp#27;[35m[W3C (46befbd9)]&amp#27;[39m Responding to client with driver.findElement() result: {"element-6066-11e4-a52e-4f735466cecf":"00000000-0000-0070-7fff-ffff00000053","ELEMENT":"00000000-0000-0070-7fff-ffff00000053"}
&amp#27;[35m[HTTP]&amp#27;[39m &amp#27;[37m<-- POST /wd/hub/session/46befbd9-2dc4-4ba2-82d3-2455fdc9676b/element &amp#27;[39m&amp#27;[32m200&amp#27;[39m &amp#27;[90m46 ms - 137&amp#27;[39m
&amp#27;[35m[HTTP]&amp#27;[39m &amp#27;[90m&amp#27;[39m
&amp#27;[35m[HTTP]&amp#27;[39m &amp#27;[37m-->&amp#27;[39m &amp#27;[37mGET&amp#27;[39m &amp#27;[37m/wd/hub/session/46befbd9-2dc4-4ba2-82d3-2455fdc9676b/element/00000000-0000-0070-7fff-ffff00000053/displayed&amp#27;[39m
&amp#27;[35m[HTTP]&amp#27;[39m &amp#27;[90m{}&amp#27;[39m
[debug] &amp#27;[35m[W3C (46befbd9)]&amp#27;[39m Calling AppiumDriver.elementDisplayed() with args: ["00000000-0000-0070-7fff-ffff00000053","46befbd9-2dc4-4ba2-82d3-2455fdc9676b"]
[debug] &amp#27;[35m[WD Proxy]&amp#27;[39m Matched '/element/00000000-0000-0070-7fff-ffff00000053/attribute/displayed' to command name 'getAttribute'
[debug] &amp#27;[35m[WD Proxy]&amp#27;[39m Proxying [GET /element/00000000-0000-0070-7fff-ffff00000053/attribute/displayed] to [GET http://127.0.0.1:8204/wd/hub/session/dac7b961-28c3-4099-ba69-f9a9f81b0d67/element/00000000-0000-0070-7fff-ffff00000053/attribute/displayed] with no body
[debug] &amp#27;[35m[WD Proxy]&amp#27;[39m Got response with status 200: {"sessionId":"dac7b961-28c3-4099-ba69-f9a9f81b0d67","value":"true"}
[debug] &amp#27;[35m[W3C (46befbd9)]&amp#27;[39m Responding to client with driver.elementDisplayed() result: true
&amp#27;[35m[HTTP]&amp#27;[39m &amp#27;[37m<-- GET /wd/hub/session/46befbd9-2dc4-4ba2-82d3-2455fdc9676b/element/00000000-0000-0070-7fff-ffff00000053/displayed &amp#27;[39m&amp#27;[32m200&amp#27;[39m &amp#27;[90m814 ms - 14&amp#27;[39m
&amp#27;[35m[HTTP]&amp#27;[39m &amp#27;[90m&amp#27;[39m
&amp#27;[35m[HTTP]&amp#27;[39m &amp#27;[37m-->&amp#27;[39m &amp#27;[37mGET&amp#27;[39m &amp#27;[37m/wd/hub/session/46befbd9-2dc4-4ba2-82d3-2455fdc9676b/context&amp#27;[39m
&amp#27;[35m[HTTP]&amp#27;[39m &amp#27;[90m{}&amp#27;[39m
[debug] &amp#27;[35m[W3C (46befbd9)]&amp#27;[39m Calling AppiumDriver.getCurrentContext() with args: ["46befbd9-2dc4-4ba2-82d3-2455fdc9676b"]
[debug] &amp#27;[35m[W3C (46befbd9)]&amp#27;[39m Responding to client with driver.getCurrentContext() result: "NATIVE_APP"
&amp#27;[35m[HTTP]&amp#27;[39m &amp#27;[37m<-- GET /wd/hub/session/46befbd9-2dc4-4ba2-82d3-2455fdc9676b/context &amp#27;[39m&amp#27;[32m200&amp#27;[39m &amp#27;[90m2 ms - 22&amp#27;[39m
&amp#27;[35m[HTTP]&amp#27;[39m &amp#27;[90m&amp#27;[39m
&amp#27;[35m[HTTP]&amp#27;[39m &amp#27;[37m-->&amp#27;[39m &amp#27;[37mPOST&amp#27;[39m &amp#27;[37m/wd/hub/session/46befbd9-2dc4-4ba2-82d3-2455fdc9676b/element&amp#27;[39m
&amp#27;[35m[HTTP]&amp#27;[39m &amp#27;[90m{"using":"accessibility id","value":"button-LOGIN"}&amp#27;[39m
[debug] &amp#27;[35m[W3C (46befbd9)]&amp#27;[39m Calling AppiumDriver.findElement() with args: ["accessibility id","button-LOGIN","46befbd9-2dc4-4ba2-82d3-2455fdc9676b"]
[debug] &amp#27;[35m[BaseDriver]&amp#27;[39m Valid locator strategies for this request: xpath, id, class name, accessibility id, css selector, -android uiautomator
[debug] &amp#27;[35m[BaseDriver]&amp#27;[39m Waiting up to 30000 ms for condition
[debug] &amp#27;[35m[WD Proxy]&amp#27;[39m Matched '/element' to command name 'findElement'
[debug] &amp#27;[35m[WD Proxy]&amp#27;[39m Proxying [POST /element] to [POST http://127.0.0.1:8204/wd/hub/session/dac7b961-28c3-4099-ba69-f9a9f81b0d67/element] with body: {"strategy":"accessibility id","selector":"button-LOGIN","context":"","multiple":false}
[debug] &amp#27;[35m[WD Proxy]&amp#27;[39m Got response with status 200: {"sessionId":"dac7b961-28c3-4099-ba69-f9a9f81b0d67","value":{"ELEMENT":"00000000-0000-0070-7fff-ffff00000053","element-6066-11e4-a52e-4f735466cecf":"00000000-0000-0070-7fff-ffff00000053"}}
[debug] &amp#27;[35m[W3C (46befbd9)]&amp#27;[39m Responding to client with driver.findElement() result: {"element-6066-11e4-a52e-4f735466cecf":"00000000-0000-0070-7fff-ffff00000053","ELEMENT":"00000000-0000-0070-7fff-ffff00000053"}
&amp#27;[35m[HTTP]&amp#27;[39m &amp#27;[37m<-- POST /wd/hub/session/46befbd9-2dc4-4ba2-82d3-2455fdc9676b/element &amp#27;[39m&amp#27;[32m200&amp#27;[39m &amp#27;[90m90 ms - 137&amp#27;[39m
&amp#27;[35m[HTTP]&amp#27;[39m &amp#27;[90m&amp#27;[39m
&amp#27;[35m[HTTP]&amp#27;[39m &amp#27;[37m-->&amp#27;[39m &amp#27;[37mGET&amp#27;[39m &amp#27;[37m/wd/hub/session/46befbd9-2dc4-4ba2-82d3-2455fdc9676b/element/00000000-0000-0070-7fff-ffff00000053/displayed&amp#27;[39m
&amp#27;[35m[HTTP]&amp#27;[39m &amp#27;[90m{}&amp#27;[39m
[debug] &amp#27;[35m[W3C (46befbd9)]&amp#27;[39m Calling AppiumDriver.elementDisplayed() with args: ["00000000-0000-0070-7fff-ffff00000053","46befbd9-2dc4-4ba2-82d3-2455fdc9676b"]
[debug] &amp#27;[35m[WD Proxy]&amp#27;[39m Matched '/element/00000000-0000-0070-7fff-ffff00000053/attribute/displayed' to command name 'getAttribute'
[debug] &amp#27;[35m[WD Proxy]&amp#27;[39m Proxying [GET /element/00000000-0000-0070-7fff-ffff00000053/attribute/displayed] to [GET http://127.0.0.1:8204/wd/hub/session/dac7b961-28c3-4099-ba69-f9a9f81b0d67/element/00000000-0000-0070-7fff-ffff00000053/attribute/displayed] with no body
[debug] &amp#27;[35m[WD Proxy]&amp#27;[39m Got response with status 200: {"sessionId":"dac7b961-28c3-4099-ba69-f9a9f81b0d67","value":"true"}
[debug] &amp#27;[35m[W3C (46befbd9)]&amp#27;[39m Responding to client with driver.elementDisplayed() result: true
&amp#27;[35m[HTTP]&amp#27;[39m &amp#27;[37m<-- GET /wd/hub/session/46befbd9-2dc4-4ba2-82d3-2455fdc9676b/element/00000000-0000-0070-7fff-ffff00000053/displayed &amp#27;[39m&amp#27;[32m200&amp#27;[39m &amp#27;[90m36 ms - 14&amp#27;[39m
&amp#27;[35m[HTTP]&amp#27;[39m &amp#27;[90m&amp#27;[39m
&amp#27;[35m[HTTP]&amp#27;[39m &amp#27;[37m-->&amp#27;[39m &amp#27;[37mGET&amp#27;[39m &amp#27;[37m/wd/hub/session/46befbd9-2dc4-4ba2-82d3-2455fdc9676b/context&amp#27;[39m
&amp#27;[35m[HTTP]&amp#27;[39m &amp#27;[90m{}&amp#27;[39m
[debug] &amp#27;[35m[W3C (46befbd9)]&amp#27;[39m Calling AppiumDriver.getCurrentContext() with args: ["46befbd9-2dc4-4ba2-82d3-2455fdc9676b"]
[debug] &amp#27;[35m[W3C (46befbd9)]&amp#27;[39m Responding to client with driver.getCurrentContext() result: "NATIVE_APP"
&amp#27;[35m[HTTP]&amp#27;[39m &amp#27;[37m<-- GET /wd/hub/session/46befbd9-2dc4-4ba2-82d3-2455fdc9676b/context &amp#27;[39m&amp#27;[32m200&amp#27;[39m &amp#27;[90m1 ms - 22&amp#27;[39m
&amp#27;[35m[HTTP]&amp#27;[39m &amp#27;[90m&amp#27;[39m
&amp#27;[35m[HTTP]&amp#27;[39m &amp#27;[37m-->&amp#27;[39m &amp#27;[37mPOST&amp#27;[39m &amp#27;[37m/wd/hub/session/46befbd9-2dc4-4ba2-82d3-2455fdc9676b/element&amp#27;[39m
&amp#27;[35m[HTTP]&amp#27;[39m &amp#27;[90m{"using":"accessibility id","value":"input-email"}&amp#27;[39m
[debug] &amp#27;[35m[W3C (46befbd9)]&amp#27;[39m Calling AppiumDriver.findElement() with args: ["accessibility id","input-email","46befbd9-2dc4-4ba2-82d3-2455fdc9676b"]
[debug] &amp#27;[35m[BaseDriver]&amp#27;[39m Valid locator strategies for this request: xpath, id, class name, accessibility id, css selector, -android uiautomator
[debug] &amp#27;[35m[BaseDriver]&amp#27;[39m Waiting up to 30000 ms for condition
[debug] &amp#27;[35m[WD Proxy]&amp#27;[39m Matched '/element' to command name 'findElement'
[debug] &amp#27;[35m[WD Proxy]&amp#27;[39m Proxying [POST /element] to [POST http://127.0.0.1:8204/wd/hub/session/dac7b961-28c3-4099-ba69-f9a9f81b0d67/element] with body: {"strategy":"accessibility id","selector":"input-email","context":"","multiple":false}
[debug] &amp#27;[35m[WD Proxy]&amp#27;[39m Got response with status 200: {"sessionId":"dac7b961-28c3-4099-ba69-f9a9f81b0d67","value":{"ELEMENT":"00000000-0000-0070-7fff-ffff0000003a","element-6066-11e4-a52e-4f735466cecf":"00000000-0000-0070-7fff-ffff0000003a"}}
[debug] &amp#27;[35m[W3C (46befbd9)]&amp#27;[39m Responding to client with driver.findElement() result: {"element-6066-11e4-a52e-4f735466cecf":"00000000-0000-0070-7fff-ffff0000003a","ELEMENT":"00000000-0000-0070-7fff-ffff0000003a"}
&amp#27;[35m[HTTP]&amp#27;[39m &amp#27;[37m<-- POST /wd/hub/session/46befbd9-2dc4-4ba2-82d3-2455fdc9676b/element &amp#27;[39m&amp#27;[32m200&amp#27;[39m &amp#27;[90m54 ms - 137&amp#27;[39m
&amp#27;[35m[HTTP]&amp#27;[39m &amp#27;[90m&amp#27;[39m
&amp#27;[35m[HTTP]&amp#27;[39m &amp#27;[37m-->&amp#27;[39m &amp#27;[37mGET&amp#27;[39m &amp#27;[37m/wd/hub/session/46befbd9-2dc4-4ba2-82d3-2455fdc9676b/element/00000000-0000-0070-7fff-ffff0000003a/displayed&amp#27;[39m
&amp#27;[35m[HTTP]&amp#27;[39m &amp#27;[90m{}&amp#27;[39m
[debug] &amp#27;[35m[W3C (46befbd9)]&amp#27;[39m Calling AppiumDriver.elementDisplayed() with args: ["00000000-0000-0070-7fff-ffff0000003a","46befbd9-2dc4-4ba2-82d3-2455fdc9676b"]
[debug] &amp#27;[35m[WD Proxy]&amp#27;[39m Matched '/element/00000000-0000-0070-7fff-ffff0000003a/attribute/displayed' to command name 'getAttribute'
[debug] &amp#27;[35m[WD Proxy]&amp#27;[39m Proxying [GET /element/00000000-0000-0070-7fff-ffff0000003a/attribute/displayed] to [GET http://127.0.0.1:8204/wd/hub/session/dac7b961-28c3-4099-ba69-f9a9f81b0d67/element/00000000-0000-0070-7fff-ffff0000003a/attribute/displayed] with no body
[debug] &amp#27;[35m[WD Proxy]&amp#27;[39m Got response with status 200: {"sessionId":"dac7b961-28c3-4099-ba69-f9a9f81b0d67","value":"true"}
[debug] &amp#27;[35m[W3C (46befbd9)]&amp#27;[39m Responding to client with driver.elementDisplayed() result: true
&amp#27;[35m[HTTP]&amp#27;[39m &amp#27;[37m<-- GET /wd/hub/session/46befbd9-2dc4-4ba2-82d3-2455fdc9676b/element/00000000-0000-0070-7fff-ffff0000003a/displayed &amp#27;[39m&amp#27;[32m200&amp#27;[39m &amp#27;[90m39 ms - 14&amp#27;[39m
&amp#27;[35m[HTTP]&amp#27;[39m &amp#27;[90m&amp#27;[39m
&amp#27;[35m[HTTP]&amp#27;[39m &amp#27;[37m-->&amp#27;[39m &amp#27;[37mGET&amp#27;[39m &amp#27;[37m/wd/hub/session/46befbd9-2dc4-4ba2-82d3-2455fdc9676b/context&amp#27;[39m
&amp#27;[35m[HTTP]&amp#27;[39m &amp#27;[90m{}&amp#27;[39m
[debug] &amp#27;[35m[W3C (46befbd9)]&amp#27;[39m Calling AppiumDriver.getCurrentContext() with args: ["46befbd9-2dc4-4ba2-82d3-2455fdc9676b"]
[debug] &amp#27;[35m[W3C (46befbd9)]&amp#27;[39m Responding to client with driver.getCurrentContext() result: "NATIVE_APP"
&amp#27;[35m[HTTP]&amp#27;[39m &amp#27;[37m<-- GET /wd/hub/session/46befbd9-2dc4-4ba2-82d3-2455fdc9676b/context &amp#27;[39m&amp#27;[32m200&amp#27;[39m &amp#27;[90m1 ms - 22&amp#27;[39m
&amp#27;[35m[HTTP]&amp#27;[39m &amp#27;[90m&amp#27;[39m
&amp#27;[35m[HTTP]&amp#27;[39m &amp#27;[37m-->&amp#27;[39m &amp#27;[37mPOST&amp#27;[39m &amp#27;[37m/wd/hub/session/46befbd9-2dc4-4ba2-82d3-2455fdc9676b/element&amp#27;[39m
&amp#27;[35m[HTTP]&amp#27;[39m &amp#27;[90m{"using":"accessibility id","value":"input-email"}&amp#27;[39m
[debug] &amp#27;[35m[W3C (46befbd9)]&amp#27;[39m Calling AppiumDriver.findElement() with args: ["accessibility id","input-email","46befbd9-2dc4-4ba2-82d3-2455fdc9676b"]
[debug] &amp#27;[35m[BaseDriver]&amp#27;[39m Valid locator strategies for this request: xpath, id, class name, accessibility id, css selector, -android uiautomator
[debug] &amp#27;[35m[BaseDriver]&amp#27;[39m Waiting up to 30000 ms for condition
[debug] &amp#27;[35m[WD Proxy]&amp#27;[39m Matched '/element' to command name 'findElement'
[debug] &amp#27;[35m[WD Proxy]&amp#27;[39m Proxying [POST /element] to [POST http://127.0.0.1:8204/wd/hub/session/dac7b961-28c3-4099-ba69-f9a9f81b0d67/element] with body: {"strategy":"accessibility id","selector":"input-email","context":"","multiple":false}
[debug] &amp#27;[35m[WD Proxy]&amp#27;[39m Got response with status 200: {"sessionId":"dac7b961-28c3-4099-ba69-f9a9f81b0d67","value":{"ELEMENT":"00000000-0000-0070-7fff-ffff0000003a","element-6066-11e4-a52e-4f735466cecf":"00000000-0000-0070-7fff-ffff0000003a"}}
[debug] &amp#27;[35m[W3C (46befbd9)]&amp#27;[39m Responding to client with driver.findElement() result: {"element-6066-11e4-a52e-4f735466cecf":"00000000-0000-0070-7fff-ffff0000003a","ELEMENT":"00000000-0000-0070-7fff-ffff0000003a"}
&amp#27;[35m[HTTP]&amp#27;[39m &amp#27;[37m<-- POST /wd/hub/session/46befbd9-2dc4-4ba2-82d3-2455fdc9676b/element &amp#27;[39m&amp#27;[32m200&amp#27;[39m &amp#27;[90m61 ms - 137&amp#27;[39m
&amp#27;[35m[HTTP]&amp#27;[39m &amp#27;[90m&amp#27;[39m
&amp#27;[35m[HTTP]&amp#27;[39m &amp#27;[37m-->&amp#27;[39m &amp#27;[37mPOST&amp#27;[39m &amp#27;[37m/wd/hub/session/46befbd9-2dc4-4ba2-82d3-2455fdc9676b/element/00000000-0000-0070-7fff-ffff0000003a/clear&amp#27;[39m
&amp#27;[35m[HTTP]&amp#27;[39m &amp#27;[90m{"id":"00000000-0000-0070-7fff-ffff0000003a"}&amp#27;[39m
[debug] &amp#27;[35m[W3C (46befbd9)]&amp#27;[39m Calling AppiumDriver.clear() with args: ["00000000-0000-0070-7fff-ffff0000003a","46befbd9-2dc4-4ba2-82d3-2455fdc9676b"]
[debug] &amp#27;[35m[WD Proxy]&amp#27;[39m Matched '/element/00000000-0000-0070-7fff-ffff0000003a/clear' to command name 'clear'
[debug] &amp#27;[35m[WD Proxy]&amp#27;[39m Proxying [POST /element/00000000-0000-0070-7fff-ffff0000003a/clear] to [POST http://127.0.0.1:8204/wd/hub/session/dac7b961-28c3-4099-ba69-f9a9f81b0d67/element/00000000-0000-0070-7fff-ffff0000003a/clear] with body: {"elementId":"00000000-0000-0070-7fff-ffff0000003a"}
[debug] &amp#27;[35m[WD Proxy]&amp#27;[39m Got response with status 200: {"sessionId":"dac7b961-28c3-4099-ba69-f9a9f81b0d67","value":null}
[debug] &amp#27;[35m[W3C (46befbd9)]&amp#27;[39m Responding to client with driver.clear() result: null
&amp#27;[35m[HTTP]&amp#27;[39m &amp#27;[37m<-- POST /wd/hub/session/46befbd9-2dc4-4ba2-82d3-2455fdc9676b/element/00000000-0000-0070-7fff-ffff0000003a/clear &amp#27;[39m&amp#27;[32m200&amp#27;[39m &amp#27;[90m25 ms - 14&amp#27;[39m
&amp#27;[35m[HTTP]&amp#27;[39m &amp#27;[90m&amp#27;[39m
&amp#27;[35m[HTTP]&amp#27;[39m &amp#27;[37m-->&amp#27;[39m &amp#27;[37mGET&amp#27;[39m &amp#27;[37m/wd/hub/session/46befbd9-2dc4-4ba2-82d3-2455fdc9676b/context&amp#27;[39m
&amp#27;[35m[HTTP]&amp#27;[39m &amp#27;[90m{}&amp#27;[39m
[debug] &amp#27;[35m[W3C (46befbd9)]&amp#27;[39m Calling AppiumDriver.getCurrentContext() with args: ["46befbd9-2dc4-4ba2-82d3-2455fdc9676b"]
[debug] &amp#27;[35m[W3C (46befbd9)]&amp#27;[39m Responding to client with driver.getCurrentContext() result: "NATIVE_APP"
&amp#27;[35m[HTTP]&amp#27;[39m &amp#27;[37m<-- GET /wd/hub/session/46befbd9-2dc4-4ba2-82d3-2455fdc9676b/context &amp#27;[39m&amp#27;[32m200&amp#27;[39m &amp#27;[90m1 ms - 22&amp#27;[39m
&amp#27;[35m[HTTP]&amp#27;[39m &amp#27;[90m&amp#27;[39m
&amp#27;[35m[HTTP]&amp#27;[39m &amp#27;[37m-->&amp#27;[39m &amp#27;[37mPOST&amp#27;[39m &amp#27;[37m/wd/hub/session/46befbd9-2dc4-4ba2-82d3-2455fdc9676b/element&amp#27;[39m
&amp#27;[35m[HTTP]&amp#27;[39m &amp#27;[90m{"using":"accessibility id","value":"input-email"}&amp#27;[39m
[debug] &amp#27;[35m[W3C (46befbd9)]&amp#27;[39m Calling AppiumDriver.findElement() with args: ["accessibility id","input-email","46befbd9-2dc4-4ba2-82d3-2455fdc9676b"]
[debug] &amp#27;[35m[BaseDriver]&amp#27;[39m Valid locator strategies for this request: xpath, id, class name, accessibility id, css selector, -android uiautomator
[debug] &amp#27;[35m[BaseDriver]&amp#27;[39m Waiting up to 30000 ms for condition
[debug] &amp#27;[35m[WD Proxy]&amp#27;[39m Matched '/element' to command name 'findElement'
[debug] &amp#27;[35m[WD Proxy]&amp#27;[39m Proxying [POST /element] to [POST http://127.0.0.1:8204/wd/hub/session/dac7b961-28c3-4099-ba69-f9a9f81b0d67/element] with body: {"strategy":"accessibility id","selector":"input-email","context":"","multiple":false}
[debug] &amp#27;[35m[WD Proxy]&amp#27;[39m Got response with status 200: {"sessionId":"dac7b961-28c3-4099-ba69-f9a9f81b0d67","value":{"ELEMENT":"00000000-0000-0070-7fff-ffff0000003a","element-6066-11e4-a52e-4f735466cecf":"00000000-0000-0070-7fff-ffff0000003a"}}
[debug] &amp#27;[35m[W3C (46befbd9)]&amp#27;[39m Responding to client with driver.findElement() result: {"element-6066-11e4-a52e-4f735466cecf":"00000000-0000-0070-7fff-ffff0000003a","ELEMENT":"00000000-0000-0070-7fff-ffff0000003a"}
&amp#27;[35m[HTTP]&amp#27;[39m &amp#27;[37m<-- POST /wd/hub/session/46befbd9-2dc4-4ba2-82d3-2455fdc9676b/element &amp#27;[39m&amp#27;[32m200&amp#27;[39m &amp#27;[90m539 ms - 137&amp#27;[39m
&amp#27;[35m[HTTP]&amp#27;[39m &amp#27;[90m&amp#27;[39m
&amp#27;[35m[HTTP]&amp#27;[39m &amp#27;[37m-->&amp#27;[39m &amp#27;[37mGET&amp#27;[39m &amp#27;[37m/wd/hub/session/46befbd9-2dc4-4ba2-82d3-2455fdc9676b/element/00000000-0000-0070-7fff-ffff0000003a/displayed&amp#27;[39m
&amp#27;[35m[HTTP]&amp#27;[39m &amp#27;[90m{}&amp#27;[39m
[debug] &amp#27;[35m[W3C (46befbd9)]&amp#27;[39m Calling AppiumDriver.elementDisplayed() with args: ["00000000-0000-0070-7fff-ffff0000003a","46befbd9-2dc4-4ba2-82d3-2455fdc9676b"]
[debug] &amp#27;[35m[WD Proxy]&amp#27;[39m Matched '/element/00000000-0000-0070-7fff-ffff0000003a/attribute/displayed' to command name 'getAttribute'
[debug] &amp#27;[35m[WD Proxy]&amp#27;[39m Proxying [GET /element/00000000-0000-0070-7fff-ffff0000003a/attribute/displayed] to [GET http://127.0.0.1:8204/wd/hub/session/dac7b961-28c3-4099-ba69-f9a9f81b0d67/element/00000000-0000-0070-7fff-ffff0000003a/attribute/displayed] with no body
[debug] &amp#27;[35m[WD Proxy]&amp#27;[39m Got response with status 200: {"sessionId":"dac7b961-28c3-4099-ba69-f9a9f81b0d67","value":"true"}
[debug] &amp#27;[35m[W3C (46befbd9)]&amp#27;[39m Responding to client with driver.elementDisplayed() result: true
&amp#27;[35m[HTTP]&amp#27;[39m &amp#27;[37m<-- GET /wd/hub/session/46befbd9-2dc4-4ba2-82d3-2455fdc9676b/element/00000000-0000-0070-7fff-ffff0000003a/displayed &amp#27;[39m&amp#27;[32m200&amp#27;[39m &amp#27;[90m21 ms - 14&amp#27;[39m
&amp#27;[35m[HTTP]&amp#27;[39m &amp#27;[90m&amp#27;[39m
&amp#27;[35m[HTTP]&amp#27;[39m &amp#27;[37m-->&amp#27;[39m &amp#27;[37mGET&amp#27;[39m &amp#27;[37m/wd/hub/session/46befbd9-2dc4-4ba2-82d3-2455fdc9676b/context&amp#27;[39m
&amp#27;[35m[HTTP]&amp#27;[39m &amp#27;[90m{}&amp#27;[39m
[debug] &amp#27;[35m[W3C (46befbd9)]&amp#27;[39m Calling AppiumDriver.getCurrentContext() with args: ["46befbd9-2dc4-4ba2-82d3-2455fdc9676b"]
[debug] &amp#27;[35m[W3C (46befbd9)]&amp#27;[39m Responding to client with driver.getCurrentContext() result: "NATIVE_APP"
&amp#27;[35m[HTTP]&amp#27;[39m &amp#27;[37m<-- GET /wd/hub/session/46befbd9-2dc4-4ba2-82d3-2455fdc9676b/context &amp#27;[39m&amp#27;[32m200&amp#27;[39m &amp#27;[90m1 ms - 22&amp#27;[39m
&amp#27;[35m[HTTP]&amp#27;[39m &amp#27;[90m&amp#27;[39m
&amp#27;[35m[HTTP]&amp#27;[39m &amp#27;[37m-->&amp#27;[39m &amp#27;[37mPOST&amp#27;[39m &amp#27;[37m/wd/hub/session/46befbd9-2dc4-4ba2-82d3-2455fdc9676b/element&amp#27;[39m
&amp#27;[35m[HTTP]&amp#27;[39m &amp#27;[90m{"using":"accessibility id","value":"input-email"}&amp#27;[39m
[debug] &amp#27;[35m[W3C (46befbd9)]&amp#27;[39m Calling AppiumDriver.findElement() with args: ["accessibility id","input-email","46befbd9-2dc4-4ba2-82d3-2455fdc9676b"]
[debug] &amp#27;[35m[BaseDriver]&amp#27;[39m Valid locator strategies for this request: xpath, id, class name, accessibility id, css selector, -android uiautomator
[debug] &amp#27;[35m[BaseDriver]&amp#27;[39m Waiting up to 30000 ms for condition
[debug] &amp#27;[35m[WD Proxy]&amp#27;[39m Matched '/element' to command name 'findElement'
[debug] &amp#27;[35m[WD Proxy]&amp#27;[39m Proxying [POST /element] to [POST http://127.0.0.1:8204/wd/hub/session/dac7b961-28c3-4099-ba69-f9a9f81b0d67/element] with body: {"strategy":"accessibility id","selector":"input-email","context":"","multiple":false}
[debug] &amp#27;[35m[WD Proxy]&amp#27;[39m Got response with status 200: {"sessionId":"dac7b961-28c3-4099-ba69-f9a9f81b0d67","value":{"ELEMENT":"00000000-0000-0070-7fff-ffff0000003a","element-6066-11e4-a52e-4f735466cecf":"00000000-0000-0070-7fff-ffff0000003a"}}
[debug] &amp#27;[35m[W3C (46befbd9)]&amp#27;[39m Responding to client with driver.findElement() result: {"element-6066-11e4-a52e-4f735466cecf":"00000000-0000-0070-7fff-ffff0000003a","ELEMENT":"00000000-0000-0070-7fff-ffff0000003a"}
&amp#27;[35m[HTTP]&amp#27;[39m &amp#27;[37m<-- POST /wd/hub/session/46befbd9-2dc4-4ba2-82d3-2455fdc9676b/element &amp#27;[39m&amp#27;[32m200&amp#27;[39m &amp#27;[90m56 ms - 137&amp#27;[39m
&amp#27;[35m[HTTP]&amp#27;[39m &amp#27;[90m&amp#27;[39m
&amp#27;[35m[HTTP]&amp#27;[39m &amp#27;[37m-->&amp#27;[39m &amp#27;[37mPOST&amp#27;[39m &amp#27;[37m/wd/hub/session/46befbd9-2dc4-4ba2-82d3-2455fdc9676b/element/00000000-0000-0070-7fff-ffff0000003a/value&amp#27;[39m
&amp#27;[35m[HTTP]&amp#27;[39m &amp#27;[90m{"id":"00000000-0000-0070-7fff-ffff0000003a","text":"Tunghuynh@gmail.com","value":["T","u","n","g","h","u","y","n","h","@","g","m","a","i","l",".","c","o","m"]}&amp#27;[39m
[debug] &amp#27;[35m[W3C (46befbd9)]&amp#27;[39m Calling AppiumDriver.setValue() with args: [["T","u","n","g","h","u","y","n","h","@","g","m","a","i","l",".","c","o","m"],"00000000-0000-0070-7fff-ffff0000003a","46befbd9-2dc4-4ba2-82d3-2455fdc9676b"]
[debug] &amp#27;[35m[WD Proxy]&amp#27;[39m Matched '/element/00000000-0000-0070-7fff-ffff0000003a/value' to command name 'setValue'
[debug] &amp#27;[35m[Protocol Converter]&amp#27;[39m Added 'value' property ["T","u","n","g","h","u","y","n","h","@","g","m","a","i","l",".","c","o","m"] to 'setValue' request body
[debug] &amp#27;[35m[WD Proxy]&amp#27;[39m Proxying [POST /element/00000000-0000-0070-7fff-ffff0000003a/value] to [POST http://127.0.0.1:8204/wd/hub/session/dac7b961-28c3-4099-ba69-f9a9f81b0d67/element/00000000-0000-0070-7fff-ffff0000003a/value] with body: {"elementId":"00000000-0000-0070-7fff-ffff0000003a","text":"Tunghuynh@gmail.com","replace":false,"value":["T","u","n","g","h","u","y","n","h","@","g","m","a","i","l",".","c","o","m"]}
[debug] &amp#27;[35m[WD Proxy]&amp#27;[39m Got response with status 200: {"sessionId":"dac7b961-28c3-4099-ba69-f9a9f81b0d67","value":null}
[debug] &amp#27;[35m[W3C (46befbd9)]&amp#27;[39m Responding to client with driver.setValue() result: null
&amp#27;[35m[HTTP]&amp#27;[39m &amp#27;[37m<-- POST /wd/hub/session/46befbd9-2dc4-4ba2-82d3-2455fdc9676b/element/00000000-0000-0070-7fff-ffff0000003a/value &amp#27;[39m&amp#27;[32m200&amp#27;[39m &amp#27;[90m583 ms - 14&amp#27;[39m
&amp#27;[35m[HTTP]&amp#27;[39m &amp#27;[90m&amp#27;[39m
&amp#27;[35m[HTTP]&amp#27;[39m &amp#27;[37m-->&amp#27;[39m &amp#27;[37mGET&amp#27;[39m &amp#27;[37m/wd/hub/session/46befbd9-2dc4-4ba2-82d3-2455fdc9676b/context&amp#27;[39m
&amp#27;[35m[HTTP]&amp#27;[39m &amp#27;[90m{}&amp#27;[39m
[debug] &amp#27;[35m[W3C (46befbd9)]&amp#27;[39m Calling AppiumDriver.getCurrentContext() with args: ["46befbd9-2dc4-4ba2-82d3-2455fdc9676b"]
[debug] &amp#27;[35m[W3C (46befbd9)]&amp#27;[39m Responding to client with driver.getCurrentContext() result: "NATIVE_APP"
&amp#27;[35m[HTTP]&amp#27;[39m &amp#27;[37m<-- GET /wd/hub/session/46befbd9-2dc4-4ba2-82d3-2455fdc9676b/context &amp#27;[39m&amp#27;[32m200&amp#27;[39m &amp#27;[90m1 ms - 22&amp#27;[39m
&amp#27;[35m[HTTP]&amp#27;[39m &amp#27;[90m&amp#27;[39m
&amp#27;[35m[HTTP]&amp#27;[39m &amp#27;[37m-->&amp#27;[39m &amp#27;[37mPOST&amp#27;[39m &amp#27;[37m/wd/hub/session/46befbd9-2dc4-4ba2-82d3-2455fdc9676b/element&amp#27;[39m
&amp#27;[35m[HTTP]&amp#27;[39m &amp#27;[90m{"using":"accessibility id","value":"input-password"}&amp#27;[39m
[debug] &amp#27;[35m[W3C (46befbd9)]&amp#27;[39m Calling AppiumDriver.findElement() with args: ["accessibility id","input-password","46befbd9-2dc4-4ba2-82d3-2455fdc9676b"]
[debug] &amp#27;[35m[BaseDriver]&amp#27;[39m Valid locator strategies for this request: xpath, id, class name, accessibility id, css selector, -android uiautomator
[debug] &amp#27;[35m[BaseDriver]&amp#27;[39m Waiting up to 30000 ms for condition
[debug] &amp#27;[35m[WD Proxy]&amp#27;[39m Matched '/element' to command name 'findElement'
[debug] &amp#27;[35m[WD Proxy]&amp#27;[39m Proxying [POST /element] to [POST http://127.0.0.1:8204/wd/hub/session/dac7b961-28c3-4099-ba69-f9a9f81b0d67/element] with body: {"strategy":"accessibility id","selector":"input-password","context":"","multiple":false}
[debug] &amp#27;[35m[WD Proxy]&amp#27;[39m Got response with status 200: {"sessionId":"dac7b961-28c3-4099-ba69-f9a9f81b0d67","value":{"ELEMENT":"00000000-0000-0070-7fff-ffff0000003c","element-6066-11e4-a52e-4f735466cecf":"00000000-0000-0070-7fff-ffff0000003c"}}
[debug] &amp#27;[35m[W3C (46befbd9)]&amp#27;[39m Responding to client with driver.findElement() result: {"element-6066-11e4-a52e-4f735466cecf":"00000000-0000-0070-7fff-ffff0000003c","ELEMENT":"00000000-0000-0070-7fff-ffff0000003c"}
&amp#27;[35m[HTTP]&amp#27;[39m &amp#27;[37m<-- POST /wd/hub/session/46befbd9-2dc4-4ba2-82d3-2455fdc9676b/element &amp#27;[39m&amp#27;[32m200&amp#27;[39m &amp#27;[90m722 ms - 137&amp#27;[39m
&amp#27;[35m[HTTP]&amp#27;[39m &amp#27;[90m&amp#27;[39m
&amp#27;[35m[HTTP]&amp#27;[39m &amp#27;[37m-->&amp#27;[39m &amp#27;[37mGET&amp#27;[39m &amp#27;[37m/wd/hub/session/46befbd9-2dc4-4ba2-82d3-2455fdc9676b/element/00000000-0000-0070-7fff-ffff0000003c/displayed&amp#27;[39m
&amp#27;[35m[HTTP]&amp#27;[39m &amp#27;[90m{}&amp#27;[39m
[debug] &amp#27;[35m[W3C (46befbd9)]&amp#27;[39m Calling AppiumDriver.elementDisplayed() with args: ["00000000-0000-0070-7fff-ffff0000003c","46befbd9-2dc4-4ba2-82d3-2455fdc9676b"]
[debug] &amp#27;[35m[WD Proxy]&amp#27;[39m Matched '/element/00000000-0000-0070-7fff-ffff0000003c/attribute/displayed' to command name 'getAttribute'
[debug] &amp#27;[35m[WD Proxy]&amp#27;[39m Proxying [GET /element/00000000-0000-0070-7fff-ffff0000003c/attribute/displayed] to [GET http://127.0.0.1:8204/wd/hub/session/dac7b961-28c3-4099-ba69-f9a9f81b0d67/element/00000000-0000-0070-7fff-ffff0000003c/attribute/displayed] with no body
[debug] &amp#27;[35m[WD Proxy]&amp#27;[39m Got response with status 200: {"sessionId":"dac7b961-28c3-4099-ba69-f9a9f81b0d67","value":"true"}
[debug] &amp#27;[35m[W3C (46befbd9)]&amp#27;[39m Responding to client with driver.elementDisplayed() result: true
&amp#27;[35m[HTTP]&amp#27;[39m &amp#27;[37m<-- GET /wd/hub/session/46befbd9-2dc4-4ba2-82d3-2455fdc9676b/element/00000000-0000-0070-7fff-ffff0000003c/displayed &amp#27;[39m&amp#27;[32m200&amp#27;[39m &amp#27;[90m21 ms - 14&amp#27;[39m
&amp#27;[35m[HTTP]&amp#27;[39m &amp#27;[90m&amp#27;[39m
&amp#27;[35m[HTTP]&amp#27;[39m &amp#27;[37m-->&amp#27;[39m &amp#27;[37mGET&amp#27;[39m &amp#27;[37m/wd/hub/session/46befbd9-2dc4-4ba2-82d3-2455fdc9676b/context&amp#27;[39m
&amp#27;[35m[HTTP]&amp#27;[39m &amp#27;[90m{}&amp#27;[39m
[debug] &amp#27;[35m[W3C (46befbd9)]&amp#27;[39m Calling AppiumDriver.getCurrentContext() with args: ["46befbd9-2dc4-4ba2-82d3-2455fdc9676b"]
[debug] &amp#27;[35m[W3C (46befbd9)]&amp#27;[39m Responding to client with driver.getCurrentContext() result: "NATIVE_APP"
&amp#27;[35m[HTTP]&amp#27;[39m &amp#27;[37m<-- GET /wd/hub/session/46befbd9-2dc4-4ba2-82d3-2455fdc9676b/context &amp#27;[39m&amp#27;[32m200&amp#27;[39m &amp#27;[90m1 ms - 22&amp#27;[39m
&amp#27;[35m[HTTP]&amp#27;[39m &amp#27;[90m&amp#27;[39m
&amp#27;[35m[HTTP]&amp#27;[39m &amp#27;[37m-->&amp#27;[39m &amp#27;[37mPOST&amp#27;[39m &amp#27;[37m/wd/hub/session/46befbd9-2dc4-4ba2-82d3-2455fdc9676b/element&amp#27;[39m
&amp#27;[35m[HTTP]&amp#27;[39m &amp#27;[90m{"using":"accessibility id","value":"input-password"}&amp#27;[39m
[debug] &amp#27;[35m[W3C (46befbd9)]&amp#27;[39m Calling AppiumDriver.findElement() with args: ["accessibility id","input-password","46befbd9-2dc4-4ba2-82d3-2455fdc9676b"]
[debug] &amp#27;[35m[BaseDriver]&amp#27;[39m Valid locator strategies for this request: xpath, id, class name, accessibility id, css selector, -android uiautomator
[debug] &amp#27;[35m[BaseDriver]&amp#27;[39m Waiting up to 30000 ms for condition
[debug] &amp#27;[35m[WD Proxy]&amp#27;[39m Matched '/element' to command name 'findElement'
[debug] &amp#27;[35m[WD Proxy]&amp#27;[39m Proxying [POST /element] to [POST http://127.0.0.1:8204/wd/hub/session/dac7b961-28c3-4099-ba69-f9a9f81b0d67/element] with body: {"strategy":"accessibility id","selector":"input-password","context":"","multiple":false}
[debug] &amp#27;[35m[WD Proxy]&amp#27;[39m Got response with status 200: {"sessionId":"dac7b961-28c3-4099-ba69-f9a9f81b0d67","value":{"ELEMENT":"00000000-0000-0070-7fff-ffff0000003c","element-6066-11e4-a52e-4f735466cecf":"00000000-0000-0070-7fff-ffff0000003c"}}
[debug] &amp#27;[35m[W3C (46befbd9)]&amp#27;[39m Responding to client with driver.findElement() result: {"element-6066-11e4-a52e-4f735466cecf":"00000000-0000-0070-7fff-ffff0000003c","ELEMENT":"00000000-0000-0070-7fff-ffff0000003c"}
&amp#27;[35m[HTTP]&amp#27;[39m &amp#27;[37m<-- POST /wd/hub/session/46befbd9-2dc4-4ba2-82d3-2455fdc9676b/element &amp#27;[39m&amp#27;[32m200&amp#27;[39m &amp#27;[90m45 ms - 137&amp#27;[39m
&amp#27;[35m[HTTP]&amp#27;[39m &amp#27;[90m&amp#27;[39m
&amp#27;[35m[HTTP]&amp#27;[39m &amp#27;[37m-->&amp#27;[39m &amp#27;[37mPOST&amp#27;[39m &amp#27;[37m/wd/hub/session/46befbd9-2dc4-4ba2-82d3-2455fdc9676b/element/00000000-0000-0070-7fff-ffff0000003c/clear&amp#27;[39m
&amp#27;[35m[HTTP]&amp#27;[39m &amp#27;[90m{"id":"00000000-0000-0070-7fff-ffff0000003c"}&amp#27;[39m
[debug] &amp#27;[35m[W3C (46befbd9)]&amp#27;[39m Calling AppiumDriver.clear() with args: ["00000000-0000-0070-7fff-ffff0000003c","46befbd9-2dc4-4ba2-82d3-2455fdc9676b"]
[debug] &amp#27;[35m[WD Proxy]&amp#27;[39m Matched '/element/00000000-0000-0070-7fff-ffff0000003c/clear' to command name 'clear'
[debug] &amp#27;[35m[WD Proxy]&amp#27;[39m Proxying [POST /element/00000000-0000-0070-7fff-ffff0000003c/clear] to [POST http://127.0.0.1:8204/wd/hub/session/dac7b961-28c3-4099-ba69-f9a9f81b0d67/element/00000000-0000-0070-7fff-ffff0000003c/clear] with body: {"elementId":"00000000-0000-0070-7fff-ffff0000003c"}
[debug] &amp#27;[35m[WD Proxy]&amp#27;[39m Got response with status 200: {"sessionId":"dac7b961-28c3-4099-ba69-f9a9f81b0d67","value":null}
[debug] &amp#27;[35m[W3C (46befbd9)]&amp#27;[39m Responding to client with driver.clear() result: null
&amp#27;[35m[HTTP]&amp#27;[39m &amp#27;[37m<-- POST /wd/hub/session/46befbd9-2dc4-4ba2-82d3-2455fdc9676b/element/00000000-0000-0070-7fff-ffff0000003c/clear &amp#27;[39m&amp#27;[32m200&amp#27;[39m &amp#27;[90m35 ms - 14&amp#27;[39m
&amp#27;[35m[HTTP]&amp#27;[39m &amp#27;[90m&amp#27;[39m
&amp#27;[35m[HTTP]&amp#27;[39m &amp#27;[37m-->&amp#27;[39m &amp#27;[37mGET&amp#27;[39m &amp#27;[37m/wd/hub/session/46befbd9-2dc4-4ba2-82d3-2455fdc9676b/context&amp#27;[39m
&amp#27;[35m[HTTP]&amp#27;[39m &amp#27;[90m{}&amp#27;[39m
[debug] &amp#27;[35m[W3C (46befbd9)]&amp#27;[39m Calling AppiumDriver.getCurrentContext() with args: ["46befbd9-2dc4-4ba2-82d3-2455fdc9676b"]
[debug] &amp#27;[35m[W3C (46befbd9)]&amp#27;[39m Responding to client with driver.getCurrentContext() result: "NATIVE_APP"
&amp#27;[35m[HTTP]&amp#27;[39m &amp#27;[37m<-- GET /wd/hub/session/46befbd9-2dc4-4ba2-82d3-2455fdc9676b/context &amp#27;[39m&amp#27;[32m200&amp#27;[39m &amp#27;[90m1 ms - 22&amp#27;[39m
&amp#27;[35m[HTTP]&amp#27;[39m &amp#27;[90m&amp#27;[39m
&amp#27;[35m[HTTP]&amp#27;[39m &amp#27;[37m-->&amp#27;[39m &amp#27;[37mPOST&amp#27;[39m &amp#27;[37m/wd/hub/session/46befbd9-2dc4-4ba2-82d3-2455fdc9676b/element&amp#27;[39m
&amp#27;[35m[HTTP]&amp#27;[39m &amp#27;[90m{"using":"accessibility id","value":"input-password"}&amp#27;[39m
[debug] &amp#27;[35m[W3C (46befbd9)]&amp#27;[39m Calling AppiumDriver.findElement() with args: ["accessibility id","input-password","46befbd9-2dc4-4ba2-82d3-2455fdc9676b"]
[debug] &amp#27;[35m[BaseDriver]&amp#27;[39m Valid locator strategies for this request: xpath, id, class name, accessibility id, css selector, -android uiautomator
[debug] &amp#27;[35m[BaseDriver]&amp#27;[39m Waiting up to 30000 ms for condition
[debug] &amp#27;[35m[WD Proxy]&amp#27;[39m Matched '/element' to command name 'findElement'
[debug] &amp#27;[35m[WD Proxy]&amp#27;[39m Proxying [POST /element] to [POST http://127.0.0.1:8204/wd/hub/session/dac7b961-28c3-4099-ba69-f9a9f81b0d67/element] with body: {"strategy":"accessibility id","selector":"input-password","context":"","multiple":false}
[debug] &amp#27;[35m[WD Proxy]&amp#27;[39m Got response with status 200: {"sessionId":"dac7b961-28c3-4099-ba69-f9a9f81b0d67","value":{"ELEMENT":"00000000-0000-0070-7fff-ffff0000003c","element-6066-11e4-a52e-4f735466cecf":"00000000-0000-0070-7fff-ffff0000003c"}}
[debug] &amp#27;[35m[W3C (46befbd9)]&amp#27;[39m Responding to client with driver.findElement() result: {"element-6066-11e4-a52e-4f735466cecf":"00000000-0000-0070-7fff-ffff0000003c","ELEMENT":"00000000-0000-0070-7fff-ffff0000003c"}
&amp#27;[35m[HTTP]&amp#27;[39m &amp#27;[37m<-- POST /wd/hub/session/46befbd9-2dc4-4ba2-82d3-2455fdc9676b/element &amp#27;[39m&amp#27;[32m200&amp#27;[39m &amp#27;[90m538 ms - 137&amp#27;[39m
&amp#27;[35m[HTTP]&amp#27;[39m &amp#27;[90m&amp#27;[39m
&amp#27;[35m[HTTP]&amp#27;[39m &amp#27;[37m-->&amp#27;[39m &amp#27;[37mGET&amp#27;[39m &amp#27;[37m/wd/hub/session/46befbd9-2dc4-4ba2-82d3-2455fdc9676b/element/00000000-0000-0070-7fff-ffff0000003c/displayed&amp#27;[39m
&amp#27;[35m[HTTP]&amp#27;[39m &amp#27;[90m{}&amp#27;[39m
[debug] &amp#27;[35m[W3C (46befbd9)]&amp#27;[39m Calling AppiumDriver.elementDisplayed() with args: ["00000000-0000-0070-7fff-ffff0000003c","46befbd9-2dc4-4ba2-82d3-2455fdc9676b"]
[debug] &amp#27;[35m[WD Proxy]&amp#27;[39m Matched '/element/00000000-0000-0070-7fff-ffff0000003c/attribute/displayed' to command name 'getAttribute'
[debug] &amp#27;[35m[WD Proxy]&amp#27;[39m Proxying [GET /element/00000000-0000-0070-7fff-ffff0000003c/attribute/displayed] to [GET http://127.0.0.1:8204/wd/hub/session/dac7b961-28c3-4099-ba69-f9a9f81b0d67/element/00000000-0000-0070-7fff-ffff0000003c/attribute/displayed] with no body
[debug] &amp#27;[35m[WD Proxy]&amp#27;[39m Got response with status 200: {"sessionId":"dac7b961-28c3-4099-ba69-f9a9f81b0d67","value":"true"}
[debug] &amp#27;[35m[W3C (46befbd9)]&amp#27;[39m Responding to client with driver.elementDisplayed() result: true
&amp#27;[35m[HTTP]&amp#27;[39m &amp#27;[37m<-- GET /wd/hub/session/46befbd9-2dc4-4ba2-82d3-2455fdc9676b/element/00000000-0000-0070-7fff-ffff0000003c/displayed &amp#27;[39m&amp#27;[32m200&amp#27;[39m &amp#27;[90m19 ms - 14&amp#27;[39m
&amp#27;[35m[HTTP]&amp#27;[39m &amp#27;[90m&amp#27;[39m
&amp#27;[35m[HTTP]&amp#27;[39m &amp#27;[37m-->&amp#27;[39m &amp#27;[37mGET&amp#27;[39m &amp#27;[37m/wd/hub/session/46befbd9-2dc4-4ba2-82d3-2455fdc9676b/context&amp#27;[39m
&amp#27;[35m[HTTP]&amp#27;[39m &amp#27;[90m{}&amp#27;[39m
[debug] &amp#27;[35m[W3C (46befbd9)]&amp#27;[39m Calling AppiumDriver.getCurrentContext() with args: ["46befbd9-2dc4-4ba2-82d3-2455fdc9676b"]
[debug] &amp#27;[35m[W3C (46befbd9)]&amp#27;[39m Responding to client with driver.getCurrentContext() result: "NATIVE_APP"
&amp#27;[35m[HTTP]&amp#27;[39m &amp#27;[37m<-- GET /wd/hub/session/46befbd9-2dc4-4ba2-82d3-2455fdc9676b/context &amp#27;[39m&amp#27;[32m200&amp#27;[39m &amp#27;[90m1 ms - 22&amp#27;[39m
&amp#27;[35m[HTTP]&amp#27;[39m &amp#27;[90m&amp#27;[39m
&amp#27;[35m[HTTP]&amp#27;[39m &amp#27;[37m-->&amp#27;[39m &amp#27;[37mPOST&amp#27;[39m &amp#27;[37m/wd/hub/session/46befbd9-2dc4-4ba2-82d3-2455fdc9676b/element&amp#27;[39m
&amp#27;[35m[HTTP]&amp#27;[39m &amp#27;[90m{"using":"accessibility id","value":"input-password"}&amp#27;[39m
[debug] &amp#27;[35m[W3C (46befbd9)]&amp#27;[39m Calling AppiumDriver.findElement() with args: ["accessibility id","input-password","46befbd9-2dc4-4ba2-82d3-2455fdc9676b"]
[debug] &amp#27;[35m[BaseDriver]&amp#27;[39m Valid locator strategies for this request: xpath, id, class name, accessibility id, css selector, -android uiautomator
[debug] &amp#27;[35m[BaseDriver]&amp#27;[39m Waiting up to 30000 ms for condition
[debug] &amp#27;[35m[WD Proxy]&amp#27;[39m Matched '/element' to command name 'findElement'
[debug] &amp#27;[35m[WD Proxy]&amp#27;[39m Proxying [POST /element] to [POST http://127.0.0.1:8204/wd/hub/session/dac7b961-28c3-4099-ba69-f9a9f81b0d67/element] with body: {"strategy":"accessibility id","selector":"input-password","context":"","multiple":false}
[debug] &amp#27;[35m[WD Proxy]&amp#27;[39m Got response with status 200: {"sessionId":"dac7b961-28c3-4099-ba69-f9a9f81b0d67","value":{"ELEMENT":"00000000-0000-0070-7fff-ffff0000003c","element-6066-11e4-a52e-4f735466cecf":"00000000-0000-0070-7fff-ffff0000003c"}}
[debug] &amp#27;[35m[W3C (46befbd9)]&amp#27;[39m Responding to client with driver.findElement() result: {"element-6066-11e4-a52e-4f735466cecf":"00000000-0000-0070-7fff-ffff0000003c","ELEMENT":"00000000-0000-0070-7fff-ffff0000003c"}
&amp#27;[35m[HTTP]&amp#27;[39m &amp#27;[37m<-- POST /wd/hub/session/46befbd9-2dc4-4ba2-82d3-2455fdc9676b/element &amp#27;[39m&amp#27;[32m200&amp#27;[39m &amp#27;[90m41 ms - 137&amp#27;[39m
&amp#27;[35m[HTTP]&amp#27;[39m &amp#27;[90m&amp#27;[39m
&amp#27;[35m[HTTP]&amp#27;[39m &amp#27;[37m-->&amp#27;[39m &amp#27;[37mPOST&amp#27;[39m &amp#27;[37m/wd/hub/session/46befbd9-2dc4-4ba2-82d3-2455fdc9676b/element/00000000-0000-0070-7fff-ffff0000003c/value&amp#27;[39m
&amp#27;[35m[HTTP]&amp#27;[39m &amp#27;[90m{"id":"00000000-0000-0070-7fff-ffff0000003c","text":"ax61","value":["a","x","6","1"]}&amp#27;[39m
[debug] &amp#27;[35m[W3C (46befbd9)]&amp#27;[39m Calling AppiumDriver.setValue() with args: [["a","x","6","1"],"00000000-0000-0070-7fff-ffff0000003c","46befbd9-2dc4-4ba2-82d3-2455fdc9676b"]
[debug] &amp#27;[35m[WD Proxy]&amp#27;[39m Matched '/element/00000000-0000-0070-7fff-ffff0000003c/value' to command name 'setValue'
[debug] &amp#27;[35m[Protocol Converter]&amp#27;[39m Added 'value' property ["a","x","6","1"] to 'setValue' request body
[debug] &amp#27;[35m[WD Proxy]&amp#27;[39m Proxying [POST /element/00000000-0000-0070-7fff-ffff0000003c/value] to [POST http://127.0.0.1:8204/wd/hub/session/dac7b961-28c3-4099-ba69-f9a9f81b0d67/element/00000000-0000-0070-7fff-ffff0000003c/value] with body: {"elementId":"00000000-0000-0070-7fff-ffff0000003c","text":"ax61","replace":false,"value":["a","x","6","1"]}
[debug] &amp#27;[35m[WD Proxy]&amp#27;[39m Got response with status 200: {"sessionId":"dac7b961-28c3-4099-ba69-f9a9f81b0d67","value":null}
[debug] &amp#27;[35m[W3C (46befbd9)]&amp#27;[39m Responding to client with driver.setValue() result: null
&amp#27;[35m[HTTP]&amp#27;[39m &amp#27;[37m<-- POST /wd/hub/session/46befbd9-2dc4-4ba2-82d3-2455fdc9676b/element/00000000-0000-0070-7fff-ffff0000003c/value &amp#27;[39m&amp#27;[32m200&amp#27;[39m &amp#27;[90m579 ms - 14&amp#27;[39m
&amp#27;[35m[HTTP]&amp#27;[39m &amp#27;[90m&amp#27;[39m
&amp#27;[35m[HTTP]&amp#27;[39m &amp#27;[37m-->&amp#27;[39m &amp#27;[37mGET&amp#27;[39m &amp#27;[37m/wd/hub/session/46befbd9-2dc4-4ba2-82d3-2455fdc9676b/context&amp#27;[39m
&amp#27;[35m[HTTP]&amp#27;[39m &amp#27;[90m{}&amp#27;[39m
[debug] &amp#27;[35m[W3C (46befbd9)]&amp#27;[39m Calling AppiumDriver.getCurrentContext() with args: ["46befbd9-2dc4-4ba2-82d3-2455fdc9676b"]
[debug] &amp#27;[35m[W3C (46befbd9)]&amp#27;[39m Responding to client with driver.getCurrentContext() result: "NATIVE_APP"
&amp#27;[35m[HTTP]&amp#27;[39m &amp#27;[37m<-- GET /wd/hub/session/46befbd9-2dc4-4ba2-82d3-2455fdc9676b/context &amp#27;[39m&amp#27;[32m200&amp#27;[39m &amp#27;[90m1 ms - 22&amp#27;[39m
&amp#27;[35m[HTTP]&amp#27;[39m &amp#27;[90m&amp#27;[39m
&amp#27;[35m[HTTP]&amp#27;[39m &amp#27;[37m-->&amp#27;[39m &amp#27;[37mPOST&amp#27;[39m &amp#27;[37m/wd/hub/session/46befbd9-2dc4-4ba2-82d3-2455fdc9676b/element&amp#27;[39m
&amp#27;[35m[HTTP]&amp#27;[39m &amp#27;[90m{"using":"accessibility id","value":"button-LOGIN"}&amp#27;[39m
[debug] &amp#27;[35m[W3C (46befbd9)]&amp#27;[39m Calling AppiumDriver.findElement() with args: ["accessibility id","button-LOGIN","46befbd9-2dc4-4ba2-82d3-2455fdc9676b"]
[debug] &amp#27;[35m[BaseDriver]&amp#27;[39m Valid locator strategies for this request: xpath, id, class name, accessibility id, css selector, -android uiautomator
[debug] &amp#27;[35m[BaseDriver]&amp#27;[39m Waiting up to 30000 ms for condition
[debug] &amp#27;[35m[WD Proxy]&amp#27;[39m Matched '/element' to command name 'findElement'
[debug] &amp#27;[35m[WD Proxy]&amp#27;[39m Proxying [POST /element] to [POST http://127.0.0.1:8204/wd/hub/session/dac7b961-28c3-4099-ba69-f9a9f81b0d67/element] with body: {"strategy":"accessibility id","selector":"button-LOGIN","context":"","multiple":false}
[debug] &amp#27;[35m[WD Proxy]&amp#27;[39m Got response with status 200: {"sessionId":"dac7b961-28c3-4099-ba69-f9a9f81b0d67","value":{"ELEMENT":"00000000-0000-0070-7fff-ffff00000053","element-6066-11e4-a52e-4f735466cecf":"00000000-0000-0070-7fff-ffff00000053"}}
[debug] &amp#27;[35m[W3C (46befbd9)]&amp#27;[39m Responding to client with driver.findElement() result: {"element-6066-11e4-a52e-4f735466cecf":"00000000-0000-0070-7fff-ffff00000053","ELEMENT":"00000000-0000-0070-7fff-ffff00000053"}
&amp#27;[35m[HTTP]&amp#27;[39m &amp#27;[37m<-- POST /wd/hub/session/46befbd9-2dc4-4ba2-82d3-2455fdc9676b/element &amp#27;[39m&amp#27;[32m200&amp#27;[39m &amp#27;[90m719 ms - 137&amp#27;[39m
&amp#27;[35m[HTTP]&amp#27;[39m &amp#27;[90m&amp#27;[39m
&amp#27;[35m[HTTP]&amp#27;[39m &amp#27;[37m-->&amp#27;[39m &amp#27;[37mGET&amp#27;[39m &amp#27;[37m/wd/hub/session/46befbd9-2dc4-4ba2-82d3-2455fdc9676b/element/00000000-0000-0070-7fff-ffff00000053/displayed&amp#27;[39m
&amp#27;[35m[HTTP]&amp#27;[39m &amp#27;[90m{}&amp#27;[39m
[debug] &amp#27;[35m[W3C (46befbd9)]&amp#27;[39m Calling AppiumDriver.elementDisplayed() with args: ["00000000-0000-0070-7fff-ffff00000053","46befbd9-2dc4-4ba2-82d3-2455fdc9676b"]
[debug] &amp#27;[35m[WD Proxy]&amp#27;[39m Matched '/element/00000000-0000-0070-7fff-ffff00000053/attribute/displayed' to command name 'getAttribute'
[debug] &amp#27;[35m[WD Proxy]&amp#27;[39m Proxying [GET /element/00000000-0000-0070-7fff-ffff00000053/attribute/displayed] to [GET http://127.0.0.1:8204/wd/hub/session/dac7b961-28c3-4099-ba69-f9a9f81b0d67/element/00000000-0000-0070-7fff-ffff00000053/attribute/displayed] with no body
[debug] &amp#27;[35m[WD Proxy]&amp#27;[39m Got response with status 200: {"sessionId":"dac7b961-28c3-4099-ba69-f9a9f81b0d67","value":"true"}
[debug] &amp#27;[35m[W3C (46befbd9)]&amp#27;[39m Responding to client with driver.elementDisplayed() result: true
&amp#27;[35m[HTTP]&amp#27;[39m &amp#27;[37m<-- GET /wd/hub/session/46befbd9-2dc4-4ba2-82d3-2455fdc9676b/element/00000000-0000-0070-7fff-ffff00000053/displayed &amp#27;[39m&amp#27;[32m200&amp#27;[39m &amp#27;[90m19 ms - 14&amp#27;[39m
&amp#27;[35m[HTTP]&amp#27;[39m &amp#27;[90m&amp#27;[39m
&amp#27;[35m[HTTP]&amp#27;[39m &amp#27;[37m-->&amp#27;[39m &amp#27;[37mGET&amp#27;[39m &amp#27;[37m/wd/hub/session/46befbd9-2dc4-4ba2-82d3-2455fdc9676b/context&amp#27;[39m
&amp#27;[35m[HTTP]&amp#27;[39m &amp#27;[90m{}&amp#27;[39m
[debug] &amp#27;[35m[W3C (46befbd9)]&amp#27;[39m Calling AppiumDriver.getCurrentContext() with args: ["46befbd9-2dc4-4ba2-82d3-2455fdc9676b"]
[debug] &amp#27;[35m[W3C (46befbd9)]&amp#27;[39m Responding to client with driver.getCurrentContext() result: "NATIVE_APP"
&amp#27;[35m[HTTP]&amp#27;[39m &amp#27;[37m<-- GET /wd/hub/session/46befbd9-2dc4-4ba2-82d3-2455fdc9676b/context &amp#27;[39m&amp#27;[32m200&amp#27;[39m &amp#27;[90m1 ms - 22&amp#27;[39m
&amp#27;[35m[HTTP]&amp#27;[39m &amp#27;[90m&amp#27;[39m
&amp#27;[35m[HTTP]&amp#27;[39m &amp#27;[37m-->&amp#27;[39m &amp#27;[37mPOST&amp#27;[39m &amp#27;[37m/wd/hub/session/46befbd9-2dc4-4ba2-82d3-2455fdc9676b/element&amp#27;[39m
&amp#27;[35m[HTTP]&amp#27;[39m &amp#27;[90m{"using":"accessibility id","value":"button-LOGIN"}&amp#27;[39m
[debug] &amp#27;[35m[W3C (46befbd9)]&amp#27;[39m Calling AppiumDriver.findElement() with args: ["accessibility id","button-LOGIN","46befbd9-2dc4-4ba2-82d3-2455fdc9676b"]
[debug] &amp#27;[35m[BaseDriver]&amp#27;[39m Valid locator strategies for this request: xpath, id, class name, accessibility id, css selector, -android uiautomator
[debug] &amp#27;[35m[BaseDriver]&amp#27;[39m Waiting up to 30000 ms for condition
[debug] &amp#27;[35m[WD Proxy]&amp#27;[39m Matched '/element' to command name 'findElement'
[debug] &amp#27;[35m[WD Proxy]&amp#27;[39m Proxying [POST /element] to [POST http://127.0.0.1:8204/wd/hub/session/dac7b961-28c3-4099-ba69-f9a9f81b0d67/element] with body: {"strategy":"accessibility id","selector":"button-LOGIN","context":"","multiple":false}
[debug] &amp#27;[35m[WD Proxy]&amp#27;[39m Got response with status 200: {"sessionId":"dac7b961-28c3-4099-ba69-f9a9f81b0d67","value":{"ELEMENT":"00000000-0000-0070-7fff-ffff00000053","element-6066-11e4-a52e-4f735466cecf":"00000000-0000-0070-7fff-ffff00000053"}}
[debug] &amp#27;[35m[W3C (46befbd9)]&amp#27;[39m Responding to client with driver.findElement() result: {"element-6066-11e4-a52e-4f735466cecf":"00000000-0000-0070-7fff-ffff00000053","ELEMENT":"00000000-0000-0070-7fff-ffff00000053"}
&amp#27;[35m[HTTP]&amp#27;[39m &amp#27;[37m<-- POST /wd/hub/session/46befbd9-2dc4-4ba2-82d3-2455fdc9676b/element &amp#27;[39m&amp#27;[32m200&amp#27;[39m &amp#27;[90m46 ms - 137&amp#27;[39m
&amp#27;[35m[HTTP]&amp#27;[39m &amp#27;[90m&amp#27;[39m
&amp#27;[35m[HTTP]&amp#27;[39m &amp#27;[37m-->&amp#27;[39m &amp#27;[37mPOST&amp#27;[39m &amp#27;[37m/wd/hub/session/46befbd9-2dc4-4ba2-82d3-2455fdc9676b/element/00000000-0000-0070-7fff-ffff00000053/click&amp#27;[39m
&amp#27;[35m[HTTP]&amp#27;[39m &amp#27;[90m{"id":"00000000-0000-0070-7fff-ffff00000053"}&amp#27;[39m
[debug] &amp#27;[35m[W3C (46befbd9)]&amp#27;[39m Calling AppiumDriver.click() with args: ["00000000-0000-0070-7fff-ffff00000053","46befbd9-2dc4-4ba2-82d3-2455fdc9676b"]
[debug] &amp#27;[35m[WD Proxy]&amp#27;[39m Matched '/element/00000000-0000-0070-7fff-ffff00000053/click' to command name 'click'
[debug] &amp#27;[35m[WD Proxy]&amp#27;[39m Proxying [POST /element/00000000-0000-0070-7fff-ffff00000053/click] to [POST http://127.0.0.1:8204/wd/hub/session/dac7b961-28c3-4099-ba69-f9a9f81b0d67/element/00000000-0000-0070-7fff-ffff00000053/click] with body: {"element":"00000000-0000-0070-7fff-ffff00000053"}
[debug] &amp#27;[35m[WD Proxy]&amp#27;[39m Got response with status 200: {"sessionId":"dac7b961-28c3-4099-ba69-f9a9f81b0d67","value":null}
[debug] &amp#27;[35m[W3C (46befbd9)]&amp#27;[39m Responding to client with driver.click() result: null
&amp#27;[35m[HTTP]&amp#27;[39m &amp#27;[37m<-- POST /wd/hub/session/46befbd9-2dc4-4ba2-82d3-2455fdc9676b/element/00000000-0000-0070-7fff-ffff00000053/click &amp#27;[39m&amp#27;[32m200&amp#27;[39m &amp#27;[90m45 ms - 14&amp#27;[39m
&amp#27;[35m[HTTP]&amp#27;[39m &amp#27;[90m&amp#27;[39m
&amp#27;[35m[HTTP]&amp#27;[39m &amp#27;[37m-->&amp#27;[39m &amp#27;[37mGET&amp#27;[39m &amp#27;[37m/wd/hub/session/46befbd9-2dc4-4ba2-82d3-2455fdc9676b/context&amp#27;[39m
&amp#27;[35m[HTTP]&amp#27;[39m &amp#27;[90m{}&amp#27;[39m
[debug] &amp#27;[35m[W3C (46befbd9)]&amp#27;[39m Calling AppiumDriver.getCurrentContext() with args: ["46befbd9-2dc4-4ba2-82d3-2455fdc9676b"]
[debug] &amp#27;[35m[W3C (46befbd9)]&amp#27;[39m Responding to client with driver.getCurrentContext() result: "NATIVE_APP"
&amp#27;[35m[HTTP]&amp#27;[39m &amp#27;[37m<-- GET /wd/hub/session/46befbd9-2dc4-4ba2-82d3-2455fdc9676b/context &amp#27;[39m&amp#27;[32m200&amp#27;[39m &amp#27;[90m1 ms - 22&amp#27;[39m
&amp#27;[35m[HTTP]&amp#27;[39m &amp#27;[90m&amp#27;[39m
&amp#27;[35m[HTTP]&amp#27;[39m &amp#27;[37m-->&amp#27;[39m &amp#27;[37mPOST&amp#27;[39m &amp#27;[37m/wd/hub/session/46befbd9-2dc4-4ba2-82d3-2455fdc9676b/element&amp#27;[39m
&amp#27;[35m[HTTP]&amp#27;[39m &amp#27;[90m{"using":"xpath","value":"//*[@content-desc='button-LOGIN']/preceding-sibling::android.widget.TextView[2]"}&amp#27;[39m
[debug] &amp#27;[35m[W3C (46befbd9)]&amp#27;[39m Calling AppiumDriver.findElement() with args: ["xpath","//*[@content-desc='button-LOGIN']/preceding-sibling::android.widget.TextView[2]","46befbd9-2dc4-4ba2-82d3-2455fdc9676b"]
[debug] &amp#27;[35m[BaseDriver]&amp#27;[39m Valid locator strategies for this request: xpath, id, class name, accessibility id, css selector, -android uiautomator
[debug] &amp#27;[35m[BaseDriver]&amp#27;[39m Waiting up to 30000 ms for condition
[debug] &amp#27;[35m[WD Proxy]&amp#27;[39m Matched '/element' to command name 'findElement'
[debug] &amp#27;[35m[WD Proxy]&amp#27;[39m Proxying [POST /element] to [POST http://127.0.0.1:8204/wd/hub/session/dac7b961-28c3-4099-ba69-f9a9f81b0d67/element] with body: {"strategy":"xpath","selector":"//*[@content-desc='button-LOGIN']/preceding-sibling::android.widget.TextView[2]","context":"","multiple":false}
[debug] &amp#27;[35m[WD Proxy]&amp#27;[39m Got response with status 200: {"sessionId":"dac7b961-28c3-4099-ba69-f9a9f81b0d67","value":{"ELEMENT":"00000000-0000-0070-7fff-ffff00000051","element-6066-11e4-a52e-4f735466cecf":"00000000-0000-0070-7fff-ffff00000051"}}
[debug] &amp#27;[35m[W3C (46befbd9)]&amp#27;[39m Responding to client with driver.findElement() result: {"element-6066-11e4-a52e-4f735466cecf":"00000000-0000-0070-7fff-ffff00000051","ELEMENT":"00000000-0000-0070-7fff-ffff00000051"}
&amp#27;[35m[HTTP]&amp#27;[39m &amp#27;[37m<-- POST /wd/hub/session/46befbd9-2dc4-4ba2-82d3-2455fdc9676b/element &amp#27;[39m&amp#27;[32m200&amp#27;[39m &amp#27;[90m194 ms - 137&amp#27;[39m
&amp#27;[35m[HTTP]&amp#27;[39m &amp#27;[90m&amp#27;[39m
&amp#27;[35m[HTTP]&amp#27;[39m &amp#27;[37m-->&amp#27;[39m &amp#27;[37mGET&amp#27;[39m &amp#27;[37m/wd/hub/session/46befbd9-2dc4-4ba2-82d3-2455fdc9676b/element/00000000-0000-0070-7fff-ffff00000051/displayed&amp#27;[39m
&amp#27;[35m[HTTP]&amp#27;[39m &amp#27;[90m{}&amp#27;[39m
[debug] &amp#27;[35m[W3C (46befbd9)]&amp#27;[39m Calling AppiumDriver.elementDisplayed() with args: ["00000000-0000-0070-7fff-ffff00000051","46befbd9-2dc4-4ba2-82d3-2455fdc9676b"]
[debug] &amp#27;[35m[WD Proxy]&amp#27;[39m Matched '/element/00000000-0000-0070-7fff-ffff00000051/attribute/displayed' to command name 'getAttribute'
[debug] &amp#27;[35m[WD Proxy]&amp#27;[39m Proxying [GET /element/00000000-0000-0070-7fff-ffff00000051/attribute/displayed] to [GET http://127.0.0.1:8204/wd/hub/session/dac7b961-28c3-4099-ba69-f9a9f81b0d67/element/00000000-0000-0070-7fff-ffff00000051/attribute/displayed] with no body
[debug] &amp#27;[35m[WD Proxy]&amp#27;[39m Got response with status 200: {"sessionId":"dac7b961-28c3-4099-ba69-f9a9f81b0d67","value":"true"}
[debug] &amp#27;[35m[W3C (46befbd9)]&amp#27;[39m Responding to client with driver.elementDisplayed() result: true
&amp#27;[35m[HTTP]&amp#27;[39m &amp#27;[37m<-- GET /wd/hub/session/46befbd9-2dc4-4ba2-82d3-2455fdc9676b/element/00000000-0000-0070-7fff-ffff00000051/displayed &amp#27;[39m&amp#27;[32m200&amp#27;[39m &amp#27;[90m833 ms - 14&amp#27;[39m
&amp#27;[35m[HTTP]&amp#27;[39m &amp#27;[90m&amp#27;[39m
&amp#27;[35m[HTTP]&amp#27;[39m &amp#27;[37m-->&amp#27;[39m &amp#27;[37mGET&amp#27;[39m &amp#27;[37m/wd/hub/session/46befbd9-2dc4-4ba2-82d3-2455fdc9676b/context&amp#27;[39m
&amp#27;[35m[HTTP]&amp#27;[39m &amp#27;[90m{}&amp#27;[39m
[debug] &amp#27;[35m[W3C (46befbd9)]&amp#27;[39m Calling AppiumDriver.getCurrentContext() with args: ["46befbd9-2dc4-4ba2-82d3-2455fdc9676b"]
[debug] &amp#27;[35m[W3C (46befbd9)]&amp#27;[39m Responding to client with driver.getCurrentContext() result: "NATIVE_APP"
&amp#27;[35m[HTTP]&amp#27;[39m &amp#27;[37m<-- GET /wd/hub/session/46befbd9-2dc4-4ba2-82d3-2455fdc9676b/context &amp#27;[39m&amp#27;[32m200&amp#27;[39m &amp#27;[90m1 ms - 22&amp#27;[39m
&amp#27;[35m[HTTP]&amp#27;[39m &amp#27;[90m&amp#27;[39m
&amp#27;[35m[HTTP]&amp#27;[39m &amp#27;[37m-->&amp#27;[39m &amp#27;[37mPOST&amp#27;[39m &amp#27;[37m/wd/hub/session/46befbd9-2dc4-4ba2-82d3-2455fdc9676b/element&amp#27;[39m
&amp#27;[35m[HTTP]&amp#27;[39m &amp#27;[90m{"using":"xpath","value":"//*[@content-desc='button-LOGIN']/preceding-sibling::android.widget.TextView[2]"}&amp#27;[39m
[debug] &amp#27;[35m[W3C (46befbd9)]&amp#27;[39m Calling AppiumDriver.findElement() with args: ["xpath","//*[@content-desc='button-LOGIN']/preceding-sibling::android.widget.TextView[2]","46befbd9-2dc4-4ba2-82d3-2455fdc9676b"]
[debug] &amp#27;[35m[BaseDriver]&amp#27;[39m Valid locator strategies for this request: xpath, id, class name, accessibility id, css selector, -android uiautomator
[debug] &amp#27;[35m[BaseDriver]&amp#27;[39m Waiting up to 30000 ms for condition
[debug] &amp#27;[35m[WD Proxy]&amp#27;[39m Matched '/element' to command name 'findElement'
[debug] &amp#27;[35m[WD Proxy]&amp#27;[39m Proxying [POST /element] to [POST http://127.0.0.1:8204/wd/hub/session/dac7b961-28c3-4099-ba69-f9a9f81b0d67/element] with body: {"strategy":"xpath","selector":"//*[@content-desc='button-LOGIN']/preceding-sibling::android.widget.TextView[2]","context":"","multiple":false}
[debug] &amp#27;[35m[WD Proxy]&amp#27;[39m Got response with status 200: {"sessionId":"dac7b961-28c3-4099-ba69-f9a9f81b0d67","value":{"ELEMENT":"00000000-0000-0070-7fff-ffff00000051","element-6066-11e4-a52e-4f735466cecf":"00000000-0000-0070-7fff-ffff00000051"}}
[debug] &amp#27;[35m[W3C (46befbd9)]&amp#27;[39m Responding to client with driver.findElement() result: {"element-6066-11e4-a52e-4f735466cecf":"00000000-0000-0070-7fff-ffff00000051","ELEMENT":"00000000-0000-0070-7fff-ffff00000051"}
&amp#27;[35m[HTTP]&amp#27;[39m &amp#27;[37m<-- POST /wd/hub/session/46befbd9-2dc4-4ba2-82d3-2455fdc9676b/element &amp#27;[39m&amp#27;[32m200&amp#27;[39m &amp#27;[90m203 ms - 137&amp#27;[39m
&amp#27;[35m[HTTP]&amp#27;[39m &amp#27;[90m&amp#27;[39m
&amp#27;[35m[HTTP]&amp#27;[39m &amp#27;[37m-->&amp#27;[39m &amp#27;[37mGET&amp#27;[39m &amp#27;[37m/wd/hub/session/46befbd9-2dc4-4ba2-82d3-2455fdc9676b/element/00000000-0000-0070-7fff-ffff00000051/text&amp#27;[39m
&amp#27;[35m[HTTP]&amp#27;[39m &amp#27;[90m{}&amp#27;[39m
&amp#27;[35m[W3C (46befbd9)]&amp#27;[39m Driver proxy active, passing request on via HTTP proxy
[debug] &amp#27;[35m[WD Proxy]&amp#27;[39m Matched '/wd/hub/session/46befbd9-2dc4-4ba2-82d3-2455fdc9676b/element/00000000-0000-0070-7fff-ffff00000051/text' to command name 'getText'
[debug] &amp#27;[35m[WD Proxy]&amp#27;[39m Proxying [GET /wd/hub/session/46befbd9-2dc4-4ba2-82d3-2455fdc9676b/element/00000000-0000-0070-7fff-ffff00000051/text] to [GET http://127.0.0.1:8204/wd/hub/session/dac7b961-28c3-4099-ba69-f9a9f81b0d67/element/00000000-0000-0070-7fff-ffff00000051/text] with no body
[debug] &amp#27;[35m[WD Proxy]&amp#27;[39m Got response with status 200: {"sessionId":"dac7b961-28c3-4099-ba69-f9a9f81b0d67","value":"Please enter at least 8 characters"}
&amp#27;[35m[WD Proxy]&amp#27;[39m Replacing sessionId dac7b961-28c3-4099-ba69-f9a9f81b0d67 with 46befbd9-2dc4-4ba2-82d3-2455fdc9676b
&amp#27;[35m[HTTP]&amp#27;[39m &amp#27;[37m<-- GET /wd/hub/session/46befbd9-2dc4-4ba2-82d3-2455fdc9676b/element/00000000-0000-0070-7fff-ffff00000051/text &amp#27;[39m&amp#27;[32m200&amp#27;[39m &amp#27;[90m13 ms - 97&amp#27;[39m
&amp#27;[35m[HTTP]&amp#27;[39m &amp#27;[90m&amp#27;[39m
]]></system-out>
  </testcase>
  <testcase name="loginWithValidCreds" classname="TestNG.TestLoginPage.LoginTest" time="9.773">
    <system-out><![CDATA[&amp#27;[35m[HTTP]&amp#27;[39m &amp#27;[37m-->&amp#27;[39m &amp#27;[37mPOST&amp#27;[39m &amp#27;[37m/wd/hub/session/46befbd9-2dc4-4ba2-82d3-2455fdc9676b/appium/app/close&amp#27;[39m
&amp#27;[35m[HTTP]&amp#27;[39m &amp#27;[90m{}&amp#27;[39m
[debug] &amp#27;[35m[W3C (46befbd9)]&amp#27;[39m Calling AppiumDriver.closeApp() with args: ["46befbd9-2dc4-4ba2-82d3-2455fdc9676b"]
[debug] &amp#27;[35m[ADB]&amp#27;[39m Running 'C:\Android\sdk\platform-tools\adb.exe -P 5037 -s 05157df58940201b shell am force-stop com.wdiodemoapp'
[debug] &amp#27;[35m[W3C (46befbd9)]&amp#27;[39m Responding to client with driver.closeApp() result: null
&amp#27;[35m[HTTP]&amp#27;[39m &amp#27;[37m<-- POST /wd/hub/session/46befbd9-2dc4-4ba2-82d3-2455fdc9676b/appium/app/close &amp#27;[39m&amp#27;[32m200&amp#27;[39m &amp#27;[90m797 ms - 14&amp#27;[39m
&amp#27;[35m[HTTP]&amp#27;[39m &amp#27;[90m&amp#27;[39m
&amp#27;[35m[HTTP]&amp#27;[39m &amp#27;[37m-->&amp#27;[39m &amp#27;[37mPOST&amp#27;[39m &amp#27;[37m/wd/hub/session/46befbd9-2dc4-4ba2-82d3-2455fdc9676b/appium/app/launch&amp#27;[39m
&amp#27;[35m[HTTP]&amp#27;[39m &amp#27;[90m{}&amp#27;[39m
[debug] &amp#27;[35m[W3C (46befbd9)]&amp#27;[39m Calling AppiumDriver.launchApp() with args: ["46befbd9-2dc4-4ba2-82d3-2455fdc9676b"]
[debug] &amp#27;[35m[UiAutomator2]&amp#27;[39m No app capability. Assuming it is already on the device
[debug] &amp#27;[35m[ADB]&amp#27;[39m Getting install status for com.wdiodemoapp
[debug] &amp#27;[35m[ADB]&amp#27;[39m Running 'C:\Android\sdk\platform-tools\adb.exe -P 5037 -s 05157df58940201b shell dumpsys package com.wdiodemoapp'
[debug] &amp#27;[35m[ADB]&amp#27;[39m 'com.wdiodemoapp' is installed
[debug] &amp#27;[35m[ADB]&amp#27;[39m Running 'C:\Android\sdk\platform-tools\adb.exe -P 5037 -s 05157df58940201b shell am force-stop com.wdiodemoapp'
[debug] &amp#27;[35m[ADB]&amp#27;[39m Running 'C:\Android\sdk\platform-tools\adb.exe -P 5037 -s 05157df58940201b shell pm clear com.wdiodemoapp'
[debug] &amp#27;[35m[AndroidDriver]&amp#27;[39m Performed fast reset on the installed 'com.wdiodemoapp' application (stop and clear)
[debug] &amp#27;[35m[ADB]&amp#27;[39m Running 'C:\Android\sdk\platform-tools\adb.exe -P 5037 -s 05157df58940201b shell am start -W -n com.wdiodemoapp/com.wdiodemoapp.MainActivity -S -a android.intent.action.MAIN -c android.intent.category.LAUNCHER -f 0x10200000'
[debug] &amp#27;[35m[W3C (46befbd9)]&amp#27;[39m Responding to client with driver.launchApp() result: null
&amp#27;[35m[HTTP]&amp#27;[39m &amp#27;[37m<-- POST /wd/hub/session/46befbd9-2dc4-4ba2-82d3-2455fdc9676b/appium/app/launch &amp#27;[39m&amp#27;[32m200&amp#27;[39m &amp#27;[90m2914 ms - 14&amp#27;[39m
&amp#27;[35m[HTTP]&amp#27;[39m &amp#27;[90m&amp#27;[39m
&amp#27;[35m[HTTP]&amp#27;[39m &amp#27;[37m-->&amp#27;[39m &amp#27;[37mGET&amp#27;[39m &amp#27;[37m/wd/hub/session/46befbd9-2dc4-4ba2-82d3-2455fdc9676b/context&amp#27;[39m
&amp#27;[35m[HTTP]&amp#27;[39m &amp#27;[90m{}&amp#27;[39m
[debug] &amp#27;[35m[W3C (46befbd9)]&amp#27;[39m Calling AppiumDriver.getCurrentContext() with args: ["46befbd9-2dc4-4ba2-82d3-2455fdc9676b"]
[debug] &amp#27;[35m[W3C (46befbd9)]&amp#27;[39m Responding to client with driver.getCurrentContext() result: "NATIVE_APP"
&amp#27;[35m[HTTP]&amp#27;[39m &amp#27;[37m<-- GET /wd/hub/session/46befbd9-2dc4-4ba2-82d3-2455fdc9676b/context &amp#27;[39m&amp#27;[32m200&amp#27;[39m &amp#27;[90m1 ms - 22&amp#27;[39m
&amp#27;[35m[HTTP]&amp#27;[39m &amp#27;[90m&amp#27;[39m
&amp#27;[35m[HTTP]&amp#27;[39m &amp#27;[37m-->&amp#27;[39m &amp#27;[37mPOST&amp#27;[39m &amp#27;[37m/wd/hub/session/46befbd9-2dc4-4ba2-82d3-2455fdc9676b/element&amp#27;[39m
&amp#27;[35m[HTTP]&amp#27;[39m &amp#27;[90m{"using":"accessibility id","value":"Login"}&amp#27;[39m
[debug] &amp#27;[35m[W3C (46befbd9)]&amp#27;[39m Calling AppiumDriver.findElement() with args: ["accessibility id","Login","46befbd9-2dc4-4ba2-82d3-2455fdc9676b"]
[debug] &amp#27;[35m[BaseDriver]&amp#27;[39m Valid locator strategies for this request: xpath, id, class name, accessibility id, css selector, -android uiautomator
[debug] &amp#27;[35m[BaseDriver]&amp#27;[39m Waiting up to 30000 ms for condition
[debug] &amp#27;[35m[WD Proxy]&amp#27;[39m Matched '/element' to command name 'findElement'
[debug] &amp#27;[35m[WD Proxy]&amp#27;[39m Proxying [POST /element] to [POST http://127.0.0.1:8204/wd/hub/session/dac7b961-28c3-4099-ba69-f9a9f81b0d67/element] with body: {"strategy":"accessibility id","selector":"Login","context":"","multiple":false}
[debug] &amp#27;[35m[WD Proxy]&amp#27;[39m Got response with status 200: {"sessionId":"dac7b961-28c3-4099-ba69-f9a9f81b0d67","value":{"ELEMENT":"00000000-0000-0073-7fff-ffff00000011","element-6066-11e4-a52e-4f735466cecf":"00000000-0000-0073-7fff-ffff00000011"}}
[debug] &amp#27;[35m[W3C (46befbd9)]&amp#27;[39m Responding to client with driver.findElement() result: {"element-6066-11e4-a52e-4f735466cecf":"00000000-0000-0073-7fff-ffff00000011","ELEMENT":"00000000-0000-0073-7fff-ffff00000011"}
&amp#27;[35m[HTTP]&amp#27;[39m &amp#27;[37m<-- POST /wd/hub/session/46befbd9-2dc4-4ba2-82d3-2455fdc9676b/element &amp#27;[39m&amp#27;[32m200&amp#27;[39m &amp#27;[90m1208 ms - 137&amp#27;[39m
&amp#27;[35m[HTTP]&amp#27;[39m &amp#27;[90m&amp#27;[39m
&amp#27;[35m[HTTP]&amp#27;[39m &amp#27;[37m-->&amp#27;[39m &amp#27;[37mGET&amp#27;[39m &amp#27;[37m/wd/hub/session/46befbd9-2dc4-4ba2-82d3-2455fdc9676b/element/00000000-0000-0073-7fff-ffff00000011/displayed&amp#27;[39m
&amp#27;[35m[HTTP]&amp#27;[39m &amp#27;[90m{}&amp#27;[39m
[debug] &amp#27;[35m[W3C (46befbd9)]&amp#27;[39m Calling AppiumDriver.elementDisplayed() with args: ["00000000-0000-0073-7fff-ffff00000011","46befbd9-2dc4-4ba2-82d3-2455fdc9676b"]
[debug] &amp#27;[35m[WD Proxy]&amp#27;[39m Matched '/element/00000000-0000-0073-7fff-ffff00000011/attribute/displayed' to command name 'getAttribute'
[debug] &amp#27;[35m[WD Proxy]&amp#27;[39m Proxying [GET /element/00000000-0000-0073-7fff-ffff00000011/attribute/displayed] to [GET http://127.0.0.1:8204/wd/hub/session/dac7b961-28c3-4099-ba69-f9a9f81b0d67/element/00000000-0000-0073-7fff-ffff00000011/attribute/displayed] with no body
[debug] &amp#27;[35m[WD Proxy]&amp#27;[39m Got response with status 200: {"sessionId":"dac7b961-28c3-4099-ba69-f9a9f81b0d67","value":"true"}
[debug] &amp#27;[35m[W3C (46befbd9)]&amp#27;[39m Responding to client with driver.elementDisplayed() result: true
&amp#27;[35m[HTTP]&amp#27;[39m &amp#27;[37m<-- GET /wd/hub/session/46befbd9-2dc4-4ba2-82d3-2455fdc9676b/element/00000000-0000-0073-7fff-ffff00000011/displayed &amp#27;[39m&amp#27;[32m200&amp#27;[39m &amp#27;[90m16 ms - 14&amp#27;[39m
&amp#27;[35m[HTTP]&amp#27;[39m &amp#27;[90m&amp#27;[39m
&amp#27;[35m[HTTP]&amp#27;[39m &amp#27;[37m-->&amp#27;[39m &amp#27;[37mGET&amp#27;[39m &amp#27;[37m/wd/hub/session/46befbd9-2dc4-4ba2-82d3-2455fdc9676b/context&amp#27;[39m
&amp#27;[35m[HTTP]&amp#27;[39m &amp#27;[90m{}&amp#27;[39m
[debug] &amp#27;[35m[W3C (46befbd9)]&amp#27;[39m Calling AppiumDriver.getCurrentContext() with args: ["46befbd9-2dc4-4ba2-82d3-2455fdc9676b"]
[debug] &amp#27;[35m[W3C (46befbd9)]&amp#27;[39m Responding to client with driver.getCurrentContext() result: "NATIVE_APP"
&amp#27;[35m[HTTP]&amp#27;[39m &amp#27;[37m<-- GET /wd/hub/session/46befbd9-2dc4-4ba2-82d3-2455fdc9676b/context &amp#27;[39m&amp#27;[32m200&amp#27;[39m &amp#27;[90m1 ms - 22&amp#27;[39m
&amp#27;[35m[HTTP]&amp#27;[39m &amp#27;[90m&amp#27;[39m
&amp#27;[35m[HTTP]&amp#27;[39m &amp#27;[37m-->&amp#27;[39m &amp#27;[37mPOST&amp#27;[39m &amp#27;[37m/wd/hub/session/46befbd9-2dc4-4ba2-82d3-2455fdc9676b/element&amp#27;[39m
&amp#27;[35m[HTTP]&amp#27;[39m &amp#27;[90m{"using":"accessibility id","value":"Login"}&amp#27;[39m
[debug] &amp#27;[35m[W3C (46befbd9)]&amp#27;[39m Calling AppiumDriver.findElement() with args: ["accessibility id","Login","46befbd9-2dc4-4ba2-82d3-2455fdc9676b"]
[debug] &amp#27;[35m[BaseDriver]&amp#27;[39m Valid locator strategies for this request: xpath, id, class name, accessibility id, css selector, -android uiautomator
[debug] &amp#27;[35m[BaseDriver]&amp#27;[39m Waiting up to 30000 ms for condition
[debug] &amp#27;[35m[WD Proxy]&amp#27;[39m Matched '/element' to command name 'findElement'
[debug] &amp#27;[35m[WD Proxy]&amp#27;[39m Proxying [POST /element] to [POST http://127.0.0.1:8204/wd/hub/session/dac7b961-28c3-4099-ba69-f9a9f81b0d67/element] with body: {"strategy":"accessibility id","selector":"Login","context":"","multiple":false}
[debug] &amp#27;[35m[WD Proxy]&amp#27;[39m Got response with status 200: {"sessionId":"dac7b961-28c3-4099-ba69-f9a9f81b0d67","value":{"ELEMENT":"00000000-0000-0073-7fff-ffff00000011","element-6066-11e4-a52e-4f735466cecf":"00000000-0000-0073-7fff-ffff00000011"}}
[debug] &amp#27;[35m[W3C (46befbd9)]&amp#27;[39m Responding to client with driver.findElement() result: {"element-6066-11e4-a52e-4f735466cecf":"00000000-0000-0073-7fff-ffff00000011","ELEMENT":"00000000-0000-0073-7fff-ffff00000011"}
&amp#27;[35m[HTTP]&amp#27;[39m &amp#27;[37m<-- POST /wd/hub/session/46befbd9-2dc4-4ba2-82d3-2455fdc9676b/element &amp#27;[39m&amp#27;[32m200&amp#27;[39m &amp#27;[90m37 ms - 137&amp#27;[39m
&amp#27;[35m[HTTP]&amp#27;[39m &amp#27;[90m&amp#27;[39m
&amp#27;[35m[HTTP]&amp#27;[39m &amp#27;[37m-->&amp#27;[39m &amp#27;[37mPOST&amp#27;[39m &amp#27;[37m/wd/hub/session/46befbd9-2dc4-4ba2-82d3-2455fdc9676b/element/00000000-0000-0073-7fff-ffff00000011/click&amp#27;[39m
&amp#27;[35m[HTTP]&amp#27;[39m &amp#27;[90m{"id":"00000000-0000-0073-7fff-ffff00000011"}&amp#27;[39m
[debug] &amp#27;[35m[W3C (46befbd9)]&amp#27;[39m Calling AppiumDriver.click() with args: ["00000000-0000-0073-7fff-ffff00000011","46befbd9-2dc4-4ba2-82d3-2455fdc9676b"]
[debug] &amp#27;[35m[WD Proxy]&amp#27;[39m Matched '/element/00000000-0000-0073-7fff-ffff00000011/click' to command name 'click'
[debug] &amp#27;[35m[WD Proxy]&amp#27;[39m Proxying [POST /element/00000000-0000-0073-7fff-ffff00000011/click] to [POST http://127.0.0.1:8204/wd/hub/session/dac7b961-28c3-4099-ba69-f9a9f81b0d67/element/00000000-0000-0073-7fff-ffff00000011/click] with body: {"element":"00000000-0000-0073-7fff-ffff00000011"}
[debug] &amp#27;[35m[WD Proxy]&amp#27;[39m Got response with status 200: {"sessionId":"dac7b961-28c3-4099-ba69-f9a9f81b0d67","value":null}
[debug] &amp#27;[35m[W3C (46befbd9)]&amp#27;[39m Responding to client with driver.click() result: null
&amp#27;[35m[HTTP]&amp#27;[39m &amp#27;[37m<-- POST /wd/hub/session/46befbd9-2dc4-4ba2-82d3-2455fdc9676b/element/00000000-0000-0073-7fff-ffff00000011/click &amp#27;[39m&amp#27;[32m200&amp#27;[39m &amp#27;[90m49 ms - 14&amp#27;[39m
&amp#27;[35m[HTTP]&amp#27;[39m &amp#27;[90m&amp#27;[39m
&amp#27;[35m[HTTP]&amp#27;[39m &amp#27;[37m-->&amp#27;[39m &amp#27;[37mGET&amp#27;[39m &amp#27;[37m/wd/hub/session/46befbd9-2dc4-4ba2-82d3-2455fdc9676b/context&amp#27;[39m
&amp#27;[35m[HTTP]&amp#27;[39m &amp#27;[90m{}&amp#27;[39m
[debug] &amp#27;[35m[W3C (46befbd9)]&amp#27;[39m Calling AppiumDriver.getCurrentContext() with args: ["46befbd9-2dc4-4ba2-82d3-2455fdc9676b"]
[debug] &amp#27;[35m[W3C (46befbd9)]&amp#27;[39m Responding to client with driver.getCurrentContext() result: "NATIVE_APP"
&amp#27;[35m[HTTP]&amp#27;[39m &amp#27;[37m<-- GET /wd/hub/session/46befbd9-2dc4-4ba2-82d3-2455fdc9676b/context &amp#27;[39m&amp#27;[32m200&amp#27;[39m &amp#27;[90m1 ms - 22&amp#27;[39m
&amp#27;[35m[HTTP]&amp#27;[39m &amp#27;[90m&amp#27;[39m
&amp#27;[35m[HTTP]&amp#27;[39m &amp#27;[37m-->&amp#27;[39m &amp#27;[37mPOST&amp#27;[39m &amp#27;[37m/wd/hub/session/46befbd9-2dc4-4ba2-82d3-2455fdc9676b/element&amp#27;[39m
&amp#27;[35m[HTTP]&amp#27;[39m &amp#27;[90m{"using":"accessibility id","value":"button-login-container"}&amp#27;[39m
[debug] &amp#27;[35m[W3C (46befbd9)]&amp#27;[39m Calling AppiumDriver.findElement() with args: ["accessibility id","button-login-container","46befbd9-2dc4-4ba2-82d3-2455fdc9676b"]
[debug] &amp#27;[35m[BaseDriver]&amp#27;[39m Valid locator strategies for this request: xpath, id, class name, accessibility id, css selector, -android uiautomator
[debug] &amp#27;[35m[BaseDriver]&amp#27;[39m Waiting up to 30000 ms for condition
[debug] &amp#27;[35m[WD Proxy]&amp#27;[39m Matched '/element' to command name 'findElement'
[debug] &amp#27;[35m[WD Proxy]&amp#27;[39m Proxying [POST /element] to [POST http://127.0.0.1:8204/wd/hub/session/dac7b961-28c3-4099-ba69-f9a9f81b0d67/element] with body: {"strategy":"accessibility id","selector":"button-login-container","context":"","multiple":false}
&amp#27;[35m[WD Proxy]&amp#27;[39m Got response with status 404: {"sessionId":"dac7b961-28c3-4099-ba69-f9a9f81b0d67","value":{"error":"no such element","message":"An element could not be located on the page using the given search parameters","stacktrace":"io.appium.uiautomator2.common.exceptions.ElementNotFoundException: An element could not be located on the page using the given search parameters\n\tat io.appium.uiautomator2.handler.FindElement.safeHandle(FindElement.java:70)\n\tat io.appium.uiautomator2.handler.request.SafeRequestHandler.handle(SafeRequestHandler.java:59)\n\tat io.appium.uiautomator2.server.AppiumServlet.handleRequest(AppiumServlet.java:264)\n\tat io.appium.uiautomator2.server.AppiumServlet.handleHttpRequest(AppiumServlet.java:258)\n\tat io.appium.uiautomator2.http.ServerHandler.channelRead(ServerHandler.java:68)\n\tat io.netty.channel.AbstractChannelHandlerContext.invokeChannelRead(AbstractChannelHandlerContext.java:366)\n\tat io.netty.channel.AbstractChannelHandlerContext.invokeChannelRead(AbstractChannelHandlerContext.java:352)\n\tat io.netty.chann...
[debug] &amp#27;[35m[W3C]&amp#27;[39m Matched W3C error code 'no such element' to NoSuchElementError
[debug] &amp#27;[35m[BaseDriver]&amp#27;[39m Waited for 54 ms so far
[debug] &amp#27;[35m[WD Proxy]&amp#27;[39m Matched '/element' to command name 'findElement'
[debug] &amp#27;[35m[WD Proxy]&amp#27;[39m Proxying [POST /element] to [POST http://127.0.0.1:8204/wd/hub/session/dac7b961-28c3-4099-ba69-f9a9f81b0d67/element] with body: {"strategy":"accessibility id","selector":"button-login-container","context":"","multiple":false}
[debug] &amp#27;[35m[WD Proxy]&amp#27;[39m Got response with status 200: {"sessionId":"dac7b961-28c3-4099-ba69-f9a9f81b0d67","value":{"ELEMENT":"00000000-0000-0073-7fff-ffff00000044","element-6066-11e4-a52e-4f735466cecf":"00000000-0000-0073-7fff-ffff00000044"}}
[debug] &amp#27;[35m[W3C (46befbd9)]&amp#27;[39m Responding to client with driver.findElement() result: {"element-6066-11e4-a52e-4f735466cecf":"00000000-0000-0073-7fff-ffff00000044","ELEMENT":"00000000-0000-0073-7fff-ffff00000044"}
&amp#27;[35m[HTTP]&amp#27;[39m &amp#27;[37m<-- POST /wd/hub/session/46befbd9-2dc4-4ba2-82d3-2455fdc9676b/element &amp#27;[39m&amp#27;[32m200&amp#27;[39m &amp#27;[90m956 ms - 137&amp#27;[39m
&amp#27;[35m[HTTP]&amp#27;[39m &amp#27;[90m&amp#27;[39m
&amp#27;[35m[HTTP]&amp#27;[39m &amp#27;[37m-->&amp#27;[39m &amp#27;[37mPOST&amp#27;[39m &amp#27;[37m/wd/hub/session/46befbd9-2dc4-4ba2-82d3-2455fdc9676b/element/00000000-0000-0073-7fff-ffff00000044/click&amp#27;[39m
&amp#27;[35m[HTTP]&amp#27;[39m &amp#27;[90m{"id":"00000000-0000-0073-7fff-ffff00000044"}&amp#27;[39m
[debug] &amp#27;[35m[W3C (46befbd9)]&amp#27;[39m Calling AppiumDriver.click() with args: ["00000000-0000-0073-7fff-ffff00000044","46befbd9-2dc4-4ba2-82d3-2455fdc9676b"]
[debug] &amp#27;[35m[WD Proxy]&amp#27;[39m Matched '/element/00000000-0000-0073-7fff-ffff00000044/click' to command name 'click'
[debug] &amp#27;[35m[WD Proxy]&amp#27;[39m Proxying [POST /element/00000000-0000-0073-7fff-ffff00000044/click] to [POST http://127.0.0.1:8204/wd/hub/session/dac7b961-28c3-4099-ba69-f9a9f81b0d67/element/00000000-0000-0073-7fff-ffff00000044/click] with body: {"element":"00000000-0000-0073-7fff-ffff00000044"}
[debug] &amp#27;[35m[WD Proxy]&amp#27;[39m Got response with status 200: {"sessionId":"dac7b961-28c3-4099-ba69-f9a9f81b0d67","value":null}
[debug] &amp#27;[35m[W3C (46befbd9)]&amp#27;[39m Responding to client with driver.click() result: null
&amp#27;[35m[HTTP]&amp#27;[39m &amp#27;[37m<-- POST /wd/hub/session/46befbd9-2dc4-4ba2-82d3-2455fdc9676b/element/00000000-0000-0073-7fff-ffff00000044/click &amp#27;[39m&amp#27;[32m200&amp#27;[39m &amp#27;[90m42 ms - 14&amp#27;[39m
&amp#27;[35m[HTTP]&amp#27;[39m &amp#27;[90m&amp#27;[39m
&amp#27;[35m[HTTP]&amp#27;[39m &amp#27;[37m-->&amp#27;[39m &amp#27;[37mGET&amp#27;[39m &amp#27;[37m/wd/hub/session/46befbd9-2dc4-4ba2-82d3-2455fdc9676b/context&amp#27;[39m
&amp#27;[35m[HTTP]&amp#27;[39m &amp#27;[90m{}&amp#27;[39m
[debug] &amp#27;[35m[W3C (46befbd9)]&amp#27;[39m Calling AppiumDriver.getCurrentContext() with args: ["46befbd9-2dc4-4ba2-82d3-2455fdc9676b"]
[debug] &amp#27;[35m[W3C (46befbd9)]&amp#27;[39m Responding to client with driver.getCurrentContext() result: "NATIVE_APP"
&amp#27;[35m[HTTP]&amp#27;[39m &amp#27;[37m<-- GET /wd/hub/session/46befbd9-2dc4-4ba2-82d3-2455fdc9676b/context &amp#27;[39m&amp#27;[32m200&amp#27;[39m &amp#27;[90m1 ms - 22&amp#27;[39m
&amp#27;[35m[HTTP]&amp#27;[39m &amp#27;[90m&amp#27;[39m
&amp#27;[35m[HTTP]&amp#27;[39m &amp#27;[37m-->&amp#27;[39m &amp#27;[37mPOST&amp#27;[39m &amp#27;[37m/wd/hub/session/46befbd9-2dc4-4ba2-82d3-2455fdc9676b/element&amp#27;[39m
&amp#27;[35m[HTTP]&amp#27;[39m &amp#27;[90m{"using":"accessibility id","value":"button-LOGIN"}&amp#27;[39m
[debug] &amp#27;[35m[W3C (46befbd9)]&amp#27;[39m Calling AppiumDriver.findElement() with args: ["accessibility id","button-LOGIN","46befbd9-2dc4-4ba2-82d3-2455fdc9676b"]
[debug] &amp#27;[35m[BaseDriver]&amp#27;[39m Valid locator strategies for this request: xpath, id, class name, accessibility id, css selector, -android uiautomator
[debug] &amp#27;[35m[BaseDriver]&amp#27;[39m Waiting up to 30000 ms for condition
[debug] &amp#27;[35m[WD Proxy]&amp#27;[39m Matched '/element' to command name 'findElement'
[debug] &amp#27;[35m[WD Proxy]&amp#27;[39m Proxying [POST /element] to [POST http://127.0.0.1:8204/wd/hub/session/dac7b961-28c3-4099-ba69-f9a9f81b0d67/element] with body: {"strategy":"accessibility id","selector":"button-LOGIN","context":"","multiple":false}
[debug] &amp#27;[35m[WD Proxy]&amp#27;[39m Got response with status 200: {"sessionId":"dac7b961-28c3-4099-ba69-f9a9f81b0d67","value":{"ELEMENT":"00000000-0000-0073-7fff-ffff00000053","element-6066-11e4-a52e-4f735466cecf":"00000000-0000-0073-7fff-ffff00000053"}}
[debug] &amp#27;[35m[W3C (46befbd9)]&amp#27;[39m Responding to client with driver.findElement() result: {"element-6066-11e4-a52e-4f735466cecf":"00000000-0000-0073-7fff-ffff00000053","ELEMENT":"00000000-0000-0073-7fff-ffff00000053"}
&amp#27;[35m[HTTP]&amp#27;[39m &amp#27;[37m<-- POST /wd/hub/session/46befbd9-2dc4-4ba2-82d3-2455fdc9676b/element &amp#27;[39m&amp#27;[32m200&amp#27;[39m &amp#27;[90m46 ms - 137&amp#27;[39m
&amp#27;[35m[HTTP]&amp#27;[39m &amp#27;[90m&amp#27;[39m
&amp#27;[35m[HTTP]&amp#27;[39m &amp#27;[37m-->&amp#27;[39m &amp#27;[37mGET&amp#27;[39m &amp#27;[37m/wd/hub/session/46befbd9-2dc4-4ba2-82d3-2455fdc9676b/element/00000000-0000-0073-7fff-ffff00000053/displayed&amp#27;[39m
&amp#27;[35m[HTTP]&amp#27;[39m &amp#27;[90m{}&amp#27;[39m
[debug] &amp#27;[35m[W3C (46befbd9)]&amp#27;[39m Calling AppiumDriver.elementDisplayed() with args: ["00000000-0000-0073-7fff-ffff00000053","46befbd9-2dc4-4ba2-82d3-2455fdc9676b"]
[debug] &amp#27;[35m[WD Proxy]&amp#27;[39m Matched '/element/00000000-0000-0073-7fff-ffff00000053/attribute/displayed' to command name 'getAttribute'
[debug] &amp#27;[35m[WD Proxy]&amp#27;[39m Proxying [GET /element/00000000-0000-0073-7fff-ffff00000053/attribute/displayed] to [GET http://127.0.0.1:8204/wd/hub/session/dac7b961-28c3-4099-ba69-f9a9f81b0d67/element/00000000-0000-0073-7fff-ffff00000053/attribute/displayed] with no body
[debug] &amp#27;[35m[WD Proxy]&amp#27;[39m Got response with status 200: {"sessionId":"dac7b961-28c3-4099-ba69-f9a9f81b0d67","value":"true"}
[debug] &amp#27;[35m[W3C (46befbd9)]&amp#27;[39m Responding to client with driver.elementDisplayed() result: true
&amp#27;[35m[HTTP]&amp#27;[39m &amp#27;[37m<-- GET /wd/hub/session/46befbd9-2dc4-4ba2-82d3-2455fdc9676b/element/00000000-0000-0073-7fff-ffff00000053/displayed &amp#27;[39m&amp#27;[32m200&amp#27;[39m &amp#27;[90m798 ms - 14&amp#27;[39m
&amp#27;[35m[HTTP]&amp#27;[39m &amp#27;[90m&amp#27;[39m
&amp#27;[35m[HTTP]&amp#27;[39m &amp#27;[37m-->&amp#27;[39m &amp#27;[37mGET&amp#27;[39m &amp#27;[37m/wd/hub/session/46befbd9-2dc4-4ba2-82d3-2455fdc9676b/context&amp#27;[39m
&amp#27;[35m[HTTP]&amp#27;[39m &amp#27;[90m{}&amp#27;[39m
[debug] &amp#27;[35m[W3C (46befbd9)]&amp#27;[39m Calling AppiumDriver.getCurrentContext() with args: ["46befbd9-2dc4-4ba2-82d3-2455fdc9676b"]
[debug] &amp#27;[35m[W3C (46befbd9)]&amp#27;[39m Responding to client with driver.getCurrentContext() result: "NATIVE_APP"
&amp#27;[35m[HTTP]&amp#27;[39m &amp#27;[37m<-- GET /wd/hub/session/46befbd9-2dc4-4ba2-82d3-2455fdc9676b/context &amp#27;[39m&amp#27;[32m200&amp#27;[39m &amp#27;[90m1 ms - 22&amp#27;[39m
&amp#27;[35m[HTTP]&amp#27;[39m &amp#27;[90m&amp#27;[39m
&amp#27;[35m[HTTP]&amp#27;[39m &amp#27;[37m-->&amp#27;[39m &amp#27;[37mPOST&amp#27;[39m &amp#27;[37m/wd/hub/session/46befbd9-2dc4-4ba2-82d3-2455fdc9676b/element&amp#27;[39m
&amp#27;[35m[HTTP]&amp#27;[39m &amp#27;[90m{"using":"accessibility id","value":"button-LOGIN"}&amp#27;[39m
[debug] &amp#27;[35m[W3C (46befbd9)]&amp#27;[39m Calling AppiumDriver.findElement() with args: ["accessibility id","button-LOGIN","46befbd9-2dc4-4ba2-82d3-2455fdc9676b"]
[debug] &amp#27;[35m[BaseDriver]&amp#27;[39m Valid locator strategies for this request: xpath, id, class name, accessibility id, css selector, -android uiautomator
[debug] &amp#27;[35m[BaseDriver]&amp#27;[39m Waiting up to 30000 ms for condition
[debug] &amp#27;[35m[WD Proxy]&amp#27;[39m Matched '/element' to command name 'findElement'
[debug] &amp#27;[35m[WD Proxy]&amp#27;[39m Proxying [POST /element] to [POST http://127.0.0.1:8204/wd/hub/session/dac7b961-28c3-4099-ba69-f9a9f81b0d67/element] with body: {"strategy":"accessibility id","selector":"button-LOGIN","context":"","multiple":false}
[debug] &amp#27;[35m[WD Proxy]&amp#27;[39m Got response with status 200: {"sessionId":"dac7b961-28c3-4099-ba69-f9a9f81b0d67","value":{"ELEMENT":"00000000-0000-0073-7fff-ffff00000053","element-6066-11e4-a52e-4f735466cecf":"00000000-0000-0073-7fff-ffff00000053"}}
[debug] &amp#27;[35m[W3C (46befbd9)]&amp#27;[39m Responding to client with driver.findElement() result: {"element-6066-11e4-a52e-4f735466cecf":"00000000-0000-0073-7fff-ffff00000053","ELEMENT":"00000000-0000-0073-7fff-ffff00000053"}
&amp#27;[35m[HTTP]&amp#27;[39m &amp#27;[37m<-- POST /wd/hub/session/46befbd9-2dc4-4ba2-82d3-2455fdc9676b/element &amp#27;[39m&amp#27;[32m200&amp#27;[39m &amp#27;[90m49 ms - 137&amp#27;[39m
&amp#27;[35m[HTTP]&amp#27;[39m &amp#27;[90m&amp#27;[39m
&amp#27;[35m[HTTP]&amp#27;[39m &amp#27;[37m-->&amp#27;[39m &amp#27;[37mGET&amp#27;[39m &amp#27;[37m/wd/hub/session/46befbd9-2dc4-4ba2-82d3-2455fdc9676b/element/00000000-0000-0073-7fff-ffff00000053/displayed&amp#27;[39m
&amp#27;[35m[HTTP]&amp#27;[39m &amp#27;[90m{}&amp#27;[39m
[debug] &amp#27;[35m[W3C (46befbd9)]&amp#27;[39m Calling AppiumDriver.elementDisplayed() with args: ["00000000-0000-0073-7fff-ffff00000053","46befbd9-2dc4-4ba2-82d3-2455fdc9676b"]
[debug] &amp#27;[35m[WD Proxy]&amp#27;[39m Matched '/element/00000000-0000-0073-7fff-ffff00000053/attribute/displayed' to command name 'getAttribute'
[debug] &amp#27;[35m[WD Proxy]&amp#27;[39m Proxying [GET /element/00000000-0000-0073-7fff-ffff00000053/attribute/displayed] to [GET http://127.0.0.1:8204/wd/hub/session/dac7b961-28c3-4099-ba69-f9a9f81b0d67/element/00000000-0000-0073-7fff-ffff00000053/attribute/displayed] with no body
[debug] &amp#27;[35m[WD Proxy]&amp#27;[39m Got response with status 200: {"sessionId":"dac7b961-28c3-4099-ba69-f9a9f81b0d67","value":"true"}
[debug] &amp#27;[35m[W3C (46befbd9)]&amp#27;[39m Responding to client with driver.elementDisplayed() result: true
&amp#27;[35m[HTTP]&amp#27;[39m &amp#27;[37m<-- GET /wd/hub/session/46befbd9-2dc4-4ba2-82d3-2455fdc9676b/element/00000000-0000-0073-7fff-ffff00000053/displayed &amp#27;[39m&amp#27;[32m200&amp#27;[39m &amp#27;[90m48 ms - 14&amp#27;[39m
&amp#27;[35m[HTTP]&amp#27;[39m &amp#27;[90m&amp#27;[39m
&amp#27;[35m[HTTP]&amp#27;[39m &amp#27;[37m-->&amp#27;[39m &amp#27;[37mGET&amp#27;[39m &amp#27;[37m/wd/hub/session/46befbd9-2dc4-4ba2-82d3-2455fdc9676b/context&amp#27;[39m
&amp#27;[35m[HTTP]&amp#27;[39m &amp#27;[90m{}&amp#27;[39m
[debug] &amp#27;[35m[W3C (46befbd9)]&amp#27;[39m Calling AppiumDriver.getCurrentContext() with args: ["46befbd9-2dc4-4ba2-82d3-2455fdc9676b"]
[debug] &amp#27;[35m[W3C (46befbd9)]&amp#27;[39m Responding to client with driver.getCurrentContext() result: "NATIVE_APP"
&amp#27;[35m[HTTP]&amp#27;[39m &amp#27;[37m<-- GET /wd/hub/session/46befbd9-2dc4-4ba2-82d3-2455fdc9676b/context &amp#27;[39m&amp#27;[32m200&amp#27;[39m &amp#27;[90m1 ms - 22&amp#27;[39m
&amp#27;[35m[HTTP]&amp#27;[39m &amp#27;[90m&amp#27;[39m
&amp#27;[35m[HTTP]&amp#27;[39m &amp#27;[37m-->&amp#27;[39m &amp#27;[37mPOST&amp#27;[39m &amp#27;[37m/wd/hub/session/46befbd9-2dc4-4ba2-82d3-2455fdc9676b/element&amp#27;[39m
&amp#27;[35m[HTTP]&amp#27;[39m &amp#27;[90m{"using":"accessibility id","value":"input-email"}&amp#27;[39m
[debug] &amp#27;[35m[W3C (46befbd9)]&amp#27;[39m Calling AppiumDriver.findElement() with args: ["accessibility id","input-email","46befbd9-2dc4-4ba2-82d3-2455fdc9676b"]
[debug] &amp#27;[35m[BaseDriver]&amp#27;[39m Valid locator strategies for this request: xpath, id, class name, accessibility id, css selector, -android uiautomator
[debug] &amp#27;[35m[BaseDriver]&amp#27;[39m Waiting up to 30000 ms for condition
[debug] &amp#27;[35m[WD Proxy]&amp#27;[39m Matched '/element' to command name 'findElement'
[debug] &amp#27;[35m[WD Proxy]&amp#27;[39m Proxying [POST /element] to [POST http://127.0.0.1:8204/wd/hub/session/dac7b961-28c3-4099-ba69-f9a9f81b0d67/element] with body: {"strategy":"accessibility id","selector":"input-email","context":"","multiple":false}
[debug] &amp#27;[35m[WD Proxy]&amp#27;[39m Got response with status 200: {"sessionId":"dac7b961-28c3-4099-ba69-f9a9f81b0d67","value":{"ELEMENT":"00000000-0000-0073-7fff-ffff0000003a","element-6066-11e4-a52e-4f735466cecf":"00000000-0000-0073-7fff-ffff0000003a"}}
[debug] &amp#27;[35m[W3C (46befbd9)]&amp#27;[39m Responding to client with driver.findElement() result: {"element-6066-11e4-a52e-4f735466cecf":"00000000-0000-0073-7fff-ffff0000003a","ELEMENT":"00000000-0000-0073-7fff-ffff0000003a"}
&amp#27;[35m[HTTP]&amp#27;[39m &amp#27;[37m<-- POST /wd/hub/session/46befbd9-2dc4-4ba2-82d3-2455fdc9676b/element &amp#27;[39m&amp#27;[32m200&amp#27;[39m &amp#27;[90m67 ms - 137&amp#27;[39m
&amp#27;[35m[HTTP]&amp#27;[39m &amp#27;[90m&amp#27;[39m
&amp#27;[35m[HTTP]&amp#27;[39m &amp#27;[37m-->&amp#27;[39m &amp#27;[37mGET&amp#27;[39m &amp#27;[37m/wd/hub/session/46befbd9-2dc4-4ba2-82d3-2455fdc9676b/element/00000000-0000-0073-7fff-ffff0000003a/displayed&amp#27;[39m
&amp#27;[35m[HTTP]&amp#27;[39m &amp#27;[90m{}&amp#27;[39m
[debug] &amp#27;[35m[W3C (46befbd9)]&amp#27;[39m Calling AppiumDriver.elementDisplayed() with args: ["00000000-0000-0073-7fff-ffff0000003a","46befbd9-2dc4-4ba2-82d3-2455fdc9676b"]
[debug] &amp#27;[35m[WD Proxy]&amp#27;[39m Matched '/element/00000000-0000-0073-7fff-ffff0000003a/attribute/displayed' to command name 'getAttribute'
[debug] &amp#27;[35m[WD Proxy]&amp#27;[39m Proxying [GET /element/00000000-0000-0073-7fff-ffff0000003a/attribute/displayed] to [GET http://127.0.0.1:8204/wd/hub/session/dac7b961-28c3-4099-ba69-f9a9f81b0d67/element/00000000-0000-0073-7fff-ffff0000003a/attribute/displayed] with no body
[debug] &amp#27;[35m[WD Proxy]&amp#27;[39m Got response with status 200: {"sessionId":"dac7b961-28c3-4099-ba69-f9a9f81b0d67","value":"true"}
[debug] &amp#27;[35m[W3C (46befbd9)]&amp#27;[39m Responding to client with driver.elementDisplayed() result: true
&amp#27;[35m[HTTP]&amp#27;[39m &amp#27;[37m<-- GET /wd/hub/session/46befbd9-2dc4-4ba2-82d3-2455fdc9676b/element/00000000-0000-0073-7fff-ffff0000003a/displayed &amp#27;[39m&amp#27;[32m200&amp#27;[39m &amp#27;[90m33 ms - 14&amp#27;[39m
&amp#27;[35m[HTTP]&amp#27;[39m &amp#27;[90m&amp#27;[39m
&amp#27;[35m[HTTP]&amp#27;[39m &amp#27;[37m-->&amp#27;[39m &amp#27;[37mGET&amp#27;[39m &amp#27;[37m/wd/hub/session/46befbd9-2dc4-4ba2-82d3-2455fdc9676b/context&amp#27;[39m
&amp#27;[35m[HTTP]&amp#27;[39m &amp#27;[90m{}&amp#27;[39m
[debug] &amp#27;[35m[W3C (46befbd9)]&amp#27;[39m Calling AppiumDriver.getCurrentContext() with args: ["46befbd9-2dc4-4ba2-82d3-2455fdc9676b"]
[debug] &amp#27;[35m[W3C (46befbd9)]&amp#27;[39m Responding to client with driver.getCurrentContext() result: "NATIVE_APP"
&amp#27;[35m[HTTP]&amp#27;[39m &amp#27;[37m<-- GET /wd/hub/session/46befbd9-2dc4-4ba2-82d3-2455fdc9676b/context &amp#27;[39m&amp#27;[32m200&amp#27;[39m &amp#27;[90m1 ms - 22&amp#27;[39m
&amp#27;[35m[HTTP]&amp#27;[39m &amp#27;[90m&amp#27;[39m
&amp#27;[35m[HTTP]&amp#27;[39m &amp#27;[37m-->&amp#27;[39m &amp#27;[37mPOST&amp#27;[39m &amp#27;[37m/wd/hub/session/46befbd9-2dc4-4ba2-82d3-2455fdc9676b/element&amp#27;[39m
&amp#27;[35m[HTTP]&amp#27;[39m &amp#27;[90m{"using":"accessibility id","value":"input-email"}&amp#27;[39m
[debug] &amp#27;[35m[W3C (46befbd9)]&amp#27;[39m Calling AppiumDriver.findElement() with args: ["accessibility id","input-email","46befbd9-2dc4-4ba2-82d3-2455fdc9676b"]
[debug] &amp#27;[35m[BaseDriver]&amp#27;[39m Valid locator strategies for this request: xpath, id, class name, accessibility id, css selector, -android uiautomator
[debug] &amp#27;[35m[BaseDriver]&amp#27;[39m Waiting up to 30000 ms for condition
[debug] &amp#27;[35m[WD Proxy]&amp#27;[39m Matched '/element' to command name 'findElement'
[debug] &amp#27;[35m[WD Proxy]&amp#27;[39m Proxying [POST /element] to [POST http://127.0.0.1:8204/wd/hub/session/dac7b961-28c3-4099-ba69-f9a9f81b0d67/element] with body: {"strategy":"accessibility id","selector":"input-email","context":"","multiple":false}
[debug] &amp#27;[35m[WD Proxy]&amp#27;[39m Got response with status 200: {"sessionId":"dac7b961-28c3-4099-ba69-f9a9f81b0d67","value":{"ELEMENT":"00000000-0000-0073-7fff-ffff0000003a","element-6066-11e4-a52e-4f735466cecf":"00000000-0000-0073-7fff-ffff0000003a"}}
[debug] &amp#27;[35m[W3C (46befbd9)]&amp#27;[39m Responding to client with driver.findElement() result: {"element-6066-11e4-a52e-4f735466cecf":"00000000-0000-0073-7fff-ffff0000003a","ELEMENT":"00000000-0000-0073-7fff-ffff0000003a"}
&amp#27;[35m[HTTP]&amp#27;[39m &amp#27;[37m<-- POST /wd/hub/session/46befbd9-2dc4-4ba2-82d3-2455fdc9676b/element &amp#27;[39m&amp#27;[32m200&amp#27;[39m &amp#27;[90m66 ms - 137&amp#27;[39m
&amp#27;[35m[HTTP]&amp#27;[39m &amp#27;[90m&amp#27;[39m
&amp#27;[35m[HTTP]&amp#27;[39m &amp#27;[37m-->&amp#27;[39m &amp#27;[37mPOST&amp#27;[39m &amp#27;[37m/wd/hub/session/46befbd9-2dc4-4ba2-82d3-2455fdc9676b/element/00000000-0000-0073-7fff-ffff0000003a/clear&amp#27;[39m
&amp#27;[35m[HTTP]&amp#27;[39m &amp#27;[90m{"id":"00000000-0000-0073-7fff-ffff0000003a"}&amp#27;[39m
[debug] &amp#27;[35m[W3C (46befbd9)]&amp#27;[39m Calling AppiumDriver.clear() with args: ["00000000-0000-0073-7fff-ffff0000003a","46befbd9-2dc4-4ba2-82d3-2455fdc9676b"]
[debug] &amp#27;[35m[WD Proxy]&amp#27;[39m Matched '/element/00000000-0000-0073-7fff-ffff0000003a/clear' to command name 'clear'
[debug] &amp#27;[35m[WD Proxy]&amp#27;[39m Proxying [POST /element/00000000-0000-0073-7fff-ffff0000003a/clear] to [POST http://127.0.0.1:8204/wd/hub/session/dac7b961-28c3-4099-ba69-f9a9f81b0d67/element/00000000-0000-0073-7fff-ffff0000003a/clear] with body: {"elementId":"00000000-0000-0073-7fff-ffff0000003a"}
[debug] &amp#27;[35m[WD Proxy]&amp#27;[39m Got response with status 200: {"sessionId":"dac7b961-28c3-4099-ba69-f9a9f81b0d67","value":null}
[debug] &amp#27;[35m[W3C (46befbd9)]&amp#27;[39m Responding to client with driver.clear() result: null
&amp#27;[35m[HTTP]&amp#27;[39m &amp#27;[37m<-- POST /wd/hub/session/46befbd9-2dc4-4ba2-82d3-2455fdc9676b/element/00000000-0000-0073-7fff-ffff0000003a/clear &amp#27;[39m&amp#27;[32m200&amp#27;[39m &amp#27;[90m28 ms - 14&amp#27;[39m
&amp#27;[35m[HTTP]&amp#27;[39m &amp#27;[90m&amp#27;[39m
&amp#27;[35m[HTTP]&amp#27;[39m &amp#27;[37m-->&amp#27;[39m &amp#27;[37mGET&amp#27;[39m &amp#27;[37m/wd/hub/session/46befbd9-2dc4-4ba2-82d3-2455fdc9676b/context&amp#27;[39m
&amp#27;[35m[HTTP]&amp#27;[39m &amp#27;[90m{}&amp#27;[39m
[debug] &amp#27;[35m[W3C (46befbd9)]&amp#27;[39m Calling AppiumDriver.getCurrentContext() with args: ["46befbd9-2dc4-4ba2-82d3-2455fdc9676b"]
[debug] &amp#27;[35m[W3C (46befbd9)]&amp#27;[39m Responding to client with driver.getCurrentContext() result: "NATIVE_APP"
&amp#27;[35m[HTTP]&amp#27;[39m &amp#27;[37m<-- GET /wd/hub/session/46befbd9-2dc4-4ba2-82d3-2455fdc9676b/context &amp#27;[39m&amp#27;[32m200&amp#27;[39m &amp#27;[90m1 ms - 22&amp#27;[39m
&amp#27;[35m[HTTP]&amp#27;[39m &amp#27;[90m&amp#27;[39m
&amp#27;[35m[HTTP]&amp#27;[39m &amp#27;[37m-->&amp#27;[39m &amp#27;[37mPOST&amp#27;[39m &amp#27;[37m/wd/hub/session/46befbd9-2dc4-4ba2-82d3-2455fdc9676b/element&amp#27;[39m
&amp#27;[35m[HTTP]&amp#27;[39m &amp#27;[90m{"using":"accessibility id","value":"input-email"}&amp#27;[39m
[debug] &amp#27;[35m[W3C (46befbd9)]&amp#27;[39m Calling AppiumDriver.findElement() with args: ["accessibility id","input-email","46befbd9-2dc4-4ba2-82d3-2455fdc9676b"]
[debug] &amp#27;[35m[BaseDriver]&amp#27;[39m Valid locator strategies for this request: xpath, id, class name, accessibility id, css selector, -android uiautomator
[debug] &amp#27;[35m[BaseDriver]&amp#27;[39m Waiting up to 30000 ms for condition
[debug] &amp#27;[35m[WD Proxy]&amp#27;[39m Matched '/element' to command name 'findElement'
[debug] &amp#27;[35m[WD Proxy]&amp#27;[39m Proxying [POST /element] to [POST http://127.0.0.1:8204/wd/hub/session/dac7b961-28c3-4099-ba69-f9a9f81b0d67/element] with body: {"strategy":"accessibility id","selector":"input-email","context":"","multiple":false}
[debug] &amp#27;[35m[WD Proxy]&amp#27;[39m Got response with status 200: {"sessionId":"dac7b961-28c3-4099-ba69-f9a9f81b0d67","value":{"ELEMENT":"00000000-0000-0073-7fff-ffff0000003a","element-6066-11e4-a52e-4f735466cecf":"00000000-0000-0073-7fff-ffff0000003a"}}
[debug] &amp#27;[35m[W3C (46befbd9)]&amp#27;[39m Responding to client with driver.findElement() result: {"element-6066-11e4-a52e-4f735466cecf":"00000000-0000-0073-7fff-ffff0000003a","ELEMENT":"00000000-0000-0073-7fff-ffff0000003a"}
&amp#27;[35m[HTTP]&amp#27;[39m &amp#27;[37m<-- POST /wd/hub/session/46befbd9-2dc4-4ba2-82d3-2455fdc9676b/element &amp#27;[39m&amp#27;[32m200&amp#27;[39m &amp#27;[90m533 ms - 137&amp#27;[39m
&amp#27;[35m[HTTP]&amp#27;[39m &amp#27;[90m&amp#27;[39m
&amp#27;[35m[HTTP]&amp#27;[39m &amp#27;[37m-->&amp#27;[39m &amp#27;[37mGET&amp#27;[39m &amp#27;[37m/wd/hub/session/46befbd9-2dc4-4ba2-82d3-2455fdc9676b/element/00000000-0000-0073-7fff-ffff0000003a/displayed&amp#27;[39m
&amp#27;[35m[HTTP]&amp#27;[39m &amp#27;[90m{}&amp#27;[39m
[debug] &amp#27;[35m[W3C (46befbd9)]&amp#27;[39m Calling AppiumDriver.elementDisplayed() with args: ["00000000-0000-0073-7fff-ffff0000003a","46befbd9-2dc4-4ba2-82d3-2455fdc9676b"]
[debug] &amp#27;[35m[WD Proxy]&amp#27;[39m Matched '/element/00000000-0000-0073-7fff-ffff0000003a/attribute/displayed' to command name 'getAttribute'
[debug] &amp#27;[35m[WD Proxy]&amp#27;[39m Proxying [GET /element/00000000-0000-0073-7fff-ffff0000003a/attribute/displayed] to [GET http://127.0.0.1:8204/wd/hub/session/dac7b961-28c3-4099-ba69-f9a9f81b0d67/element/00000000-0000-0073-7fff-ffff0000003a/attribute/displayed] with no body
[debug] &amp#27;[35m[WD Proxy]&amp#27;[39m Got response with status 200: {"sessionId":"dac7b961-28c3-4099-ba69-f9a9f81b0d67","value":"true"}
[debug] &amp#27;[35m[W3C (46befbd9)]&amp#27;[39m Responding to client with driver.elementDisplayed() result: true
&amp#27;[35m[HTTP]&amp#27;[39m &amp#27;[37m<-- GET /wd/hub/session/46befbd9-2dc4-4ba2-82d3-2455fdc9676b/element/00000000-0000-0073-7fff-ffff0000003a/displayed &amp#27;[39m&amp#27;[32m200&amp#27;[39m &amp#27;[90m23 ms - 14&amp#27;[39m
&amp#27;[35m[HTTP]&amp#27;[39m &amp#27;[90m&amp#27;[39m
&amp#27;[35m[HTTP]&amp#27;[39m &amp#27;[37m-->&amp#27;[39m &amp#27;[37mGET&amp#27;[39m &amp#27;[37m/wd/hub/session/46befbd9-2dc4-4ba2-82d3-2455fdc9676b/context&amp#27;[39m
&amp#27;[35m[HTTP]&amp#27;[39m &amp#27;[90m{}&amp#27;[39m
[debug] &amp#27;[35m[W3C (46befbd9)]&amp#27;[39m Calling AppiumDriver.getCurrentContext() with args: ["46befbd9-2dc4-4ba2-82d3-2455fdc9676b"]
[debug] &amp#27;[35m[W3C (46befbd9)]&amp#27;[39m Responding to client with driver.getCurrentContext() result: "NATIVE_APP"
&amp#27;[35m[HTTP]&amp#27;[39m &amp#27;[37m<-- GET /wd/hub/session/46befbd9-2dc4-4ba2-82d3-2455fdc9676b/context &amp#27;[39m&amp#27;[32m200&amp#27;[39m &amp#27;[90m1 ms - 22&amp#27;[39m
&amp#27;[35m[HTTP]&amp#27;[39m &amp#27;[90m&amp#27;[39m
&amp#27;[35m[HTTP]&amp#27;[39m &amp#27;[37m-->&amp#27;[39m &amp#27;[37mPOST&amp#27;[39m &amp#27;[37m/wd/hub/session/46befbd9-2dc4-4ba2-82d3-2455fdc9676b/element&amp#27;[39m
&amp#27;[35m[HTTP]&amp#27;[39m &amp#27;[90m{"using":"accessibility id","value":"input-email"}&amp#27;[39m
[debug] &amp#27;[35m[W3C (46befbd9)]&amp#27;[39m Calling AppiumDriver.findElement() with args: ["accessibility id","input-email","46befbd9-2dc4-4ba2-82d3-2455fdc9676b"]
[debug] &amp#27;[35m[BaseDriver]&amp#27;[39m Valid locator strategies for this request: xpath, id, class name, accessibility id, css selector, -android uiautomator
[debug] &amp#27;[35m[BaseDriver]&amp#27;[39m Waiting up to 30000 ms for condition
[debug] &amp#27;[35m[WD Proxy]&amp#27;[39m Matched '/element' to command name 'findElement'
[debug] &amp#27;[35m[WD Proxy]&amp#27;[39m Proxying [POST /element] to [POST http://127.0.0.1:8204/wd/hub/session/dac7b961-28c3-4099-ba69-f9a9f81b0d67/element] with body: {"strategy":"accessibility id","selector":"input-email","context":"","multiple":false}
[debug] &amp#27;[35m[WD Proxy]&amp#27;[39m Got response with status 200: {"sessionId":"dac7b961-28c3-4099-ba69-f9a9f81b0d67","value":{"ELEMENT":"00000000-0000-0073-7fff-ffff0000003a","element-6066-11e4-a52e-4f735466cecf":"00000000-0000-0073-7fff-ffff0000003a"}}
[debug] &amp#27;[35m[W3C (46befbd9)]&amp#27;[39m Responding to client with driver.findElement() result: {"element-6066-11e4-a52e-4f735466cecf":"00000000-0000-0073-7fff-ffff0000003a","ELEMENT":"00000000-0000-0073-7fff-ffff0000003a"}
&amp#27;[35m[HTTP]&amp#27;[39m &amp#27;[37m<-- POST /wd/hub/session/46befbd9-2dc4-4ba2-82d3-2455fdc9676b/element &amp#27;[39m&amp#27;[32m200&amp#27;[39m &amp#27;[90m53 ms - 137&amp#27;[39m
&amp#27;[35m[HTTP]&amp#27;[39m &amp#27;[90m&amp#27;[39m
&amp#27;[35m[HTTP]&amp#27;[39m &amp#27;[37m-->&amp#27;[39m &amp#27;[37mPOST&amp#27;[39m &amp#27;[37m/wd/hub/session/46befbd9-2dc4-4ba2-82d3-2455fdc9676b/element/00000000-0000-0073-7fff-ffff0000003a/value&amp#27;[39m
&amp#27;[35m[HTTP]&amp#27;[39m &amp#27;[90m{"id":"00000000-0000-0073-7fff-ffff0000003a","text":"Tunghuynh@gmail.com","value":["T","u","n","g","h","u","y","n","h","@","g","m","a","i","l",".","c","o","m"]}&amp#27;[39m
[debug] &amp#27;[35m[W3C (46befbd9)]&amp#27;[39m Calling AppiumDriver.setValue() with args: [["T","u","n","g","h","u","y","n","h","@","g","m","a","i","l",".","c","o","m"],"00000000-0000-0073-7fff-ffff0000003a","46befbd9-2dc4-4ba2-82d3-2455fdc9676b"]
[debug] &amp#27;[35m[WD Proxy]&amp#27;[39m Matched '/element/00000000-0000-0073-7fff-ffff0000003a/value' to command name 'setValue'
[debug] &amp#27;[35m[Protocol Converter]&amp#27;[39m Added 'value' property ["T","u","n","g","h","u","y","n","h","@","g","m","a","i","l",".","c","o","m"] to 'setValue' request body
[debug] &amp#27;[35m[WD Proxy]&amp#27;[39m Proxying [POST /element/00000000-0000-0073-7fff-ffff0000003a/value] to [POST http://127.0.0.1:8204/wd/hub/session/dac7b961-28c3-4099-ba69-f9a9f81b0d67/element/00000000-0000-0073-7fff-ffff0000003a/value] with body: {"elementId":"00000000-0000-0073-7fff-ffff0000003a","text":"Tunghuynh@gmail.com","replace":false,"value":["T","u","n","g","h","u","y","n","h","@","g","m","a","i","l",".","c","o","m"]}
[debug] &amp#27;[35m[WD Proxy]&amp#27;[39m Got response with status 200: {"sessionId":"dac7b961-28c3-4099-ba69-f9a9f81b0d67","value":null}
[debug] &amp#27;[35m[W3C (46befbd9)]&amp#27;[39m Responding to client with driver.setValue() result: null
&amp#27;[35m[HTTP]&amp#27;[39m &amp#27;[37m<-- POST /wd/hub/session/46befbd9-2dc4-4ba2-82d3-2455fdc9676b/element/00000000-0000-0073-7fff-ffff0000003a/value &amp#27;[39m&amp#27;[32m200&amp#27;[39m &amp#27;[90m590 ms - 14&amp#27;[39m
&amp#27;[35m[HTTP]&amp#27;[39m &amp#27;[90m&amp#27;[39m
&amp#27;[35m[HTTP]&amp#27;[39m &amp#27;[37m-->&amp#27;[39m &amp#27;[37mGET&amp#27;[39m &amp#27;[37m/wd/hub/session/46befbd9-2dc4-4ba2-82d3-2455fdc9676b/context&amp#27;[39m
&amp#27;[35m[HTTP]&amp#27;[39m &amp#27;[90m{}&amp#27;[39m
[debug] &amp#27;[35m[W3C (46befbd9)]&amp#27;[39m Calling AppiumDriver.getCurrentContext() with args: ["46befbd9-2dc4-4ba2-82d3-2455fdc9676b"]
[debug] &amp#27;[35m[W3C (46befbd9)]&amp#27;[39m Responding to client with driver.getCurrentContext() result: "NATIVE_APP"
&amp#27;[35m[HTTP]&amp#27;[39m &amp#27;[37m<-- GET /wd/hub/session/46befbd9-2dc4-4ba2-82d3-2455fdc9676b/context &amp#27;[39m&amp#27;[32m200&amp#27;[39m &amp#27;[90m1 ms - 22&amp#27;[39m
&amp#27;[35m[HTTP]&amp#27;[39m &amp#27;[90m&amp#27;[39m
&amp#27;[35m[HTTP]&amp#27;[39m &amp#27;[37m-->&amp#27;[39m &amp#27;[37mPOST&amp#27;[39m &amp#27;[37m/wd/hub/session/46befbd9-2dc4-4ba2-82d3-2455fdc9676b/element&amp#27;[39m
&amp#27;[35m[HTTP]&amp#27;[39m &amp#27;[90m{"using":"accessibility id","value":"input-password"}&amp#27;[39m
[debug] &amp#27;[35m[W3C (46befbd9)]&amp#27;[39m Calling AppiumDriver.findElement() with args: ["accessibility id","input-password","46befbd9-2dc4-4ba2-82d3-2455fdc9676b"]
[debug] &amp#27;[35m[BaseDriver]&amp#27;[39m Valid locator strategies for this request: xpath, id, class name, accessibility id, css selector, -android uiautomator
[debug] &amp#27;[35m[BaseDriver]&amp#27;[39m Waiting up to 30000 ms for condition
[debug] &amp#27;[35m[WD Proxy]&amp#27;[39m Matched '/element' to command name 'findElement'
[debug] &amp#27;[35m[WD Proxy]&amp#27;[39m Proxying [POST /element] to [POST http://127.0.0.1:8204/wd/hub/session/dac7b961-28c3-4099-ba69-f9a9f81b0d67/element] with body: {"strategy":"accessibility id","selector":"input-password","context":"","multiple":false}
[debug] &amp#27;[35m[WD Proxy]&amp#27;[39m Got response with status 200: {"sessionId":"dac7b961-28c3-4099-ba69-f9a9f81b0d67","value":{"ELEMENT":"00000000-0000-0073-7fff-ffff0000003c","element-6066-11e4-a52e-4f735466cecf":"00000000-0000-0073-7fff-ffff0000003c"}}
[debug] &amp#27;[35m[W3C (46befbd9)]&amp#27;[39m Responding to client with driver.findElement() result: {"element-6066-11e4-a52e-4f735466cecf":"00000000-0000-0073-7fff-ffff0000003c","ELEMENT":"00000000-0000-0073-7fff-ffff0000003c"}
&amp#27;[35m[HTTP]&amp#27;[39m &amp#27;[37m<-- POST /wd/hub/session/46befbd9-2dc4-4ba2-82d3-2455fdc9676b/element &amp#27;[39m&amp#27;[32m200&amp#27;[39m &amp#27;[90m821 ms - 137&amp#27;[39m
&amp#27;[35m[HTTP]&amp#27;[39m &amp#27;[90m&amp#27;[39m
&amp#27;[35m[HTTP]&amp#27;[39m &amp#27;[37m-->&amp#27;[39m &amp#27;[37mGET&amp#27;[39m &amp#27;[37m/wd/hub/session/46befbd9-2dc4-4ba2-82d3-2455fdc9676b/element/00000000-0000-0073-7fff-ffff0000003c/displayed&amp#27;[39m
&amp#27;[35m[HTTP]&amp#27;[39m &amp#27;[90m{}&amp#27;[39m
[debug] &amp#27;[35m[W3C (46befbd9)]&amp#27;[39m Calling AppiumDriver.elementDisplayed() with args: ["00000000-0000-0073-7fff-ffff0000003c","46befbd9-2dc4-4ba2-82d3-2455fdc9676b"]
[debug] &amp#27;[35m[WD Proxy]&amp#27;[39m Matched '/element/00000000-0000-0073-7fff-ffff0000003c/attribute/displayed' to command name 'getAttribute'
[debug] &amp#27;[35m[WD Proxy]&amp#27;[39m Proxying [GET /element/00000000-0000-0073-7fff-ffff0000003c/attribute/displayed] to [GET http://127.0.0.1:8204/wd/hub/session/dac7b961-28c3-4099-ba69-f9a9f81b0d67/element/00000000-0000-0073-7fff-ffff0000003c/attribute/displayed] with no body
[debug] &amp#27;[35m[WD Proxy]&amp#27;[39m Got response with status 200: {"sessionId":"dac7b961-28c3-4099-ba69-f9a9f81b0d67","value":"true"}
[debug] &amp#27;[35m[W3C (46befbd9)]&amp#27;[39m Responding to client with driver.elementDisplayed() result: true
&amp#27;[35m[HTTP]&amp#27;[39m &amp#27;[37m<-- GET /wd/hub/session/46befbd9-2dc4-4ba2-82d3-2455fdc9676b/element/00000000-0000-0073-7fff-ffff0000003c/displayed &amp#27;[39m&amp#27;[32m200&amp#27;[39m &amp#27;[90m20 ms - 14&amp#27;[39m
&amp#27;[35m[HTTP]&amp#27;[39m &amp#27;[90m&amp#27;[39m
&amp#27;[35m[HTTP]&amp#27;[39m &amp#27;[37m-->&amp#27;[39m &amp#27;[37mGET&amp#27;[39m &amp#27;[37m/wd/hub/session/46befbd9-2dc4-4ba2-82d3-2455fdc9676b/context&amp#27;[39m
&amp#27;[35m[HTTP]&amp#27;[39m &amp#27;[90m{}&amp#27;[39m
[debug] &amp#27;[35m[W3C (46befbd9)]&amp#27;[39m Calling AppiumDriver.getCurrentContext() with args: ["46befbd9-2dc4-4ba2-82d3-2455fdc9676b"]
[debug] &amp#27;[35m[W3C (46befbd9)]&amp#27;[39m Responding to client with driver.getCurrentContext() result: "NATIVE_APP"
&amp#27;[35m[HTTP]&amp#27;[39m &amp#27;[37m<-- GET /wd/hub/session/46befbd9-2dc4-4ba2-82d3-2455fdc9676b/context &amp#27;[39m&amp#27;[32m200&amp#27;[39m &amp#27;[90m1 ms - 22&amp#27;[39m
&amp#27;[35m[HTTP]&amp#27;[39m &amp#27;[90m&amp#27;[39m
&amp#27;[35m[HTTP]&amp#27;[39m &amp#27;[37m-->&amp#27;[39m &amp#27;[37mPOST&amp#27;[39m &amp#27;[37m/wd/hub/session/46befbd9-2dc4-4ba2-82d3-2455fdc9676b/element&amp#27;[39m
&amp#27;[35m[HTTP]&amp#27;[39m &amp#27;[90m{"using":"accessibility id","value":"input-password"}&amp#27;[39m
[debug] &amp#27;[35m[W3C (46befbd9)]&amp#27;[39m Calling AppiumDriver.findElement() with args: ["accessibility id","input-password","46befbd9-2dc4-4ba2-82d3-2455fdc9676b"]
[debug] &amp#27;[35m[BaseDriver]&amp#27;[39m Valid locator strategies for this request: xpath, id, class name, accessibility id, css selector, -android uiautomator
[debug] &amp#27;[35m[BaseDriver]&amp#27;[39m Waiting up to 30000 ms for condition
[debug] &amp#27;[35m[WD Proxy]&amp#27;[39m Matched '/element' to command name 'findElement'
[debug] &amp#27;[35m[WD Proxy]&amp#27;[39m Proxying [POST /element] to [POST http://127.0.0.1:8204/wd/hub/session/dac7b961-28c3-4099-ba69-f9a9f81b0d67/element] with body: {"strategy":"accessibility id","selector":"input-password","context":"","multiple":false}
[debug] &amp#27;[35m[WD Proxy]&amp#27;[39m Got response with status 200: {"sessionId":"dac7b961-28c3-4099-ba69-f9a9f81b0d67","value":{"ELEMENT":"00000000-0000-0073-7fff-ffff0000003c","element-6066-11e4-a52e-4f735466cecf":"00000000-0000-0073-7fff-ffff0000003c"}}
[debug] &amp#27;[35m[W3C (46befbd9)]&amp#27;[39m Responding to client with driver.findElement() result: {"element-6066-11e4-a52e-4f735466cecf":"00000000-0000-0073-7fff-ffff0000003c","ELEMENT":"00000000-0000-0073-7fff-ffff0000003c"}
&amp#27;[35m[HTTP]&amp#27;[39m &amp#27;[37m<-- POST /wd/hub/session/46befbd9-2dc4-4ba2-82d3-2455fdc9676b/element &amp#27;[39m&amp#27;[32m200&amp#27;[39m &amp#27;[90m66 ms - 137&amp#27;[39m
&amp#27;[35m[HTTP]&amp#27;[39m &amp#27;[90m&amp#27;[39m
&amp#27;[35m[HTTP]&amp#27;[39m &amp#27;[37m-->&amp#27;[39m &amp#27;[37mPOST&amp#27;[39m &amp#27;[37m/wd/hub/session/46befbd9-2dc4-4ba2-82d3-2455fdc9676b/element/00000000-0000-0073-7fff-ffff0000003c/clear&amp#27;[39m
&amp#27;[35m[HTTP]&amp#27;[39m &amp#27;[90m{"id":"00000000-0000-0073-7fff-ffff0000003c"}&amp#27;[39m
[debug] &amp#27;[35m[W3C (46befbd9)]&amp#27;[39m Calling AppiumDriver.clear() with args: ["00000000-0000-0073-7fff-ffff0000003c","46befbd9-2dc4-4ba2-82d3-2455fdc9676b"]
[debug] &amp#27;[35m[WD Proxy]&amp#27;[39m Matched '/element/00000000-0000-0073-7fff-ffff0000003c/clear' to command name 'clear'
[debug] &amp#27;[35m[WD Proxy]&amp#27;[39m Proxying [POST /element/00000000-0000-0073-7fff-ffff0000003c/clear] to [POST http://127.0.0.1:8204/wd/hub/session/dac7b961-28c3-4099-ba69-f9a9f81b0d67/element/00000000-0000-0073-7fff-ffff0000003c/clear] with body: {"elementId":"00000000-0000-0073-7fff-ffff0000003c"}
[debug] &amp#27;[35m[WD Proxy]&amp#27;[39m Got response with status 200: {"sessionId":"dac7b961-28c3-4099-ba69-f9a9f81b0d67","value":null}
[debug] &amp#27;[35m[W3C (46befbd9)]&amp#27;[39m Responding to client with driver.clear() result: null
&amp#27;[35m[HTTP]&amp#27;[39m &amp#27;[37m<-- POST /wd/hub/session/46befbd9-2dc4-4ba2-82d3-2455fdc9676b/element/00000000-0000-0073-7fff-ffff0000003c/clear &amp#27;[39m&amp#27;[32m200&amp#27;[39m &amp#27;[90m50 ms - 14&amp#27;[39m
&amp#27;[35m[HTTP]&amp#27;[39m &amp#27;[90m&amp#27;[39m
&amp#27;[35m[HTTP]&amp#27;[39m &amp#27;[37m-->&amp#27;[39m &amp#27;[37mGET&amp#27;[39m &amp#27;[37m/wd/hub/session/46befbd9-2dc4-4ba2-82d3-2455fdc9676b/context&amp#27;[39m
&amp#27;[35m[HTTP]&amp#27;[39m &amp#27;[90m{}&amp#27;[39m
[debug] &amp#27;[35m[W3C (46befbd9)]&amp#27;[39m Calling AppiumDriver.getCurrentContext() with args: ["46befbd9-2dc4-4ba2-82d3-2455fdc9676b"]
[debug] &amp#27;[35m[W3C (46befbd9)]&amp#27;[39m Responding to client with driver.getCurrentContext() result: "NATIVE_APP"
&amp#27;[35m[HTTP]&amp#27;[39m &amp#27;[37m<-- GET /wd/hub/session/46befbd9-2dc4-4ba2-82d3-2455fdc9676b/context &amp#27;[39m&amp#27;[32m200&amp#27;[39m &amp#27;[90m1 ms - 22&amp#27;[39m
&amp#27;[35m[HTTP]&amp#27;[39m &amp#27;[90m&amp#27;[39m
&amp#27;[35m[HTTP]&amp#27;[39m &amp#27;[37m-->&amp#27;[39m &amp#27;[37mPOST&amp#27;[39m &amp#27;[37m/wd/hub/session/46befbd9-2dc4-4ba2-82d3-2455fdc9676b/element&amp#27;[39m
&amp#27;[35m[HTTP]&amp#27;[39m &amp#27;[90m{"using":"accessibility id","value":"input-password"}&amp#27;[39m
[debug] &amp#27;[35m[W3C (46befbd9)]&amp#27;[39m Calling AppiumDriver.findElement() with args: ["accessibility id","input-password","46befbd9-2dc4-4ba2-82d3-2455fdc9676b"]
[debug] &amp#27;[35m[BaseDriver]&amp#27;[39m Valid locator strategies for this request: xpath, id, class name, accessibility id, css selector, -android uiautomator
[debug] &amp#27;[35m[BaseDriver]&amp#27;[39m Waiting up to 30000 ms for condition
[debug] &amp#27;[35m[WD Proxy]&amp#27;[39m Matched '/element' to command name 'findElement'
[debug] &amp#27;[35m[WD Proxy]&amp#27;[39m Proxying [POST /element] to [POST http://127.0.0.1:8204/wd/hub/session/dac7b961-28c3-4099-ba69-f9a9f81b0d67/element] with body: {"strategy":"accessibility id","selector":"input-password","context":"","multiple":false}
[debug] &amp#27;[35m[WD Proxy]&amp#27;[39m Got response with status 200: {"sessionId":"dac7b961-28c3-4099-ba69-f9a9f81b0d67","value":{"ELEMENT":"00000000-0000-0073-7fff-ffff0000003c","element-6066-11e4-a52e-4f735466cecf":"00000000-0000-0073-7fff-ffff0000003c"}}
[debug] &amp#27;[35m[W3C (46befbd9)]&amp#27;[39m Responding to client with driver.findElement() result: {"element-6066-11e4-a52e-4f735466cecf":"00000000-0000-0073-7fff-ffff0000003c","ELEMENT":"00000000-0000-0073-7fff-ffff0000003c"}
&amp#27;[35m[HTTP]&amp#27;[39m &amp#27;[37m<-- POST /wd/hub/session/46befbd9-2dc4-4ba2-82d3-2455fdc9676b/element &amp#27;[39m&amp#27;[32m200&amp#27;[39m &amp#27;[90m532 ms - 137&amp#27;[39m
&amp#27;[35m[HTTP]&amp#27;[39m &amp#27;[90m&amp#27;[39m
&amp#27;[35m[HTTP]&amp#27;[39m &amp#27;[37m-->&amp#27;[39m &amp#27;[37mGET&amp#27;[39m &amp#27;[37m/wd/hub/session/46befbd9-2dc4-4ba2-82d3-2455fdc9676b/element/00000000-0000-0073-7fff-ffff0000003c/displayed&amp#27;[39m
&amp#27;[35m[HTTP]&amp#27;[39m &amp#27;[90m{}&amp#27;[39m
[debug] &amp#27;[35m[W3C (46befbd9)]&amp#27;[39m Calling AppiumDriver.elementDisplayed() with args: ["00000000-0000-0073-7fff-ffff0000003c","46befbd9-2dc4-4ba2-82d3-2455fdc9676b"]
[debug] &amp#27;[35m[WD Proxy]&amp#27;[39m Matched '/element/00000000-0000-0073-7fff-ffff0000003c/attribute/displayed' to command name 'getAttribute'
[debug] &amp#27;[35m[WD Proxy]&amp#27;[39m Proxying [GET /element/00000000-0000-0073-7fff-ffff0000003c/attribute/displayed] to [GET http://127.0.0.1:8204/wd/hub/session/dac7b961-28c3-4099-ba69-f9a9f81b0d67/element/00000000-0000-0073-7fff-ffff0000003c/attribute/displayed] with no body
[debug] &amp#27;[35m[WD Proxy]&amp#27;[39m Got response with status 200: {"sessionId":"dac7b961-28c3-4099-ba69-f9a9f81b0d67","value":"true"}
[debug] &amp#27;[35m[W3C (46befbd9)]&amp#27;[39m Responding to client with driver.elementDisplayed() result: true
&amp#27;[35m[HTTP]&amp#27;[39m &amp#27;[37m<-- GET /wd/hub/session/46befbd9-2dc4-4ba2-82d3-2455fdc9676b/element/00000000-0000-0073-7fff-ffff0000003c/displayed &amp#27;[39m&amp#27;[32m200&amp#27;[39m &amp#27;[90m20 ms - 14&amp#27;[39m
&amp#27;[35m[HTTP]&amp#27;[39m &amp#27;[90m&amp#27;[39m
&amp#27;[35m[HTTP]&amp#27;[39m &amp#27;[37m-->&amp#27;[39m &amp#27;[37mGET&amp#27;[39m &amp#27;[37m/wd/hub/session/46befbd9-2dc4-4ba2-82d3-2455fdc9676b/context&amp#27;[39m
&amp#27;[35m[HTTP]&amp#27;[39m &amp#27;[90m{}&amp#27;[39m
[debug] &amp#27;[35m[W3C (46befbd9)]&amp#27;[39m Calling AppiumDriver.getCurrentContext() with args: ["46befbd9-2dc4-4ba2-82d3-2455fdc9676b"]
[debug] &amp#27;[35m[W3C (46befbd9)]&amp#27;[39m Responding to client with driver.getCurrentContext() result: "NATIVE_APP"
&amp#27;[35m[HTTP]&amp#27;[39m &amp#27;[37m<-- GET /wd/hub/session/46befbd9-2dc4-4ba2-82d3-2455fdc9676b/context &amp#27;[39m&amp#27;[32m200&amp#27;[39m &amp#27;[90m1 ms - 22&amp#27;[39m
&amp#27;[35m[HTTP]&amp#27;[39m &amp#27;[90m&amp#27;[39m
&amp#27;[35m[HTTP]&amp#27;[39m &amp#27;[37m-->&amp#27;[39m &amp#27;[37mPOST&amp#27;[39m &amp#27;[37m/wd/hub/session/46befbd9-2dc4-4ba2-82d3-2455fdc9676b/element&amp#27;[39m
&amp#27;[35m[HTTP]&amp#27;[39m &amp#27;[90m{"using":"accessibility id","value":"input-password"}&amp#27;[39m
[debug] &amp#27;[35m[W3C (46befbd9)]&amp#27;[39m Calling AppiumDriver.findElement() with args: ["accessibility id","input-password","46befbd9-2dc4-4ba2-82d3-2455fdc9676b"]
[debug] &amp#27;[35m[BaseDriver]&amp#27;[39m Valid locator strategies for this request: xpath, id, class name, accessibility id, css selector, -android uiautomator
[debug] &amp#27;[35m[BaseDriver]&amp#27;[39m Waiting up to 30000 ms for condition
[debug] &amp#27;[35m[WD Proxy]&amp#27;[39m Matched '/element' to command name 'findElement'
[debug] &amp#27;[35m[WD Proxy]&amp#27;[39m Proxying [POST /element] to [POST http://127.0.0.1:8204/wd/hub/session/dac7b961-28c3-4099-ba69-f9a9f81b0d67/element] with body: {"strategy":"accessibility id","selector":"input-password","context":"","multiple":false}
[debug] &amp#27;[35m[WD Proxy]&amp#27;[39m Got response with status 200: {"sessionId":"dac7b961-28c3-4099-ba69-f9a9f81b0d67","value":{"ELEMENT":"00000000-0000-0073-7fff-ffff0000003c","element-6066-11e4-a52e-4f735466cecf":"00000000-0000-0073-7fff-ffff0000003c"}}
[debug] &amp#27;[35m[W3C (46befbd9)]&amp#27;[39m Responding to client with driver.findElement() result: {"element-6066-11e4-a52e-4f735466cecf":"00000000-0000-0073-7fff-ffff0000003c","ELEMENT":"00000000-0000-0073-7fff-ffff0000003c"}
&amp#27;[35m[HTTP]&amp#27;[39m &amp#27;[37m<-- POST /wd/hub/session/46befbd9-2dc4-4ba2-82d3-2455fdc9676b/element &amp#27;[39m&amp#27;[32m200&amp#27;[39m &amp#27;[90m76 ms - 137&amp#27;[39m
&amp#27;[35m[HTTP]&amp#27;[39m &amp#27;[90m&amp#27;[39m
&amp#27;[35m[HTTP]&amp#27;[39m &amp#27;[37m-->&amp#27;[39m &amp#27;[37mPOST&amp#27;[39m &amp#27;[37m/wd/hub/session/46befbd9-2dc4-4ba2-82d3-2455fdc9676b/element/00000000-0000-0073-7fff-ffff0000003c/value&amp#27;[39m
&amp#27;[35m[HTTP]&amp#27;[39m &amp#27;[90m{"id":"00000000-0000-0073-7fff-ffff0000003c","text":"12345678","value":["1","2","3","4","5","6","7","8"]}&amp#27;[39m
[debug] &amp#27;[35m[W3C (46befbd9)]&amp#27;[39m Calling AppiumDriver.setValue() with args: [["1","2","3","4","5","6","7","8"],"00000000-0000-0073-7fff-ffff0000003c","46befbd9-2dc4-4ba2-82d3-2455fdc9676b"]
[debug] &amp#27;[35m[WD Proxy]&amp#27;[39m Matched '/element/00000000-0000-0073-7fff-ffff0000003c/value' to command name 'setValue'
[debug] &amp#27;[35m[Protocol Converter]&amp#27;[39m Added 'value' property ["1","2","3","4","5","6","7","8"] to 'setValue' request body
[debug] &amp#27;[35m[WD Proxy]&amp#27;[39m Proxying [POST /element/00000000-0000-0073-7fff-ffff0000003c/value] to [POST http://127.0.0.1:8204/wd/hub/session/dac7b961-28c3-4099-ba69-f9a9f81b0d67/element/00000000-0000-0073-7fff-ffff0000003c/value] with body: {"elementId":"00000000-0000-0073-7fff-ffff0000003c","text":"12345678","replace":false,"value":["1","2","3","4","5","6","7","8"]}
[debug] &amp#27;[35m[WD Proxy]&amp#27;[39m Got response with status 200: {"sessionId":"dac7b961-28c3-4099-ba69-f9a9f81b0d67","value":null}
[debug] &amp#27;[35m[W3C (46befbd9)]&amp#27;[39m Responding to client with driver.setValue() result: null
&amp#27;[35m[HTTP]&amp#27;[39m &amp#27;[37m<-- POST /wd/hub/session/46befbd9-2dc4-4ba2-82d3-2455fdc9676b/element/00000000-0000-0073-7fff-ffff0000003c/value &amp#27;[39m&amp#27;[32m200&amp#27;[39m &amp#27;[90m585 ms - 14&amp#27;[39m
&amp#27;[35m[HTTP]&amp#27;[39m &amp#27;[90m&amp#27;[39m
&amp#27;[35m[HTTP]&amp#27;[39m &amp#27;[37m-->&amp#27;[39m &amp#27;[37mGET&amp#27;[39m &amp#27;[37m/wd/hub/session/46befbd9-2dc4-4ba2-82d3-2455fdc9676b/context&amp#27;[39m
&amp#27;[35m[HTTP]&amp#27;[39m &amp#27;[90m{}&amp#27;[39m
[debug] &amp#27;[35m[W3C (46befbd9)]&amp#27;[39m Calling AppiumDriver.getCurrentContext() with args: ["46befbd9-2dc4-4ba2-82d3-2455fdc9676b"]
[debug] &amp#27;[35m[W3C (46befbd9)]&amp#27;[39m Responding to client with driver.getCurrentContext() result: "NATIVE_APP"
&amp#27;[35m[HTTP]&amp#27;[39m &amp#27;[37m<-- GET /wd/hub/session/46befbd9-2dc4-4ba2-82d3-2455fdc9676b/context &amp#27;[39m&amp#27;[32m200&amp#27;[39m &amp#27;[90m1 ms - 22&amp#27;[39m
&amp#27;[35m[HTTP]&amp#27;[39m &amp#27;[90m&amp#27;[39m
&amp#27;[35m[HTTP]&amp#27;[39m &amp#27;[37m-->&amp#27;[39m &amp#27;[37mPOST&amp#27;[39m &amp#27;[37m/wd/hub/session/46befbd9-2dc4-4ba2-82d3-2455fdc9676b/element&amp#27;[39m
&amp#27;[35m[HTTP]&amp#27;[39m &amp#27;[90m{"using":"accessibility id","value":"button-LOGIN"}&amp#27;[39m
[debug] &amp#27;[35m[W3C (46befbd9)]&amp#27;[39m Calling AppiumDriver.findElement() with args: ["accessibility id","button-LOGIN","46befbd9-2dc4-4ba2-82d3-2455fdc9676b"]
[debug] &amp#27;[35m[BaseDriver]&amp#27;[39m Valid locator strategies for this request: xpath, id, class name, accessibility id, css selector, -android uiautomator
[debug] &amp#27;[35m[BaseDriver]&amp#27;[39m Waiting up to 30000 ms for condition
[debug] &amp#27;[35m[WD Proxy]&amp#27;[39m Matched '/element' to command name 'findElement'
[debug] &amp#27;[35m[WD Proxy]&amp#27;[39m Proxying [POST /element] to [POST http://127.0.0.1:8204/wd/hub/session/dac7b961-28c3-4099-ba69-f9a9f81b0d67/element] with body: {"strategy":"accessibility id","selector":"button-LOGIN","context":"","multiple":false}
[debug] &amp#27;[35m[WD Proxy]&amp#27;[39m Got response with status 200: {"sessionId":"dac7b961-28c3-4099-ba69-f9a9f81b0d67","value":{"ELEMENT":"00000000-0000-0073-7fff-ffff00000053","element-6066-11e4-a52e-4f735466cecf":"00000000-0000-0073-7fff-ffff00000053"}}
[debug] &amp#27;[35m[W3C (46befbd9)]&amp#27;[39m Responding to client with driver.findElement() result: {"element-6066-11e4-a52e-4f735466cecf":"00000000-0000-0073-7fff-ffff00000053","ELEMENT":"00000000-0000-0073-7fff-ffff00000053"}
&amp#27;[35m[HTTP]&amp#27;[39m &amp#27;[37m<-- POST /wd/hub/session/46befbd9-2dc4-4ba2-82d3-2455fdc9676b/element &amp#27;[39m&amp#27;[32m200&amp#27;[39m &amp#27;[90m738 ms - 137&amp#27;[39m
&amp#27;[35m[HTTP]&amp#27;[39m &amp#27;[90m&amp#27;[39m
&amp#27;[35m[HTTP]&amp#27;[39m &amp#27;[37m-->&amp#27;[39m &amp#27;[37mGET&amp#27;[39m &amp#27;[37m/wd/hub/session/46befbd9-2dc4-4ba2-82d3-2455fdc9676b/element/00000000-0000-0073-7fff-ffff00000053/displayed&amp#27;[39m
&amp#27;[35m[HTTP]&amp#27;[39m &amp#27;[90m{}&amp#27;[39m
[debug] &amp#27;[35m[W3C (46befbd9)]&amp#27;[39m Calling AppiumDriver.elementDisplayed() with args: ["00000000-0000-0073-7fff-ffff00000053","46befbd9-2dc4-4ba2-82d3-2455fdc9676b"]
[debug] &amp#27;[35m[WD Proxy]&amp#27;[39m Matched '/element/00000000-0000-0073-7fff-ffff00000053/attribute/displayed' to command name 'getAttribute'
[debug] &amp#27;[35m[WD Proxy]&amp#27;[39m Proxying [GET /element/00000000-0000-0073-7fff-ffff00000053/attribute/displayed] to [GET http://127.0.0.1:8204/wd/hub/session/dac7b961-28c3-4099-ba69-f9a9f81b0d67/element/00000000-0000-0073-7fff-ffff00000053/attribute/displayed] with no body
[debug] &amp#27;[35m[WD Proxy]&amp#27;[39m Got response with status 200: {"sessionId":"dac7b961-28c3-4099-ba69-f9a9f81b0d67","value":"true"}
[debug] &amp#27;[35m[W3C (46befbd9)]&amp#27;[39m Responding to client with driver.elementDisplayed() result: true
&amp#27;[35m[HTTP]&amp#27;[39m &amp#27;[37m<-- GET /wd/hub/session/46befbd9-2dc4-4ba2-82d3-2455fdc9676b/element/00000000-0000-0073-7fff-ffff00000053/displayed &amp#27;[39m&amp#27;[32m200&amp#27;[39m &amp#27;[90m29 ms - 14&amp#27;[39m
&amp#27;[35m[HTTP]&amp#27;[39m &amp#27;[90m&amp#27;[39m
&amp#27;[35m[HTTP]&amp#27;[39m &amp#27;[37m-->&amp#27;[39m &amp#27;[37mGET&amp#27;[39m &amp#27;[37m/wd/hub/session/46befbd9-2dc4-4ba2-82d3-2455fdc9676b/context&amp#27;[39m
&amp#27;[35m[HTTP]&amp#27;[39m &amp#27;[90m{}&amp#27;[39m
[debug] &amp#27;[35m[W3C (46befbd9)]&amp#27;[39m Calling AppiumDriver.getCurrentContext() with args: ["46befbd9-2dc4-4ba2-82d3-2455fdc9676b"]
[debug] &amp#27;[35m[W3C (46befbd9)]&amp#27;[39m Responding to client with driver.getCurrentContext() result: "NATIVE_APP"
&amp#27;[35m[HTTP]&amp#27;[39m &amp#27;[37m<-- GET /wd/hub/session/46befbd9-2dc4-4ba2-82d3-2455fdc9676b/context &amp#27;[39m&amp#27;[32m200&amp#27;[39m &amp#27;[90m1 ms - 22&amp#27;[39m
&amp#27;[35m[HTTP]&amp#27;[39m &amp#27;[90m&amp#27;[39m
&amp#27;[35m[HTTP]&amp#27;[39m &amp#27;[37m-->&amp#27;[39m &amp#27;[37mPOST&amp#27;[39m &amp#27;[37m/wd/hub/session/46befbd9-2dc4-4ba2-82d3-2455fdc9676b/element&amp#27;[39m
&amp#27;[35m[HTTP]&amp#27;[39m &amp#27;[90m{"using":"accessibility id","value":"button-LOGIN"}&amp#27;[39m
[debug] &amp#27;[35m[W3C (46befbd9)]&amp#27;[39m Calling AppiumDriver.findElement() with args: ["accessibility id","button-LOGIN","46befbd9-2dc4-4ba2-82d3-2455fdc9676b"]
[debug] &amp#27;[35m[BaseDriver]&amp#27;[39m Valid locator strategies for this request: xpath, id, class name, accessibility id, css selector, -android uiautomator
[debug] &amp#27;[35m[BaseDriver]&amp#27;[39m Waiting up to 30000 ms for condition
[debug] &amp#27;[35m[WD Proxy]&amp#27;[39m Matched '/element' to command name 'findElement'
[debug] &amp#27;[35m[WD Proxy]&amp#27;[39m Proxying [POST /element] to [POST http://127.0.0.1:8204/wd/hub/session/dac7b961-28c3-4099-ba69-f9a9f81b0d67/element] with body: {"strategy":"accessibility id","selector":"button-LOGIN","context":"","multiple":false}
[debug] &amp#27;[35m[WD Proxy]&amp#27;[39m Got response with status 200: {"sessionId":"dac7b961-28c3-4099-ba69-f9a9f81b0d67","value":{"ELEMENT":"00000000-0000-0073-7fff-ffff00000053","element-6066-11e4-a52e-4f735466cecf":"00000000-0000-0073-7fff-ffff00000053"}}
[debug] &amp#27;[35m[W3C (46befbd9)]&amp#27;[39m Responding to client with driver.findElement() result: {"element-6066-11e4-a52e-4f735466cecf":"00000000-0000-0073-7fff-ffff00000053","ELEMENT":"00000000-0000-0073-7fff-ffff00000053"}
&amp#27;[35m[HTTP]&amp#27;[39m &amp#27;[37m<-- POST /wd/hub/session/46befbd9-2dc4-4ba2-82d3-2455fdc9676b/element &amp#27;[39m&amp#27;[32m200&amp#27;[39m &amp#27;[90m84 ms - 137&amp#27;[39m
&amp#27;[35m[HTTP]&amp#27;[39m &amp#27;[90m&amp#27;[39m
&amp#27;[35m[HTTP]&amp#27;[39m &amp#27;[37m-->&amp#27;[39m &amp#27;[37mPOST&amp#27;[39m &amp#27;[37m/wd/hub/session/46befbd9-2dc4-4ba2-82d3-2455fdc9676b/element/00000000-0000-0073-7fff-ffff00000053/click&amp#27;[39m
&amp#27;[35m[HTTP]&amp#27;[39m &amp#27;[90m{"id":"00000000-0000-0073-7fff-ffff00000053"}&amp#27;[39m
[debug] &amp#27;[35m[W3C (46befbd9)]&amp#27;[39m Calling AppiumDriver.click() with args: ["00000000-0000-0073-7fff-ffff00000053","46befbd9-2dc4-4ba2-82d3-2455fdc9676b"]
[debug] &amp#27;[35m[WD Proxy]&amp#27;[39m Matched '/element/00000000-0000-0073-7fff-ffff00000053/click' to command name 'click'
[debug] &amp#27;[35m[WD Proxy]&amp#27;[39m Proxying [POST /element/00000000-0000-0073-7fff-ffff00000053/click] to [POST http://127.0.0.1:8204/wd/hub/session/dac7b961-28c3-4099-ba69-f9a9f81b0d67/element/00000000-0000-0073-7fff-ffff00000053/click] with body: {"element":"00000000-0000-0073-7fff-ffff00000053"}
[debug] &amp#27;[35m[WD Proxy]&amp#27;[39m Got response with status 200: {"sessionId":"dac7b961-28c3-4099-ba69-f9a9f81b0d67","value":null}
[debug] &amp#27;[35m[W3C (46befbd9)]&amp#27;[39m Responding to client with driver.click() result: null
&amp#27;[35m[HTTP]&amp#27;[39m &amp#27;[37m<-- POST /wd/hub/session/46befbd9-2dc4-4ba2-82d3-2455fdc9676b/element/00000000-0000-0073-7fff-ffff00000053/click &amp#27;[39m&amp#27;[32m200&amp#27;[39m &amp#27;[90m66 ms - 14&amp#27;[39m
&amp#27;[35m[HTTP]&amp#27;[39m &amp#27;[90m&amp#27;[39m
&amp#27;[35m[HTTP]&amp#27;[39m &amp#27;[37m-->&amp#27;[39m &amp#27;[37mGET&amp#27;[39m &amp#27;[37m/wd/hub/session/46befbd9-2dc4-4ba2-82d3-2455fdc9676b/context&amp#27;[39m
&amp#27;[35m[HTTP]&amp#27;[39m &amp#27;[90m{}&amp#27;[39m
[debug] &amp#27;[35m[W3C (46befbd9)]&amp#27;[39m Calling AppiumDriver.getCurrentContext() with args: ["46befbd9-2dc4-4ba2-82d3-2455fdc9676b"]
[debug] &amp#27;[35m[W3C (46befbd9)]&amp#27;[39m Responding to client with driver.getCurrentContext() result: "NATIVE_APP"
&amp#27;[35m[HTTP]&amp#27;[39m &amp#27;[37m<-- GET /wd/hub/session/46befbd9-2dc4-4ba2-82d3-2455fdc9676b/context &amp#27;[39m&amp#27;[32m200&amp#27;[39m &amp#27;[90m1 ms - 22&amp#27;[39m
&amp#27;[35m[HTTP]&amp#27;[39m &amp#27;[90m&amp#27;[39m
&amp#27;[35m[HTTP]&amp#27;[39m &amp#27;[37m-->&amp#27;[39m &amp#27;[37mPOST&amp#27;[39m &amp#27;[37m/wd/hub/session/46befbd9-2dc4-4ba2-82d3-2455fdc9676b/element&amp#27;[39m
&amp#27;[35m[HTTP]&amp#27;[39m &amp#27;[90m{"using":"id","value":"android:id/title_template"}&amp#27;[39m
[debug] &amp#27;[35m[W3C (46befbd9)]&amp#27;[39m Calling AppiumDriver.findElement() with args: ["id","android:id/title_template","46befbd9-2dc4-4ba2-82d3-2455fdc9676b"]
[debug] &amp#27;[35m[BaseDriver]&amp#27;[39m Valid locator strategies for this request: xpath, id, class name, accessibility id, css selector, -android uiautomator
[debug] &amp#27;[35m[BaseDriver]&amp#27;[39m Waiting up to 30000 ms for condition
[debug] &amp#27;[35m[WD Proxy]&amp#27;[39m Matched '/element' to command name 'findElement'
[debug] &amp#27;[35m[WD Proxy]&amp#27;[39m Proxying [POST /element] to [POST http://127.0.0.1:8204/wd/hub/session/dac7b961-28c3-4099-ba69-f9a9f81b0d67/element] with body: {"strategy":"id","selector":"android:id/title_template","context":"","multiple":false}
&amp#27;[35m[WD Proxy]&amp#27;[39m Got response with status 404: {"sessionId":"dac7b961-28c3-4099-ba69-f9a9f81b0d67","value":{"error":"no such element","message":"An element could not be located on the page using the given search parameters","stacktrace":"io.appium.uiautomator2.common.exceptions.ElementNotFoundException: An element could not be located on the page using the given search parameters\n\tat io.appium.uiautomator2.handler.FindElement.safeHandle(FindElement.java:70)\n\tat io.appium.uiautomator2.handler.request.SafeRequestHandler.handle(SafeRequestHandler.java:59)\n\tat io.appium.uiautomator2.server.AppiumServlet.handleRequest(AppiumServlet.java:264)\n\tat io.appium.uiautomator2.server.AppiumServlet.handleHttpRequest(AppiumServlet.java:258)\n\tat io.appium.uiautomator2.http.ServerHandler.channelRead(ServerHandler.java:68)\n\tat io.netty.channel.AbstractChannelHandlerContext.invokeChannelRead(AbstractChannelHandlerContext.java:366)\n\tat io.netty.channel.AbstractChannelHandlerContext.invokeChannelRead(AbstractChannelHandlerContext.java:352)\n\tat io.netty.chann...
[debug] &amp#27;[35m[W3C]&amp#27;[39m Matched W3C error code 'no such element' to NoSuchElementError
[debug] &amp#27;[35m[BaseDriver]&amp#27;[39m Waited for 292 ms so far
[debug] &amp#27;[35m[WD Proxy]&amp#27;[39m Matched '/element' to command name 'findElement'
[debug] &amp#27;[35m[WD Proxy]&amp#27;[39m Proxying [POST /element] to [POST http://127.0.0.1:8204/wd/hub/session/dac7b961-28c3-4099-ba69-f9a9f81b0d67/element] with body: {"strategy":"id","selector":"android:id/title_template","context":"","multiple":false}
&amp#27;[35m[WD Proxy]&amp#27;[39m Got response with status 404: {"sessionId":"dac7b961-28c3-4099-ba69-f9a9f81b0d67","value":{"error":"no such element","message":"An element could not be located on the page using the given search parameters","stacktrace":"io.appium.uiautomator2.common.exceptions.ElementNotFoundException: An element could not be located on the page using the given search parameters\n\tat io.appium.uiautomator2.handler.FindElement.safeHandle(FindElement.java:70)\n\tat io.appium.uiautomator2.handler.request.SafeRequestHandler.handle(SafeRequestHandler.java:59)\n\tat io.appium.uiautomator2.server.AppiumServlet.handleRequest(AppiumServlet.java:264)\n\tat io.appium.uiautomator2.server.AppiumServlet.handleHttpRequest(AppiumServlet.java:258)\n\tat io.appium.uiautomator2.http.ServerHandler.channelRead(ServerHandler.java:68)\n\tat io.netty.channel.AbstractChannelHandlerContext.invokeChannelRead(AbstractChannelHandlerContext.java:366)\n\tat io.netty.channel.AbstractChannelHandlerContext.invokeChannelRead(AbstractChannelHandlerContext.java:352)\n\tat io.netty.chann...
[debug] &amp#27;[35m[W3C]&amp#27;[39m Matched W3C error code 'no such element' to NoSuchElementError
[debug] &amp#27;[35m[BaseDriver]&amp#27;[39m Waited for 1232 ms so far
[debug] &amp#27;[35m[WD Proxy]&amp#27;[39m Matched '/element' to command name 'findElement'
[debug] &amp#27;[35m[WD Proxy]&amp#27;[39m Proxying [POST /element] to [POST http://127.0.0.1:8204/wd/hub/session/dac7b961-28c3-4099-ba69-f9a9f81b0d67/element] with body: {"strategy":"id","selector":"android:id/title_template","context":"","multiple":false}
[debug] &amp#27;[35m[WD Proxy]&amp#27;[39m Got response with status 200: {"sessionId":"dac7b961-28c3-4099-ba69-f9a9f81b0d67","value":{"ELEMENT":"00000000-0000-0074-7fff-ffff00000068","element-6066-11e4-a52e-4f735466cecf":"00000000-0000-0074-7fff-ffff00000068"}}
[debug] &amp#27;[35m[W3C (46befbd9)]&amp#27;[39m Responding to client with driver.findElement() result: {"element-6066-11e4-a52e-4f735466cecf":"00000000-0000-0074-7fff-ffff00000068","ELEMENT":"00000000-0000-0074-7fff-ffff00000068"}
&amp#27;[35m[HTTP]&amp#27;[39m &amp#27;[37m<-- POST /wd/hub/session/46befbd9-2dc4-4ba2-82d3-2455fdc9676b/element &amp#27;[39m&amp#27;[32m200&amp#27;[39m &amp#27;[90m2498 ms - 137&amp#27;[39m
&amp#27;[35m[HTTP]&amp#27;[39m &amp#27;[90m&amp#27;[39m
&amp#27;[35m[HTTP]&amp#27;[39m &amp#27;[37m-->&amp#27;[39m &amp#27;[37mGET&amp#27;[39m &amp#27;[37m/wd/hub/session/46befbd9-2dc4-4ba2-82d3-2455fdc9676b/element/00000000-0000-0074-7fff-ffff00000068/displayed&amp#27;[39m
&amp#27;[35m[HTTP]&amp#27;[39m &amp#27;[90m{}&amp#27;[39m
[debug] &amp#27;[35m[W3C (46befbd9)]&amp#27;[39m Calling AppiumDriver.elementDisplayed() with args: ["00000000-0000-0074-7fff-ffff00000068","46befbd9-2dc4-4ba2-82d3-2455fdc9676b"]
[debug] &amp#27;[35m[WD Proxy]&amp#27;[39m Matched '/element/00000000-0000-0074-7fff-ffff00000068/attribute/displayed' to command name 'getAttribute'
[debug] &amp#27;[35m[WD Proxy]&amp#27;[39m Proxying [GET /element/00000000-0000-0074-7fff-ffff00000068/attribute/displayed] to [GET http://127.0.0.1:8204/wd/hub/session/dac7b961-28c3-4099-ba69-f9a9f81b0d67/element/00000000-0000-0074-7fff-ffff00000068/attribute/displayed] with no body
[debug] &amp#27;[35m[WD Proxy]&amp#27;[39m Got response with status 200: {"sessionId":"dac7b961-28c3-4099-ba69-f9a9f81b0d67","value":"true"}
[debug] &amp#27;[35m[W3C (46befbd9)]&amp#27;[39m Responding to client with driver.elementDisplayed() result: true
&amp#27;[35m[HTTP]&amp#27;[39m &amp#27;[37m<-- GET /wd/hub/session/46befbd9-2dc4-4ba2-82d3-2455fdc9676b/element/00000000-0000-0074-7fff-ffff00000068/displayed &amp#27;[39m&amp#27;[32m200&amp#27;[39m &amp#27;[90m20 ms - 14&amp#27;[39m
&amp#27;[35m[HTTP]&amp#27;[39m &amp#27;[90m&amp#27;[39m
&amp#27;[35m[HTTP]&amp#27;[39m &amp#27;[37m-->&amp#27;[39m &amp#27;[37mGET&amp#27;[39m &amp#27;[37m/wd/hub/session/46befbd9-2dc4-4ba2-82d3-2455fdc9676b/context&amp#27;[39m
&amp#27;[35m[HTTP]&amp#27;[39m &amp#27;[90m{}&amp#27;[39m
[debug] &amp#27;[35m[W3C (46befbd9)]&amp#27;[39m Calling AppiumDriver.getCurrentContext() with args: ["46befbd9-2dc4-4ba2-82d3-2455fdc9676b"]
[debug] &amp#27;[35m[W3C (46befbd9)]&amp#27;[39m Responding to client with driver.getCurrentContext() result: "NATIVE_APP"
&amp#27;[35m[HTTP]&amp#27;[39m &amp#27;[37m<-- GET /wd/hub/session/46befbd9-2dc4-4ba2-82d3-2455fdc9676b/context &amp#27;[39m&amp#27;[32m200&amp#27;[39m &amp#27;[90m1 ms - 22&amp#27;[39m
&amp#27;[35m[HTTP]&amp#27;[39m &amp#27;[90m&amp#27;[39m
&amp#27;[35m[HTTP]&amp#27;[39m &amp#27;[37m-->&amp#27;[39m &amp#27;[37mPOST&amp#27;[39m &amp#27;[37m/wd/hub/session/46befbd9-2dc4-4ba2-82d3-2455fdc9676b/element&amp#27;[39m
&amp#27;[35m[HTTP]&amp#27;[39m &amp#27;[90m{"using":"id","value":"android:id/title_template"}&amp#27;[39m
[debug] &amp#27;[35m[W3C (46befbd9)]&amp#27;[39m Calling AppiumDriver.findElement() with args: ["id","android:id/title_template","46befbd9-2dc4-4ba2-82d3-2455fdc9676b"]
[debug] &amp#27;[35m[BaseDriver]&amp#27;[39m Valid locator strategies for this request: xpath, id, class name, accessibility id, css selector, -android uiautomator
[debug] &amp#27;[35m[BaseDriver]&amp#27;[39m Waiting up to 30000 ms for condition
[debug] &amp#27;[35m[WD Proxy]&amp#27;[39m Matched '/element' to command name 'findElement'
[debug] &amp#27;[35m[WD Proxy]&amp#27;[39m Proxying [POST /element] to [POST http://127.0.0.1:8204/wd/hub/session/dac7b961-28c3-4099-ba69-f9a9f81b0d67/element] with body: {"strategy":"id","selector":"android:id/title_template","context":"","multiple":false}
[debug] &amp#27;[35m[WD Proxy]&amp#27;[39m Got response with status 200: {"sessionId":"dac7b961-28c3-4099-ba69-f9a9f81b0d67","value":{"ELEMENT":"00000000-0000-0074-7fff-ffff00000068","element-6066-11e4-a52e-4f735466cecf":"00000000-0000-0074-7fff-ffff00000068"}}
[debug] &amp#27;[35m[W3C (46befbd9)]&amp#27;[39m Responding to client with driver.findElement() result: {"element-6066-11e4-a52e-4f735466cecf":"00000000-0000-0074-7fff-ffff00000068","ELEMENT":"00000000-0000-0074-7fff-ffff00000068"}
&amp#27;[35m[HTTP]&amp#27;[39m &amp#27;[37m<-- POST /wd/hub/session/46befbd9-2dc4-4ba2-82d3-2455fdc9676b/element &amp#27;[39m&amp#27;[32m200&amp#27;[39m &amp#27;[90m29 ms - 137&amp#27;[39m
&amp#27;[35m[HTTP]&amp#27;[39m &amp#27;[90m&amp#27;[39m
&amp#27;[35m[HTTP]&amp#27;[39m &amp#27;[37m-->&amp#27;[39m &amp#27;[37mGET&amp#27;[39m &amp#27;[37m/wd/hub/session/46befbd9-2dc4-4ba2-82d3-2455fdc9676b/element/00000000-0000-0074-7fff-ffff00000068/displayed&amp#27;[39m
&amp#27;[35m[HTTP]&amp#27;[39m &amp#27;[90m{}&amp#27;[39m
[debug] &amp#27;[35m[W3C (46befbd9)]&amp#27;[39m Calling AppiumDriver.elementDisplayed() with args: ["00000000-0000-0074-7fff-ffff00000068","46befbd9-2dc4-4ba2-82d3-2455fdc9676b"]
[debug] &amp#27;[35m[WD Proxy]&amp#27;[39m Matched '/element/00000000-0000-0074-7fff-ffff00000068/attribute/displayed' to command name 'getAttribute'
[debug] &amp#27;[35m[WD Proxy]&amp#27;[39m Proxying [GET /element/00000000-0000-0074-7fff-ffff00000068/attribute/displayed] to [GET http://127.0.0.1:8204/wd/hub/session/dac7b961-28c3-4099-ba69-f9a9f81b0d67/element/00000000-0000-0074-7fff-ffff00000068/attribute/displayed] with no body
[debug] &amp#27;[35m[WD Proxy]&amp#27;[39m Got response with status 200: {"sessionId":"dac7b961-28c3-4099-ba69-f9a9f81b0d67","value":"true"}
[debug] &amp#27;[35m[W3C (46befbd9)]&amp#27;[39m Responding to client with driver.elementDisplayed() result: true
&amp#27;[35m[HTTP]&amp#27;[39m &amp#27;[37m<-- GET /wd/hub/session/46befbd9-2dc4-4ba2-82d3-2455fdc9676b/element/00000000-0000-0074-7fff-ffff00000068/displayed &amp#27;[39m&amp#27;[32m200&amp#27;[39m &amp#27;[90m19 ms - 14&amp#27;[39m
&amp#27;[35m[HTTP]&amp#27;[39m &amp#27;[90m&amp#27;[39m
&amp#27;[35m[HTTP]&amp#27;[39m &amp#27;[37m-->&amp#27;[39m &amp#27;[37mGET&amp#27;[39m &amp#27;[37m/wd/hub/session/46befbd9-2dc4-4ba2-82d3-2455fdc9676b/context&amp#27;[39m
&amp#27;[35m[HTTP]&amp#27;[39m &amp#27;[90m{}&amp#27;[39m
[debug] &amp#27;[35m[W3C (46befbd9)]&amp#27;[39m Calling AppiumDriver.getCurrentContext() with args: ["46befbd9-2dc4-4ba2-82d3-2455fdc9676b"]
[debug] &amp#27;[35m[W3C (46befbd9)]&amp#27;[39m Responding to client with driver.getCurrentContext() result: "NATIVE_APP"
&amp#27;[35m[HTTP]&amp#27;[39m &amp#27;[37m<-- GET /wd/hub/session/46befbd9-2dc4-4ba2-82d3-2455fdc9676b/context &amp#27;[39m&amp#27;[32m200&amp#27;[39m &amp#27;[90m1 ms - 22&amp#27;[39m
&amp#27;[35m[HTTP]&amp#27;[39m &amp#27;[90m&amp#27;[39m
&amp#27;[35m[HTTP]&amp#27;[39m &amp#27;[37m-->&amp#27;[39m &amp#27;[37mPOST&amp#27;[39m &amp#27;[37m/wd/hub/session/46befbd9-2dc4-4ba2-82d3-2455fdc9676b/element&amp#27;[39m
&amp#27;[35m[HTTP]&amp#27;[39m &amp#27;[90m{"using":"id","value":"android:id/alertTitle"}&amp#27;[39m
[debug] &amp#27;[35m[W3C (46befbd9)]&amp#27;[39m Calling AppiumDriver.findElement() with args: ["id","android:id/alertTitle","46befbd9-2dc4-4ba2-82d3-2455fdc9676b"]
[debug] &amp#27;[35m[BaseDriver]&amp#27;[39m Valid locator strategies for this request: xpath, id, class name, accessibility id, css selector, -android uiautomator
[debug] &amp#27;[35m[BaseDriver]&amp#27;[39m Waiting up to 30000 ms for condition
[debug] &amp#27;[35m[WD Proxy]&amp#27;[39m Matched '/element' to command name 'findElement'
[debug] &amp#27;[35m[WD Proxy]&amp#27;[39m Proxying [POST /element] to [POST http://127.0.0.1:8204/wd/hub/session/dac7b961-28c3-4099-ba69-f9a9f81b0d67/element] with body: {"strategy":"id","selector":"android:id/alertTitle","context":"","multiple":false}
[debug] &amp#27;[35m[WD Proxy]&amp#27;[39m Got response with status 200: {"sessionId":"dac7b961-28c3-4099-ba69-f9a9f81b0d67","value":{"ELEMENT":"00000000-0000-0074-7fff-ffff00000062","element-6066-11e4-a52e-4f735466cecf":"00000000-0000-0074-7fff-ffff00000062"}}
[debug] &amp#27;[35m[W3C (46befbd9)]&amp#27;[39m Responding to client with driver.findElement() result: {"element-6066-11e4-a52e-4f735466cecf":"00000000-0000-0074-7fff-ffff00000062","ELEMENT":"00000000-0000-0074-7fff-ffff00000062"}
&amp#27;[35m[HTTP]&amp#27;[39m &amp#27;[37m<-- POST /wd/hub/session/46befbd9-2dc4-4ba2-82d3-2455fdc9676b/element &amp#27;[39m&amp#27;[32m200&amp#27;[39m &amp#27;[90m33 ms - 137&amp#27;[39m
&amp#27;[35m[HTTP]&amp#27;[39m &amp#27;[90m&amp#27;[39m
&amp#27;[35m[HTTP]&amp#27;[39m &amp#27;[37m-->&amp#27;[39m &amp#27;[37mGET&amp#27;[39m &amp#27;[37m/wd/hub/session/46befbd9-2dc4-4ba2-82d3-2455fdc9676b/element/00000000-0000-0074-7fff-ffff00000062/displayed&amp#27;[39m
&amp#27;[35m[HTTP]&amp#27;[39m &amp#27;[90m{}&amp#27;[39m
[debug] &amp#27;[35m[W3C (46befbd9)]&amp#27;[39m Calling AppiumDriver.elementDisplayed() with args: ["00000000-0000-0074-7fff-ffff00000062","46befbd9-2dc4-4ba2-82d3-2455fdc9676b"]
[debug] &amp#27;[35m[WD Proxy]&amp#27;[39m Matched '/element/00000000-0000-0074-7fff-ffff00000062/attribute/displayed' to command name 'getAttribute'
[debug] &amp#27;[35m[WD Proxy]&amp#27;[39m Proxying [GET /element/00000000-0000-0074-7fff-ffff00000062/attribute/displayed] to [GET http://127.0.0.1:8204/wd/hub/session/dac7b961-28c3-4099-ba69-f9a9f81b0d67/element/00000000-0000-0074-7fff-ffff00000062/attribute/displayed] with no body
[debug] &amp#27;[35m[WD Proxy]&amp#27;[39m Got response with status 200: {"sessionId":"dac7b961-28c3-4099-ba69-f9a9f81b0d67","value":"true"}
[debug] &amp#27;[35m[W3C (46befbd9)]&amp#27;[39m Responding to client with driver.elementDisplayed() result: true
&amp#27;[35m[HTTP]&amp#27;[39m &amp#27;[37m<-- GET /wd/hub/session/46befbd9-2dc4-4ba2-82d3-2455fdc9676b/element/00000000-0000-0074-7fff-ffff00000062/displayed &amp#27;[39m&amp#27;[32m200&amp#27;[39m &amp#27;[90m18 ms - 14&amp#27;[39m
&amp#27;[35m[HTTP]&amp#27;[39m &amp#27;[90m&amp#27;[39m
&amp#27;[35m[HTTP]&amp#27;[39m &amp#27;[37m-->&amp#27;[39m &amp#27;[37mGET&amp#27;[39m &amp#27;[37m/wd/hub/session/46befbd9-2dc4-4ba2-82d3-2455fdc9676b/context&amp#27;[39m
&amp#27;[35m[HTTP]&amp#27;[39m &amp#27;[90m{}&amp#27;[39m
[debug] &amp#27;[35m[W3C (46befbd9)]&amp#27;[39m Calling AppiumDriver.getCurrentContext() with args: ["46befbd9-2dc4-4ba2-82d3-2455fdc9676b"]
[debug] &amp#27;[35m[W3C (46befbd9)]&amp#27;[39m Responding to client with driver.getCurrentContext() result: "NATIVE_APP"
&amp#27;[35m[HTTP]&amp#27;[39m &amp#27;[37m<-- GET /wd/hub/session/46befbd9-2dc4-4ba2-82d3-2455fdc9676b/context &amp#27;[39m&amp#27;[32m200&amp#27;[39m &amp#27;[90m1 ms - 22&amp#27;[39m
&amp#27;[35m[HTTP]&amp#27;[39m &amp#27;[90m&amp#27;[39m
&amp#27;[35m[HTTP]&amp#27;[39m &amp#27;[37m-->&amp#27;[39m &amp#27;[37mPOST&amp#27;[39m &amp#27;[37m/wd/hub/session/46befbd9-2dc4-4ba2-82d3-2455fdc9676b/element&amp#27;[39m
&amp#27;[35m[HTTP]&amp#27;[39m &amp#27;[90m{"using":"id","value":"android:id/alertTitle"}&amp#27;[39m
[debug] &amp#27;[35m[W3C (46befbd9)]&amp#27;[39m Calling AppiumDriver.findElement() with args: ["id","android:id/alertTitle","46befbd9-2dc4-4ba2-82d3-2455fdc9676b"]
[debug] &amp#27;[35m[BaseDriver]&amp#27;[39m Valid locator strategies for this request: xpath, id, class name, accessibility id, css selector, -android uiautomator
[debug] &amp#27;[35m[BaseDriver]&amp#27;[39m Waiting up to 30000 ms for condition
[debug] &amp#27;[35m[WD Proxy]&amp#27;[39m Matched '/element' to command name 'findElement'
[debug] &amp#27;[35m[WD Proxy]&amp#27;[39m Proxying [POST /element] to [POST http://127.0.0.1:8204/wd/hub/session/dac7b961-28c3-4099-ba69-f9a9f81b0d67/element] with body: {"strategy":"id","selector":"android:id/alertTitle","context":"","multiple":false}
[debug] &amp#27;[35m[WD Proxy]&amp#27;[39m Got response with status 200: {"sessionId":"dac7b961-28c3-4099-ba69-f9a9f81b0d67","value":{"ELEMENT":"00000000-0000-0074-7fff-ffff00000062","element-6066-11e4-a52e-4f735466cecf":"00000000-0000-0074-7fff-ffff00000062"}}
[debug] &amp#27;[35m[W3C (46befbd9)]&amp#27;[39m Responding to client with driver.findElement() result: {"element-6066-11e4-a52e-4f735466cecf":"00000000-0000-0074-7fff-ffff00000062","ELEMENT":"00000000-0000-0074-7fff-ffff00000062"}
&amp#27;[35m[HTTP]&amp#27;[39m &amp#27;[37m<-- POST /wd/hub/session/46befbd9-2dc4-4ba2-82d3-2455fdc9676b/element &amp#27;[39m&amp#27;[32m200&amp#27;[39m &amp#27;[90m27 ms - 137&amp#27;[39m
&amp#27;[35m[HTTP]&amp#27;[39m &amp#27;[90m&amp#27;[39m
&amp#27;[35m[HTTP]&amp#27;[39m &amp#27;[37m-->&amp#27;[39m &amp#27;[37mGET&amp#27;[39m &amp#27;[37m/wd/hub/session/46befbd9-2dc4-4ba2-82d3-2455fdc9676b/element/00000000-0000-0074-7fff-ffff00000062/text&amp#27;[39m
&amp#27;[35m[HTTP]&amp#27;[39m &amp#27;[90m{}&amp#27;[39m
&amp#27;[35m[W3C (46befbd9)]&amp#27;[39m Driver proxy active, passing request on via HTTP proxy
[debug] &amp#27;[35m[WD Proxy]&amp#27;[39m Matched '/wd/hub/session/46befbd9-2dc4-4ba2-82d3-2455fdc9676b/element/00000000-0000-0074-7fff-ffff00000062/text' to command name 'getText'
[debug] &amp#27;[35m[WD Proxy]&amp#27;[39m Proxying [GET /wd/hub/session/46befbd9-2dc4-4ba2-82d3-2455fdc9676b/element/00000000-0000-0074-7fff-ffff00000062/text] to [GET http://127.0.0.1:8204/wd/hub/session/dac7b961-28c3-4099-ba69-f9a9f81b0d67/element/00000000-0000-0074-7fff-ffff00000062/text] with no body
[debug] &amp#27;[35m[WD Proxy]&amp#27;[39m Got response with status 200: {"sessionId":"dac7b961-28c3-4099-ba69-f9a9f81b0d67","value":"Success"}
&amp#27;[35m[WD Proxy]&amp#27;[39m Replacing sessionId dac7b961-28c3-4099-ba69-f9a9f81b0d67 with 46befbd9-2dc4-4ba2-82d3-2455fdc9676b
&amp#27;[35m[HTTP]&amp#27;[39m &amp#27;[37m<-- GET /wd/hub/session/46befbd9-2dc4-4ba2-82d3-2455fdc9676b/element/00000000-0000-0074-7fff-ffff00000062/text &amp#27;[39m&amp#27;[32m200&amp#27;[39m &amp#27;[90m18 ms - 70&amp#27;[39m
&amp#27;[35m[HTTP]&amp#27;[39m &amp#27;[90m&amp#27;[39m
&amp#27;[35m[HTTP]&amp#27;[39m &amp#27;[37m-->&amp#27;[39m &amp#27;[37mGET&amp#27;[39m &amp#27;[37m/wd/hub/session/46befbd9-2dc4-4ba2-82d3-2455fdc9676b/context&amp#27;[39m
&amp#27;[35m[HTTP]&amp#27;[39m &amp#27;[90m{}&amp#27;[39m
[debug] &amp#27;[35m[W3C (46befbd9)]&amp#27;[39m Calling AppiumDriver.getCurrentContext() with args: ["46befbd9-2dc4-4ba2-82d3-2455fdc9676b"]
[debug] &amp#27;[35m[W3C (46befbd9)]&amp#27;[39m Responding to client with driver.getCurrentContext() result: "NATIVE_APP"
&amp#27;[35m[HTTP]&amp#27;[39m &amp#27;[37m<-- GET /wd/hub/session/46befbd9-2dc4-4ba2-82d3-2455fdc9676b/context &amp#27;[39m&amp#27;[32m200&amp#27;[39m &amp#27;[90m1 ms - 22&amp#27;[39m
&amp#27;[35m[HTTP]&amp#27;[39m &amp#27;[90m&amp#27;[39m
&amp#27;[35m[HTTP]&amp#27;[39m &amp#27;[37m-->&amp#27;[39m &amp#27;[37mPOST&amp#27;[39m &amp#27;[37m/wd/hub/session/46befbd9-2dc4-4ba2-82d3-2455fdc9676b/element&amp#27;[39m
&amp#27;[35m[HTTP]&amp#27;[39m &amp#27;[90m{"using":"id","value":"android:id/message"}&amp#27;[39m
[debug] &amp#27;[35m[W3C (46befbd9)]&amp#27;[39m Calling AppiumDriver.findElement() with args: ["id","android:id/message","46befbd9-2dc4-4ba2-82d3-2455fdc9676b"]
[debug] &amp#27;[35m[BaseDriver]&amp#27;[39m Valid locator strategies for this request: xpath, id, class name, accessibility id, css selector, -android uiautomator
[debug] &amp#27;[35m[BaseDriver]&amp#27;[39m Waiting up to 30000 ms for condition
[debug] &amp#27;[35m[WD Proxy]&amp#27;[39m Matched '/element' to command name 'findElement'
[debug] &amp#27;[35m[WD Proxy]&amp#27;[39m Proxying [POST /element] to [POST http://127.0.0.1:8204/wd/hub/session/dac7b961-28c3-4099-ba69-f9a9f81b0d67/element] with body: {"strategy":"id","selector":"android:id/message","context":"","multiple":false}
[debug] &amp#27;[35m[WD Proxy]&amp#27;[39m Got response with status 200: {"sessionId":"dac7b961-28c3-4099-ba69-f9a9f81b0d67","value":{"ELEMENT":"00000000-0000-0074-7fff-ffff00000061","element-6066-11e4-a52e-4f735466cecf":"00000000-0000-0074-7fff-ffff00000061"}}
[debug] &amp#27;[35m[W3C (46befbd9)]&amp#27;[39m Responding to client with driver.findElement() result: {"element-6066-11e4-a52e-4f735466cecf":"00000000-0000-0074-7fff-ffff00000061","ELEMENT":"00000000-0000-0074-7fff-ffff00000061"}
&amp#27;[35m[HTTP]&amp#27;[39m &amp#27;[37m<-- POST /wd/hub/session/46befbd9-2dc4-4ba2-82d3-2455fdc9676b/element &amp#27;[39m&amp#27;[32m200&amp#27;[39m &amp#27;[90m28 ms - 137&amp#27;[39m
&amp#27;[35m[HTTP]&amp#27;[39m &amp#27;[90m&amp#27;[39m
&amp#27;[35m[HTTP]&amp#27;[39m &amp#27;[37m-->&amp#27;[39m &amp#27;[37mGET&amp#27;[39m &amp#27;[37m/wd/hub/session/46befbd9-2dc4-4ba2-82d3-2455fdc9676b/element/00000000-0000-0074-7fff-ffff00000061/displayed&amp#27;[39m
&amp#27;[35m[HTTP]&amp#27;[39m &amp#27;[90m{}&amp#27;[39m
[debug] &amp#27;[35m[W3C (46befbd9)]&amp#27;[39m Calling AppiumDriver.elementDisplayed() with args: ["00000000-0000-0074-7fff-ffff00000061","46befbd9-2dc4-4ba2-82d3-2455fdc9676b"]
[debug] &amp#27;[35m[WD Proxy]&amp#27;[39m Matched '/element/00000000-0000-0074-7fff-ffff00000061/attribute/displayed' to command name 'getAttribute'
[debug] &amp#27;[35m[WD Proxy]&amp#27;[39m Proxying [GET /element/00000000-0000-0074-7fff-ffff00000061/attribute/displayed] to [GET http://127.0.0.1:8204/wd/hub/session/dac7b961-28c3-4099-ba69-f9a9f81b0d67/element/00000000-0000-0074-7fff-ffff00000061/attribute/displayed] with no body
[debug] &amp#27;[35m[WD Proxy]&amp#27;[39m Got response with status 200: {"sessionId":"dac7b961-28c3-4099-ba69-f9a9f81b0d67","value":"true"}
[debug] &amp#27;[35m[W3C (46befbd9)]&amp#27;[39m Responding to client with driver.elementDisplayed() result: true
&amp#27;[35m[HTTP]&amp#27;[39m &amp#27;[37m<-- GET /wd/hub/session/46befbd9-2dc4-4ba2-82d3-2455fdc9676b/element/00000000-0000-0074-7fff-ffff00000061/displayed &amp#27;[39m&amp#27;[32m200&amp#27;[39m &amp#27;[90m19 ms - 14&amp#27;[39m
&amp#27;[35m[HTTP]&amp#27;[39m &amp#27;[90m&amp#27;[39m
&amp#27;[35m[HTTP]&amp#27;[39m &amp#27;[37m-->&amp#27;[39m &amp#27;[37mGET&amp#27;[39m &amp#27;[37m/wd/hub/session/46befbd9-2dc4-4ba2-82d3-2455fdc9676b/context&amp#27;[39m
&amp#27;[35m[HTTP]&amp#27;[39m &amp#27;[90m{}&amp#27;[39m
[debug] &amp#27;[35m[W3C (46befbd9)]&amp#27;[39m Calling AppiumDriver.getCurrentContext() with args: ["46befbd9-2dc4-4ba2-82d3-2455fdc9676b"]
[debug] &amp#27;[35m[W3C (46befbd9)]&amp#27;[39m Responding to client with driver.getCurrentContext() result: "NATIVE_APP"
&amp#27;[35m[HTTP]&amp#27;[39m &amp#27;[37m<-- GET /wd/hub/session/46befbd9-2dc4-4ba2-82d3-2455fdc9676b/context &amp#27;[39m&amp#27;[32m200&amp#27;[39m &amp#27;[90m1 ms - 22&amp#27;[39m
&amp#27;[35m[HTTP]&amp#27;[39m &amp#27;[90m&amp#27;[39m
&amp#27;[35m[HTTP]&amp#27;[39m &amp#27;[37m-->&amp#27;[39m &amp#27;[37mPOST&amp#27;[39m &amp#27;[37m/wd/hub/session/46befbd9-2dc4-4ba2-82d3-2455fdc9676b/element&amp#27;[39m
&amp#27;[35m[HTTP]&amp#27;[39m &amp#27;[90m{"using":"id","value":"android:id/message"}&amp#27;[39m
[debug] &amp#27;[35m[W3C (46befbd9)]&amp#27;[39m Calling AppiumDriver.findElement() with args: ["id","android:id/message","46befbd9-2dc4-4ba2-82d3-2455fdc9676b"]
[debug] &amp#27;[35m[BaseDriver]&amp#27;[39m Valid locator strategies for this request: xpath, id, class name, accessibility id, css selector, -android uiautomator
[debug] &amp#27;[35m[BaseDriver]&amp#27;[39m Waiting up to 30000 ms for condition
[debug] &amp#27;[35m[WD Proxy]&amp#27;[39m Matched '/element' to command name 'findElement'
[debug] &amp#27;[35m[WD Proxy]&amp#27;[39m Proxying [POST /element] to [POST http://127.0.0.1:8204/wd/hub/session/dac7b961-28c3-4099-ba69-f9a9f81b0d67/element] with body: {"strategy":"id","selector":"android:id/message","context":"","multiple":false}
[debug] &amp#27;[35m[WD Proxy]&amp#27;[39m Got response with status 200: {"sessionId":"dac7b961-28c3-4099-ba69-f9a9f81b0d67","value":{"ELEMENT":"00000000-0000-0074-7fff-ffff00000061","element-6066-11e4-a52e-4f735466cecf":"00000000-0000-0074-7fff-ffff00000061"}}
[debug] &amp#27;[35m[W3C (46befbd9)]&amp#27;[39m Responding to client with driver.findElement() result: {"element-6066-11e4-a52e-4f735466cecf":"00000000-0000-0074-7fff-ffff00000061","ELEMENT":"00000000-0000-0074-7fff-ffff00000061"}
&amp#27;[35m[HTTP]&amp#27;[39m &amp#27;[37m<-- POST /wd/hub/session/46befbd9-2dc4-4ba2-82d3-2455fdc9676b/element &amp#27;[39m&amp#27;[32m200&amp#27;[39m &amp#27;[90m37 ms - 137&amp#27;[39m
&amp#27;[35m[HTTP]&amp#27;[39m &amp#27;[90m&amp#27;[39m
&amp#27;[35m[HTTP]&amp#27;[39m &amp#27;[37m-->&amp#27;[39m &amp#27;[37mGET&amp#27;[39m &amp#27;[37m/wd/hub/session/46befbd9-2dc4-4ba2-82d3-2455fdc9676b/element/00000000-0000-0074-7fff-ffff00000061/text&amp#27;[39m
&amp#27;[35m[HTTP]&amp#27;[39m &amp#27;[90m{}&amp#27;[39m
&amp#27;[35m[W3C (46befbd9)]&amp#27;[39m Driver proxy active, passing request on via HTTP proxy
[debug] &amp#27;[35m[WD Proxy]&amp#27;[39m Matched '/wd/hub/session/46befbd9-2dc4-4ba2-82d3-2455fdc9676b/element/00000000-0000-0074-7fff-ffff00000061/text' to command name 'getText'
[debug] &amp#27;[35m[WD Proxy]&amp#27;[39m Proxying [GET /wd/hub/session/46befbd9-2dc4-4ba2-82d3-2455fdc9676b/element/00000000-0000-0074-7fff-ffff00000061/text] to [GET http://127.0.0.1:8204/wd/hub/session/dac7b961-28c3-4099-ba69-f9a9f81b0d67/element/00000000-0000-0074-7fff-ffff00000061/text] with no body
[debug] &amp#27;[35m[WD Proxy]&amp#27;[39m Got response with status 200: {"sessionId":"dac7b961-28c3-4099-ba69-f9a9f81b0d67","value":"You are logged in!"}
&amp#27;[35m[WD Proxy]&amp#27;[39m Replacing sessionId dac7b961-28c3-4099-ba69-f9a9f81b0d67 with 46befbd9-2dc4-4ba2-82d3-2455fdc9676b
&amp#27;[35m[HTTP]&amp#27;[39m &amp#27;[37m<-- GET /wd/hub/session/46befbd9-2dc4-4ba2-82d3-2455fdc9676b/element/00000000-0000-0074-7fff-ffff00000061/text &amp#27;[39m&amp#27;[32m200&amp#27;[39m &amp#27;[90m18 ms - 81&amp#27;[39m
&amp#27;[35m[HTTP]&amp#27;[39m &amp#27;[90m&amp#27;[39m
&amp#27;[35m[HTTP]&amp#27;[39m &amp#27;[37m-->&amp#27;[39m &amp#27;[37mGET&amp#27;[39m &amp#27;[37m/wd/hub/session/46befbd9-2dc4-4ba2-82d3-2455fdc9676b/context&amp#27;[39m
&amp#27;[35m[HTTP]&amp#27;[39m &amp#27;[90m{}&amp#27;[39m
[debug] &amp#27;[35m[W3C (46befbd9)]&amp#27;[39m Calling AppiumDriver.getCurrentContext() with args: ["46befbd9-2dc4-4ba2-82d3-2455fdc9676b"]
[debug] &amp#27;[35m[W3C (46befbd9)]&amp#27;[39m Responding to client with driver.getCurrentContext() result: "NATIVE_APP"
&amp#27;[35m[HTTP]&amp#27;[39m &amp#27;[37m<-- GET /wd/hub/session/46befbd9-2dc4-4ba2-82d3-2455fdc9676b/context &amp#27;[39m&amp#27;[32m200&amp#27;[39m &amp#27;[90m1 ms - 22&amp#27;[39m
&amp#27;[35m[HTTP]&amp#27;[39m &amp#27;[90m&amp#27;[39m
&amp#27;[35m[HTTP]&amp#27;[39m &amp#27;[37m-->&amp#27;[39m &amp#27;[37mPOST&amp#27;[39m &amp#27;[37m/wd/hub/session/46befbd9-2dc4-4ba2-82d3-2455fdc9676b/element&amp#27;[39m
&amp#27;[35m[HTTP]&amp#27;[39m &amp#27;[90m{"using":"id","value":"android:id/button1"}&amp#27;[39m
[debug] &amp#27;[35m[W3C (46befbd9)]&amp#27;[39m Calling AppiumDriver.findElement() with args: ["id","android:id/button1","46befbd9-2dc4-4ba2-82d3-2455fdc9676b"]
[debug] &amp#27;[35m[BaseDriver]&amp#27;[39m Valid locator strategies for this request: xpath, id, class name, accessibility id, css selector, -android uiautomator
[debug] &amp#27;[35m[BaseDriver]&amp#27;[39m Waiting up to 30000 ms for condition
[debug] &amp#27;[35m[WD Proxy]&amp#27;[39m Matched '/element' to command name 'findElement'
[debug] &amp#27;[35m[WD Proxy]&amp#27;[39m Proxying [POST /element] to [POST http://127.0.0.1:8204/wd/hub/session/dac7b961-28c3-4099-ba69-f9a9f81b0d67/element] with body: {"strategy":"id","selector":"android:id/button1","context":"","multiple":false}
[debug] &amp#27;[35m[WD Proxy]&amp#27;[39m Got response with status 200: {"sessionId":"dac7b961-28c3-4099-ba69-f9a9f81b0d67","value":{"ELEMENT":"00000000-0000-0074-7fff-ffff0000006d","element-6066-11e4-a52e-4f735466cecf":"00000000-0000-0074-7fff-ffff0000006d"}}
[debug] &amp#27;[35m[W3C (46befbd9)]&amp#27;[39m Responding to client with driver.findElement() result: {"element-6066-11e4-a52e-4f735466cecf":"00000000-0000-0074-7fff-ffff0000006d","ELEMENT":"00000000-0000-0074-7fff-ffff0000006d"}
&amp#27;[35m[HTTP]&amp#27;[39m &amp#27;[37m<-- POST /wd/hub/session/46befbd9-2dc4-4ba2-82d3-2455fdc9676b/element &amp#27;[39m&amp#27;[32m200&amp#27;[39m &amp#27;[90m28 ms - 137&amp#27;[39m
&amp#27;[35m[HTTP]&amp#27;[39m &amp#27;[90m&amp#27;[39m
&amp#27;[35m[HTTP]&amp#27;[39m &amp#27;[37m-->&amp#27;[39m &amp#27;[37mGET&amp#27;[39m &amp#27;[37m/wd/hub/session/46befbd9-2dc4-4ba2-82d3-2455fdc9676b/element/00000000-0000-0074-7fff-ffff0000006d/displayed&amp#27;[39m
&amp#27;[35m[HTTP]&amp#27;[39m &amp#27;[90m{}&amp#27;[39m
[debug] &amp#27;[35m[W3C (46befbd9)]&amp#27;[39m Calling AppiumDriver.elementDisplayed() with args: ["00000000-0000-0074-7fff-ffff0000006d","46befbd9-2dc4-4ba2-82d3-2455fdc9676b"]
[debug] &amp#27;[35m[WD Proxy]&amp#27;[39m Matched '/element/00000000-0000-0074-7fff-ffff0000006d/attribute/displayed' to command name 'getAttribute'
[debug] &amp#27;[35m[WD Proxy]&amp#27;[39m Proxying [GET /element/00000000-0000-0074-7fff-ffff0000006d/attribute/displayed] to [GET http://127.0.0.1:8204/wd/hub/session/dac7b961-28c3-4099-ba69-f9a9f81b0d67/element/00000000-0000-0074-7fff-ffff0000006d/attribute/displayed] with no body
[debug] &amp#27;[35m[WD Proxy]&amp#27;[39m Got response with status 200: {"sessionId":"dac7b961-28c3-4099-ba69-f9a9f81b0d67","value":"true"}
[debug] &amp#27;[35m[W3C (46befbd9)]&amp#27;[39m Responding to client with driver.elementDisplayed() result: true
&amp#27;[35m[HTTP]&amp#27;[39m &amp#27;[37m<-- GET /wd/hub/session/46befbd9-2dc4-4ba2-82d3-2455fdc9676b/element/00000000-0000-0074-7fff-ffff0000006d/displayed &amp#27;[39m&amp#27;[32m200&amp#27;[39m &amp#27;[90m18 ms - 14&amp#27;[39m
&amp#27;[35m[HTTP]&amp#27;[39m &amp#27;[90m&amp#27;[39m
&amp#27;[35m[HTTP]&amp#27;[39m &amp#27;[37m-->&amp#27;[39m &amp#27;[37mGET&amp#27;[39m &amp#27;[37m/wd/hub/session/46befbd9-2dc4-4ba2-82d3-2455fdc9676b/context&amp#27;[39m
&amp#27;[35m[HTTP]&amp#27;[39m &amp#27;[90m{}&amp#27;[39m
[debug] &amp#27;[35m[W3C (46befbd9)]&amp#27;[39m Calling AppiumDriver.getCurrentContext() with args: ["46befbd9-2dc4-4ba2-82d3-2455fdc9676b"]
[debug] &amp#27;[35m[W3C (46befbd9)]&amp#27;[39m Responding to client with driver.getCurrentContext() result: "NATIVE_APP"
&amp#27;[35m[HTTP]&amp#27;[39m &amp#27;[37m<-- GET /wd/hub/session/46befbd9-2dc4-4ba2-82d3-2455fdc9676b/context &amp#27;[39m&amp#27;[32m200&amp#27;[39m &amp#27;[90m1 ms - 22&amp#27;[39m
&amp#27;[35m[HTTP]&amp#27;[39m &amp#27;[90m&amp#27;[39m
&amp#27;[35m[HTTP]&amp#27;[39m &amp#27;[37m-->&amp#27;[39m &amp#27;[37mPOST&amp#27;[39m &amp#27;[37m/wd/hub/session/46befbd9-2dc4-4ba2-82d3-2455fdc9676b/element&amp#27;[39m
&amp#27;[35m[HTTP]&amp#27;[39m &amp#27;[90m{"using":"id","value":"android:id/button1"}&amp#27;[39m
[debug] &amp#27;[35m[W3C (46befbd9)]&amp#27;[39m Calling AppiumDriver.findElement() with args: ["id","android:id/button1","46befbd9-2dc4-4ba2-82d3-2455fdc9676b"]
[debug] &amp#27;[35m[BaseDriver]&amp#27;[39m Valid locator strategies for this request: xpath, id, class name, accessibility id, css selector, -android uiautomator
[debug] &amp#27;[35m[BaseDriver]&amp#27;[39m Waiting up to 30000 ms for condition
[debug] &amp#27;[35m[WD Proxy]&amp#27;[39m Matched '/element' to command name 'findElement'
[debug] &amp#27;[35m[WD Proxy]&amp#27;[39m Proxying [POST /element] to [POST http://127.0.0.1:8204/wd/hub/session/dac7b961-28c3-4099-ba69-f9a9f81b0d67/element] with body: {"strategy":"id","selector":"android:id/button1","context":"","multiple":false}
[debug] &amp#27;[35m[WD Proxy]&amp#27;[39m Got response with status 200: {"sessionId":"dac7b961-28c3-4099-ba69-f9a9f81b0d67","value":{"ELEMENT":"00000000-0000-0074-7fff-ffff0000006d","element-6066-11e4-a52e-4f735466cecf":"00000000-0000-0074-7fff-ffff0000006d"}}
[debug] &amp#27;[35m[W3C (46befbd9)]&amp#27;[39m Responding to client with driver.findElement() result: {"element-6066-11e4-a52e-4f735466cecf":"00000000-0000-0074-7fff-ffff0000006d","ELEMENT":"00000000-0000-0074-7fff-ffff0000006d"}
&amp#27;[35m[HTTP]&amp#27;[39m &amp#27;[37m<-- POST /wd/hub/session/46befbd9-2dc4-4ba2-82d3-2455fdc9676b/element &amp#27;[39m&amp#27;[32m200&amp#27;[39m &amp#27;[90m29 ms - 137&amp#27;[39m
&amp#27;[35m[HTTP]&amp#27;[39m &amp#27;[90m&amp#27;[39m
&amp#27;[35m[HTTP]&amp#27;[39m &amp#27;[37m-->&amp#27;[39m &amp#27;[37mPOST&amp#27;[39m &amp#27;[37m/wd/hub/session/46befbd9-2dc4-4ba2-82d3-2455fdc9676b/element/00000000-0000-0074-7fff-ffff0000006d/click&amp#27;[39m
&amp#27;[35m[HTTP]&amp#27;[39m &amp#27;[90m{"id":"00000000-0000-0074-7fff-ffff0000006d"}&amp#27;[39m
[debug] &amp#27;[35m[W3C (46befbd9)]&amp#27;[39m Calling AppiumDriver.click() with args: ["00000000-0000-0074-7fff-ffff0000006d","46befbd9-2dc4-4ba2-82d3-2455fdc9676b"]
[debug] &amp#27;[35m[WD Proxy]&amp#27;[39m Matched '/element/00000000-0000-0074-7fff-ffff0000006d/click' to command name 'click'
[debug] &amp#27;[35m[WD Proxy]&amp#27;[39m Proxying [POST /element/00000000-0000-0074-7fff-ffff0000006d/click] to [POST http://127.0.0.1:8204/wd/hub/session/dac7b961-28c3-4099-ba69-f9a9f81b0d67/element/00000000-0000-0074-7fff-ffff0000006d/click] with body: {"element":"00000000-0000-0074-7fff-ffff0000006d"}
[debug] &amp#27;[35m[WD Proxy]&amp#27;[39m Got response with status 200: {"sessionId":"dac7b961-28c3-4099-ba69-f9a9f81b0d67","value":null}
[debug] &amp#27;[35m[W3C (46befbd9)]&amp#27;[39m Responding to client with driver.click() result: null
&amp#27;[35m[HTTP]&amp#27;[39m &amp#27;[37m<-- POST /wd/hub/session/46befbd9-2dc4-4ba2-82d3-2455fdc9676b/element/00000000-0000-0074-7fff-ffff0000006d/click &amp#27;[39m&amp#27;[32m200&amp#27;[39m &amp#27;[90m36 ms - 14&amp#27;[39m
&amp#27;[35m[HTTP]&amp#27;[39m &amp#27;[90m&amp#27;[39m
]]></system-out>
  </testcase>
  <testcase name="signUpWithInvalidEmail" classname="TestNG.TestLoginPage.SignUpTest" time="10.17">
    <system-out><![CDATA[&amp#27;[35m[HTTP]&amp#27;[39m &amp#27;[37m-->&amp#27;[39m &amp#27;[37mPOST&amp#27;[39m &amp#27;[37m/wd/hub/session/46befbd9-2dc4-4ba2-82d3-2455fdc9676b/appium/app/close&amp#27;[39m
&amp#27;[35m[HTTP]&amp#27;[39m &amp#27;[90m{}&amp#27;[39m
[debug] &amp#27;[35m[W3C (46befbd9)]&amp#27;[39m Calling AppiumDriver.closeApp() with args: ["46befbd9-2dc4-4ba2-82d3-2455fdc9676b"]
[debug] &amp#27;[35m[ADB]&amp#27;[39m Running 'C:\Android\sdk\platform-tools\adb.exe -P 5037 -s 05157df58940201b shell am force-stop com.wdiodemoapp'
[debug] &amp#27;[35m[W3C (46befbd9)]&amp#27;[39m Responding to client with driver.closeApp() result: null
&amp#27;[35m[HTTP]&amp#27;[39m &amp#27;[37m<-- POST /wd/hub/session/46befbd9-2dc4-4ba2-82d3-2455fdc9676b/appium/app/close &amp#27;[39m&amp#27;[32m200&amp#27;[39m &amp#27;[90m735 ms - 14&amp#27;[39m
&amp#27;[35m[HTTP]&amp#27;[39m &amp#27;[90m&amp#27;[39m
&amp#27;[35m[HTTP]&amp#27;[39m &amp#27;[37m-->&amp#27;[39m &amp#27;[37mPOST&amp#27;[39m &amp#27;[37m/wd/hub/session/46befbd9-2dc4-4ba2-82d3-2455fdc9676b/appium/app/launch&amp#27;[39m
&amp#27;[35m[HTTP]&amp#27;[39m &amp#27;[90m{}&amp#27;[39m
[debug] &amp#27;[35m[W3C (46befbd9)]&amp#27;[39m Calling AppiumDriver.launchApp() with args: ["46befbd9-2dc4-4ba2-82d3-2455fdc9676b"]
[debug] &amp#27;[35m[UiAutomator2]&amp#27;[39m No app capability. Assuming it is already on the device
[debug] &amp#27;[35m[ADB]&amp#27;[39m Getting install status for com.wdiodemoapp
[debug] &amp#27;[35m[ADB]&amp#27;[39m Running 'C:\Android\sdk\platform-tools\adb.exe -P 5037 -s 05157df58940201b shell dumpsys package com.wdiodemoapp'
[debug] &amp#27;[35m[ADB]&amp#27;[39m 'com.wdiodemoapp' is installed
[debug] &amp#27;[35m[ADB]&amp#27;[39m Running 'C:\Android\sdk\platform-tools\adb.exe -P 5037 -s 05157df58940201b shell am force-stop com.wdiodemoapp'
[debug] &amp#27;[35m[ADB]&amp#27;[39m Running 'C:\Android\sdk\platform-tools\adb.exe -P 5037 -s 05157df58940201b shell pm clear com.wdiodemoapp'
[debug] &amp#27;[35m[AndroidDriver]&amp#27;[39m Performed fast reset on the installed 'com.wdiodemoapp' application (stop and clear)
[debug] &amp#27;[35m[ADB]&amp#27;[39m Running 'C:\Android\sdk\platform-tools\adb.exe -P 5037 -s 05157df58940201b shell am start -W -n com.wdiodemoapp/com.wdiodemoapp.MainActivity -S -a android.intent.action.MAIN -c android.intent.category.LAUNCHER -f 0x10200000'
[debug] &amp#27;[35m[W3C (46befbd9)]&amp#27;[39m Responding to client with driver.launchApp() result: null
&amp#27;[35m[HTTP]&amp#27;[39m &amp#27;[37m<-- POST /wd/hub/session/46befbd9-2dc4-4ba2-82d3-2455fdc9676b/appium/app/launch &amp#27;[39m&amp#27;[32m200&amp#27;[39m &amp#27;[90m2896 ms - 14&amp#27;[39m
&amp#27;[35m[HTTP]&amp#27;[39m &amp#27;[90m&amp#27;[39m
&amp#27;[35m[HTTP]&amp#27;[39m &amp#27;[37m-->&amp#27;[39m &amp#27;[37mPOST&amp#27;[39m &amp#27;[37m/wd/hub/session/46befbd9-2dc4-4ba2-82d3-2455fdc9676b/appium/app/close&amp#27;[39m
&amp#27;[35m[HTTP]&amp#27;[39m &amp#27;[90m{}&amp#27;[39m
[debug] &amp#27;[35m[W3C (46befbd9)]&amp#27;[39m Calling AppiumDriver.closeApp() with args: ["46befbd9-2dc4-4ba2-82d3-2455fdc9676b"]
[debug] &amp#27;[35m[ADB]&amp#27;[39m Running 'C:\Android\sdk\platform-tools\adb.exe -P 5037 -s 05157df58940201b shell am force-stop com.wdiodemoapp'
[debug] &amp#27;[35m[W3C (46befbd9)]&amp#27;[39m Responding to client with driver.closeApp() result: null
&amp#27;[35m[HTTP]&amp#27;[39m &amp#27;[37m<-- POST /wd/hub/session/46befbd9-2dc4-4ba2-82d3-2455fdc9676b/appium/app/close &amp#27;[39m&amp#27;[32m200&amp#27;[39m &amp#27;[90m785 ms - 14&amp#27;[39m
&amp#27;[35m[HTTP]&amp#27;[39m &amp#27;[90m&amp#27;[39m
&amp#27;[35m[Appium]&amp#27;[39m Welcome to Appium v1.22.0
&amp#27;[35m[Appium]&amp#27;[39m Non-default server args:
&amp#27;[35m[Appium]&amp#27;[39m   address: 127.0.0.1
&amp#27;[35m[Appium]&amp#27;[39m   port: 42033
&amp#27;[35m[Appium]&amp#27;[39m   allowInsecure: {
&amp#27;[35m[Appium]&amp#27;[39m     0: chromedriver_autodownload
&amp#27;[35m[Appium]&amp#27;[39m   }
&amp#27;[35m[Appium]&amp#27;[39m Appium REST http interface listener started on 127.0.0.1:42033
&amp#27;[35m[HTTP]&amp#27;[39m &amp#27;[37m-->&amp#27;[39m &amp#27;[37mGET&amp#27;[39m &amp#27;[37m/wd/hub/status&amp#27;[39m
&amp#27;[35m[HTTP]&amp#27;[39m &amp#27;[90m{}&amp#27;[39m
[debug] &amp#27;[35m[GENERIC]&amp#27;[39m Calling AppiumDriver.getStatus() with args: []
[debug] &amp#27;[35m[GENERIC]&amp#27;[39m Responding to client with driver.getStatus() result: {"build":{"version":"1.22.0"}}
&amp#27;[35m[HTTP]&amp#27;[39m &amp#27;[37m<-- GET /wd/hub/status &amp#27;[39m&amp#27;[32m200&amp#27;[39m &amp#27;[90m5 ms - 68&amp#27;[39m
&amp#27;[35m[HTTP]&amp#27;[39m &amp#27;[90m&amp#27;[39m
[debug] &amp#27;[35m[HTTP]&amp#27;[39m Request idempotency key: 22933420-b24a-4fa8-84df-d086d38bc9b8
&amp#27;[35m[HTTP]&amp#27;[39m &amp#27;[37m-->&amp#27;[39m &amp#27;[37mPOST&amp#27;[39m &amp#27;[37m/wd/hub/session&amp#27;[39m
&amp#27;[35m[HTTP]&amp#27;[39m &amp#27;[90m{"desiredCapabilities":{"appActivity":"com.wdiodemoapp.MainActivity","appPackage":"com.wdiodemoapp","avdLaunchTimeout":120000,"newCommandTimeout":120,"automationName":"UiAutomator2","platformName":"Android","udid":"05157df58940201b","deviceName":"S6 Edge"},"capabilities":{"firstMatch":[{"appium:appActivity":"com.wdiodemoapp.MainActivity","appium:appPackage":"com.wdiodemoapp","appium:automationName":"UiAutomator2","appium:avdLaunchTimeout":120000,"appium:deviceName":"S6 Edge","appium:newCommandTimeout":120,"platformName":"android","appium:udid":"05157df58940201b"}]}}&amp#27;[39m
[debug] &amp#27;[35m[W3C]&amp#27;[39m Calling AppiumDriver.createSession() with args: [{"appActivity":"com.wdiodemoapp.MainActivity","appPackage":"com.wdiodemoapp","avdLaunchTimeout":120000,"newCommandTimeout":120,"automationName":"UiAutomator2","platformName":"Android","udid":"05157df58940201b","deviceName":"S6 Edge"},null,{"firstMatch":[{"appium:appActivity":"com.wdiodemoapp.MainActivity","appium:appPackage":"com.wdiodemoapp","appium:automationName":"UiAutomator2","appium:avdLaunchTimeout":120000,"appium:deviceName":"S6 Edge","appium:newCommandTimeout":120,"platformName":"android","appium:udid":"05157df58940201b"}]}]
[debug] &amp#27;[35m[BaseDriver]&amp#27;[39m Event 'newSessionRequested' logged at 1638094190006 (17:09:50 GMT+0700 (Indochina Time))
&amp#27;[35m[Appium]&amp#27;[39m Appium v1.22.0 creating new AndroidUiautomator2Driver (v1.69.0) session
&amp#27;[35m[Appium]&amp#27;[39m Explicitly enabling use of insecure features:
&amp#27;[35m[Appium]&amp#27;[39m     chromedriver_autodownload
[debug] &amp#27;[35m[BaseDriver]&amp#27;[39m W3C capabilities and MJSONWP desired capabilities were provided
[debug] &amp#27;[35m[BaseDriver]&amp#27;[39m Creating session with W3C capabilities: {
[debug] &amp#27;[35m[BaseDriver]&amp#27;[39m   "alwaysMatch": {
[debug] &amp#27;[35m[BaseDriver]&amp#27;[39m     "platformName": "android",
[debug] &amp#27;[35m[BaseDriver]&amp#27;[39m     "appium:appActivity": "com.wdiodemoapp.MainActivity",
[debug] &amp#27;[35m[BaseDriver]&amp#27;[39m     "appium:appPackage": "com.wdiodemoapp",
[debug] &amp#27;[35m[BaseDriver]&amp#27;[39m     "appium:automationName": "UiAutomator2",
[debug] &amp#27;[35m[BaseDriver]&amp#27;[39m     "appium:avdLaunchTimeout": 120000,
[debug] &amp#27;[35m[BaseDriver]&amp#27;[39m     "appium:deviceName": "S6 Edge",
[debug] &amp#27;[35m[BaseDriver]&amp#27;[39m     "appium:newCommandTimeout": 120,
[debug] &amp#27;[35m[BaseDriver]&amp#27;[39m     "appium:udid": "05157df58940201b"
[debug] &amp#27;[35m[BaseDriver]&amp#27;[39m   },
[debug] &amp#27;[35m[BaseDriver]&amp#27;[39m   "firstMatch": [
[debug] &amp#27;[35m[BaseDriver]&amp#27;[39m     {}
[debug] &amp#27;[35m[BaseDriver]&amp#27;[39m   ]
[debug] &amp#27;[35m[BaseDriver]&amp#27;[39m }
&amp#27;[35m[BaseDriver]&amp#27;[39m Session created with session id: df9f32c4-0030-433a-a6cf-3dfcf61c4575
&amp#27;[35m[UiAutomator2]&amp#27;[39m Starting 'com.wdiodemoapp' directly on the device
&amp#27;[35m[ADB]&amp#27;[39m Found 1 'build-tools' folders under 'C:\Android\sdk' (newest first):
&amp#27;[35m[ADB]&amp#27;[39m     C:/Android/sdk/build-tools/31.0.0
&amp#27;[35m[ADB]&amp#27;[39m Using 'adb.exe' from 'C:\Android\sdk\platform-tools\adb.exe'
[debug] &amp#27;[35m[ADB]&amp#27;[39m Running 'C:\Android\sdk\platform-tools\adb.exe -P 5037 start-server'
&amp#27;[35m[AndroidDriver]&amp#27;[39m Retrieving device list
[debug] &amp#27;[35m[ADB]&amp#27;[39m Trying to find a connected android device
[debug] &amp#27;[35m[ADB]&amp#27;[39m Getting connected devices
[debug] &amp#27;[35m[ADB]&amp#27;[39m Connected devices: [{"udid":"05157df58940201b","state":"device"}]
&amp#27;[35m[AndroidDriver]&amp#27;[39m Using device: 05157df58940201b
&amp#27;[35m[ADB]&amp#27;[39m Using 'adb.exe' from 'C:\Android\sdk\platform-tools\adb.exe'
[debug] &amp#27;[35m[ADB]&amp#27;[39m Running 'C:\Android\sdk\platform-tools\adb.exe -P 5037 start-server'
[debug] &amp#27;[35m[ADB]&amp#27;[39m Setting device id to 05157df58940201b
[debug] &amp#27;[35m[ADB]&amp#27;[39m Running 'C:\Android\sdk\platform-tools\adb.exe -P 5037 -s 05157df58940201b shell getprop ro.build.version.sdk'
[debug] &amp#27;[35m[ADB]&amp#27;[39m Current device property 'ro.build.version.sdk': 24
[debug] &amp#27;[35m[ADB]&amp#27;[39m Device API level: 24
&amp#27;[35m[AndroidDriver]&amp#27;[39m No app sent in, not parsing package/activity
[debug] &amp#27;[35m[ADB]&amp#27;[39m Running 'C:\Android\sdk\platform-tools\adb.exe -P 5037 -s 05157df58940201b wait-for-device'
[debug] &amp#27;[35m[ADB]&amp#27;[39m Running 'C:\Android\sdk\platform-tools\adb.exe -P 5037 -s 05157df58940201b shell echo ping'
[debug] &amp#27;[35m[AndroidDriver]&amp#27;[39m Pushing settings apk to device...
[debug] &amp#27;[35m[ADB]&amp#27;[39m Getting install status for io.appium.settings
[debug] &amp#27;[35m[ADB]&amp#27;[39m Running 'C:\Android\sdk\platform-tools\adb.exe -P 5037 -s 05157df58940201b shell dumpsys package io.appium.settings'
[debug] &amp#27;[35m[ADB]&amp#27;[39m 'io.appium.settings' is installed
[debug] &amp#27;[35m[ADB]&amp#27;[39m Getting package info for 'io.appium.settings'
[debug] &amp#27;[35m[ADB]&amp#27;[39m Running 'C:\Android\sdk\platform-tools\adb.exe -P 5037 -s 05157df58940201b shell dumpsys package io.appium.settings'
[debug] &amp#27;[35m[ADB]&amp#27;[39m The version name of the installed 'io.appium.settings' is greater or equal to the application version name ('3.4.0' >= '3.4.0')
[debug] &amp#27;[35m[ADB]&amp#27;[39m There is no need to install/upgrade 'C:\Users\tungh\AppData\Roaming\npm\node_modules\appium\node_modules\io.appium.settings\apks\settings_apk-debug.apk'
[debug] &amp#27;[35m[ADB]&amp#27;[39m Getting IDs of all 'io.appium.settings' processes
[debug] &amp#27;[35m[ADB]&amp#27;[39m Running 'C:\Android\sdk\platform-tools\adb.exe -P 5037 -s 05157df58940201b shell 'pgrep --help; echo $?''
[debug] &amp#27;[35m[ADB]&amp#27;[39m Running 'C:\Android\sdk\platform-tools\adb.exe -P 5037 -s 05157df58940201b shell 'pgrep ^appium\\.settings$ || pgrep ^io\\.appium\\.setti$''
[debug] &amp#27;[35m[AndroidDriver]&amp#27;[39m io.appium.settings is already running. There is no need to reset its permissions.
[debug] &amp#27;[35m[ADB]&amp#27;[39m Running 'C:\Android\sdk\platform-tools\adb.exe -P 5037 -s 05157df58940201b shell appops set io.appium.settings android:mock_location allow'
[debug] &amp#27;[35m[Logcat]&amp#27;[39m Starting logs capture with command: C:\\Android\\sdk\\platform-tools\\adb.exe -P 5037 -s 05157df58940201b logcat -v threadtime
[debug] &amp#27;[35m[UiAutomator2]&amp#27;[39m Forwarding UiAutomator2 Server port 6790 to local port 8205
[debug] &amp#27;[35m[ADB]&amp#27;[39m Forwarding system: 8205 to device: 6790
[debug] &amp#27;[35m[ADB]&amp#27;[39m Running 'C:\Android\sdk\platform-tools\adb.exe -P 5037 -s 05157df58940201b forward tcp:8205 tcp:6790'
[debug] &amp#27;[35m[ADB]&amp#27;[39m Getting install status for io.appium.uiautomator2.server
[debug] &amp#27;[35m[ADB]&amp#27;[39m Running 'C:\Android\sdk\platform-tools\adb.exe -P 5037 -s 05157df58940201b shell dumpsys package io.appium.uiautomator2.server'
[debug] &amp#27;[35m[ADB]&amp#27;[39m 'io.appium.uiautomator2.server' is installed
[debug] &amp#27;[35m[ADB]&amp#27;[39m Getting package info for 'io.appium.uiautomator2.server'
[debug] &amp#27;[35m[ADB]&amp#27;[39m Running 'C:\Android\sdk\platform-tools\adb.exe -P 5037 -s 05157df58940201b shell dumpsys package io.appium.uiautomator2.server'
[debug] &amp#27;[35m[ADB]&amp#27;[39m The version name of the installed 'io.appium.uiautomator2.server' is greater or equal to the application version name ('4.24.0' >= '4.24.0')
[debug] &amp#27;[35m[UiAutomator2]&amp#27;[39m io.appium.uiautomator2.server installation state: sameVersionInstalled
[debug] &amp#27;[35m[ADB]&amp#27;[39m Checking app cert for C:\Users\tungh\AppData\Roaming\npm\node_modules\appium\node_modules\appium-uiautomator2-server\apks\appium-uiautomator2-server-v4.24.0.apk
&amp#27;[35m[ADB]&amp#27;[39m Using 'apksigner.jar' from 'C:\Android\sdk\build-tools\31.0.0\lib\apksigner.jar'
[debug] &amp#27;[35m[ADB]&amp#27;[39m Starting apksigner: 'C:\\Program Files\\Java\\jdk1.8.0_181\\bin\\java.exe' -Xmx1024M -Xss1m -jar C:\\Android\\sdk\\build-tools\\31.0.0\\lib\\apksigner.jar verify --print-certs C:\\Users\\tungh\\AppData\\Roaming\\npm\\node_modules\\appium\\node_modules\\appium-uiautomator2-server\\apks\\appium-uiautomator2-server-v4.24.0.apk
[debug] &amp#27;[35m[ADB]&amp#27;[39m apksigner stdout: Signer #1 certificate DN: EMAILADDRESS=android@android.com, CN=Android, OU=Android, O=Android, L=Mountain View, ST=California, C=US
[debug] &amp#27;[35m[ADB]&amp#27;[39m Signer #1 certificate SHA-256 digest: a40da80a59d170caa950cf15c18c454d47a39b26989d8b640ecd745ba71bf5dc
[debug] &amp#27;[35m[ADB]&amp#27;[39m Signer #1 certificate SHA-1 digest: 61ed377e85d386a8dfee6b864bd85b0bfaa5af81
[debug] &amp#27;[35m[ADB]&amp#27;[39m Signer #1 certificate MD5 digest: e89b158e4bcf988ebd09eb83f5378e87
[debug] &amp#27;[35m[ADB]&amp#27;[39m 
[debug] &amp#27;[35m[ADB]&amp#27;[39m sha256 hash did match for 'appium-uiautomator2-server-v4.24.0.apk'
&amp#27;[35m[ADB]&amp#27;[39m 'C:\Users\tungh\AppData\Roaming\npm\node_modules\appium\node_modules\appium-uiautomator2-server\apks\appium-uiautomator2-server-v4.24.0.apk' is signed with the default certificate
[debug] &amp#27;[35m[ADB]&amp#27;[39m Getting install status for io.appium.uiautomator2.server.test
[debug] &amp#27;[35m[ADB]&amp#27;[39m Running 'C:\Android\sdk\platform-tools\adb.exe -P 5037 -s 05157df58940201b shell dumpsys package io.appium.uiautomator2.server.test'
[debug] &amp#27;[35m[ADB]&amp#27;[39m 'io.appium.uiautomator2.server.test' is installed
[debug] &amp#27;[35m[ADB]&amp#27;[39m Checking app cert for C:\Users\tungh\AppData\Roaming\npm\node_modules\appium\node_modules\appium-uiautomator2-server\apks\appium-uiautomator2-server-debug-androidTest.apk
[debug] &amp#27;[35m[ADB]&amp#27;[39m Starting apksigner: 'C:\\Program Files\\Java\\jdk1.8.0_181\\bin\\java.exe' -Xmx1024M -Xss1m -jar C:\\Android\\sdk\\build-tools\\31.0.0\\lib\\apksigner.jar verify --print-certs C:\\Users\\tungh\\AppData\\Roaming\\npm\\node_modules\\appium\\node_modules\\appium-uiautomator2-server\\apks\\appium-uiautomator2-server-debug-androidTest.apk
[debug] &amp#27;[35m[ADB]&amp#27;[39m apksigner stdout: Signer #1 certificate DN: EMAILADDRESS=android@android.com, CN=Android, OU=Android, O=Android, L=Mountain View, ST=California, C=US
[debug] &amp#27;[35m[ADB]&amp#27;[39m Signer #1 certificate SHA-256 digest: a40da80a59d170caa950cf15c18c454d47a39b26989d8b640ecd745ba71bf5dc
[debug] &amp#27;[35m[ADB]&amp#27;[39m Signer #1 certificate SHA-1 digest: 61ed377e85d386a8dfee6b864bd85b0bfaa5af81
[debug] &amp#27;[35m[ADB]&amp#27;[39m Signer #1 certificate MD5 digest: e89b158e4bcf988ebd09eb83f5378e87
[debug] &amp#27;[35m[ADB]&amp#27;[39m 
[debug] &amp#27;[35m[ADB]&amp#27;[39m sha256 hash did match for 'appium-uiautomator2-server-debug-androidTest.apk'
&amp#27;[35m[ADB]&amp#27;[39m 'C:\Users\tungh\AppData\Roaming\npm\node_modules\appium\node_modules\appium-uiautomator2-server\apks\appium-uiautomator2-server-debug-androidTest.apk' is signed with the default certificate
&amp#27;[35m[UiAutomator2]&amp#27;[39m Server packages are not going to be (re)installed
[debug] &amp#27;[35m[UiAutomator2]&amp#27;[39m Waiting up to 30000ms for services to be available
[debug] &amp#27;[35m[ADB]&amp#27;[39m Running 'C:\Android\sdk\platform-tools\adb.exe -P 5037 -s 05157df58940201b shell pm list instrumentation'
[debug] &amp#27;[35m[UiAutomator2]&amp#27;[39m Instrumentation target 'io.appium.uiautomator2.server.test/androidx.test.runner.AndroidJUnitRunner' is available
&amp#27;[35m[ADB]&amp#27;[39m Adding packages ["io.appium.settings","io.appium.uiautomator2.server","io.appium.uiautomator2.server.test"] to Doze whitelist
[debug] &amp#27;[35m[ADB]&amp#27;[39m Got the following command chunks to execute: [["dumpsys","deviceidle","whitelist","+io.appium.settings",";","dumpsys","deviceidle","whitelist","+io.appium.uiautomator2.server",";","dumpsys","deviceidle","whitelist","+io.appium.uiautomator2.server.test",";"]]
[debug] &amp#27;[35m[ADB]&amp#27;[39m Running 'C:\Android\sdk\platform-tools\adb.exe -P 5037 -s 05157df58940201b shell dumpsys deviceidle whitelist +io.appium.settings ; dumpsys deviceidle whitelist +io.appium.uiautomator2.server ; dumpsys deviceidle whitelist +io.appium.uiautomator2.server.test ;'
[debug] &amp#27;[35m[UiAutomator2]&amp#27;[39m No app capability. Assuming it is already on the device
[debug] &amp#27;[35m[ADB]&amp#27;[39m Getting install status for com.wdiodemoapp
[debug] &amp#27;[35m[ADB]&amp#27;[39m Running 'C:\Android\sdk\platform-tools\adb.exe -P 5037 -s 05157df58940201b shell dumpsys package com.wdiodemoapp'
[debug] &amp#27;[35m[ADB]&amp#27;[39m 'com.wdiodemoapp' is installed
[debug] &amp#27;[35m[ADB]&amp#27;[39m Running 'C:\Android\sdk\platform-tools\adb.exe -P 5037 -s 05157df58940201b shell am force-stop com.wdiodemoapp'
[debug] &amp#27;[35m[ADB]&amp#27;[39m Running 'C:\Android\sdk\platform-tools\adb.exe -P 5037 -s 05157df58940201b shell pm clear com.wdiodemoapp'
[debug] &amp#27;[35m[AndroidDriver]&amp#27;[39m Performed fast reset on the installed 'com.wdiodemoapp' application (stop and clear)
[debug] &amp#27;[35m[UiAutomator2]&amp#27;[39m Performing shallow cleanup of automation leftovers
[debug] &amp#27;[35m[UiAutomator2]&amp#27;[39m The following obsolete sessions are still running: ["dac7b961-28c3-4099-ba69-f9a9f81b0d67"]
[debug] &amp#27;[35m[UiAutomator2]&amp#27;[39m Cleaning up 1 obsolete session
[debug] &amp#27;[35m[ADB]&amp#27;[39m Running 'C:\Android\sdk\platform-tools\adb.exe -P 5037 -s 05157df58940201b shell am force-stop io.appium.uiautomator2.server.test'
&amp#27;[35m[UiAutomator2]&amp#27;[39m Starting UIAutomator2 server 4.24.0
&amp#27;[35m[UiAutomator2]&amp#27;[39m Using UIAutomator2 server from 'C:\Users\tungh\AppData\Roaming\npm\node_modules\appium\node_modules\appium-uiautomator2-server\apks\appium-uiautomator2-server-v4.24.0.apk' and test from 'C:\Users\tungh\AppData\Roaming\npm\node_modules\appium\node_modules\appium-uiautomator2-server\apks\appium-uiautomator2-server-debug-androidTest.apk'
&amp#27;[35m[UiAutomator2]&amp#27;[39m Waiting up to 30000ms for UiAutomator2 to be online...
[debug] &amp#27;[35m[ADB]&amp#27;[39m Creating ADB subprocess with args: ["-P",5037,"-s","05157df58940201b","shell","am","instrument","-w","-e","disableAnalytics",true,"io.appium.uiautomator2.server.test/androidx.test.runner.AndroidJUnitRunner"]
[debug] &amp#27;[35m[WD Proxy]&amp#27;[39m Matched '/status' to command name 'getStatus'
[debug] &amp#27;[35m[WD Proxy]&amp#27;[39m Proxying [GET /status] to [GET http://127.0.0.1:8205/wd/hub/status] with no body
&amp#27;[35m[WD Proxy]&amp#27;[39m socket hang up
[debug] &amp#27;[35m[WD Proxy]&amp#27;[39m Matched '/status' to command name 'getStatus'
[debug] &amp#27;[35m[WD Proxy]&amp#27;[39m Proxying [GET /status] to [GET http://127.0.0.1:8205/wd/hub/status] with no body
&amp#27;[35m[WD Proxy]&amp#27;[39m socket hang up
[debug] &amp#27;[35m[Instrumentation]&amp#27;[39m io.appium.uiautomator2.server.test.AppiumUiAutomator2Server:
[debug] &amp#27;[35m[WD Proxy]&amp#27;[39m Matched '/status' to command name 'getStatus'
[debug] &amp#27;[35m[WD Proxy]&amp#27;[39m Proxying [GET /status] to [GET http://127.0.0.1:8205/wd/hub/status] with no body
&amp#27;[35m[WD Proxy]&amp#27;[39m socket hang up
[debug] &amp#27;[35m[WD Proxy]&amp#27;[39m Matched '/status' to command name 'getStatus'
[debug] &amp#27;[35m[WD Proxy]&amp#27;[39m Proxying [GET /status] to [GET http://127.0.0.1:8205/wd/hub/status] with no body
[debug] &amp#27;[35m[WD Proxy]&amp#27;[39m Got response with status 200: {"sessionId":"None","value":{"message":"UiAutomator2 Server is ready to accept commands","ready":true}}
[debug] &amp#27;[35m[UiAutomator2]&amp#27;[39m The initialization of the instrumentation process took 3092ms
[debug] &amp#27;[35m[WD Proxy]&amp#27;[39m Matched '/session' to command name 'createSession'
[debug] &amp#27;[35m[WD Proxy]&amp#27;[39m Proxying [POST /session] to [POST http://127.0.0.1:8205/wd/hub/session] with body: {"capabilities":{"firstMatch":[{"platform":"LINUX","webStorageEnabled":false,"takesScreenshot":true,"javascriptEnabled":true,"databaseEnabled":false,"networkConnectionEnabled":true,"locationContextEnabled":false,"warnings":{},"desired":{"platformName":"android","appActivity":"com.wdiodemoapp.MainActivity","appPackage":"com.wdiodemoapp","automationName":"UiAutomator2","avdLaunchTimeout":120000,"deviceName":"S6 Edge","newCommandTimeout":120,"udid":"05157df58940201b"},"platformName":"android","appActivity":"com.wdiodemoapp.MainActivity","appPackage":"com.wdiodemoapp","automationName":"UiAutomator2","avdLaunchTimeout":120000,"deviceName":"05157df58940201b","newCommandTimeout":120,"udid":"05157df58940201b","deviceUDID":"05157df58940201b"}],"alwaysMatch":{}}}
[debug] &amp#27;[35m[WD Proxy]&amp#27;[39m Got response with status 200: {"sessionId":"13aac962-8885-40a8-be47-5799470e7097","value":{"capabilities":{"firstMatch":[{"platform":"LINUX","webStorageEnabled":false,"takesScreenshot":true,"javascriptEnabled":true,"databaseEnabled":false,"networkConnectionEnabled":true,"locationContextEnabled":false,"warnings":{},"desired":{"platformName":"android","appActivity":"com.wdiodemoapp.MainActivity","appPackage":"com.wdiodemoapp","automationName":"UiAutomator2","avdLaunchTimeout":120000,"deviceName":"S6 Edge","newCommandTimeout":120,"udid":"05157df58940201b"},"platformName":"android","appActivity":"com.wdiodemoapp.MainActivity","appPackage":"com.wdiodemoapp","automationName":"UiAutomator2","avdLaunchTimeout":120000,"deviceName":"05157df58940201b","newCommandTimeout":120,"udid":"05157df58940201b","deviceUDID":"05157df58940201b"}],"alwaysMatch":{}},"sessionId":"13aac962-8885-40a8-be47-5799470e7097"}}
&amp#27;[35m[WD Proxy]&amp#27;[39m Determined the downstream protocol as 'W3C'
[debug] &amp#27;[35m[WD Proxy]&amp#27;[39m Proxying [GET /appium/device/info] to [GET http://127.0.0.1:8205/wd/hub/session/13aac962-8885-40a8-be47-5799470e7097/appium/device/info] with no body
[debug] &amp#27;[35m[WD Proxy]&amp#27;[39m Got response with status 200: {"sessionId":"13aac962-8885-40a8-be47-5799470e7097","value":{"androidId":"dea472c4ab2ff71b","apiVersion":"24","bluetooth":{"state":"ON"},"brand":"samsung","carrierName":"","displayDensity":560,"locale":"en_US","manufacturer":"samsung","model":"SM-G925T","networks":[{"capabilities":{"SSID":null,"linkDownBandwidthKbps":1048576,"linkUpstreamBandwidthKbps":1048576,"networkCapabilities":"NET_CAPABILITY_NOT_RESTRICTED,NET_CAPABILITY_NOT_VPN,NET_CAPABILITY_WIFI_P2P,NET_CAPABILITY_TRUSTED","signalStrength":-2147483648,"transportTypes":"TRANSPORT_WIFI"},"detailedState":"IDLE","extraInfo":null,"isAvailable":true,"isConnected":false,"isFailover":false,"isRoaming":false,"state":"UNKNOWN","subtype":0,"subtypeName":"","type":13,"typeName":"WIFI_P2P"}],"platformVersion":"7.0","realDisplaySize":"1440x2560","timeZone":"Asia/Ho_Chi_Minh"}}
[debug] &amp#27;[35m[ADB]&amp#27;[39m Running 'C:\Android\sdk\platform-tools\adb.exe -P 5037 -s 05157df58940201b shell dumpsys window'
&amp#27;[35m[AndroidDriver]&amp#27;[39m Screen already unlocked, doing nothing
&amp#27;[35m[UiAutomator2]&amp#27;[39m Starting 'com.wdiodemoapp/com.wdiodemoapp.MainActivity and waiting for 'com.wdiodemoapp/com.wdiodemoapp.MainActivity'
[debug] &amp#27;[35m[ADB]&amp#27;[39m Running 'C:\Android\sdk\platform-tools\adb.exe -P 5037 -s 05157df58940201b shell am start -W -n com.wdiodemoapp/com.wdiodemoapp.MainActivity -S -a android.intent.action.MAIN -c android.intent.category.LAUNCHER -f 0x10200000'
[debug] &amp#27;[35m[WD Proxy]&amp#27;[39m Proxying [GET /appium/device/pixel_ratio] to [GET http://127.0.0.1:8205/wd/hub/session/13aac962-8885-40a8-be47-5799470e7097/appium/device/pixel_ratio] with no body
[debug] &amp#27;[35m[WD Proxy]&amp#27;[39m Got response with status 200: {"sessionId":"13aac962-8885-40a8-be47-5799470e7097","value":3.5}
[debug] &amp#27;[35m[WD Proxy]&amp#27;[39m Matched '/appium/device/system_bars' to command name 'getSystemBars'
[debug] &amp#27;[35m[WD Proxy]&amp#27;[39m Proxying [GET /appium/device/system_bars] to [GET http://127.0.0.1:8205/wd/hub/session/13aac962-8885-40a8-be47-5799470e7097/appium/device/system_bars] with no body
[debug] &amp#27;[35m[WD Proxy]&amp#27;[39m Got response with status 200: {"sessionId":"13aac962-8885-40a8-be47-5799470e7097","value":{"statusBar":84}}
[debug] &amp#27;[35m[WD Proxy]&amp#27;[39m Matched '/window/current/size' to command name 'getWindowSize'
[debug] &amp#27;[35m[WD Proxy]&amp#27;[39m Proxying [GET /window/current/size] to [GET http://127.0.0.1:8205/wd/hub/session/13aac962-8885-40a8-be47-5799470e7097/window/current/size] with no body
[debug] &amp#27;[35m[WD Proxy]&amp#27;[39m Got response with status 200: {"sessionId":"13aac962-8885-40a8-be47-5799470e7097","value":{"height":2560,"width":1440}}
&amp#27;[35m[Appium]&amp#27;[39m New AndroidUiautomator2Driver session created successfully, session df9f32c4-0030-433a-a6cf-3dfcf61c4575 added to master session list
[debug] &amp#27;[35m[BaseDriver]&amp#27;[39m Event 'newSessionStarted' logged at 1638094202549 (17:10:02 GMT+0700 (Indochina Time))
[debug] &amp#27;[35m[W3C (df9f32c4)]&amp#27;[39m Cached the protocol value 'W3C' for the new session df9f32c4-0030-433a-a6cf-3dfcf61c4575
[debug] &amp#27;[35m[W3C (df9f32c4)]&amp#27;[39m Responding to client with driver.createSession() result: {"capabilities":{"platform":"LINUX","webStorageEnabled":false,"takesScreenshot":true,"javascriptEnabled":true,"databaseEnabled":false,"networkConnectionEnabled":true,"locationContextEnabled":false,"warnings":{},"desired":{"platformName":"android","appActivity":"com.wdiodemoapp.MainActivity","appPackage":"com.wdiodemoapp","automationName":"UiAutomator2","avdLaunchTimeout":120000,"deviceName":"S6 Edge","newCommandTimeout":120,"udid":"05157df58940201b"},"platformName":"android","appActivity":"com.wdiodemoapp.MainActivity","appPackage":"com.wdiodemoapp","automationName":"UiAutomator2","avdLaunchTimeout":120000,"deviceName":"05157df58940201b","newCommandTimeout":120,"udid":"05157df58940201b","deviceUDID":"05157df58940201b","deviceApiLevel":24,"platformVersion":"7.0","deviceScreenSize":"1440x2560","deviceScreenDensity":560,"deviceModel":"SM-G925T","deviceManufacturer":"samsung","pixelRatio":3.5,"statBarHeight":84,"viewportRect":{"left":0,"top":84,"width":1440,"height":2476}}}
&amp#27;[35m[HTTP]&amp#27;[39m &amp#27;[37m<-- POST /wd/hub/session &amp#27;[39m&amp#27;[32m200&amp#27;[39m &amp#27;[90m12546 ms - 1045&amp#27;[39m
&amp#27;[35m[HTTP]&amp#27;[39m &amp#27;[90m&amp#27;[39m
&amp#27;[35m[HTTP]&amp#27;[39m &amp#27;[37m-->&amp#27;[39m &amp#27;[37mPOST&amp#27;[39m &amp#27;[37m/wd/hub/session/df9f32c4-0030-433a-a6cf-3dfcf61c4575/timeouts&amp#27;[39m
&amp#27;[35m[HTTP]&amp#27;[39m &amp#27;[90m{"implicit":30000}&amp#27;[39m
[debug] &amp#27;[35m[W3C (df9f32c4)]&amp#27;[39m Calling AppiumDriver.timeouts() with args: [null,null,null,null,30000,"df9f32c4-0030-433a-a6cf-3dfcf61c4575"]
[debug] &amp#27;[35m[BaseDriver]&amp#27;[39m W3C timeout argument: {"implicit":30000}}
[debug] &amp#27;[35m[BaseDriver]&amp#27;[39m Set implicit wait to 30000ms
[debug] &amp#27;[35m[W3C (df9f32c4)]&amp#27;[39m Responding to client with driver.timeouts() result: null
&amp#27;[35m[HTTP]&amp#27;[39m &amp#27;[37m<-- POST /wd/hub/session/df9f32c4-0030-433a-a6cf-3dfcf61c4575/timeouts &amp#27;[39m&amp#27;[32m200&amp#27;[39m &amp#27;[90m3 ms - 14&amp#27;[39m
Session ID: df9f32c4-0030-433a-a6cf-3dfcf61c4575
&amp#27;[35m[HTTP]&amp#27;[39m &amp#27;[90m&amp#27;[39m
&amp#27;[35m[HTTP]&amp#27;[39m &amp#27;[37m-->&amp#27;[39m &amp#27;[37mGET&amp#27;[39m &amp#27;[37m/wd/hub/session/df9f32c4-0030-433a-a6cf-3dfcf61c4575/context&amp#27;[39m
&amp#27;[35m[HTTP]&amp#27;[39m &amp#27;[90m{}&amp#27;[39m
[debug] &amp#27;[35m[W3C (df9f32c4)]&amp#27;[39m Calling AppiumDriver.getCurrentContext() with args: ["df9f32c4-0030-433a-a6cf-3dfcf61c4575"]
[debug] &amp#27;[35m[W3C (df9f32c4)]&amp#27;[39m Responding to client with driver.getCurrentContext() result: "NATIVE_APP"
&amp#27;[35m[HTTP]&amp#27;[39m &amp#27;[37m<-- GET /wd/hub/session/df9f32c4-0030-433a-a6cf-3dfcf61c4575/context &amp#27;[39m&amp#27;[32m200&amp#27;[39m &amp#27;[90m6 ms - 22&amp#27;[39m
&amp#27;[35m[HTTP]&amp#27;[39m &amp#27;[90m&amp#27;[39m
&amp#27;[35m[HTTP]&amp#27;[39m &amp#27;[37m-->&amp#27;[39m &amp#27;[37mPOST&amp#27;[39m &amp#27;[37m/wd/hub/session/df9f32c4-0030-433a-a6cf-3dfcf61c4575/element&amp#27;[39m
&amp#27;[35m[HTTP]&amp#27;[39m &amp#27;[90m{"using":"accessibility id","value":"Login"}&amp#27;[39m
[debug] &amp#27;[35m[W3C (df9f32c4)]&amp#27;[39m Calling AppiumDriver.findElement() with args: ["accessibility id","Login","df9f32c4-0030-433a-a6cf-3dfcf61c4575"]
[debug] &amp#27;[35m[BaseDriver]&amp#27;[39m Valid locator strategies for this request: xpath, id, class name, accessibility id, css selector, -android uiautomator
[debug] &amp#27;[35m[BaseDriver]&amp#27;[39m Waiting up to 30000 ms for condition
[debug] &amp#27;[35m[WD Proxy]&amp#27;[39m Matched '/element' to command name 'findElement'
[debug] &amp#27;[35m[WD Proxy]&amp#27;[39m Proxying [POST /element] to [POST http://127.0.0.1:8205/wd/hub/session/13aac962-8885-40a8-be47-5799470e7097/element] with body: {"strategy":"accessibility id","selector":"Login","context":"","multiple":false}
[debug] &amp#27;[35m[WD Proxy]&amp#27;[39m Got response with status 200: {"sessionId":"13aac962-8885-40a8-be47-5799470e7097","value":{"ELEMENT":"00000000-0000-0085-7fff-ffff00000011","element-6066-11e4-a52e-4f735466cecf":"00000000-0000-0085-7fff-ffff00000011"}}
[debug] &amp#27;[35m[W3C (df9f32c4)]&amp#27;[39m Responding to client with driver.findElement() result: {"element-6066-11e4-a52e-4f735466cecf":"00000000-0000-0085-7fff-ffff00000011","ELEMENT":"00000000-0000-0085-7fff-ffff00000011"}
&amp#27;[35m[HTTP]&amp#27;[39m &amp#27;[37m<-- POST /wd/hub/session/df9f32c4-0030-433a-a6cf-3dfcf61c4575/element &amp#27;[39m&amp#27;[32m200&amp#27;[39m &amp#27;[90m1153 ms - 137&amp#27;[39m
&amp#27;[35m[HTTP]&amp#27;[39m &amp#27;[90m&amp#27;[39m
&amp#27;[35m[HTTP]&amp#27;[39m &amp#27;[37m-->&amp#27;[39m &amp#27;[37mGET&amp#27;[39m &amp#27;[37m/wd/hub/session/df9f32c4-0030-433a-a6cf-3dfcf61c4575/element/00000000-0000-0085-7fff-ffff00000011/displayed&amp#27;[39m
&amp#27;[35m[HTTP]&amp#27;[39m &amp#27;[90m{}&amp#27;[39m
[debug] &amp#27;[35m[W3C (df9f32c4)]&amp#27;[39m Calling AppiumDriver.elementDisplayed() with args: ["00000000-0000-0085-7fff-ffff00000011","df9f32c4-0030-433a-a6cf-3dfcf61c4575"]
[debug] &amp#27;[35m[WD Proxy]&amp#27;[39m Matched '/element/00000000-0000-0085-7fff-ffff00000011/attribute/displayed' to command name 'getAttribute'
[debug] &amp#27;[35m[WD Proxy]&amp#27;[39m Proxying [GET /element/00000000-0000-0085-7fff-ffff00000011/attribute/displayed] to [GET http://127.0.0.1:8205/wd/hub/session/13aac962-8885-40a8-be47-5799470e7097/element/00000000-0000-0085-7fff-ffff00000011/attribute/displayed] with no body
[debug] &amp#27;[35m[WD Proxy]&amp#27;[39m Got response with status 200: {"sessionId":"13aac962-8885-40a8-be47-5799470e7097","value":"true"}
[debug] &amp#27;[35m[W3C (df9f32c4)]&amp#27;[39m Responding to client with driver.elementDisplayed() result: true
&amp#27;[35m[HTTP]&amp#27;[39m &amp#27;[37m<-- GET /wd/hub/session/df9f32c4-0030-433a-a6cf-3dfcf61c4575/element/00000000-0000-0085-7fff-ffff00000011/displayed &amp#27;[39m&amp#27;[32m200&amp#27;[39m &amp#27;[90m24 ms - 14&amp#27;[39m
&amp#27;[35m[HTTP]&amp#27;[39m &amp#27;[90m&amp#27;[39m
&amp#27;[35m[HTTP]&amp#27;[39m &amp#27;[37m-->&amp#27;[39m &amp#27;[37mGET&amp#27;[39m &amp#27;[37m/wd/hub/session/df9f32c4-0030-433a-a6cf-3dfcf61c4575/context&amp#27;[39m
&amp#27;[35m[HTTP]&amp#27;[39m &amp#27;[90m{}&amp#27;[39m
[debug] &amp#27;[35m[W3C (df9f32c4)]&amp#27;[39m Calling AppiumDriver.getCurrentContext() with args: ["df9f32c4-0030-433a-a6cf-3dfcf61c4575"]
[debug] &amp#27;[35m[W3C (df9f32c4)]&amp#27;[39m Responding to client with driver.getCurrentContext() result: "NATIVE_APP"
&amp#27;[35m[HTTP]&amp#27;[39m &amp#27;[37m<-- GET /wd/hub/session/df9f32c4-0030-433a-a6cf-3dfcf61c4575/context &amp#27;[39m&amp#27;[32m200&amp#27;[39m &amp#27;[90m2 ms - 22&amp#27;[39m
&amp#27;[35m[HTTP]&amp#27;[39m &amp#27;[90m&amp#27;[39m
&amp#27;[35m[HTTP]&amp#27;[39m &amp#27;[37m-->&amp#27;[39m &amp#27;[37mPOST&amp#27;[39m &amp#27;[37m/wd/hub/session/df9f32c4-0030-433a-a6cf-3dfcf61c4575/element&amp#27;[39m
&amp#27;[35m[HTTP]&amp#27;[39m &amp#27;[90m{"using":"accessibility id","value":"Login"}&amp#27;[39m
[debug] &amp#27;[35m[W3C (df9f32c4)]&amp#27;[39m Calling AppiumDriver.findElement() with args: ["accessibility id","Login","df9f32c4-0030-433a-a6cf-3dfcf61c4575"]
[debug] &amp#27;[35m[BaseDriver]&amp#27;[39m Valid locator strategies for this request: xpath, id, class name, accessibility id, css selector, -android uiautomator
[debug] &amp#27;[35m[BaseDriver]&amp#27;[39m Waiting up to 30000 ms for condition
[debug] &amp#27;[35m[WD Proxy]&amp#27;[39m Matched '/element' to command name 'findElement'
[debug] &amp#27;[35m[WD Proxy]&amp#27;[39m Proxying [POST /element] to [POST http://127.0.0.1:8205/wd/hub/session/13aac962-8885-40a8-be47-5799470e7097/element] with body: {"strategy":"accessibility id","selector":"Login","context":"","multiple":false}
[debug] &amp#27;[35m[WD Proxy]&amp#27;[39m Got response with status 200: {"sessionId":"13aac962-8885-40a8-be47-5799470e7097","value":{"ELEMENT":"00000000-0000-0085-7fff-ffff00000011","element-6066-11e4-a52e-4f735466cecf":"00000000-0000-0085-7fff-ffff00000011"}}
[debug] &amp#27;[35m[W3C (df9f32c4)]&amp#27;[39m Responding to client with driver.findElement() result: {"element-6066-11e4-a52e-4f735466cecf":"00000000-0000-0085-7fff-ffff00000011","ELEMENT":"00000000-0000-0085-7fff-ffff00000011"}
&amp#27;[35m[HTTP]&amp#27;[39m &amp#27;[37m<-- POST /wd/hub/session/df9f32c4-0030-433a-a6cf-3dfcf61c4575/element &amp#27;[39m&amp#27;[32m200&amp#27;[39m &amp#27;[90m52 ms - 137&amp#27;[39m
&amp#27;[35m[HTTP]&amp#27;[39m &amp#27;[90m&amp#27;[39m
&amp#27;[35m[HTTP]&amp#27;[39m &amp#27;[37m-->&amp#27;[39m &amp#27;[37mPOST&amp#27;[39m &amp#27;[37m/wd/hub/session/df9f32c4-0030-433a-a6cf-3dfcf61c4575/element/00000000-0000-0085-7fff-ffff00000011/click&amp#27;[39m
&amp#27;[35m[HTTP]&amp#27;[39m &amp#27;[90m{"id":"00000000-0000-0085-7fff-ffff00000011"}&amp#27;[39m
[debug] &amp#27;[35m[W3C (df9f32c4)]&amp#27;[39m Calling AppiumDriver.click() with args: ["00000000-0000-0085-7fff-ffff00000011","df9f32c4-0030-433a-a6cf-3dfcf61c4575"]
[debug] &amp#27;[35m[WD Proxy]&amp#27;[39m Matched '/element/00000000-0000-0085-7fff-ffff00000011/click' to command name 'click'
[debug] &amp#27;[35m[WD Proxy]&amp#27;[39m Proxying [POST /element/00000000-0000-0085-7fff-ffff00000011/click] to [POST http://127.0.0.1:8205/wd/hub/session/13aac962-8885-40a8-be47-5799470e7097/element/00000000-0000-0085-7fff-ffff00000011/click] with body: {"element":"00000000-0000-0085-7fff-ffff00000011"}
[debug] &amp#27;[35m[WD Proxy]&amp#27;[39m Got response with status 200: {"sessionId":"13aac962-8885-40a8-be47-5799470e7097","value":null}
[debug] &amp#27;[35m[W3C (df9f32c4)]&amp#27;[39m Responding to client with driver.click() result: null
&amp#27;[35m[HTTP]&amp#27;[39m &amp#27;[37m<-- POST /wd/hub/session/df9f32c4-0030-433a-a6cf-3dfcf61c4575/element/00000000-0000-0085-7fff-ffff00000011/click &amp#27;[39m&amp#27;[32m200&amp#27;[39m &amp#27;[90m61 ms - 14&amp#27;[39m
&amp#27;[35m[HTTP]&amp#27;[39m &amp#27;[90m&amp#27;[39m
&amp#27;[35m[HTTP]&amp#27;[39m &amp#27;[37m-->&amp#27;[39m &amp#27;[37mGET&amp#27;[39m &amp#27;[37m/wd/hub/session/df9f32c4-0030-433a-a6cf-3dfcf61c4575/context&amp#27;[39m
&amp#27;[35m[HTTP]&amp#27;[39m &amp#27;[90m{}&amp#27;[39m
[debug] &amp#27;[35m[W3C (df9f32c4)]&amp#27;[39m Calling AppiumDriver.getCurrentContext() with args: ["df9f32c4-0030-433a-a6cf-3dfcf61c4575"]
[debug] &amp#27;[35m[W3C (df9f32c4)]&amp#27;[39m Responding to client with driver.getCurrentContext() result: "NATIVE_APP"
&amp#27;[35m[HTTP]&amp#27;[39m &amp#27;[37m<-- GET /wd/hub/session/df9f32c4-0030-433a-a6cf-3dfcf61c4575/context &amp#27;[39m&amp#27;[32m200&amp#27;[39m &amp#27;[90m1 ms - 22&amp#27;[39m
&amp#27;[35m[HTTP]&amp#27;[39m &amp#27;[90m&amp#27;[39m
&amp#27;[35m[HTTP]&amp#27;[39m &amp#27;[37m-->&amp#27;[39m &amp#27;[37mPOST&amp#27;[39m &amp#27;[37m/wd/hub/session/df9f32c4-0030-433a-a6cf-3dfcf61c4575/element&amp#27;[39m
&amp#27;[35m[HTTP]&amp#27;[39m &amp#27;[90m{"using":"accessibility id","value":"button-sign-up-container"}&amp#27;[39m
[debug] &amp#27;[35m[W3C (df9f32c4)]&amp#27;[39m Calling AppiumDriver.findElement() with args: ["accessibility id","button-sign-up-container","df9f32c4-0030-433a-a6cf-3dfcf61c4575"]
[debug] &amp#27;[35m[BaseDriver]&amp#27;[39m Valid locator strategies for this request: xpath, id, class name, accessibility id, css selector, -android uiautomator
[debug] &amp#27;[35m[BaseDriver]&amp#27;[39m Waiting up to 30000 ms for condition
[debug] &amp#27;[35m[WD Proxy]&amp#27;[39m Matched '/element' to command name 'findElement'
[debug] &amp#27;[35m[WD Proxy]&amp#27;[39m Proxying [POST /element] to [POST http://127.0.0.1:8205/wd/hub/session/13aac962-8885-40a8-be47-5799470e7097/element] with body: {"strategy":"accessibility id","selector":"button-sign-up-container","context":"","multiple":false}
&amp#27;[35m[WD Proxy]&amp#27;[39m Got response with status 404: {"sessionId":"13aac962-8885-40a8-be47-5799470e7097","value":{"error":"no such element","message":"An element could not be located on the page using the given search parameters","stacktrace":"io.appium.uiautomator2.common.exceptions.ElementNotFoundException: An element could not be located on the page using the given search parameters\n\tat io.appium.uiautomator2.handler.FindElement.safeHandle(FindElement.java:70)\n\tat io.appium.uiautomator2.handler.request.SafeRequestHandler.handle(SafeRequestHandler.java:59)\n\tat io.appium.uiautomator2.server.AppiumServlet.handleRequest(AppiumServlet.java:264)\n\tat io.appium.uiautomator2.server.AppiumServlet.handleHttpRequest(AppiumServlet.java:258)\n\tat io.appium.uiautomator2.http.ServerHandler.channelRead(ServerHandler.java:68)\n\tat io.netty.channel.AbstractChannelHandlerContext.invokeChannelRead(AbstractChannelHandlerContext.java:366)\n\tat io.netty.channel.AbstractChannelHandlerContext.invokeChannelRead(AbstractChannelHandlerContext.java:352)\n\tat io.netty.chann...
[debug] &amp#27;[35m[W3C]&amp#27;[39m Matched W3C error code 'no such element' to NoSuchElementError
[debug] &amp#27;[35m[BaseDriver]&amp#27;[39m Waited for 58 ms so far
[debug] &amp#27;[35m[WD Proxy]&amp#27;[39m Matched '/element' to command name 'findElement'
[debug] &amp#27;[35m[WD Proxy]&amp#27;[39m Proxying [POST /element] to [POST http://127.0.0.1:8205/wd/hub/session/13aac962-8885-40a8-be47-5799470e7097/element] with body: {"strategy":"accessibility id","selector":"button-sign-up-container","context":"","multiple":false}
[debug] &amp#27;[35m[WD Proxy]&amp#27;[39m Got response with status 200: {"sessionId":"13aac962-8885-40a8-be47-5799470e7097","value":{"ELEMENT":"00000000-0000-0085-7fff-ffff00000047","element-6066-11e4-a52e-4f735466cecf":"00000000-0000-0085-7fff-ffff00000047"}}
[debug] &amp#27;[35m[W3C (df9f32c4)]&amp#27;[39m Responding to client with driver.findElement() result: {"element-6066-11e4-a52e-4f735466cecf":"00000000-0000-0085-7fff-ffff00000047","ELEMENT":"00000000-0000-0085-7fff-ffff00000047"}
&amp#27;[35m[HTTP]&amp#27;[39m &amp#27;[37m<-- POST /wd/hub/session/df9f32c4-0030-433a-a6cf-3dfcf61c4575/element &amp#27;[39m&amp#27;[32m200&amp#27;[39m &amp#27;[90m961 ms - 137&amp#27;[39m
&amp#27;[35m[HTTP]&amp#27;[39m &amp#27;[90m&amp#27;[39m
&amp#27;[35m[HTTP]&amp#27;[39m &amp#27;[37m-->&amp#27;[39m &amp#27;[37mPOST&amp#27;[39m &amp#27;[37m/wd/hub/session/df9f32c4-0030-433a-a6cf-3dfcf61c4575/element/00000000-0000-0085-7fff-ffff00000047/click&amp#27;[39m
&amp#27;[35m[HTTP]&amp#27;[39m &amp#27;[90m{"id":"00000000-0000-0085-7fff-ffff00000047"}&amp#27;[39m
[debug] &amp#27;[35m[W3C (df9f32c4)]&amp#27;[39m Calling AppiumDriver.click() with args: ["00000000-0000-0085-7fff-ffff00000047","df9f32c4-0030-433a-a6cf-3dfcf61c4575"]
[debug] &amp#27;[35m[WD Proxy]&amp#27;[39m Matched '/element/00000000-0000-0085-7fff-ffff00000047/click' to command name 'click'
[debug] &amp#27;[35m[WD Proxy]&amp#27;[39m Proxying [POST /element/00000000-0000-0085-7fff-ffff00000047/click] to [POST http://127.0.0.1:8205/wd/hub/session/13aac962-8885-40a8-be47-5799470e7097/element/00000000-0000-0085-7fff-ffff00000047/click] with body: {"element":"00000000-0000-0085-7fff-ffff00000047"}
[debug] &amp#27;[35m[WD Proxy]&amp#27;[39m Got response with status 200: {"sessionId":"13aac962-8885-40a8-be47-5799470e7097","value":null}
[debug] &amp#27;[35m[W3C (df9f32c4)]&amp#27;[39m Responding to client with driver.click() result: null
&amp#27;[35m[HTTP]&amp#27;[39m &amp#27;[37m<-- POST /wd/hub/session/df9f32c4-0030-433a-a6cf-3dfcf61c4575/element/00000000-0000-0085-7fff-ffff00000047/click &amp#27;[39m&amp#27;[32m200&amp#27;[39m &amp#27;[90m46 ms - 14&amp#27;[39m
&amp#27;[35m[HTTP]&amp#27;[39m &amp#27;[90m&amp#27;[39m
&amp#27;[35m[HTTP]&amp#27;[39m &amp#27;[37m-->&amp#27;[39m &amp#27;[37mGET&amp#27;[39m &amp#27;[37m/wd/hub/session/df9f32c4-0030-433a-a6cf-3dfcf61c4575/context&amp#27;[39m
&amp#27;[35m[HTTP]&amp#27;[39m &amp#27;[90m{}&amp#27;[39m
[debug] &amp#27;[35m[W3C (df9f32c4)]&amp#27;[39m Calling AppiumDriver.getCurrentContext() with args: ["df9f32c4-0030-433a-a6cf-3dfcf61c4575"]
[debug] &amp#27;[35m[W3C (df9f32c4)]&amp#27;[39m Responding to client with driver.getCurrentContext() result: "NATIVE_APP"
&amp#27;[35m[HTTP]&amp#27;[39m &amp#27;[37m<-- GET /wd/hub/session/df9f32c4-0030-433a-a6cf-3dfcf61c4575/context &amp#27;[39m&amp#27;[32m200&amp#27;[39m &amp#27;[90m1 ms - 22&amp#27;[39m
&amp#27;[35m[HTTP]&amp#27;[39m &amp#27;[90m&amp#27;[39m
&amp#27;[35m[HTTP]&amp#27;[39m &amp#27;[37m-->&amp#27;[39m &amp#27;[37mPOST&amp#27;[39m &amp#27;[37m/wd/hub/session/df9f32c4-0030-433a-a6cf-3dfcf61c4575/element&amp#27;[39m
&amp#27;[35m[HTTP]&amp#27;[39m &amp#27;[90m{"using":"accessibility id","value":"button-SIGN UP"}&amp#27;[39m
[debug] &amp#27;[35m[W3C (df9f32c4)]&amp#27;[39m Calling AppiumDriver.findElement() with args: ["accessibility id","button-SIGN UP","df9f32c4-0030-433a-a6cf-3dfcf61c4575"]
[debug] &amp#27;[35m[BaseDriver]&amp#27;[39m Valid locator strategies for this request: xpath, id, class name, accessibility id, css selector, -android uiautomator
[debug] &amp#27;[35m[BaseDriver]&amp#27;[39m Waiting up to 30000 ms for condition
[debug] &amp#27;[35m[WD Proxy]&amp#27;[39m Matched '/element' to command name 'findElement'
[debug] &amp#27;[35m[WD Proxy]&amp#27;[39m Proxying [POST /element] to [POST http://127.0.0.1:8205/wd/hub/session/13aac962-8885-40a8-be47-5799470e7097/element] with body: {"strategy":"accessibility id","selector":"button-SIGN UP","context":"","multiple":false}
[debug] &amp#27;[35m[WD Proxy]&amp#27;[39m Got response with status 200: {"sessionId":"13aac962-8885-40a8-be47-5799470e7097","value":{"ELEMENT":"00000000-0000-0085-7fff-ffff00000053","element-6066-11e4-a52e-4f735466cecf":"00000000-0000-0085-7fff-ffff00000053"}}
[debug] &amp#27;[35m[W3C (df9f32c4)]&amp#27;[39m Responding to client with driver.findElement() result: {"element-6066-11e4-a52e-4f735466cecf":"00000000-0000-0085-7fff-ffff00000053","ELEMENT":"00000000-0000-0085-7fff-ffff00000053"}
&amp#27;[35m[HTTP]&amp#27;[39m &amp#27;[37m<-- POST /wd/hub/session/df9f32c4-0030-433a-a6cf-3dfcf61c4575/element &amp#27;[39m&amp#27;[32m200&amp#27;[39m &amp#27;[90m474 ms - 137&amp#27;[39m
&amp#27;[35m[HTTP]&amp#27;[39m &amp#27;[90m&amp#27;[39m
&amp#27;[35m[HTTP]&amp#27;[39m &amp#27;[37m-->&amp#27;[39m &amp#27;[37mGET&amp#27;[39m &amp#27;[37m/wd/hub/session/df9f32c4-0030-433a-a6cf-3dfcf61c4575/element/00000000-0000-0085-7fff-ffff00000053/displayed&amp#27;[39m
&amp#27;[35m[HTTP]&amp#27;[39m &amp#27;[90m{}&amp#27;[39m
[debug] &amp#27;[35m[W3C (df9f32c4)]&amp#27;[39m Calling AppiumDriver.elementDisplayed() with args: ["00000000-0000-0085-7fff-ffff00000053","df9f32c4-0030-433a-a6cf-3dfcf61c4575"]
[debug] &amp#27;[35m[WD Proxy]&amp#27;[39m Matched '/element/00000000-0000-0085-7fff-ffff00000053/attribute/displayed' to command name 'getAttribute'
[debug] &amp#27;[35m[WD Proxy]&amp#27;[39m Proxying [GET /element/00000000-0000-0085-7fff-ffff00000053/attribute/displayed] to [GET http://127.0.0.1:8205/wd/hub/session/13aac962-8885-40a8-be47-5799470e7097/element/00000000-0000-0085-7fff-ffff00000053/attribute/displayed] with no body
[debug] &amp#27;[35m[WD Proxy]&amp#27;[39m Got response with status 200: {"sessionId":"13aac962-8885-40a8-be47-5799470e7097","value":"true"}
[debug] &amp#27;[35m[W3C (df9f32c4)]&amp#27;[39m Responding to client with driver.elementDisplayed() result: true
&amp#27;[35m[HTTP]&amp#27;[39m &amp#27;[37m<-- GET /wd/hub/session/df9f32c4-0030-433a-a6cf-3dfcf61c4575/element/00000000-0000-0085-7fff-ffff00000053/displayed &amp#27;[39m&amp#27;[32m200&amp#27;[39m &amp#27;[90m570 ms - 14&amp#27;[39m
&amp#27;[35m[HTTP]&amp#27;[39m &amp#27;[90m&amp#27;[39m
&amp#27;[35m[HTTP]&amp#27;[39m &amp#27;[37m-->&amp#27;[39m &amp#27;[37mGET&amp#27;[39m &amp#27;[37m/wd/hub/session/df9f32c4-0030-433a-a6cf-3dfcf61c4575/context&amp#27;[39m
&amp#27;[35m[HTTP]&amp#27;[39m &amp#27;[90m{}&amp#27;[39m
[debug] &amp#27;[35m[W3C (df9f32c4)]&amp#27;[39m Calling AppiumDriver.getCurrentContext() with args: ["df9f32c4-0030-433a-a6cf-3dfcf61c4575"]
[debug] &amp#27;[35m[W3C (df9f32c4)]&amp#27;[39m Responding to client with driver.getCurrentContext() result: "NATIVE_APP"
&amp#27;[35m[HTTP]&amp#27;[39m &amp#27;[37m<-- GET /wd/hub/session/df9f32c4-0030-433a-a6cf-3dfcf61c4575/context &amp#27;[39m&amp#27;[32m200&amp#27;[39m &amp#27;[90m1 ms - 22&amp#27;[39m
&amp#27;[35m[HTTP]&amp#27;[39m &amp#27;[90m&amp#27;[39m
&amp#27;[35m[HTTP]&amp#27;[39m &amp#27;[37m-->&amp#27;[39m &amp#27;[37mPOST&amp#27;[39m &amp#27;[37m/wd/hub/session/df9f32c4-0030-433a-a6cf-3dfcf61c4575/element&amp#27;[39m
&amp#27;[35m[HTTP]&amp#27;[39m &amp#27;[90m{"using":"accessibility id","value":"button-SIGN UP"}&amp#27;[39m
[debug] &amp#27;[35m[W3C (df9f32c4)]&amp#27;[39m Calling AppiumDriver.findElement() with args: ["accessibility id","button-SIGN UP","df9f32c4-0030-433a-a6cf-3dfcf61c4575"]
[debug] &amp#27;[35m[BaseDriver]&amp#27;[39m Valid locator strategies for this request: xpath, id, class name, accessibility id, css selector, -android uiautomator
[debug] &amp#27;[35m[BaseDriver]&amp#27;[39m Waiting up to 30000 ms for condition
[debug] &amp#27;[35m[WD Proxy]&amp#27;[39m Matched '/element' to command name 'findElement'
[debug] &amp#27;[35m[WD Proxy]&amp#27;[39m Proxying [POST /element] to [POST http://127.0.0.1:8205/wd/hub/session/13aac962-8885-40a8-be47-5799470e7097/element] with body: {"strategy":"accessibility id","selector":"button-SIGN UP","context":"","multiple":false}
[debug] &amp#27;[35m[WD Proxy]&amp#27;[39m Got response with status 200: {"sessionId":"13aac962-8885-40a8-be47-5799470e7097","value":{"ELEMENT":"00000000-0000-0085-7fff-ffff00000053","element-6066-11e4-a52e-4f735466cecf":"00000000-0000-0085-7fff-ffff00000053"}}
[debug] &amp#27;[35m[W3C (df9f32c4)]&amp#27;[39m Responding to client with driver.findElement() result: {"element-6066-11e4-a52e-4f735466cecf":"00000000-0000-0085-7fff-ffff00000053","ELEMENT":"00000000-0000-0085-7fff-ffff00000053"}
&amp#27;[35m[HTTP]&amp#27;[39m &amp#27;[37m<-- POST /wd/hub/session/df9f32c4-0030-433a-a6cf-3dfcf61c4575/element &amp#27;[39m&amp#27;[32m200&amp#27;[39m &amp#27;[90m552 ms - 137&amp#27;[39m
&amp#27;[35m[HTTP]&amp#27;[39m &amp#27;[90m&amp#27;[39m
&amp#27;[35m[HTTP]&amp#27;[39m &amp#27;[37m-->&amp#27;[39m &amp#27;[37mGET&amp#27;[39m &amp#27;[37m/wd/hub/session/df9f32c4-0030-433a-a6cf-3dfcf61c4575/element/00000000-0000-0085-7fff-ffff00000053/displayed&amp#27;[39m
&amp#27;[35m[HTTP]&amp#27;[39m &amp#27;[90m{}&amp#27;[39m
[debug] &amp#27;[35m[W3C (df9f32c4)]&amp#27;[39m Calling AppiumDriver.elementDisplayed() with args: ["00000000-0000-0085-7fff-ffff00000053","df9f32c4-0030-433a-a6cf-3dfcf61c4575"]
[debug] &amp#27;[35m[WD Proxy]&amp#27;[39m Matched '/element/00000000-0000-0085-7fff-ffff00000053/attribute/displayed' to command name 'getAttribute'
[debug] &amp#27;[35m[WD Proxy]&amp#27;[39m Proxying [GET /element/00000000-0000-0085-7fff-ffff00000053/attribute/displayed] to [GET http://127.0.0.1:8205/wd/hub/session/13aac962-8885-40a8-be47-5799470e7097/element/00000000-0000-0085-7fff-ffff00000053/attribute/displayed] with no body
[debug] &amp#27;[35m[WD Proxy]&amp#27;[39m Got response with status 200: {"sessionId":"13aac962-8885-40a8-be47-5799470e7097","value":"true"}
[debug] &amp#27;[35m[W3C (df9f32c4)]&amp#27;[39m Responding to client with driver.elementDisplayed() result: true
&amp#27;[35m[HTTP]&amp#27;[39m &amp#27;[37m<-- GET /wd/hub/session/df9f32c4-0030-433a-a6cf-3dfcf61c4575/element/00000000-0000-0085-7fff-ffff00000053/displayed &amp#27;[39m&amp#27;[32m200&amp#27;[39m &amp#27;[90m22 ms - 14&amp#27;[39m
&amp#27;[35m[HTTP]&amp#27;[39m &amp#27;[90m&amp#27;[39m
&amp#27;[35m[HTTP]&amp#27;[39m &amp#27;[37m-->&amp#27;[39m &amp#27;[37mGET&amp#27;[39m &amp#27;[37m/wd/hub/session/df9f32c4-0030-433a-a6cf-3dfcf61c4575/context&amp#27;[39m
&amp#27;[35m[HTTP]&amp#27;[39m &amp#27;[90m{}&amp#27;[39m
[debug] &amp#27;[35m[W3C (df9f32c4)]&amp#27;[39m Calling AppiumDriver.getCurrentContext() with args: ["df9f32c4-0030-433a-a6cf-3dfcf61c4575"]
[debug] &amp#27;[35m[W3C (df9f32c4)]&amp#27;[39m Responding to client with driver.getCurrentContext() result: "NATIVE_APP"
&amp#27;[35m[HTTP]&amp#27;[39m &amp#27;[37m<-- GET /wd/hub/session/df9f32c4-0030-433a-a6cf-3dfcf61c4575/context &amp#27;[39m&amp#27;[32m200&amp#27;[39m &amp#27;[90m1 ms - 22&amp#27;[39m
&amp#27;[35m[HTTP]&amp#27;[39m &amp#27;[90m&amp#27;[39m
&amp#27;[35m[HTTP]&amp#27;[39m &amp#27;[37m-->&amp#27;[39m &amp#27;[37mPOST&amp#27;[39m &amp#27;[37m/wd/hub/session/df9f32c4-0030-433a-a6cf-3dfcf61c4575/element&amp#27;[39m
&amp#27;[35m[HTTP]&amp#27;[39m &amp#27;[90m{"using":"accessibility id","value":"input-email"}&amp#27;[39m
[debug] &amp#27;[35m[W3C (df9f32c4)]&amp#27;[39m Calling AppiumDriver.findElement() with args: ["accessibility id","input-email","df9f32c4-0030-433a-a6cf-3dfcf61c4575"]
[debug] &amp#27;[35m[BaseDriver]&amp#27;[39m Valid locator strategies for this request: xpath, id, class name, accessibility id, css selector, -android uiautomator
[debug] &amp#27;[35m[BaseDriver]&amp#27;[39m Waiting up to 30000 ms for condition
[debug] &amp#27;[35m[WD Proxy]&amp#27;[39m Matched '/element' to command name 'findElement'
[debug] &amp#27;[35m[WD Proxy]&amp#27;[39m Proxying [POST /element] to [POST http://127.0.0.1:8205/wd/hub/session/13aac962-8885-40a8-be47-5799470e7097/element] with body: {"strategy":"accessibility id","selector":"input-email","context":"","multiple":false}
[debug] &amp#27;[35m[WD Proxy]&amp#27;[39m Got response with status 200: {"sessionId":"13aac962-8885-40a8-be47-5799470e7097","value":{"ELEMENT":"00000000-0000-0085-7fff-ffff0000003a","element-6066-11e4-a52e-4f735466cecf":"00000000-0000-0085-7fff-ffff0000003a"}}
[debug] &amp#27;[35m[W3C (df9f32c4)]&amp#27;[39m Responding to client with driver.findElement() result: {"element-6066-11e4-a52e-4f735466cecf":"00000000-0000-0085-7fff-ffff0000003a","ELEMENT":"00000000-0000-0085-7fff-ffff0000003a"}
&amp#27;[35m[HTTP]&amp#27;[39m &amp#27;[37m<-- POST /wd/hub/session/df9f32c4-0030-433a-a6cf-3dfcf61c4575/element &amp#27;[39m&amp#27;[32m200&amp#27;[39m &amp#27;[90m56 ms - 137&amp#27;[39m
&amp#27;[35m[HTTP]&amp#27;[39m &amp#27;[90m&amp#27;[39m
&amp#27;[35m[HTTP]&amp#27;[39m &amp#27;[37m-->&amp#27;[39m &amp#27;[37mGET&amp#27;[39m &amp#27;[37m/wd/hub/session/df9f32c4-0030-433a-a6cf-3dfcf61c4575/element/00000000-0000-0085-7fff-ffff0000003a/displayed&amp#27;[39m
&amp#27;[35m[HTTP]&amp#27;[39m &amp#27;[90m{}&amp#27;[39m
[debug] &amp#27;[35m[W3C (df9f32c4)]&amp#27;[39m Calling AppiumDriver.elementDisplayed() with args: ["00000000-0000-0085-7fff-ffff0000003a","df9f32c4-0030-433a-a6cf-3dfcf61c4575"]
[debug] &amp#27;[35m[WD Proxy]&amp#27;[39m Matched '/element/00000000-0000-0085-7fff-ffff0000003a/attribute/displayed' to command name 'getAttribute'
[debug] &amp#27;[35m[WD Proxy]&amp#27;[39m Proxying [GET /element/00000000-0000-0085-7fff-ffff0000003a/attribute/displayed] to [GET http://127.0.0.1:8205/wd/hub/session/13aac962-8885-40a8-be47-5799470e7097/element/00000000-0000-0085-7fff-ffff0000003a/attribute/displayed] with no body
[debug] &amp#27;[35m[WD Proxy]&amp#27;[39m Got response with status 200: {"sessionId":"13aac962-8885-40a8-be47-5799470e7097","value":"true"}
[debug] &amp#27;[35m[W3C (df9f32c4)]&amp#27;[39m Responding to client with driver.elementDisplayed() result: true
&amp#27;[35m[HTTP]&amp#27;[39m &amp#27;[37m<-- GET /wd/hub/session/df9f32c4-0030-433a-a6cf-3dfcf61c4575/element/00000000-0000-0085-7fff-ffff0000003a/displayed &amp#27;[39m&amp#27;[32m200&amp#27;[39m &amp#27;[90m21 ms - 14&amp#27;[39m
&amp#27;[35m[HTTP]&amp#27;[39m &amp#27;[90m&amp#27;[39m
&amp#27;[35m[HTTP]&amp#27;[39m &amp#27;[37m-->&amp#27;[39m &amp#27;[37mGET&amp#27;[39m &amp#27;[37m/wd/hub/session/df9f32c4-0030-433a-a6cf-3dfcf61c4575/context&amp#27;[39m
&amp#27;[35m[HTTP]&amp#27;[39m &amp#27;[90m{}&amp#27;[39m
[debug] &amp#27;[35m[W3C (df9f32c4)]&amp#27;[39m Calling AppiumDriver.getCurrentContext() with args: ["df9f32c4-0030-433a-a6cf-3dfcf61c4575"]
[debug] &amp#27;[35m[W3C (df9f32c4)]&amp#27;[39m Responding to client with driver.getCurrentContext() result: "NATIVE_APP"
&amp#27;[35m[HTTP]&amp#27;[39m &amp#27;[37m<-- GET /wd/hub/session/df9f32c4-0030-433a-a6cf-3dfcf61c4575/context &amp#27;[39m&amp#27;[32m200&amp#27;[39m &amp#27;[90m1 ms - 22&amp#27;[39m
&amp#27;[35m[HTTP]&amp#27;[39m &amp#27;[90m&amp#27;[39m
&amp#27;[35m[HTTP]&amp#27;[39m &amp#27;[37m-->&amp#27;[39m &amp#27;[37mPOST&amp#27;[39m &amp#27;[37m/wd/hub/session/df9f32c4-0030-433a-a6cf-3dfcf61c4575/element&amp#27;[39m
&amp#27;[35m[HTTP]&amp#27;[39m &amp#27;[90m{"using":"accessibility id","value":"input-email"}&amp#27;[39m
[debug] &amp#27;[35m[W3C (df9f32c4)]&amp#27;[39m Calling AppiumDriver.findElement() with args: ["accessibility id","input-email","df9f32c4-0030-433a-a6cf-3dfcf61c4575"]
[debug] &amp#27;[35m[BaseDriver]&amp#27;[39m Valid locator strategies for this request: xpath, id, class name, accessibility id, css selector, -android uiautomator
[debug] &amp#27;[35m[BaseDriver]&amp#27;[39m Waiting up to 30000 ms for condition
[debug] &amp#27;[35m[WD Proxy]&amp#27;[39m Matched '/element' to command name 'findElement'
[debug] &amp#27;[35m[WD Proxy]&amp#27;[39m Proxying [POST /element] to [POST http://127.0.0.1:8205/wd/hub/session/13aac962-8885-40a8-be47-5799470e7097/element] with body: {"strategy":"accessibility id","selector":"input-email","context":"","multiple":false}
[debug] &amp#27;[35m[WD Proxy]&amp#27;[39m Got response with status 200: {"sessionId":"13aac962-8885-40a8-be47-5799470e7097","value":{"ELEMENT":"00000000-0000-0085-7fff-ffff0000003a","element-6066-11e4-a52e-4f735466cecf":"00000000-0000-0085-7fff-ffff0000003a"}}
[debug] &amp#27;[35m[W3C (df9f32c4)]&amp#27;[39m Responding to client with driver.findElement() result: {"element-6066-11e4-a52e-4f735466cecf":"00000000-0000-0085-7fff-ffff0000003a","ELEMENT":"00000000-0000-0085-7fff-ffff0000003a"}
&amp#27;[35m[HTTP]&amp#27;[39m &amp#27;[37m<-- POST /wd/hub/session/df9f32c4-0030-433a-a6cf-3dfcf61c4575/element &amp#27;[39m&amp#27;[32m200&amp#27;[39m &amp#27;[90m57 ms - 137&amp#27;[39m
&amp#27;[35m[HTTP]&amp#27;[39m &amp#27;[90m&amp#27;[39m
&amp#27;[35m[HTTP]&amp#27;[39m &amp#27;[37m-->&amp#27;[39m &amp#27;[37mPOST&amp#27;[39m &amp#27;[37m/wd/hub/session/df9f32c4-0030-433a-a6cf-3dfcf61c4575/element/00000000-0000-0085-7fff-ffff0000003a/clear&amp#27;[39m
&amp#27;[35m[HTTP]&amp#27;[39m &amp#27;[90m{"id":"00000000-0000-0085-7fff-ffff0000003a"}&amp#27;[39m
[debug] &amp#27;[35m[W3C (df9f32c4)]&amp#27;[39m Calling AppiumDriver.clear() with args: ["00000000-0000-0085-7fff-ffff0000003a","df9f32c4-0030-433a-a6cf-3dfcf61c4575"]
[debug] &amp#27;[35m[WD Proxy]&amp#27;[39m Matched '/element/00000000-0000-0085-7fff-ffff0000003a/clear' to command name 'clear'
[debug] &amp#27;[35m[WD Proxy]&amp#27;[39m Proxying [POST /element/00000000-0000-0085-7fff-ffff0000003a/clear] to [POST http://127.0.0.1:8205/wd/hub/session/13aac962-8885-40a8-be47-5799470e7097/element/00000000-0000-0085-7fff-ffff0000003a/clear] with body: {"elementId":"00000000-0000-0085-7fff-ffff0000003a"}
[debug] &amp#27;[35m[WD Proxy]&amp#27;[39m Got response with status 200: {"sessionId":"13aac962-8885-40a8-be47-5799470e7097","value":null}
[debug] &amp#27;[35m[W3C (df9f32c4)]&amp#27;[39m Responding to client with driver.clear() result: null
&amp#27;[35m[HTTP]&amp#27;[39m &amp#27;[37m<-- POST /wd/hub/session/df9f32c4-0030-433a-a6cf-3dfcf61c4575/element/00000000-0000-0085-7fff-ffff0000003a/clear &amp#27;[39m&amp#27;[32m200&amp#27;[39m &amp#27;[90m34 ms - 14&amp#27;[39m
&amp#27;[35m[HTTP]&amp#27;[39m &amp#27;[90m&amp#27;[39m
&amp#27;[35m[HTTP]&amp#27;[39m &amp#27;[37m-->&amp#27;[39m &amp#27;[37mGET&amp#27;[39m &amp#27;[37m/wd/hub/session/df9f32c4-0030-433a-a6cf-3dfcf61c4575/context&amp#27;[39m
&amp#27;[35m[HTTP]&amp#27;[39m &amp#27;[90m{}&amp#27;[39m
[debug] &amp#27;[35m[W3C (df9f32c4)]&amp#27;[39m Calling AppiumDriver.getCurrentContext() with args: ["df9f32c4-0030-433a-a6cf-3dfcf61c4575"]
[debug] &amp#27;[35m[W3C (df9f32c4)]&amp#27;[39m Responding to client with driver.getCurrentContext() result: "NATIVE_APP"
&amp#27;[35m[HTTP]&amp#27;[39m &amp#27;[37m<-- GET /wd/hub/session/df9f32c4-0030-433a-a6cf-3dfcf61c4575/context &amp#27;[39m&amp#27;[32m200&amp#27;[39m &amp#27;[90m1 ms - 22&amp#27;[39m
&amp#27;[35m[HTTP]&amp#27;[39m &amp#27;[90m&amp#27;[39m
&amp#27;[35m[HTTP]&amp#27;[39m &amp#27;[37m-->&amp#27;[39m &amp#27;[37mPOST&amp#27;[39m &amp#27;[37m/wd/hub/session/df9f32c4-0030-433a-a6cf-3dfcf61c4575/element&amp#27;[39m
&amp#27;[35m[HTTP]&amp#27;[39m &amp#27;[90m{"using":"accessibility id","value":"input-email"}&amp#27;[39m
[debug] &amp#27;[35m[W3C (df9f32c4)]&amp#27;[39m Calling AppiumDriver.findElement() with args: ["accessibility id","input-email","df9f32c4-0030-433a-a6cf-3dfcf61c4575"]
[debug] &amp#27;[35m[BaseDriver]&amp#27;[39m Valid locator strategies for this request: xpath, id, class name, accessibility id, css selector, -android uiautomator
[debug] &amp#27;[35m[BaseDriver]&amp#27;[39m Waiting up to 30000 ms for condition
[debug] &amp#27;[35m[WD Proxy]&amp#27;[39m Matched '/element' to command name 'findElement'
[debug] &amp#27;[35m[WD Proxy]&amp#27;[39m Proxying [POST /element] to [POST http://127.0.0.1:8205/wd/hub/session/13aac962-8885-40a8-be47-5799470e7097/element] with body: {"strategy":"accessibility id","selector":"input-email","context":"","multiple":false}
[debug] &amp#27;[35m[WD Proxy]&amp#27;[39m Got response with status 200: {"sessionId":"13aac962-8885-40a8-be47-5799470e7097","value":{"ELEMENT":"00000000-0000-0085-7fff-ffff0000003a","element-6066-11e4-a52e-4f735466cecf":"00000000-0000-0085-7fff-ffff0000003a"}}
[debug] &amp#27;[35m[W3C (df9f32c4)]&amp#27;[39m Responding to client with driver.findElement() result: {"element-6066-11e4-a52e-4f735466cecf":"00000000-0000-0085-7fff-ffff0000003a","ELEMENT":"00000000-0000-0085-7fff-ffff0000003a"}
&amp#27;[35m[HTTP]&amp#27;[39m &amp#27;[37m<-- POST /wd/hub/session/df9f32c4-0030-433a-a6cf-3dfcf61c4575/element &amp#27;[39m&amp#27;[32m200&amp#27;[39m &amp#27;[90m547 ms - 137&amp#27;[39m
&amp#27;[35m[HTTP]&amp#27;[39m &amp#27;[90m&amp#27;[39m
&amp#27;[35m[HTTP]&amp#27;[39m &amp#27;[37m-->&amp#27;[39m &amp#27;[37mGET&amp#27;[39m &amp#27;[37m/wd/hub/session/df9f32c4-0030-433a-a6cf-3dfcf61c4575/element/00000000-0000-0085-7fff-ffff0000003a/displayed&amp#27;[39m
&amp#27;[35m[HTTP]&amp#27;[39m &amp#27;[90m{}&amp#27;[39m
[debug] &amp#27;[35m[W3C (df9f32c4)]&amp#27;[39m Calling AppiumDriver.elementDisplayed() with args: ["00000000-0000-0085-7fff-ffff0000003a","df9f32c4-0030-433a-a6cf-3dfcf61c4575"]
[debug] &amp#27;[35m[WD Proxy]&amp#27;[39m Matched '/element/00000000-0000-0085-7fff-ffff0000003a/attribute/displayed' to command name 'getAttribute'
[debug] &amp#27;[35m[WD Proxy]&amp#27;[39m Proxying [GET /element/00000000-0000-0085-7fff-ffff0000003a/attribute/displayed] to [GET http://127.0.0.1:8205/wd/hub/session/13aac962-8885-40a8-be47-5799470e7097/element/00000000-0000-0085-7fff-ffff0000003a/attribute/displayed] with no body
[debug] &amp#27;[35m[WD Proxy]&amp#27;[39m Got response with status 200: {"sessionId":"13aac962-8885-40a8-be47-5799470e7097","value":"true"}
[debug] &amp#27;[35m[W3C (df9f32c4)]&amp#27;[39m Responding to client with driver.elementDisplayed() result: true
&amp#27;[35m[HTTP]&amp#27;[39m &amp#27;[37m<-- GET /wd/hub/session/df9f32c4-0030-433a-a6cf-3dfcf61c4575/element/00000000-0000-0085-7fff-ffff0000003a/displayed &amp#27;[39m&amp#27;[32m200&amp#27;[39m &amp#27;[90m31 ms - 14&amp#27;[39m
&amp#27;[35m[HTTP]&amp#27;[39m &amp#27;[90m&amp#27;[39m
&amp#27;[35m[HTTP]&amp#27;[39m &amp#27;[37m-->&amp#27;[39m &amp#27;[37mGET&amp#27;[39m &amp#27;[37m/wd/hub/session/df9f32c4-0030-433a-a6cf-3dfcf61c4575/context&amp#27;[39m
&amp#27;[35m[HTTP]&amp#27;[39m &amp#27;[90m{}&amp#27;[39m
[debug] &amp#27;[35m[W3C (df9f32c4)]&amp#27;[39m Calling AppiumDriver.getCurrentContext() with args: ["df9f32c4-0030-433a-a6cf-3dfcf61c4575"]
[debug] &amp#27;[35m[W3C (df9f32c4)]&amp#27;[39m Responding to client with driver.getCurrentContext() result: "NATIVE_APP"
&amp#27;[35m[HTTP]&amp#27;[39m &amp#27;[37m<-- GET /wd/hub/session/df9f32c4-0030-433a-a6cf-3dfcf61c4575/context &amp#27;[39m&amp#27;[32m200&amp#27;[39m &amp#27;[90m1 ms - 22&amp#27;[39m
&amp#27;[35m[HTTP]&amp#27;[39m &amp#27;[90m&amp#27;[39m
&amp#27;[35m[HTTP]&amp#27;[39m &amp#27;[37m-->&amp#27;[39m &amp#27;[37mPOST&amp#27;[39m &amp#27;[37m/wd/hub/session/df9f32c4-0030-433a-a6cf-3dfcf61c4575/element&amp#27;[39m
&amp#27;[35m[HTTP]&amp#27;[39m &amp#27;[90m{"using":"accessibility id","value":"input-email"}&amp#27;[39m
[debug] &amp#27;[35m[W3C (df9f32c4)]&amp#27;[39m Calling AppiumDriver.findElement() with args: ["accessibility id","input-email","df9f32c4-0030-433a-a6cf-3dfcf61c4575"]
[debug] &amp#27;[35m[BaseDriver]&amp#27;[39m Valid locator strategies for this request: xpath, id, class name, accessibility id, css selector, -android uiautomator
[debug] &amp#27;[35m[BaseDriver]&amp#27;[39m Waiting up to 30000 ms for condition
[debug] &amp#27;[35m[WD Proxy]&amp#27;[39m Matched '/element' to command name 'findElement'
[debug] &amp#27;[35m[WD Proxy]&amp#27;[39m Proxying [POST /element] to [POST http://127.0.0.1:8205/wd/hub/session/13aac962-8885-40a8-be47-5799470e7097/element] with body: {"strategy":"accessibility id","selector":"input-email","context":"","multiple":false}
[debug] &amp#27;[35m[WD Proxy]&amp#27;[39m Got response with status 200: {"sessionId":"13aac962-8885-40a8-be47-5799470e7097","value":{"ELEMENT":"00000000-0000-0085-7fff-ffff0000003a","element-6066-11e4-a52e-4f735466cecf":"00000000-0000-0085-7fff-ffff0000003a"}}
[debug] &amp#27;[35m[W3C (df9f32c4)]&amp#27;[39m Responding to client with driver.findElement() result: {"element-6066-11e4-a52e-4f735466cecf":"00000000-0000-0085-7fff-ffff0000003a","ELEMENT":"00000000-0000-0085-7fff-ffff0000003a"}
&amp#27;[35m[HTTP]&amp#27;[39m &amp#27;[37m<-- POST /wd/hub/session/df9f32c4-0030-433a-a6cf-3dfcf61c4575/element &amp#27;[39m&amp#27;[32m200&amp#27;[39m &amp#27;[90m67 ms - 137&amp#27;[39m
&amp#27;[35m[HTTP]&amp#27;[39m &amp#27;[90m&amp#27;[39m
&amp#27;[35m[HTTP]&amp#27;[39m &amp#27;[37m-->&amp#27;[39m &amp#27;[37mPOST&amp#27;[39m &amp#27;[37m/wd/hub/session/df9f32c4-0030-433a-a6cf-3dfcf61c4575/element/00000000-0000-0085-7fff-ffff0000003a/value&amp#27;[39m
&amp#27;[35m[HTTP]&amp#27;[39m &amp#27;[90m{"id":"00000000-0000-0085-7fff-ffff0000003a","text":"tunghuynh@@","value":["t","u","n","g","h","u","y","n","h","@","@"]}&amp#27;[39m
[debug] &amp#27;[35m[W3C (df9f32c4)]&amp#27;[39m Calling AppiumDriver.setValue() with args: [["t","u","n","g","h","u","y","n","h","@","@"],"00000000-0000-0085-7fff-ffff0000003a","df9f32c4-0030-433a-a6cf-3dfcf61c4575"]
[debug] &amp#27;[35m[WD Proxy]&amp#27;[39m Matched '/element/00000000-0000-0085-7fff-ffff0000003a/value' to command name 'setValue'
[debug] &amp#27;[35m[Protocol Converter]&amp#27;[39m Added 'value' property ["t","u","n","g","h","u","y","n","h","@","@"] to 'setValue' request body
[debug] &amp#27;[35m[WD Proxy]&amp#27;[39m Proxying [POST /element/00000000-0000-0085-7fff-ffff0000003a/value] to [POST http://127.0.0.1:8205/wd/hub/session/13aac962-8885-40a8-be47-5799470e7097/element/00000000-0000-0085-7fff-ffff0000003a/value] with body: {"elementId":"00000000-0000-0085-7fff-ffff0000003a","text":"tunghuynh@@","replace":false,"value":["t","u","n","g","h","u","y","n","h","@","@"]}
[debug] &amp#27;[35m[WD Proxy]&amp#27;[39m Got response with status 200: {"sessionId":"13aac962-8885-40a8-be47-5799470e7097","value":null}
[debug] &amp#27;[35m[W3C (df9f32c4)]&amp#27;[39m Responding to client with driver.setValue() result: null
&amp#27;[35m[HTTP]&amp#27;[39m &amp#27;[37m<-- POST /wd/hub/session/df9f32c4-0030-433a-a6cf-3dfcf61c4575/element/00000000-0000-0085-7fff-ffff0000003a/value &amp#27;[39m&amp#27;[32m200&amp#27;[39m &amp#27;[90m76 ms - 14&amp#27;[39m
&amp#27;[35m[HTTP]&amp#27;[39m &amp#27;[90m&amp#27;[39m
&amp#27;[35m[HTTP]&amp#27;[39m &amp#27;[37m-->&amp#27;[39m &amp#27;[37mGET&amp#27;[39m &amp#27;[37m/wd/hub/session/df9f32c4-0030-433a-a6cf-3dfcf61c4575/context&amp#27;[39m
&amp#27;[35m[HTTP]&amp#27;[39m &amp#27;[90m{}&amp#27;[39m
[debug] &amp#27;[35m[W3C (df9f32c4)]&amp#27;[39m Calling AppiumDriver.getCurrentContext() with args: ["df9f32c4-0030-433a-a6cf-3dfcf61c4575"]
[debug] &amp#27;[35m[W3C (df9f32c4)]&amp#27;[39m Responding to client with driver.getCurrentContext() result: "NATIVE_APP"
&amp#27;[35m[HTTP]&amp#27;[39m &amp#27;[37m<-- GET /wd/hub/session/df9f32c4-0030-433a-a6cf-3dfcf61c4575/context &amp#27;[39m&amp#27;[32m200&amp#27;[39m &amp#27;[90m1 ms - 22&amp#27;[39m
&amp#27;[35m[HTTP]&amp#27;[39m &amp#27;[90m&amp#27;[39m
&amp#27;[35m[HTTP]&amp#27;[39m &amp#27;[37m-->&amp#27;[39m &amp#27;[37mPOST&amp#27;[39m &amp#27;[37m/wd/hub/session/df9f32c4-0030-433a-a6cf-3dfcf61c4575/element&amp#27;[39m
&amp#27;[35m[HTTP]&amp#27;[39m &amp#27;[90m{"using":"accessibility id","value":"input-password"}&amp#27;[39m
[debug] &amp#27;[35m[W3C (df9f32c4)]&amp#27;[39m Calling AppiumDriver.findElement() with args: ["accessibility id","input-password","df9f32c4-0030-433a-a6cf-3dfcf61c4575"]
[debug] &amp#27;[35m[BaseDriver]&amp#27;[39m Valid locator strategies for this request: xpath, id, class name, accessibility id, css selector, -android uiautomator
[debug] &amp#27;[35m[BaseDriver]&amp#27;[39m Waiting up to 30000 ms for condition
[debug] &amp#27;[35m[WD Proxy]&amp#27;[39m Matched '/element' to command name 'findElement'
[debug] &amp#27;[35m[WD Proxy]&amp#27;[39m Proxying [POST /element] to [POST http://127.0.0.1:8205/wd/hub/session/13aac962-8885-40a8-be47-5799470e7097/element] with body: {"strategy":"accessibility id","selector":"input-password","context":"","multiple":false}
[debug] &amp#27;[35m[WD Proxy]&amp#27;[39m Got response with status 200: {"sessionId":"13aac962-8885-40a8-be47-5799470e7097","value":{"ELEMENT":"00000000-0000-0085-7fff-ffff0000003c","element-6066-11e4-a52e-4f735466cecf":"00000000-0000-0085-7fff-ffff0000003c"}}
[debug] &amp#27;[35m[W3C (df9f32c4)]&amp#27;[39m Responding to client with driver.findElement() result: {"element-6066-11e4-a52e-4f735466cecf":"00000000-0000-0085-7fff-ffff0000003c","ELEMENT":"00000000-0000-0085-7fff-ffff0000003c"}
&amp#27;[35m[HTTP]&amp#27;[39m &amp#27;[37m<-- POST /wd/hub/session/df9f32c4-0030-433a-a6cf-3dfcf61c4575/element &amp#27;[39m&amp#27;[32m200&amp#27;[39m &amp#27;[90m725 ms - 137&amp#27;[39m
&amp#27;[35m[HTTP]&amp#27;[39m &amp#27;[90m&amp#27;[39m
&amp#27;[35m[HTTP]&amp#27;[39m &amp#27;[37m-->&amp#27;[39m &amp#27;[37mGET&amp#27;[39m &amp#27;[37m/wd/hub/session/df9f32c4-0030-433a-a6cf-3dfcf61c4575/element/00000000-0000-0085-7fff-ffff0000003c/displayed&amp#27;[39m
&amp#27;[35m[HTTP]&amp#27;[39m &amp#27;[90m{}&amp#27;[39m
[debug] &amp#27;[35m[W3C (df9f32c4)]&amp#27;[39m Calling AppiumDriver.elementDisplayed() with args: ["00000000-0000-0085-7fff-ffff0000003c","df9f32c4-0030-433a-a6cf-3dfcf61c4575"]
[debug] &amp#27;[35m[WD Proxy]&amp#27;[39m Matched '/element/00000000-0000-0085-7fff-ffff0000003c/attribute/displayed' to command name 'getAttribute'
[debug] &amp#27;[35m[WD Proxy]&amp#27;[39m Proxying [GET /element/00000000-0000-0085-7fff-ffff0000003c/attribute/displayed] to [GET http://127.0.0.1:8205/wd/hub/session/13aac962-8885-40a8-be47-5799470e7097/element/00000000-0000-0085-7fff-ffff0000003c/attribute/displayed] with no body
[debug] &amp#27;[35m[WD Proxy]&amp#27;[39m Got response with status 200: {"sessionId":"13aac962-8885-40a8-be47-5799470e7097","value":"true"}
[debug] &amp#27;[35m[W3C (df9f32c4)]&amp#27;[39m Responding to client with driver.elementDisplayed() result: true
&amp#27;[35m[HTTP]&amp#27;[39m &amp#27;[37m<-- GET /wd/hub/session/df9f32c4-0030-433a-a6cf-3dfcf61c4575/element/00000000-0000-0085-7fff-ffff0000003c/displayed &amp#27;[39m&amp#27;[32m200&amp#27;[39m &amp#27;[90m18 ms - 14&amp#27;[39m
&amp#27;[35m[HTTP]&amp#27;[39m &amp#27;[90m&amp#27;[39m
&amp#27;[35m[HTTP]&amp#27;[39m &amp#27;[37m-->&amp#27;[39m &amp#27;[37mGET&amp#27;[39m &amp#27;[37m/wd/hub/session/df9f32c4-0030-433a-a6cf-3dfcf61c4575/context&amp#27;[39m
&amp#27;[35m[HTTP]&amp#27;[39m &amp#27;[90m{}&amp#27;[39m
[debug] &amp#27;[35m[W3C (df9f32c4)]&amp#27;[39m Calling AppiumDriver.getCurrentContext() with args: ["df9f32c4-0030-433a-a6cf-3dfcf61c4575"]
[debug] &amp#27;[35m[W3C (df9f32c4)]&amp#27;[39m Responding to client with driver.getCurrentContext() result: "NATIVE_APP"
&amp#27;[35m[HTTP]&amp#27;[39m &amp#27;[37m<-- GET /wd/hub/session/df9f32c4-0030-433a-a6cf-3dfcf61c4575/context &amp#27;[39m&amp#27;[32m200&amp#27;[39m &amp#27;[90m1 ms - 22&amp#27;[39m
&amp#27;[35m[HTTP]&amp#27;[39m &amp#27;[90m&amp#27;[39m
&amp#27;[35m[HTTP]&amp#27;[39m &amp#27;[37m-->&amp#27;[39m &amp#27;[37mPOST&amp#27;[39m &amp#27;[37m/wd/hub/session/df9f32c4-0030-433a-a6cf-3dfcf61c4575/element&amp#27;[39m
&amp#27;[35m[HTTP]&amp#27;[39m &amp#27;[90m{"using":"accessibility id","value":"input-password"}&amp#27;[39m
[debug] &amp#27;[35m[W3C (df9f32c4)]&amp#27;[39m Calling AppiumDriver.findElement() with args: ["accessibility id","input-password","df9f32c4-0030-433a-a6cf-3dfcf61c4575"]
[debug] &amp#27;[35m[BaseDriver]&amp#27;[39m Valid locator strategies for this request: xpath, id, class name, accessibility id, css selector, -android uiautomator
[debug] &amp#27;[35m[BaseDriver]&amp#27;[39m Waiting up to 30000 ms for condition
[debug] &amp#27;[35m[WD Proxy]&amp#27;[39m Matched '/element' to command name 'findElement'
[debug] &amp#27;[35m[WD Proxy]&amp#27;[39m Proxying [POST /element] to [POST http://127.0.0.1:8205/wd/hub/session/13aac962-8885-40a8-be47-5799470e7097/element] with body: {"strategy":"accessibility id","selector":"input-password","context":"","multiple":false}
[debug] &amp#27;[35m[WD Proxy]&amp#27;[39m Got response with status 200: {"sessionId":"13aac962-8885-40a8-be47-5799470e7097","value":{"ELEMENT":"00000000-0000-0085-7fff-ffff0000003c","element-6066-11e4-a52e-4f735466cecf":"00000000-0000-0085-7fff-ffff0000003c"}}
[debug] &amp#27;[35m[W3C (df9f32c4)]&amp#27;[39m Responding to client with driver.findElement() result: {"element-6066-11e4-a52e-4f735466cecf":"00000000-0000-0085-7fff-ffff0000003c","ELEMENT":"00000000-0000-0085-7fff-ffff0000003c"}
&amp#27;[35m[HTTP]&amp#27;[39m &amp#27;[37m<-- POST /wd/hub/session/df9f32c4-0030-433a-a6cf-3dfcf61c4575/element &amp#27;[39m&amp#27;[32m200&amp#27;[39m &amp#27;[90m42 ms - 137&amp#27;[39m
&amp#27;[35m[HTTP]&amp#27;[39m &amp#27;[90m&amp#27;[39m
&amp#27;[35m[HTTP]&amp#27;[39m &amp#27;[37m-->&amp#27;[39m &amp#27;[37mPOST&amp#27;[39m &amp#27;[37m/wd/hub/session/df9f32c4-0030-433a-a6cf-3dfcf61c4575/element/00000000-0000-0085-7fff-ffff0000003c/clear&amp#27;[39m
&amp#27;[35m[HTTP]&amp#27;[39m &amp#27;[90m{"id":"00000000-0000-0085-7fff-ffff0000003c"}&amp#27;[39m
[debug] &amp#27;[35m[W3C (df9f32c4)]&amp#27;[39m Calling AppiumDriver.clear() with args: ["00000000-0000-0085-7fff-ffff0000003c","df9f32c4-0030-433a-a6cf-3dfcf61c4575"]
[debug] &amp#27;[35m[WD Proxy]&amp#27;[39m Matched '/element/00000000-0000-0085-7fff-ffff0000003c/clear' to command name 'clear'
[debug] &amp#27;[35m[WD Proxy]&amp#27;[39m Proxying [POST /element/00000000-0000-0085-7fff-ffff0000003c/clear] to [POST http://127.0.0.1:8205/wd/hub/session/13aac962-8885-40a8-be47-5799470e7097/element/00000000-0000-0085-7fff-ffff0000003c/clear] with body: {"elementId":"00000000-0000-0085-7fff-ffff0000003c"}
[debug] &amp#27;[35m[WD Proxy]&amp#27;[39m Got response with status 200: {"sessionId":"13aac962-8885-40a8-be47-5799470e7097","value":null}
[debug] &amp#27;[35m[W3C (df9f32c4)]&amp#27;[39m Responding to client with driver.clear() result: null
&amp#27;[35m[HTTP]&amp#27;[39m &amp#27;[37m<-- POST /wd/hub/session/df9f32c4-0030-433a-a6cf-3dfcf61c4575/element/00000000-0000-0085-7fff-ffff0000003c/clear &amp#27;[39m&amp#27;[32m200&amp#27;[39m &amp#27;[90m32 ms - 14&amp#27;[39m
&amp#27;[35m[HTTP]&amp#27;[39m &amp#27;[90m&amp#27;[39m
&amp#27;[35m[HTTP]&amp#27;[39m &amp#27;[37m-->&amp#27;[39m &amp#27;[37mGET&amp#27;[39m &amp#27;[37m/wd/hub/session/df9f32c4-0030-433a-a6cf-3dfcf61c4575/context&amp#27;[39m
&amp#27;[35m[HTTP]&amp#27;[39m &amp#27;[90m{}&amp#27;[39m
[debug] &amp#27;[35m[W3C (df9f32c4)]&amp#27;[39m Calling AppiumDriver.getCurrentContext() with args: ["df9f32c4-0030-433a-a6cf-3dfcf61c4575"]
[debug] &amp#27;[35m[W3C (df9f32c4)]&amp#27;[39m Responding to client with driver.getCurrentContext() result: "NATIVE_APP"
&amp#27;[35m[HTTP]&amp#27;[39m &amp#27;[37m<-- GET /wd/hub/session/df9f32c4-0030-433a-a6cf-3dfcf61c4575/context &amp#27;[39m&amp#27;[32m200&amp#27;[39m &amp#27;[90m1 ms - 22&amp#27;[39m
&amp#27;[35m[HTTP]&amp#27;[39m &amp#27;[90m&amp#27;[39m
&amp#27;[35m[HTTP]&amp#27;[39m &amp#27;[37m-->&amp#27;[39m &amp#27;[37mPOST&amp#27;[39m &amp#27;[37m/wd/hub/session/df9f32c4-0030-433a-a6cf-3dfcf61c4575/element&amp#27;[39m
&amp#27;[35m[HTTP]&amp#27;[39m &amp#27;[90m{"using":"accessibility id","value":"input-password"}&amp#27;[39m
[debug] &amp#27;[35m[W3C (df9f32c4)]&amp#27;[39m Calling AppiumDriver.findElement() with args: ["accessibility id","input-password","df9f32c4-0030-433a-a6cf-3dfcf61c4575"]
[debug] &amp#27;[35m[BaseDriver]&amp#27;[39m Valid locator strategies for this request: xpath, id, class name, accessibility id, css selector, -android uiautomator
[debug] &amp#27;[35m[BaseDriver]&amp#27;[39m Waiting up to 30000 ms for condition
[debug] &amp#27;[35m[WD Proxy]&amp#27;[39m Matched '/element' to command name 'findElement'
[debug] &amp#27;[35m[WD Proxy]&amp#27;[39m Proxying [POST /element] to [POST http://127.0.0.1:8205/wd/hub/session/13aac962-8885-40a8-be47-5799470e7097/element] with body: {"strategy":"accessibility id","selector":"input-password","context":"","multiple":false}
[debug] &amp#27;[35m[WD Proxy]&amp#27;[39m Got response with status 200: {"sessionId":"13aac962-8885-40a8-be47-5799470e7097","value":{"ELEMENT":"00000000-0000-0085-7fff-ffff0000003c","element-6066-11e4-a52e-4f735466cecf":"00000000-0000-0085-7fff-ffff0000003c"}}
[debug] &amp#27;[35m[W3C (df9f32c4)]&amp#27;[39m Responding to client with driver.findElement() result: {"element-6066-11e4-a52e-4f735466cecf":"00000000-0000-0085-7fff-ffff0000003c","ELEMENT":"00000000-0000-0085-7fff-ffff0000003c"}
&amp#27;[35m[HTTP]&amp#27;[39m &amp#27;[37m<-- POST /wd/hub/session/df9f32c4-0030-433a-a6cf-3dfcf61c4575/element &amp#27;[39m&amp#27;[32m200&amp#27;[39m &amp#27;[90m551 ms - 137&amp#27;[39m
&amp#27;[35m[HTTP]&amp#27;[39m &amp#27;[90m&amp#27;[39m
&amp#27;[35m[HTTP]&amp#27;[39m &amp#27;[37m-->&amp#27;[39m &amp#27;[37mGET&amp#27;[39m &amp#27;[37m/wd/hub/session/df9f32c4-0030-433a-a6cf-3dfcf61c4575/element/00000000-0000-0085-7fff-ffff0000003c/displayed&amp#27;[39m
&amp#27;[35m[HTTP]&amp#27;[39m &amp#27;[90m{}&amp#27;[39m
[debug] &amp#27;[35m[W3C (df9f32c4)]&amp#27;[39m Calling AppiumDriver.elementDisplayed() with args: ["00000000-0000-0085-7fff-ffff0000003c","df9f32c4-0030-433a-a6cf-3dfcf61c4575"]
[debug] &amp#27;[35m[WD Proxy]&amp#27;[39m Matched '/element/00000000-0000-0085-7fff-ffff0000003c/attribute/displayed' to command name 'getAttribute'
[debug] &amp#27;[35m[WD Proxy]&amp#27;[39m Proxying [GET /element/00000000-0000-0085-7fff-ffff0000003c/attribute/displayed] to [GET http://127.0.0.1:8205/wd/hub/session/13aac962-8885-40a8-be47-5799470e7097/element/00000000-0000-0085-7fff-ffff0000003c/attribute/displayed] with no body
[debug] &amp#27;[35m[WD Proxy]&amp#27;[39m Got response with status 200: {"sessionId":"13aac962-8885-40a8-be47-5799470e7097","value":"true"}
[debug] &amp#27;[35m[W3C (df9f32c4)]&amp#27;[39m Responding to client with driver.elementDisplayed() result: true
&amp#27;[35m[HTTP]&amp#27;[39m &amp#27;[37m<-- GET /wd/hub/session/df9f32c4-0030-433a-a6cf-3dfcf61c4575/element/00000000-0000-0085-7fff-ffff0000003c/displayed &amp#27;[39m&amp#27;[32m200&amp#27;[39m &amp#27;[90m31 ms - 14&amp#27;[39m
&amp#27;[35m[HTTP]&amp#27;[39m &amp#27;[90m&amp#27;[39m
&amp#27;[35m[HTTP]&amp#27;[39m &amp#27;[37m-->&amp#27;[39m &amp#27;[37mGET&amp#27;[39m &amp#27;[37m/wd/hub/session/df9f32c4-0030-433a-a6cf-3dfcf61c4575/context&amp#27;[39m
&amp#27;[35m[HTTP]&amp#27;[39m &amp#27;[90m{}&amp#27;[39m
[debug] &amp#27;[35m[W3C (df9f32c4)]&amp#27;[39m Calling AppiumDriver.getCurrentContext() with args: ["df9f32c4-0030-433a-a6cf-3dfcf61c4575"]
[debug] &amp#27;[35m[W3C (df9f32c4)]&amp#27;[39m Responding to client with driver.getCurrentContext() result: "NATIVE_APP"
&amp#27;[35m[HTTP]&amp#27;[39m &amp#27;[37m<-- GET /wd/hub/session/df9f32c4-0030-433a-a6cf-3dfcf61c4575/context &amp#27;[39m&amp#27;[32m200&amp#27;[39m &amp#27;[90m1 ms - 22&amp#27;[39m
&amp#27;[35m[HTTP]&amp#27;[39m &amp#27;[90m&amp#27;[39m
&amp#27;[35m[HTTP]&amp#27;[39m &amp#27;[37m-->&amp#27;[39m &amp#27;[37mPOST&amp#27;[39m &amp#27;[37m/wd/hub/session/df9f32c4-0030-433a-a6cf-3dfcf61c4575/element&amp#27;[39m
&amp#27;[35m[HTTP]&amp#27;[39m &amp#27;[90m{"using":"accessibility id","value":"input-password"}&amp#27;[39m
[debug] &amp#27;[35m[W3C (df9f32c4)]&amp#27;[39m Calling AppiumDriver.findElement() with args: ["accessibility id","input-password","df9f32c4-0030-433a-a6cf-3dfcf61c4575"]
[debug] &amp#27;[35m[BaseDriver]&amp#27;[39m Valid locator strategies for this request: xpath, id, class name, accessibility id, css selector, -android uiautomator
[debug] &amp#27;[35m[BaseDriver]&amp#27;[39m Waiting up to 30000 ms for condition
[debug] &amp#27;[35m[WD Proxy]&amp#27;[39m Matched '/element' to command name 'findElement'
[debug] &amp#27;[35m[WD Proxy]&amp#27;[39m Proxying [POST /element] to [POST http://127.0.0.1:8205/wd/hub/session/13aac962-8885-40a8-be47-5799470e7097/element] with body: {"strategy":"accessibility id","selector":"input-password","context":"","multiple":false}
[debug] &amp#27;[35m[WD Proxy]&amp#27;[39m Got response with status 200: {"sessionId":"13aac962-8885-40a8-be47-5799470e7097","value":{"ELEMENT":"00000000-0000-0085-7fff-ffff0000003c","element-6066-11e4-a52e-4f735466cecf":"00000000-0000-0085-7fff-ffff0000003c"}}
[debug] &amp#27;[35m[W3C (df9f32c4)]&amp#27;[39m Responding to client with driver.findElement() result: {"element-6066-11e4-a52e-4f735466cecf":"00000000-0000-0085-7fff-ffff0000003c","ELEMENT":"00000000-0000-0085-7fff-ffff0000003c"}
&amp#27;[35m[HTTP]&amp#27;[39m &amp#27;[37m<-- POST /wd/hub/session/df9f32c4-0030-433a-a6cf-3dfcf61c4575/element &amp#27;[39m&amp#27;[32m200&amp#27;[39m &amp#27;[90m56 ms - 137&amp#27;[39m
&amp#27;[35m[HTTP]&amp#27;[39m &amp#27;[90m&amp#27;[39m
&amp#27;[35m[HTTP]&amp#27;[39m &amp#27;[37m-->&amp#27;[39m &amp#27;[37mPOST&amp#27;[39m &amp#27;[37m/wd/hub/session/df9f32c4-0030-433a-a6cf-3dfcf61c4575/element/00000000-0000-0085-7fff-ffff0000003c/value&amp#27;[39m
&amp#27;[35m[HTTP]&amp#27;[39m &amp#27;[90m{"id":"00000000-0000-0085-7fff-ffff0000003c","text":"12345678","value":["1","2","3","4","5","6","7","8"]}&amp#27;[39m
[debug] &amp#27;[35m[W3C (df9f32c4)]&amp#27;[39m Calling AppiumDriver.setValue() with args: [["1","2","3","4","5","6","7","8"],"00000000-0000-0085-7fff-ffff0000003c","df9f32c4-0030-433a-a6cf-3dfcf61c4575"]
[debug] &amp#27;[35m[WD Proxy]&amp#27;[39m Matched '/element/00000000-0000-0085-7fff-ffff0000003c/value' to command name 'setValue'
[debug] &amp#27;[35m[Protocol Converter]&amp#27;[39m Added 'value' property ["1","2","3","4","5","6","7","8"] to 'setValue' request body
[debug] &amp#27;[35m[WD Proxy]&amp#27;[39m Proxying [POST /element/00000000-0000-0085-7fff-ffff0000003c/value] to [POST http://127.0.0.1:8205/wd/hub/session/13aac962-8885-40a8-be47-5799470e7097/element/00000000-0000-0085-7fff-ffff0000003c/value] with body: {"elementId":"00000000-0000-0085-7fff-ffff0000003c","text":"12345678","replace":false,"value":["1","2","3","4","5","6","7","8"]}
[debug] &amp#27;[35m[WD Proxy]&amp#27;[39m Got response with status 200: {"sessionId":"13aac962-8885-40a8-be47-5799470e7097","value":null}
[debug] &amp#27;[35m[W3C (df9f32c4)]&amp#27;[39m Responding to client with driver.setValue() result: null
&amp#27;[35m[HTTP]&amp#27;[39m &amp#27;[37m<-- POST /wd/hub/session/df9f32c4-0030-433a-a6cf-3dfcf61c4575/element/00000000-0000-0085-7fff-ffff0000003c/value &amp#27;[39m&amp#27;[32m200&amp#27;[39m &amp#27;[90m600 ms - 14&amp#27;[39m
&amp#27;[35m[HTTP]&amp#27;[39m &amp#27;[90m&amp#27;[39m
&amp#27;[35m[HTTP]&amp#27;[39m &amp#27;[37m-->&amp#27;[39m &amp#27;[37mGET&amp#27;[39m &amp#27;[37m/wd/hub/session/df9f32c4-0030-433a-a6cf-3dfcf61c4575/context&amp#27;[39m
&amp#27;[35m[HTTP]&amp#27;[39m &amp#27;[90m{}&amp#27;[39m
[debug] &amp#27;[35m[W3C (df9f32c4)]&amp#27;[39m Calling AppiumDriver.getCurrentContext() with args: ["df9f32c4-0030-433a-a6cf-3dfcf61c4575"]
[debug] &amp#27;[35m[W3C (df9f32c4)]&amp#27;[39m Responding to client with driver.getCurrentContext() result: "NATIVE_APP"
&amp#27;[35m[HTTP]&amp#27;[39m &amp#27;[37m<-- GET /wd/hub/session/df9f32c4-0030-433a-a6cf-3dfcf61c4575/context &amp#27;[39m&amp#27;[32m200&amp#27;[39m &amp#27;[90m1 ms - 22&amp#27;[39m
&amp#27;[35m[HTTP]&amp#27;[39m &amp#27;[90m&amp#27;[39m
&amp#27;[35m[HTTP]&amp#27;[39m &amp#27;[37m-->&amp#27;[39m &amp#27;[37mPOST&amp#27;[39m &amp#27;[37m/wd/hub/session/df9f32c4-0030-433a-a6cf-3dfcf61c4575/element&amp#27;[39m
&amp#27;[35m[HTTP]&amp#27;[39m &amp#27;[90m{"using":"accessibility id","value":"input-repeat-password"}&amp#27;[39m
[debug] &amp#27;[35m[W3C (df9f32c4)]&amp#27;[39m Calling AppiumDriver.findElement() with args: ["accessibility id","input-repeat-password","df9f32c4-0030-433a-a6cf-3dfcf61c4575"]
[debug] &amp#27;[35m[BaseDriver]&amp#27;[39m Valid locator strategies for this request: xpath, id, class name, accessibility id, css selector, -android uiautomator
[debug] &amp#27;[35m[BaseDriver]&amp#27;[39m Waiting up to 30000 ms for condition
[debug] &amp#27;[35m[WD Proxy]&amp#27;[39m Matched '/element' to command name 'findElement'
[debug] &amp#27;[35m[WD Proxy]&amp#27;[39m Proxying [POST /element] to [POST http://127.0.0.1:8205/wd/hub/session/13aac962-8885-40a8-be47-5799470e7097/element] with body: {"strategy":"accessibility id","selector":"input-repeat-password","context":"","multiple":false}
[debug] &amp#27;[35m[WD Proxy]&amp#27;[39m Got response with status 200: {"sessionId":"13aac962-8885-40a8-be47-5799470e7097","value":{"ELEMENT":"00000000-0000-0085-7fff-ffff00000058","element-6066-11e4-a52e-4f735466cecf":"00000000-0000-0085-7fff-ffff00000058"}}
[debug] &amp#27;[35m[W3C (df9f32c4)]&amp#27;[39m Responding to client with driver.findElement() result: {"element-6066-11e4-a52e-4f735466cecf":"00000000-0000-0085-7fff-ffff00000058","ELEMENT":"00000000-0000-0085-7fff-ffff00000058"}
&amp#27;[35m[HTTP]&amp#27;[39m &amp#27;[37m<-- POST /wd/hub/session/df9f32c4-0030-433a-a6cf-3dfcf61c4575/element &amp#27;[39m&amp#27;[32m200&amp#27;[39m &amp#27;[90m735 ms - 137&amp#27;[39m
&amp#27;[35m[HTTP]&amp#27;[39m &amp#27;[90m&amp#27;[39m
&amp#27;[35m[HTTP]&amp#27;[39m &amp#27;[37m-->&amp#27;[39m &amp#27;[37mGET&amp#27;[39m &amp#27;[37m/wd/hub/session/df9f32c4-0030-433a-a6cf-3dfcf61c4575/element/00000000-0000-0085-7fff-ffff00000058/displayed&amp#27;[39m
&amp#27;[35m[HTTP]&amp#27;[39m &amp#27;[90m{}&amp#27;[39m
[debug] &amp#27;[35m[W3C (df9f32c4)]&amp#27;[39m Calling AppiumDriver.elementDisplayed() with args: ["00000000-0000-0085-7fff-ffff00000058","df9f32c4-0030-433a-a6cf-3dfcf61c4575"]
[debug] &amp#27;[35m[WD Proxy]&amp#27;[39m Matched '/element/00000000-0000-0085-7fff-ffff00000058/attribute/displayed' to command name 'getAttribute'
[debug] &amp#27;[35m[WD Proxy]&amp#27;[39m Proxying [GET /element/00000000-0000-0085-7fff-ffff00000058/attribute/displayed] to [GET http://127.0.0.1:8205/wd/hub/session/13aac962-8885-40a8-be47-5799470e7097/element/00000000-0000-0085-7fff-ffff00000058/attribute/displayed] with no body
[debug] &amp#27;[35m[WD Proxy]&amp#27;[39m Got response with status 200: {"sessionId":"13aac962-8885-40a8-be47-5799470e7097","value":"true"}
[debug] &amp#27;[35m[W3C (df9f32c4)]&amp#27;[39m Responding to client with driver.elementDisplayed() result: true
&amp#27;[35m[HTTP]&amp#27;[39m &amp#27;[37m<-- GET /wd/hub/session/df9f32c4-0030-433a-a6cf-3dfcf61c4575/element/00000000-0000-0085-7fff-ffff00000058/displayed &amp#27;[39m&amp#27;[32m200&amp#27;[39m &amp#27;[90m21 ms - 14&amp#27;[39m
&amp#27;[35m[HTTP]&amp#27;[39m &amp#27;[90m&amp#27;[39m
&amp#27;[35m[HTTP]&amp#27;[39m &amp#27;[37m-->&amp#27;[39m &amp#27;[37mGET&amp#27;[39m &amp#27;[37m/wd/hub/session/df9f32c4-0030-433a-a6cf-3dfcf61c4575/context&amp#27;[39m
&amp#27;[35m[HTTP]&amp#27;[39m &amp#27;[90m{}&amp#27;[39m
[debug] &amp#27;[35m[W3C (df9f32c4)]&amp#27;[39m Calling AppiumDriver.getCurrentContext() with args: ["df9f32c4-0030-433a-a6cf-3dfcf61c4575"]
[debug] &amp#27;[35m[W3C (df9f32c4)]&amp#27;[39m Responding to client with driver.getCurrentContext() result: "NATIVE_APP"
&amp#27;[35m[HTTP]&amp#27;[39m &amp#27;[37m<-- GET /wd/hub/session/df9f32c4-0030-433a-a6cf-3dfcf61c4575/context &amp#27;[39m&amp#27;[32m200&amp#27;[39m &amp#27;[90m1 ms - 22&amp#27;[39m
&amp#27;[35m[HTTP]&amp#27;[39m &amp#27;[90m&amp#27;[39m
&amp#27;[35m[HTTP]&amp#27;[39m &amp#27;[37m-->&amp#27;[39m &amp#27;[37mPOST&amp#27;[39m &amp#27;[37m/wd/hub/session/df9f32c4-0030-433a-a6cf-3dfcf61c4575/element&amp#27;[39m
&amp#27;[35m[HTTP]&amp#27;[39m &amp#27;[90m{"using":"accessibility id","value":"input-repeat-password"}&amp#27;[39m
[debug] &amp#27;[35m[W3C (df9f32c4)]&amp#27;[39m Calling AppiumDriver.findElement() with args: ["accessibility id","input-repeat-password","df9f32c4-0030-433a-a6cf-3dfcf61c4575"]
[debug] &amp#27;[35m[BaseDriver]&amp#27;[39m Valid locator strategies for this request: xpath, id, class name, accessibility id, css selector, -android uiautomator
[debug] &amp#27;[35m[BaseDriver]&amp#27;[39m Waiting up to 30000 ms for condition
[debug] &amp#27;[35m[WD Proxy]&amp#27;[39m Matched '/element' to command name 'findElement'
[debug] &amp#27;[35m[WD Proxy]&amp#27;[39m Proxying [POST /element] to [POST http://127.0.0.1:8205/wd/hub/session/13aac962-8885-40a8-be47-5799470e7097/element] with body: {"strategy":"accessibility id","selector":"input-repeat-password","context":"","multiple":false}
[debug] &amp#27;[35m[WD Proxy]&amp#27;[39m Got response with status 200: {"sessionId":"13aac962-8885-40a8-be47-5799470e7097","value":{"ELEMENT":"00000000-0000-0085-7fff-ffff00000058","element-6066-11e4-a52e-4f735466cecf":"00000000-0000-0085-7fff-ffff00000058"}}
[debug] &amp#27;[35m[W3C (df9f32c4)]&amp#27;[39m Responding to client with driver.findElement() result: {"element-6066-11e4-a52e-4f735466cecf":"00000000-0000-0085-7fff-ffff00000058","ELEMENT":"00000000-0000-0085-7fff-ffff00000058"}
&amp#27;[35m[HTTP]&amp#27;[39m &amp#27;[37m<-- POST /wd/hub/session/df9f32c4-0030-433a-a6cf-3dfcf61c4575/element &amp#27;[39m&amp#27;[32m200&amp#27;[39m &amp#27;[90m75 ms - 137&amp#27;[39m
&amp#27;[35m[HTTP]&amp#27;[39m &amp#27;[90m&amp#27;[39m
&amp#27;[35m[HTTP]&amp#27;[39m &amp#27;[37m-->&amp#27;[39m &amp#27;[37mPOST&amp#27;[39m &amp#27;[37m/wd/hub/session/df9f32c4-0030-433a-a6cf-3dfcf61c4575/element/00000000-0000-0085-7fff-ffff00000058/clear&amp#27;[39m
&amp#27;[35m[HTTP]&amp#27;[39m &amp#27;[90m{"id":"00000000-0000-0085-7fff-ffff00000058"}&amp#27;[39m
[debug] &amp#27;[35m[W3C (df9f32c4)]&amp#27;[39m Calling AppiumDriver.clear() with args: ["00000000-0000-0085-7fff-ffff00000058","df9f32c4-0030-433a-a6cf-3dfcf61c4575"]
[debug] &amp#27;[35m[WD Proxy]&amp#27;[39m Matched '/element/00000000-0000-0085-7fff-ffff00000058/clear' to command name 'clear'
[debug] &amp#27;[35m[WD Proxy]&amp#27;[39m Proxying [POST /element/00000000-0000-0085-7fff-ffff00000058/clear] to [POST http://127.0.0.1:8205/wd/hub/session/13aac962-8885-40a8-be47-5799470e7097/element/00000000-0000-0085-7fff-ffff00000058/clear] with body: {"elementId":"00000000-0000-0085-7fff-ffff00000058"}
[debug] &amp#27;[35m[WD Proxy]&amp#27;[39m Got response with status 200: {"sessionId":"13aac962-8885-40a8-be47-5799470e7097","value":null}
[debug] &amp#27;[35m[W3C (df9f32c4)]&amp#27;[39m Responding to client with driver.clear() result: null
&amp#27;[35m[HTTP]&amp#27;[39m &amp#27;[37m<-- POST /wd/hub/session/df9f32c4-0030-433a-a6cf-3dfcf61c4575/element/00000000-0000-0085-7fff-ffff00000058/clear &amp#27;[39m&amp#27;[32m200&amp#27;[39m &amp#27;[90m33 ms - 14&amp#27;[39m
&amp#27;[35m[HTTP]&amp#27;[39m &amp#27;[90m&amp#27;[39m
&amp#27;[35m[HTTP]&amp#27;[39m &amp#27;[37m-->&amp#27;[39m &amp#27;[37mGET&amp#27;[39m &amp#27;[37m/wd/hub/session/df9f32c4-0030-433a-a6cf-3dfcf61c4575/context&amp#27;[39m
&amp#27;[35m[HTTP]&amp#27;[39m &amp#27;[90m{}&amp#27;[39m
[debug] &amp#27;[35m[W3C (df9f32c4)]&amp#27;[39m Calling AppiumDriver.getCurrentContext() with args: ["df9f32c4-0030-433a-a6cf-3dfcf61c4575"]
[debug] &amp#27;[35m[W3C (df9f32c4)]&amp#27;[39m Responding to client with driver.getCurrentContext() result: "NATIVE_APP"
&amp#27;[35m[HTTP]&amp#27;[39m &amp#27;[37m<-- GET /wd/hub/session/df9f32c4-0030-433a-a6cf-3dfcf61c4575/context &amp#27;[39m&amp#27;[32m200&amp#27;[39m &amp#27;[90m1 ms - 22&amp#27;[39m
&amp#27;[35m[HTTP]&amp#27;[39m &amp#27;[90m&amp#27;[39m
&amp#27;[35m[HTTP]&amp#27;[39m &amp#27;[37m-->&amp#27;[39m &amp#27;[37mPOST&amp#27;[39m &amp#27;[37m/wd/hub/session/df9f32c4-0030-433a-a6cf-3dfcf61c4575/element&amp#27;[39m
&amp#27;[35m[HTTP]&amp#27;[39m &amp#27;[90m{"using":"accessibility id","value":"input-repeat-password"}&amp#27;[39m
[debug] &amp#27;[35m[W3C (df9f32c4)]&amp#27;[39m Calling AppiumDriver.findElement() with args: ["accessibility id","input-repeat-password","df9f32c4-0030-433a-a6cf-3dfcf61c4575"]
[debug] &amp#27;[35m[BaseDriver]&amp#27;[39m Valid locator strategies for this request: xpath, id, class name, accessibility id, css selector, -android uiautomator
[debug] &amp#27;[35m[BaseDriver]&amp#27;[39m Waiting up to 30000 ms for condition
[debug] &amp#27;[35m[WD Proxy]&amp#27;[39m Matched '/element' to command name 'findElement'
[debug] &amp#27;[35m[WD Proxy]&amp#27;[39m Proxying [POST /element] to [POST http://127.0.0.1:8205/wd/hub/session/13aac962-8885-40a8-be47-5799470e7097/element] with body: {"strategy":"accessibility id","selector":"input-repeat-password","context":"","multiple":false}
[debug] &amp#27;[35m[WD Proxy]&amp#27;[39m Got response with status 200: {"sessionId":"13aac962-8885-40a8-be47-5799470e7097","value":{"ELEMENT":"00000000-0000-0085-7fff-ffff00000058","element-6066-11e4-a52e-4f735466cecf":"00000000-0000-0085-7fff-ffff00000058"}}
[debug] &amp#27;[35m[W3C (df9f32c4)]&amp#27;[39m Responding to client with driver.findElement() result: {"element-6066-11e4-a52e-4f735466cecf":"00000000-0000-0085-7fff-ffff00000058","ELEMENT":"00000000-0000-0085-7fff-ffff00000058"}
&amp#27;[35m[HTTP]&amp#27;[39m &amp#27;[37m<-- POST /wd/hub/session/df9f32c4-0030-433a-a6cf-3dfcf61c4575/element &amp#27;[39m&amp#27;[32m200&amp#27;[39m &amp#27;[90m545 ms - 137&amp#27;[39m
&amp#27;[35m[HTTP]&amp#27;[39m &amp#27;[90m&amp#27;[39m
&amp#27;[35m[HTTP]&amp#27;[39m &amp#27;[37m-->&amp#27;[39m &amp#27;[37mGET&amp#27;[39m &amp#27;[37m/wd/hub/session/df9f32c4-0030-433a-a6cf-3dfcf61c4575/element/00000000-0000-0085-7fff-ffff00000058/displayed&amp#27;[39m
&amp#27;[35m[HTTP]&amp#27;[39m &amp#27;[90m{}&amp#27;[39m
[debug] &amp#27;[35m[W3C (df9f32c4)]&amp#27;[39m Calling AppiumDriver.elementDisplayed() with args: ["00000000-0000-0085-7fff-ffff00000058","df9f32c4-0030-433a-a6cf-3dfcf61c4575"]
[debug] &amp#27;[35m[WD Proxy]&amp#27;[39m Matched '/element/00000000-0000-0085-7fff-ffff00000058/attribute/displayed' to command name 'getAttribute'
[debug] &amp#27;[35m[WD Proxy]&amp#27;[39m Proxying [GET /element/00000000-0000-0085-7fff-ffff00000058/attribute/displayed] to [GET http://127.0.0.1:8205/wd/hub/session/13aac962-8885-40a8-be47-5799470e7097/element/00000000-0000-0085-7fff-ffff00000058/attribute/displayed] with no body
[debug] &amp#27;[35m[WD Proxy]&amp#27;[39m Got response with status 200: {"sessionId":"13aac962-8885-40a8-be47-5799470e7097","value":"true"}
[debug] &amp#27;[35m[W3C (df9f32c4)]&amp#27;[39m Responding to client with driver.elementDisplayed() result: true
&amp#27;[35m[HTTP]&amp#27;[39m &amp#27;[37m<-- GET /wd/hub/session/df9f32c4-0030-433a-a6cf-3dfcf61c4575/element/00000000-0000-0085-7fff-ffff00000058/displayed &amp#27;[39m&amp#27;[32m200&amp#27;[39m &amp#27;[90m23 ms - 14&amp#27;[39m
&amp#27;[35m[HTTP]&amp#27;[39m &amp#27;[90m&amp#27;[39m
&amp#27;[35m[HTTP]&amp#27;[39m &amp#27;[37m-->&amp#27;[39m &amp#27;[37mGET&amp#27;[39m &amp#27;[37m/wd/hub/session/df9f32c4-0030-433a-a6cf-3dfcf61c4575/context&amp#27;[39m
&amp#27;[35m[HTTP]&amp#27;[39m &amp#27;[90m{}&amp#27;[39m
[debug] &amp#27;[35m[W3C (df9f32c4)]&amp#27;[39m Calling AppiumDriver.getCurrentContext() with args: ["df9f32c4-0030-433a-a6cf-3dfcf61c4575"]
[debug] &amp#27;[35m[W3C (df9f32c4)]&amp#27;[39m Responding to client with driver.getCurrentContext() result: "NATIVE_APP"
&amp#27;[35m[HTTP]&amp#27;[39m &amp#27;[37m<-- GET /wd/hub/session/df9f32c4-0030-433a-a6cf-3dfcf61c4575/context &amp#27;[39m&amp#27;[32m200&amp#27;[39m &amp#27;[90m1 ms - 22&amp#27;[39m
&amp#27;[35m[HTTP]&amp#27;[39m &amp#27;[90m&amp#27;[39m
&amp#27;[35m[HTTP]&amp#27;[39m &amp#27;[37m-->&amp#27;[39m &amp#27;[37mPOST&amp#27;[39m &amp#27;[37m/wd/hub/session/df9f32c4-0030-433a-a6cf-3dfcf61c4575/element&amp#27;[39m
&amp#27;[35m[HTTP]&amp#27;[39m &amp#27;[90m{"using":"accessibility id","value":"input-repeat-password"}&amp#27;[39m
[debug] &amp#27;[35m[W3C (df9f32c4)]&amp#27;[39m Calling AppiumDriver.findElement() with args: ["accessibility id","input-repeat-password","df9f32c4-0030-433a-a6cf-3dfcf61c4575"]
[debug] &amp#27;[35m[BaseDriver]&amp#27;[39m Valid locator strategies for this request: xpath, id, class name, accessibility id, css selector, -android uiautomator
[debug] &amp#27;[35m[BaseDriver]&amp#27;[39m Waiting up to 30000 ms for condition
[debug] &amp#27;[35m[WD Proxy]&amp#27;[39m Matched '/element' to command name 'findElement'
[debug] &amp#27;[35m[WD Proxy]&amp#27;[39m Proxying [POST /element] to [POST http://127.0.0.1:8205/wd/hub/session/13aac962-8885-40a8-be47-5799470e7097/element] with body: {"strategy":"accessibility id","selector":"input-repeat-password","context":"","multiple":false}
[debug] &amp#27;[35m[WD Proxy]&amp#27;[39m Got response with status 200: {"sessionId":"13aac962-8885-40a8-be47-5799470e7097","value":{"ELEMENT":"00000000-0000-0085-7fff-ffff00000058","element-6066-11e4-a52e-4f735466cecf":"00000000-0000-0085-7fff-ffff00000058"}}
[debug] &amp#27;[35m[W3C (df9f32c4)]&amp#27;[39m Responding to client with driver.findElement() result: {"element-6066-11e4-a52e-4f735466cecf":"00000000-0000-0085-7fff-ffff00000058","ELEMENT":"00000000-0000-0085-7fff-ffff00000058"}
&amp#27;[35m[HTTP]&amp#27;[39m &amp#27;[37m<-- POST /wd/hub/session/df9f32c4-0030-433a-a6cf-3dfcf61c4575/element &amp#27;[39m&amp#27;[32m200&amp#27;[39m &amp#27;[90m49 ms - 137&amp#27;[39m
&amp#27;[35m[HTTP]&amp#27;[39m &amp#27;[90m&amp#27;[39m
&amp#27;[35m[HTTP]&amp#27;[39m &amp#27;[37m-->&amp#27;[39m &amp#27;[37mPOST&amp#27;[39m &amp#27;[37m/wd/hub/session/df9f32c4-0030-433a-a6cf-3dfcf61c4575/element/00000000-0000-0085-7fff-ffff00000058/value&amp#27;[39m
&amp#27;[35m[HTTP]&amp#27;[39m &amp#27;[90m{"id":"00000000-0000-0085-7fff-ffff00000058","text":"12345678","value":["1","2","3","4","5","6","7","8"]}&amp#27;[39m
[debug] &amp#27;[35m[W3C (df9f32c4)]&amp#27;[39m Calling AppiumDriver.setValue() with args: [["1","2","3","4","5","6","7","8"],"00000000-0000-0085-7fff-ffff00000058","df9f32c4-0030-433a-a6cf-3dfcf61c4575"]
[debug] &amp#27;[35m[WD Proxy]&amp#27;[39m Matched '/element/00000000-0000-0085-7fff-ffff00000058/value' to command name 'setValue'
[debug] &amp#27;[35m[Protocol Converter]&amp#27;[39m Added 'value' property ["1","2","3","4","5","6","7","8"] to 'setValue' request body
[debug] &amp#27;[35m[WD Proxy]&amp#27;[39m Proxying [POST /element/00000000-0000-0085-7fff-ffff00000058/value] to [POST http://127.0.0.1:8205/wd/hub/session/13aac962-8885-40a8-be47-5799470e7097/element/00000000-0000-0085-7fff-ffff00000058/value] with body: {"elementId":"00000000-0000-0085-7fff-ffff00000058","text":"12345678","replace":false,"value":["1","2","3","4","5","6","7","8"]}
[debug] &amp#27;[35m[WD Proxy]&amp#27;[39m Got response with status 200: {"sessionId":"13aac962-8885-40a8-be47-5799470e7097","value":null}
[debug] &amp#27;[35m[W3C (df9f32c4)]&amp#27;[39m Responding to client with driver.setValue() result: null
&amp#27;[35m[HTTP]&amp#27;[39m &amp#27;[37m<-- POST /wd/hub/session/df9f32c4-0030-433a-a6cf-3dfcf61c4575/element/00000000-0000-0085-7fff-ffff00000058/value &amp#27;[39m&amp#27;[32m200&amp#27;[39m &amp#27;[90m596 ms - 14&amp#27;[39m
&amp#27;[35m[HTTP]&amp#27;[39m &amp#27;[90m&amp#27;[39m
&amp#27;[35m[HTTP]&amp#27;[39m &amp#27;[37m-->&amp#27;[39m &amp#27;[37mGET&amp#27;[39m &amp#27;[37m/wd/hub/session/df9f32c4-0030-433a-a6cf-3dfcf61c4575/context&amp#27;[39m
&amp#27;[35m[HTTP]&amp#27;[39m &amp#27;[90m{}&amp#27;[39m
[debug] &amp#27;[35m[W3C (df9f32c4)]&amp#27;[39m Calling AppiumDriver.getCurrentContext() with args: ["df9f32c4-0030-433a-a6cf-3dfcf61c4575"]
[debug] &amp#27;[35m[W3C (df9f32c4)]&amp#27;[39m Responding to client with driver.getCurrentContext() result: "NATIVE_APP"
&amp#27;[35m[HTTP]&amp#27;[39m &amp#27;[37m<-- GET /wd/hub/session/df9f32c4-0030-433a-a6cf-3dfcf61c4575/context &amp#27;[39m&amp#27;[32m200&amp#27;[39m &amp#27;[90m1 ms - 22&amp#27;[39m
&amp#27;[35m[HTTP]&amp#27;[39m &amp#27;[90m&amp#27;[39m
&amp#27;[35m[HTTP]&amp#27;[39m &amp#27;[37m-->&amp#27;[39m &amp#27;[37mPOST&amp#27;[39m &amp#27;[37m/wd/hub/session/df9f32c4-0030-433a-a6cf-3dfcf61c4575/element&amp#27;[39m
&amp#27;[35m[HTTP]&amp#27;[39m &amp#27;[90m{"using":"accessibility id","value":"button-SIGN UP"}&amp#27;[39m
[debug] &amp#27;[35m[W3C (df9f32c4)]&amp#27;[39m Calling AppiumDriver.findElement() with args: ["accessibility id","button-SIGN UP","df9f32c4-0030-433a-a6cf-3dfcf61c4575"]
[debug] &amp#27;[35m[BaseDriver]&amp#27;[39m Valid locator strategies for this request: xpath, id, class name, accessibility id, css selector, -android uiautomator
[debug] &amp#27;[35m[BaseDriver]&amp#27;[39m Waiting up to 30000 ms for condition
[debug] &amp#27;[35m[WD Proxy]&amp#27;[39m Matched '/element' to command name 'findElement'
[debug] &amp#27;[35m[WD Proxy]&amp#27;[39m Proxying [POST /element] to [POST http://127.0.0.1:8205/wd/hub/session/13aac962-8885-40a8-be47-5799470e7097/element] with body: {"strategy":"accessibility id","selector":"button-SIGN UP","context":"","multiple":false}
[debug] &amp#27;[35m[WD Proxy]&amp#27;[39m Got response with status 200: {"sessionId":"13aac962-8885-40a8-be47-5799470e7097","value":{"ELEMENT":"00000000-0000-0085-7fff-ffff00000053","element-6066-11e4-a52e-4f735466cecf":"00000000-0000-0085-7fff-ffff00000053"}}
[debug] &amp#27;[35m[W3C (df9f32c4)]&amp#27;[39m Responding to client with driver.findElement() result: {"element-6066-11e4-a52e-4f735466cecf":"00000000-0000-0085-7fff-ffff00000053","ELEMENT":"00000000-0000-0085-7fff-ffff00000053"}
&amp#27;[35m[HTTP]&amp#27;[39m &amp#27;[37m<-- POST /wd/hub/session/df9f32c4-0030-433a-a6cf-3dfcf61c4575/element &amp#27;[39m&amp#27;[32m200&amp#27;[39m &amp#27;[90m731 ms - 137&amp#27;[39m
&amp#27;[35m[HTTP]&amp#27;[39m &amp#27;[90m&amp#27;[39m
&amp#27;[35m[HTTP]&amp#27;[39m &amp#27;[37m-->&amp#27;[39m &amp#27;[37mGET&amp#27;[39m &amp#27;[37m/wd/hub/session/df9f32c4-0030-433a-a6cf-3dfcf61c4575/element/00000000-0000-0085-7fff-ffff00000053/displayed&amp#27;[39m
&amp#27;[35m[HTTP]&amp#27;[39m &amp#27;[90m{}&amp#27;[39m
[debug] &amp#27;[35m[W3C (df9f32c4)]&amp#27;[39m Calling AppiumDriver.elementDisplayed() with args: ["00000000-0000-0085-7fff-ffff00000053","df9f32c4-0030-433a-a6cf-3dfcf61c4575"]
[debug] &amp#27;[35m[WD Proxy]&amp#27;[39m Matched '/element/00000000-0000-0085-7fff-ffff00000053/attribute/displayed' to command name 'getAttribute'
[debug] &amp#27;[35m[WD Proxy]&amp#27;[39m Proxying [GET /element/00000000-0000-0085-7fff-ffff00000053/attribute/displayed] to [GET http://127.0.0.1:8205/wd/hub/session/13aac962-8885-40a8-be47-5799470e7097/element/00000000-0000-0085-7fff-ffff00000053/attribute/displayed] with no body
[debug] &amp#27;[35m[WD Proxy]&amp#27;[39m Got response with status 200: {"sessionId":"13aac962-8885-40a8-be47-5799470e7097","value":"true"}
[debug] &amp#27;[35m[W3C (df9f32c4)]&amp#27;[39m Responding to client with driver.elementDisplayed() result: true
&amp#27;[35m[HTTP]&amp#27;[39m &amp#27;[37m<-- GET /wd/hub/session/df9f32c4-0030-433a-a6cf-3dfcf61c4575/element/00000000-0000-0085-7fff-ffff00000053/displayed &amp#27;[39m&amp#27;[32m200&amp#27;[39m &amp#27;[90m19 ms - 14&amp#27;[39m
&amp#27;[35m[HTTP]&amp#27;[39m &amp#27;[90m&amp#27;[39m
&amp#27;[35m[HTTP]&amp#27;[39m &amp#27;[37m-->&amp#27;[39m &amp#27;[37mGET&amp#27;[39m &amp#27;[37m/wd/hub/session/df9f32c4-0030-433a-a6cf-3dfcf61c4575/context&amp#27;[39m
&amp#27;[35m[HTTP]&amp#27;[39m &amp#27;[90m{}&amp#27;[39m
[debug] &amp#27;[35m[W3C (df9f32c4)]&amp#27;[39m Calling AppiumDriver.getCurrentContext() with args: ["df9f32c4-0030-433a-a6cf-3dfcf61c4575"]
[debug] &amp#27;[35m[W3C (df9f32c4)]&amp#27;[39m Responding to client with driver.getCurrentContext() result: "NATIVE_APP"
&amp#27;[35m[HTTP]&amp#27;[39m &amp#27;[37m<-- GET /wd/hub/session/df9f32c4-0030-433a-a6cf-3dfcf61c4575/context &amp#27;[39m&amp#27;[32m200&amp#27;[39m &amp#27;[90m1 ms - 22&amp#27;[39m
&amp#27;[35m[HTTP]&amp#27;[39m &amp#27;[90m&amp#27;[39m
&amp#27;[35m[HTTP]&amp#27;[39m &amp#27;[37m-->&amp#27;[39m &amp#27;[37mPOST&amp#27;[39m &amp#27;[37m/wd/hub/session/df9f32c4-0030-433a-a6cf-3dfcf61c4575/element&amp#27;[39m
&amp#27;[35m[HTTP]&amp#27;[39m &amp#27;[90m{"using":"accessibility id","value":"button-SIGN UP"}&amp#27;[39m
[debug] &amp#27;[35m[W3C (df9f32c4)]&amp#27;[39m Calling AppiumDriver.findElement() with args: ["accessibility id","button-SIGN UP","df9f32c4-0030-433a-a6cf-3dfcf61c4575"]
[debug] &amp#27;[35m[BaseDriver]&amp#27;[39m Valid locator strategies for this request: xpath, id, class name, accessibility id, css selector, -android uiautomator
[debug] &amp#27;[35m[BaseDriver]&amp#27;[39m Waiting up to 30000 ms for condition
[debug] &amp#27;[35m[WD Proxy]&amp#27;[39m Matched '/element' to command name 'findElement'
[debug] &amp#27;[35m[WD Proxy]&amp#27;[39m Proxying [POST /element] to [POST http://127.0.0.1:8205/wd/hub/session/13aac962-8885-40a8-be47-5799470e7097/element] with body: {"strategy":"accessibility id","selector":"button-SIGN UP","context":"","multiple":false}
[debug] &amp#27;[35m[WD Proxy]&amp#27;[39m Got response with status 200: {"sessionId":"13aac962-8885-40a8-be47-5799470e7097","value":{"ELEMENT":"00000000-0000-0085-7fff-ffff00000053","element-6066-11e4-a52e-4f735466cecf":"00000000-0000-0085-7fff-ffff00000053"}}
[debug] &amp#27;[35m[W3C (df9f32c4)]&amp#27;[39m Responding to client with driver.findElement() result: {"element-6066-11e4-a52e-4f735466cecf":"00000000-0000-0085-7fff-ffff00000053","ELEMENT":"00000000-0000-0085-7fff-ffff00000053"}
&amp#27;[35m[HTTP]&amp#27;[39m &amp#27;[37m<-- POST /wd/hub/session/df9f32c4-0030-433a-a6cf-3dfcf61c4575/element &amp#27;[39m&amp#27;[32m200&amp#27;[39m &amp#27;[90m49 ms - 137&amp#27;[39m
&amp#27;[35m[HTTP]&amp#27;[39m &amp#27;[90m&amp#27;[39m
&amp#27;[35m[HTTP]&amp#27;[39m &amp#27;[37m-->&amp#27;[39m &amp#27;[37mPOST&amp#27;[39m &amp#27;[37m/wd/hub/session/df9f32c4-0030-433a-a6cf-3dfcf61c4575/element/00000000-0000-0085-7fff-ffff00000053/click&amp#27;[39m
&amp#27;[35m[HTTP]&amp#27;[39m &amp#27;[90m{"id":"00000000-0000-0085-7fff-ffff00000053"}&amp#27;[39m
[debug] &amp#27;[35m[W3C (df9f32c4)]&amp#27;[39m Calling AppiumDriver.click() with args: ["00000000-0000-0085-7fff-ffff00000053","df9f32c4-0030-433a-a6cf-3dfcf61c4575"]
[debug] &amp#27;[35m[WD Proxy]&amp#27;[39m Matched '/element/00000000-0000-0085-7fff-ffff00000053/click' to command name 'click'
[debug] &amp#27;[35m[WD Proxy]&amp#27;[39m Proxying [POST /element/00000000-0000-0085-7fff-ffff00000053/click] to [POST http://127.0.0.1:8205/wd/hub/session/13aac962-8885-40a8-be47-5799470e7097/element/00000000-0000-0085-7fff-ffff00000053/click] with body: {"element":"00000000-0000-0085-7fff-ffff00000053"}
[debug] &amp#27;[35m[WD Proxy]&amp#27;[39m Got response with status 200: {"sessionId":"13aac962-8885-40a8-be47-5799470e7097","value":null}
[debug] &amp#27;[35m[W3C (df9f32c4)]&amp#27;[39m Responding to client with driver.click() result: null
&amp#27;[35m[HTTP]&amp#27;[39m &amp#27;[37m<-- POST /wd/hub/session/df9f32c4-0030-433a-a6cf-3dfcf61c4575/element/00000000-0000-0085-7fff-ffff00000053/click &amp#27;[39m&amp#27;[32m200&amp#27;[39m &amp#27;[90m35 ms - 14&amp#27;[39m
&amp#27;[35m[HTTP]&amp#27;[39m &amp#27;[90m&amp#27;[39m
&amp#27;[35m[HTTP]&amp#27;[39m &amp#27;[37m-->&amp#27;[39m &amp#27;[37mGET&amp#27;[39m &amp#27;[37m/wd/hub/session/df9f32c4-0030-433a-a6cf-3dfcf61c4575/context&amp#27;[39m
&amp#27;[35m[HTTP]&amp#27;[39m &amp#27;[90m{}&amp#27;[39m
[debug] &amp#27;[35m[W3C (df9f32c4)]&amp#27;[39m Calling AppiumDriver.getCurrentContext() with args: ["df9f32c4-0030-433a-a6cf-3dfcf61c4575"]
[debug] &amp#27;[35m[W3C (df9f32c4)]&amp#27;[39m Responding to client with driver.getCurrentContext() result: "NATIVE_APP"
&amp#27;[35m[HTTP]&amp#27;[39m &amp#27;[37m<-- GET /wd/hub/session/df9f32c4-0030-433a-a6cf-3dfcf61c4575/context &amp#27;[39m&amp#27;[32m200&amp#27;[39m &amp#27;[90m1 ms - 22&amp#27;[39m
&amp#27;[35m[HTTP]&amp#27;[39m &amp#27;[90m&amp#27;[39m
&amp#27;[35m[HTTP]&amp#27;[39m &amp#27;[37m-->&amp#27;[39m &amp#27;[37mPOST&amp#27;[39m &amp#27;[37m/wd/hub/session/df9f32c4-0030-433a-a6cf-3dfcf61c4575/element&amp#27;[39m
&amp#27;[35m[HTTP]&amp#27;[39m &amp#27;[90m{"using":"xpath","value":"//*[@content-desc='button-SIGN UP']/preceding-sibling::android.widget.TextView[3]"}&amp#27;[39m
[debug] &amp#27;[35m[W3C (df9f32c4)]&amp#27;[39m Calling AppiumDriver.findElement() with args: ["xpath","//*[@content-desc='button-SIGN UP']/preceding-sibling::android.widget.TextView[3]","df9f32c4-0030-433a-a6cf-3dfcf61c4575"]
[debug] &amp#27;[35m[BaseDriver]&amp#27;[39m Valid locator strategies for this request: xpath, id, class name, accessibility id, css selector, -android uiautomator
[debug] &amp#27;[35m[BaseDriver]&amp#27;[39m Waiting up to 30000 ms for condition
[debug] &amp#27;[35m[WD Proxy]&amp#27;[39m Matched '/element' to command name 'findElement'
[debug] &amp#27;[35m[WD Proxy]&amp#27;[39m Proxying [POST /element] to [POST http://127.0.0.1:8205/wd/hub/session/13aac962-8885-40a8-be47-5799470e7097/element] with body: {"strategy":"xpath","selector":"//*[@content-desc='button-SIGN UP']/preceding-sibling::android.widget.TextView[3]","context":"","multiple":false}
[debug] &amp#27;[35m[WD Proxy]&amp#27;[39m Got response with status 200: {"sessionId":"13aac962-8885-40a8-be47-5799470e7097","value":{"ELEMENT":"00000000-0000-0085-7fff-ffff0000004e","element-6066-11e4-a52e-4f735466cecf":"00000000-0000-0085-7fff-ffff0000004e"}}
[debug] &amp#27;[35m[W3C (df9f32c4)]&amp#27;[39m Responding to client with driver.findElement() result: {"element-6066-11e4-a52e-4f735466cecf":"00000000-0000-0085-7fff-ffff0000004e","ELEMENT":"00000000-0000-0085-7fff-ffff0000004e"}
&amp#27;[35m[HTTP]&amp#27;[39m &amp#27;[37m<-- POST /wd/hub/session/df9f32c4-0030-433a-a6cf-3dfcf61c4575/element &amp#27;[39m&amp#27;[32m200&amp#27;[39m &amp#27;[90m337 ms - 137&amp#27;[39m
&amp#27;[35m[HTTP]&amp#27;[39m &amp#27;[90m&amp#27;[39m
&amp#27;[35m[HTTP]&amp#27;[39m &amp#27;[37m-->&amp#27;[39m &amp#27;[37mGET&amp#27;[39m &amp#27;[37m/wd/hub/session/df9f32c4-0030-433a-a6cf-3dfcf61c4575/element/00000000-0000-0085-7fff-ffff0000004e/displayed&amp#27;[39m
&amp#27;[35m[HTTP]&amp#27;[39m &amp#27;[90m{}&amp#27;[39m
[debug] &amp#27;[35m[W3C (df9f32c4)]&amp#27;[39m Calling AppiumDriver.elementDisplayed() with args: ["00000000-0000-0085-7fff-ffff0000004e","df9f32c4-0030-433a-a6cf-3dfcf61c4575"]
[debug] &amp#27;[35m[WD Proxy]&amp#27;[39m Matched '/element/00000000-0000-0085-7fff-ffff0000004e/attribute/displayed' to command name 'getAttribute'
[debug] &amp#27;[35m[WD Proxy]&amp#27;[39m Proxying [GET /element/00000000-0000-0085-7fff-ffff0000004e/attribute/displayed] to [GET http://127.0.0.1:8205/wd/hub/session/13aac962-8885-40a8-be47-5799470e7097/element/00000000-0000-0085-7fff-ffff0000004e/attribute/displayed] with no body
[debug] &amp#27;[35m[WD Proxy]&amp#27;[39m Got response with status 200: {"sessionId":"13aac962-8885-40a8-be47-5799470e7097","value":"true"}
[debug] &amp#27;[35m[W3C (df9f32c4)]&amp#27;[39m Responding to client with driver.elementDisplayed() result: true
&amp#27;[35m[HTTP]&amp#27;[39m &amp#27;[37m<-- GET /wd/hub/session/df9f32c4-0030-433a-a6cf-3dfcf61c4575/element/00000000-0000-0085-7fff-ffff0000004e/displayed &amp#27;[39m&amp#27;[32m200&amp#27;[39m &amp#27;[90m720 ms - 14&amp#27;[39m
&amp#27;[35m[HTTP]&amp#27;[39m &amp#27;[90m&amp#27;[39m
&amp#27;[35m[HTTP]&amp#27;[39m &amp#27;[37m-->&amp#27;[39m &amp#27;[37mGET&amp#27;[39m &amp#27;[37m/wd/hub/session/df9f32c4-0030-433a-a6cf-3dfcf61c4575/context&amp#27;[39m
&amp#27;[35m[HTTP]&amp#27;[39m &amp#27;[90m{}&amp#27;[39m
[debug] &amp#27;[35m[W3C (df9f32c4)]&amp#27;[39m Calling AppiumDriver.getCurrentContext() with args: ["df9f32c4-0030-433a-a6cf-3dfcf61c4575"]
[debug] &amp#27;[35m[W3C (df9f32c4)]&amp#27;[39m Responding to client with driver.getCurrentContext() result: "NATIVE_APP"
&amp#27;[35m[HTTP]&amp#27;[39m &amp#27;[37m<-- GET /wd/hub/session/df9f32c4-0030-433a-a6cf-3dfcf61c4575/context &amp#27;[39m&amp#27;[32m200&amp#27;[39m &amp#27;[90m1 ms - 22&amp#27;[39m
&amp#27;[35m[HTTP]&amp#27;[39m &amp#27;[90m&amp#27;[39m
&amp#27;[35m[HTTP]&amp#27;[39m &amp#27;[37m-->&amp#27;[39m &amp#27;[37mPOST&amp#27;[39m &amp#27;[37m/wd/hub/session/df9f32c4-0030-433a-a6cf-3dfcf61c4575/element&amp#27;[39m
&amp#27;[35m[HTTP]&amp#27;[39m &amp#27;[90m{"using":"xpath","value":"//*[@content-desc='button-SIGN UP']/preceding-sibling::android.widget.TextView[3]"}&amp#27;[39m
[debug] &amp#27;[35m[W3C (df9f32c4)]&amp#27;[39m Calling AppiumDriver.findElement() with args: ["xpath","//*[@content-desc='button-SIGN UP']/preceding-sibling::android.widget.TextView[3]","df9f32c4-0030-433a-a6cf-3dfcf61c4575"]
[debug] &amp#27;[35m[BaseDriver]&amp#27;[39m Valid locator strategies for this request: xpath, id, class name, accessibility id, css selector, -android uiautomator
[debug] &amp#27;[35m[BaseDriver]&amp#27;[39m Waiting up to 30000 ms for condition
[debug] &amp#27;[35m[WD Proxy]&amp#27;[39m Matched '/element' to command name 'findElement'
[debug] &amp#27;[35m[WD Proxy]&amp#27;[39m Proxying [POST /element] to [POST http://127.0.0.1:8205/wd/hub/session/13aac962-8885-40a8-be47-5799470e7097/element] with body: {"strategy":"xpath","selector":"//*[@content-desc='button-SIGN UP']/preceding-sibling::android.widget.TextView[3]","context":"","multiple":false}
[debug] &amp#27;[35m[WD Proxy]&amp#27;[39m Got response with status 200: {"sessionId":"13aac962-8885-40a8-be47-5799470e7097","value":{"ELEMENT":"00000000-0000-0085-7fff-ffff0000004e","element-6066-11e4-a52e-4f735466cecf":"00000000-0000-0085-7fff-ffff0000004e"}}
[debug] &amp#27;[35m[W3C (df9f32c4)]&amp#27;[39m Responding to client with driver.findElement() result: {"element-6066-11e4-a52e-4f735466cecf":"00000000-0000-0085-7fff-ffff0000004e","ELEMENT":"00000000-0000-0085-7fff-ffff0000004e"}
&amp#27;[35m[HTTP]&amp#27;[39m &amp#27;[37m<-- POST /wd/hub/session/df9f32c4-0030-433a-a6cf-3dfcf61c4575/element &amp#27;[39m&amp#27;[32m200&amp#27;[39m &amp#27;[90m237 ms - 137&amp#27;[39m
&amp#27;[35m[HTTP]&amp#27;[39m &amp#27;[90m&amp#27;[39m
&amp#27;[35m[HTTP]&amp#27;[39m &amp#27;[37m-->&amp#27;[39m &amp#27;[37mGET&amp#27;[39m &amp#27;[37m/wd/hub/session/df9f32c4-0030-433a-a6cf-3dfcf61c4575/element/00000000-0000-0085-7fff-ffff0000004e/text&amp#27;[39m
&amp#27;[35m[HTTP]&amp#27;[39m &amp#27;[90m{}&amp#27;[39m
&amp#27;[35m[W3C (df9f32c4)]&amp#27;[39m Driver proxy active, passing request on via HTTP proxy
[debug] &amp#27;[35m[WD Proxy]&amp#27;[39m Matched '/wd/hub/session/df9f32c4-0030-433a-a6cf-3dfcf61c4575/element/00000000-0000-0085-7fff-ffff0000004e/text' to command name 'getText'
[debug] &amp#27;[35m[WD Proxy]&amp#27;[39m Proxying [GET /wd/hub/session/df9f32c4-0030-433a-a6cf-3dfcf61c4575/element/00000000-0000-0085-7fff-ffff0000004e/text] to [GET http://127.0.0.1:8205/wd/hub/session/13aac962-8885-40a8-be47-5799470e7097/element/00000000-0000-0085-7fff-ffff0000004e/text] with no body
[debug] &amp#27;[35m[WD Proxy]&amp#27;[39m Got response with status 200: {"sessionId":"13aac962-8885-40a8-be47-5799470e7097","value":"Please enter a valid email address"}
&amp#27;[35m[WD Proxy]&amp#27;[39m Replacing sessionId 13aac962-8885-40a8-be47-5799470e7097 with df9f32c4-0030-433a-a6cf-3dfcf61c4575
&amp#27;[35m[HTTP]&amp#27;[39m &amp#27;[37m<-- GET /wd/hub/session/df9f32c4-0030-433a-a6cf-3dfcf61c4575/element/00000000-0000-0085-7fff-ffff0000004e/text &amp#27;[39m&amp#27;[32m200&amp#27;[39m &amp#27;[90m15 ms - 97&amp#27;[39m
&amp#27;[35m[HTTP]&amp#27;[39m &amp#27;[90m&amp#27;[39m
]]></system-out>
    <system-err><![CDATA[Nov 28, 2021 5:10:02 PM io.appium.java_client.remote.AppiumCommandExecutor$1 lambda$0
INFO: Detected dialect: W3C
]]></system-err>
  </testcase>
  <testcase name="signUpWithInvalidPassword" classname="TestNG.TestLoginPage.SignUpTest" time="11.01">
    <system-out><![CDATA[&amp#27;[35m[HTTP]&amp#27;[39m &amp#27;[37m-->&amp#27;[39m &amp#27;[37mPOST&amp#27;[39m &amp#27;[37m/wd/hub/session/df9f32c4-0030-433a-a6cf-3dfcf61c4575/appium/app/close&amp#27;[39m
&amp#27;[35m[HTTP]&amp#27;[39m &amp#27;[90m{}&amp#27;[39m
[debug] &amp#27;[35m[W3C (df9f32c4)]&amp#27;[39m Calling AppiumDriver.closeApp() with args: ["df9f32c4-0030-433a-a6cf-3dfcf61c4575"]
[debug] &amp#27;[35m[ADB]&amp#27;[39m Running 'C:\Android\sdk\platform-tools\adb.exe -P 5037 -s 05157df58940201b shell am force-stop com.wdiodemoapp'
[debug] &amp#27;[35m[W3C (df9f32c4)]&amp#27;[39m Responding to client with driver.closeApp() result: null
&amp#27;[35m[HTTP]&amp#27;[39m &amp#27;[37m<-- POST /wd/hub/session/df9f32c4-0030-433a-a6cf-3dfcf61c4575/appium/app/close &amp#27;[39m&amp#27;[32m200&amp#27;[39m &amp#27;[90m805 ms - 14&amp#27;[39m
&amp#27;[35m[HTTP]&amp#27;[39m &amp#27;[90m&amp#27;[39m
&amp#27;[35m[HTTP]&amp#27;[39m &amp#27;[37m-->&amp#27;[39m &amp#27;[37mPOST&amp#27;[39m &amp#27;[37m/wd/hub/session/df9f32c4-0030-433a-a6cf-3dfcf61c4575/appium/app/launch&amp#27;[39m
&amp#27;[35m[HTTP]&amp#27;[39m &amp#27;[90m{}&amp#27;[39m
[debug] &amp#27;[35m[W3C (df9f32c4)]&amp#27;[39m Calling AppiumDriver.launchApp() with args: ["df9f32c4-0030-433a-a6cf-3dfcf61c4575"]
[debug] &amp#27;[35m[UiAutomator2]&amp#27;[39m No app capability. Assuming it is already on the device
[debug] &amp#27;[35m[ADB]&amp#27;[39m Getting install status for com.wdiodemoapp
[debug] &amp#27;[35m[ADB]&amp#27;[39m Running 'C:\Android\sdk\platform-tools\adb.exe -P 5037 -s 05157df58940201b shell dumpsys package com.wdiodemoapp'
[debug] &amp#27;[35m[ADB]&amp#27;[39m 'com.wdiodemoapp' is installed
[debug] &amp#27;[35m[ADB]&amp#27;[39m Running 'C:\Android\sdk\platform-tools\adb.exe -P 5037 -s 05157df58940201b shell am force-stop com.wdiodemoapp'
[debug] &amp#27;[35m[ADB]&amp#27;[39m Running 'C:\Android\sdk\platform-tools\adb.exe -P 5037 -s 05157df58940201b shell pm clear com.wdiodemoapp'
[debug] &amp#27;[35m[AndroidDriver]&amp#27;[39m Performed fast reset on the installed 'com.wdiodemoapp' application (stop and clear)
[debug] &amp#27;[35m[ADB]&amp#27;[39m Running 'C:\Android\sdk\platform-tools\adb.exe -P 5037 -s 05157df58940201b shell am start -W -n com.wdiodemoapp/com.wdiodemoapp.MainActivity -S -a android.intent.action.MAIN -c android.intent.category.LAUNCHER -f 0x10200000'
[debug] &amp#27;[35m[W3C (df9f32c4)]&amp#27;[39m Responding to client with driver.launchApp() result: null
&amp#27;[35m[HTTP]&amp#27;[39m &amp#27;[37m<-- POST /wd/hub/session/df9f32c4-0030-433a-a6cf-3dfcf61c4575/appium/app/launch &amp#27;[39m&amp#27;[32m200&amp#27;[39m &amp#27;[90m2859 ms - 14&amp#27;[39m
&amp#27;[35m[HTTP]&amp#27;[39m &amp#27;[90m&amp#27;[39m
&amp#27;[35m[HTTP]&amp#27;[39m &amp#27;[37m-->&amp#27;[39m &amp#27;[37mGET&amp#27;[39m &amp#27;[37m/wd/hub/session/df9f32c4-0030-433a-a6cf-3dfcf61c4575/context&amp#27;[39m
&amp#27;[35m[HTTP]&amp#27;[39m &amp#27;[90m{}&amp#27;[39m
[debug] &amp#27;[35m[W3C (df9f32c4)]&amp#27;[39m Calling AppiumDriver.getCurrentContext() with args: ["df9f32c4-0030-433a-a6cf-3dfcf61c4575"]
[debug] &amp#27;[35m[W3C (df9f32c4)]&amp#27;[39m Responding to client with driver.getCurrentContext() result: "NATIVE_APP"
&amp#27;[35m[HTTP]&amp#27;[39m &amp#27;[37m<-- GET /wd/hub/session/df9f32c4-0030-433a-a6cf-3dfcf61c4575/context &amp#27;[39m&amp#27;[32m200&amp#27;[39m &amp#27;[90m1 ms - 22&amp#27;[39m
&amp#27;[35m[HTTP]&amp#27;[39m &amp#27;[90m&amp#27;[39m
&amp#27;[35m[HTTP]&amp#27;[39m &amp#27;[37m-->&amp#27;[39m &amp#27;[37mPOST&amp#27;[39m &amp#27;[37m/wd/hub/session/df9f32c4-0030-433a-a6cf-3dfcf61c4575/element&amp#27;[39m
&amp#27;[35m[HTTP]&amp#27;[39m &amp#27;[90m{"using":"accessibility id","value":"Login"}&amp#27;[39m
[debug] &amp#27;[35m[W3C (df9f32c4)]&amp#27;[39m Calling AppiumDriver.findElement() with args: ["accessibility id","Login","df9f32c4-0030-433a-a6cf-3dfcf61c4575"]
[debug] &amp#27;[35m[BaseDriver]&amp#27;[39m Valid locator strategies for this request: xpath, id, class name, accessibility id, css selector, -android uiautomator
[debug] &amp#27;[35m[BaseDriver]&amp#27;[39m Waiting up to 30000 ms for condition
[debug] &amp#27;[35m[WD Proxy]&amp#27;[39m Matched '/element' to command name 'findElement'
[debug] &amp#27;[35m[WD Proxy]&amp#27;[39m Proxying [POST /element] to [POST http://127.0.0.1:8205/wd/hub/session/13aac962-8885-40a8-be47-5799470e7097/element] with body: {"strategy":"accessibility id","selector":"Login","context":"","multiple":false}
[debug] &amp#27;[35m[WD Proxy]&amp#27;[39m Got response with status 200: {"sessionId":"13aac962-8885-40a8-be47-5799470e7097","value":{"ELEMENT":"00000000-0000-0088-7fff-ffff00000011","element-6066-11e4-a52e-4f735466cecf":"00000000-0000-0088-7fff-ffff00000011"}}
[debug] &amp#27;[35m[W3C (df9f32c4)]&amp#27;[39m Responding to client with driver.findElement() result: {"element-6066-11e4-a52e-4f735466cecf":"00000000-0000-0088-7fff-ffff00000011","ELEMENT":"00000000-0000-0088-7fff-ffff00000011"}
&amp#27;[35m[HTTP]&amp#27;[39m &amp#27;[37m<-- POST /wd/hub/session/df9f32c4-0030-433a-a6cf-3dfcf61c4575/element &amp#27;[39m&amp#27;[32m200&amp#27;[39m &amp#27;[90m1233 ms - 137&amp#27;[39m
&amp#27;[35m[HTTP]&amp#27;[39m &amp#27;[90m&amp#27;[39m
&amp#27;[35m[HTTP]&amp#27;[39m &amp#27;[37m-->&amp#27;[39m &amp#27;[37mGET&amp#27;[39m &amp#27;[37m/wd/hub/session/df9f32c4-0030-433a-a6cf-3dfcf61c4575/element/00000000-0000-0088-7fff-ffff00000011/displayed&amp#27;[39m
&amp#27;[35m[HTTP]&amp#27;[39m &amp#27;[90m{}&amp#27;[39m
[debug] &amp#27;[35m[W3C (df9f32c4)]&amp#27;[39m Calling AppiumDriver.elementDisplayed() with args: ["00000000-0000-0088-7fff-ffff00000011","df9f32c4-0030-433a-a6cf-3dfcf61c4575"]
[debug] &amp#27;[35m[WD Proxy]&amp#27;[39m Matched '/element/00000000-0000-0088-7fff-ffff00000011/attribute/displayed' to command name 'getAttribute'
[debug] &amp#27;[35m[WD Proxy]&amp#27;[39m Proxying [GET /element/00000000-0000-0088-7fff-ffff00000011/attribute/displayed] to [GET http://127.0.0.1:8205/wd/hub/session/13aac962-8885-40a8-be47-5799470e7097/element/00000000-0000-0088-7fff-ffff00000011/attribute/displayed] with no body
[debug] &amp#27;[35m[WD Proxy]&amp#27;[39m Got response with status 200: {"sessionId":"13aac962-8885-40a8-be47-5799470e7097","value":"true"}
[debug] &amp#27;[35m[W3C (df9f32c4)]&amp#27;[39m Responding to client with driver.elementDisplayed() result: true
&amp#27;[35m[HTTP]&amp#27;[39m &amp#27;[37m<-- GET /wd/hub/session/df9f32c4-0030-433a-a6cf-3dfcf61c4575/element/00000000-0000-0088-7fff-ffff00000011/displayed &amp#27;[39m&amp#27;[32m200&amp#27;[39m &amp#27;[90m18 ms - 14&amp#27;[39m
&amp#27;[35m[HTTP]&amp#27;[39m &amp#27;[90m&amp#27;[39m
&amp#27;[35m[HTTP]&amp#27;[39m &amp#27;[37m-->&amp#27;[39m &amp#27;[37mGET&amp#27;[39m &amp#27;[37m/wd/hub/session/df9f32c4-0030-433a-a6cf-3dfcf61c4575/context&amp#27;[39m
&amp#27;[35m[HTTP]&amp#27;[39m &amp#27;[90m{}&amp#27;[39m
[debug] &amp#27;[35m[W3C (df9f32c4)]&amp#27;[39m Calling AppiumDriver.getCurrentContext() with args: ["df9f32c4-0030-433a-a6cf-3dfcf61c4575"]
[debug] &amp#27;[35m[W3C (df9f32c4)]&amp#27;[39m Responding to client with driver.getCurrentContext() result: "NATIVE_APP"
&amp#27;[35m[HTTP]&amp#27;[39m &amp#27;[37m<-- GET /wd/hub/session/df9f32c4-0030-433a-a6cf-3dfcf61c4575/context &amp#27;[39m&amp#27;[32m200&amp#27;[39m &amp#27;[90m1 ms - 22&amp#27;[39m
&amp#27;[35m[HTTP]&amp#27;[39m &amp#27;[90m&amp#27;[39m
&amp#27;[35m[HTTP]&amp#27;[39m &amp#27;[37m-->&amp#27;[39m &amp#27;[37mPOST&amp#27;[39m &amp#27;[37m/wd/hub/session/df9f32c4-0030-433a-a6cf-3dfcf61c4575/element&amp#27;[39m
&amp#27;[35m[HTTP]&amp#27;[39m &amp#27;[90m{"using":"accessibility id","value":"Login"}&amp#27;[39m
[debug] &amp#27;[35m[W3C (df9f32c4)]&amp#27;[39m Calling AppiumDriver.findElement() with args: ["accessibility id","Login","df9f32c4-0030-433a-a6cf-3dfcf61c4575"]
[debug] &amp#27;[35m[BaseDriver]&amp#27;[39m Valid locator strategies for this request: xpath, id, class name, accessibility id, css selector, -android uiautomator
[debug] &amp#27;[35m[BaseDriver]&amp#27;[39m Waiting up to 30000 ms for condition
[debug] &amp#27;[35m[WD Proxy]&amp#27;[39m Matched '/element' to command name 'findElement'
[debug] &amp#27;[35m[WD Proxy]&amp#27;[39m Proxying [POST /element] to [POST http://127.0.0.1:8205/wd/hub/session/13aac962-8885-40a8-be47-5799470e7097/element] with body: {"strategy":"accessibility id","selector":"Login","context":"","multiple":false}
[debug] &amp#27;[35m[WD Proxy]&amp#27;[39m Got response with status 200: {"sessionId":"13aac962-8885-40a8-be47-5799470e7097","value":{"ELEMENT":"00000000-0000-0088-7fff-ffff00000011","element-6066-11e4-a52e-4f735466cecf":"00000000-0000-0088-7fff-ffff00000011"}}
[debug] &amp#27;[35m[W3C (df9f32c4)]&amp#27;[39m Responding to client with driver.findElement() result: {"element-6066-11e4-a52e-4f735466cecf":"00000000-0000-0088-7fff-ffff00000011","ELEMENT":"00000000-0000-0088-7fff-ffff00000011"}
&amp#27;[35m[HTTP]&amp#27;[39m &amp#27;[37m<-- POST /wd/hub/session/df9f32c4-0030-433a-a6cf-3dfcf61c4575/element &amp#27;[39m&amp#27;[32m200&amp#27;[39m &amp#27;[90m56 ms - 137&amp#27;[39m
&amp#27;[35m[HTTP]&amp#27;[39m &amp#27;[90m&amp#27;[39m
&amp#27;[35m[HTTP]&amp#27;[39m &amp#27;[37m-->&amp#27;[39m &amp#27;[37mPOST&amp#27;[39m &amp#27;[37m/wd/hub/session/df9f32c4-0030-433a-a6cf-3dfcf61c4575/element/00000000-0000-0088-7fff-ffff00000011/click&amp#27;[39m
&amp#27;[35m[HTTP]&amp#27;[39m &amp#27;[90m{"id":"00000000-0000-0088-7fff-ffff00000011"}&amp#27;[39m
[debug] &amp#27;[35m[W3C (df9f32c4)]&amp#27;[39m Calling AppiumDriver.click() with args: ["00000000-0000-0088-7fff-ffff00000011","df9f32c4-0030-433a-a6cf-3dfcf61c4575"]
[debug] &amp#27;[35m[WD Proxy]&amp#27;[39m Matched '/element/00000000-0000-0088-7fff-ffff00000011/click' to command name 'click'
[debug] &amp#27;[35m[WD Proxy]&amp#27;[39m Proxying [POST /element/00000000-0000-0088-7fff-ffff00000011/click] to [POST http://127.0.0.1:8205/wd/hub/session/13aac962-8885-40a8-be47-5799470e7097/element/00000000-0000-0088-7fff-ffff00000011/click] with body: {"element":"00000000-0000-0088-7fff-ffff00000011"}
[debug] &amp#27;[35m[WD Proxy]&amp#27;[39m Got response with status 200: {"sessionId":"13aac962-8885-40a8-be47-5799470e7097","value":null}
[debug] &amp#27;[35m[W3C (df9f32c4)]&amp#27;[39m Responding to client with driver.click() result: null
&amp#27;[35m[HTTP]&amp#27;[39m &amp#27;[37m<-- POST /wd/hub/session/df9f32c4-0030-433a-a6cf-3dfcf61c4575/element/00000000-0000-0088-7fff-ffff00000011/click &amp#27;[39m&amp#27;[32m200&amp#27;[39m &amp#27;[90m53 ms - 14&amp#27;[39m
&amp#27;[35m[HTTP]&amp#27;[39m &amp#27;[90m&amp#27;[39m
&amp#27;[35m[HTTP]&amp#27;[39m &amp#27;[37m-->&amp#27;[39m &amp#27;[37mGET&amp#27;[39m &amp#27;[37m/wd/hub/session/df9f32c4-0030-433a-a6cf-3dfcf61c4575/context&amp#27;[39m
&amp#27;[35m[HTTP]&amp#27;[39m &amp#27;[90m{}&amp#27;[39m
[debug] &amp#27;[35m[W3C (df9f32c4)]&amp#27;[39m Calling AppiumDriver.getCurrentContext() with args: ["df9f32c4-0030-433a-a6cf-3dfcf61c4575"]
[debug] &amp#27;[35m[W3C (df9f32c4)]&amp#27;[39m Responding to client with driver.getCurrentContext() result: "NATIVE_APP"
&amp#27;[35m[HTTP]&amp#27;[39m &amp#27;[37m<-- GET /wd/hub/session/df9f32c4-0030-433a-a6cf-3dfcf61c4575/context &amp#27;[39m&amp#27;[32m200&amp#27;[39m &amp#27;[90m1 ms - 22&amp#27;[39m
&amp#27;[35m[HTTP]&amp#27;[39m &amp#27;[90m&amp#27;[39m
&amp#27;[35m[HTTP]&amp#27;[39m &amp#27;[37m-->&amp#27;[39m &amp#27;[37mPOST&amp#27;[39m &amp#27;[37m/wd/hub/session/df9f32c4-0030-433a-a6cf-3dfcf61c4575/element&amp#27;[39m
&amp#27;[35m[HTTP]&amp#27;[39m &amp#27;[90m{"using":"accessibility id","value":"button-sign-up-container"}&amp#27;[39m
[debug] &amp#27;[35m[W3C (df9f32c4)]&amp#27;[39m Calling AppiumDriver.findElement() with args: ["accessibility id","button-sign-up-container","df9f32c4-0030-433a-a6cf-3dfcf61c4575"]
[debug] &amp#27;[35m[BaseDriver]&amp#27;[39m Valid locator strategies for this request: xpath, id, class name, accessibility id, css selector, -android uiautomator
[debug] &amp#27;[35m[BaseDriver]&amp#27;[39m Waiting up to 30000 ms for condition
[debug] &amp#27;[35m[WD Proxy]&amp#27;[39m Matched '/element' to command name 'findElement'
[debug] &amp#27;[35m[WD Proxy]&amp#27;[39m Proxying [POST /element] to [POST http://127.0.0.1:8205/wd/hub/session/13aac962-8885-40a8-be47-5799470e7097/element] with body: {"strategy":"accessibility id","selector":"button-sign-up-container","context":"","multiple":false}
&amp#27;[35m[WD Proxy]&amp#27;[39m Got response with status 404: {"sessionId":"13aac962-8885-40a8-be47-5799470e7097","value":{"error":"no such element","message":"An element could not be located on the page using the given search parameters","stacktrace":"io.appium.uiautomator2.common.exceptions.ElementNotFoundException: An element could not be located on the page using the given search parameters\n\tat io.appium.uiautomator2.handler.FindElement.safeHandle(FindElement.java:70)\n\tat io.appium.uiautomator2.handler.request.SafeRequestHandler.handle(SafeRequestHandler.java:59)\n\tat io.appium.uiautomator2.server.AppiumServlet.handleRequest(AppiumServlet.java:264)\n\tat io.appium.uiautomator2.server.AppiumServlet.handleHttpRequest(AppiumServlet.java:258)\n\tat io.appium.uiautomator2.http.ServerHandler.channelRead(ServerHandler.java:68)\n\tat io.netty.channel.AbstractChannelHandlerContext.invokeChannelRead(AbstractChannelHandlerContext.java:366)\n\tat io.netty.channel.AbstractChannelHandlerContext.invokeChannelRead(AbstractChannelHandlerContext.java:352)\n\tat io.netty.chann...
[debug] &amp#27;[35m[W3C]&amp#27;[39m Matched W3C error code 'no such element' to NoSuchElementError
[debug] &amp#27;[35m[BaseDriver]&amp#27;[39m Waited for 58 ms so far
[debug] &amp#27;[35m[WD Proxy]&amp#27;[39m Matched '/element' to command name 'findElement'
[debug] &amp#27;[35m[WD Proxy]&amp#27;[39m Proxying [POST /element] to [POST http://127.0.0.1:8205/wd/hub/session/13aac962-8885-40a8-be47-5799470e7097/element] with body: {"strategy":"accessibility id","selector":"button-sign-up-container","context":"","multiple":false}
[debug] &amp#27;[35m[WD Proxy]&amp#27;[39m Got response with status 200: {"sessionId":"13aac962-8885-40a8-be47-5799470e7097","value":{"ELEMENT":"00000000-0000-0088-7fff-ffff00000047","element-6066-11e4-a52e-4f735466cecf":"00000000-0000-0088-7fff-ffff00000047"}}
[debug] &amp#27;[35m[W3C (df9f32c4)]&amp#27;[39m Responding to client with driver.findElement() result: {"element-6066-11e4-a52e-4f735466cecf":"00000000-0000-0088-7fff-ffff00000047","ELEMENT":"00000000-0000-0088-7fff-ffff00000047"}
&amp#27;[35m[HTTP]&amp#27;[39m &amp#27;[37m<-- POST /wd/hub/session/df9f32c4-0030-433a-a6cf-3dfcf61c4575/element &amp#27;[39m&amp#27;[32m200&amp#27;[39m &amp#27;[90m962 ms - 137&amp#27;[39m
&amp#27;[35m[HTTP]&amp#27;[39m &amp#27;[90m&amp#27;[39m
&amp#27;[35m[HTTP]&amp#27;[39m &amp#27;[37m-->&amp#27;[39m &amp#27;[37mPOST&amp#27;[39m &amp#27;[37m/wd/hub/session/df9f32c4-0030-433a-a6cf-3dfcf61c4575/element/00000000-0000-0088-7fff-ffff00000047/click&amp#27;[39m
&amp#27;[35m[HTTP]&amp#27;[39m &amp#27;[90m{"id":"00000000-0000-0088-7fff-ffff00000047"}&amp#27;[39m
[debug] &amp#27;[35m[W3C (df9f32c4)]&amp#27;[39m Calling AppiumDriver.click() with args: ["00000000-0000-0088-7fff-ffff00000047","df9f32c4-0030-433a-a6cf-3dfcf61c4575"]
[debug] &amp#27;[35m[WD Proxy]&amp#27;[39m Matched '/element/00000000-0000-0088-7fff-ffff00000047/click' to command name 'click'
[debug] &amp#27;[35m[WD Proxy]&amp#27;[39m Proxying [POST /element/00000000-0000-0088-7fff-ffff00000047/click] to [POST http://127.0.0.1:8205/wd/hub/session/13aac962-8885-40a8-be47-5799470e7097/element/00000000-0000-0088-7fff-ffff00000047/click] with body: {"element":"00000000-0000-0088-7fff-ffff00000047"}
[debug] &amp#27;[35m[WD Proxy]&amp#27;[39m Got response with status 200: {"sessionId":"13aac962-8885-40a8-be47-5799470e7097","value":null}
[debug] &amp#27;[35m[W3C (df9f32c4)]&amp#27;[39m Responding to client with driver.click() result: null
&amp#27;[35m[HTTP]&amp#27;[39m &amp#27;[37m<-- POST /wd/hub/session/df9f32c4-0030-433a-a6cf-3dfcf61c4575/element/00000000-0000-0088-7fff-ffff00000047/click &amp#27;[39m&amp#27;[32m200&amp#27;[39m &amp#27;[90m52 ms - 14&amp#27;[39m
&amp#27;[35m[HTTP]&amp#27;[39m &amp#27;[90m&amp#27;[39m
&amp#27;[35m[HTTP]&amp#27;[39m &amp#27;[37m-->&amp#27;[39m &amp#27;[37mGET&amp#27;[39m &amp#27;[37m/wd/hub/session/df9f32c4-0030-433a-a6cf-3dfcf61c4575/context&amp#27;[39m
&amp#27;[35m[HTTP]&amp#27;[39m &amp#27;[90m{}&amp#27;[39m
[debug] &amp#27;[35m[W3C (df9f32c4)]&amp#27;[39m Calling AppiumDriver.getCurrentContext() with args: ["df9f32c4-0030-433a-a6cf-3dfcf61c4575"]
[debug] &amp#27;[35m[W3C (df9f32c4)]&amp#27;[39m Responding to client with driver.getCurrentContext() result: "NATIVE_APP"
&amp#27;[35m[HTTP]&amp#27;[39m &amp#27;[37m<-- GET /wd/hub/session/df9f32c4-0030-433a-a6cf-3dfcf61c4575/context &amp#27;[39m&amp#27;[32m200&amp#27;[39m &amp#27;[90m1 ms - 22&amp#27;[39m
&amp#27;[35m[HTTP]&amp#27;[39m &amp#27;[90m&amp#27;[39m
&amp#27;[35m[HTTP]&amp#27;[39m &amp#27;[37m-->&amp#27;[39m &amp#27;[37mPOST&amp#27;[39m &amp#27;[37m/wd/hub/session/df9f32c4-0030-433a-a6cf-3dfcf61c4575/element&amp#27;[39m
&amp#27;[35m[HTTP]&amp#27;[39m &amp#27;[90m{"using":"accessibility id","value":"button-SIGN UP"}&amp#27;[39m
[debug] &amp#27;[35m[W3C (df9f32c4)]&amp#27;[39m Calling AppiumDriver.findElement() with args: ["accessibility id","button-SIGN UP","df9f32c4-0030-433a-a6cf-3dfcf61c4575"]
[debug] &amp#27;[35m[BaseDriver]&amp#27;[39m Valid locator strategies for this request: xpath, id, class name, accessibility id, css selector, -android uiautomator
[debug] &amp#27;[35m[BaseDriver]&amp#27;[39m Waiting up to 30000 ms for condition
[debug] &amp#27;[35m[WD Proxy]&amp#27;[39m Matched '/element' to command name 'findElement'
[debug] &amp#27;[35m[WD Proxy]&amp#27;[39m Proxying [POST /element] to [POST http://127.0.0.1:8205/wd/hub/session/13aac962-8885-40a8-be47-5799470e7097/element] with body: {"strategy":"accessibility id","selector":"button-SIGN UP","context":"","multiple":false}
[debug] &amp#27;[35m[WD Proxy]&amp#27;[39m Got response with status 200: {"sessionId":"13aac962-8885-40a8-be47-5799470e7097","value":{"ELEMENT":"00000000-0000-0088-7fff-ffff00000053","element-6066-11e4-a52e-4f735466cecf":"00000000-0000-0088-7fff-ffff00000053"}}
[debug] &amp#27;[35m[W3C (df9f32c4)]&amp#27;[39m Responding to client with driver.findElement() result: {"element-6066-11e4-a52e-4f735466cecf":"00000000-0000-0088-7fff-ffff00000053","ELEMENT":"00000000-0000-0088-7fff-ffff00000053"}
&amp#27;[35m[HTTP]&amp#27;[39m &amp#27;[37m<-- POST /wd/hub/session/df9f32c4-0030-433a-a6cf-3dfcf61c4575/element &amp#27;[39m&amp#27;[32m200&amp#27;[39m &amp#27;[90m514 ms - 137&amp#27;[39m
&amp#27;[35m[HTTP]&amp#27;[39m &amp#27;[90m&amp#27;[39m
&amp#27;[35m[HTTP]&amp#27;[39m &amp#27;[37m-->&amp#27;[39m &amp#27;[37mGET&amp#27;[39m &amp#27;[37m/wd/hub/session/df9f32c4-0030-433a-a6cf-3dfcf61c4575/element/00000000-0000-0088-7fff-ffff00000053/displayed&amp#27;[39m
&amp#27;[35m[HTTP]&amp#27;[39m &amp#27;[90m{}&amp#27;[39m
[debug] &amp#27;[35m[W3C (df9f32c4)]&amp#27;[39m Calling AppiumDriver.elementDisplayed() with args: ["00000000-0000-0088-7fff-ffff00000053","df9f32c4-0030-433a-a6cf-3dfcf61c4575"]
[debug] &amp#27;[35m[WD Proxy]&amp#27;[39m Matched '/element/00000000-0000-0088-7fff-ffff00000053/attribute/displayed' to command name 'getAttribute'
[debug] &amp#27;[35m[WD Proxy]&amp#27;[39m Proxying [GET /element/00000000-0000-0088-7fff-ffff00000053/attribute/displayed] to [GET http://127.0.0.1:8205/wd/hub/session/13aac962-8885-40a8-be47-5799470e7097/element/00000000-0000-0088-7fff-ffff00000053/attribute/displayed] with no body
[debug] &amp#27;[35m[WD Proxy]&amp#27;[39m Got response with status 200: {"sessionId":"13aac962-8885-40a8-be47-5799470e7097","value":"true"}
[debug] &amp#27;[35m[W3C (df9f32c4)]&amp#27;[39m Responding to client with driver.elementDisplayed() result: true
&amp#27;[35m[HTTP]&amp#27;[39m &amp#27;[37m<-- GET /wd/hub/session/df9f32c4-0030-433a-a6cf-3dfcf61c4575/element/00000000-0000-0088-7fff-ffff00000053/displayed &amp#27;[39m&amp#27;[32m200&amp#27;[39m &amp#27;[90m560 ms - 14&amp#27;[39m
&amp#27;[35m[HTTP]&amp#27;[39m &amp#27;[90m&amp#27;[39m
&amp#27;[35m[HTTP]&amp#27;[39m &amp#27;[37m-->&amp#27;[39m &amp#27;[37mGET&amp#27;[39m &amp#27;[37m/wd/hub/session/df9f32c4-0030-433a-a6cf-3dfcf61c4575/context&amp#27;[39m
&amp#27;[35m[HTTP]&amp#27;[39m &amp#27;[90m{}&amp#27;[39m
[debug] &amp#27;[35m[W3C (df9f32c4)]&amp#27;[39m Calling AppiumDriver.getCurrentContext() with args: ["df9f32c4-0030-433a-a6cf-3dfcf61c4575"]
[debug] &amp#27;[35m[W3C (df9f32c4)]&amp#27;[39m Responding to client with driver.getCurrentContext() result: "NATIVE_APP"
&amp#27;[35m[HTTP]&amp#27;[39m &amp#27;[37m<-- GET /wd/hub/session/df9f32c4-0030-433a-a6cf-3dfcf61c4575/context &amp#27;[39m&amp#27;[32m200&amp#27;[39m &amp#27;[90m1 ms - 22&amp#27;[39m
&amp#27;[35m[HTTP]&amp#27;[39m &amp#27;[90m&amp#27;[39m
&amp#27;[35m[HTTP]&amp#27;[39m &amp#27;[37m-->&amp#27;[39m &amp#27;[37mPOST&amp#27;[39m &amp#27;[37m/wd/hub/session/df9f32c4-0030-433a-a6cf-3dfcf61c4575/element&amp#27;[39m
&amp#27;[35m[HTTP]&amp#27;[39m &amp#27;[90m{"using":"accessibility id","value":"button-SIGN UP"}&amp#27;[39m
[debug] &amp#27;[35m[W3C (df9f32c4)]&amp#27;[39m Calling AppiumDriver.findElement() with args: ["accessibility id","button-SIGN UP","df9f32c4-0030-433a-a6cf-3dfcf61c4575"]
[debug] &amp#27;[35m[BaseDriver]&amp#27;[39m Valid locator strategies for this request: xpath, id, class name, accessibility id, css selector, -android uiautomator
[debug] &amp#27;[35m[BaseDriver]&amp#27;[39m Waiting up to 30000 ms for condition
[debug] &amp#27;[35m[WD Proxy]&amp#27;[39m Matched '/element' to command name 'findElement'
[debug] &amp#27;[35m[WD Proxy]&amp#27;[39m Proxying [POST /element] to [POST http://127.0.0.1:8205/wd/hub/session/13aac962-8885-40a8-be47-5799470e7097/element] with body: {"strategy":"accessibility id","selector":"button-SIGN UP","context":"","multiple":false}
[debug] &amp#27;[35m[WD Proxy]&amp#27;[39m Got response with status 200: {"sessionId":"13aac962-8885-40a8-be47-5799470e7097","value":{"ELEMENT":"00000000-0000-0088-7fff-ffff00000053","element-6066-11e4-a52e-4f735466cecf":"00000000-0000-0088-7fff-ffff00000053"}}
[debug] &amp#27;[35m[W3C (df9f32c4)]&amp#27;[39m Responding to client with driver.findElement() result: {"element-6066-11e4-a52e-4f735466cecf":"00000000-0000-0088-7fff-ffff00000053","ELEMENT":"00000000-0000-0088-7fff-ffff00000053"}
&amp#27;[35m[HTTP]&amp#27;[39m &amp#27;[37m<-- POST /wd/hub/session/df9f32c4-0030-433a-a6cf-3dfcf61c4575/element &amp#27;[39m&amp#27;[32m200&amp#27;[39m &amp#27;[90m62 ms - 137&amp#27;[39m
&amp#27;[35m[HTTP]&amp#27;[39m &amp#27;[90m&amp#27;[39m
&amp#27;[35m[HTTP]&amp#27;[39m &amp#27;[37m-->&amp#27;[39m &amp#27;[37mGET&amp#27;[39m &amp#27;[37m/wd/hub/session/df9f32c4-0030-433a-a6cf-3dfcf61c4575/element/00000000-0000-0088-7fff-ffff00000053/displayed&amp#27;[39m
&amp#27;[35m[HTTP]&amp#27;[39m &amp#27;[90m{}&amp#27;[39m
[debug] &amp#27;[35m[W3C (df9f32c4)]&amp#27;[39m Calling AppiumDriver.elementDisplayed() with args: ["00000000-0000-0088-7fff-ffff00000053","df9f32c4-0030-433a-a6cf-3dfcf61c4575"]
[debug] &amp#27;[35m[WD Proxy]&amp#27;[39m Matched '/element/00000000-0000-0088-7fff-ffff00000053/attribute/displayed' to command name 'getAttribute'
[debug] &amp#27;[35m[WD Proxy]&amp#27;[39m Proxying [GET /element/00000000-0000-0088-7fff-ffff00000053/attribute/displayed] to [GET http://127.0.0.1:8205/wd/hub/session/13aac962-8885-40a8-be47-5799470e7097/element/00000000-0000-0088-7fff-ffff00000053/attribute/displayed] with no body
[debug] &amp#27;[35m[WD Proxy]&amp#27;[39m Got response with status 200: {"sessionId":"13aac962-8885-40a8-be47-5799470e7097","value":"true"}
[debug] &amp#27;[35m[W3C (df9f32c4)]&amp#27;[39m Responding to client with driver.elementDisplayed() result: true
&amp#27;[35m[HTTP]&amp#27;[39m &amp#27;[37m<-- GET /wd/hub/session/df9f32c4-0030-433a-a6cf-3dfcf61c4575/element/00000000-0000-0088-7fff-ffff00000053/displayed &amp#27;[39m&amp#27;[32m200&amp#27;[39m &amp#27;[90m20 ms - 14&amp#27;[39m
&amp#27;[35m[HTTP]&amp#27;[39m &amp#27;[90m&amp#27;[39m
&amp#27;[35m[HTTP]&amp#27;[39m &amp#27;[37m-->&amp#27;[39m &amp#27;[37mGET&amp#27;[39m &amp#27;[37m/wd/hub/session/df9f32c4-0030-433a-a6cf-3dfcf61c4575/context&amp#27;[39m
&amp#27;[35m[HTTP]&amp#27;[39m &amp#27;[90m{}&amp#27;[39m
[debug] &amp#27;[35m[W3C (df9f32c4)]&amp#27;[39m Calling AppiumDriver.getCurrentContext() with args: ["df9f32c4-0030-433a-a6cf-3dfcf61c4575"]
[debug] &amp#27;[35m[W3C (df9f32c4)]&amp#27;[39m Responding to client with driver.getCurrentContext() result: "NATIVE_APP"
&amp#27;[35m[HTTP]&amp#27;[39m &amp#27;[37m<-- GET /wd/hub/session/df9f32c4-0030-433a-a6cf-3dfcf61c4575/context &amp#27;[39m&amp#27;[32m200&amp#27;[39m &amp#27;[90m1 ms - 22&amp#27;[39m
&amp#27;[35m[HTTP]&amp#27;[39m &amp#27;[90m&amp#27;[39m
&amp#27;[35m[HTTP]&amp#27;[39m &amp#27;[37m-->&amp#27;[39m &amp#27;[37mPOST&amp#27;[39m &amp#27;[37m/wd/hub/session/df9f32c4-0030-433a-a6cf-3dfcf61c4575/element&amp#27;[39m
&amp#27;[35m[HTTP]&amp#27;[39m &amp#27;[90m{"using":"accessibility id","value":"input-email"}&amp#27;[39m
[debug] &amp#27;[35m[W3C (df9f32c4)]&amp#27;[39m Calling AppiumDriver.findElement() with args: ["accessibility id","input-email","df9f32c4-0030-433a-a6cf-3dfcf61c4575"]
[debug] &amp#27;[35m[BaseDriver]&amp#27;[39m Valid locator strategies for this request: xpath, id, class name, accessibility id, css selector, -android uiautomator
[debug] &amp#27;[35m[BaseDriver]&amp#27;[39m Waiting up to 30000 ms for condition
[debug] &amp#27;[35m[WD Proxy]&amp#27;[39m Matched '/element' to command name 'findElement'
[debug] &amp#27;[35m[WD Proxy]&amp#27;[39m Proxying [POST /element] to [POST http://127.0.0.1:8205/wd/hub/session/13aac962-8885-40a8-be47-5799470e7097/element] with body: {"strategy":"accessibility id","selector":"input-email","context":"","multiple":false}
[debug] &amp#27;[35m[WD Proxy]&amp#27;[39m Got response with status 200: {"sessionId":"13aac962-8885-40a8-be47-5799470e7097","value":{"ELEMENT":"00000000-0000-0088-7fff-ffff0000003a","element-6066-11e4-a52e-4f735466cecf":"00000000-0000-0088-7fff-ffff0000003a"}}
[debug] &amp#27;[35m[W3C (df9f32c4)]&amp#27;[39m Responding to client with driver.findElement() result: {"element-6066-11e4-a52e-4f735466cecf":"00000000-0000-0088-7fff-ffff0000003a","ELEMENT":"00000000-0000-0088-7fff-ffff0000003a"}
&amp#27;[35m[HTTP]&amp#27;[39m &amp#27;[37m<-- POST /wd/hub/session/df9f32c4-0030-433a-a6cf-3dfcf61c4575/element &amp#27;[39m&amp#27;[32m200&amp#27;[39m &amp#27;[90m35 ms - 137&amp#27;[39m
&amp#27;[35m[HTTP]&amp#27;[39m &amp#27;[90m&amp#27;[39m
&amp#27;[35m[HTTP]&amp#27;[39m &amp#27;[37m-->&amp#27;[39m &amp#27;[37mGET&amp#27;[39m &amp#27;[37m/wd/hub/session/df9f32c4-0030-433a-a6cf-3dfcf61c4575/element/00000000-0000-0088-7fff-ffff0000003a/displayed&amp#27;[39m
&amp#27;[35m[HTTP]&amp#27;[39m &amp#27;[90m{}&amp#27;[39m
[debug] &amp#27;[35m[W3C (df9f32c4)]&amp#27;[39m Calling AppiumDriver.elementDisplayed() with args: ["00000000-0000-0088-7fff-ffff0000003a","df9f32c4-0030-433a-a6cf-3dfcf61c4575"]
[debug] &amp#27;[35m[WD Proxy]&amp#27;[39m Matched '/element/00000000-0000-0088-7fff-ffff0000003a/attribute/displayed' to command name 'getAttribute'
[debug] &amp#27;[35m[WD Proxy]&amp#27;[39m Proxying [GET /element/00000000-0000-0088-7fff-ffff0000003a/attribute/displayed] to [GET http://127.0.0.1:8205/wd/hub/session/13aac962-8885-40a8-be47-5799470e7097/element/00000000-0000-0088-7fff-ffff0000003a/attribute/displayed] with no body
[debug] &amp#27;[35m[WD Proxy]&amp#27;[39m Got response with status 200: {"sessionId":"13aac962-8885-40a8-be47-5799470e7097","value":"true"}
[debug] &amp#27;[35m[W3C (df9f32c4)]&amp#27;[39m Responding to client with driver.elementDisplayed() result: true
&amp#27;[35m[HTTP]&amp#27;[39m &amp#27;[37m<-- GET /wd/hub/session/df9f32c4-0030-433a-a6cf-3dfcf61c4575/element/00000000-0000-0088-7fff-ffff0000003a/displayed &amp#27;[39m&amp#27;[32m200&amp#27;[39m &amp#27;[90m13 ms - 14&amp#27;[39m
&amp#27;[35m[HTTP]&amp#27;[39m &amp#27;[90m&amp#27;[39m
&amp#27;[35m[HTTP]&amp#27;[39m &amp#27;[37m-->&amp#27;[39m &amp#27;[37mGET&amp#27;[39m &amp#27;[37m/wd/hub/session/df9f32c4-0030-433a-a6cf-3dfcf61c4575/context&amp#27;[39m
&amp#27;[35m[HTTP]&amp#27;[39m &amp#27;[90m{}&amp#27;[39m
[debug] &amp#27;[35m[W3C (df9f32c4)]&amp#27;[39m Calling AppiumDriver.getCurrentContext() with args: ["df9f32c4-0030-433a-a6cf-3dfcf61c4575"]
[debug] &amp#27;[35m[W3C (df9f32c4)]&amp#27;[39m Responding to client with driver.getCurrentContext() result: "NATIVE_APP"
&amp#27;[35m[HTTP]&amp#27;[39m &amp#27;[37m<-- GET /wd/hub/session/df9f32c4-0030-433a-a6cf-3dfcf61c4575/context &amp#27;[39m&amp#27;[32m200&amp#27;[39m &amp#27;[90m1 ms - 22&amp#27;[39m
&amp#27;[35m[HTTP]&amp#27;[39m &amp#27;[90m&amp#27;[39m
&amp#27;[35m[HTTP]&amp#27;[39m &amp#27;[37m-->&amp#27;[39m &amp#27;[37mPOST&amp#27;[39m &amp#27;[37m/wd/hub/session/df9f32c4-0030-433a-a6cf-3dfcf61c4575/element&amp#27;[39m
&amp#27;[35m[HTTP]&amp#27;[39m &amp#27;[90m{"using":"accessibility id","value":"input-email"}&amp#27;[39m
[debug] &amp#27;[35m[W3C (df9f32c4)]&amp#27;[39m Calling AppiumDriver.findElement() with args: ["accessibility id","input-email","df9f32c4-0030-433a-a6cf-3dfcf61c4575"]
[debug] &amp#27;[35m[BaseDriver]&amp#27;[39m Valid locator strategies for this request: xpath, id, class name, accessibility id, css selector, -android uiautomator
[debug] &amp#27;[35m[BaseDriver]&amp#27;[39m Waiting up to 30000 ms for condition
[debug] &amp#27;[35m[WD Proxy]&amp#27;[39m Matched '/element' to command name 'findElement'
[debug] &amp#27;[35m[WD Proxy]&amp#27;[39m Proxying [POST /element] to [POST http://127.0.0.1:8205/wd/hub/session/13aac962-8885-40a8-be47-5799470e7097/element] with body: {"strategy":"accessibility id","selector":"input-email","context":"","multiple":false}
[debug] &amp#27;[35m[WD Proxy]&amp#27;[39m Got response with status 200: {"sessionId":"13aac962-8885-40a8-be47-5799470e7097","value":{"ELEMENT":"00000000-0000-0088-7fff-ffff0000003a","element-6066-11e4-a52e-4f735466cecf":"00000000-0000-0088-7fff-ffff0000003a"}}
[debug] &amp#27;[35m[W3C (df9f32c4)]&amp#27;[39m Responding to client with driver.findElement() result: {"element-6066-11e4-a52e-4f735466cecf":"00000000-0000-0088-7fff-ffff0000003a","ELEMENT":"00000000-0000-0088-7fff-ffff0000003a"}
&amp#27;[35m[HTTP]&amp#27;[39m &amp#27;[37m<-- POST /wd/hub/session/df9f32c4-0030-433a-a6cf-3dfcf61c4575/element &amp#27;[39m&amp#27;[32m200&amp#27;[39m &amp#27;[90m35 ms - 137&amp#27;[39m
&amp#27;[35m[HTTP]&amp#27;[39m &amp#27;[90m&amp#27;[39m
&amp#27;[35m[HTTP]&amp#27;[39m &amp#27;[37m-->&amp#27;[39m &amp#27;[37mPOST&amp#27;[39m &amp#27;[37m/wd/hub/session/df9f32c4-0030-433a-a6cf-3dfcf61c4575/element/00000000-0000-0088-7fff-ffff0000003a/clear&amp#27;[39m
&amp#27;[35m[HTTP]&amp#27;[39m &amp#27;[90m{"id":"00000000-0000-0088-7fff-ffff0000003a"}&amp#27;[39m
[debug] &amp#27;[35m[W3C (df9f32c4)]&amp#27;[39m Calling AppiumDriver.clear() with args: ["00000000-0000-0088-7fff-ffff0000003a","df9f32c4-0030-433a-a6cf-3dfcf61c4575"]
[debug] &amp#27;[35m[WD Proxy]&amp#27;[39m Matched '/element/00000000-0000-0088-7fff-ffff0000003a/clear' to command name 'clear'
[debug] &amp#27;[35m[WD Proxy]&amp#27;[39m Proxying [POST /element/00000000-0000-0088-7fff-ffff0000003a/clear] to [POST http://127.0.0.1:8205/wd/hub/session/13aac962-8885-40a8-be47-5799470e7097/element/00000000-0000-0088-7fff-ffff0000003a/clear] with body: {"elementId":"00000000-0000-0088-7fff-ffff0000003a"}
[debug] &amp#27;[35m[WD Proxy]&amp#27;[39m Got response with status 200: {"sessionId":"13aac962-8885-40a8-be47-5799470e7097","value":null}
[debug] &amp#27;[35m[W3C (df9f32c4)]&amp#27;[39m Responding to client with driver.clear() result: null
&amp#27;[35m[HTTP]&amp#27;[39m &amp#27;[37m<-- POST /wd/hub/session/df9f32c4-0030-433a-a6cf-3dfcf61c4575/element/00000000-0000-0088-7fff-ffff0000003a/clear &amp#27;[39m&amp#27;[32m200&amp#27;[39m &amp#27;[90m33 ms - 14&amp#27;[39m
&amp#27;[35m[HTTP]&amp#27;[39m &amp#27;[90m&amp#27;[39m
&amp#27;[35m[HTTP]&amp#27;[39m &amp#27;[37m-->&amp#27;[39m &amp#27;[37mGET&amp#27;[39m &amp#27;[37m/wd/hub/session/df9f32c4-0030-433a-a6cf-3dfcf61c4575/context&amp#27;[39m
&amp#27;[35m[HTTP]&amp#27;[39m &amp#27;[90m{}&amp#27;[39m
[debug] &amp#27;[35m[W3C (df9f32c4)]&amp#27;[39m Calling AppiumDriver.getCurrentContext() with args: ["df9f32c4-0030-433a-a6cf-3dfcf61c4575"]
[debug] &amp#27;[35m[W3C (df9f32c4)]&amp#27;[39m Responding to client with driver.getCurrentContext() result: "NATIVE_APP"
&amp#27;[35m[HTTP]&amp#27;[39m &amp#27;[37m<-- GET /wd/hub/session/df9f32c4-0030-433a-a6cf-3dfcf61c4575/context &amp#27;[39m&amp#27;[32m200&amp#27;[39m &amp#27;[90m1 ms - 22&amp#27;[39m
&amp#27;[35m[HTTP]&amp#27;[39m &amp#27;[90m&amp#27;[39m
&amp#27;[35m[HTTP]&amp#27;[39m &amp#27;[37m-->&amp#27;[39m &amp#27;[37mPOST&amp#27;[39m &amp#27;[37m/wd/hub/session/df9f32c4-0030-433a-a6cf-3dfcf61c4575/element&amp#27;[39m
&amp#27;[35m[HTTP]&amp#27;[39m &amp#27;[90m{"using":"accessibility id","value":"input-email"}&amp#27;[39m
[debug] &amp#27;[35m[W3C (df9f32c4)]&amp#27;[39m Calling AppiumDriver.findElement() with args: ["accessibility id","input-email","df9f32c4-0030-433a-a6cf-3dfcf61c4575"]
[debug] &amp#27;[35m[BaseDriver]&amp#27;[39m Valid locator strategies for this request: xpath, id, class name, accessibility id, css selector, -android uiautomator
[debug] &amp#27;[35m[BaseDriver]&amp#27;[39m Waiting up to 30000 ms for condition
[debug] &amp#27;[35m[WD Proxy]&amp#27;[39m Matched '/element' to command name 'findElement'
[debug] &amp#27;[35m[WD Proxy]&amp#27;[39m Proxying [POST /element] to [POST http://127.0.0.1:8205/wd/hub/session/13aac962-8885-40a8-be47-5799470e7097/element] with body: {"strategy":"accessibility id","selector":"input-email","context":"","multiple":false}
[debug] &amp#27;[35m[WD Proxy]&amp#27;[39m Got response with status 200: {"sessionId":"13aac962-8885-40a8-be47-5799470e7097","value":{"ELEMENT":"00000000-0000-0088-7fff-ffff0000003a","element-6066-11e4-a52e-4f735466cecf":"00000000-0000-0088-7fff-ffff0000003a"}}
[debug] &amp#27;[35m[W3C (df9f32c4)]&amp#27;[39m Responding to client with driver.findElement() result: {"element-6066-11e4-a52e-4f735466cecf":"00000000-0000-0088-7fff-ffff0000003a","ELEMENT":"00000000-0000-0088-7fff-ffff0000003a"}
&amp#27;[35m[HTTP]&amp#27;[39m &amp#27;[37m<-- POST /wd/hub/session/df9f32c4-0030-433a-a6cf-3dfcf61c4575/element &amp#27;[39m&amp#27;[32m200&amp#27;[39m &amp#27;[90m542 ms - 137&amp#27;[39m
&amp#27;[35m[HTTP]&amp#27;[39m &amp#27;[90m&amp#27;[39m
&amp#27;[35m[HTTP]&amp#27;[39m &amp#27;[37m-->&amp#27;[39m &amp#27;[37mGET&amp#27;[39m &amp#27;[37m/wd/hub/session/df9f32c4-0030-433a-a6cf-3dfcf61c4575/element/00000000-0000-0088-7fff-ffff0000003a/displayed&amp#27;[39m
&amp#27;[35m[HTTP]&amp#27;[39m &amp#27;[90m{}&amp#27;[39m
[debug] &amp#27;[35m[W3C (df9f32c4)]&amp#27;[39m Calling AppiumDriver.elementDisplayed() with args: ["00000000-0000-0088-7fff-ffff0000003a","df9f32c4-0030-433a-a6cf-3dfcf61c4575"]
[debug] &amp#27;[35m[WD Proxy]&amp#27;[39m Matched '/element/00000000-0000-0088-7fff-ffff0000003a/attribute/displayed' to command name 'getAttribute'
[debug] &amp#27;[35m[WD Proxy]&amp#27;[39m Proxying [GET /element/00000000-0000-0088-7fff-ffff0000003a/attribute/displayed] to [GET http://127.0.0.1:8205/wd/hub/session/13aac962-8885-40a8-be47-5799470e7097/element/00000000-0000-0088-7fff-ffff0000003a/attribute/displayed] with no body
[debug] &amp#27;[35m[WD Proxy]&amp#27;[39m Got response with status 200: {"sessionId":"13aac962-8885-40a8-be47-5799470e7097","value":"true"}
[debug] &amp#27;[35m[W3C (df9f32c4)]&amp#27;[39m Responding to client with driver.elementDisplayed() result: true
&amp#27;[35m[HTTP]&amp#27;[39m &amp#27;[37m<-- GET /wd/hub/session/df9f32c4-0030-433a-a6cf-3dfcf61c4575/element/00000000-0000-0088-7fff-ffff0000003a/displayed &amp#27;[39m&amp#27;[32m200&amp#27;[39m &amp#27;[90m21 ms - 14&amp#27;[39m
&amp#27;[35m[HTTP]&amp#27;[39m &amp#27;[90m&amp#27;[39m
&amp#27;[35m[HTTP]&amp#27;[39m &amp#27;[37m-->&amp#27;[39m &amp#27;[37mGET&amp#27;[39m &amp#27;[37m/wd/hub/session/df9f32c4-0030-433a-a6cf-3dfcf61c4575/context&amp#27;[39m
&amp#27;[35m[HTTP]&amp#27;[39m &amp#27;[90m{}&amp#27;[39m
[debug] &amp#27;[35m[W3C (df9f32c4)]&amp#27;[39m Calling AppiumDriver.getCurrentContext() with args: ["df9f32c4-0030-433a-a6cf-3dfcf61c4575"]
[debug] &amp#27;[35m[W3C (df9f32c4)]&amp#27;[39m Responding to client with driver.getCurrentContext() result: "NATIVE_APP"
&amp#27;[35m[HTTP]&amp#27;[39m &amp#27;[37m<-- GET /wd/hub/session/df9f32c4-0030-433a-a6cf-3dfcf61c4575/context &amp#27;[39m&amp#27;[32m200&amp#27;[39m &amp#27;[90m1 ms - 22&amp#27;[39m
&amp#27;[35m[HTTP]&amp#27;[39m &amp#27;[90m&amp#27;[39m
&amp#27;[35m[HTTP]&amp#27;[39m &amp#27;[37m-->&amp#27;[39m &amp#27;[37mPOST&amp#27;[39m &amp#27;[37m/wd/hub/session/df9f32c4-0030-433a-a6cf-3dfcf61c4575/element&amp#27;[39m
&amp#27;[35m[HTTP]&amp#27;[39m &amp#27;[90m{"using":"accessibility id","value":"input-email"}&amp#27;[39m
[debug] &amp#27;[35m[W3C (df9f32c4)]&amp#27;[39m Calling AppiumDriver.findElement() with args: ["accessibility id","input-email","df9f32c4-0030-433a-a6cf-3dfcf61c4575"]
[debug] &amp#27;[35m[BaseDriver]&amp#27;[39m Valid locator strategies for this request: xpath, id, class name, accessibility id, css selector, -android uiautomator
[debug] &amp#27;[35m[BaseDriver]&amp#27;[39m Waiting up to 30000 ms for condition
[debug] &amp#27;[35m[WD Proxy]&amp#27;[39m Matched '/element' to command name 'findElement'
[debug] &amp#27;[35m[WD Proxy]&amp#27;[39m Proxying [POST /element] to [POST http://127.0.0.1:8205/wd/hub/session/13aac962-8885-40a8-be47-5799470e7097/element] with body: {"strategy":"accessibility id","selector":"input-email","context":"","multiple":false}
[debug] &amp#27;[35m[WD Proxy]&amp#27;[39m Got response with status 200: {"sessionId":"13aac962-8885-40a8-be47-5799470e7097","value":{"ELEMENT":"00000000-0000-0088-7fff-ffff0000003a","element-6066-11e4-a52e-4f735466cecf":"00000000-0000-0088-7fff-ffff0000003a"}}
[debug] &amp#27;[35m[W3C (df9f32c4)]&amp#27;[39m Responding to client with driver.findElement() result: {"element-6066-11e4-a52e-4f735466cecf":"00000000-0000-0088-7fff-ffff0000003a","ELEMENT":"00000000-0000-0088-7fff-ffff0000003a"}
&amp#27;[35m[HTTP]&amp#27;[39m &amp#27;[37m<-- POST /wd/hub/session/df9f32c4-0030-433a-a6cf-3dfcf61c4575/element &amp#27;[39m&amp#27;[32m200&amp#27;[39m &amp#27;[90m57 ms - 137&amp#27;[39m
&amp#27;[35m[HTTP]&amp#27;[39m &amp#27;[90m&amp#27;[39m
&amp#27;[35m[HTTP]&amp#27;[39m &amp#27;[37m-->&amp#27;[39m &amp#27;[37mPOST&amp#27;[39m &amp#27;[37m/wd/hub/session/df9f32c4-0030-433a-a6cf-3dfcf61c4575/element/00000000-0000-0088-7fff-ffff0000003a/value&amp#27;[39m
&amp#27;[35m[HTTP]&amp#27;[39m &amp#27;[90m{"id":"00000000-0000-0088-7fff-ffff0000003a","text":"Tunghuynh@gmail.com","value":["T","u","n","g","h","u","y","n","h","@","g","m","a","i","l",".","c","o","m"]}&amp#27;[39m
[debug] &amp#27;[35m[W3C (df9f32c4)]&amp#27;[39m Calling AppiumDriver.setValue() with args: [["T","u","n","g","h","u","y","n","h","@","g","m","a","i","l",".","c","o","m"],"00000000-0000-0088-7fff-ffff0000003a","df9f32c4-0030-433a-a6cf-3dfcf61c4575"]
[debug] &amp#27;[35m[WD Proxy]&amp#27;[39m Matched '/element/00000000-0000-0088-7fff-ffff0000003a/value' to command name 'setValue'
[debug] &amp#27;[35m[Protocol Converter]&amp#27;[39m Added 'value' property ["T","u","n","g","h","u","y","n","h","@","g","m","a","i","l",".","c","o","m"] to 'setValue' request body
[debug] &amp#27;[35m[WD Proxy]&amp#27;[39m Proxying [POST /element/00000000-0000-0088-7fff-ffff0000003a/value] to [POST http://127.0.0.1:8205/wd/hub/session/13aac962-8885-40a8-be47-5799470e7097/element/00000000-0000-0088-7fff-ffff0000003a/value] with body: {"elementId":"00000000-0000-0088-7fff-ffff0000003a","text":"Tunghuynh@gmail.com","replace":false,"value":["T","u","n","g","h","u","y","n","h","@","g","m","a","i","l",".","c","o","m"]}
[debug] &amp#27;[35m[WD Proxy]&amp#27;[39m Got response with status 200: {"sessionId":"13aac962-8885-40a8-be47-5799470e7097","value":null}
[debug] &amp#27;[35m[W3C (df9f32c4)]&amp#27;[39m Responding to client with driver.setValue() result: null
&amp#27;[35m[HTTP]&amp#27;[39m &amp#27;[37m<-- POST /wd/hub/session/df9f32c4-0030-433a-a6cf-3dfcf61c4575/element/00000000-0000-0088-7fff-ffff0000003a/value &amp#27;[39m&amp#27;[32m200&amp#27;[39m &amp#27;[90m586 ms - 14&amp#27;[39m
&amp#27;[35m[HTTP]&amp#27;[39m &amp#27;[90m&amp#27;[39m
&amp#27;[35m[HTTP]&amp#27;[39m &amp#27;[37m-->&amp#27;[39m &amp#27;[37mGET&amp#27;[39m &amp#27;[37m/wd/hub/session/df9f32c4-0030-433a-a6cf-3dfcf61c4575/context&amp#27;[39m
&amp#27;[35m[HTTP]&amp#27;[39m &amp#27;[90m{}&amp#27;[39m
[debug] &amp#27;[35m[W3C (df9f32c4)]&amp#27;[39m Calling AppiumDriver.getCurrentContext() with args: ["df9f32c4-0030-433a-a6cf-3dfcf61c4575"]
[debug] &amp#27;[35m[W3C (df9f32c4)]&amp#27;[39m Responding to client with driver.getCurrentContext() result: "NATIVE_APP"
&amp#27;[35m[HTTP]&amp#27;[39m &amp#27;[37m<-- GET /wd/hub/session/df9f32c4-0030-433a-a6cf-3dfcf61c4575/context &amp#27;[39m&amp#27;[32m200&amp#27;[39m &amp#27;[90m1 ms - 22&amp#27;[39m
&amp#27;[35m[HTTP]&amp#27;[39m &amp#27;[90m&amp#27;[39m
&amp#27;[35m[HTTP]&amp#27;[39m &amp#27;[37m-->&amp#27;[39m &amp#27;[37mPOST&amp#27;[39m &amp#27;[37m/wd/hub/session/df9f32c4-0030-433a-a6cf-3dfcf61c4575/element&amp#27;[39m
&amp#27;[35m[HTTP]&amp#27;[39m &amp#27;[90m{"using":"accessibility id","value":"input-password"}&amp#27;[39m
[debug] &amp#27;[35m[W3C (df9f32c4)]&amp#27;[39m Calling AppiumDriver.findElement() with args: ["accessibility id","input-password","df9f32c4-0030-433a-a6cf-3dfcf61c4575"]
[debug] &amp#27;[35m[BaseDriver]&amp#27;[39m Valid locator strategies for this request: xpath, id, class name, accessibility id, css selector, -android uiautomator
[debug] &amp#27;[35m[BaseDriver]&amp#27;[39m Waiting up to 30000 ms for condition
[debug] &amp#27;[35m[WD Proxy]&amp#27;[39m Matched '/element' to command name 'findElement'
[debug] &amp#27;[35m[WD Proxy]&amp#27;[39m Proxying [POST /element] to [POST http://127.0.0.1:8205/wd/hub/session/13aac962-8885-40a8-be47-5799470e7097/element] with body: {"strategy":"accessibility id","selector":"input-password","context":"","multiple":false}
[debug] &amp#27;[35m[WD Proxy]&amp#27;[39m Got response with status 200: {"sessionId":"13aac962-8885-40a8-be47-5799470e7097","value":{"ELEMENT":"00000000-0000-0088-7fff-ffff0000003c","element-6066-11e4-a52e-4f735466cecf":"00000000-0000-0088-7fff-ffff0000003c"}}
[debug] &amp#27;[35m[W3C (df9f32c4)]&amp#27;[39m Responding to client with driver.findElement() result: {"element-6066-11e4-a52e-4f735466cecf":"00000000-0000-0088-7fff-ffff0000003c","ELEMENT":"00000000-0000-0088-7fff-ffff0000003c"}
&amp#27;[35m[HTTP]&amp#27;[39m &amp#27;[37m<-- POST /wd/hub/session/df9f32c4-0030-433a-a6cf-3dfcf61c4575/element &amp#27;[39m&amp#27;[32m200&amp#27;[39m &amp#27;[90m745 ms - 137&amp#27;[39m
&amp#27;[35m[HTTP]&amp#27;[39m &amp#27;[90m&amp#27;[39m
&amp#27;[35m[HTTP]&amp#27;[39m &amp#27;[37m-->&amp#27;[39m &amp#27;[37mGET&amp#27;[39m &amp#27;[37m/wd/hub/session/df9f32c4-0030-433a-a6cf-3dfcf61c4575/element/00000000-0000-0088-7fff-ffff0000003c/displayed&amp#27;[39m
&amp#27;[35m[HTTP]&amp#27;[39m &amp#27;[90m{}&amp#27;[39m
[debug] &amp#27;[35m[W3C (df9f32c4)]&amp#27;[39m Calling AppiumDriver.elementDisplayed() with args: ["00000000-0000-0088-7fff-ffff0000003c","df9f32c4-0030-433a-a6cf-3dfcf61c4575"]
[debug] &amp#27;[35m[WD Proxy]&amp#27;[39m Matched '/element/00000000-0000-0088-7fff-ffff0000003c/attribute/displayed' to command name 'getAttribute'
[debug] &amp#27;[35m[WD Proxy]&amp#27;[39m Proxying [GET /element/00000000-0000-0088-7fff-ffff0000003c/attribute/displayed] to [GET http://127.0.0.1:8205/wd/hub/session/13aac962-8885-40a8-be47-5799470e7097/element/00000000-0000-0088-7fff-ffff0000003c/attribute/displayed] with no body
[debug] &amp#27;[35m[WD Proxy]&amp#27;[39m Got response with status 200: {"sessionId":"13aac962-8885-40a8-be47-5799470e7097","value":"true"}
[debug] &amp#27;[35m[W3C (df9f32c4)]&amp#27;[39m Responding to client with driver.elementDisplayed() result: true
&amp#27;[35m[HTTP]&amp#27;[39m &amp#27;[37m<-- GET /wd/hub/session/df9f32c4-0030-433a-a6cf-3dfcf61c4575/element/00000000-0000-0088-7fff-ffff0000003c/displayed &amp#27;[39m&amp#27;[32m200&amp#27;[39m &amp#27;[90m23 ms - 14&amp#27;[39m
&amp#27;[35m[HTTP]&amp#27;[39m &amp#27;[90m&amp#27;[39m
&amp#27;[35m[HTTP]&amp#27;[39m &amp#27;[37m-->&amp#27;[39m &amp#27;[37mGET&amp#27;[39m &amp#27;[37m/wd/hub/session/df9f32c4-0030-433a-a6cf-3dfcf61c4575/context&amp#27;[39m
&amp#27;[35m[HTTP]&amp#27;[39m &amp#27;[90m{}&amp#27;[39m
[debug] &amp#27;[35m[W3C (df9f32c4)]&amp#27;[39m Calling AppiumDriver.getCurrentContext() with args: ["df9f32c4-0030-433a-a6cf-3dfcf61c4575"]
[debug] &amp#27;[35m[W3C (df9f32c4)]&amp#27;[39m Responding to client with driver.getCurrentContext() result: "NATIVE_APP"
&amp#27;[35m[HTTP]&amp#27;[39m &amp#27;[37m<-- GET /wd/hub/session/df9f32c4-0030-433a-a6cf-3dfcf61c4575/context &amp#27;[39m&amp#27;[32m200&amp#27;[39m &amp#27;[90m2 ms - 22&amp#27;[39m
&amp#27;[35m[HTTP]&amp#27;[39m &amp#27;[90m&amp#27;[39m
&amp#27;[35m[HTTP]&amp#27;[39m &amp#27;[37m-->&amp#27;[39m &amp#27;[37mPOST&amp#27;[39m &amp#27;[37m/wd/hub/session/df9f32c4-0030-433a-a6cf-3dfcf61c4575/element&amp#27;[39m
&amp#27;[35m[HTTP]&amp#27;[39m &amp#27;[90m{"using":"accessibility id","value":"input-password"}&amp#27;[39m
[debug] &amp#27;[35m[W3C (df9f32c4)]&amp#27;[39m Calling AppiumDriver.findElement() with args: ["accessibility id","input-password","df9f32c4-0030-433a-a6cf-3dfcf61c4575"]
[debug] &amp#27;[35m[BaseDriver]&amp#27;[39m Valid locator strategies for this request: xpath, id, class name, accessibility id, css selector, -android uiautomator
[debug] &amp#27;[35m[BaseDriver]&amp#27;[39m Waiting up to 30000 ms for condition
[debug] &amp#27;[35m[WD Proxy]&amp#27;[39m Matched '/element' to command name 'findElement'
[debug] &amp#27;[35m[WD Proxy]&amp#27;[39m Proxying [POST /element] to [POST http://127.0.0.1:8205/wd/hub/session/13aac962-8885-40a8-be47-5799470e7097/element] with body: {"strategy":"accessibility id","selector":"input-password","context":"","multiple":false}
[debug] &amp#27;[35m[WD Proxy]&amp#27;[39m Got response with status 200: {"sessionId":"13aac962-8885-40a8-be47-5799470e7097","value":{"ELEMENT":"00000000-0000-0088-7fff-ffff0000003c","element-6066-11e4-a52e-4f735466cecf":"00000000-0000-0088-7fff-ffff0000003c"}}
[debug] &amp#27;[35m[W3C (df9f32c4)]&amp#27;[39m Responding to client with driver.findElement() result: {"element-6066-11e4-a52e-4f735466cecf":"00000000-0000-0088-7fff-ffff0000003c","ELEMENT":"00000000-0000-0088-7fff-ffff0000003c"}
&amp#27;[35m[HTTP]&amp#27;[39m &amp#27;[37m<-- POST /wd/hub/session/df9f32c4-0030-433a-a6cf-3dfcf61c4575/element &amp#27;[39m&amp#27;[32m200&amp#27;[39m &amp#27;[90m45 ms - 137&amp#27;[39m
&amp#27;[35m[HTTP]&amp#27;[39m &amp#27;[90m&amp#27;[39m
&amp#27;[35m[HTTP]&amp#27;[39m &amp#27;[37m-->&amp#27;[39m &amp#27;[37mPOST&amp#27;[39m &amp#27;[37m/wd/hub/session/df9f32c4-0030-433a-a6cf-3dfcf61c4575/element/00000000-0000-0088-7fff-ffff0000003c/clear&amp#27;[39m
&amp#27;[35m[HTTP]&amp#27;[39m &amp#27;[90m{"id":"00000000-0000-0088-7fff-ffff0000003c"}&amp#27;[39m
[debug] &amp#27;[35m[W3C (df9f32c4)]&amp#27;[39m Calling AppiumDriver.clear() with args: ["00000000-0000-0088-7fff-ffff0000003c","df9f32c4-0030-433a-a6cf-3dfcf61c4575"]
[debug] &amp#27;[35m[WD Proxy]&amp#27;[39m Matched '/element/00000000-0000-0088-7fff-ffff0000003c/clear' to command name 'clear'
[debug] &amp#27;[35m[WD Proxy]&amp#27;[39m Proxying [POST /element/00000000-0000-0088-7fff-ffff0000003c/clear] to [POST http://127.0.0.1:8205/wd/hub/session/13aac962-8885-40a8-be47-5799470e7097/element/00000000-0000-0088-7fff-ffff0000003c/clear] with body: {"elementId":"00000000-0000-0088-7fff-ffff0000003c"}
[debug] &amp#27;[35m[WD Proxy]&amp#27;[39m Got response with status 200: {"sessionId":"13aac962-8885-40a8-be47-5799470e7097","value":null}
[debug] &amp#27;[35m[W3C (df9f32c4)]&amp#27;[39m Responding to client with driver.clear() result: null
&amp#27;[35m[HTTP]&amp#27;[39m &amp#27;[37m<-- POST /wd/hub/session/df9f32c4-0030-433a-a6cf-3dfcf61c4575/element/00000000-0000-0088-7fff-ffff0000003c/clear &amp#27;[39m&amp#27;[32m200&amp#27;[39m &amp#27;[90m43 ms - 14&amp#27;[39m
&amp#27;[35m[HTTP]&amp#27;[39m &amp#27;[90m&amp#27;[39m
&amp#27;[35m[HTTP]&amp#27;[39m &amp#27;[37m-->&amp#27;[39m &amp#27;[37mGET&amp#27;[39m &amp#27;[37m/wd/hub/session/df9f32c4-0030-433a-a6cf-3dfcf61c4575/context&amp#27;[39m
&amp#27;[35m[HTTP]&amp#27;[39m &amp#27;[90m{}&amp#27;[39m
[debug] &amp#27;[35m[W3C (df9f32c4)]&amp#27;[39m Calling AppiumDriver.getCurrentContext() with args: ["df9f32c4-0030-433a-a6cf-3dfcf61c4575"]
[debug] &amp#27;[35m[W3C (df9f32c4)]&amp#27;[39m Responding to client with driver.getCurrentContext() result: "NATIVE_APP"
&amp#27;[35m[HTTP]&amp#27;[39m &amp#27;[37m<-- GET /wd/hub/session/df9f32c4-0030-433a-a6cf-3dfcf61c4575/context &amp#27;[39m&amp#27;[32m200&amp#27;[39m &amp#27;[90m1 ms - 22&amp#27;[39m
&amp#27;[35m[HTTP]&amp#27;[39m &amp#27;[90m&amp#27;[39m
&amp#27;[35m[HTTP]&amp#27;[39m &amp#27;[37m-->&amp#27;[39m &amp#27;[37mPOST&amp#27;[39m &amp#27;[37m/wd/hub/session/df9f32c4-0030-433a-a6cf-3dfcf61c4575/element&amp#27;[39m
&amp#27;[35m[HTTP]&amp#27;[39m &amp#27;[90m{"using":"accessibility id","value":"input-password"}&amp#27;[39m
[debug] &amp#27;[35m[W3C (df9f32c4)]&amp#27;[39m Calling AppiumDriver.findElement() with args: ["accessibility id","input-password","df9f32c4-0030-433a-a6cf-3dfcf61c4575"]
[debug] &amp#27;[35m[BaseDriver]&amp#27;[39m Valid locator strategies for this request: xpath, id, class name, accessibility id, css selector, -android uiautomator
[debug] &amp#27;[35m[BaseDriver]&amp#27;[39m Waiting up to 30000 ms for condition
[debug] &amp#27;[35m[WD Proxy]&amp#27;[39m Matched '/element' to command name 'findElement'
[debug] &amp#27;[35m[WD Proxy]&amp#27;[39m Proxying [POST /element] to [POST http://127.0.0.1:8205/wd/hub/session/13aac962-8885-40a8-be47-5799470e7097/element] with body: {"strategy":"accessibility id","selector":"input-password","context":"","multiple":false}
[debug] &amp#27;[35m[WD Proxy]&amp#27;[39m Got response with status 200: {"sessionId":"13aac962-8885-40a8-be47-5799470e7097","value":{"ELEMENT":"00000000-0000-0088-7fff-ffff0000003c","element-6066-11e4-a52e-4f735466cecf":"00000000-0000-0088-7fff-ffff0000003c"}}
[debug] &amp#27;[35m[W3C (df9f32c4)]&amp#27;[39m Responding to client with driver.findElement() result: {"element-6066-11e4-a52e-4f735466cecf":"00000000-0000-0088-7fff-ffff0000003c","ELEMENT":"00000000-0000-0088-7fff-ffff0000003c"}
&amp#27;[35m[HTTP]&amp#27;[39m &amp#27;[37m<-- POST /wd/hub/session/df9f32c4-0030-433a-a6cf-3dfcf61c4575/element &amp#27;[39m&amp#27;[32m200&amp#27;[39m &amp#27;[90m529 ms - 137&amp#27;[39m
&amp#27;[35m[HTTP]&amp#27;[39m &amp#27;[90m&amp#27;[39m
&amp#27;[35m[HTTP]&amp#27;[39m &amp#27;[37m-->&amp#27;[39m &amp#27;[37mGET&amp#27;[39m &amp#27;[37m/wd/hub/session/df9f32c4-0030-433a-a6cf-3dfcf61c4575/element/00000000-0000-0088-7fff-ffff0000003c/displayed&amp#27;[39m
&amp#27;[35m[HTTP]&amp#27;[39m &amp#27;[90m{}&amp#27;[39m
[debug] &amp#27;[35m[W3C (df9f32c4)]&amp#27;[39m Calling AppiumDriver.elementDisplayed() with args: ["00000000-0000-0088-7fff-ffff0000003c","df9f32c4-0030-433a-a6cf-3dfcf61c4575"]
[debug] &amp#27;[35m[WD Proxy]&amp#27;[39m Matched '/element/00000000-0000-0088-7fff-ffff0000003c/attribute/displayed' to command name 'getAttribute'
[debug] &amp#27;[35m[WD Proxy]&amp#27;[39m Proxying [GET /element/00000000-0000-0088-7fff-ffff0000003c/attribute/displayed] to [GET http://127.0.0.1:8205/wd/hub/session/13aac962-8885-40a8-be47-5799470e7097/element/00000000-0000-0088-7fff-ffff0000003c/attribute/displayed] with no body
[debug] &amp#27;[35m[WD Proxy]&amp#27;[39m Got response with status 200: {"sessionId":"13aac962-8885-40a8-be47-5799470e7097","value":"true"}
[debug] &amp#27;[35m[W3C (df9f32c4)]&amp#27;[39m Responding to client with driver.elementDisplayed() result: true
&amp#27;[35m[HTTP]&amp#27;[39m &amp#27;[37m<-- GET /wd/hub/session/df9f32c4-0030-433a-a6cf-3dfcf61c4575/element/00000000-0000-0088-7fff-ffff0000003c/displayed &amp#27;[39m&amp#27;[32m200&amp#27;[39m &amp#27;[90m22 ms - 14&amp#27;[39m
&amp#27;[35m[HTTP]&amp#27;[39m &amp#27;[90m&amp#27;[39m
&amp#27;[35m[HTTP]&amp#27;[39m &amp#27;[37m-->&amp#27;[39m &amp#27;[37mGET&amp#27;[39m &amp#27;[37m/wd/hub/session/df9f32c4-0030-433a-a6cf-3dfcf61c4575/context&amp#27;[39m
&amp#27;[35m[HTTP]&amp#27;[39m &amp#27;[90m{}&amp#27;[39m
[debug] &amp#27;[35m[W3C (df9f32c4)]&amp#27;[39m Calling AppiumDriver.getCurrentContext() with args: ["df9f32c4-0030-433a-a6cf-3dfcf61c4575"]
[debug] &amp#27;[35m[W3C (df9f32c4)]&amp#27;[39m Responding to client with driver.getCurrentContext() result: "NATIVE_APP"
&amp#27;[35m[HTTP]&amp#27;[39m &amp#27;[37m<-- GET /wd/hub/session/df9f32c4-0030-433a-a6cf-3dfcf61c4575/context &amp#27;[39m&amp#27;[32m200&amp#27;[39m &amp#27;[90m1 ms - 22&amp#27;[39m
&amp#27;[35m[HTTP]&amp#27;[39m &amp#27;[90m&amp#27;[39m
&amp#27;[35m[HTTP]&amp#27;[39m &amp#27;[37m-->&amp#27;[39m &amp#27;[37mPOST&amp#27;[39m &amp#27;[37m/wd/hub/session/df9f32c4-0030-433a-a6cf-3dfcf61c4575/element&amp#27;[39m
&amp#27;[35m[HTTP]&amp#27;[39m &amp#27;[90m{"using":"accessibility id","value":"input-password"}&amp#27;[39m
[debug] &amp#27;[35m[W3C (df9f32c4)]&amp#27;[39m Calling AppiumDriver.findElement() with args: ["accessibility id","input-password","df9f32c4-0030-433a-a6cf-3dfcf61c4575"]
[debug] &amp#27;[35m[BaseDriver]&amp#27;[39m Valid locator strategies for this request: xpath, id, class name, accessibility id, css selector, -android uiautomator
[debug] &amp#27;[35m[BaseDriver]&amp#27;[39m Waiting up to 30000 ms for condition
[debug] &amp#27;[35m[WD Proxy]&amp#27;[39m Matched '/element' to command name 'findElement'
[debug] &amp#27;[35m[WD Proxy]&amp#27;[39m Proxying [POST /element] to [POST http://127.0.0.1:8205/wd/hub/session/13aac962-8885-40a8-be47-5799470e7097/element] with body: {"strategy":"accessibility id","selector":"input-password","context":"","multiple":false}
[debug] &amp#27;[35m[WD Proxy]&amp#27;[39m Got response with status 200: {"sessionId":"13aac962-8885-40a8-be47-5799470e7097","value":{"ELEMENT":"00000000-0000-0088-7fff-ffff0000003c","element-6066-11e4-a52e-4f735466cecf":"00000000-0000-0088-7fff-ffff0000003c"}}
[debug] &amp#27;[35m[W3C (df9f32c4)]&amp#27;[39m Responding to client with driver.findElement() result: {"element-6066-11e4-a52e-4f735466cecf":"00000000-0000-0088-7fff-ffff0000003c","ELEMENT":"00000000-0000-0088-7fff-ffff0000003c"}
&amp#27;[35m[HTTP]&amp#27;[39m &amp#27;[37m<-- POST /wd/hub/session/df9f32c4-0030-433a-a6cf-3dfcf61c4575/element &amp#27;[39m&amp#27;[32m200&amp#27;[39m &amp#27;[90m51 ms - 137&amp#27;[39m
&amp#27;[35m[HTTP]&amp#27;[39m &amp#27;[90m&amp#27;[39m
&amp#27;[35m[HTTP]&amp#27;[39m &amp#27;[37m-->&amp#27;[39m &amp#27;[37mPOST&amp#27;[39m &amp#27;[37m/wd/hub/session/df9f32c4-0030-433a-a6cf-3dfcf61c4575/element/00000000-0000-0088-7fff-ffff0000003c/value&amp#27;[39m
&amp#27;[35m[HTTP]&amp#27;[39m &amp#27;[90m{"id":"00000000-0000-0088-7fff-ffff0000003c","text":"ax61","value":["a","x","6","1"]}&amp#27;[39m
[debug] &amp#27;[35m[W3C (df9f32c4)]&amp#27;[39m Calling AppiumDriver.setValue() with args: [["a","x","6","1"],"00000000-0000-0088-7fff-ffff0000003c","df9f32c4-0030-433a-a6cf-3dfcf61c4575"]
[debug] &amp#27;[35m[WD Proxy]&amp#27;[39m Matched '/element/00000000-0000-0088-7fff-ffff0000003c/value' to command name 'setValue'
[debug] &amp#27;[35m[Protocol Converter]&amp#27;[39m Added 'value' property ["a","x","6","1"] to 'setValue' request body
[debug] &amp#27;[35m[WD Proxy]&amp#27;[39m Proxying [POST /element/00000000-0000-0088-7fff-ffff0000003c/value] to [POST http://127.0.0.1:8205/wd/hub/session/13aac962-8885-40a8-be47-5799470e7097/element/00000000-0000-0088-7fff-ffff0000003c/value] with body: {"elementId":"00000000-0000-0088-7fff-ffff0000003c","text":"ax61","replace":false,"value":["a","x","6","1"]}
[debug] &amp#27;[35m[WD Proxy]&amp#27;[39m Got response with status 200: {"sessionId":"13aac962-8885-40a8-be47-5799470e7097","value":null}
[debug] &amp#27;[35m[W3C (df9f32c4)]&amp#27;[39m Responding to client with driver.setValue() result: null
&amp#27;[35m[HTTP]&amp#27;[39m &amp#27;[37m<-- POST /wd/hub/session/df9f32c4-0030-433a-a6cf-3dfcf61c4575/element/00000000-0000-0088-7fff-ffff0000003c/value &amp#27;[39m&amp#27;[32m200&amp#27;[39m &amp#27;[90m594 ms - 14&amp#27;[39m
&amp#27;[35m[HTTP]&amp#27;[39m &amp#27;[90m&amp#27;[39m
&amp#27;[35m[HTTP]&amp#27;[39m &amp#27;[37m-->&amp#27;[39m &amp#27;[37mGET&amp#27;[39m &amp#27;[37m/wd/hub/session/df9f32c4-0030-433a-a6cf-3dfcf61c4575/context&amp#27;[39m
&amp#27;[35m[HTTP]&amp#27;[39m &amp#27;[90m{}&amp#27;[39m
[debug] &amp#27;[35m[W3C (df9f32c4)]&amp#27;[39m Calling AppiumDriver.getCurrentContext() with args: ["df9f32c4-0030-433a-a6cf-3dfcf61c4575"]
[debug] &amp#27;[35m[W3C (df9f32c4)]&amp#27;[39m Responding to client with driver.getCurrentContext() result: "NATIVE_APP"
&amp#27;[35m[HTTP]&amp#27;[39m &amp#27;[37m<-- GET /wd/hub/session/df9f32c4-0030-433a-a6cf-3dfcf61c4575/context &amp#27;[39m&amp#27;[32m200&amp#27;[39m &amp#27;[90m1 ms - 22&amp#27;[39m
&amp#27;[35m[HTTP]&amp#27;[39m &amp#27;[90m&amp#27;[39m
&amp#27;[35m[HTTP]&amp#27;[39m &amp#27;[37m-->&amp#27;[39m &amp#27;[37mPOST&amp#27;[39m &amp#27;[37m/wd/hub/session/df9f32c4-0030-433a-a6cf-3dfcf61c4575/element&amp#27;[39m
&amp#27;[35m[HTTP]&amp#27;[39m &amp#27;[90m{"using":"accessibility id","value":"input-repeat-password"}&amp#27;[39m
[debug] &amp#27;[35m[W3C (df9f32c4)]&amp#27;[39m Calling AppiumDriver.findElement() with args: ["accessibility id","input-repeat-password","df9f32c4-0030-433a-a6cf-3dfcf61c4575"]
[debug] &amp#27;[35m[BaseDriver]&amp#27;[39m Valid locator strategies for this request: xpath, id, class name, accessibility id, css selector, -android uiautomator
[debug] &amp#27;[35m[BaseDriver]&amp#27;[39m Waiting up to 30000 ms for condition
[debug] &amp#27;[35m[WD Proxy]&amp#27;[39m Matched '/element' to command name 'findElement'
[debug] &amp#27;[35m[WD Proxy]&amp#27;[39m Proxying [POST /element] to [POST http://127.0.0.1:8205/wd/hub/session/13aac962-8885-40a8-be47-5799470e7097/element] with body: {"strategy":"accessibility id","selector":"input-repeat-password","context":"","multiple":false}
[debug] &amp#27;[35m[WD Proxy]&amp#27;[39m Got response with status 200: {"sessionId":"13aac962-8885-40a8-be47-5799470e7097","value":{"ELEMENT":"00000000-0000-0088-7fff-ffff00000058","element-6066-11e4-a52e-4f735466cecf":"00000000-0000-0088-7fff-ffff00000058"}}
[debug] &amp#27;[35m[W3C (df9f32c4)]&amp#27;[39m Responding to client with driver.findElement() result: {"element-6066-11e4-a52e-4f735466cecf":"00000000-0000-0088-7fff-ffff00000058","ELEMENT":"00000000-0000-0088-7fff-ffff00000058"}
&amp#27;[35m[HTTP]&amp#27;[39m &amp#27;[37m<-- POST /wd/hub/session/df9f32c4-0030-433a-a6cf-3dfcf61c4575/element &amp#27;[39m&amp#27;[32m200&amp#27;[39m &amp#27;[90m707 ms - 137&amp#27;[39m
&amp#27;[35m[HTTP]&amp#27;[39m &amp#27;[90m&amp#27;[39m
&amp#27;[35m[HTTP]&amp#27;[39m &amp#27;[37m-->&amp#27;[39m &amp#27;[37mGET&amp#27;[39m &amp#27;[37m/wd/hub/session/df9f32c4-0030-433a-a6cf-3dfcf61c4575/element/00000000-0000-0088-7fff-ffff00000058/displayed&amp#27;[39m
&amp#27;[35m[HTTP]&amp#27;[39m &amp#27;[90m{}&amp#27;[39m
[debug] &amp#27;[35m[W3C (df9f32c4)]&amp#27;[39m Calling AppiumDriver.elementDisplayed() with args: ["00000000-0000-0088-7fff-ffff00000058","df9f32c4-0030-433a-a6cf-3dfcf61c4575"]
[debug] &amp#27;[35m[WD Proxy]&amp#27;[39m Matched '/element/00000000-0000-0088-7fff-ffff00000058/attribute/displayed' to command name 'getAttribute'
[debug] &amp#27;[35m[WD Proxy]&amp#27;[39m Proxying [GET /element/00000000-0000-0088-7fff-ffff00000058/attribute/displayed] to [GET http://127.0.0.1:8205/wd/hub/session/13aac962-8885-40a8-be47-5799470e7097/element/00000000-0000-0088-7fff-ffff00000058/attribute/displayed] with no body
[debug] &amp#27;[35m[WD Proxy]&amp#27;[39m Got response with status 200: {"sessionId":"13aac962-8885-40a8-be47-5799470e7097","value":"true"}
[debug] &amp#27;[35m[W3C (df9f32c4)]&amp#27;[39m Responding to client with driver.elementDisplayed() result: true
&amp#27;[35m[HTTP]&amp#27;[39m &amp#27;[37m<-- GET /wd/hub/session/df9f32c4-0030-433a-a6cf-3dfcf61c4575/element/00000000-0000-0088-7fff-ffff00000058/displayed &amp#27;[39m&amp#27;[32m200&amp#27;[39m &amp#27;[90m21 ms - 14&amp#27;[39m
&amp#27;[35m[HTTP]&amp#27;[39m &amp#27;[90m&amp#27;[39m
&amp#27;[35m[HTTP]&amp#27;[39m &amp#27;[37m-->&amp#27;[39m &amp#27;[37mGET&amp#27;[39m &amp#27;[37m/wd/hub/session/df9f32c4-0030-433a-a6cf-3dfcf61c4575/context&amp#27;[39m
&amp#27;[35m[HTTP]&amp#27;[39m &amp#27;[90m{}&amp#27;[39m
[debug] &amp#27;[35m[W3C (df9f32c4)]&amp#27;[39m Calling AppiumDriver.getCurrentContext() with args: ["df9f32c4-0030-433a-a6cf-3dfcf61c4575"]
[debug] &amp#27;[35m[W3C (df9f32c4)]&amp#27;[39m Responding to client with driver.getCurrentContext() result: "NATIVE_APP"
&amp#27;[35m[HTTP]&amp#27;[39m &amp#27;[37m<-- GET /wd/hub/session/df9f32c4-0030-433a-a6cf-3dfcf61c4575/context &amp#27;[39m&amp#27;[32m200&amp#27;[39m &amp#27;[90m1 ms - 22&amp#27;[39m
&amp#27;[35m[HTTP]&amp#27;[39m &amp#27;[90m&amp#27;[39m
&amp#27;[35m[HTTP]&amp#27;[39m &amp#27;[37m-->&amp#27;[39m &amp#27;[37mPOST&amp#27;[39m &amp#27;[37m/wd/hub/session/df9f32c4-0030-433a-a6cf-3dfcf61c4575/element&amp#27;[39m
&amp#27;[35m[HTTP]&amp#27;[39m &amp#27;[90m{"using":"accessibility id","value":"input-repeat-password"}&amp#27;[39m
[debug] &amp#27;[35m[W3C (df9f32c4)]&amp#27;[39m Calling AppiumDriver.findElement() with args: ["accessibility id","input-repeat-password","df9f32c4-0030-433a-a6cf-3dfcf61c4575"]
[debug] &amp#27;[35m[BaseDriver]&amp#27;[39m Valid locator strategies for this request: xpath, id, class name, accessibility id, css selector, -android uiautomator
[debug] &amp#27;[35m[BaseDriver]&amp#27;[39m Waiting up to 30000 ms for condition
[debug] &amp#27;[35m[WD Proxy]&amp#27;[39m Matched '/element' to command name 'findElement'
[debug] &amp#27;[35m[WD Proxy]&amp#27;[39m Proxying [POST /element] to [POST http://127.0.0.1:8205/wd/hub/session/13aac962-8885-40a8-be47-5799470e7097/element] with body: {"strategy":"accessibility id","selector":"input-repeat-password","context":"","multiple":false}
[debug] &amp#27;[35m[WD Proxy]&amp#27;[39m Got response with status 200: {"sessionId":"13aac962-8885-40a8-be47-5799470e7097","value":{"ELEMENT":"00000000-0000-0088-7fff-ffff00000058","element-6066-11e4-a52e-4f735466cecf":"00000000-0000-0088-7fff-ffff00000058"}}
[debug] &amp#27;[35m[W3C (df9f32c4)]&amp#27;[39m Responding to client with driver.findElement() result: {"element-6066-11e4-a52e-4f735466cecf":"00000000-0000-0088-7fff-ffff00000058","ELEMENT":"00000000-0000-0088-7fff-ffff00000058"}
&amp#27;[35m[HTTP]&amp#27;[39m &amp#27;[37m<-- POST /wd/hub/session/df9f32c4-0030-433a-a6cf-3dfcf61c4575/element &amp#27;[39m&amp#27;[32m200&amp#27;[39m &amp#27;[90m59 ms - 137&amp#27;[39m
&amp#27;[35m[HTTP]&amp#27;[39m &amp#27;[90m&amp#27;[39m
&amp#27;[35m[HTTP]&amp#27;[39m &amp#27;[37m-->&amp#27;[39m &amp#27;[37mPOST&amp#27;[39m &amp#27;[37m/wd/hub/session/df9f32c4-0030-433a-a6cf-3dfcf61c4575/element/00000000-0000-0088-7fff-ffff00000058/clear&amp#27;[39m
&amp#27;[35m[HTTP]&amp#27;[39m &amp#27;[90m{"id":"00000000-0000-0088-7fff-ffff00000058"}&amp#27;[39m
[debug] &amp#27;[35m[W3C (df9f32c4)]&amp#27;[39m Calling AppiumDriver.clear() with args: ["00000000-0000-0088-7fff-ffff00000058","df9f32c4-0030-433a-a6cf-3dfcf61c4575"]
[debug] &amp#27;[35m[WD Proxy]&amp#27;[39m Matched '/element/00000000-0000-0088-7fff-ffff00000058/clear' to command name 'clear'
[debug] &amp#27;[35m[WD Proxy]&amp#27;[39m Proxying [POST /element/00000000-0000-0088-7fff-ffff00000058/clear] to [POST http://127.0.0.1:8205/wd/hub/session/13aac962-8885-40a8-be47-5799470e7097/element/00000000-0000-0088-7fff-ffff00000058/clear] with body: {"elementId":"00000000-0000-0088-7fff-ffff00000058"}
[debug] &amp#27;[35m[WD Proxy]&amp#27;[39m Got response with status 200: {"sessionId":"13aac962-8885-40a8-be47-5799470e7097","value":null}
[debug] &amp#27;[35m[W3C (df9f32c4)]&amp#27;[39m Responding to client with driver.clear() result: null
&amp#27;[35m[HTTP]&amp#27;[39m &amp#27;[37m<-- POST /wd/hub/session/df9f32c4-0030-433a-a6cf-3dfcf61c4575/element/00000000-0000-0088-7fff-ffff00000058/clear &amp#27;[39m&amp#27;[32m200&amp#27;[39m &amp#27;[90m31 ms - 14&amp#27;[39m
&amp#27;[35m[HTTP]&amp#27;[39m &amp#27;[90m&amp#27;[39m
&amp#27;[35m[HTTP]&amp#27;[39m &amp#27;[37m-->&amp#27;[39m &amp#27;[37mGET&amp#27;[39m &amp#27;[37m/wd/hub/session/df9f32c4-0030-433a-a6cf-3dfcf61c4575/context&amp#27;[39m
&amp#27;[35m[HTTP]&amp#27;[39m &amp#27;[90m{}&amp#27;[39m
[debug] &amp#27;[35m[W3C (df9f32c4)]&amp#27;[39m Calling AppiumDriver.getCurrentContext() with args: ["df9f32c4-0030-433a-a6cf-3dfcf61c4575"]
[debug] &amp#27;[35m[W3C (df9f32c4)]&amp#27;[39m Responding to client with driver.getCurrentContext() result: "NATIVE_APP"
&amp#27;[35m[HTTP]&amp#27;[39m &amp#27;[37m<-- GET /wd/hub/session/df9f32c4-0030-433a-a6cf-3dfcf61c4575/context &amp#27;[39m&amp#27;[32m200&amp#27;[39m &amp#27;[90m1 ms - 22&amp#27;[39m
&amp#27;[35m[HTTP]&amp#27;[39m &amp#27;[90m&amp#27;[39m
&amp#27;[35m[HTTP]&amp#27;[39m &amp#27;[37m-->&amp#27;[39m &amp#27;[37mPOST&amp#27;[39m &amp#27;[37m/wd/hub/session/df9f32c4-0030-433a-a6cf-3dfcf61c4575/element&amp#27;[39m
&amp#27;[35m[HTTP]&amp#27;[39m &amp#27;[90m{"using":"accessibility id","value":"input-repeat-password"}&amp#27;[39m
[debug] &amp#27;[35m[W3C (df9f32c4)]&amp#27;[39m Calling AppiumDriver.findElement() with args: ["accessibility id","input-repeat-password","df9f32c4-0030-433a-a6cf-3dfcf61c4575"]
[debug] &amp#27;[35m[BaseDriver]&amp#27;[39m Valid locator strategies for this request: xpath, id, class name, accessibility id, css selector, -android uiautomator
[debug] &amp#27;[35m[BaseDriver]&amp#27;[39m Waiting up to 30000 ms for condition
[debug] &amp#27;[35m[WD Proxy]&amp#27;[39m Matched '/element' to command name 'findElement'
[debug] &amp#27;[35m[WD Proxy]&amp#27;[39m Proxying [POST /element] to [POST http://127.0.0.1:8205/wd/hub/session/13aac962-8885-40a8-be47-5799470e7097/element] with body: {"strategy":"accessibility id","selector":"input-repeat-password","context":"","multiple":false}
[debug] &amp#27;[35m[WD Proxy]&amp#27;[39m Got response with status 200: {"sessionId":"13aac962-8885-40a8-be47-5799470e7097","value":{"ELEMENT":"00000000-0000-0088-7fff-ffff00000058","element-6066-11e4-a52e-4f735466cecf":"00000000-0000-0088-7fff-ffff00000058"}}
[debug] &amp#27;[35m[W3C (df9f32c4)]&amp#27;[39m Responding to client with driver.findElement() result: {"element-6066-11e4-a52e-4f735466cecf":"00000000-0000-0088-7fff-ffff00000058","ELEMENT":"00000000-0000-0088-7fff-ffff00000058"}
&amp#27;[35m[HTTP]&amp#27;[39m &amp#27;[37m<-- POST /wd/hub/session/df9f32c4-0030-433a-a6cf-3dfcf61c4575/element &amp#27;[39m&amp#27;[32m200&amp#27;[39m &amp#27;[90m910 ms - 137&amp#27;[39m
&amp#27;[35m[HTTP]&amp#27;[39m &amp#27;[90m&amp#27;[39m
&amp#27;[35m[HTTP]&amp#27;[39m &amp#27;[37m-->&amp#27;[39m &amp#27;[37mGET&amp#27;[39m &amp#27;[37m/wd/hub/session/df9f32c4-0030-433a-a6cf-3dfcf61c4575/element/00000000-0000-0088-7fff-ffff00000058/displayed&amp#27;[39m
&amp#27;[35m[HTTP]&amp#27;[39m &amp#27;[90m{}&amp#27;[39m
[debug] &amp#27;[35m[W3C (df9f32c4)]&amp#27;[39m Calling AppiumDriver.elementDisplayed() with args: ["00000000-0000-0088-7fff-ffff00000058","df9f32c4-0030-433a-a6cf-3dfcf61c4575"]
[debug] &amp#27;[35m[WD Proxy]&amp#27;[39m Matched '/element/00000000-0000-0088-7fff-ffff00000058/attribute/displayed' to command name 'getAttribute'
[debug] &amp#27;[35m[WD Proxy]&amp#27;[39m Proxying [GET /element/00000000-0000-0088-7fff-ffff00000058/attribute/displayed] to [GET http://127.0.0.1:8205/wd/hub/session/13aac962-8885-40a8-be47-5799470e7097/element/00000000-0000-0088-7fff-ffff00000058/attribute/displayed] with no body
[debug] &amp#27;[35m[WD Proxy]&amp#27;[39m Got response with status 200: {"sessionId":"13aac962-8885-40a8-be47-5799470e7097","value":"true"}
[debug] &amp#27;[35m[W3C (df9f32c4)]&amp#27;[39m Responding to client with driver.elementDisplayed() result: true
&amp#27;[35m[HTTP]&amp#27;[39m &amp#27;[37m<-- GET /wd/hub/session/df9f32c4-0030-433a-a6cf-3dfcf61c4575/element/00000000-0000-0088-7fff-ffff00000058/displayed &amp#27;[39m&amp#27;[32m200&amp#27;[39m &amp#27;[90m21 ms - 14&amp#27;[39m
&amp#27;[35m[HTTP]&amp#27;[39m &amp#27;[90m&amp#27;[39m
&amp#27;[35m[HTTP]&amp#27;[39m &amp#27;[37m-->&amp#27;[39m &amp#27;[37mGET&amp#27;[39m &amp#27;[37m/wd/hub/session/df9f32c4-0030-433a-a6cf-3dfcf61c4575/context&amp#27;[39m
&amp#27;[35m[HTTP]&amp#27;[39m &amp#27;[90m{}&amp#27;[39m
[debug] &amp#27;[35m[W3C (df9f32c4)]&amp#27;[39m Calling AppiumDriver.getCurrentContext() with args: ["df9f32c4-0030-433a-a6cf-3dfcf61c4575"]
[debug] &amp#27;[35m[W3C (df9f32c4)]&amp#27;[39m Responding to client with driver.getCurrentContext() result: "NATIVE_APP"
&amp#27;[35m[HTTP]&amp#27;[39m &amp#27;[37m<-- GET /wd/hub/session/df9f32c4-0030-433a-a6cf-3dfcf61c4575/context &amp#27;[39m&amp#27;[32m200&amp#27;[39m &amp#27;[90m1 ms - 22&amp#27;[39m
&amp#27;[35m[HTTP]&amp#27;[39m &amp#27;[90m&amp#27;[39m
&amp#27;[35m[HTTP]&amp#27;[39m &amp#27;[37m-->&amp#27;[39m &amp#27;[37mPOST&amp#27;[39m &amp#27;[37m/wd/hub/session/df9f32c4-0030-433a-a6cf-3dfcf61c4575/element&amp#27;[39m
&amp#27;[35m[HTTP]&amp#27;[39m &amp#27;[90m{"using":"accessibility id","value":"input-repeat-password"}&amp#27;[39m
[debug] &amp#27;[35m[W3C (df9f32c4)]&amp#27;[39m Calling AppiumDriver.findElement() with args: ["accessibility id","input-repeat-password","df9f32c4-0030-433a-a6cf-3dfcf61c4575"]
[debug] &amp#27;[35m[BaseDriver]&amp#27;[39m Valid locator strategies for this request: xpath, id, class name, accessibility id, css selector, -android uiautomator
[debug] &amp#27;[35m[BaseDriver]&amp#27;[39m Waiting up to 30000 ms for condition
[debug] &amp#27;[35m[WD Proxy]&amp#27;[39m Matched '/element' to command name 'findElement'
[debug] &amp#27;[35m[WD Proxy]&amp#27;[39m Proxying [POST /element] to [POST http://127.0.0.1:8205/wd/hub/session/13aac962-8885-40a8-be47-5799470e7097/element] with body: {"strategy":"accessibility id","selector":"input-repeat-password","context":"","multiple":false}
[debug] &amp#27;[35m[WD Proxy]&amp#27;[39m Got response with status 200: {"sessionId":"13aac962-8885-40a8-be47-5799470e7097","value":{"ELEMENT":"00000000-0000-0088-7fff-ffff00000058","element-6066-11e4-a52e-4f735466cecf":"00000000-0000-0088-7fff-ffff00000058"}}
[debug] &amp#27;[35m[W3C (df9f32c4)]&amp#27;[39m Responding to client with driver.findElement() result: {"element-6066-11e4-a52e-4f735466cecf":"00000000-0000-0088-7fff-ffff00000058","ELEMENT":"00000000-0000-0088-7fff-ffff00000058"}
&amp#27;[35m[HTTP]&amp#27;[39m &amp#27;[37m<-- POST /wd/hub/session/df9f32c4-0030-433a-a6cf-3dfcf61c4575/element &amp#27;[39m&amp#27;[32m200&amp#27;[39m &amp#27;[90m63 ms - 137&amp#27;[39m
&amp#27;[35m[HTTP]&amp#27;[39m &amp#27;[90m&amp#27;[39m
&amp#27;[35m[HTTP]&amp#27;[39m &amp#27;[37m-->&amp#27;[39m &amp#27;[37mPOST&amp#27;[39m &amp#27;[37m/wd/hub/session/df9f32c4-0030-433a-a6cf-3dfcf61c4575/element/00000000-0000-0088-7fff-ffff00000058/value&amp#27;[39m
&amp#27;[35m[HTTP]&amp#27;[39m &amp#27;[90m{"id":"00000000-0000-0088-7fff-ffff00000058","text":"12345678","value":["1","2","3","4","5","6","7","8"]}&amp#27;[39m
[debug] &amp#27;[35m[W3C (df9f32c4)]&amp#27;[39m Calling AppiumDriver.setValue() with args: [["1","2","3","4","5","6","7","8"],"00000000-0000-0088-7fff-ffff00000058","df9f32c4-0030-433a-a6cf-3dfcf61c4575"]
[debug] &amp#27;[35m[WD Proxy]&amp#27;[39m Matched '/element/00000000-0000-0088-7fff-ffff00000058/value' to command name 'setValue'
[debug] &amp#27;[35m[Protocol Converter]&amp#27;[39m Added 'value' property ["1","2","3","4","5","6","7","8"] to 'setValue' request body
[debug] &amp#27;[35m[WD Proxy]&amp#27;[39m Proxying [POST /element/00000000-0000-0088-7fff-ffff00000058/value] to [POST http://127.0.0.1:8205/wd/hub/session/13aac962-8885-40a8-be47-5799470e7097/element/00000000-0000-0088-7fff-ffff00000058/value] with body: {"elementId":"00000000-0000-0088-7fff-ffff00000058","text":"12345678","replace":false,"value":["1","2","3","4","5","6","7","8"]}
[debug] &amp#27;[35m[WD Proxy]&amp#27;[39m Got response with status 200: {"sessionId":"13aac962-8885-40a8-be47-5799470e7097","value":null}
[debug] &amp#27;[35m[W3C (df9f32c4)]&amp#27;[39m Responding to client with driver.setValue() result: null
&amp#27;[35m[HTTP]&amp#27;[39m &amp#27;[37m<-- POST /wd/hub/session/df9f32c4-0030-433a-a6cf-3dfcf61c4575/element/00000000-0000-0088-7fff-ffff00000058/value &amp#27;[39m&amp#27;[32m200&amp#27;[39m &amp#27;[90m605 ms - 14&amp#27;[39m
&amp#27;[35m[HTTP]&amp#27;[39m &amp#27;[90m&amp#27;[39m
&amp#27;[35m[HTTP]&amp#27;[39m &amp#27;[37m-->&amp#27;[39m &amp#27;[37mGET&amp#27;[39m &amp#27;[37m/wd/hub/session/df9f32c4-0030-433a-a6cf-3dfcf61c4575/context&amp#27;[39m
&amp#27;[35m[HTTP]&amp#27;[39m &amp#27;[90m{}&amp#27;[39m
[debug] &amp#27;[35m[W3C (df9f32c4)]&amp#27;[39m Calling AppiumDriver.getCurrentContext() with args: ["df9f32c4-0030-433a-a6cf-3dfcf61c4575"]
[debug] &amp#27;[35m[W3C (df9f32c4)]&amp#27;[39m Responding to client with driver.getCurrentContext() result: "NATIVE_APP"
&amp#27;[35m[HTTP]&amp#27;[39m &amp#27;[37m<-- GET /wd/hub/session/df9f32c4-0030-433a-a6cf-3dfcf61c4575/context &amp#27;[39m&amp#27;[32m200&amp#27;[39m &amp#27;[90m1 ms - 22&amp#27;[39m
&amp#27;[35m[HTTP]&amp#27;[39m &amp#27;[90m&amp#27;[39m
&amp#27;[35m[HTTP]&amp#27;[39m &amp#27;[37m-->&amp#27;[39m &amp#27;[37mPOST&amp#27;[39m &amp#27;[37m/wd/hub/session/df9f32c4-0030-433a-a6cf-3dfcf61c4575/element&amp#27;[39m
&amp#27;[35m[HTTP]&amp#27;[39m &amp#27;[90m{"using":"accessibility id","value":"button-SIGN UP"}&amp#27;[39m
[debug] &amp#27;[35m[W3C (df9f32c4)]&amp#27;[39m Calling AppiumDriver.findElement() with args: ["accessibility id","button-SIGN UP","df9f32c4-0030-433a-a6cf-3dfcf61c4575"]
[debug] &amp#27;[35m[BaseDriver]&amp#27;[39m Valid locator strategies for this request: xpath, id, class name, accessibility id, css selector, -android uiautomator
[debug] &amp#27;[35m[BaseDriver]&amp#27;[39m Waiting up to 30000 ms for condition
[debug] &amp#27;[35m[WD Proxy]&amp#27;[39m Matched '/element' to command name 'findElement'
[debug] &amp#27;[35m[WD Proxy]&amp#27;[39m Proxying [POST /element] to [POST http://127.0.0.1:8205/wd/hub/session/13aac962-8885-40a8-be47-5799470e7097/element] with body: {"strategy":"accessibility id","selector":"button-SIGN UP","context":"","multiple":false}
[debug] &amp#27;[35m[WD Proxy]&amp#27;[39m Got response with status 200: {"sessionId":"13aac962-8885-40a8-be47-5799470e7097","value":{"ELEMENT":"00000000-0000-0088-7fff-ffff00000053","element-6066-11e4-a52e-4f735466cecf":"00000000-0000-0088-7fff-ffff00000053"}}
[debug] &amp#27;[35m[W3C (df9f32c4)]&amp#27;[39m Responding to client with driver.findElement() result: {"element-6066-11e4-a52e-4f735466cecf":"00000000-0000-0088-7fff-ffff00000053","ELEMENT":"00000000-0000-0088-7fff-ffff00000053"}
&amp#27;[35m[HTTP]&amp#27;[39m &amp#27;[37m<-- POST /wd/hub/session/df9f32c4-0030-433a-a6cf-3dfcf61c4575/element &amp#27;[39m&amp#27;[32m200&amp#27;[39m &amp#27;[90m739 ms - 137&amp#27;[39m
&amp#27;[35m[HTTP]&amp#27;[39m &amp#27;[90m&amp#27;[39m
&amp#27;[35m[HTTP]&amp#27;[39m &amp#27;[37m-->&amp#27;[39m &amp#27;[37mGET&amp#27;[39m &amp#27;[37m/wd/hub/session/df9f32c4-0030-433a-a6cf-3dfcf61c4575/element/00000000-0000-0088-7fff-ffff00000053/displayed&amp#27;[39m
&amp#27;[35m[HTTP]&amp#27;[39m &amp#27;[90m{}&amp#27;[39m
[debug] &amp#27;[35m[W3C (df9f32c4)]&amp#27;[39m Calling AppiumDriver.elementDisplayed() with args: ["00000000-0000-0088-7fff-ffff00000053","df9f32c4-0030-433a-a6cf-3dfcf61c4575"]
[debug] &amp#27;[35m[WD Proxy]&amp#27;[39m Matched '/element/00000000-0000-0088-7fff-ffff00000053/attribute/displayed' to command name 'getAttribute'
[debug] &amp#27;[35m[WD Proxy]&amp#27;[39m Proxying [GET /element/00000000-0000-0088-7fff-ffff00000053/attribute/displayed] to [GET http://127.0.0.1:8205/wd/hub/session/13aac962-8885-40a8-be47-5799470e7097/element/00000000-0000-0088-7fff-ffff00000053/attribute/displayed] with no body
[debug] &amp#27;[35m[WD Proxy]&amp#27;[39m Got response with status 200: {"sessionId":"13aac962-8885-40a8-be47-5799470e7097","value":"true"}
[debug] &amp#27;[35m[W3C (df9f32c4)]&amp#27;[39m Responding to client with driver.elementDisplayed() result: true
&amp#27;[35m[HTTP]&amp#27;[39m &amp#27;[37m<-- GET /wd/hub/session/df9f32c4-0030-433a-a6cf-3dfcf61c4575/element/00000000-0000-0088-7fff-ffff00000053/displayed &amp#27;[39m&amp#27;[32m200&amp#27;[39m &amp#27;[90m29 ms - 14&amp#27;[39m
&amp#27;[35m[HTTP]&amp#27;[39m &amp#27;[90m&amp#27;[39m
&amp#27;[35m[HTTP]&amp#27;[39m &amp#27;[37m-->&amp#27;[39m &amp#27;[37mGET&amp#27;[39m &amp#27;[37m/wd/hub/session/df9f32c4-0030-433a-a6cf-3dfcf61c4575/context&amp#27;[39m
&amp#27;[35m[HTTP]&amp#27;[39m &amp#27;[90m{}&amp#27;[39m
[debug] &amp#27;[35m[W3C (df9f32c4)]&amp#27;[39m Calling AppiumDriver.getCurrentContext() with args: ["df9f32c4-0030-433a-a6cf-3dfcf61c4575"]
[debug] &amp#27;[35m[W3C (df9f32c4)]&amp#27;[39m Responding to client with driver.getCurrentContext() result: "NATIVE_APP"
&amp#27;[35m[HTTP]&amp#27;[39m &amp#27;[37m<-- GET /wd/hub/session/df9f32c4-0030-433a-a6cf-3dfcf61c4575/context &amp#27;[39m&amp#27;[32m200&amp#27;[39m &amp#27;[90m1 ms - 22&amp#27;[39m
&amp#27;[35m[HTTP]&amp#27;[39m &amp#27;[90m&amp#27;[39m
&amp#27;[35m[HTTP]&amp#27;[39m &amp#27;[37m-->&amp#27;[39m &amp#27;[37mPOST&amp#27;[39m &amp#27;[37m/wd/hub/session/df9f32c4-0030-433a-a6cf-3dfcf61c4575/element&amp#27;[39m
&amp#27;[35m[HTTP]&amp#27;[39m &amp#27;[90m{"using":"accessibility id","value":"button-SIGN UP"}&amp#27;[39m
[debug] &amp#27;[35m[W3C (df9f32c4)]&amp#27;[39m Calling AppiumDriver.findElement() with args: ["accessibility id","button-SIGN UP","df9f32c4-0030-433a-a6cf-3dfcf61c4575"]
[debug] &amp#27;[35m[BaseDriver]&amp#27;[39m Valid locator strategies for this request: xpath, id, class name, accessibility id, css selector, -android uiautomator
[debug] &amp#27;[35m[BaseDriver]&amp#27;[39m Waiting up to 30000 ms for condition
[debug] &amp#27;[35m[WD Proxy]&amp#27;[39m Matched '/element' to command name 'findElement'
[debug] &amp#27;[35m[WD Proxy]&amp#27;[39m Proxying [POST /element] to [POST http://127.0.0.1:8205/wd/hub/session/13aac962-8885-40a8-be47-5799470e7097/element] with body: {"strategy":"accessibility id","selector":"button-SIGN UP","context":"","multiple":false}
[debug] &amp#27;[35m[WD Proxy]&amp#27;[39m Got response with status 200: {"sessionId":"13aac962-8885-40a8-be47-5799470e7097","value":{"ELEMENT":"00000000-0000-0088-7fff-ffff00000053","element-6066-11e4-a52e-4f735466cecf":"00000000-0000-0088-7fff-ffff00000053"}}
[debug] &amp#27;[35m[W3C (df9f32c4)]&amp#27;[39m Responding to client with driver.findElement() result: {"element-6066-11e4-a52e-4f735466cecf":"00000000-0000-0088-7fff-ffff00000053","ELEMENT":"00000000-0000-0088-7fff-ffff00000053"}
&amp#27;[35m[HTTP]&amp#27;[39m &amp#27;[37m<-- POST /wd/hub/session/df9f32c4-0030-433a-a6cf-3dfcf61c4575/element &amp#27;[39m&amp#27;[32m200&amp#27;[39m &amp#27;[90m50 ms - 137&amp#27;[39m
&amp#27;[35m[HTTP]&amp#27;[39m &amp#27;[90m&amp#27;[39m
&amp#27;[35m[HTTP]&amp#27;[39m &amp#27;[37m-->&amp#27;[39m &amp#27;[37mPOST&amp#27;[39m &amp#27;[37m/wd/hub/session/df9f32c4-0030-433a-a6cf-3dfcf61c4575/element/00000000-0000-0088-7fff-ffff00000053/click&amp#27;[39m
&amp#27;[35m[HTTP]&amp#27;[39m &amp#27;[90m{"id":"00000000-0000-0088-7fff-ffff00000053"}&amp#27;[39m
[debug] &amp#27;[35m[W3C (df9f32c4)]&amp#27;[39m Calling AppiumDriver.click() with args: ["00000000-0000-0088-7fff-ffff00000053","df9f32c4-0030-433a-a6cf-3dfcf61c4575"]
[debug] &amp#27;[35m[WD Proxy]&amp#27;[39m Matched '/element/00000000-0000-0088-7fff-ffff00000053/click' to command name 'click'
[debug] &amp#27;[35m[WD Proxy]&amp#27;[39m Proxying [POST /element/00000000-0000-0088-7fff-ffff00000053/click] to [POST http://127.0.0.1:8205/wd/hub/session/13aac962-8885-40a8-be47-5799470e7097/element/00000000-0000-0088-7fff-ffff00000053/click] with body: {"element":"00000000-0000-0088-7fff-ffff00000053"}
[debug] &amp#27;[35m[WD Proxy]&amp#27;[39m Got response with status 200: {"sessionId":"13aac962-8885-40a8-be47-5799470e7097","value":null}
[debug] &amp#27;[35m[W3C (df9f32c4)]&amp#27;[39m Responding to client with driver.click() result: null
&amp#27;[35m[HTTP]&amp#27;[39m &amp#27;[37m<-- POST /wd/hub/session/df9f32c4-0030-433a-a6cf-3dfcf61c4575/element/00000000-0000-0088-7fff-ffff00000053/click &amp#27;[39m&amp#27;[32m200&amp#27;[39m &amp#27;[90m49 ms - 14&amp#27;[39m
&amp#27;[35m[HTTP]&amp#27;[39m &amp#27;[90m&amp#27;[39m
&amp#27;[35m[HTTP]&amp#27;[39m &amp#27;[37m-->&amp#27;[39m &amp#27;[37mGET&amp#27;[39m &amp#27;[37m/wd/hub/session/df9f32c4-0030-433a-a6cf-3dfcf61c4575/context&amp#27;[39m
&amp#27;[35m[HTTP]&amp#27;[39m &amp#27;[90m{}&amp#27;[39m
[debug] &amp#27;[35m[W3C (df9f32c4)]&amp#27;[39m Calling AppiumDriver.getCurrentContext() with args: ["df9f32c4-0030-433a-a6cf-3dfcf61c4575"]
[debug] &amp#27;[35m[W3C (df9f32c4)]&amp#27;[39m Responding to client with driver.getCurrentContext() result: "NATIVE_APP"
&amp#27;[35m[HTTP]&amp#27;[39m &amp#27;[37m<-- GET /wd/hub/session/df9f32c4-0030-433a-a6cf-3dfcf61c4575/context &amp#27;[39m&amp#27;[32m200&amp#27;[39m &amp#27;[90m1 ms - 22&amp#27;[39m
&amp#27;[35m[HTTP]&amp#27;[39m &amp#27;[90m&amp#27;[39m
&amp#27;[35m[HTTP]&amp#27;[39m &amp#27;[37m-->&amp#27;[39m &amp#27;[37mPOST&amp#27;[39m &amp#27;[37m/wd/hub/session/df9f32c4-0030-433a-a6cf-3dfcf61c4575/element&amp#27;[39m
&amp#27;[35m[HTTP]&amp#27;[39m &amp#27;[90m{"using":"xpath","value":"//*[@content-desc='button-SIGN UP']/preceding-sibling::android.widget.TextView[2]"}&amp#27;[39m
[debug] &amp#27;[35m[W3C (df9f32c4)]&amp#27;[39m Calling AppiumDriver.findElement() with args: ["xpath","//*[@content-desc='button-SIGN UP']/preceding-sibling::android.widget.TextView[2]","df9f32c4-0030-433a-a6cf-3dfcf61c4575"]
[debug] &amp#27;[35m[BaseDriver]&amp#27;[39m Valid locator strategies for this request: xpath, id, class name, accessibility id, css selector, -android uiautomator
[debug] &amp#27;[35m[BaseDriver]&amp#27;[39m Waiting up to 30000 ms for condition
[debug] &amp#27;[35m[WD Proxy]&amp#27;[39m Matched '/element' to command name 'findElement'
[debug] &amp#27;[35m[WD Proxy]&amp#27;[39m Proxying [POST /element] to [POST http://127.0.0.1:8205/wd/hub/session/13aac962-8885-40a8-be47-5799470e7097/element] with body: {"strategy":"xpath","selector":"//*[@content-desc='button-SIGN UP']/preceding-sibling::android.widget.TextView[2]","context":"","multiple":false}
[debug] &amp#27;[35m[WD Proxy]&amp#27;[39m Got response with status 200: {"sessionId":"13aac962-8885-40a8-be47-5799470e7097","value":{"ELEMENT":"00000000-0000-0088-7fff-ffff00000051","element-6066-11e4-a52e-4f735466cecf":"00000000-0000-0088-7fff-ffff00000051"}}
[debug] &amp#27;[35m[W3C (df9f32c4)]&amp#27;[39m Responding to client with driver.findElement() result: {"element-6066-11e4-a52e-4f735466cecf":"00000000-0000-0088-7fff-ffff00000051","ELEMENT":"00000000-0000-0088-7fff-ffff00000051"}
&amp#27;[35m[HTTP]&amp#27;[39m &amp#27;[37m<-- POST /wd/hub/session/df9f32c4-0030-433a-a6cf-3dfcf61c4575/element &amp#27;[39m&amp#27;[32m200&amp#27;[39m &amp#27;[90m183 ms - 137&amp#27;[39m
&amp#27;[35m[HTTP]&amp#27;[39m &amp#27;[90m&amp#27;[39m
&amp#27;[35m[HTTP]&amp#27;[39m &amp#27;[37m-->&amp#27;[39m &amp#27;[37mGET&amp#27;[39m &amp#27;[37m/wd/hub/session/df9f32c4-0030-433a-a6cf-3dfcf61c4575/element/00000000-0000-0088-7fff-ffff00000051/displayed&amp#27;[39m
&amp#27;[35m[HTTP]&amp#27;[39m &amp#27;[90m{}&amp#27;[39m
[debug] &amp#27;[35m[W3C (df9f32c4)]&amp#27;[39m Calling AppiumDriver.elementDisplayed() with args: ["00000000-0000-0088-7fff-ffff00000051","df9f32c4-0030-433a-a6cf-3dfcf61c4575"]
[debug] &amp#27;[35m[WD Proxy]&amp#27;[39m Matched '/element/00000000-0000-0088-7fff-ffff00000051/attribute/displayed' to command name 'getAttribute'
[debug] &amp#27;[35m[WD Proxy]&amp#27;[39m Proxying [GET /element/00000000-0000-0088-7fff-ffff00000051/attribute/displayed] to [GET http://127.0.0.1:8205/wd/hub/session/13aac962-8885-40a8-be47-5799470e7097/element/00000000-0000-0088-7fff-ffff00000051/attribute/displayed] with no body
[debug] &amp#27;[35m[WD Proxy]&amp#27;[39m Got response with status 200: {"sessionId":"13aac962-8885-40a8-be47-5799470e7097","value":"true"}
[debug] &amp#27;[35m[W3C (df9f32c4)]&amp#27;[39m Responding to client with driver.elementDisplayed() result: true
&amp#27;[35m[HTTP]&amp#27;[39m &amp#27;[37m<-- GET /wd/hub/session/df9f32c4-0030-433a-a6cf-3dfcf61c4575/element/00000000-0000-0088-7fff-ffff00000051/displayed &amp#27;[39m&amp#27;[32m200&amp#27;[39m &amp#27;[90m850 ms - 14&amp#27;[39m
&amp#27;[35m[HTTP]&amp#27;[39m &amp#27;[90m&amp#27;[39m
&amp#27;[35m[HTTP]&amp#27;[39m &amp#27;[37m-->&amp#27;[39m &amp#27;[37mGET&amp#27;[39m &amp#27;[37m/wd/hub/session/df9f32c4-0030-433a-a6cf-3dfcf61c4575/context&amp#27;[39m
&amp#27;[35m[HTTP]&amp#27;[39m &amp#27;[90m{}&amp#27;[39m
[debug] &amp#27;[35m[W3C (df9f32c4)]&amp#27;[39m Calling AppiumDriver.getCurrentContext() with args: ["df9f32c4-0030-433a-a6cf-3dfcf61c4575"]
[debug] &amp#27;[35m[W3C (df9f32c4)]&amp#27;[39m Responding to client with driver.getCurrentContext() result: "NATIVE_APP"
&amp#27;[35m[HTTP]&amp#27;[39m &amp#27;[37m<-- GET /wd/hub/session/df9f32c4-0030-433a-a6cf-3dfcf61c4575/context &amp#27;[39m&amp#27;[32m200&amp#27;[39m &amp#27;[90m1 ms - 22&amp#27;[39m
&amp#27;[35m[HTTP]&amp#27;[39m &amp#27;[90m&amp#27;[39m
&amp#27;[35m[HTTP]&amp#27;[39m &amp#27;[37m-->&amp#27;[39m &amp#27;[37mPOST&amp#27;[39m &amp#27;[37m/wd/hub/session/df9f32c4-0030-433a-a6cf-3dfcf61c4575/element&amp#27;[39m
&amp#27;[35m[HTTP]&amp#27;[39m &amp#27;[90m{"using":"xpath","value":"//*[@content-desc='button-SIGN UP']/preceding-sibling::android.widget.TextView[2]"}&amp#27;[39m
[debug] &amp#27;[35m[W3C (df9f32c4)]&amp#27;[39m Calling AppiumDriver.findElement() with args: ["xpath","//*[@content-desc='button-SIGN UP']/preceding-sibling::android.widget.TextView[2]","df9f32c4-0030-433a-a6cf-3dfcf61c4575"]
[debug] &amp#27;[35m[BaseDriver]&amp#27;[39m Valid locator strategies for this request: xpath, id, class name, accessibility id, css selector, -android uiautomator
[debug] &amp#27;[35m[BaseDriver]&amp#27;[39m Waiting up to 30000 ms for condition
[debug] &amp#27;[35m[WD Proxy]&amp#27;[39m Matched '/element' to command name 'findElement'
[debug] &amp#27;[35m[WD Proxy]&amp#27;[39m Proxying [POST /element] to [POST http://127.0.0.1:8205/wd/hub/session/13aac962-8885-40a8-be47-5799470e7097/element] with body: {"strategy":"xpath","selector":"//*[@content-desc='button-SIGN UP']/preceding-sibling::android.widget.TextView[2]","context":"","multiple":false}
[debug] &amp#27;[35m[WD Proxy]&amp#27;[39m Got response with status 200: {"sessionId":"13aac962-8885-40a8-be47-5799470e7097","value":{"ELEMENT":"00000000-0000-0088-7fff-ffff00000051","element-6066-11e4-a52e-4f735466cecf":"00000000-0000-0088-7fff-ffff00000051"}}
[debug] &amp#27;[35m[W3C (df9f32c4)]&amp#27;[39m Responding to client with driver.findElement() result: {"element-6066-11e4-a52e-4f735466cecf":"00000000-0000-0088-7fff-ffff00000051","ELEMENT":"00000000-0000-0088-7fff-ffff00000051"}
&amp#27;[35m[HTTP]&amp#27;[39m &amp#27;[37m<-- POST /wd/hub/session/df9f32c4-0030-433a-a6cf-3dfcf61c4575/element &amp#27;[39m&amp#27;[32m200&amp#27;[39m &amp#27;[90m235 ms - 137&amp#27;[39m
&amp#27;[35m[HTTP]&amp#27;[39m &amp#27;[90m&amp#27;[39m
&amp#27;[35m[HTTP]&amp#27;[39m &amp#27;[37m-->&amp#27;[39m &amp#27;[37mGET&amp#27;[39m &amp#27;[37m/wd/hub/session/df9f32c4-0030-433a-a6cf-3dfcf61c4575/element/00000000-0000-0088-7fff-ffff00000051/text&amp#27;[39m
&amp#27;[35m[HTTP]&amp#27;[39m &amp#27;[90m{}&amp#27;[39m
&amp#27;[35m[W3C (df9f32c4)]&amp#27;[39m Driver proxy active, passing request on via HTTP proxy
[debug] &amp#27;[35m[WD Proxy]&amp#27;[39m Matched '/wd/hub/session/df9f32c4-0030-433a-a6cf-3dfcf61c4575/element/00000000-0000-0088-7fff-ffff00000051/text' to command name 'getText'
[debug] &amp#27;[35m[WD Proxy]&amp#27;[39m Proxying [GET /wd/hub/session/df9f32c4-0030-433a-a6cf-3dfcf61c4575/element/00000000-0000-0088-7fff-ffff00000051/text] to [GET http://127.0.0.1:8205/wd/hub/session/13aac962-8885-40a8-be47-5799470e7097/element/00000000-0000-0088-7fff-ffff00000051/text] with no body
[debug] &amp#27;[35m[WD Proxy]&amp#27;[39m Got response with status 200: {"sessionId":"13aac962-8885-40a8-be47-5799470e7097","value":"Please enter at least 8 characters"}
&amp#27;[35m[WD Proxy]&amp#27;[39m Replacing sessionId 13aac962-8885-40a8-be47-5799470e7097 with df9f32c4-0030-433a-a6cf-3dfcf61c4575
&amp#27;[35m[HTTP]&amp#27;[39m &amp#27;[37m<-- GET /wd/hub/session/df9f32c4-0030-433a-a6cf-3dfcf61c4575/element/00000000-0000-0088-7fff-ffff00000051/text &amp#27;[39m&amp#27;[32m200&amp#27;[39m &amp#27;[90m17 ms - 97&amp#27;[39m
&amp#27;[35m[HTTP]&amp#27;[39m &amp#27;[90m&amp#27;[39m
&amp#27;[35m[HTTP]&amp#27;[39m &amp#27;[37m-->&amp#27;[39m &amp#27;[37mGET&amp#27;[39m &amp#27;[37m/wd/hub/session/df9f32c4-0030-433a-a6cf-3dfcf61c4575/context&amp#27;[39m
&amp#27;[35m[HTTP]&amp#27;[39m &amp#27;[90m{}&amp#27;[39m
[debug] &amp#27;[35m[W3C (df9f32c4)]&amp#27;[39m Calling AppiumDriver.getCurrentContext() with args: ["df9f32c4-0030-433a-a6cf-3dfcf61c4575"]
[debug] &amp#27;[35m[W3C (df9f32c4)]&amp#27;[39m Responding to client with driver.getCurrentContext() result: "NATIVE_APP"
&amp#27;[35m[HTTP]&amp#27;[39m &amp#27;[37m<-- GET /wd/hub/session/df9f32c4-0030-433a-a6cf-3dfcf61c4575/context &amp#27;[39m&amp#27;[32m200&amp#27;[39m &amp#27;[90m1 ms - 22&amp#27;[39m
&amp#27;[35m[HTTP]&amp#27;[39m &amp#27;[90m&amp#27;[39m
&amp#27;[35m[HTTP]&amp#27;[39m &amp#27;[37m-->&amp#27;[39m &amp#27;[37mPOST&amp#27;[39m &amp#27;[37m/wd/hub/session/df9f32c4-0030-433a-a6cf-3dfcf61c4575/element&amp#27;[39m
&amp#27;[35m[HTTP]&amp#27;[39m &amp#27;[90m{"using":"xpath","value":"//*[@content-desc='button-SIGN UP']/preceding-sibling::android.widget.TextView[1]"}&amp#27;[39m
[debug] &amp#27;[35m[W3C (df9f32c4)]&amp#27;[39m Calling AppiumDriver.findElement() with args: ["xpath","//*[@content-desc='button-SIGN UP']/preceding-sibling::android.widget.TextView[1]","df9f32c4-0030-433a-a6cf-3dfcf61c4575"]
[debug] &amp#27;[35m[BaseDriver]&amp#27;[39m Valid locator strategies for this request: xpath, id, class name, accessibility id, css selector, -android uiautomator
[debug] &amp#27;[35m[BaseDriver]&amp#27;[39m Waiting up to 30000 ms for condition
[debug] &amp#27;[35m[WD Proxy]&amp#27;[39m Matched '/element' to command name 'findElement'
[debug] &amp#27;[35m[WD Proxy]&amp#27;[39m Proxying [POST /element] to [POST http://127.0.0.1:8205/wd/hub/session/13aac962-8885-40a8-be47-5799470e7097/element] with body: {"strategy":"xpath","selector":"//*[@content-desc='button-SIGN UP']/preceding-sibling::android.widget.TextView[1]","context":"","multiple":false}
[debug] &amp#27;[35m[WD Proxy]&amp#27;[39m Got response with status 200: {"sessionId":"13aac962-8885-40a8-be47-5799470e7097","value":{"ELEMENT":"00000000-0000-0088-7fff-ffff0000005a","element-6066-11e4-a52e-4f735466cecf":"00000000-0000-0088-7fff-ffff0000005a"}}
[debug] &amp#27;[35m[W3C (df9f32c4)]&amp#27;[39m Responding to client with driver.findElement() result: {"element-6066-11e4-a52e-4f735466cecf":"00000000-0000-0088-7fff-ffff0000005a","ELEMENT":"00000000-0000-0088-7fff-ffff0000005a"}
&amp#27;[35m[HTTP]&amp#27;[39m &amp#27;[37m<-- POST /wd/hub/session/df9f32c4-0030-433a-a6cf-3dfcf61c4575/element &amp#27;[39m&amp#27;[32m200&amp#27;[39m &amp#27;[90m266 ms - 137&amp#27;[39m
&amp#27;[35m[HTTP]&amp#27;[39m &amp#27;[90m&amp#27;[39m
&amp#27;[35m[HTTP]&amp#27;[39m &amp#27;[37m-->&amp#27;[39m &amp#27;[37mGET&amp#27;[39m &amp#27;[37m/wd/hub/session/df9f32c4-0030-433a-a6cf-3dfcf61c4575/element/00000000-0000-0088-7fff-ffff0000005a/displayed&amp#27;[39m
&amp#27;[35m[HTTP]&amp#27;[39m &amp#27;[90m{}&amp#27;[39m
[debug] &amp#27;[35m[W3C (df9f32c4)]&amp#27;[39m Calling AppiumDriver.elementDisplayed() with args: ["00000000-0000-0088-7fff-ffff0000005a","df9f32c4-0030-433a-a6cf-3dfcf61c4575"]
[debug] &amp#27;[35m[WD Proxy]&amp#27;[39m Matched '/element/00000000-0000-0088-7fff-ffff0000005a/attribute/displayed' to command name 'getAttribute'
[debug] &amp#27;[35m[WD Proxy]&amp#27;[39m Proxying [GET /element/00000000-0000-0088-7fff-ffff0000005a/attribute/displayed] to [GET http://127.0.0.1:8205/wd/hub/session/13aac962-8885-40a8-be47-5799470e7097/element/00000000-0000-0088-7fff-ffff0000005a/attribute/displayed] with no body
[debug] &amp#27;[35m[WD Proxy]&amp#27;[39m Got response with status 200: {"sessionId":"13aac962-8885-40a8-be47-5799470e7097","value":"true"}
[debug] &amp#27;[35m[W3C (df9f32c4)]&amp#27;[39m Responding to client with driver.elementDisplayed() result: true
&amp#27;[35m[HTTP]&amp#27;[39m &amp#27;[37m<-- GET /wd/hub/session/df9f32c4-0030-433a-a6cf-3dfcf61c4575/element/00000000-0000-0088-7fff-ffff0000005a/displayed &amp#27;[39m&amp#27;[32m200&amp#27;[39m &amp#27;[90m15 ms - 14&amp#27;[39m
&amp#27;[35m[HTTP]&amp#27;[39m &amp#27;[90m&amp#27;[39m
&amp#27;[35m[HTTP]&amp#27;[39m &amp#27;[37m-->&amp#27;[39m &amp#27;[37mGET&amp#27;[39m &amp#27;[37m/wd/hub/session/df9f32c4-0030-433a-a6cf-3dfcf61c4575/context&amp#27;[39m
&amp#27;[35m[HTTP]&amp#27;[39m &amp#27;[90m{}&amp#27;[39m
[debug] &amp#27;[35m[W3C (df9f32c4)]&amp#27;[39m Calling AppiumDriver.getCurrentContext() with args: ["df9f32c4-0030-433a-a6cf-3dfcf61c4575"]
[debug] &amp#27;[35m[W3C (df9f32c4)]&amp#27;[39m Responding to client with driver.getCurrentContext() result: "NATIVE_APP"
&amp#27;[35m[HTTP]&amp#27;[39m &amp#27;[37m<-- GET /wd/hub/session/df9f32c4-0030-433a-a6cf-3dfcf61c4575/context &amp#27;[39m&amp#27;[32m200&amp#27;[39m &amp#27;[90m1 ms - 22&amp#27;[39m
&amp#27;[35m[HTTP]&amp#27;[39m &amp#27;[90m&amp#27;[39m
&amp#27;[35m[HTTP]&amp#27;[39m &amp#27;[37m-->&amp#27;[39m &amp#27;[37mPOST&amp#27;[39m &amp#27;[37m/wd/hub/session/df9f32c4-0030-433a-a6cf-3dfcf61c4575/element&amp#27;[39m
&amp#27;[35m[HTTP]&amp#27;[39m &amp#27;[90m{"using":"xpath","value":"//*[@content-desc='button-SIGN UP']/preceding-sibling::android.widget.TextView[1]"}&amp#27;[39m
[debug] &amp#27;[35m[W3C (df9f32c4)]&amp#27;[39m Calling AppiumDriver.findElement() with args: ["xpath","//*[@content-desc='button-SIGN UP']/preceding-sibling::android.widget.TextView[1]","df9f32c4-0030-433a-a6cf-3dfcf61c4575"]
[debug] &amp#27;[35m[BaseDriver]&amp#27;[39m Valid locator strategies for this request: xpath, id, class name, accessibility id, css selector, -android uiautomator
[debug] &amp#27;[35m[BaseDriver]&amp#27;[39m Waiting up to 30000 ms for condition
[debug] &amp#27;[35m[WD Proxy]&amp#27;[39m Matched '/element' to command name 'findElement'
[debug] &amp#27;[35m[WD Proxy]&amp#27;[39m Proxying [POST /element] to [POST http://127.0.0.1:8205/wd/hub/session/13aac962-8885-40a8-be47-5799470e7097/element] with body: {"strategy":"xpath","selector":"//*[@content-desc='button-SIGN UP']/preceding-sibling::android.widget.TextView[1]","context":"","multiple":false}
[debug] &amp#27;[35m[WD Proxy]&amp#27;[39m Got response with status 200: {"sessionId":"13aac962-8885-40a8-be47-5799470e7097","value":{"ELEMENT":"00000000-0000-0088-7fff-ffff0000005a","element-6066-11e4-a52e-4f735466cecf":"00000000-0000-0088-7fff-ffff0000005a"}}
[debug] &amp#27;[35m[W3C (df9f32c4)]&amp#27;[39m Responding to client with driver.findElement() result: {"element-6066-11e4-a52e-4f735466cecf":"00000000-0000-0088-7fff-ffff0000005a","ELEMENT":"00000000-0000-0088-7fff-ffff0000005a"}
&amp#27;[35m[HTTP]&amp#27;[39m &amp#27;[37m<-- POST /wd/hub/session/df9f32c4-0030-433a-a6cf-3dfcf61c4575/element &amp#27;[39m&amp#27;[32m200&amp#27;[39m &amp#27;[90m182 ms - 137&amp#27;[39m
&amp#27;[35m[HTTP]&amp#27;[39m &amp#27;[90m&amp#27;[39m
&amp#27;[35m[HTTP]&amp#27;[39m &amp#27;[37m-->&amp#27;[39m &amp#27;[37mGET&amp#27;[39m &amp#27;[37m/wd/hub/session/df9f32c4-0030-433a-a6cf-3dfcf61c4575/element/00000000-0000-0088-7fff-ffff0000005a/text&amp#27;[39m
&amp#27;[35m[HTTP]&amp#27;[39m &amp#27;[90m{}&amp#27;[39m
&amp#27;[35m[W3C (df9f32c4)]&amp#27;[39m Driver proxy active, passing request on via HTTP proxy
[debug] &amp#27;[35m[WD Proxy]&amp#27;[39m Matched '/wd/hub/session/df9f32c4-0030-433a-a6cf-3dfcf61c4575/element/00000000-0000-0088-7fff-ffff0000005a/text' to command name 'getText'
[debug] &amp#27;[35m[WD Proxy]&amp#27;[39m Proxying [GET /wd/hub/session/df9f32c4-0030-433a-a6cf-3dfcf61c4575/element/00000000-0000-0088-7fff-ffff0000005a/text] to [GET http://127.0.0.1:8205/wd/hub/session/13aac962-8885-40a8-be47-5799470e7097/element/00000000-0000-0088-7fff-ffff0000005a/text] with no body
[debug] &amp#27;[35m[WD Proxy]&amp#27;[39m Got response with status 200: {"sessionId":"13aac962-8885-40a8-be47-5799470e7097","value":"Please enter the same password"}
&amp#27;[35m[WD Proxy]&amp#27;[39m Replacing sessionId 13aac962-8885-40a8-be47-5799470e7097 with df9f32c4-0030-433a-a6cf-3dfcf61c4575
&amp#27;[35m[HTTP]&amp#27;[39m &amp#27;[37m<-- GET /wd/hub/session/df9f32c4-0030-433a-a6cf-3dfcf61c4575/element/00000000-0000-0088-7fff-ffff0000005a/text &amp#27;[39m&amp#27;[32m200&amp#27;[39m &amp#27;[90m13 ms - 93&amp#27;[39m
&amp#27;[35m[HTTP]&amp#27;[39m &amp#27;[90m&amp#27;[39m
]]></system-out>
  </testcase>
  <testcase name="signUpWithValidCreds" classname="TestNG.TestLoginPage.SignUpTest" time="12.093">
    <system-out><![CDATA[&amp#27;[35m[HTTP]&amp#27;[39m &amp#27;[37m-->&amp#27;[39m &amp#27;[37mPOST&amp#27;[39m &amp#27;[37m/wd/hub/session/df9f32c4-0030-433a-a6cf-3dfcf61c4575/appium/app/close&amp#27;[39m
&amp#27;[35m[HTTP]&amp#27;[39m &amp#27;[90m{}&amp#27;[39m
[debug] &amp#27;[35m[W3C (df9f32c4)]&amp#27;[39m Calling AppiumDriver.closeApp() with args: ["df9f32c4-0030-433a-a6cf-3dfcf61c4575"]
[debug] &amp#27;[35m[ADB]&amp#27;[39m Running 'C:\Android\sdk\platform-tools\adb.exe -P 5037 -s 05157df58940201b shell am force-stop com.wdiodemoapp'
[debug] &amp#27;[35m[W3C (df9f32c4)]&amp#27;[39m Responding to client with driver.closeApp() result: null
&amp#27;[35m[HTTP]&amp#27;[39m &amp#27;[37m<-- POST /wd/hub/session/df9f32c4-0030-433a-a6cf-3dfcf61c4575/appium/app/close &amp#27;[39m&amp#27;[32m200&amp#27;[39m &amp#27;[90m801 ms - 14&amp#27;[39m
&amp#27;[35m[HTTP]&amp#27;[39m &amp#27;[90m&amp#27;[39m
&amp#27;[35m[HTTP]&amp#27;[39m &amp#27;[37m-->&amp#27;[39m &amp#27;[37mPOST&amp#27;[39m &amp#27;[37m/wd/hub/session/df9f32c4-0030-433a-a6cf-3dfcf61c4575/appium/app/launch&amp#27;[39m
&amp#27;[35m[HTTP]&amp#27;[39m &amp#27;[90m{}&amp#27;[39m
[debug] &amp#27;[35m[W3C (df9f32c4)]&amp#27;[39m Calling AppiumDriver.launchApp() with args: ["df9f32c4-0030-433a-a6cf-3dfcf61c4575"]
[debug] &amp#27;[35m[UiAutomator2]&amp#27;[39m No app capability. Assuming it is already on the device
[debug] &amp#27;[35m[ADB]&amp#27;[39m Getting install status for com.wdiodemoapp
[debug] &amp#27;[35m[ADB]&amp#27;[39m Running 'C:\Android\sdk\platform-tools\adb.exe -P 5037 -s 05157df58940201b shell dumpsys package com.wdiodemoapp'
[debug] &amp#27;[35m[ADB]&amp#27;[39m 'com.wdiodemoapp' is installed
[debug] &amp#27;[35m[ADB]&amp#27;[39m Running 'C:\Android\sdk\platform-tools\adb.exe -P 5037 -s 05157df58940201b shell am force-stop com.wdiodemoapp'
[debug] &amp#27;[35m[ADB]&amp#27;[39m Running 'C:\Android\sdk\platform-tools\adb.exe -P 5037 -s 05157df58940201b shell pm clear com.wdiodemoapp'
[debug] &amp#27;[35m[AndroidDriver]&amp#27;[39m Performed fast reset on the installed 'com.wdiodemoapp' application (stop and clear)
[debug] &amp#27;[35m[ADB]&amp#27;[39m Running 'C:\Android\sdk\platform-tools\adb.exe -P 5037 -s 05157df58940201b shell am start -W -n com.wdiodemoapp/com.wdiodemoapp.MainActivity -S -a android.intent.action.MAIN -c android.intent.category.LAUNCHER -f 0x10200000'
[debug] &amp#27;[35m[W3C (df9f32c4)]&amp#27;[39m Responding to client with driver.launchApp() result: null
&amp#27;[35m[HTTP]&amp#27;[39m &amp#27;[37m<-- POST /wd/hub/session/df9f32c4-0030-433a-a6cf-3dfcf61c4575/appium/app/launch &amp#27;[39m&amp#27;[32m200&amp#27;[39m &amp#27;[90m2895 ms - 14&amp#27;[39m
&amp#27;[35m[HTTP]&amp#27;[39m &amp#27;[90m&amp#27;[39m
&amp#27;[35m[HTTP]&amp#27;[39m &amp#27;[37m-->&amp#27;[39m &amp#27;[37mGET&amp#27;[39m &amp#27;[37m/wd/hub/session/df9f32c4-0030-433a-a6cf-3dfcf61c4575/context&amp#27;[39m
&amp#27;[35m[HTTP]&amp#27;[39m &amp#27;[90m{}&amp#27;[39m
[debug] &amp#27;[35m[W3C (df9f32c4)]&amp#27;[39m Calling AppiumDriver.getCurrentContext() with args: ["df9f32c4-0030-433a-a6cf-3dfcf61c4575"]
[debug] &amp#27;[35m[W3C (df9f32c4)]&amp#27;[39m Responding to client with driver.getCurrentContext() result: "NATIVE_APP"
&amp#27;[35m[HTTP]&amp#27;[39m &amp#27;[37m<-- GET /wd/hub/session/df9f32c4-0030-433a-a6cf-3dfcf61c4575/context &amp#27;[39m&amp#27;[32m200&amp#27;[39m &amp#27;[90m1 ms - 22&amp#27;[39m
&amp#27;[35m[HTTP]&amp#27;[39m &amp#27;[90m&amp#27;[39m
&amp#27;[35m[HTTP]&amp#27;[39m &amp#27;[37m-->&amp#27;[39m &amp#27;[37mPOST&amp#27;[39m &amp#27;[37m/wd/hub/session/df9f32c4-0030-433a-a6cf-3dfcf61c4575/element&amp#27;[39m
&amp#27;[35m[HTTP]&amp#27;[39m &amp#27;[90m{"using":"accessibility id","value":"Login"}&amp#27;[39m
[debug] &amp#27;[35m[W3C (df9f32c4)]&amp#27;[39m Calling AppiumDriver.findElement() with args: ["accessibility id","Login","df9f32c4-0030-433a-a6cf-3dfcf61c4575"]
[debug] &amp#27;[35m[BaseDriver]&amp#27;[39m Valid locator strategies for this request: xpath, id, class name, accessibility id, css selector, -android uiautomator
[debug] &amp#27;[35m[BaseDriver]&amp#27;[39m Waiting up to 30000 ms for condition
[debug] &amp#27;[35m[WD Proxy]&amp#27;[39m Matched '/element' to command name 'findElement'
[debug] &amp#27;[35m[WD Proxy]&amp#27;[39m Proxying [POST /element] to [POST http://127.0.0.1:8205/wd/hub/session/13aac962-8885-40a8-be47-5799470e7097/element] with body: {"strategy":"accessibility id","selector":"Login","context":"","multiple":false}
[debug] &amp#27;[35m[WD Proxy]&amp#27;[39m Got response with status 200: {"sessionId":"13aac962-8885-40a8-be47-5799470e7097","value":{"ELEMENT":"00000000-0000-008b-7fff-ffff00000011","element-6066-11e4-a52e-4f735466cecf":"00000000-0000-008b-7fff-ffff00000011"}}
[debug] &amp#27;[35m[W3C (df9f32c4)]&amp#27;[39m Responding to client with driver.findElement() result: {"element-6066-11e4-a52e-4f735466cecf":"00000000-0000-008b-7fff-ffff00000011","ELEMENT":"00000000-0000-008b-7fff-ffff00000011"}
&amp#27;[35m[HTTP]&amp#27;[39m &amp#27;[37m<-- POST /wd/hub/session/df9f32c4-0030-433a-a6cf-3dfcf61c4575/element &amp#27;[39m&amp#27;[32m200&amp#27;[39m &amp#27;[90m1375 ms - 137&amp#27;[39m
&amp#27;[35m[HTTP]&amp#27;[39m &amp#27;[90m&amp#27;[39m
&amp#27;[35m[HTTP]&amp#27;[39m &amp#27;[37m-->&amp#27;[39m &amp#27;[37mGET&amp#27;[39m &amp#27;[37m/wd/hub/session/df9f32c4-0030-433a-a6cf-3dfcf61c4575/element/00000000-0000-008b-7fff-ffff00000011/displayed&amp#27;[39m
&amp#27;[35m[HTTP]&amp#27;[39m &amp#27;[90m{}&amp#27;[39m
[debug] &amp#27;[35m[W3C (df9f32c4)]&amp#27;[39m Calling AppiumDriver.elementDisplayed() with args: ["00000000-0000-008b-7fff-ffff00000011","df9f32c4-0030-433a-a6cf-3dfcf61c4575"]
[debug] &amp#27;[35m[WD Proxy]&amp#27;[39m Matched '/element/00000000-0000-008b-7fff-ffff00000011/attribute/displayed' to command name 'getAttribute'
[debug] &amp#27;[35m[WD Proxy]&amp#27;[39m Proxying [GET /element/00000000-0000-008b-7fff-ffff00000011/attribute/displayed] to [GET http://127.0.0.1:8205/wd/hub/session/13aac962-8885-40a8-be47-5799470e7097/element/00000000-0000-008b-7fff-ffff00000011/attribute/displayed] with no body
[debug] &amp#27;[35m[WD Proxy]&amp#27;[39m Got response with status 200: {"sessionId":"13aac962-8885-40a8-be47-5799470e7097","value":"true"}
[debug] &amp#27;[35m[W3C (df9f32c4)]&amp#27;[39m Responding to client with driver.elementDisplayed() result: true
&amp#27;[35m[HTTP]&amp#27;[39m &amp#27;[37m<-- GET /wd/hub/session/df9f32c4-0030-433a-a6cf-3dfcf61c4575/element/00000000-0000-008b-7fff-ffff00000011/displayed &amp#27;[39m&amp#27;[32m200&amp#27;[39m &amp#27;[90m18 ms - 14&amp#27;[39m
&amp#27;[35m[HTTP]&amp#27;[39m &amp#27;[90m&amp#27;[39m
&amp#27;[35m[HTTP]&amp#27;[39m &amp#27;[37m-->&amp#27;[39m &amp#27;[37mGET&amp#27;[39m &amp#27;[37m/wd/hub/session/df9f32c4-0030-433a-a6cf-3dfcf61c4575/context&amp#27;[39m
&amp#27;[35m[HTTP]&amp#27;[39m &amp#27;[90m{}&amp#27;[39m
[debug] &amp#27;[35m[W3C (df9f32c4)]&amp#27;[39m Calling AppiumDriver.getCurrentContext() with args: ["df9f32c4-0030-433a-a6cf-3dfcf61c4575"]
[debug] &amp#27;[35m[W3C (df9f32c4)]&amp#27;[39m Responding to client with driver.getCurrentContext() result: "NATIVE_APP"
&amp#27;[35m[HTTP]&amp#27;[39m &amp#27;[37m<-- GET /wd/hub/session/df9f32c4-0030-433a-a6cf-3dfcf61c4575/context &amp#27;[39m&amp#27;[32m200&amp#27;[39m &amp#27;[90m1 ms - 22&amp#27;[39m
&amp#27;[35m[HTTP]&amp#27;[39m &amp#27;[90m&amp#27;[39m
&amp#27;[35m[HTTP]&amp#27;[39m &amp#27;[37m-->&amp#27;[39m &amp#27;[37mPOST&amp#27;[39m &amp#27;[37m/wd/hub/session/df9f32c4-0030-433a-a6cf-3dfcf61c4575/element&amp#27;[39m
&amp#27;[35m[HTTP]&amp#27;[39m &amp#27;[90m{"using":"accessibility id","value":"Login"}&amp#27;[39m
[debug] &amp#27;[35m[W3C (df9f32c4)]&amp#27;[39m Calling AppiumDriver.findElement() with args: ["accessibility id","Login","df9f32c4-0030-433a-a6cf-3dfcf61c4575"]
[debug] &amp#27;[35m[BaseDriver]&amp#27;[39m Valid locator strategies for this request: xpath, id, class name, accessibility id, css selector, -android uiautomator
[debug] &amp#27;[35m[BaseDriver]&amp#27;[39m Waiting up to 30000 ms for condition
[debug] &amp#27;[35m[WD Proxy]&amp#27;[39m Matched '/element' to command name 'findElement'
[debug] &amp#27;[35m[WD Proxy]&amp#27;[39m Proxying [POST /element] to [POST http://127.0.0.1:8205/wd/hub/session/13aac962-8885-40a8-be47-5799470e7097/element] with body: {"strategy":"accessibility id","selector":"Login","context":"","multiple":false}
[debug] &amp#27;[35m[WD Proxy]&amp#27;[39m Got response with status 200: {"sessionId":"13aac962-8885-40a8-be47-5799470e7097","value":{"ELEMENT":"00000000-0000-008b-7fff-ffff00000011","element-6066-11e4-a52e-4f735466cecf":"00000000-0000-008b-7fff-ffff00000011"}}
[debug] &amp#27;[35m[W3C (df9f32c4)]&amp#27;[39m Responding to client with driver.findElement() result: {"element-6066-11e4-a52e-4f735466cecf":"00000000-0000-008b-7fff-ffff00000011","ELEMENT":"00000000-0000-008b-7fff-ffff00000011"}
&amp#27;[35m[HTTP]&amp#27;[39m &amp#27;[37m<-- POST /wd/hub/session/df9f32c4-0030-433a-a6cf-3dfcf61c4575/element &amp#27;[39m&amp#27;[32m200&amp#27;[39m &amp#27;[90m47 ms - 137&amp#27;[39m
&amp#27;[35m[HTTP]&amp#27;[39m &amp#27;[90m&amp#27;[39m
&amp#27;[35m[HTTP]&amp#27;[39m &amp#27;[37m-->&amp#27;[39m &amp#27;[37mPOST&amp#27;[39m &amp#27;[37m/wd/hub/session/df9f32c4-0030-433a-a6cf-3dfcf61c4575/element/00000000-0000-008b-7fff-ffff00000011/click&amp#27;[39m
&amp#27;[35m[HTTP]&amp#27;[39m &amp#27;[90m{"id":"00000000-0000-008b-7fff-ffff00000011"}&amp#27;[39m
[debug] &amp#27;[35m[W3C (df9f32c4)]&amp#27;[39m Calling AppiumDriver.click() with args: ["00000000-0000-008b-7fff-ffff00000011","df9f32c4-0030-433a-a6cf-3dfcf61c4575"]
[debug] &amp#27;[35m[WD Proxy]&amp#27;[39m Matched '/element/00000000-0000-008b-7fff-ffff00000011/click' to command name 'click'
[debug] &amp#27;[35m[WD Proxy]&amp#27;[39m Proxying [POST /element/00000000-0000-008b-7fff-ffff00000011/click] to [POST http://127.0.0.1:8205/wd/hub/session/13aac962-8885-40a8-be47-5799470e7097/element/00000000-0000-008b-7fff-ffff00000011/click] with body: {"element":"00000000-0000-008b-7fff-ffff00000011"}
[debug] &amp#27;[35m[WD Proxy]&amp#27;[39m Got response with status 200: {"sessionId":"13aac962-8885-40a8-be47-5799470e7097","value":null}
[debug] &amp#27;[35m[W3C (df9f32c4)]&amp#27;[39m Responding to client with driver.click() result: null
&amp#27;[35m[HTTP]&amp#27;[39m &amp#27;[37m<-- POST /wd/hub/session/df9f32c4-0030-433a-a6cf-3dfcf61c4575/element/00000000-0000-008b-7fff-ffff00000011/click &amp#27;[39m&amp#27;[32m200&amp#27;[39m &amp#27;[90m47 ms - 14&amp#27;[39m
&amp#27;[35m[HTTP]&amp#27;[39m &amp#27;[90m&amp#27;[39m
&amp#27;[35m[HTTP]&amp#27;[39m &amp#27;[37m-->&amp#27;[39m &amp#27;[37mGET&amp#27;[39m &amp#27;[37m/wd/hub/session/df9f32c4-0030-433a-a6cf-3dfcf61c4575/context&amp#27;[39m
&amp#27;[35m[HTTP]&amp#27;[39m &amp#27;[90m{}&amp#27;[39m
[debug] &amp#27;[35m[W3C (df9f32c4)]&amp#27;[39m Calling AppiumDriver.getCurrentContext() with args: ["df9f32c4-0030-433a-a6cf-3dfcf61c4575"]
[debug] &amp#27;[35m[W3C (df9f32c4)]&amp#27;[39m Responding to client with driver.getCurrentContext() result: "NATIVE_APP"
&amp#27;[35m[HTTP]&amp#27;[39m &amp#27;[37m<-- GET /wd/hub/session/df9f32c4-0030-433a-a6cf-3dfcf61c4575/context &amp#27;[39m&amp#27;[32m200&amp#27;[39m &amp#27;[90m1 ms - 22&amp#27;[39m
&amp#27;[35m[HTTP]&amp#27;[39m &amp#27;[90m&amp#27;[39m
&amp#27;[35m[HTTP]&amp#27;[39m &amp#27;[37m-->&amp#27;[39m &amp#27;[37mPOST&amp#27;[39m &amp#27;[37m/wd/hub/session/df9f32c4-0030-433a-a6cf-3dfcf61c4575/element&amp#27;[39m
&amp#27;[35m[HTTP]&amp#27;[39m &amp#27;[90m{"using":"accessibility id","value":"button-sign-up-container"}&amp#27;[39m
[debug] &amp#27;[35m[W3C (df9f32c4)]&amp#27;[39m Calling AppiumDriver.findElement() with args: ["accessibility id","button-sign-up-container","df9f32c4-0030-433a-a6cf-3dfcf61c4575"]
[debug] &amp#27;[35m[BaseDriver]&amp#27;[39m Valid locator strategies for this request: xpath, id, class name, accessibility id, css selector, -android uiautomator
[debug] &amp#27;[35m[BaseDriver]&amp#27;[39m Waiting up to 30000 ms for condition
[debug] &amp#27;[35m[WD Proxy]&amp#27;[39m Matched '/element' to command name 'findElement'
[debug] &amp#27;[35m[WD Proxy]&amp#27;[39m Proxying [POST /element] to [POST http://127.0.0.1:8205/wd/hub/session/13aac962-8885-40a8-be47-5799470e7097/element] with body: {"strategy":"accessibility id","selector":"button-sign-up-container","context":"","multiple":false}
&amp#27;[35m[WD Proxy]&amp#27;[39m Got response with status 404: {"sessionId":"13aac962-8885-40a8-be47-5799470e7097","value":{"error":"no such element","message":"An element could not be located on the page using the given search parameters","stacktrace":"io.appium.uiautomator2.common.exceptions.ElementNotFoundException: An element could not be located on the page using the given search parameters\n\tat io.appium.uiautomator2.handler.FindElement.safeHandle(FindElement.java:70)\n\tat io.appium.uiautomator2.handler.request.SafeRequestHandler.handle(SafeRequestHandler.java:59)\n\tat io.appium.uiautomator2.server.AppiumServlet.handleRequest(AppiumServlet.java:264)\n\tat io.appium.uiautomator2.server.AppiumServlet.handleHttpRequest(AppiumServlet.java:258)\n\tat io.appium.uiautomator2.http.ServerHandler.channelRead(ServerHandler.java:68)\n\tat io.netty.channel.AbstractChannelHandlerContext.invokeChannelRead(AbstractChannelHandlerContext.java:366)\n\tat io.netty.channel.AbstractChannelHandlerContext.invokeChannelRead(AbstractChannelHandlerContext.java:352)\n\tat io.netty.chann...
[debug] &amp#27;[35m[W3C]&amp#27;[39m Matched W3C error code 'no such element' to NoSuchElementError
[debug] &amp#27;[35m[BaseDriver]&amp#27;[39m Waited for 54 ms so far
[debug] &amp#27;[35m[WD Proxy]&amp#27;[39m Matched '/element' to command name 'findElement'
[debug] &amp#27;[35m[WD Proxy]&amp#27;[39m Proxying [POST /element] to [POST http://127.0.0.1:8205/wd/hub/session/13aac962-8885-40a8-be47-5799470e7097/element] with body: {"strategy":"accessibility id","selector":"button-sign-up-container","context":"","multiple":false}
[debug] &amp#27;[35m[WD Proxy]&amp#27;[39m Got response with status 200: {"sessionId":"13aac962-8885-40a8-be47-5799470e7097","value":{"ELEMENT":"00000000-0000-008b-7fff-ffff00000047","element-6066-11e4-a52e-4f735466cecf":"00000000-0000-008b-7fff-ffff00000047"}}
[debug] &amp#27;[35m[W3C (df9f32c4)]&amp#27;[39m Responding to client with driver.findElement() result: {"element-6066-11e4-a52e-4f735466cecf":"00000000-0000-008b-7fff-ffff00000047","ELEMENT":"00000000-0000-008b-7fff-ffff00000047"}
&amp#27;[35m[HTTP]&amp#27;[39m &amp#27;[37m<-- POST /wd/hub/session/df9f32c4-0030-433a-a6cf-3dfcf61c4575/element &amp#27;[39m&amp#27;[32m200&amp#27;[39m &amp#27;[90m1308 ms - 137&amp#27;[39m
&amp#27;[35m[HTTP]&amp#27;[39m &amp#27;[90m&amp#27;[39m
&amp#27;[35m[HTTP]&amp#27;[39m &amp#27;[37m-->&amp#27;[39m &amp#27;[37mPOST&amp#27;[39m &amp#27;[37m/wd/hub/session/df9f32c4-0030-433a-a6cf-3dfcf61c4575/element/00000000-0000-008b-7fff-ffff00000047/click&amp#27;[39m
&amp#27;[35m[HTTP]&amp#27;[39m &amp#27;[90m{"id":"00000000-0000-008b-7fff-ffff00000047"}&amp#27;[39m
[debug] &amp#27;[35m[W3C (df9f32c4)]&amp#27;[39m Calling AppiumDriver.click() with args: ["00000000-0000-008b-7fff-ffff00000047","df9f32c4-0030-433a-a6cf-3dfcf61c4575"]
[debug] &amp#27;[35m[WD Proxy]&amp#27;[39m Matched '/element/00000000-0000-008b-7fff-ffff00000047/click' to command name 'click'
[debug] &amp#27;[35m[WD Proxy]&amp#27;[39m Proxying [POST /element/00000000-0000-008b-7fff-ffff00000047/click] to [POST http://127.0.0.1:8205/wd/hub/session/13aac962-8885-40a8-be47-5799470e7097/element/00000000-0000-008b-7fff-ffff00000047/click] with body: {"element":"00000000-0000-008b-7fff-ffff00000047"}
[debug] &amp#27;[35m[WD Proxy]&amp#27;[39m Got response with status 200: {"sessionId":"13aac962-8885-40a8-be47-5799470e7097","value":null}
[debug] &amp#27;[35m[W3C (df9f32c4)]&amp#27;[39m Responding to client with driver.click() result: null
&amp#27;[35m[HTTP]&amp#27;[39m &amp#27;[37m<-- POST /wd/hub/session/df9f32c4-0030-433a-a6cf-3dfcf61c4575/element/00000000-0000-008b-7fff-ffff00000047/click &amp#27;[39m&amp#27;[32m200&amp#27;[39m &amp#27;[90m46 ms - 14&amp#27;[39m
&amp#27;[35m[HTTP]&amp#27;[39m &amp#27;[90m&amp#27;[39m
&amp#27;[35m[HTTP]&amp#27;[39m &amp#27;[37m-->&amp#27;[39m &amp#27;[37mGET&amp#27;[39m &amp#27;[37m/wd/hub/session/df9f32c4-0030-433a-a6cf-3dfcf61c4575/context&amp#27;[39m
&amp#27;[35m[HTTP]&amp#27;[39m &amp#27;[90m{}&amp#27;[39m
[debug] &amp#27;[35m[W3C (df9f32c4)]&amp#27;[39m Calling AppiumDriver.getCurrentContext() with args: ["df9f32c4-0030-433a-a6cf-3dfcf61c4575"]
[debug] &amp#27;[35m[W3C (df9f32c4)]&amp#27;[39m Responding to client with driver.getCurrentContext() result: "NATIVE_APP"
&amp#27;[35m[HTTP]&amp#27;[39m &amp#27;[37m<-- GET /wd/hub/session/df9f32c4-0030-433a-a6cf-3dfcf61c4575/context &amp#27;[39m&amp#27;[32m200&amp#27;[39m &amp#27;[90m1 ms - 22&amp#27;[39m
&amp#27;[35m[HTTP]&amp#27;[39m &amp#27;[90m&amp#27;[39m
&amp#27;[35m[HTTP]&amp#27;[39m &amp#27;[37m-->&amp#27;[39m &amp#27;[37mPOST&amp#27;[39m &amp#27;[37m/wd/hub/session/df9f32c4-0030-433a-a6cf-3dfcf61c4575/element&amp#27;[39m
&amp#27;[35m[HTTP]&amp#27;[39m &amp#27;[90m{"using":"accessibility id","value":"button-SIGN UP"}&amp#27;[39m
[debug] &amp#27;[35m[W3C (df9f32c4)]&amp#27;[39m Calling AppiumDriver.findElement() with args: ["accessibility id","button-SIGN UP","df9f32c4-0030-433a-a6cf-3dfcf61c4575"]
[debug] &amp#27;[35m[BaseDriver]&amp#27;[39m Valid locator strategies for this request: xpath, id, class name, accessibility id, css selector, -android uiautomator
[debug] &amp#27;[35m[BaseDriver]&amp#27;[39m Waiting up to 30000 ms for condition
[debug] &amp#27;[35m[WD Proxy]&amp#27;[39m Matched '/element' to command name 'findElement'
[debug] &amp#27;[35m[WD Proxy]&amp#27;[39m Proxying [POST /element] to [POST http://127.0.0.1:8205/wd/hub/session/13aac962-8885-40a8-be47-5799470e7097/element] with body: {"strategy":"accessibility id","selector":"button-SIGN UP","context":"","multiple":false}
[debug] &amp#27;[35m[WD Proxy]&amp#27;[39m Got response with status 200: {"sessionId":"13aac962-8885-40a8-be47-5799470e7097","value":{"ELEMENT":"00000000-0000-008b-7fff-ffff00000053","element-6066-11e4-a52e-4f735466cecf":"00000000-0000-008b-7fff-ffff00000053"}}
[debug] &amp#27;[35m[W3C (df9f32c4)]&amp#27;[39m Responding to client with driver.findElement() result: {"element-6066-11e4-a52e-4f735466cecf":"00000000-0000-008b-7fff-ffff00000053","ELEMENT":"00000000-0000-008b-7fff-ffff00000053"}
&amp#27;[35m[HTTP]&amp#27;[39m &amp#27;[37m<-- POST /wd/hub/session/df9f32c4-0030-433a-a6cf-3dfcf61c4575/element &amp#27;[39m&amp#27;[32m200&amp#27;[39m &amp#27;[90m352 ms - 137&amp#27;[39m
&amp#27;[35m[HTTP]&amp#27;[39m &amp#27;[90m&amp#27;[39m
&amp#27;[35m[HTTP]&amp#27;[39m &amp#27;[37m-->&amp#27;[39m &amp#27;[37mGET&amp#27;[39m &amp#27;[37m/wd/hub/session/df9f32c4-0030-433a-a6cf-3dfcf61c4575/element/00000000-0000-008b-7fff-ffff00000053/displayed&amp#27;[39m
&amp#27;[35m[HTTP]&amp#27;[39m &amp#27;[90m{}&amp#27;[39m
[debug] &amp#27;[35m[W3C (df9f32c4)]&amp#27;[39m Calling AppiumDriver.elementDisplayed() with args: ["00000000-0000-008b-7fff-ffff00000053","df9f32c4-0030-433a-a6cf-3dfcf61c4575"]
[debug] &amp#27;[35m[WD Proxy]&amp#27;[39m Matched '/element/00000000-0000-008b-7fff-ffff00000053/attribute/displayed' to command name 'getAttribute'
[debug] &amp#27;[35m[WD Proxy]&amp#27;[39m Proxying [GET /element/00000000-0000-008b-7fff-ffff00000053/attribute/displayed] to [GET http://127.0.0.1:8205/wd/hub/session/13aac962-8885-40a8-be47-5799470e7097/element/00000000-0000-008b-7fff-ffff00000053/attribute/displayed] with no body
[debug] &amp#27;[35m[WD Proxy]&amp#27;[39m Got response with status 200: {"sessionId":"13aac962-8885-40a8-be47-5799470e7097","value":"true"}
[debug] &amp#27;[35m[W3C (df9f32c4)]&amp#27;[39m Responding to client with driver.elementDisplayed() result: true
&amp#27;[35m[HTTP]&amp#27;[39m &amp#27;[37m<-- GET /wd/hub/session/df9f32c4-0030-433a-a6cf-3dfcf61c4575/element/00000000-0000-008b-7fff-ffff00000053/displayed &amp#27;[39m&amp#27;[32m200&amp#27;[39m &amp#27;[90m667 ms - 14&amp#27;[39m
&amp#27;[35m[HTTP]&amp#27;[39m &amp#27;[90m&amp#27;[39m
&amp#27;[35m[HTTP]&amp#27;[39m &amp#27;[37m-->&amp#27;[39m &amp#27;[37mGET&amp#27;[39m &amp#27;[37m/wd/hub/session/df9f32c4-0030-433a-a6cf-3dfcf61c4575/context&amp#27;[39m
&amp#27;[35m[HTTP]&amp#27;[39m &amp#27;[90m{}&amp#27;[39m
[debug] &amp#27;[35m[W3C (df9f32c4)]&amp#27;[39m Calling AppiumDriver.getCurrentContext() with args: ["df9f32c4-0030-433a-a6cf-3dfcf61c4575"]
[debug] &amp#27;[35m[W3C (df9f32c4)]&amp#27;[39m Responding to client with driver.getCurrentContext() result: "NATIVE_APP"
&amp#27;[35m[HTTP]&amp#27;[39m &amp#27;[37m<-- GET /wd/hub/session/df9f32c4-0030-433a-a6cf-3dfcf61c4575/context &amp#27;[39m&amp#27;[32m200&amp#27;[39m &amp#27;[90m1 ms - 22&amp#27;[39m
&amp#27;[35m[HTTP]&amp#27;[39m &amp#27;[90m&amp#27;[39m
&amp#27;[35m[HTTP]&amp#27;[39m &amp#27;[37m-->&amp#27;[39m &amp#27;[37mPOST&amp#27;[39m &amp#27;[37m/wd/hub/session/df9f32c4-0030-433a-a6cf-3dfcf61c4575/element&amp#27;[39m
&amp#27;[35m[HTTP]&amp#27;[39m &amp#27;[90m{"using":"accessibility id","value":"button-SIGN UP"}&amp#27;[39m
[debug] &amp#27;[35m[W3C (df9f32c4)]&amp#27;[39m Calling AppiumDriver.findElement() with args: ["accessibility id","button-SIGN UP","df9f32c4-0030-433a-a6cf-3dfcf61c4575"]
[debug] &amp#27;[35m[BaseDriver]&amp#27;[39m Valid locator strategies for this request: xpath, id, class name, accessibility id, css selector, -android uiautomator
[debug] &amp#27;[35m[BaseDriver]&amp#27;[39m Waiting up to 30000 ms for condition
[debug] &amp#27;[35m[WD Proxy]&amp#27;[39m Matched '/element' to command name 'findElement'
[debug] &amp#27;[35m[WD Proxy]&amp#27;[39m Proxying [POST /element] to [POST http://127.0.0.1:8205/wd/hub/session/13aac962-8885-40a8-be47-5799470e7097/element] with body: {"strategy":"accessibility id","selector":"button-SIGN UP","context":"","multiple":false}
[debug] &amp#27;[35m[WD Proxy]&amp#27;[39m Got response with status 200: {"sessionId":"13aac962-8885-40a8-be47-5799470e7097","value":{"ELEMENT":"00000000-0000-008b-7fff-ffff00000053","element-6066-11e4-a52e-4f735466cecf":"00000000-0000-008b-7fff-ffff00000053"}}
[debug] &amp#27;[35m[W3C (df9f32c4)]&amp#27;[39m Responding to client with driver.findElement() result: {"element-6066-11e4-a52e-4f735466cecf":"00000000-0000-008b-7fff-ffff00000053","ELEMENT":"00000000-0000-008b-7fff-ffff00000053"}
&amp#27;[35m[HTTP]&amp#27;[39m &amp#27;[37m<-- POST /wd/hub/session/df9f32c4-0030-433a-a6cf-3dfcf61c4575/element &amp#27;[39m&amp#27;[32m200&amp#27;[39m &amp#27;[90m50 ms - 137&amp#27;[39m
&amp#27;[35m[HTTP]&amp#27;[39m &amp#27;[90m&amp#27;[39m
&amp#27;[35m[HTTP]&amp#27;[39m &amp#27;[37m-->&amp#27;[39m &amp#27;[37mGET&amp#27;[39m &amp#27;[37m/wd/hub/session/df9f32c4-0030-433a-a6cf-3dfcf61c4575/element/00000000-0000-008b-7fff-ffff00000053/displayed&amp#27;[39m
&amp#27;[35m[HTTP]&amp#27;[39m &amp#27;[90m{}&amp#27;[39m
[debug] &amp#27;[35m[W3C (df9f32c4)]&amp#27;[39m Calling AppiumDriver.elementDisplayed() with args: ["00000000-0000-008b-7fff-ffff00000053","df9f32c4-0030-433a-a6cf-3dfcf61c4575"]
[debug] &amp#27;[35m[WD Proxy]&amp#27;[39m Matched '/element/00000000-0000-008b-7fff-ffff00000053/attribute/displayed' to command name 'getAttribute'
[debug] &amp#27;[35m[WD Proxy]&amp#27;[39m Proxying [GET /element/00000000-0000-008b-7fff-ffff00000053/attribute/displayed] to [GET http://127.0.0.1:8205/wd/hub/session/13aac962-8885-40a8-be47-5799470e7097/element/00000000-0000-008b-7fff-ffff00000053/attribute/displayed] with no body
[debug] &amp#27;[35m[WD Proxy]&amp#27;[39m Got response with status 200: {"sessionId":"13aac962-8885-40a8-be47-5799470e7097","value":"true"}
[debug] &amp#27;[35m[W3C (df9f32c4)]&amp#27;[39m Responding to client with driver.elementDisplayed() result: true
&amp#27;[35m[HTTP]&amp#27;[39m &amp#27;[37m<-- GET /wd/hub/session/df9f32c4-0030-433a-a6cf-3dfcf61c4575/element/00000000-0000-008b-7fff-ffff00000053/displayed &amp#27;[39m&amp#27;[32m200&amp#27;[39m &amp#27;[90m20 ms - 14&amp#27;[39m
&amp#27;[35m[HTTP]&amp#27;[39m &amp#27;[90m&amp#27;[39m
&amp#27;[35m[HTTP]&amp#27;[39m &amp#27;[37m-->&amp#27;[39m &amp#27;[37mGET&amp#27;[39m &amp#27;[37m/wd/hub/session/df9f32c4-0030-433a-a6cf-3dfcf61c4575/context&amp#27;[39m
&amp#27;[35m[HTTP]&amp#27;[39m &amp#27;[90m{}&amp#27;[39m
[debug] &amp#27;[35m[W3C (df9f32c4)]&amp#27;[39m Calling AppiumDriver.getCurrentContext() with args: ["df9f32c4-0030-433a-a6cf-3dfcf61c4575"]
[debug] &amp#27;[35m[W3C (df9f32c4)]&amp#27;[39m Responding to client with driver.getCurrentContext() result: "NATIVE_APP"
&amp#27;[35m[HTTP]&amp#27;[39m &amp#27;[37m<-- GET /wd/hub/session/df9f32c4-0030-433a-a6cf-3dfcf61c4575/context &amp#27;[39m&amp#27;[32m200&amp#27;[39m &amp#27;[90m1 ms - 22&amp#27;[39m
&amp#27;[35m[HTTP]&amp#27;[39m &amp#27;[90m&amp#27;[39m
&amp#27;[35m[HTTP]&amp#27;[39m &amp#27;[37m-->&amp#27;[39m &amp#27;[37mPOST&amp#27;[39m &amp#27;[37m/wd/hub/session/df9f32c4-0030-433a-a6cf-3dfcf61c4575/element&amp#27;[39m
&amp#27;[35m[HTTP]&amp#27;[39m &amp#27;[90m{"using":"accessibility id","value":"input-email"}&amp#27;[39m
[debug] &amp#27;[35m[W3C (df9f32c4)]&amp#27;[39m Calling AppiumDriver.findElement() with args: ["accessibility id","input-email","df9f32c4-0030-433a-a6cf-3dfcf61c4575"]
[debug] &amp#27;[35m[BaseDriver]&amp#27;[39m Valid locator strategies for this request: xpath, id, class name, accessibility id, css selector, -android uiautomator
[debug] &amp#27;[35m[BaseDriver]&amp#27;[39m Waiting up to 30000 ms for condition
[debug] &amp#27;[35m[WD Proxy]&amp#27;[39m Matched '/element' to command name 'findElement'
[debug] &amp#27;[35m[WD Proxy]&amp#27;[39m Proxying [POST /element] to [POST http://127.0.0.1:8205/wd/hub/session/13aac962-8885-40a8-be47-5799470e7097/element] with body: {"strategy":"accessibility id","selector":"input-email","context":"","multiple":false}
[debug] &amp#27;[35m[WD Proxy]&amp#27;[39m Got response with status 200: {"sessionId":"13aac962-8885-40a8-be47-5799470e7097","value":{"ELEMENT":"00000000-0000-008b-7fff-ffff0000003a","element-6066-11e4-a52e-4f735466cecf":"00000000-0000-008b-7fff-ffff0000003a"}}
[debug] &amp#27;[35m[W3C (df9f32c4)]&amp#27;[39m Responding to client with driver.findElement() result: {"element-6066-11e4-a52e-4f735466cecf":"00000000-0000-008b-7fff-ffff0000003a","ELEMENT":"00000000-0000-008b-7fff-ffff0000003a"}
&amp#27;[35m[HTTP]&amp#27;[39m &amp#27;[37m<-- POST /wd/hub/session/df9f32c4-0030-433a-a6cf-3dfcf61c4575/element &amp#27;[39m&amp#27;[32m200&amp#27;[39m &amp#27;[90m45 ms - 137&amp#27;[39m
&amp#27;[35m[HTTP]&amp#27;[39m &amp#27;[90m&amp#27;[39m
&amp#27;[35m[HTTP]&amp#27;[39m &amp#27;[37m-->&amp#27;[39m &amp#27;[37mGET&amp#27;[39m &amp#27;[37m/wd/hub/session/df9f32c4-0030-433a-a6cf-3dfcf61c4575/element/00000000-0000-008b-7fff-ffff0000003a/displayed&amp#27;[39m
&amp#27;[35m[HTTP]&amp#27;[39m &amp#27;[90m{}&amp#27;[39m
[debug] &amp#27;[35m[W3C (df9f32c4)]&amp#27;[39m Calling AppiumDriver.elementDisplayed() with args: ["00000000-0000-008b-7fff-ffff0000003a","df9f32c4-0030-433a-a6cf-3dfcf61c4575"]
[debug] &amp#27;[35m[WD Proxy]&amp#27;[39m Matched '/element/00000000-0000-008b-7fff-ffff0000003a/attribute/displayed' to command name 'getAttribute'
[debug] &amp#27;[35m[WD Proxy]&amp#27;[39m Proxying [GET /element/00000000-0000-008b-7fff-ffff0000003a/attribute/displayed] to [GET http://127.0.0.1:8205/wd/hub/session/13aac962-8885-40a8-be47-5799470e7097/element/00000000-0000-008b-7fff-ffff0000003a/attribute/displayed] with no body
[debug] &amp#27;[35m[WD Proxy]&amp#27;[39m Got response with status 200: {"sessionId":"13aac962-8885-40a8-be47-5799470e7097","value":"true"}
[debug] &amp#27;[35m[W3C (df9f32c4)]&amp#27;[39m Responding to client with driver.elementDisplayed() result: true
&amp#27;[35m[HTTP]&amp#27;[39m &amp#27;[37m<-- GET /wd/hub/session/df9f32c4-0030-433a-a6cf-3dfcf61c4575/element/00000000-0000-008b-7fff-ffff0000003a/displayed &amp#27;[39m&amp#27;[32m200&amp#27;[39m &amp#27;[90m20 ms - 14&amp#27;[39m
&amp#27;[35m[HTTP]&amp#27;[39m &amp#27;[90m&amp#27;[39m
&amp#27;[35m[HTTP]&amp#27;[39m &amp#27;[37m-->&amp#27;[39m &amp#27;[37mGET&amp#27;[39m &amp#27;[37m/wd/hub/session/df9f32c4-0030-433a-a6cf-3dfcf61c4575/context&amp#27;[39m
&amp#27;[35m[HTTP]&amp#27;[39m &amp#27;[90m{}&amp#27;[39m
[debug] &amp#27;[35m[W3C (df9f32c4)]&amp#27;[39m Calling AppiumDriver.getCurrentContext() with args: ["df9f32c4-0030-433a-a6cf-3dfcf61c4575"]
[debug] &amp#27;[35m[W3C (df9f32c4)]&amp#27;[39m Responding to client with driver.getCurrentContext() result: "NATIVE_APP"
&amp#27;[35m[HTTP]&amp#27;[39m &amp#27;[37m<-- GET /wd/hub/session/df9f32c4-0030-433a-a6cf-3dfcf61c4575/context &amp#27;[39m&amp#27;[32m200&amp#27;[39m &amp#27;[90m1 ms - 22&amp#27;[39m
&amp#27;[35m[HTTP]&amp#27;[39m &amp#27;[90m&amp#27;[39m
&amp#27;[35m[HTTP]&amp#27;[39m &amp#27;[37m-->&amp#27;[39m &amp#27;[37mPOST&amp#27;[39m &amp#27;[37m/wd/hub/session/df9f32c4-0030-433a-a6cf-3dfcf61c4575/element&amp#27;[39m
&amp#27;[35m[HTTP]&amp#27;[39m &amp#27;[90m{"using":"accessibility id","value":"input-email"}&amp#27;[39m
[debug] &amp#27;[35m[W3C (df9f32c4)]&amp#27;[39m Calling AppiumDriver.findElement() with args: ["accessibility id","input-email","df9f32c4-0030-433a-a6cf-3dfcf61c4575"]
[debug] &amp#27;[35m[BaseDriver]&amp#27;[39m Valid locator strategies for this request: xpath, id, class name, accessibility id, css selector, -android uiautomator
[debug] &amp#27;[35m[BaseDriver]&amp#27;[39m Waiting up to 30000 ms for condition
[debug] &amp#27;[35m[WD Proxy]&amp#27;[39m Matched '/element' to command name 'findElement'
[debug] &amp#27;[35m[WD Proxy]&amp#27;[39m Proxying [POST /element] to [POST http://127.0.0.1:8205/wd/hub/session/13aac962-8885-40a8-be47-5799470e7097/element] with body: {"strategy":"accessibility id","selector":"input-email","context":"","multiple":false}
[debug] &amp#27;[35m[WD Proxy]&amp#27;[39m Got response with status 200: {"sessionId":"13aac962-8885-40a8-be47-5799470e7097","value":{"ELEMENT":"00000000-0000-008b-7fff-ffff0000003a","element-6066-11e4-a52e-4f735466cecf":"00000000-0000-008b-7fff-ffff0000003a"}}
[debug] &amp#27;[35m[W3C (df9f32c4)]&amp#27;[39m Responding to client with driver.findElement() result: {"element-6066-11e4-a52e-4f735466cecf":"00000000-0000-008b-7fff-ffff0000003a","ELEMENT":"00000000-0000-008b-7fff-ffff0000003a"}
&amp#27;[35m[HTTP]&amp#27;[39m &amp#27;[37m<-- POST /wd/hub/session/df9f32c4-0030-433a-a6cf-3dfcf61c4575/element &amp#27;[39m&amp#27;[32m200&amp#27;[39m &amp#27;[90m43 ms - 137&amp#27;[39m
&amp#27;[35m[HTTP]&amp#27;[39m &amp#27;[90m&amp#27;[39m
&amp#27;[35m[HTTP]&amp#27;[39m &amp#27;[37m-->&amp#27;[39m &amp#27;[37mPOST&amp#27;[39m &amp#27;[37m/wd/hub/session/df9f32c4-0030-433a-a6cf-3dfcf61c4575/element/00000000-0000-008b-7fff-ffff0000003a/clear&amp#27;[39m
&amp#27;[35m[HTTP]&amp#27;[39m &amp#27;[90m{"id":"00000000-0000-008b-7fff-ffff0000003a"}&amp#27;[39m
[debug] &amp#27;[35m[W3C (df9f32c4)]&amp#27;[39m Calling AppiumDriver.clear() with args: ["00000000-0000-008b-7fff-ffff0000003a","df9f32c4-0030-433a-a6cf-3dfcf61c4575"]
[debug] &amp#27;[35m[WD Proxy]&amp#27;[39m Matched '/element/00000000-0000-008b-7fff-ffff0000003a/clear' to command name 'clear'
[debug] &amp#27;[35m[WD Proxy]&amp#27;[39m Proxying [POST /element/00000000-0000-008b-7fff-ffff0000003a/clear] to [POST http://127.0.0.1:8205/wd/hub/session/13aac962-8885-40a8-be47-5799470e7097/element/00000000-0000-008b-7fff-ffff0000003a/clear] with body: {"elementId":"00000000-0000-008b-7fff-ffff0000003a"}
[debug] &amp#27;[35m[WD Proxy]&amp#27;[39m Got response with status 200: {"sessionId":"13aac962-8885-40a8-be47-5799470e7097","value":null}
[debug] &amp#27;[35m[W3C (df9f32c4)]&amp#27;[39m Responding to client with driver.clear() result: null
&amp#27;[35m[HTTP]&amp#27;[39m &amp#27;[37m<-- POST /wd/hub/session/df9f32c4-0030-433a-a6cf-3dfcf61c4575/element/00000000-0000-008b-7fff-ffff0000003a/clear &amp#27;[39m&amp#27;[32m200&amp#27;[39m &amp#27;[90m33 ms - 14&amp#27;[39m
&amp#27;[35m[HTTP]&amp#27;[39m &amp#27;[90m&amp#27;[39m
&amp#27;[35m[HTTP]&amp#27;[39m &amp#27;[37m-->&amp#27;[39m &amp#27;[37mGET&amp#27;[39m &amp#27;[37m/wd/hub/session/df9f32c4-0030-433a-a6cf-3dfcf61c4575/context&amp#27;[39m
&amp#27;[35m[HTTP]&amp#27;[39m &amp#27;[90m{}&amp#27;[39m
[debug] &amp#27;[35m[W3C (df9f32c4)]&amp#27;[39m Calling AppiumDriver.getCurrentContext() with args: ["df9f32c4-0030-433a-a6cf-3dfcf61c4575"]
[debug] &amp#27;[35m[W3C (df9f32c4)]&amp#27;[39m Responding to client with driver.getCurrentContext() result: "NATIVE_APP"
&amp#27;[35m[HTTP]&amp#27;[39m &amp#27;[37m<-- GET /wd/hub/session/df9f32c4-0030-433a-a6cf-3dfcf61c4575/context &amp#27;[39m&amp#27;[32m200&amp#27;[39m &amp#27;[90m1 ms - 22&amp#27;[39m
&amp#27;[35m[HTTP]&amp#27;[39m &amp#27;[90m&amp#27;[39m
&amp#27;[35m[HTTP]&amp#27;[39m &amp#27;[37m-->&amp#27;[39m &amp#27;[37mPOST&amp#27;[39m &amp#27;[37m/wd/hub/session/df9f32c4-0030-433a-a6cf-3dfcf61c4575/element&amp#27;[39m
&amp#27;[35m[HTTP]&amp#27;[39m &amp#27;[90m{"using":"accessibility id","value":"input-email"}&amp#27;[39m
[debug] &amp#27;[35m[W3C (df9f32c4)]&amp#27;[39m Calling AppiumDriver.findElement() with args: ["accessibility id","input-email","df9f32c4-0030-433a-a6cf-3dfcf61c4575"]
[debug] &amp#27;[35m[BaseDriver]&amp#27;[39m Valid locator strategies for this request: xpath, id, class name, accessibility id, css selector, -android uiautomator
[debug] &amp#27;[35m[BaseDriver]&amp#27;[39m Waiting up to 30000 ms for condition
[debug] &amp#27;[35m[WD Proxy]&amp#27;[39m Matched '/element' to command name 'findElement'
[debug] &amp#27;[35m[WD Proxy]&amp#27;[39m Proxying [POST /element] to [POST http://127.0.0.1:8205/wd/hub/session/13aac962-8885-40a8-be47-5799470e7097/element] with body: {"strategy":"accessibility id","selector":"input-email","context":"","multiple":false}
[debug] &amp#27;[35m[WD Proxy]&amp#27;[39m Got response with status 200: {"sessionId":"13aac962-8885-40a8-be47-5799470e7097","value":{"ELEMENT":"00000000-0000-008b-7fff-ffff0000003a","element-6066-11e4-a52e-4f735466cecf":"00000000-0000-008b-7fff-ffff0000003a"}}
[debug] &amp#27;[35m[W3C (df9f32c4)]&amp#27;[39m Responding to client with driver.findElement() result: {"element-6066-11e4-a52e-4f735466cecf":"00000000-0000-008b-7fff-ffff0000003a","ELEMENT":"00000000-0000-008b-7fff-ffff0000003a"}
&amp#27;[35m[HTTP]&amp#27;[39m &amp#27;[37m<-- POST /wd/hub/session/df9f32c4-0030-433a-a6cf-3dfcf61c4575/element &amp#27;[39m&amp#27;[32m200&amp#27;[39m &amp#27;[90m539 ms - 137&amp#27;[39m
&amp#27;[35m[HTTP]&amp#27;[39m &amp#27;[90m&amp#27;[39m
&amp#27;[35m[HTTP]&amp#27;[39m &amp#27;[37m-->&amp#27;[39m &amp#27;[37mGET&amp#27;[39m &amp#27;[37m/wd/hub/session/df9f32c4-0030-433a-a6cf-3dfcf61c4575/element/00000000-0000-008b-7fff-ffff0000003a/displayed&amp#27;[39m
&amp#27;[35m[HTTP]&amp#27;[39m &amp#27;[90m{}&amp#27;[39m
[debug] &amp#27;[35m[W3C (df9f32c4)]&amp#27;[39m Calling AppiumDriver.elementDisplayed() with args: ["00000000-0000-008b-7fff-ffff0000003a","df9f32c4-0030-433a-a6cf-3dfcf61c4575"]
[debug] &amp#27;[35m[WD Proxy]&amp#27;[39m Matched '/element/00000000-0000-008b-7fff-ffff0000003a/attribute/displayed' to command name 'getAttribute'
[debug] &amp#27;[35m[WD Proxy]&amp#27;[39m Proxying [GET /element/00000000-0000-008b-7fff-ffff0000003a/attribute/displayed] to [GET http://127.0.0.1:8205/wd/hub/session/13aac962-8885-40a8-be47-5799470e7097/element/00000000-0000-008b-7fff-ffff0000003a/attribute/displayed] with no body
[debug] &amp#27;[35m[WD Proxy]&amp#27;[39m Got response with status 200: {"sessionId":"13aac962-8885-40a8-be47-5799470e7097","value":"true"}
[debug] &amp#27;[35m[W3C (df9f32c4)]&amp#27;[39m Responding to client with driver.elementDisplayed() result: true
&amp#27;[35m[HTTP]&amp#27;[39m &amp#27;[37m<-- GET /wd/hub/session/df9f32c4-0030-433a-a6cf-3dfcf61c4575/element/00000000-0000-008b-7fff-ffff0000003a/displayed &amp#27;[39m&amp#27;[32m200&amp#27;[39m &amp#27;[90m20 ms - 14&amp#27;[39m
&amp#27;[35m[HTTP]&amp#27;[39m &amp#27;[90m&amp#27;[39m
&amp#27;[35m[HTTP]&amp#27;[39m &amp#27;[37m-->&amp#27;[39m &amp#27;[37mGET&amp#27;[39m &amp#27;[37m/wd/hub/session/df9f32c4-0030-433a-a6cf-3dfcf61c4575/context&amp#27;[39m
&amp#27;[35m[HTTP]&amp#27;[39m &amp#27;[90m{}&amp#27;[39m
[debug] &amp#27;[35m[W3C (df9f32c4)]&amp#27;[39m Calling AppiumDriver.getCurrentContext() with args: ["df9f32c4-0030-433a-a6cf-3dfcf61c4575"]
[debug] &amp#27;[35m[W3C (df9f32c4)]&amp#27;[39m Responding to client with driver.getCurrentContext() result: "NATIVE_APP"
&amp#27;[35m[HTTP]&amp#27;[39m &amp#27;[37m<-- GET /wd/hub/session/df9f32c4-0030-433a-a6cf-3dfcf61c4575/context &amp#27;[39m&amp#27;[32m200&amp#27;[39m &amp#27;[90m1 ms - 22&amp#27;[39m
&amp#27;[35m[HTTP]&amp#27;[39m &amp#27;[90m&amp#27;[39m
&amp#27;[35m[HTTP]&amp#27;[39m &amp#27;[37m-->&amp#27;[39m &amp#27;[37mPOST&amp#27;[39m &amp#27;[37m/wd/hub/session/df9f32c4-0030-433a-a6cf-3dfcf61c4575/element&amp#27;[39m
&amp#27;[35m[HTTP]&amp#27;[39m &amp#27;[90m{"using":"accessibility id","value":"input-email"}&amp#27;[39m
[debug] &amp#27;[35m[W3C (df9f32c4)]&amp#27;[39m Calling AppiumDriver.findElement() with args: ["accessibility id","input-email","df9f32c4-0030-433a-a6cf-3dfcf61c4575"]
[debug] &amp#27;[35m[BaseDriver]&amp#27;[39m Valid locator strategies for this request: xpath, id, class name, accessibility id, css selector, -android uiautomator
[debug] &amp#27;[35m[BaseDriver]&amp#27;[39m Waiting up to 30000 ms for condition
[debug] &amp#27;[35m[WD Proxy]&amp#27;[39m Matched '/element' to command name 'findElement'
[debug] &amp#27;[35m[WD Proxy]&amp#27;[39m Proxying [POST /element] to [POST http://127.0.0.1:8205/wd/hub/session/13aac962-8885-40a8-be47-5799470e7097/element] with body: {"strategy":"accessibility id","selector":"input-email","context":"","multiple":false}
[debug] &amp#27;[35m[WD Proxy]&amp#27;[39m Got response with status 200: {"sessionId":"13aac962-8885-40a8-be47-5799470e7097","value":{"ELEMENT":"00000000-0000-008b-7fff-ffff0000003a","element-6066-11e4-a52e-4f735466cecf":"00000000-0000-008b-7fff-ffff0000003a"}}
[debug] &amp#27;[35m[W3C (df9f32c4)]&amp#27;[39m Responding to client with driver.findElement() result: {"element-6066-11e4-a52e-4f735466cecf":"00000000-0000-008b-7fff-ffff0000003a","ELEMENT":"00000000-0000-008b-7fff-ffff0000003a"}
&amp#27;[35m[HTTP]&amp#27;[39m &amp#27;[37m<-- POST /wd/hub/session/df9f32c4-0030-433a-a6cf-3dfcf61c4575/element &amp#27;[39m&amp#27;[32m200&amp#27;[39m &amp#27;[90m47 ms - 137&amp#27;[39m
&amp#27;[35m[HTTP]&amp#27;[39m &amp#27;[90m&amp#27;[39m
&amp#27;[35m[HTTP]&amp#27;[39m &amp#27;[37m-->&amp#27;[39m &amp#27;[37mPOST&amp#27;[39m &amp#27;[37m/wd/hub/session/df9f32c4-0030-433a-a6cf-3dfcf61c4575/element/00000000-0000-008b-7fff-ffff0000003a/value&amp#27;[39m
&amp#27;[35m[HTTP]&amp#27;[39m &amp#27;[90m{"id":"00000000-0000-008b-7fff-ffff0000003a","text":"Tunghuynh@gmail.com","value":["T","u","n","g","h","u","y","n","h","@","g","m","a","i","l",".","c","o","m"]}&amp#27;[39m
[debug] &amp#27;[35m[W3C (df9f32c4)]&amp#27;[39m Calling AppiumDriver.setValue() with args: [["T","u","n","g","h","u","y","n","h","@","g","m","a","i","l",".","c","o","m"],"00000000-0000-008b-7fff-ffff0000003a","df9f32c4-0030-433a-a6cf-3dfcf61c4575"]
[debug] &amp#27;[35m[WD Proxy]&amp#27;[39m Matched '/element/00000000-0000-008b-7fff-ffff0000003a/value' to command name 'setValue'
[debug] &amp#27;[35m[Protocol Converter]&amp#27;[39m Added 'value' property ["T","u","n","g","h","u","y","n","h","@","g","m","a","i","l",".","c","o","m"] to 'setValue' request body
[debug] &amp#27;[35m[WD Proxy]&amp#27;[39m Proxying [POST /element/00000000-0000-008b-7fff-ffff0000003a/value] to [POST http://127.0.0.1:8205/wd/hub/session/13aac962-8885-40a8-be47-5799470e7097/element/00000000-0000-008b-7fff-ffff0000003a/value] with body: {"elementId":"00000000-0000-008b-7fff-ffff0000003a","text":"Tunghuynh@gmail.com","replace":false,"value":["T","u","n","g","h","u","y","n","h","@","g","m","a","i","l",".","c","o","m"]}
[debug] &amp#27;[35m[WD Proxy]&amp#27;[39m Got response with status 200: {"sessionId":"13aac962-8885-40a8-be47-5799470e7097","value":null}
[debug] &amp#27;[35m[W3C (df9f32c4)]&amp#27;[39m Responding to client with driver.setValue() result: null
&amp#27;[35m[HTTP]&amp#27;[39m &amp#27;[37m<-- POST /wd/hub/session/df9f32c4-0030-433a-a6cf-3dfcf61c4575/element/00000000-0000-008b-7fff-ffff0000003a/value &amp#27;[39m&amp#27;[32m200&amp#27;[39m &amp#27;[90m593 ms - 14&amp#27;[39m
&amp#27;[35m[HTTP]&amp#27;[39m &amp#27;[90m&amp#27;[39m
&amp#27;[35m[HTTP]&amp#27;[39m &amp#27;[37m-->&amp#27;[39m &amp#27;[37mGET&amp#27;[39m &amp#27;[37m/wd/hub/session/df9f32c4-0030-433a-a6cf-3dfcf61c4575/context&amp#27;[39m
&amp#27;[35m[HTTP]&amp#27;[39m &amp#27;[90m{}&amp#27;[39m
[debug] &amp#27;[35m[W3C (df9f32c4)]&amp#27;[39m Calling AppiumDriver.getCurrentContext() with args: ["df9f32c4-0030-433a-a6cf-3dfcf61c4575"]
[debug] &amp#27;[35m[W3C (df9f32c4)]&amp#27;[39m Responding to client with driver.getCurrentContext() result: "NATIVE_APP"
&amp#27;[35m[HTTP]&amp#27;[39m &amp#27;[37m<-- GET /wd/hub/session/df9f32c4-0030-433a-a6cf-3dfcf61c4575/context &amp#27;[39m&amp#27;[32m200&amp#27;[39m &amp#27;[90m1 ms - 22&amp#27;[39m
&amp#27;[35m[HTTP]&amp#27;[39m &amp#27;[90m&amp#27;[39m
&amp#27;[35m[HTTP]&amp#27;[39m &amp#27;[37m-->&amp#27;[39m &amp#27;[37mPOST&amp#27;[39m &amp#27;[37m/wd/hub/session/df9f32c4-0030-433a-a6cf-3dfcf61c4575/element&amp#27;[39m
&amp#27;[35m[HTTP]&amp#27;[39m &amp#27;[90m{"using":"accessibility id","value":"input-password"}&amp#27;[39m
[debug] &amp#27;[35m[W3C (df9f32c4)]&amp#27;[39m Calling AppiumDriver.findElement() with args: ["accessibility id","input-password","df9f32c4-0030-433a-a6cf-3dfcf61c4575"]
[debug] &amp#27;[35m[BaseDriver]&amp#27;[39m Valid locator strategies for this request: xpath, id, class name, accessibility id, css selector, -android uiautomator
[debug] &amp#27;[35m[BaseDriver]&amp#27;[39m Waiting up to 30000 ms for condition
[debug] &amp#27;[35m[WD Proxy]&amp#27;[39m Matched '/element' to command name 'findElement'
[debug] &amp#27;[35m[WD Proxy]&amp#27;[39m Proxying [POST /element] to [POST http://127.0.0.1:8205/wd/hub/session/13aac962-8885-40a8-be47-5799470e7097/element] with body: {"strategy":"accessibility id","selector":"input-password","context":"","multiple":false}
[debug] &amp#27;[35m[WD Proxy]&amp#27;[39m Got response with status 200: {"sessionId":"13aac962-8885-40a8-be47-5799470e7097","value":{"ELEMENT":"00000000-0000-008b-7fff-ffff0000003c","element-6066-11e4-a52e-4f735466cecf":"00000000-0000-008b-7fff-ffff0000003c"}}
[debug] &amp#27;[35m[W3C (df9f32c4)]&amp#27;[39m Responding to client with driver.findElement() result: {"element-6066-11e4-a52e-4f735466cecf":"00000000-0000-008b-7fff-ffff0000003c","ELEMENT":"00000000-0000-008b-7fff-ffff0000003c"}
&amp#27;[35m[HTTP]&amp#27;[39m &amp#27;[37m<-- POST /wd/hub/session/df9f32c4-0030-433a-a6cf-3dfcf61c4575/element &amp#27;[39m&amp#27;[32m200&amp#27;[39m &amp#27;[90m729 ms - 137&amp#27;[39m
&amp#27;[35m[HTTP]&amp#27;[39m &amp#27;[90m&amp#27;[39m
&amp#27;[35m[HTTP]&amp#27;[39m &amp#27;[37m-->&amp#27;[39m &amp#27;[37mGET&amp#27;[39m &amp#27;[37m/wd/hub/session/df9f32c4-0030-433a-a6cf-3dfcf61c4575/element/00000000-0000-008b-7fff-ffff0000003c/displayed&amp#27;[39m
&amp#27;[35m[HTTP]&amp#27;[39m &amp#27;[90m{}&amp#27;[39m
[debug] &amp#27;[35m[W3C (df9f32c4)]&amp#27;[39m Calling AppiumDriver.elementDisplayed() with args: ["00000000-0000-008b-7fff-ffff0000003c","df9f32c4-0030-433a-a6cf-3dfcf61c4575"]
[debug] &amp#27;[35m[WD Proxy]&amp#27;[39m Matched '/element/00000000-0000-008b-7fff-ffff0000003c/attribute/displayed' to command name 'getAttribute'
[debug] &amp#27;[35m[WD Proxy]&amp#27;[39m Proxying [GET /element/00000000-0000-008b-7fff-ffff0000003c/attribute/displayed] to [GET http://127.0.0.1:8205/wd/hub/session/13aac962-8885-40a8-be47-5799470e7097/element/00000000-0000-008b-7fff-ffff0000003c/attribute/displayed] with no body
[debug] &amp#27;[35m[WD Proxy]&amp#27;[39m Got response with status 200: {"sessionId":"13aac962-8885-40a8-be47-5799470e7097","value":"true"}
[debug] &amp#27;[35m[W3C (df9f32c4)]&amp#27;[39m Responding to client with driver.elementDisplayed() result: true
&amp#27;[35m[HTTP]&amp#27;[39m &amp#27;[37m<-- GET /wd/hub/session/df9f32c4-0030-433a-a6cf-3dfcf61c4575/element/00000000-0000-008b-7fff-ffff0000003c/displayed &amp#27;[39m&amp#27;[32m200&amp#27;[39m &amp#27;[90m24 ms - 14&amp#27;[39m
&amp#27;[35m[HTTP]&amp#27;[39m &amp#27;[90m&amp#27;[39m
&amp#27;[35m[HTTP]&amp#27;[39m &amp#27;[37m-->&amp#27;[39m &amp#27;[37mGET&amp#27;[39m &amp#27;[37m/wd/hub/session/df9f32c4-0030-433a-a6cf-3dfcf61c4575/context&amp#27;[39m
&amp#27;[35m[HTTP]&amp#27;[39m &amp#27;[90m{}&amp#27;[39m
[debug] &amp#27;[35m[W3C (df9f32c4)]&amp#27;[39m Calling AppiumDriver.getCurrentContext() with args: ["df9f32c4-0030-433a-a6cf-3dfcf61c4575"]
[debug] &amp#27;[35m[W3C (df9f32c4)]&amp#27;[39m Responding to client with driver.getCurrentContext() result: "NATIVE_APP"
&amp#27;[35m[HTTP]&amp#27;[39m &amp#27;[37m<-- GET /wd/hub/session/df9f32c4-0030-433a-a6cf-3dfcf61c4575/context &amp#27;[39m&amp#27;[32m200&amp#27;[39m &amp#27;[90m1 ms - 22&amp#27;[39m
&amp#27;[35m[HTTP]&amp#27;[39m &amp#27;[90m&amp#27;[39m
&amp#27;[35m[HTTP]&amp#27;[39m &amp#27;[37m-->&amp#27;[39m &amp#27;[37mPOST&amp#27;[39m &amp#27;[37m/wd/hub/session/df9f32c4-0030-433a-a6cf-3dfcf61c4575/element&amp#27;[39m
&amp#27;[35m[HTTP]&amp#27;[39m &amp#27;[90m{"using":"accessibility id","value":"input-password"}&amp#27;[39m
[debug] &amp#27;[35m[W3C (df9f32c4)]&amp#27;[39m Calling AppiumDriver.findElement() with args: ["accessibility id","input-password","df9f32c4-0030-433a-a6cf-3dfcf61c4575"]
[debug] &amp#27;[35m[BaseDriver]&amp#27;[39m Valid locator strategies for this request: xpath, id, class name, accessibility id, css selector, -android uiautomator
[debug] &amp#27;[35m[BaseDriver]&amp#27;[39m Waiting up to 30000 ms for condition
[debug] &amp#27;[35m[WD Proxy]&amp#27;[39m Matched '/element' to command name 'findElement'
[debug] &amp#27;[35m[WD Proxy]&amp#27;[39m Proxying [POST /element] to [POST http://127.0.0.1:8205/wd/hub/session/13aac962-8885-40a8-be47-5799470e7097/element] with body: {"strategy":"accessibility id","selector":"input-password","context":"","multiple":false}
[debug] &amp#27;[35m[WD Proxy]&amp#27;[39m Got response with status 200: {"sessionId":"13aac962-8885-40a8-be47-5799470e7097","value":{"ELEMENT":"00000000-0000-008b-7fff-ffff0000003c","element-6066-11e4-a52e-4f735466cecf":"00000000-0000-008b-7fff-ffff0000003c"}}
[debug] &amp#27;[35m[W3C (df9f32c4)]&amp#27;[39m Responding to client with driver.findElement() result: {"element-6066-11e4-a52e-4f735466cecf":"00000000-0000-008b-7fff-ffff0000003c","ELEMENT":"00000000-0000-008b-7fff-ffff0000003c"}
&amp#27;[35m[HTTP]&amp#27;[39m &amp#27;[37m<-- POST /wd/hub/session/df9f32c4-0030-433a-a6cf-3dfcf61c4575/element &amp#27;[39m&amp#27;[32m200&amp#27;[39m &amp#27;[90m61 ms - 137&amp#27;[39m
&amp#27;[35m[HTTP]&amp#27;[39m &amp#27;[90m&amp#27;[39m
&amp#27;[35m[HTTP]&amp#27;[39m &amp#27;[37m-->&amp#27;[39m &amp#27;[37mPOST&amp#27;[39m &amp#27;[37m/wd/hub/session/df9f32c4-0030-433a-a6cf-3dfcf61c4575/element/00000000-0000-008b-7fff-ffff0000003c/clear&amp#27;[39m
&amp#27;[35m[HTTP]&amp#27;[39m &amp#27;[90m{"id":"00000000-0000-008b-7fff-ffff0000003c"}&amp#27;[39m
[debug] &amp#27;[35m[W3C (df9f32c4)]&amp#27;[39m Calling AppiumDriver.clear() with args: ["00000000-0000-008b-7fff-ffff0000003c","df9f32c4-0030-433a-a6cf-3dfcf61c4575"]
[debug] &amp#27;[35m[WD Proxy]&amp#27;[39m Matched '/element/00000000-0000-008b-7fff-ffff0000003c/clear' to command name 'clear'
[debug] &amp#27;[35m[WD Proxy]&amp#27;[39m Proxying [POST /element/00000000-0000-008b-7fff-ffff0000003c/clear] to [POST http://127.0.0.1:8205/wd/hub/session/13aac962-8885-40a8-be47-5799470e7097/element/00000000-0000-008b-7fff-ffff0000003c/clear] with body: {"elementId":"00000000-0000-008b-7fff-ffff0000003c"}
[debug] &amp#27;[35m[WD Proxy]&amp#27;[39m Got response with status 200: {"sessionId":"13aac962-8885-40a8-be47-5799470e7097","value":null}
[debug] &amp#27;[35m[W3C (df9f32c4)]&amp#27;[39m Responding to client with driver.clear() result: null
&amp#27;[35m[HTTP]&amp#27;[39m &amp#27;[37m<-- POST /wd/hub/session/df9f32c4-0030-433a-a6cf-3dfcf61c4575/element/00000000-0000-008b-7fff-ffff0000003c/clear &amp#27;[39m&amp#27;[32m200&amp#27;[39m &amp#27;[90m33 ms - 14&amp#27;[39m
&amp#27;[35m[HTTP]&amp#27;[39m &amp#27;[90m&amp#27;[39m
&amp#27;[35m[HTTP]&amp#27;[39m &amp#27;[37m-->&amp#27;[39m &amp#27;[37mGET&amp#27;[39m &amp#27;[37m/wd/hub/session/df9f32c4-0030-433a-a6cf-3dfcf61c4575/context&amp#27;[39m
&amp#27;[35m[HTTP]&amp#27;[39m &amp#27;[90m{}&amp#27;[39m
[debug] &amp#27;[35m[W3C (df9f32c4)]&amp#27;[39m Calling AppiumDriver.getCurrentContext() with args: ["df9f32c4-0030-433a-a6cf-3dfcf61c4575"]
[debug] &amp#27;[35m[W3C (df9f32c4)]&amp#27;[39m Responding to client with driver.getCurrentContext() result: "NATIVE_APP"
&amp#27;[35m[HTTP]&amp#27;[39m &amp#27;[37m<-- GET /wd/hub/session/df9f32c4-0030-433a-a6cf-3dfcf61c4575/context &amp#27;[39m&amp#27;[32m200&amp#27;[39m &amp#27;[90m1 ms - 22&amp#27;[39m
&amp#27;[35m[HTTP]&amp#27;[39m &amp#27;[90m&amp#27;[39m
&amp#27;[35m[HTTP]&amp#27;[39m &amp#27;[37m-->&amp#27;[39m &amp#27;[37mPOST&amp#27;[39m &amp#27;[37m/wd/hub/session/df9f32c4-0030-433a-a6cf-3dfcf61c4575/element&amp#27;[39m
&amp#27;[35m[HTTP]&amp#27;[39m &amp#27;[90m{"using":"accessibility id","value":"input-password"}&amp#27;[39m
[debug] &amp#27;[35m[W3C (df9f32c4)]&amp#27;[39m Calling AppiumDriver.findElement() with args: ["accessibility id","input-password","df9f32c4-0030-433a-a6cf-3dfcf61c4575"]
[debug] &amp#27;[35m[BaseDriver]&amp#27;[39m Valid locator strategies for this request: xpath, id, class name, accessibility id, css selector, -android uiautomator
[debug] &amp#27;[35m[BaseDriver]&amp#27;[39m Waiting up to 30000 ms for condition
[debug] &amp#27;[35m[WD Proxy]&amp#27;[39m Matched '/element' to command name 'findElement'
[debug] &amp#27;[35m[WD Proxy]&amp#27;[39m Proxying [POST /element] to [POST http://127.0.0.1:8205/wd/hub/session/13aac962-8885-40a8-be47-5799470e7097/element] with body: {"strategy":"accessibility id","selector":"input-password","context":"","multiple":false}
[debug] &amp#27;[35m[WD Proxy]&amp#27;[39m Got response with status 200: {"sessionId":"13aac962-8885-40a8-be47-5799470e7097","value":{"ELEMENT":"00000000-0000-008b-7fff-ffff0000003c","element-6066-11e4-a52e-4f735466cecf":"00000000-0000-008b-7fff-ffff0000003c"}}
[debug] &amp#27;[35m[W3C (df9f32c4)]&amp#27;[39m Responding to client with driver.findElement() result: {"element-6066-11e4-a52e-4f735466cecf":"00000000-0000-008b-7fff-ffff0000003c","ELEMENT":"00000000-0000-008b-7fff-ffff0000003c"}
&amp#27;[35m[HTTP]&amp#27;[39m &amp#27;[37m<-- POST /wd/hub/session/df9f32c4-0030-433a-a6cf-3dfcf61c4575/element &amp#27;[39m&amp#27;[32m200&amp#27;[39m &amp#27;[90m543 ms - 137&amp#27;[39m
&amp#27;[35m[HTTP]&amp#27;[39m &amp#27;[90m&amp#27;[39m
&amp#27;[35m[HTTP]&amp#27;[39m &amp#27;[37m-->&amp#27;[39m &amp#27;[37mGET&amp#27;[39m &amp#27;[37m/wd/hub/session/df9f32c4-0030-433a-a6cf-3dfcf61c4575/element/00000000-0000-008b-7fff-ffff0000003c/displayed&amp#27;[39m
&amp#27;[35m[HTTP]&amp#27;[39m &amp#27;[90m{}&amp#27;[39m
[debug] &amp#27;[35m[W3C (df9f32c4)]&amp#27;[39m Calling AppiumDriver.elementDisplayed() with args: ["00000000-0000-008b-7fff-ffff0000003c","df9f32c4-0030-433a-a6cf-3dfcf61c4575"]
[debug] &amp#27;[35m[WD Proxy]&amp#27;[39m Matched '/element/00000000-0000-008b-7fff-ffff0000003c/attribute/displayed' to command name 'getAttribute'
[debug] &amp#27;[35m[WD Proxy]&amp#27;[39m Proxying [GET /element/00000000-0000-008b-7fff-ffff0000003c/attribute/displayed] to [GET http://127.0.0.1:8205/wd/hub/session/13aac962-8885-40a8-be47-5799470e7097/element/00000000-0000-008b-7fff-ffff0000003c/attribute/displayed] with no body
[debug] &amp#27;[35m[WD Proxy]&amp#27;[39m Got response with status 200: {"sessionId":"13aac962-8885-40a8-be47-5799470e7097","value":"true"}
[debug] &amp#27;[35m[W3C (df9f32c4)]&amp#27;[39m Responding to client with driver.elementDisplayed() result: true
&amp#27;[35m[HTTP]&amp#27;[39m &amp#27;[37m<-- GET /wd/hub/session/df9f32c4-0030-433a-a6cf-3dfcf61c4575/element/00000000-0000-008b-7fff-ffff0000003c/displayed &amp#27;[39m&amp#27;[32m200&amp#27;[39m &amp#27;[90m25 ms - 14&amp#27;[39m
&amp#27;[35m[HTTP]&amp#27;[39m &amp#27;[90m&amp#27;[39m
&amp#27;[35m[HTTP]&amp#27;[39m &amp#27;[37m-->&amp#27;[39m &amp#27;[37mGET&amp#27;[39m &amp#27;[37m/wd/hub/session/df9f32c4-0030-433a-a6cf-3dfcf61c4575/context&amp#27;[39m
&amp#27;[35m[HTTP]&amp#27;[39m &amp#27;[90m{}&amp#27;[39m
[debug] &amp#27;[35m[W3C (df9f32c4)]&amp#27;[39m Calling AppiumDriver.getCurrentContext() with args: ["df9f32c4-0030-433a-a6cf-3dfcf61c4575"]
[debug] &amp#27;[35m[W3C (df9f32c4)]&amp#27;[39m Responding to client with driver.getCurrentContext() result: "NATIVE_APP"
&amp#27;[35m[HTTP]&amp#27;[39m &amp#27;[37m<-- GET /wd/hub/session/df9f32c4-0030-433a-a6cf-3dfcf61c4575/context &amp#27;[39m&amp#27;[32m200&amp#27;[39m &amp#27;[90m1 ms - 22&amp#27;[39m
&amp#27;[35m[HTTP]&amp#27;[39m &amp#27;[90m&amp#27;[39m
&amp#27;[35m[HTTP]&amp#27;[39m &amp#27;[37m-->&amp#27;[39m &amp#27;[37mPOST&amp#27;[39m &amp#27;[37m/wd/hub/session/df9f32c4-0030-433a-a6cf-3dfcf61c4575/element&amp#27;[39m
&amp#27;[35m[HTTP]&amp#27;[39m &amp#27;[90m{"using":"accessibility id","value":"input-password"}&amp#27;[39m
[debug] &amp#27;[35m[W3C (df9f32c4)]&amp#27;[39m Calling AppiumDriver.findElement() with args: ["accessibility id","input-password","df9f32c4-0030-433a-a6cf-3dfcf61c4575"]
[debug] &amp#27;[35m[BaseDriver]&amp#27;[39m Valid locator strategies for this request: xpath, id, class name, accessibility id, css selector, -android uiautomator
[debug] &amp#27;[35m[BaseDriver]&amp#27;[39m Waiting up to 30000 ms for condition
[debug] &amp#27;[35m[WD Proxy]&amp#27;[39m Matched '/element' to command name 'findElement'
[debug] &amp#27;[35m[WD Proxy]&amp#27;[39m Proxying [POST /element] to [POST http://127.0.0.1:8205/wd/hub/session/13aac962-8885-40a8-be47-5799470e7097/element] with body: {"strategy":"accessibility id","selector":"input-password","context":"","multiple":false}
[debug] &amp#27;[35m[WD Proxy]&amp#27;[39m Got response with status 200: {"sessionId":"13aac962-8885-40a8-be47-5799470e7097","value":{"ELEMENT":"00000000-0000-008b-7fff-ffff0000003c","element-6066-11e4-a52e-4f735466cecf":"00000000-0000-008b-7fff-ffff0000003c"}}
[debug] &amp#27;[35m[W3C (df9f32c4)]&amp#27;[39m Responding to client with driver.findElement() result: {"element-6066-11e4-a52e-4f735466cecf":"00000000-0000-008b-7fff-ffff0000003c","ELEMENT":"00000000-0000-008b-7fff-ffff0000003c"}
&amp#27;[35m[HTTP]&amp#27;[39m &amp#27;[37m<-- POST /wd/hub/session/df9f32c4-0030-433a-a6cf-3dfcf61c4575/element &amp#27;[39m&amp#27;[32m200&amp#27;[39m &amp#27;[90m64 ms - 137&amp#27;[39m
&amp#27;[35m[HTTP]&amp#27;[39m &amp#27;[90m&amp#27;[39m
&amp#27;[35m[HTTP]&amp#27;[39m &amp#27;[37m-->&amp#27;[39m &amp#27;[37mPOST&amp#27;[39m &amp#27;[37m/wd/hub/session/df9f32c4-0030-433a-a6cf-3dfcf61c4575/element/00000000-0000-008b-7fff-ffff0000003c/value&amp#27;[39m
&amp#27;[35m[HTTP]&amp#27;[39m &amp#27;[90m{"id":"00000000-0000-008b-7fff-ffff0000003c","text":"12345678","value":["1","2","3","4","5","6","7","8"]}&amp#27;[39m
[debug] &amp#27;[35m[W3C (df9f32c4)]&amp#27;[39m Calling AppiumDriver.setValue() with args: [["1","2","3","4","5","6","7","8"],"00000000-0000-008b-7fff-ffff0000003c","df9f32c4-0030-433a-a6cf-3dfcf61c4575"]
[debug] &amp#27;[35m[WD Proxy]&amp#27;[39m Matched '/element/00000000-0000-008b-7fff-ffff0000003c/value' to command name 'setValue'
[debug] &amp#27;[35m[Protocol Converter]&amp#27;[39m Added 'value' property ["1","2","3","4","5","6","7","8"] to 'setValue' request body
[debug] &amp#27;[35m[WD Proxy]&amp#27;[39m Proxying [POST /element/00000000-0000-008b-7fff-ffff0000003c/value] to [POST http://127.0.0.1:8205/wd/hub/session/13aac962-8885-40a8-be47-5799470e7097/element/00000000-0000-008b-7fff-ffff0000003c/value] with body: {"elementId":"00000000-0000-008b-7fff-ffff0000003c","text":"12345678","replace":false,"value":["1","2","3","4","5","6","7","8"]}
[debug] &amp#27;[35m[WD Proxy]&amp#27;[39m Got response with status 200: {"sessionId":"13aac962-8885-40a8-be47-5799470e7097","value":null}
[debug] &amp#27;[35m[W3C (df9f32c4)]&amp#27;[39m Responding to client with driver.setValue() result: null
&amp#27;[35m[HTTP]&amp#27;[39m &amp#27;[37m<-- POST /wd/hub/session/df9f32c4-0030-433a-a6cf-3dfcf61c4575/element/00000000-0000-008b-7fff-ffff0000003c/value &amp#27;[39m&amp#27;[32m200&amp#27;[39m &amp#27;[90m591 ms - 14&amp#27;[39m
&amp#27;[35m[HTTP]&amp#27;[39m &amp#27;[90m&amp#27;[39m
&amp#27;[35m[HTTP]&amp#27;[39m &amp#27;[37m-->&amp#27;[39m &amp#27;[37mGET&amp#27;[39m &amp#27;[37m/wd/hub/session/df9f32c4-0030-433a-a6cf-3dfcf61c4575/context&amp#27;[39m
&amp#27;[35m[HTTP]&amp#27;[39m &amp#27;[90m{}&amp#27;[39m
[debug] &amp#27;[35m[W3C (df9f32c4)]&amp#27;[39m Calling AppiumDriver.getCurrentContext() with args: ["df9f32c4-0030-433a-a6cf-3dfcf61c4575"]
[debug] &amp#27;[35m[W3C (df9f32c4)]&amp#27;[39m Responding to client with driver.getCurrentContext() result: "NATIVE_APP"
&amp#27;[35m[HTTP]&amp#27;[39m &amp#27;[37m<-- GET /wd/hub/session/df9f32c4-0030-433a-a6cf-3dfcf61c4575/context &amp#27;[39m&amp#27;[32m200&amp#27;[39m &amp#27;[90m1 ms - 22&amp#27;[39m
&amp#27;[35m[HTTP]&amp#27;[39m &amp#27;[90m&amp#27;[39m
&amp#27;[35m[HTTP]&amp#27;[39m &amp#27;[37m-->&amp#27;[39m &amp#27;[37mPOST&amp#27;[39m &amp#27;[37m/wd/hub/session/df9f32c4-0030-433a-a6cf-3dfcf61c4575/element&amp#27;[39m
&amp#27;[35m[HTTP]&amp#27;[39m &amp#27;[90m{"using":"accessibility id","value":"input-repeat-password"}&amp#27;[39m
[debug] &amp#27;[35m[W3C (df9f32c4)]&amp#27;[39m Calling AppiumDriver.findElement() with args: ["accessibility id","input-repeat-password","df9f32c4-0030-433a-a6cf-3dfcf61c4575"]
[debug] &amp#27;[35m[BaseDriver]&amp#27;[39m Valid locator strategies for this request: xpath, id, class name, accessibility id, css selector, -android uiautomator
[debug] &amp#27;[35m[BaseDriver]&amp#27;[39m Waiting up to 30000 ms for condition
[debug] &amp#27;[35m[WD Proxy]&amp#27;[39m Matched '/element' to command name 'findElement'
[debug] &amp#27;[35m[WD Proxy]&amp#27;[39m Proxying [POST /element] to [POST http://127.0.0.1:8205/wd/hub/session/13aac962-8885-40a8-be47-5799470e7097/element] with body: {"strategy":"accessibility id","selector":"input-repeat-password","context":"","multiple":false}
[debug] &amp#27;[35m[WD Proxy]&amp#27;[39m Got response with status 200: {"sessionId":"13aac962-8885-40a8-be47-5799470e7097","value":{"ELEMENT":"00000000-0000-008b-7fff-ffff00000058","element-6066-11e4-a52e-4f735466cecf":"00000000-0000-008b-7fff-ffff00000058"}}
[debug] &amp#27;[35m[W3C (df9f32c4)]&amp#27;[39m Responding to client with driver.findElement() result: {"element-6066-11e4-a52e-4f735466cecf":"00000000-0000-008b-7fff-ffff00000058","ELEMENT":"00000000-0000-008b-7fff-ffff00000058"}
&amp#27;[35m[HTTP]&amp#27;[39m &amp#27;[37m<-- POST /wd/hub/session/df9f32c4-0030-433a-a6cf-3dfcf61c4575/element &amp#27;[39m&amp#27;[32m200&amp#27;[39m &amp#27;[90m750 ms - 137&amp#27;[39m
&amp#27;[35m[HTTP]&amp#27;[39m &amp#27;[90m&amp#27;[39m
&amp#27;[35m[HTTP]&amp#27;[39m &amp#27;[37m-->&amp#27;[39m &amp#27;[37mGET&amp#27;[39m &amp#27;[37m/wd/hub/session/df9f32c4-0030-433a-a6cf-3dfcf61c4575/element/00000000-0000-008b-7fff-ffff00000058/displayed&amp#27;[39m
&amp#27;[35m[HTTP]&amp#27;[39m &amp#27;[90m{}&amp#27;[39m
[debug] &amp#27;[35m[W3C (df9f32c4)]&amp#27;[39m Calling AppiumDriver.elementDisplayed() with args: ["00000000-0000-008b-7fff-ffff00000058","df9f32c4-0030-433a-a6cf-3dfcf61c4575"]
[debug] &amp#27;[35m[WD Proxy]&amp#27;[39m Matched '/element/00000000-0000-008b-7fff-ffff00000058/attribute/displayed' to command name 'getAttribute'
[debug] &amp#27;[35m[WD Proxy]&amp#27;[39m Proxying [GET /element/00000000-0000-008b-7fff-ffff00000058/attribute/displayed] to [GET http://127.0.0.1:8205/wd/hub/session/13aac962-8885-40a8-be47-5799470e7097/element/00000000-0000-008b-7fff-ffff00000058/attribute/displayed] with no body
[debug] &amp#27;[35m[WD Proxy]&amp#27;[39m Got response with status 200: {"sessionId":"13aac962-8885-40a8-be47-5799470e7097","value":"true"}
[debug] &amp#27;[35m[W3C (df9f32c4)]&amp#27;[39m Responding to client with driver.elementDisplayed() result: true
&amp#27;[35m[HTTP]&amp#27;[39m &amp#27;[37m<-- GET /wd/hub/session/df9f32c4-0030-433a-a6cf-3dfcf61c4575/element/00000000-0000-008b-7fff-ffff00000058/displayed &amp#27;[39m&amp#27;[32m200&amp#27;[39m &amp#27;[90m21 ms - 14&amp#27;[39m
&amp#27;[35m[HTTP]&amp#27;[39m &amp#27;[90m&amp#27;[39m
&amp#27;[35m[HTTP]&amp#27;[39m &amp#27;[37m-->&amp#27;[39m &amp#27;[37mGET&amp#27;[39m &amp#27;[37m/wd/hub/session/df9f32c4-0030-433a-a6cf-3dfcf61c4575/context&amp#27;[39m
&amp#27;[35m[HTTP]&amp#27;[39m &amp#27;[90m{}&amp#27;[39m
[debug] &amp#27;[35m[W3C (df9f32c4)]&amp#27;[39m Calling AppiumDriver.getCurrentContext() with args: ["df9f32c4-0030-433a-a6cf-3dfcf61c4575"]
[debug] &amp#27;[35m[W3C (df9f32c4)]&amp#27;[39m Responding to client with driver.getCurrentContext() result: "NATIVE_APP"
&amp#27;[35m[HTTP]&amp#27;[39m &amp#27;[37m<-- GET /wd/hub/session/df9f32c4-0030-433a-a6cf-3dfcf61c4575/context &amp#27;[39m&amp#27;[32m200&amp#27;[39m &amp#27;[90m1 ms - 22&amp#27;[39m
&amp#27;[35m[HTTP]&amp#27;[39m &amp#27;[90m&amp#27;[39m
&amp#27;[35m[HTTP]&amp#27;[39m &amp#27;[37m-->&amp#27;[39m &amp#27;[37mPOST&amp#27;[39m &amp#27;[37m/wd/hub/session/df9f32c4-0030-433a-a6cf-3dfcf61c4575/element&amp#27;[39m
&amp#27;[35m[HTTP]&amp#27;[39m &amp#27;[90m{"using":"accessibility id","value":"input-repeat-password"}&amp#27;[39m
[debug] &amp#27;[35m[W3C (df9f32c4)]&amp#27;[39m Calling AppiumDriver.findElement() with args: ["accessibility id","input-repeat-password","df9f32c4-0030-433a-a6cf-3dfcf61c4575"]
[debug] &amp#27;[35m[BaseDriver]&amp#27;[39m Valid locator strategies for this request: xpath, id, class name, accessibility id, css selector, -android uiautomator
[debug] &amp#27;[35m[BaseDriver]&amp#27;[39m Waiting up to 30000 ms for condition
[debug] &amp#27;[35m[WD Proxy]&amp#27;[39m Matched '/element' to command name 'findElement'
[debug] &amp#27;[35m[WD Proxy]&amp#27;[39m Proxying [POST /element] to [POST http://127.0.0.1:8205/wd/hub/session/13aac962-8885-40a8-be47-5799470e7097/element] with body: {"strategy":"accessibility id","selector":"input-repeat-password","context":"","multiple":false}
[debug] &amp#27;[35m[WD Proxy]&amp#27;[39m Got response with status 200: {"sessionId":"13aac962-8885-40a8-be47-5799470e7097","value":{"ELEMENT":"00000000-0000-008b-7fff-ffff00000058","element-6066-11e4-a52e-4f735466cecf":"00000000-0000-008b-7fff-ffff00000058"}}
[debug] &amp#27;[35m[W3C (df9f32c4)]&amp#27;[39m Responding to client with driver.findElement() result: {"element-6066-11e4-a52e-4f735466cecf":"00000000-0000-008b-7fff-ffff00000058","ELEMENT":"00000000-0000-008b-7fff-ffff00000058"}
&amp#27;[35m[HTTP]&amp#27;[39m &amp#27;[37m<-- POST /wd/hub/session/df9f32c4-0030-433a-a6cf-3dfcf61c4575/element &amp#27;[39m&amp#27;[32m200&amp#27;[39m &amp#27;[90m58 ms - 137&amp#27;[39m
&amp#27;[35m[HTTP]&amp#27;[39m &amp#27;[90m&amp#27;[39m
&amp#27;[35m[HTTP]&amp#27;[39m &amp#27;[37m-->&amp#27;[39m &amp#27;[37mPOST&amp#27;[39m &amp#27;[37m/wd/hub/session/df9f32c4-0030-433a-a6cf-3dfcf61c4575/element/00000000-0000-008b-7fff-ffff00000058/clear&amp#27;[39m
&amp#27;[35m[HTTP]&amp#27;[39m &amp#27;[90m{"id":"00000000-0000-008b-7fff-ffff00000058"}&amp#27;[39m
[debug] &amp#27;[35m[W3C (df9f32c4)]&amp#27;[39m Calling AppiumDriver.clear() with args: ["00000000-0000-008b-7fff-ffff00000058","df9f32c4-0030-433a-a6cf-3dfcf61c4575"]
[debug] &amp#27;[35m[WD Proxy]&amp#27;[39m Matched '/element/00000000-0000-008b-7fff-ffff00000058/clear' to command name 'clear'
[debug] &amp#27;[35m[WD Proxy]&amp#27;[39m Proxying [POST /element/00000000-0000-008b-7fff-ffff00000058/clear] to [POST http://127.0.0.1:8205/wd/hub/session/13aac962-8885-40a8-be47-5799470e7097/element/00000000-0000-008b-7fff-ffff00000058/clear] with body: {"elementId":"00000000-0000-008b-7fff-ffff00000058"}
[debug] &amp#27;[35m[WD Proxy]&amp#27;[39m Got response with status 200: {"sessionId":"13aac962-8885-40a8-be47-5799470e7097","value":null}
[debug] &amp#27;[35m[W3C (df9f32c4)]&amp#27;[39m Responding to client with driver.clear() result: null
&amp#27;[35m[HTTP]&amp#27;[39m &amp#27;[37m<-- POST /wd/hub/session/df9f32c4-0030-433a-a6cf-3dfcf61c4575/element/00000000-0000-008b-7fff-ffff00000058/clear &amp#27;[39m&amp#27;[32m200&amp#27;[39m &amp#27;[90m34 ms - 14&amp#27;[39m
&amp#27;[35m[HTTP]&amp#27;[39m &amp#27;[90m&amp#27;[39m
&amp#27;[35m[HTTP]&amp#27;[39m &amp#27;[37m-->&amp#27;[39m &amp#27;[37mGET&amp#27;[39m &amp#27;[37m/wd/hub/session/df9f32c4-0030-433a-a6cf-3dfcf61c4575/context&amp#27;[39m
&amp#27;[35m[HTTP]&amp#27;[39m &amp#27;[90m{}&amp#27;[39m
[debug] &amp#27;[35m[W3C (df9f32c4)]&amp#27;[39m Calling AppiumDriver.getCurrentContext() with args: ["df9f32c4-0030-433a-a6cf-3dfcf61c4575"]
[debug] &amp#27;[35m[W3C (df9f32c4)]&amp#27;[39m Responding to client with driver.getCurrentContext() result: "NATIVE_APP"
&amp#27;[35m[HTTP]&amp#27;[39m &amp#27;[37m<-- GET /wd/hub/session/df9f32c4-0030-433a-a6cf-3dfcf61c4575/context &amp#27;[39m&amp#27;[32m200&amp#27;[39m &amp#27;[90m1 ms - 22&amp#27;[39m
&amp#27;[35m[HTTP]&amp#27;[39m &amp#27;[90m&amp#27;[39m
&amp#27;[35m[HTTP]&amp#27;[39m &amp#27;[37m-->&amp#27;[39m &amp#27;[37mPOST&amp#27;[39m &amp#27;[37m/wd/hub/session/df9f32c4-0030-433a-a6cf-3dfcf61c4575/element&amp#27;[39m
&amp#27;[35m[HTTP]&amp#27;[39m &amp#27;[90m{"using":"accessibility id","value":"input-repeat-password"}&amp#27;[39m
[debug] &amp#27;[35m[W3C (df9f32c4)]&amp#27;[39m Calling AppiumDriver.findElement() with args: ["accessibility id","input-repeat-password","df9f32c4-0030-433a-a6cf-3dfcf61c4575"]
[debug] &amp#27;[35m[BaseDriver]&amp#27;[39m Valid locator strategies for this request: xpath, id, class name, accessibility id, css selector, -android uiautomator
[debug] &amp#27;[35m[BaseDriver]&amp#27;[39m Waiting up to 30000 ms for condition
[debug] &amp#27;[35m[WD Proxy]&amp#27;[39m Matched '/element' to command name 'findElement'
[debug] &amp#27;[35m[WD Proxy]&amp#27;[39m Proxying [POST /element] to [POST http://127.0.0.1:8205/wd/hub/session/13aac962-8885-40a8-be47-5799470e7097/element] with body: {"strategy":"accessibility id","selector":"input-repeat-password","context":"","multiple":false}
[debug] &amp#27;[35m[WD Proxy]&amp#27;[39m Got response with status 200: {"sessionId":"13aac962-8885-40a8-be47-5799470e7097","value":{"ELEMENT":"00000000-0000-008b-7fff-ffff00000058","element-6066-11e4-a52e-4f735466cecf":"00000000-0000-008b-7fff-ffff00000058"}}
[debug] &amp#27;[35m[W3C (df9f32c4)]&amp#27;[39m Responding to client with driver.findElement() result: {"element-6066-11e4-a52e-4f735466cecf":"00000000-0000-008b-7fff-ffff00000058","ELEMENT":"00000000-0000-008b-7fff-ffff00000058"}
&amp#27;[35m[HTTP]&amp#27;[39m &amp#27;[37m<-- POST /wd/hub/session/df9f32c4-0030-433a-a6cf-3dfcf61c4575/element &amp#27;[39m&amp#27;[32m200&amp#27;[39m &amp#27;[90m522 ms - 137&amp#27;[39m
&amp#27;[35m[HTTP]&amp#27;[39m &amp#27;[90m&amp#27;[39m
&amp#27;[35m[HTTP]&amp#27;[39m &amp#27;[37m-->&amp#27;[39m &amp#27;[37mGET&amp#27;[39m &amp#27;[37m/wd/hub/session/df9f32c4-0030-433a-a6cf-3dfcf61c4575/element/00000000-0000-008b-7fff-ffff00000058/displayed&amp#27;[39m
&amp#27;[35m[HTTP]&amp#27;[39m &amp#27;[90m{}&amp#27;[39m
[debug] &amp#27;[35m[W3C (df9f32c4)]&amp#27;[39m Calling AppiumDriver.elementDisplayed() with args: ["00000000-0000-008b-7fff-ffff00000058","df9f32c4-0030-433a-a6cf-3dfcf61c4575"]
[debug] &amp#27;[35m[WD Proxy]&amp#27;[39m Matched '/element/00000000-0000-008b-7fff-ffff00000058/attribute/displayed' to command name 'getAttribute'
[debug] &amp#27;[35m[WD Proxy]&amp#27;[39m Proxying [GET /element/00000000-0000-008b-7fff-ffff00000058/attribute/displayed] to [GET http://127.0.0.1:8205/wd/hub/session/13aac962-8885-40a8-be47-5799470e7097/element/00000000-0000-008b-7fff-ffff00000058/attribute/displayed] with no body
[debug] &amp#27;[35m[WD Proxy]&amp#27;[39m Got response with status 200: {"sessionId":"13aac962-8885-40a8-be47-5799470e7097","value":"true"}
[debug] &amp#27;[35m[W3C (df9f32c4)]&amp#27;[39m Responding to client with driver.elementDisplayed() result: true
&amp#27;[35m[HTTP]&amp#27;[39m &amp#27;[37m<-- GET /wd/hub/session/df9f32c4-0030-433a-a6cf-3dfcf61c4575/element/00000000-0000-008b-7fff-ffff00000058/displayed &amp#27;[39m&amp#27;[32m200&amp#27;[39m &amp#27;[90m20 ms - 14&amp#27;[39m
&amp#27;[35m[HTTP]&amp#27;[39m &amp#27;[90m&amp#27;[39m
&amp#27;[35m[HTTP]&amp#27;[39m &amp#27;[37m-->&amp#27;[39m &amp#27;[37mGET&amp#27;[39m &amp#27;[37m/wd/hub/session/df9f32c4-0030-433a-a6cf-3dfcf61c4575/context&amp#27;[39m
&amp#27;[35m[HTTP]&amp#27;[39m &amp#27;[90m{}&amp#27;[39m
[debug] &amp#27;[35m[W3C (df9f32c4)]&amp#27;[39m Calling AppiumDriver.getCurrentContext() with args: ["df9f32c4-0030-433a-a6cf-3dfcf61c4575"]
[debug] &amp#27;[35m[W3C (df9f32c4)]&amp#27;[39m Responding to client with driver.getCurrentContext() result: "NATIVE_APP"
&amp#27;[35m[HTTP]&amp#27;[39m &amp#27;[37m<-- GET /wd/hub/session/df9f32c4-0030-433a-a6cf-3dfcf61c4575/context &amp#27;[39m&amp#27;[32m200&amp#27;[39m &amp#27;[90m1 ms - 22&amp#27;[39m
&amp#27;[35m[HTTP]&amp#27;[39m &amp#27;[90m&amp#27;[39m
&amp#27;[35m[HTTP]&amp#27;[39m &amp#27;[37m-->&amp#27;[39m &amp#27;[37mPOST&amp#27;[39m &amp#27;[37m/wd/hub/session/df9f32c4-0030-433a-a6cf-3dfcf61c4575/element&amp#27;[39m
&amp#27;[35m[HTTP]&amp#27;[39m &amp#27;[90m{"using":"accessibility id","value":"input-repeat-password"}&amp#27;[39m
[debug] &amp#27;[35m[W3C (df9f32c4)]&amp#27;[39m Calling AppiumDriver.findElement() with args: ["accessibility id","input-repeat-password","df9f32c4-0030-433a-a6cf-3dfcf61c4575"]
[debug] &amp#27;[35m[BaseDriver]&amp#27;[39m Valid locator strategies for this request: xpath, id, class name, accessibility id, css selector, -android uiautomator
[debug] &amp#27;[35m[BaseDriver]&amp#27;[39m Waiting up to 30000 ms for condition
[debug] &amp#27;[35m[WD Proxy]&amp#27;[39m Matched '/element' to command name 'findElement'
[debug] &amp#27;[35m[WD Proxy]&amp#27;[39m Proxying [POST /element] to [POST http://127.0.0.1:8205/wd/hub/session/13aac962-8885-40a8-be47-5799470e7097/element] with body: {"strategy":"accessibility id","selector":"input-repeat-password","context":"","multiple":false}
[debug] &amp#27;[35m[WD Proxy]&amp#27;[39m Got response with status 200: {"sessionId":"13aac962-8885-40a8-be47-5799470e7097","value":{"ELEMENT":"00000000-0000-008b-7fff-ffff00000058","element-6066-11e4-a52e-4f735466cecf":"00000000-0000-008b-7fff-ffff00000058"}}
[debug] &amp#27;[35m[W3C (df9f32c4)]&amp#27;[39m Responding to client with driver.findElement() result: {"element-6066-11e4-a52e-4f735466cecf":"00000000-0000-008b-7fff-ffff00000058","ELEMENT":"00000000-0000-008b-7fff-ffff00000058"}
&amp#27;[35m[HTTP]&amp#27;[39m &amp#27;[37m<-- POST /wd/hub/session/df9f32c4-0030-433a-a6cf-3dfcf61c4575/element &amp#27;[39m&amp#27;[32m200&amp#27;[39m &amp#27;[90m47 ms - 137&amp#27;[39m
&amp#27;[35m[HTTP]&amp#27;[39m &amp#27;[90m&amp#27;[39m
&amp#27;[35m[HTTP]&amp#27;[39m &amp#27;[37m-->&amp#27;[39m &amp#27;[37mPOST&amp#27;[39m &amp#27;[37m/wd/hub/session/df9f32c4-0030-433a-a6cf-3dfcf61c4575/element/00000000-0000-008b-7fff-ffff00000058/value&amp#27;[39m
&amp#27;[35m[HTTP]&amp#27;[39m &amp#27;[90m{"id":"00000000-0000-008b-7fff-ffff00000058","text":"12345678","value":["1","2","3","4","5","6","7","8"]}&amp#27;[39m
[debug] &amp#27;[35m[W3C (df9f32c4)]&amp#27;[39m Calling AppiumDriver.setValue() with args: [["1","2","3","4","5","6","7","8"],"00000000-0000-008b-7fff-ffff00000058","df9f32c4-0030-433a-a6cf-3dfcf61c4575"]
[debug] &amp#27;[35m[WD Proxy]&amp#27;[39m Matched '/element/00000000-0000-008b-7fff-ffff00000058/value' to command name 'setValue'
[debug] &amp#27;[35m[Protocol Converter]&amp#27;[39m Added 'value' property ["1","2","3","4","5","6","7","8"] to 'setValue' request body
[debug] &amp#27;[35m[WD Proxy]&amp#27;[39m Proxying [POST /element/00000000-0000-008b-7fff-ffff00000058/value] to [POST http://127.0.0.1:8205/wd/hub/session/13aac962-8885-40a8-be47-5799470e7097/element/00000000-0000-008b-7fff-ffff00000058/value] with body: {"elementId":"00000000-0000-008b-7fff-ffff00000058","text":"12345678","replace":false,"value":["1","2","3","4","5","6","7","8"]}
[debug] &amp#27;[35m[WD Proxy]&amp#27;[39m Got response with status 200: {"sessionId":"13aac962-8885-40a8-be47-5799470e7097","value":null}
[debug] &amp#27;[35m[W3C (df9f32c4)]&amp#27;[39m Responding to client with driver.setValue() result: null
&amp#27;[35m[HTTP]&amp#27;[39m &amp#27;[37m<-- POST /wd/hub/session/df9f32c4-0030-433a-a6cf-3dfcf61c4575/element/00000000-0000-008b-7fff-ffff00000058/value &amp#27;[39m&amp#27;[32m200&amp#27;[39m &amp#27;[90m573 ms - 14&amp#27;[39m
&amp#27;[35m[HTTP]&amp#27;[39m &amp#27;[90m&amp#27;[39m
&amp#27;[35m[HTTP]&amp#27;[39m &amp#27;[37m-->&amp#27;[39m &amp#27;[37mGET&amp#27;[39m &amp#27;[37m/wd/hub/session/df9f32c4-0030-433a-a6cf-3dfcf61c4575/context&amp#27;[39m
&amp#27;[35m[HTTP]&amp#27;[39m &amp#27;[90m{}&amp#27;[39m
[debug] &amp#27;[35m[W3C (df9f32c4)]&amp#27;[39m Calling AppiumDriver.getCurrentContext() with args: ["df9f32c4-0030-433a-a6cf-3dfcf61c4575"]
[debug] &amp#27;[35m[W3C (df9f32c4)]&amp#27;[39m Responding to client with driver.getCurrentContext() result: "NATIVE_APP"
&amp#27;[35m[HTTP]&amp#27;[39m &amp#27;[37m<-- GET /wd/hub/session/df9f32c4-0030-433a-a6cf-3dfcf61c4575/context &amp#27;[39m&amp#27;[32m200&amp#27;[39m &amp#27;[90m1 ms - 22&amp#27;[39m
&amp#27;[35m[HTTP]&amp#27;[39m &amp#27;[90m&amp#27;[39m
&amp#27;[35m[HTTP]&amp#27;[39m &amp#27;[37m-->&amp#27;[39m &amp#27;[37mPOST&amp#27;[39m &amp#27;[37m/wd/hub/session/df9f32c4-0030-433a-a6cf-3dfcf61c4575/element&amp#27;[39m
&amp#27;[35m[HTTP]&amp#27;[39m &amp#27;[90m{"using":"accessibility id","value":"button-SIGN UP"}&amp#27;[39m
[debug] &amp#27;[35m[W3C (df9f32c4)]&amp#27;[39m Calling AppiumDriver.findElement() with args: ["accessibility id","button-SIGN UP","df9f32c4-0030-433a-a6cf-3dfcf61c4575"]
[debug] &amp#27;[35m[BaseDriver]&amp#27;[39m Valid locator strategies for this request: xpath, id, class name, accessibility id, css selector, -android uiautomator
[debug] &amp#27;[35m[BaseDriver]&amp#27;[39m Waiting up to 30000 ms for condition
[debug] &amp#27;[35m[WD Proxy]&amp#27;[39m Matched '/element' to command name 'findElement'
[debug] &amp#27;[35m[WD Proxy]&amp#27;[39m Proxying [POST /element] to [POST http://127.0.0.1:8205/wd/hub/session/13aac962-8885-40a8-be47-5799470e7097/element] with body: {"strategy":"accessibility id","selector":"button-SIGN UP","context":"","multiple":false}
[debug] &amp#27;[35m[WD Proxy]&amp#27;[39m Got response with status 200: {"sessionId":"13aac962-8885-40a8-be47-5799470e7097","value":{"ELEMENT":"00000000-0000-008b-7fff-ffff00000053","element-6066-11e4-a52e-4f735466cecf":"00000000-0000-008b-7fff-ffff00000053"}}
[debug] &amp#27;[35m[W3C (df9f32c4)]&amp#27;[39m Responding to client with driver.findElement() result: {"element-6066-11e4-a52e-4f735466cecf":"00000000-0000-008b-7fff-ffff00000053","ELEMENT":"00000000-0000-008b-7fff-ffff00000053"}
&amp#27;[35m[HTTP]&amp#27;[39m &amp#27;[37m<-- POST /wd/hub/session/df9f32c4-0030-433a-a6cf-3dfcf61c4575/element &amp#27;[39m&amp#27;[32m200&amp#27;[39m &amp#27;[90m727 ms - 137&amp#27;[39m
&amp#27;[35m[HTTP]&amp#27;[39m &amp#27;[90m&amp#27;[39m
&amp#27;[35m[HTTP]&amp#27;[39m &amp#27;[37m-->&amp#27;[39m &amp#27;[37mGET&amp#27;[39m &amp#27;[37m/wd/hub/session/df9f32c4-0030-433a-a6cf-3dfcf61c4575/element/00000000-0000-008b-7fff-ffff00000053/displayed&amp#27;[39m
&amp#27;[35m[HTTP]&amp#27;[39m &amp#27;[90m{}&amp#27;[39m
[debug] &amp#27;[35m[W3C (df9f32c4)]&amp#27;[39m Calling AppiumDriver.elementDisplayed() with args: ["00000000-0000-008b-7fff-ffff00000053","df9f32c4-0030-433a-a6cf-3dfcf61c4575"]
[debug] &amp#27;[35m[WD Proxy]&amp#27;[39m Matched '/element/00000000-0000-008b-7fff-ffff00000053/attribute/displayed' to command name 'getAttribute'
[debug] &amp#27;[35m[WD Proxy]&amp#27;[39m Proxying [GET /element/00000000-0000-008b-7fff-ffff00000053/attribute/displayed] to [GET http://127.0.0.1:8205/wd/hub/session/13aac962-8885-40a8-be47-5799470e7097/element/00000000-0000-008b-7fff-ffff00000053/attribute/displayed] with no body
[debug] &amp#27;[35m[WD Proxy]&amp#27;[39m Got response with status 200: {"sessionId":"13aac962-8885-40a8-be47-5799470e7097","value":"true"}
[debug] &amp#27;[35m[W3C (df9f32c4)]&amp#27;[39m Responding to client with driver.elementDisplayed() result: true
&amp#27;[35m[HTTP]&amp#27;[39m &amp#27;[37m<-- GET /wd/hub/session/df9f32c4-0030-433a-a6cf-3dfcf61c4575/element/00000000-0000-008b-7fff-ffff00000053/displayed &amp#27;[39m&amp#27;[32m200&amp#27;[39m &amp#27;[90m19 ms - 14&amp#27;[39m
&amp#27;[35m[HTTP]&amp#27;[39m &amp#27;[90m&amp#27;[39m
&amp#27;[35m[HTTP]&amp#27;[39m &amp#27;[37m-->&amp#27;[39m &amp#27;[37mGET&amp#27;[39m &amp#27;[37m/wd/hub/session/df9f32c4-0030-433a-a6cf-3dfcf61c4575/context&amp#27;[39m
&amp#27;[35m[HTTP]&amp#27;[39m &amp#27;[90m{}&amp#27;[39m
[debug] &amp#27;[35m[W3C (df9f32c4)]&amp#27;[39m Calling AppiumDriver.getCurrentContext() with args: ["df9f32c4-0030-433a-a6cf-3dfcf61c4575"]
[debug] &amp#27;[35m[W3C (df9f32c4)]&amp#27;[39m Responding to client with driver.getCurrentContext() result: "NATIVE_APP"
&amp#27;[35m[HTTP]&amp#27;[39m &amp#27;[37m<-- GET /wd/hub/session/df9f32c4-0030-433a-a6cf-3dfcf61c4575/context &amp#27;[39m&amp#27;[32m200&amp#27;[39m &amp#27;[90m1 ms - 22&amp#27;[39m
&amp#27;[35m[HTTP]&amp#27;[39m &amp#27;[90m&amp#27;[39m
&amp#27;[35m[HTTP]&amp#27;[39m &amp#27;[37m-->&amp#27;[39m &amp#27;[37mPOST&amp#27;[39m &amp#27;[37m/wd/hub/session/df9f32c4-0030-433a-a6cf-3dfcf61c4575/element&amp#27;[39m
&amp#27;[35m[HTTP]&amp#27;[39m &amp#27;[90m{"using":"accessibility id","value":"button-SIGN UP"}&amp#27;[39m
[debug] &amp#27;[35m[W3C (df9f32c4)]&amp#27;[39m Calling AppiumDriver.findElement() with args: ["accessibility id","button-SIGN UP","df9f32c4-0030-433a-a6cf-3dfcf61c4575"]
[debug] &amp#27;[35m[BaseDriver]&amp#27;[39m Valid locator strategies for this request: xpath, id, class name, accessibility id, css selector, -android uiautomator
[debug] &amp#27;[35m[BaseDriver]&amp#27;[39m Waiting up to 30000 ms for condition
[debug] &amp#27;[35m[WD Proxy]&amp#27;[39m Matched '/element' to command name 'findElement'
[debug] &amp#27;[35m[WD Proxy]&amp#27;[39m Proxying [POST /element] to [POST http://127.0.0.1:8205/wd/hub/session/13aac962-8885-40a8-be47-5799470e7097/element] with body: {"strategy":"accessibility id","selector":"button-SIGN UP","context":"","multiple":false}
[debug] &amp#27;[35m[WD Proxy]&amp#27;[39m Got response with status 200: {"sessionId":"13aac962-8885-40a8-be47-5799470e7097","value":{"ELEMENT":"00000000-0000-008b-7fff-ffff00000053","element-6066-11e4-a52e-4f735466cecf":"00000000-0000-008b-7fff-ffff00000053"}}
[debug] &amp#27;[35m[W3C (df9f32c4)]&amp#27;[39m Responding to client with driver.findElement() result: {"element-6066-11e4-a52e-4f735466cecf":"00000000-0000-008b-7fff-ffff00000053","ELEMENT":"00000000-0000-008b-7fff-ffff00000053"}
&amp#27;[35m[HTTP]&amp#27;[39m &amp#27;[37m<-- POST /wd/hub/session/df9f32c4-0030-433a-a6cf-3dfcf61c4575/element &amp#27;[39m&amp#27;[32m200&amp#27;[39m &amp#27;[90m49 ms - 137&amp#27;[39m
&amp#27;[35m[HTTP]&amp#27;[39m &amp#27;[90m&amp#27;[39m
&amp#27;[35m[HTTP]&amp#27;[39m &amp#27;[37m-->&amp#27;[39m &amp#27;[37mPOST&amp#27;[39m &amp#27;[37m/wd/hub/session/df9f32c4-0030-433a-a6cf-3dfcf61c4575/element/00000000-0000-008b-7fff-ffff00000053/click&amp#27;[39m
&amp#27;[35m[HTTP]&amp#27;[39m &amp#27;[90m{"id":"00000000-0000-008b-7fff-ffff00000053"}&amp#27;[39m
[debug] &amp#27;[35m[W3C (df9f32c4)]&amp#27;[39m Calling AppiumDriver.click() with args: ["00000000-0000-008b-7fff-ffff00000053","df9f32c4-0030-433a-a6cf-3dfcf61c4575"]
[debug] &amp#27;[35m[WD Proxy]&amp#27;[39m Matched '/element/00000000-0000-008b-7fff-ffff00000053/click' to command name 'click'
[debug] &amp#27;[35m[WD Proxy]&amp#27;[39m Proxying [POST /element/00000000-0000-008b-7fff-ffff00000053/click] to [POST http://127.0.0.1:8205/wd/hub/session/13aac962-8885-40a8-be47-5799470e7097/element/00000000-0000-008b-7fff-ffff00000053/click] with body: {"element":"00000000-0000-008b-7fff-ffff00000053"}
[debug] &amp#27;[35m[WD Proxy]&amp#27;[39m Got response with status 200: {"sessionId":"13aac962-8885-40a8-be47-5799470e7097","value":null}
[debug] &amp#27;[35m[W3C (df9f32c4)]&amp#27;[39m Responding to client with driver.click() result: null
&amp#27;[35m[HTTP]&amp#27;[39m &amp#27;[37m<-- POST /wd/hub/session/df9f32c4-0030-433a-a6cf-3dfcf61c4575/element/00000000-0000-008b-7fff-ffff00000053/click &amp#27;[39m&amp#27;[32m200&amp#27;[39m &amp#27;[90m41 ms - 14&amp#27;[39m
&amp#27;[35m[HTTP]&amp#27;[39m &amp#27;[90m&amp#27;[39m
&amp#27;[35m[HTTP]&amp#27;[39m &amp#27;[37m-->&amp#27;[39m &amp#27;[37mGET&amp#27;[39m &amp#27;[37m/wd/hub/session/df9f32c4-0030-433a-a6cf-3dfcf61c4575/context&amp#27;[39m
&amp#27;[35m[HTTP]&amp#27;[39m &amp#27;[90m{}&amp#27;[39m
[debug] &amp#27;[35m[W3C (df9f32c4)]&amp#27;[39m Calling AppiumDriver.getCurrentContext() with args: ["df9f32c4-0030-433a-a6cf-3dfcf61c4575"]
[debug] &amp#27;[35m[W3C (df9f32c4)]&amp#27;[39m Responding to client with driver.getCurrentContext() result: "NATIVE_APP"
&amp#27;[35m[HTTP]&amp#27;[39m &amp#27;[37m<-- GET /wd/hub/session/df9f32c4-0030-433a-a6cf-3dfcf61c4575/context &amp#27;[39m&amp#27;[32m200&amp#27;[39m &amp#27;[90m1 ms - 22&amp#27;[39m
&amp#27;[35m[HTTP]&amp#27;[39m &amp#27;[90m&amp#27;[39m
&amp#27;[35m[HTTP]&amp#27;[39m &amp#27;[37m-->&amp#27;[39m &amp#27;[37mPOST&amp#27;[39m &amp#27;[37m/wd/hub/session/df9f32c4-0030-433a-a6cf-3dfcf61c4575/element&amp#27;[39m
&amp#27;[35m[HTTP]&amp#27;[39m &amp#27;[90m{"using":"id","value":"android:id/title_template"}&amp#27;[39m
[debug] &amp#27;[35m[W3C (df9f32c4)]&amp#27;[39m Calling AppiumDriver.findElement() with args: ["id","android:id/title_template","df9f32c4-0030-433a-a6cf-3dfcf61c4575"]
[debug] &amp#27;[35m[BaseDriver]&amp#27;[39m Valid locator strategies for this request: xpath, id, class name, accessibility id, css selector, -android uiautomator
[debug] &amp#27;[35m[BaseDriver]&amp#27;[39m Waiting up to 30000 ms for condition
[debug] &amp#27;[35m[WD Proxy]&amp#27;[39m Matched '/element' to command name 'findElement'
[debug] &amp#27;[35m[WD Proxy]&amp#27;[39m Proxying [POST /element] to [POST http://127.0.0.1:8205/wd/hub/session/13aac962-8885-40a8-be47-5799470e7097/element] with body: {"strategy":"id","selector":"android:id/title_template","context":"","multiple":false}
&amp#27;[35m[WD Proxy]&amp#27;[39m Got response with status 404: {"sessionId":"13aac962-8885-40a8-be47-5799470e7097","value":{"error":"no such element","message":"An element could not be located on the page using the given search parameters","stacktrace":"io.appium.uiautomator2.common.exceptions.ElementNotFoundException: An element could not be located on the page using the given search parameters\n\tat io.appium.uiautomator2.handler.FindElement.safeHandle(FindElement.java:70)\n\tat io.appium.uiautomator2.handler.request.SafeRequestHandler.handle(SafeRequestHandler.java:59)\n\tat io.appium.uiautomator2.server.AppiumServlet.handleRequest(AppiumServlet.java:264)\n\tat io.appium.uiautomator2.server.AppiumServlet.handleHttpRequest(AppiumServlet.java:258)\n\tat io.appium.uiautomator2.http.ServerHandler.channelRead(ServerHandler.java:68)\n\tat io.netty.channel.AbstractChannelHandlerContext.invokeChannelRead(AbstractChannelHandlerContext.java:366)\n\tat io.netty.channel.AbstractChannelHandlerContext.invokeChannelRead(AbstractChannelHandlerContext.java:352)\n\tat io.netty.chann...
[debug] &amp#27;[35m[W3C]&amp#27;[39m Matched W3C error code 'no such element' to NoSuchElementError
[debug] &amp#27;[35m[BaseDriver]&amp#27;[39m Waited for 114 ms so far
[debug] &amp#27;[35m[WD Proxy]&amp#27;[39m Matched '/element' to command name 'findElement'
[debug] &amp#27;[35m[WD Proxy]&amp#27;[39m Proxying [POST /element] to [POST http://127.0.0.1:8205/wd/hub/session/13aac962-8885-40a8-be47-5799470e7097/element] with body: {"strategy":"id","selector":"android:id/title_template","context":"","multiple":false}
&amp#27;[35m[WD Proxy]&amp#27;[39m Got response with status 404: {"sessionId":"13aac962-8885-40a8-be47-5799470e7097","value":{"error":"no such element","message":"An element could not be located on the page using the given search parameters","stacktrace":"io.appium.uiautomator2.common.exceptions.ElementNotFoundException: An element could not be located on the page using the given search parameters\n\tat io.appium.uiautomator2.handler.FindElement.safeHandle(FindElement.java:70)\n\tat io.appium.uiautomator2.handler.request.SafeRequestHandler.handle(SafeRequestHandler.java:59)\n\tat io.appium.uiautomator2.server.AppiumServlet.handleRequest(AppiumServlet.java:264)\n\tat io.appium.uiautomator2.server.AppiumServlet.handleHttpRequest(AppiumServlet.java:258)\n\tat io.appium.uiautomator2.http.ServerHandler.channelRead(ServerHandler.java:68)\n\tat io.netty.channel.AbstractChannelHandlerContext.invokeChannelRead(AbstractChannelHandlerContext.java:366)\n\tat io.netty.channel.AbstractChannelHandlerContext.invokeChannelRead(AbstractChannelHandlerContext.java:352)\n\tat io.netty.chann...
[debug] &amp#27;[35m[W3C]&amp#27;[39m Matched W3C error code 'no such element' to NoSuchElementError
[debug] &amp#27;[35m[BaseDriver]&amp#27;[39m Waited for 1454 ms so far
[debug] &amp#27;[35m[WD Proxy]&amp#27;[39m Matched '/element' to command name 'findElement'
[debug] &amp#27;[35m[WD Proxy]&amp#27;[39m Proxying [POST /element] to [POST http://127.0.0.1:8205/wd/hub/session/13aac962-8885-40a8-be47-5799470e7097/element] with body: {"strategy":"id","selector":"android:id/title_template","context":"","multiple":false}
[debug] &amp#27;[35m[WD Proxy]&amp#27;[39m Got response with status 200: {"sessionId":"13aac962-8885-40a8-be47-5799470e7097","value":{"ELEMENT":"00000000-0000-008c-7fff-ffff0000006e","element-6066-11e4-a52e-4f735466cecf":"00000000-0000-008c-7fff-ffff0000006e"}}
[debug] &amp#27;[35m[W3C (df9f32c4)]&amp#27;[39m Responding to client with driver.findElement() result: {"element-6066-11e4-a52e-4f735466cecf":"00000000-0000-008c-7fff-ffff0000006e","ELEMENT":"00000000-0000-008c-7fff-ffff0000006e"}
&amp#27;[35m[HTTP]&amp#27;[39m &amp#27;[37m<-- POST /wd/hub/session/df9f32c4-0030-433a-a6cf-3dfcf61c4575/element &amp#27;[39m&amp#27;[32m200&amp#27;[39m &amp#27;[90m2506 ms - 137&amp#27;[39m
&amp#27;[35m[HTTP]&amp#27;[39m &amp#27;[90m&amp#27;[39m
&amp#27;[35m[HTTP]&amp#27;[39m &amp#27;[37m-->&amp#27;[39m &amp#27;[37mGET&amp#27;[39m &amp#27;[37m/wd/hub/session/df9f32c4-0030-433a-a6cf-3dfcf61c4575/element/00000000-0000-008c-7fff-ffff0000006e/displayed&amp#27;[39m
&amp#27;[35m[HTTP]&amp#27;[39m &amp#27;[90m{}&amp#27;[39m
[debug] &amp#27;[35m[W3C (df9f32c4)]&amp#27;[39m Calling AppiumDriver.elementDisplayed() with args: ["00000000-0000-008c-7fff-ffff0000006e","df9f32c4-0030-433a-a6cf-3dfcf61c4575"]
[debug] &amp#27;[35m[WD Proxy]&amp#27;[39m Matched '/element/00000000-0000-008c-7fff-ffff0000006e/attribute/displayed' to command name 'getAttribute'
[debug] &amp#27;[35m[WD Proxy]&amp#27;[39m Proxying [GET /element/00000000-0000-008c-7fff-ffff0000006e/attribute/displayed] to [GET http://127.0.0.1:8205/wd/hub/session/13aac962-8885-40a8-be47-5799470e7097/element/00000000-0000-008c-7fff-ffff0000006e/attribute/displayed] with no body
[debug] &amp#27;[35m[WD Proxy]&amp#27;[39m Got response with status 200: {"sessionId":"13aac962-8885-40a8-be47-5799470e7097","value":"true"}
[debug] &amp#27;[35m[W3C (df9f32c4)]&amp#27;[39m Responding to client with driver.elementDisplayed() result: true
&amp#27;[35m[HTTP]&amp#27;[39m &amp#27;[37m<-- GET /wd/hub/session/df9f32c4-0030-433a-a6cf-3dfcf61c4575/element/00000000-0000-008c-7fff-ffff0000006e/displayed &amp#27;[39m&amp#27;[32m200&amp#27;[39m &amp#27;[90m20 ms - 14&amp#27;[39m
&amp#27;[35m[HTTP]&amp#27;[39m &amp#27;[90m&amp#27;[39m
&amp#27;[35m[HTTP]&amp#27;[39m &amp#27;[37m-->&amp#27;[39m &amp#27;[37mGET&amp#27;[39m &amp#27;[37m/wd/hub/session/df9f32c4-0030-433a-a6cf-3dfcf61c4575/context&amp#27;[39m
&amp#27;[35m[HTTP]&amp#27;[39m &amp#27;[90m{}&amp#27;[39m
[debug] &amp#27;[35m[W3C (df9f32c4)]&amp#27;[39m Calling AppiumDriver.getCurrentContext() with args: ["df9f32c4-0030-433a-a6cf-3dfcf61c4575"]
[debug] &amp#27;[35m[W3C (df9f32c4)]&amp#27;[39m Responding to client with driver.getCurrentContext() result: "NATIVE_APP"
&amp#27;[35m[HTTP]&amp#27;[39m &amp#27;[37m<-- GET /wd/hub/session/df9f32c4-0030-433a-a6cf-3dfcf61c4575/context &amp#27;[39m&amp#27;[32m200&amp#27;[39m &amp#27;[90m1 ms - 22&amp#27;[39m
&amp#27;[35m[HTTP]&amp#27;[39m &amp#27;[90m&amp#27;[39m
&amp#27;[35m[HTTP]&amp#27;[39m &amp#27;[37m-->&amp#27;[39m &amp#27;[37mPOST&amp#27;[39m &amp#27;[37m/wd/hub/session/df9f32c4-0030-433a-a6cf-3dfcf61c4575/element&amp#27;[39m
&amp#27;[35m[HTTP]&amp#27;[39m &amp#27;[90m{"using":"id","value":"android:id/title_template"}&amp#27;[39m
[debug] &amp#27;[35m[W3C (df9f32c4)]&amp#27;[39m Calling AppiumDriver.findElement() with args: ["id","android:id/title_template","df9f32c4-0030-433a-a6cf-3dfcf61c4575"]
[debug] &amp#27;[35m[BaseDriver]&amp#27;[39m Valid locator strategies for this request: xpath, id, class name, accessibility id, css selector, -android uiautomator
[debug] &amp#27;[35m[BaseDriver]&amp#27;[39m Waiting up to 30000 ms for condition
[debug] &amp#27;[35m[WD Proxy]&amp#27;[39m Matched '/element' to command name 'findElement'
[debug] &amp#27;[35m[WD Proxy]&amp#27;[39m Proxying [POST /element] to [POST http://127.0.0.1:8205/wd/hub/session/13aac962-8885-40a8-be47-5799470e7097/element] with body: {"strategy":"id","selector":"android:id/title_template","context":"","multiple":false}
[debug] &amp#27;[35m[WD Proxy]&amp#27;[39m Got response with status 200: {"sessionId":"13aac962-8885-40a8-be47-5799470e7097","value":{"ELEMENT":"00000000-0000-008c-7fff-ffff0000006e","element-6066-11e4-a52e-4f735466cecf":"00000000-0000-008c-7fff-ffff0000006e"}}
[debug] &amp#27;[35m[W3C (df9f32c4)]&amp#27;[39m Responding to client with driver.findElement() result: {"element-6066-11e4-a52e-4f735466cecf":"00000000-0000-008c-7fff-ffff0000006e","ELEMENT":"00000000-0000-008c-7fff-ffff0000006e"}
&amp#27;[35m[HTTP]&amp#27;[39m &amp#27;[37m<-- POST /wd/hub/session/df9f32c4-0030-433a-a6cf-3dfcf61c4575/element &amp#27;[39m&amp#27;[32m200&amp#27;[39m &amp#27;[90m29 ms - 137&amp#27;[39m
&amp#27;[35m[HTTP]&amp#27;[39m &amp#27;[90m&amp#27;[39m
&amp#27;[35m[HTTP]&amp#27;[39m &amp#27;[37m-->&amp#27;[39m &amp#27;[37mGET&amp#27;[39m &amp#27;[37m/wd/hub/session/df9f32c4-0030-433a-a6cf-3dfcf61c4575/element/00000000-0000-008c-7fff-ffff0000006e/displayed&amp#27;[39m
&amp#27;[35m[HTTP]&amp#27;[39m &amp#27;[90m{}&amp#27;[39m
[debug] &amp#27;[35m[W3C (df9f32c4)]&amp#27;[39m Calling AppiumDriver.elementDisplayed() with args: ["00000000-0000-008c-7fff-ffff0000006e","df9f32c4-0030-433a-a6cf-3dfcf61c4575"]
[debug] &amp#27;[35m[WD Proxy]&amp#27;[39m Matched '/element/00000000-0000-008c-7fff-ffff0000006e/attribute/displayed' to command name 'getAttribute'
[debug] &amp#27;[35m[WD Proxy]&amp#27;[39m Proxying [GET /element/00000000-0000-008c-7fff-ffff0000006e/attribute/displayed] to [GET http://127.0.0.1:8205/wd/hub/session/13aac962-8885-40a8-be47-5799470e7097/element/00000000-0000-008c-7fff-ffff0000006e/attribute/displayed] with no body
[debug] &amp#27;[35m[WD Proxy]&amp#27;[39m Got response with status 200: {"sessionId":"13aac962-8885-40a8-be47-5799470e7097","value":"true"}
[debug] &amp#27;[35m[W3C (df9f32c4)]&amp#27;[39m Responding to client with driver.elementDisplayed() result: true
&amp#27;[35m[HTTP]&amp#27;[39m &amp#27;[37m<-- GET /wd/hub/session/df9f32c4-0030-433a-a6cf-3dfcf61c4575/element/00000000-0000-008c-7fff-ffff0000006e/displayed &amp#27;[39m&amp#27;[32m200&amp#27;[39m &amp#27;[90m19 ms - 14&amp#27;[39m
&amp#27;[35m[HTTP]&amp#27;[39m &amp#27;[90m&amp#27;[39m
&amp#27;[35m[HTTP]&amp#27;[39m &amp#27;[37m-->&amp#27;[39m &amp#27;[37mGET&amp#27;[39m &amp#27;[37m/wd/hub/session/df9f32c4-0030-433a-a6cf-3dfcf61c4575/context&amp#27;[39m
&amp#27;[35m[HTTP]&amp#27;[39m &amp#27;[90m{}&amp#27;[39m
[debug] &amp#27;[35m[W3C (df9f32c4)]&amp#27;[39m Calling AppiumDriver.getCurrentContext() with args: ["df9f32c4-0030-433a-a6cf-3dfcf61c4575"]
[debug] &amp#27;[35m[W3C (df9f32c4)]&amp#27;[39m Responding to client with driver.getCurrentContext() result: "NATIVE_APP"
&amp#27;[35m[HTTP]&amp#27;[39m &amp#27;[37m<-- GET /wd/hub/session/df9f32c4-0030-433a-a6cf-3dfcf61c4575/context &amp#27;[39m&amp#27;[32m200&amp#27;[39m &amp#27;[90m1 ms - 22&amp#27;[39m
&amp#27;[35m[HTTP]&amp#27;[39m &amp#27;[90m&amp#27;[39m
&amp#27;[35m[HTTP]&amp#27;[39m &amp#27;[37m-->&amp#27;[39m &amp#27;[37mPOST&amp#27;[39m &amp#27;[37m/wd/hub/session/df9f32c4-0030-433a-a6cf-3dfcf61c4575/element&amp#27;[39m
&amp#27;[35m[HTTP]&amp#27;[39m &amp#27;[90m{"using":"id","value":"android:id/alertTitle"}&amp#27;[39m
[debug] &amp#27;[35m[W3C (df9f32c4)]&amp#27;[39m Calling AppiumDriver.findElement() with args: ["id","android:id/alertTitle","df9f32c4-0030-433a-a6cf-3dfcf61c4575"]
[debug] &amp#27;[35m[BaseDriver]&amp#27;[39m Valid locator strategies for this request: xpath, id, class name, accessibility id, css selector, -android uiautomator
[debug] &amp#27;[35m[BaseDriver]&amp#27;[39m Waiting up to 30000 ms for condition
[debug] &amp#27;[35m[WD Proxy]&amp#27;[39m Matched '/element' to command name 'findElement'
[debug] &amp#27;[35m[WD Proxy]&amp#27;[39m Proxying [POST /element] to [POST http://127.0.0.1:8205/wd/hub/session/13aac962-8885-40a8-be47-5799470e7097/element] with body: {"strategy":"id","selector":"android:id/alertTitle","context":"","multiple":false}
[debug] &amp#27;[35m[WD Proxy]&amp#27;[39m Got response with status 200: {"sessionId":"13aac962-8885-40a8-be47-5799470e7097","value":{"ELEMENT":"00000000-0000-008c-7fff-ffff00000068","element-6066-11e4-a52e-4f735466cecf":"00000000-0000-008c-7fff-ffff00000068"}}
[debug] &amp#27;[35m[W3C (df9f32c4)]&amp#27;[39m Responding to client with driver.findElement() result: {"element-6066-11e4-a52e-4f735466cecf":"00000000-0000-008c-7fff-ffff00000068","ELEMENT":"00000000-0000-008c-7fff-ffff00000068"}
&amp#27;[35m[HTTP]&amp#27;[39m &amp#27;[37m<-- POST /wd/hub/session/df9f32c4-0030-433a-a6cf-3dfcf61c4575/element &amp#27;[39m&amp#27;[32m200&amp#27;[39m &amp#27;[90m34 ms - 137&amp#27;[39m
&amp#27;[35m[HTTP]&amp#27;[39m &amp#27;[90m&amp#27;[39m
&amp#27;[35m[HTTP]&amp#27;[39m &amp#27;[37m-->&amp#27;[39m &amp#27;[37mGET&amp#27;[39m &amp#27;[37m/wd/hub/session/df9f32c4-0030-433a-a6cf-3dfcf61c4575/element/00000000-0000-008c-7fff-ffff00000068/displayed&amp#27;[39m
&amp#27;[35m[HTTP]&amp#27;[39m &amp#27;[90m{}&amp#27;[39m
[debug] &amp#27;[35m[W3C (df9f32c4)]&amp#27;[39m Calling AppiumDriver.elementDisplayed() with args: ["00000000-0000-008c-7fff-ffff00000068","df9f32c4-0030-433a-a6cf-3dfcf61c4575"]
[debug] &amp#27;[35m[WD Proxy]&amp#27;[39m Matched '/element/00000000-0000-008c-7fff-ffff00000068/attribute/displayed' to command name 'getAttribute'
[debug] &amp#27;[35m[WD Proxy]&amp#27;[39m Proxying [GET /element/00000000-0000-008c-7fff-ffff00000068/attribute/displayed] to [GET http://127.0.0.1:8205/wd/hub/session/13aac962-8885-40a8-be47-5799470e7097/element/00000000-0000-008c-7fff-ffff00000068/attribute/displayed] with no body
[debug] &amp#27;[35m[WD Proxy]&amp#27;[39m Got response with status 200: {"sessionId":"13aac962-8885-40a8-be47-5799470e7097","value":"true"}
[debug] &amp#27;[35m[W3C (df9f32c4)]&amp#27;[39m Responding to client with driver.elementDisplayed() result: true
&amp#27;[35m[HTTP]&amp#27;[39m &amp#27;[37m<-- GET /wd/hub/session/df9f32c4-0030-433a-a6cf-3dfcf61c4575/element/00000000-0000-008c-7fff-ffff00000068/displayed &amp#27;[39m&amp#27;[32m200&amp#27;[39m &amp#27;[90m18 ms - 14&amp#27;[39m
&amp#27;[35m[HTTP]&amp#27;[39m &amp#27;[90m&amp#27;[39m
&amp#27;[35m[HTTP]&amp#27;[39m &amp#27;[37m-->&amp#27;[39m &amp#27;[37mGET&amp#27;[39m &amp#27;[37m/wd/hub/session/df9f32c4-0030-433a-a6cf-3dfcf61c4575/context&amp#27;[39m
&amp#27;[35m[HTTP]&amp#27;[39m &amp#27;[90m{}&amp#27;[39m
[debug] &amp#27;[35m[W3C (df9f32c4)]&amp#27;[39m Calling AppiumDriver.getCurrentContext() with args: ["df9f32c4-0030-433a-a6cf-3dfcf61c4575"]
[debug] &amp#27;[35m[W3C (df9f32c4)]&amp#27;[39m Responding to client with driver.getCurrentContext() result: "NATIVE_APP"
&amp#27;[35m[HTTP]&amp#27;[39m &amp#27;[37m<-- GET /wd/hub/session/df9f32c4-0030-433a-a6cf-3dfcf61c4575/context &amp#27;[39m&amp#27;[32m200&amp#27;[39m &amp#27;[90m1 ms - 22&amp#27;[39m
&amp#27;[35m[HTTP]&amp#27;[39m &amp#27;[90m&amp#27;[39m
&amp#27;[35m[HTTP]&amp#27;[39m &amp#27;[37m-->&amp#27;[39m &amp#27;[37mPOST&amp#27;[39m &amp#27;[37m/wd/hub/session/df9f32c4-0030-433a-a6cf-3dfcf61c4575/element&amp#27;[39m
&amp#27;[35m[HTTP]&amp#27;[39m &amp#27;[90m{"using":"id","value":"android:id/alertTitle"}&amp#27;[39m
[debug] &amp#27;[35m[W3C (df9f32c4)]&amp#27;[39m Calling AppiumDriver.findElement() with args: ["id","android:id/alertTitle","df9f32c4-0030-433a-a6cf-3dfcf61c4575"]
[debug] &amp#27;[35m[BaseDriver]&amp#27;[39m Valid locator strategies for this request: xpath, id, class name, accessibility id, css selector, -android uiautomator
[debug] &amp#27;[35m[BaseDriver]&amp#27;[39m Waiting up to 30000 ms for condition
[debug] &amp#27;[35m[WD Proxy]&amp#27;[39m Matched '/element' to command name 'findElement'
[debug] &amp#27;[35m[WD Proxy]&amp#27;[39m Proxying [POST /element] to [POST http://127.0.0.1:8205/wd/hub/session/13aac962-8885-40a8-be47-5799470e7097/element] with body: {"strategy":"id","selector":"android:id/alertTitle","context":"","multiple":false}
[debug] &amp#27;[35m[WD Proxy]&amp#27;[39m Got response with status 200: {"sessionId":"13aac962-8885-40a8-be47-5799470e7097","value":{"ELEMENT":"00000000-0000-008c-7fff-ffff00000068","element-6066-11e4-a52e-4f735466cecf":"00000000-0000-008c-7fff-ffff00000068"}}
[debug] &amp#27;[35m[W3C (df9f32c4)]&amp#27;[39m Responding to client with driver.findElement() result: {"element-6066-11e4-a52e-4f735466cecf":"00000000-0000-008c-7fff-ffff00000068","ELEMENT":"00000000-0000-008c-7fff-ffff00000068"}
&amp#27;[35m[HTTP]&amp#27;[39m &amp#27;[37m<-- POST /wd/hub/session/df9f32c4-0030-433a-a6cf-3dfcf61c4575/element &amp#27;[39m&amp#27;[32m200&amp#27;[39m &amp#27;[90m27 ms - 137&amp#27;[39m
&amp#27;[35m[HTTP]&amp#27;[39m &amp#27;[90m&amp#27;[39m
&amp#27;[35m[HTTP]&amp#27;[39m &amp#27;[37m-->&amp#27;[39m &amp#27;[37mGET&amp#27;[39m &amp#27;[37m/wd/hub/session/df9f32c4-0030-433a-a6cf-3dfcf61c4575/element/00000000-0000-008c-7fff-ffff00000068/text&amp#27;[39m
&amp#27;[35m[HTTP]&amp#27;[39m &amp#27;[90m{}&amp#27;[39m
&amp#27;[35m[W3C (df9f32c4)]&amp#27;[39m Driver proxy active, passing request on via HTTP proxy
[debug] &amp#27;[35m[WD Proxy]&amp#27;[39m Matched '/wd/hub/session/df9f32c4-0030-433a-a6cf-3dfcf61c4575/element/00000000-0000-008c-7fff-ffff00000068/text' to command name 'getText'
[debug] &amp#27;[35m[WD Proxy]&amp#27;[39m Proxying [GET /wd/hub/session/df9f32c4-0030-433a-a6cf-3dfcf61c4575/element/00000000-0000-008c-7fff-ffff00000068/text] to [GET http://127.0.0.1:8205/wd/hub/session/13aac962-8885-40a8-be47-5799470e7097/element/00000000-0000-008c-7fff-ffff00000068/text] with no body
[debug] &amp#27;[35m[WD Proxy]&amp#27;[39m Got response with status 200: {"sessionId":"13aac962-8885-40a8-be47-5799470e7097","value":"Signed Up!"}
&amp#27;[35m[WD Proxy]&amp#27;[39m Replacing sessionId 13aac962-8885-40a8-be47-5799470e7097 with df9f32c4-0030-433a-a6cf-3dfcf61c4575
&amp#27;[35m[HTTP]&amp#27;[39m &amp#27;[37m<-- GET /wd/hub/session/df9f32c4-0030-433a-a6cf-3dfcf61c4575/element/00000000-0000-008c-7fff-ffff00000068/text &amp#27;[39m&amp#27;[32m200&amp#27;[39m &amp#27;[90m17 ms - 73&amp#27;[39m
&amp#27;[35m[HTTP]&amp#27;[39m &amp#27;[90m&amp#27;[39m
&amp#27;[35m[HTTP]&amp#27;[39m &amp#27;[37m-->&amp#27;[39m &amp#27;[37mGET&amp#27;[39m &amp#27;[37m/wd/hub/session/df9f32c4-0030-433a-a6cf-3dfcf61c4575/context&amp#27;[39m
&amp#27;[35m[HTTP]&amp#27;[39m &amp#27;[90m{}&amp#27;[39m
[debug] &amp#27;[35m[W3C (df9f32c4)]&amp#27;[39m Calling AppiumDriver.getCurrentContext() with args: ["df9f32c4-0030-433a-a6cf-3dfcf61c4575"]
[debug] &amp#27;[35m[W3C (df9f32c4)]&amp#27;[39m Responding to client with driver.getCurrentContext() result: "NATIVE_APP"
&amp#27;[35m[HTTP]&amp#27;[39m &amp#27;[37m<-- GET /wd/hub/session/df9f32c4-0030-433a-a6cf-3dfcf61c4575/context &amp#27;[39m&amp#27;[32m200&amp#27;[39m &amp#27;[90m1 ms - 22&amp#27;[39m
&amp#27;[35m[HTTP]&amp#27;[39m &amp#27;[90m&amp#27;[39m
&amp#27;[35m[HTTP]&amp#27;[39m &amp#27;[37m-->&amp#27;[39m &amp#27;[37mPOST&amp#27;[39m &amp#27;[37m/wd/hub/session/df9f32c4-0030-433a-a6cf-3dfcf61c4575/element&amp#27;[39m
&amp#27;[35m[HTTP]&amp#27;[39m &amp#27;[90m{"using":"id","value":"android:id/message"}&amp#27;[39m
[debug] &amp#27;[35m[W3C (df9f32c4)]&amp#27;[39m Calling AppiumDriver.findElement() with args: ["id","android:id/message","df9f32c4-0030-433a-a6cf-3dfcf61c4575"]
[debug] &amp#27;[35m[BaseDriver]&amp#27;[39m Valid locator strategies for this request: xpath, id, class name, accessibility id, css selector, -android uiautomator
[debug] &amp#27;[35m[BaseDriver]&amp#27;[39m Waiting up to 30000 ms for condition
[debug] &amp#27;[35m[WD Proxy]&amp#27;[39m Matched '/element' to command name 'findElement'
[debug] &amp#27;[35m[WD Proxy]&amp#27;[39m Proxying [POST /element] to [POST http://127.0.0.1:8205/wd/hub/session/13aac962-8885-40a8-be47-5799470e7097/element] with body: {"strategy":"id","selector":"android:id/message","context":"","multiple":false}
[debug] &amp#27;[35m[WD Proxy]&amp#27;[39m Got response with status 200: {"sessionId":"13aac962-8885-40a8-be47-5799470e7097","value":{"ELEMENT":"00000000-0000-008c-7fff-ffff00000067","element-6066-11e4-a52e-4f735466cecf":"00000000-0000-008c-7fff-ffff00000067"}}
[debug] &amp#27;[35m[W3C (df9f32c4)]&amp#27;[39m Responding to client with driver.findElement() result: {"element-6066-11e4-a52e-4f735466cecf":"00000000-0000-008c-7fff-ffff00000067","ELEMENT":"00000000-0000-008c-7fff-ffff00000067"}
&amp#27;[35m[HTTP]&amp#27;[39m &amp#27;[37m<-- POST /wd/hub/session/df9f32c4-0030-433a-a6cf-3dfcf61c4575/element &amp#27;[39m&amp#27;[32m200&amp#27;[39m &amp#27;[90m42 ms - 137&amp#27;[39m
&amp#27;[35m[HTTP]&amp#27;[39m &amp#27;[90m&amp#27;[39m
&amp#27;[35m[HTTP]&amp#27;[39m &amp#27;[37m-->&amp#27;[39m &amp#27;[37mGET&amp#27;[39m &amp#27;[37m/wd/hub/session/df9f32c4-0030-433a-a6cf-3dfcf61c4575/element/00000000-0000-008c-7fff-ffff00000067/displayed&amp#27;[39m
&amp#27;[35m[HTTP]&amp#27;[39m &amp#27;[90m{}&amp#27;[39m
[debug] &amp#27;[35m[W3C (df9f32c4)]&amp#27;[39m Calling AppiumDriver.elementDisplayed() with args: ["00000000-0000-008c-7fff-ffff00000067","df9f32c4-0030-433a-a6cf-3dfcf61c4575"]
[debug] &amp#27;[35m[WD Proxy]&amp#27;[39m Matched '/element/00000000-0000-008c-7fff-ffff00000067/attribute/displayed' to command name 'getAttribute'
[debug] &amp#27;[35m[WD Proxy]&amp#27;[39m Proxying [GET /element/00000000-0000-008c-7fff-ffff00000067/attribute/displayed] to [GET http://127.0.0.1:8205/wd/hub/session/13aac962-8885-40a8-be47-5799470e7097/element/00000000-0000-008c-7fff-ffff00000067/attribute/displayed] with no body
[debug] &amp#27;[35m[WD Proxy]&amp#27;[39m Got response with status 200: {"sessionId":"13aac962-8885-40a8-be47-5799470e7097","value":"true"}
[debug] &amp#27;[35m[W3C (df9f32c4)]&amp#27;[39m Responding to client with driver.elementDisplayed() result: true
&amp#27;[35m[HTTP]&amp#27;[39m &amp#27;[37m<-- GET /wd/hub/session/df9f32c4-0030-433a-a6cf-3dfcf61c4575/element/00000000-0000-008c-7fff-ffff00000067/displayed &amp#27;[39m&amp#27;[32m200&amp#27;[39m &amp#27;[90m18 ms - 14&amp#27;[39m
&amp#27;[35m[HTTP]&amp#27;[39m &amp#27;[90m&amp#27;[39m
&amp#27;[35m[HTTP]&amp#27;[39m &amp#27;[37m-->&amp#27;[39m &amp#27;[37mGET&amp#27;[39m &amp#27;[37m/wd/hub/session/df9f32c4-0030-433a-a6cf-3dfcf61c4575/context&amp#27;[39m
&amp#27;[35m[HTTP]&amp#27;[39m &amp#27;[90m{}&amp#27;[39m
[debug] &amp#27;[35m[W3C (df9f32c4)]&amp#27;[39m Calling AppiumDriver.getCurrentContext() with args: ["df9f32c4-0030-433a-a6cf-3dfcf61c4575"]
[debug] &amp#27;[35m[W3C (df9f32c4)]&amp#27;[39m Responding to client with driver.getCurrentContext() result: "NATIVE_APP"
&amp#27;[35m[HTTP]&amp#27;[39m &amp#27;[37m<-- GET /wd/hub/session/df9f32c4-0030-433a-a6cf-3dfcf61c4575/context &amp#27;[39m&amp#27;[32m200&amp#27;[39m &amp#27;[90m1 ms - 22&amp#27;[39m
&amp#27;[35m[HTTP]&amp#27;[39m &amp#27;[90m&amp#27;[39m
&amp#27;[35m[HTTP]&amp#27;[39m &amp#27;[37m-->&amp#27;[39m &amp#27;[37mPOST&amp#27;[39m &amp#27;[37m/wd/hub/session/df9f32c4-0030-433a-a6cf-3dfcf61c4575/element&amp#27;[39m
&amp#27;[35m[HTTP]&amp#27;[39m &amp#27;[90m{"using":"id","value":"android:id/message"}&amp#27;[39m
[debug] &amp#27;[35m[W3C (df9f32c4)]&amp#27;[39m Calling AppiumDriver.findElement() with args: ["id","android:id/message","df9f32c4-0030-433a-a6cf-3dfcf61c4575"]
[debug] &amp#27;[35m[BaseDriver]&amp#27;[39m Valid locator strategies for this request: xpath, id, class name, accessibility id, css selector, -android uiautomator
[debug] &amp#27;[35m[BaseDriver]&amp#27;[39m Waiting up to 30000 ms for condition
[debug] &amp#27;[35m[WD Proxy]&amp#27;[39m Matched '/element' to command name 'findElement'
[debug] &amp#27;[35m[WD Proxy]&amp#27;[39m Proxying [POST /element] to [POST http://127.0.0.1:8205/wd/hub/session/13aac962-8885-40a8-be47-5799470e7097/element] with body: {"strategy":"id","selector":"android:id/message","context":"","multiple":false}
[debug] &amp#27;[35m[WD Proxy]&amp#27;[39m Got response with status 200: {"sessionId":"13aac962-8885-40a8-be47-5799470e7097","value":{"ELEMENT":"00000000-0000-008c-7fff-ffff00000067","element-6066-11e4-a52e-4f735466cecf":"00000000-0000-008c-7fff-ffff00000067"}}
[debug] &amp#27;[35m[W3C (df9f32c4)]&amp#27;[39m Responding to client with driver.findElement() result: {"element-6066-11e4-a52e-4f735466cecf":"00000000-0000-008c-7fff-ffff00000067","ELEMENT":"00000000-0000-008c-7fff-ffff00000067"}
&amp#27;[35m[HTTP]&amp#27;[39m &amp#27;[37m<-- POST /wd/hub/session/df9f32c4-0030-433a-a6cf-3dfcf61c4575/element &amp#27;[39m&amp#27;[32m200&amp#27;[39m &amp#27;[90m28 ms - 137&amp#27;[39m
&amp#27;[35m[HTTP]&amp#27;[39m &amp#27;[90m&amp#27;[39m
&amp#27;[35m[HTTP]&amp#27;[39m &amp#27;[37m-->&amp#27;[39m &amp#27;[37mGET&amp#27;[39m &amp#27;[37m/wd/hub/session/df9f32c4-0030-433a-a6cf-3dfcf61c4575/element/00000000-0000-008c-7fff-ffff00000067/text&amp#27;[39m
&amp#27;[35m[HTTP]&amp#27;[39m &amp#27;[90m{}&amp#27;[39m
&amp#27;[35m[W3C (df9f32c4)]&amp#27;[39m Driver proxy active, passing request on via HTTP proxy
[debug] &amp#27;[35m[WD Proxy]&amp#27;[39m Matched '/wd/hub/session/df9f32c4-0030-433a-a6cf-3dfcf61c4575/element/00000000-0000-008c-7fff-ffff00000067/text' to command name 'getText'
[debug] &amp#27;[35m[WD Proxy]&amp#27;[39m Proxying [GET /wd/hub/session/df9f32c4-0030-433a-a6cf-3dfcf61c4575/element/00000000-0000-008c-7fff-ffff00000067/text] to [GET http://127.0.0.1:8205/wd/hub/session/13aac962-8885-40a8-be47-5799470e7097/element/00000000-0000-008c-7fff-ffff00000067/text] with no body
[debug] &amp#27;[35m[WD Proxy]&amp#27;[39m Got response with status 200: {"sessionId":"13aac962-8885-40a8-be47-5799470e7097","value":"You successfully signed up!"}
&amp#27;[35m[WD Proxy]&amp#27;[39m Replacing sessionId 13aac962-8885-40a8-be47-5799470e7097 with df9f32c4-0030-433a-a6cf-3dfcf61c4575
&amp#27;[35m[HTTP]&amp#27;[39m &amp#27;[37m<-- GET /wd/hub/session/df9f32c4-0030-433a-a6cf-3dfcf61c4575/element/00000000-0000-008c-7fff-ffff00000067/text &amp#27;[39m&amp#27;[32m200&amp#27;[39m &amp#27;[90m19 ms - 90&amp#27;[39m
&amp#27;[35m[HTTP]&amp#27;[39m &amp#27;[90m&amp#27;[39m
&amp#27;[35m[HTTP]&amp#27;[39m &amp#27;[37m-->&amp#27;[39m &amp#27;[37mGET&amp#27;[39m &amp#27;[37m/wd/hub/session/df9f32c4-0030-433a-a6cf-3dfcf61c4575/context&amp#27;[39m
&amp#27;[35m[HTTP]&amp#27;[39m &amp#27;[90m{}&amp#27;[39m
[debug] &amp#27;[35m[W3C (df9f32c4)]&amp#27;[39m Calling AppiumDriver.getCurrentContext() with args: ["df9f32c4-0030-433a-a6cf-3dfcf61c4575"]
[debug] &amp#27;[35m[W3C (df9f32c4)]&amp#27;[39m Responding to client with driver.getCurrentContext() result: "NATIVE_APP"
&amp#27;[35m[HTTP]&amp#27;[39m &amp#27;[37m<-- GET /wd/hub/session/df9f32c4-0030-433a-a6cf-3dfcf61c4575/context &amp#27;[39m&amp#27;[32m200&amp#27;[39m &amp#27;[90m1 ms - 22&amp#27;[39m
&amp#27;[35m[HTTP]&amp#27;[39m &amp#27;[90m&amp#27;[39m
&amp#27;[35m[HTTP]&amp#27;[39m &amp#27;[37m-->&amp#27;[39m &amp#27;[37mPOST&amp#27;[39m &amp#27;[37m/wd/hub/session/df9f32c4-0030-433a-a6cf-3dfcf61c4575/element&amp#27;[39m
&amp#27;[35m[HTTP]&amp#27;[39m &amp#27;[90m{"using":"id","value":"android:id/button1"}&amp#27;[39m
[debug] &amp#27;[35m[W3C (df9f32c4)]&amp#27;[39m Calling AppiumDriver.findElement() with args: ["id","android:id/button1","df9f32c4-0030-433a-a6cf-3dfcf61c4575"]
[debug] &amp#27;[35m[BaseDriver]&amp#27;[39m Valid locator strategies for this request: xpath, id, class name, accessibility id, css selector, -android uiautomator
[debug] &amp#27;[35m[BaseDriver]&amp#27;[39m Waiting up to 30000 ms for condition
[debug] &amp#27;[35m[WD Proxy]&amp#27;[39m Matched '/element' to command name 'findElement'
[debug] &amp#27;[35m[WD Proxy]&amp#27;[39m Proxying [POST /element] to [POST http://127.0.0.1:8205/wd/hub/session/13aac962-8885-40a8-be47-5799470e7097/element] with body: {"strategy":"id","selector":"android:id/button1","context":"","multiple":false}
[debug] &amp#27;[35m[WD Proxy]&amp#27;[39m Got response with status 200: {"sessionId":"13aac962-8885-40a8-be47-5799470e7097","value":{"ELEMENT":"00000000-0000-008c-7fff-ffff00000073","element-6066-11e4-a52e-4f735466cecf":"00000000-0000-008c-7fff-ffff00000073"}}
[debug] &amp#27;[35m[W3C (df9f32c4)]&amp#27;[39m Responding to client with driver.findElement() result: {"element-6066-11e4-a52e-4f735466cecf":"00000000-0000-008c-7fff-ffff00000073","ELEMENT":"00000000-0000-008c-7fff-ffff00000073"}
&amp#27;[35m[HTTP]&amp#27;[39m &amp#27;[37m<-- POST /wd/hub/session/df9f32c4-0030-433a-a6cf-3dfcf61c4575/element &amp#27;[39m&amp#27;[32m200&amp#27;[39m &amp#27;[90m27 ms - 137&amp#27;[39m
&amp#27;[35m[HTTP]&amp#27;[39m &amp#27;[90m&amp#27;[39m
&amp#27;[35m[HTTP]&amp#27;[39m &amp#27;[37m-->&amp#27;[39m &amp#27;[37mGET&amp#27;[39m &amp#27;[37m/wd/hub/session/df9f32c4-0030-433a-a6cf-3dfcf61c4575/element/00000000-0000-008c-7fff-ffff00000073/displayed&amp#27;[39m
&amp#27;[35m[HTTP]&amp#27;[39m &amp#27;[90m{}&amp#27;[39m
[debug] &amp#27;[35m[W3C (df9f32c4)]&amp#27;[39m Calling AppiumDriver.elementDisplayed() with args: ["00000000-0000-008c-7fff-ffff00000073","df9f32c4-0030-433a-a6cf-3dfcf61c4575"]
[debug] &amp#27;[35m[WD Proxy]&amp#27;[39m Matched '/element/00000000-0000-008c-7fff-ffff00000073/attribute/displayed' to command name 'getAttribute'
[debug] &amp#27;[35m[WD Proxy]&amp#27;[39m Proxying [GET /element/00000000-0000-008c-7fff-ffff00000073/attribute/displayed] to [GET http://127.0.0.1:8205/wd/hub/session/13aac962-8885-40a8-be47-5799470e7097/element/00000000-0000-008c-7fff-ffff00000073/attribute/displayed] with no body
[debug] &amp#27;[35m[WD Proxy]&amp#27;[39m Got response with status 200: {"sessionId":"13aac962-8885-40a8-be47-5799470e7097","value":"true"}
[debug] &amp#27;[35m[W3C (df9f32c4)]&amp#27;[39m Responding to client with driver.elementDisplayed() result: true
&amp#27;[35m[HTTP]&amp#27;[39m &amp#27;[37m<-- GET /wd/hub/session/df9f32c4-0030-433a-a6cf-3dfcf61c4575/element/00000000-0000-008c-7fff-ffff00000073/displayed &amp#27;[39m&amp#27;[32m200&amp#27;[39m &amp#27;[90m19 ms - 14&amp#27;[39m
&amp#27;[35m[HTTP]&amp#27;[39m &amp#27;[90m&amp#27;[39m
&amp#27;[35m[HTTP]&amp#27;[39m &amp#27;[37m-->&amp#27;[39m &amp#27;[37mGET&amp#27;[39m &amp#27;[37m/wd/hub/session/df9f32c4-0030-433a-a6cf-3dfcf61c4575/context&amp#27;[39m
&amp#27;[35m[HTTP]&amp#27;[39m &amp#27;[90m{}&amp#27;[39m
[debug] &amp#27;[35m[W3C (df9f32c4)]&amp#27;[39m Calling AppiumDriver.getCurrentContext() with args: ["df9f32c4-0030-433a-a6cf-3dfcf61c4575"]
[debug] &amp#27;[35m[W3C (df9f32c4)]&amp#27;[39m Responding to client with driver.getCurrentContext() result: "NATIVE_APP"
&amp#27;[35m[HTTP]&amp#27;[39m &amp#27;[37m<-- GET /wd/hub/session/df9f32c4-0030-433a-a6cf-3dfcf61c4575/context &amp#27;[39m&amp#27;[32m200&amp#27;[39m &amp#27;[90m1 ms - 22&amp#27;[39m
&amp#27;[35m[HTTP]&amp#27;[39m &amp#27;[90m&amp#27;[39m
&amp#27;[35m[HTTP]&amp#27;[39m &amp#27;[37m-->&amp#27;[39m &amp#27;[37mPOST&amp#27;[39m &amp#27;[37m/wd/hub/session/df9f32c4-0030-433a-a6cf-3dfcf61c4575/element&amp#27;[39m
&amp#27;[35m[HTTP]&amp#27;[39m &amp#27;[90m{"using":"id","value":"android:id/button1"}&amp#27;[39m
[debug] &amp#27;[35m[W3C (df9f32c4)]&amp#27;[39m Calling AppiumDriver.findElement() with args: ["id","android:id/button1","df9f32c4-0030-433a-a6cf-3dfcf61c4575"]
[debug] &amp#27;[35m[BaseDriver]&amp#27;[39m Valid locator strategies for this request: xpath, id, class name, accessibility id, css selector, -android uiautomator
[debug] &amp#27;[35m[BaseDriver]&amp#27;[39m Waiting up to 30000 ms for condition
[debug] &amp#27;[35m[WD Proxy]&amp#27;[39m Matched '/element' to command name 'findElement'
[debug] &amp#27;[35m[WD Proxy]&amp#27;[39m Proxying [POST /element] to [POST http://127.0.0.1:8205/wd/hub/session/13aac962-8885-40a8-be47-5799470e7097/element] with body: {"strategy":"id","selector":"android:id/button1","context":"","multiple":false}
[debug] &amp#27;[35m[WD Proxy]&amp#27;[39m Got response with status 200: {"sessionId":"13aac962-8885-40a8-be47-5799470e7097","value":{"ELEMENT":"00000000-0000-008c-7fff-ffff00000073","element-6066-11e4-a52e-4f735466cecf":"00000000-0000-008c-7fff-ffff00000073"}}
[debug] &amp#27;[35m[W3C (df9f32c4)]&amp#27;[39m Responding to client with driver.findElement() result: {"element-6066-11e4-a52e-4f735466cecf":"00000000-0000-008c-7fff-ffff00000073","ELEMENT":"00000000-0000-008c-7fff-ffff00000073"}
&amp#27;[35m[HTTP]&amp#27;[39m &amp#27;[37m<-- POST /wd/hub/session/df9f32c4-0030-433a-a6cf-3dfcf61c4575/element &amp#27;[39m&amp#27;[32m200&amp#27;[39m &amp#27;[90m29 ms - 137&amp#27;[39m
&amp#27;[35m[HTTP]&amp#27;[39m &amp#27;[90m&amp#27;[39m
&amp#27;[35m[HTTP]&amp#27;[39m &amp#27;[37m-->&amp#27;[39m &amp#27;[37mPOST&amp#27;[39m &amp#27;[37m/wd/hub/session/df9f32c4-0030-433a-a6cf-3dfcf61c4575/element/00000000-0000-008c-7fff-ffff00000073/click&amp#27;[39m
&amp#27;[35m[HTTP]&amp#27;[39m &amp#27;[90m{"id":"00000000-0000-008c-7fff-ffff00000073"}&amp#27;[39m
[debug] &amp#27;[35m[W3C (df9f32c4)]&amp#27;[39m Calling AppiumDriver.click() with args: ["00000000-0000-008c-7fff-ffff00000073","df9f32c4-0030-433a-a6cf-3dfcf61c4575"]
[debug] &amp#27;[35m[WD Proxy]&amp#27;[39m Matched '/element/00000000-0000-008c-7fff-ffff00000073/click' to command name 'click'
[debug] &amp#27;[35m[WD Proxy]&amp#27;[39m Proxying [POST /element/00000000-0000-008c-7fff-ffff00000073/click] to [POST http://127.0.0.1:8205/wd/hub/session/13aac962-8885-40a8-be47-5799470e7097/element/00000000-0000-008c-7fff-ffff00000073/click] with body: {"element":"00000000-0000-008c-7fff-ffff00000073"}
[debug] &amp#27;[35m[WD Proxy]&amp#27;[39m Got response with status 200: {"sessionId":"13aac962-8885-40a8-be47-5799470e7097","value":null}
[debug] &amp#27;[35m[W3C (df9f32c4)]&amp#27;[39m Responding to client with driver.click() result: null
&amp#27;[35m[HTTP]&amp#27;[39m &amp#27;[37m<-- POST /wd/hub/session/df9f32c4-0030-433a-a6cf-3dfcf61c4575/element/00000000-0000-008c-7fff-ffff00000073/click &amp#27;[39m&amp#27;[32m200&amp#27;[39m &amp#27;[90m35 ms - 14&amp#27;[39m
&amp#27;[35m[HTTP]&amp#27;[39m &amp#27;[90m&amp#27;[39m
]]></system-out>
  </testcase>
</testsuite>