<?xml version="1.0" encoding="UTF-8"?>
<!-- Generated by org.testng.reporters.JUnitReportReporter -->
<testsuite skipped="0" hostname="TungH-RogStrix" name="TestNG.TestLoginPage.LoginTest" tests="3" failures="0" timestamp="2021-12-05T07:47:09 ICT" time="37.440" errors="0">
  <testcase name="loginWithInvalidCreds" time="22.714" classname="TestNG.TestLoginPage.LoginTest"/>
  <system-out/>
  <testcase name="loginWithInvalidCreds" time="6.785" classname="TestNG.TestLoginPage.LoginTest"/>
  <system-out/>
  <testcase name="loginWithValidCreds" time="7.941" classname="TestNG.TestLoginPage.LoginTest"/>
  <system-out/>
</testsuite> <!-- TestNG.TestLoginPage.LoginTest -->
