<?xml version="1.0" encoding="UTF-8"?>
<!-- Generated by org.testng.reporters.JUnitReportReporter -->
<testsuite skipped="0" hostname="TungH-RogStrix" name="TestNG.TestLoginPage.SignUpTest" tests="4" failures="0" timestamp="2021-12-07T03:34:13 ICT" time="40.775" errors="0">
  <testcase name="signUpWithInvalidCreds" time="8.882" classname="TestNG.TestLoginPage.SignUpTest"/>
  <system-out/>
  <testcase name="signUpWithInvalidCreds" time="11.360" classname="TestNG.TestLoginPage.SignUpTest"/>
  <system-out/>
  <testcase name="signUpWithInvalidCreds" time="10.331" classname="TestNG.TestLoginPage.SignUpTest"/>
  <system-out/>
  <testcase name="signUpWithValidCreds" time="10.202" classname="TestNG.TestLoginPage.SignUpTest"/>
  <system-out/>
</testsuite> <!-- TestNG.TestLoginPage.SignUpTest -->
