<?xml version="1.0" encoding="UTF-8"?>
<!-- Generated by org.testng.reporters.JUnitReportReporter -->
<testsuite skipped="0" hostname="TungH-RogStrix" name="TestNG.TestLoginPage.LoginTest" tests="3" failures="0" timestamp="2021-11-28T17:10:52 ICT" time="39.727" errors="0">
  <testcase name="loginWithInvalidEmail" time="12.270" classname="TestNG.TestLoginPage.LoginTest"/>
  <system-out/>
  <testcase name="loginWithInvalidPassword" time="12.723" classname="TestNG.TestLoginPage.LoginTest"/>
  <system-out/>
  <testcase name="loginWithValidCreds" time="14.734" classname="TestNG.TestLoginPage.LoginTest"/>
  <system-out/>
</testsuite> <!-- TestNG.TestLoginPage.LoginTest -->
