<?xml version="1.0" encoding="UTF-8"?>
<!-- Generated by org.testng.reporters.JUnitReportReporter -->
<testsuite skipped="0" hostname="TungH-RogStrix" name="TestNG.TestLoginPage.LoginTest" tests="4" failures="0" timestamp="2021-12-07T03:34:13 ICT" time="45.063" errors="0">
  <testcase name="loginWithInvalidCreds" time="7.443" classname="TestNG.TestLoginPage.LoginTest"/>
  <system-out/>
  <testcase name="loginWithInvalidCreds" time="22.795" classname="TestNG.TestLoginPage.LoginTest"/>
  <system-out/>
  <testcase name="loginWithInvalidCreds" time="6.748" classname="TestNG.TestLoginPage.LoginTest"/>
  <system-out/>
  <testcase name="loginWithValidCreds" time="8.077" classname="TestNG.TestLoginPage.LoginTest"/>
  <system-out/>
</testsuite> <!-- TestNG.TestLoginPage.LoginTest -->
