<?xml version="1.0" encoding="UTF-8"?>
<!-- Generated by org.testng.reporters.JUnitReportReporter -->
<testsuite skipped="0" hostname="TungH-RogStrix" name="TestNG.TestLoginPage.LoginTest" tests="1" failures="0" timestamp="2021-12-07T03:27:28 ICT" time="26.626" errors="0">
  <testcase name="loginWithValidCreds" time="26.626" classname="TestNG.TestLoginPage.LoginTest"/>
  <system-out/>
</testsuite> <!-- TestNG.TestLoginPage.LoginTest -->
