<?xml version="1.0" encoding="UTF-8"?>
<!-- Generated by org.testng.reporters.JUnitReportReporter -->
<testsuite skipped="0" hostname="TungH-RogStrix" name="TestNG.TestLoginPage.SignUpTest" tests="3" failures="0" timestamp="2021-11-28T17:10:52 ICT" time="48.600" errors="0">
  <testcase name="signUpWithInvalidPassword" time="16.082" classname="TestNG.TestLoginPage.SignUpTest"/>
  <system-out/>
  <testcase name="signUpWithInvalidEmail" time="15.179" classname="TestNG.TestLoginPage.SignUpTest"/>
  <system-out/>
  <testcase name="signUpWithValidCreds" time="17.339" classname="TestNG.TestLoginPage.SignUpTest"/>
  <system-out/>
</testsuite> <!-- TestNG.TestLoginPage.SignUpTest -->
